2019-07-19T14:53:17.438835+00:00,Hacktool - EDR-Freeze Execution;UAC Bypass Using NTFS Reparse Point - Process,data/EVTX-ATTACK-SAMPLES/AutomatedTestingTools/PanacheSysmon_vs_AtomicRedTeam01.evtx,1,Microsoft-Windows-Sysmon,1,3979,MSEDGEWIN10,"Image: C:\Windows\System32\PING.EXE
RuleName: ''
Description: TCP/IP Ping Command
TerminalSessionId: 1
ParentCommandLine: '""C:\Windows\system32\cmd.exe"" /c ""for /l %i in (1,1,254) do ping -n 1 -w 100 192.168.1.%i""'
Product: Microsoft® Windows® Operating System
Company: Microsoft Corporation
ParentProcessId: 4528
LogonGuid: 747F3D96-D4B4-5D31-0000-002051090500
Hashes: SHA1=8757646428A176F76E6F38458A25902A8FEBA9C0,MD5=56633150D77AE242D07727B0564430BB,SHA256=741AD992403C78A8A7DBD97C74FDA06594A247E9E2FA05A40BB6945403A90056,IMPHASH=8C3BE1286CDAD6AC1136D0BB6C83FF41
ParentProcessGuid: 747F3D96-D8F6-5D31-0000-001091D13300
ProcessId: 5828
CurrentDirectory: C:\AtomicRedTeam\
ProcessGuid: 747F3D96-D95D-5D31-0000-0010C8013700
CommandLine: ping  -n 1 -w 100 192.168.1.206
FileVersion: 10.0.17763.1 (WinBuild.160101.0800)
User: MSEDGEWIN10\IEUser
LogonId: '0x50951'
IntegrityLevel: High
ParentImage: C:\Windows\System32\cmd.exe
UtcTime: 2019-07-19 14:53:17.430
"
2019-07-19T14:53:18.043759+00:00,Hacktool - EDR-Freeze Execution;UAC Bypass Using NTFS Reparse Point - Process,data/EVTX-ATTACK-SAMPLES/AutomatedTestingTools/PanacheSysmon_vs_AtomicRedTeam01.evtx,1,Microsoft-Windows-Sysmon,1,3980,MSEDGEWIN10,"Image: C:\Windows\System32\PING.EXE
RuleName: ''
Description: TCP/IP Ping Command
TerminalSessionId: 1
ParentCommandLine: '""C:\Windows\system32\cmd.exe"" /c ""for /l %i in (1,1,254) do ping -n 1 -w 100 192.168.1.%i""'
Product: Microsoft® Windows® Operating System
Company: Microsoft Corporation
ParentProcessId: 4528
LogonGuid: 747F3D96-D4B4-5D31-0000-002051090500
Hashes: SHA1=8757646428A176F76E6F38458A25902A8FEBA9C0,MD5=56633150D77AE242D07727B0564430BB,SHA256=741AD992403C78A8A7DBD97C74FDA06594A247E9E2FA05A40BB6945403A90056,IMPHASH=8C3BE1286CDAD6AC1136D0BB6C83FF41
ParentProcessGuid: 747F3D96-D8F6-5D31-0000-001091D13300
ProcessId: 3436
CurrentDirectory: C:\AtomicRedTeam\
ProcessGuid: 747F3D96-D95E-5D31-0000-0010B5043700
CommandLine: ping  -n 1 -w 100 192.168.1.207
FileVersion: 10.0.17763.1 (WinBuild.160101.0800)
User: MSEDGEWIN10\IEUser
LogonId: '0x50951'
IntegrityLevel: High
ParentImage: C:\Windows\System32\cmd.exe
UtcTime: 2019-07-19 14:53:18.039
"
2019-07-19T14:53:18.544507+00:00,Hacktool - EDR-Freeze Execution;UAC Bypass Using NTFS Reparse Point - Process,data/EVTX-ATTACK-SAMPLES/AutomatedTestingTools/PanacheSysmon_vs_AtomicRedTeam01.evtx,1,Microsoft-Windows-Sysmon,1,3981,MSEDGEWIN10,"Image: C:\Windows\System32\PING.EXE
RuleName: ''
Description: TCP/IP Ping Command
TerminalSessionId: 1
ParentCommandLine: '""C:\Windows\system32\cmd.exe"" /c ""for /l %i in (1,1,254) do ping -n 1 -w 100 192.168.1.%i""'
Product: Microsoft® Windows® Operating System
Company: Microsoft Corporation
ParentProcessId: 4528
LogonGuid: 747F3D96-D4B4-5D31-0000-002051090500
Hashes: SHA1=8757646428A176F76E6F38458A25902A8FEBA9C0,MD5=56633150D77AE242D07727B0564430BB,SHA256=741AD992403C78A8A7DBD97C74FDA06594A247E9E2FA05A40BB6945403A90056,IMPHASH=8C3BE1286CDAD6AC1136D0BB6C83FF41
ParentProcessGuid: 747F3D96-D8F6-5D31-0000-001091D13300
ProcessId: 6296
CurrentDirectory: C:\AtomicRedTeam\
ProcessGuid: 747F3D96-D95E-5D31-0000-0010A1073700
CommandLine: ping  -n 1 -w 100 192.168.1.208
FileVersion: 10.0.17763.1 (WinBuild.160101.0800)
User: MSEDGEWIN10\IEUser
LogonId: '0x50951'
IntegrityLevel: High
ParentImage: C:\Windows\System32\cmd.exe
UtcTime: 2019-07-19 14:53:18.538
"
2019-07-19T14:53:19.012391+00:00,Hacktool - EDR-Freeze Execution;UAC Bypass Using NTFS Reparse Point - Process,data/EVTX-ATTACK-SAMPLES/AutomatedTestingTools/PanacheSysmon_vs_AtomicRedTeam01.evtx,1,Microsoft-Windows-Sysmon,1,3982,MSEDGEWIN10,"Image: C:\Windows\System32\PING.EXE
RuleName: ''
Description: TCP/IP Ping Command
TerminalSessionId: 1
ParentCommandLine: '""C:\Windows\system32\cmd.exe"" /c ""for /l %i in (1,1,254) do ping -n 1 -w 100 192.168.1.%i""'
Product: Microsoft® Windows® Operating System
Company: Microsoft Corporation
ParentProcessId: 4528
LogonGuid: 747F3D96-D4B4-5D31-0000-002051090500
Hashes: SHA1=8757646428A176F76E6F38458A25902A8FEBA9C0,MD5=56633150D77AE242D07727B0564430BB,SHA256=741AD992403C78A8A7DBD97C74FDA06594A247E9E2FA05A40BB6945403A90056,IMPHASH=8C3BE1286CDAD6AC1136D0BB6C83FF41
ParentProcessGuid: 747F3D96-D8F6-5D31-0000-001091D13300
ProcessId: 4660
CurrentDirectory: C:\AtomicRedTeam\
ProcessGuid: 747F3D96-D95F-5D31-0000-0010930A3700
CommandLine: ping  -n 1 -w 100 192.168.1.209
FileVersion: 10.0.17763.1 (WinBuild.160101.0800)
User: MSEDGEWIN10\IEUser
LogonId: '0x50951'
IntegrityLevel: High
ParentImage: C:\Windows\System32\cmd.exe
UtcTime: 2019-07-19 14:53:19.005
"
2019-07-19T14:53:19.546167+00:00,Hacktool - EDR-Freeze Execution;UAC Bypass Using NTFS Reparse Point - Process,data/EVTX-ATTACK-SAMPLES/AutomatedTestingTools/PanacheSysmon_vs_AtomicRedTeam01.evtx,1,Microsoft-Windows-Sysmon,1,3983,MSEDGEWIN10,"Image: C:\Windows\System32\PING.EXE
RuleName: ''
Description: TCP/IP Ping Command
TerminalSessionId: 1
ParentCommandLine: '""C:\Windows\system32\cmd.exe"" /c ""for /l %i in (1,1,254) do ping -n 1 -w 100 192.168.1.%i""'
Product: Microsoft® Windows® Operating System
Company: Microsoft Corporation
ParentProcessId: 4528
LogonGuid: 747F3D96-D4B4-5D31-0000-002051090500
Hashes: SHA1=8757646428A176F76E6F38458A25902A8FEBA9C0,MD5=56633150D77AE242D07727B0564430BB,SHA256=741AD992403C78A8A7DBD97C74FDA06594A247E9E2FA05A40BB6945403A90056,IMPHASH=8C3BE1286CDAD6AC1136D0BB6C83FF41
ParentProcessGuid: 747F3D96-D8F6-5D31-0000-001091D13300
ProcessId: 6184
CurrentDirectory: C:\AtomicRedTeam\
ProcessGuid: 747F3D96-D95F-5D31-0000-00107F0D3700
CommandLine: ping  -n 1 -w 100 192.168.1.210
FileVersion: 10.0.17763.1 (WinBuild.160101.0800)
User: MSEDGEWIN10\IEUser
LogonId: '0x50951'
IntegrityLevel: High
ParentImage: C:\Windows\System32\cmd.exe
UtcTime: 2019-07-19 14:53:19.540
"
2019-07-19T14:53:20.009002+00:00,Hacktool - EDR-Freeze Execution;UAC Bypass Using NTFS Reparse Point - Process,data/EVTX-ATTACK-SAMPLES/AutomatedTestingTools/PanacheSysmon_vs_AtomicRedTeam01.evtx,1,Microsoft-Windows-Sysmon,1,3984,MSEDGEWIN10,"Image: C:\Windows\System32\PING.EXE
RuleName: ''
Description: TCP/IP Ping Command
TerminalSessionId: 1
ParentCommandLine: '""C:\Windows\system32\cmd.exe"" /c ""for /l %i in (1,1,254) do ping -n 1 -w 100 192.168.1.%i""'
Product: Microsoft® Windows® Operating System
Company: Microsoft Corporation
ParentProcessId: 4528
LogonGuid: 747F3D96-D4B4-5D31-0000-002051090500
Hashes: SHA1=8757646428A176F76E6F38458A25902A8FEBA9C0,MD5=56633150D77AE242D07727B0564430BB,SHA256=741AD992403C78A8A7DBD97C74FDA06594A247E9E2FA05A40BB6945403A90056,IMPHASH=8C3BE1286CDAD6AC1136D0BB6C83FF41
ParentProcessGuid: 747F3D96-D8F6-5D31-0000-001091D13300
ProcessId: 3932
CurrentDirectory: C:\AtomicRedTeam\
ProcessGuid: 747F3D96-D960-5D31-0000-00106B103700
CommandLine: ping  -n 1 -w 100 192.168.1.211
FileVersion: 10.0.17763.1 (WinBuild.160101.0800)
User: MSEDGEWIN10\IEUser
LogonId: '0x50951'
IntegrityLevel: High
ParentImage: C:\Windows\System32\cmd.exe
UtcTime: 2019-07-19 14:53:20.004
"
2019-07-19T14:53:20.571708+00:00,Hacktool - EDR-Freeze Execution;UAC Bypass Using NTFS Reparse Point - Process,data/EVTX-ATTACK-SAMPLES/AutomatedTestingTools/PanacheSysmon_vs_AtomicRedTeam01.evtx,1,Microsoft-Windows-Sysmon,1,3985,MSEDGEWIN10,"Image: C:\Windows\System32\PING.EXE
RuleName: ''
Description: TCP/IP Ping Command
TerminalSessionId: 1
ParentCommandLine: '""C:\Windows\system32\cmd.exe"" /c ""for /l %i in (1,1,254) do ping -n 1 -w 100 192.168.1.%i""'
Product: Microsoft® Windows® Operating System
Company: Microsoft Corporation
ParentProcessId: 4528
LogonGuid: 747F3D96-D4B4-5D31-0000-002051090500
Hashes: SHA1=8757646428A176F76E6F38458A25902A8FEBA9C0,MD5=56633150D77AE242D07727B0564430BB,SHA256=741AD992403C78A8A7DBD97C74FDA06594A247E9E2FA05A40BB6945403A90056,IMPHASH=8C3BE1286CDAD6AC1136D0BB6C83FF41
ParentProcessGuid: 747F3D96-D8F6-5D31-0000-001091D13300
ProcessId: 980
CurrentDirectory: C:\AtomicRedTeam\
ProcessGuid: 747F3D96-D960-5D31-0000-001057133700
CommandLine: ping  -n 1 -w 100 192.168.1.212
FileVersion: 10.0.17763.1 (WinBuild.160101.0800)
User: MSEDGEWIN10\IEUser
LogonId: '0x50951'
IntegrityLevel: High
ParentImage: C:\Windows\System32\cmd.exe
UtcTime: 2019-07-19 14:53:20.566
"
2019-07-19T14:53:21.020943+00:00,Hacktool - EDR-Freeze Execution;UAC Bypass Using NTFS Reparse Point - Process,data/EVTX-ATTACK-SAMPLES/AutomatedTestingTools/PanacheSysmon_vs_AtomicRedTeam01.evtx,1,Microsoft-Windows-Sysmon,1,3986,MSEDGEWIN10,"Image: C:\Windows\System32\PING.EXE
RuleName: ''
Description: TCP/IP Ping Command
TerminalSessionId: 1
ParentCommandLine: '""C:\Windows\system32\cmd.exe"" /c ""for /l %i in (1,1,254) do ping -n 1 -w 100 192.168.1.%i""'
Product: Microsoft® Windows® Operating System
Company: Microsoft Corporation
ParentProcessId: 4528
LogonGuid: 747F3D96-D4B4-5D31-0000-002051090500
Hashes: SHA1=8757646428A176F76E6F38458A25902A8FEBA9C0,MD5=56633150D77AE242D07727B0564430BB,SHA256=741AD992403C78A8A7DBD97C74FDA06594A247E9E2FA05A40BB6945403A90056,IMPHASH=8C3BE1286CDAD6AC1136D0BB6C83FF41
ParentProcessGuid: 747F3D96-D8F6-5D31-0000-001091D13300
ProcessId: 4944
CurrentDirectory: C:\AtomicRedTeam\
ProcessGuid: 747F3D96-D961-5D31-0000-0010891F3700
CommandLine: ping  -n 1 -w 100 192.168.1.213
FileVersion: 10.0.17763.1 (WinBuild.160101.0800)
User: MSEDGEWIN10\IEUser
LogonId: '0x50951'
IntegrityLevel: High
ParentImage: C:\Windows\System32\cmd.exe
UtcTime: 2019-07-19 14:53:21.016
"
2019-07-19T14:53:21.520858+00:00,Hacktool - EDR-Freeze Execution;UAC Bypass Using NTFS Reparse Point - Process,data/EVTX-ATTACK-SAMPLES/AutomatedTestingTools/PanacheSysmon_vs_AtomicRedTeam01.evtx,1,Microsoft-Windows-Sysmon,1,3987,MSEDGEWIN10,"Image: C:\Windows\System32\PING.EXE
RuleName: ''
Description: TCP/IP Ping Command
TerminalSessionId: 1
ParentCommandLine: '""C:\Windows\system32\cmd.exe"" /c ""for /l %i in (1,1,254) do ping -n 1 -w 100 192.168.1.%i""'
Product: Microsoft® Windows® Operating System
Company: Microsoft Corporation
ParentProcessId: 4528
LogonGuid: 747F3D96-D4B4-5D31-0000-002051090500
Hashes: SHA1=8757646428A176F76E6F38458A25902A8FEBA9C0,MD5=56633150D77AE242D07727B0564430BB,SHA256=741AD992403C78A8A7DBD97C74FDA06594A247E9E2FA05A40BB6945403A90056,IMPHASH=8C3BE1286CDAD6AC1136D0BB6C83FF41
ParentProcessGuid: 747F3D96-D8F6-5D31-0000-001091D13300
ProcessId: 2892
CurrentDirectory: C:\AtomicRedTeam\
ProcessGuid: 747F3D96-D961-5D31-0000-001075223700
CommandLine: ping  -n 1 -w 100 192.168.1.214
FileVersion: 10.0.17763.1 (WinBuild.160101.0800)
User: MSEDGEWIN10\IEUser
LogonId: '0x50951'
IntegrityLevel: High
ParentImage: C:\Windows\System32\cmd.exe
UtcTime: 2019-07-19 14:53:21.513
"
2019-07-19T14:53:22.035442+00:00,Hacktool - EDR-Freeze Execution;UAC Bypass Using NTFS Reparse Point - Process,data/EVTX-ATTACK-SAMPLES/AutomatedTestingTools/PanacheSysmon_vs_AtomicRedTeam01.evtx,1,Microsoft-Windows-Sysmon,1,3988,MSEDGEWIN10,"Image: C:\Windows\System32\PING.EXE
RuleName: ''
Description: TCP/IP Ping Command
TerminalSessionId: 1
ParentCommandLine: '""C:\Windows\system32\cmd.exe"" /c ""for /l %i in (1,1,254) do ping -n 1 -w 100 192.168.1.%i""'
Product: Microsoft® Windows® Operating System
Company: Microsoft Corporation
ParentProcessId: 4528
LogonGuid: 747F3D96-D4B4-5D31-0000-002051090500
Hashes: SHA1=8757646428A176F76E6F38458A25902A8FEBA9C0,MD5=56633150D77AE242D07727B0564430BB,SHA256=741AD992403C78A8A7DBD97C74FDA06594A247E9E2FA05A40BB6945403A90056,IMPHASH=8C3BE1286CDAD6AC1136D0BB6C83FF41
ParentProcessGuid: 747F3D96-D8F6-5D31-0000-001091D13300
ProcessId: 7164
CurrentDirectory: C:\AtomicRedTeam\
ProcessGuid: 747F3D96-D962-5D31-0000-001061253700
CommandLine: ping  -n 1 -w 100 192.168.1.215
FileVersion: 10.0.17763.1 (WinBuild.160101.0800)
User: MSEDGEWIN10\IEUser
LogonId: '0x50951'
IntegrityLevel: High
ParentImage: C:\Windows\System32\cmd.exe
UtcTime: 2019-07-19 14:53:22.031
"
2019-07-19T14:53:22.520782+00:00,Hacktool - EDR-Freeze Execution;UAC Bypass Using NTFS Reparse Point - Process,data/EVTX-ATTACK-SAMPLES/AutomatedTestingTools/PanacheSysmon_vs_AtomicRedTeam01.evtx,1,Microsoft-Windows-Sysmon,1,3989,MSEDGEWIN10,"Image: C:\Windows\System32\PING.EXE
RuleName: ''
Description: TCP/IP Ping Command
TerminalSessionId: 1
ParentCommandLine: '""C:\Windows\system32\cmd.exe"" /c ""for /l %i in (1,1,254) do ping -n 1 -w 100 192.168.1.%i""'
Product: Microsoft® Windows® Operating System
Company: Microsoft Corporation
ParentProcessId: 4528
LogonGuid: 747F3D96-D4B4-5D31-0000-002051090500
Hashes: SHA1=8757646428A176F76E6F38458A25902A8FEBA9C0,MD5=56633150D77AE242D07727B0564430BB,SHA256=741AD992403C78A8A7DBD97C74FDA06594A247E9E2FA05A40BB6945403A90056,IMPHASH=8C3BE1286CDAD6AC1136D0BB6C83FF41
ParentProcessGuid: 747F3D96-D8F6-5D31-0000-001091D13300
ProcessId: 5124
CurrentDirectory: C:\AtomicRedTeam\
ProcessGuid: 747F3D96-D962-5D31-0000-0010292E3700
CommandLine: ping  -n 1 -w 100 192.168.1.216
FileVersion: 10.0.17763.1 (WinBuild.160101.0800)
User: MSEDGEWIN10\IEUser
LogonId: '0x50951'
IntegrityLevel: High
ParentImage: C:\Windows\System32\cmd.exe
UtcTime: 2019-07-19 14:53:22.515
"
2019-07-19T14:53:23.011338+00:00,Hacktool - EDR-Freeze Execution;UAC Bypass Using NTFS Reparse Point - Process,data/EVTX-ATTACK-SAMPLES/AutomatedTestingTools/PanacheSysmon_vs_AtomicRedTeam01.evtx,1,Microsoft-Windows-Sysmon,1,3990,MSEDGEWIN10,"Image: C:\Windows\System32\PING.EXE
RuleName: ''
Description: TCP/IP Ping Command
TerminalSessionId: 1
ParentCommandLine: '""C:\Windows\system32\cmd.exe"" /c ""for /l %i in (1,1,254) do ping -n 1 -w 100 192.168.1.%i""'
Product: Microsoft® Windows® Operating System
Company: Microsoft Corporation
ParentProcessId: 4528
LogonGuid: 747F3D96-D4B4-5D31-0000-002051090500
Hashes: SHA1=8757646428A176F76E6F38458A25902A8FEBA9C0,MD5=56633150D77AE242D07727B0564430BB,SHA256=741AD992403C78A8A7DBD97C74FDA06594A247E9E2FA05A40BB6945403A90056,IMPHASH=8C3BE1286CDAD6AC1136D0BB6C83FF41
ParentProcessGuid: 747F3D96-D8F6-5D31-0000-001091D13300
ProcessId: 1996
CurrentDirectory: C:\AtomicRedTeam\
ProcessGuid: 747F3D96-D963-5D31-0000-001016313700
CommandLine: ping  -n 1 -w 100 192.168.1.217
FileVersion: 10.0.17763.1 (WinBuild.160101.0800)
User: MSEDGEWIN10\IEUser
LogonId: '0x50951'
IntegrityLevel: High
ParentImage: C:\Windows\System32\cmd.exe
UtcTime: 2019-07-19 14:53:23.005
"
2019-07-19T14:53:23.546013+00:00,Hacktool - EDR-Freeze Execution;UAC Bypass Using NTFS Reparse Point - Process,data/EVTX-ATTACK-SAMPLES/AutomatedTestingTools/PanacheSysmon_vs_AtomicRedTeam01.evtx,1,Microsoft-Windows-Sysmon,1,3991,MSEDGEWIN10,"Image: C:\Windows\System32\PING.EXE
RuleName: ''
Description: TCP/IP Ping Command
TerminalSessionId: 1
ParentCommandLine: '""C:\Windows\system32\cmd.exe"" /c ""for /l %i in (1,1,254) do ping -n 1 -w 100 192.168.1.%i""'
Product: Microsoft® Windows® Operating System
Company: Microsoft Corporation
ParentProcessId: 4528
LogonGuid: 747F3D96-D4B4-5D31-0000-002051090500
Hashes: SHA1=8757646428A176F76E6F38458A25902A8FEBA9C0,MD5=56633150D77AE242D07727B0564430BB,SHA256=741AD992403C78A8A7DBD97C74FDA06594A247E9E2FA05A40BB6945403A90056,IMPHASH=8C3BE1286CDAD6AC1136D0BB6C83FF41
ParentProcessGuid: 747F3D96-D8F6-5D31-0000-001091D13300
ProcessId: 2884
CurrentDirectory: C:\AtomicRedTeam\
ProcessGuid: 747F3D96-D963-5D31-0000-001002343700
CommandLine: ping  -n 1 -w 100 192.168.1.218
FileVersion: 10.0.17763.1 (WinBuild.160101.0800)
User: MSEDGEWIN10\IEUser
LogonId: '0x50951'
IntegrityLevel: High
ParentImage: C:\Windows\System32\cmd.exe
UtcTime: 2019-07-19 14:53:23.540
"
2019-07-19T14:53:23.993414+00:00,Hacktool - EDR-Freeze Execution;UAC Bypass Using NTFS Reparse Point - Process,data/EVTX-ATTACK-SAMPLES/AutomatedTestingTools/PanacheSysmon_vs_AtomicRedTeam01.evtx,1,Microsoft-Windows-Sysmon,1,3992,MSEDGEWIN10,"Image: C:\Windows\System32\PING.EXE
RuleName: ''
Description: TCP/IP Ping Command
TerminalSessionId: 1
ParentCommandLine: '""C:\Windows\system32\cmd.exe"" /c ""for /l %i in (1,1,254) do ping -n 1 -w 100 192.168.1.%i""'
Product: Microsoft® Windows® Operating System
Company: Microsoft Corporation
ParentProcessId: 4528
LogonGuid: 747F3D96-D4B4-5D31-0000-002051090500
Hashes: SHA1=8757646428A176F76E6F38458A25902A8FEBA9C0,MD5=56633150D77AE242D07727B0564430BB,SHA256=741AD992403C78A8A7DBD97C74FDA06594A247E9E2FA05A40BB6945403A90056,IMPHASH=8C3BE1286CDAD6AC1136D0BB6C83FF41
ParentProcessGuid: 747F3D96-D8F6-5D31-0000-001091D13300
ProcessId: 3896
CurrentDirectory: C:\AtomicRedTeam\
ProcessGuid: 747F3D96-D963-5D31-0000-0010EF363700
CommandLine: ping  -n 1 -w 100 192.168.1.219
FileVersion: 10.0.17763.1 (WinBuild.160101.0800)
User: MSEDGEWIN10\IEUser
LogonId: '0x50951'
IntegrityLevel: High
ParentImage: C:\Windows\System32\cmd.exe
UtcTime: 2019-07-19 14:53:23.988
"
2019-07-19T14:53:24.504866+00:00,Hacktool - EDR-Freeze Execution;UAC Bypass Using NTFS Reparse Point - Process,data/EVTX-ATTACK-SAMPLES/AutomatedTestingTools/PanacheSysmon_vs_AtomicRedTeam01.evtx,1,Microsoft-Windows-Sysmon,1,3993,MSEDGEWIN10,"Image: C:\Windows\System32\PING.EXE
RuleName: ''
Description: TCP/IP Ping Command
TerminalSessionId: 1
ParentCommandLine: '""C:\Windows\system32\cmd.exe"" /c ""for /l %i in (1,1,254) do ping -n 1 -w 100 192.168.1.%i""'
Product: Microsoft® Windows® Operating System
Company: Microsoft Corporation
ParentProcessId: 4528
LogonGuid: 747F3D96-D4B4-5D31-0000-002051090500
Hashes: SHA1=8757646428A176F76E6F38458A25902A8FEBA9C0,MD5=56633150D77AE242D07727B0564430BB,SHA256=741AD992403C78A8A7DBD97C74FDA06594A247E9E2FA05A40BB6945403A90056,IMPHASH=8C3BE1286CDAD6AC1136D0BB6C83FF41
ParentProcessGuid: 747F3D96-D8F6-5D31-0000-001091D13300
ProcessId: 6856
CurrentDirectory: C:\AtomicRedTeam\
ProcessGuid: 747F3D96-D964-5D31-0000-0010DB393700
CommandLine: ping  -n 1 -w 100 192.168.1.220
FileVersion: 10.0.17763.1 (WinBuild.160101.0800)
User: MSEDGEWIN10\IEUser
LogonId: '0x50951'
IntegrityLevel: High
ParentImage: C:\Windows\System32\cmd.exe
UtcTime: 2019-07-19 14:53:24.500
"
2019-07-19T14:53:25.008134+00:00,Hacktool - EDR-Freeze Execution;UAC Bypass Using NTFS Reparse Point - Process,data/EVTX-ATTACK-SAMPLES/AutomatedTestingTools/PanacheSysmon_vs_AtomicRedTeam01.evtx,1,Microsoft-Windows-Sysmon,1,3994,MSEDGEWIN10,"Image: C:\Windows\System32\PING.EXE
RuleName: ''
Description: TCP/IP Ping Command
TerminalSessionId: 1
ParentCommandLine: '""C:\Windows\system32\cmd.exe"" /c ""for /l %i in (1,1,254) do ping -n 1 -w 100 192.168.1.%i""'
Product: Microsoft® Windows® Operating System
Company: Microsoft Corporation
ParentProcessId: 4528
LogonGuid: 747F3D96-D4B4-5D31-0000-002051090500
Hashes: SHA1=8757646428A176F76E6F38458A25902A8FEBA9C0,MD5=56633150D77AE242D07727B0564430BB,SHA256=741AD992403C78A8A7DBD97C74FDA06594A247E9E2FA05A40BB6945403A90056,IMPHASH=8C3BE1286CDAD6AC1136D0BB6C83FF41
ParentProcessGuid: 747F3D96-D8F6-5D31-0000-001091D13300
ProcessId: 4932
CurrentDirectory: C:\AtomicRedTeam\
ProcessGuid: 747F3D96-D965-5D31-0000-0010C73C3700
CommandLine: ping  -n 1 -w 100 192.168.1.221
FileVersion: 10.0.17763.1 (WinBuild.160101.0800)
User: MSEDGEWIN10\IEUser
LogonId: '0x50951'
IntegrityLevel: High
ParentImage: C:\Windows\System32\cmd.exe
UtcTime: 2019-07-19 14:53:25.002
"
2019-07-19T14:53:25.544561+00:00,Hacktool - EDR-Freeze Execution;UAC Bypass Using NTFS Reparse Point - Process,data/EVTX-ATTACK-SAMPLES/AutomatedTestingTools/PanacheSysmon_vs_AtomicRedTeam01.evtx,1,Microsoft-Windows-Sysmon,1,3995,MSEDGEWIN10,"Image: C:\Windows\System32\PING.EXE
RuleName: ''
Description: TCP/IP Ping Command
TerminalSessionId: 1
ParentCommandLine: '""C:\Windows\system32\cmd.exe"" /c ""for /l %i in (1,1,254) do ping -n 1 -w 100 192.168.1.%i""'
Product: Microsoft® Windows® Operating System
Company: Microsoft Corporation
ParentProcessId: 4528
LogonGuid: 747F3D96-D4B4-5D31-0000-002051090500
Hashes: SHA1=8757646428A176F76E6F38458A25902A8FEBA9C0,MD5=56633150D77AE242D07727B0564430BB,SHA256=741AD992403C78A8A7DBD97C74FDA06594A247E9E2FA05A40BB6945403A90056,IMPHASH=8C3BE1286CDAD6AC1136D0BB6C83FF41
ParentProcessGuid: 747F3D96-D8F6-5D31-0000-001091D13300
ProcessId: 1220
CurrentDirectory: C:\AtomicRedTeam\
ProcessGuid: 747F3D96-D965-5D31-0000-0010B53F3700
CommandLine: ping  -n 1 -w 100 192.168.1.222
FileVersion: 10.0.17763.1 (WinBuild.160101.0800)
User: MSEDGEWIN10\IEUser
LogonId: '0x50951'
IntegrityLevel: High
ParentImage: C:\Windows\System32\cmd.exe
UtcTime: 2019-07-19 14:53:25.539
"
2019-07-19T14:53:26.004364+00:00,Hacktool - EDR-Freeze Execution;UAC Bypass Using NTFS Reparse Point - Process,data/EVTX-ATTACK-SAMPLES/AutomatedTestingTools/PanacheSysmon_vs_AtomicRedTeam01.evtx,1,Microsoft-Windows-Sysmon,1,3996,MSEDGEWIN10,"Image: C:\Windows\System32\PING.EXE
RuleName: ''
Description: TCP/IP Ping Command
TerminalSessionId: 1
ParentCommandLine: '""C:\Windows\system32\cmd.exe"" /c ""for /l %i in (1,1,254) do ping -n 1 -w 100 192.168.1.%i""'
Product: Microsoft® Windows® Operating System
Company: Microsoft Corporation
ParentProcessId: 4528
LogonGuid: 747F3D96-D4B4-5D31-0000-002051090500
Hashes: SHA1=8757646428A176F76E6F38458A25902A8FEBA9C0,MD5=56633150D77AE242D07727B0564430BB,SHA256=741AD992403C78A8A7DBD97C74FDA06594A247E9E2FA05A40BB6945403A90056,IMPHASH=8C3BE1286CDAD6AC1136D0BB6C83FF41
ParentProcessGuid: 747F3D96-D8F6-5D31-0000-001091D13300
ProcessId: 5792
CurrentDirectory: C:\AtomicRedTeam\
ProcessGuid: 747F3D96-D965-5D31-0000-0010A1423700
CommandLine: ping  -n 1 -w 100 192.168.1.223
FileVersion: 10.0.17763.1 (WinBuild.160101.0800)
User: MSEDGEWIN10\IEUser
LogonId: '0x50951'
IntegrityLevel: High
ParentImage: C:\Windows\System32\cmd.exe
UtcTime: 2019-07-19 14:53:25.999
"
2019-07-19T14:53:26.430802+00:00,Hacktool - EDR-Freeze Execution;UAC Bypass Using NTFS Reparse Point - Process,data/EVTX-ATTACK-SAMPLES/AutomatedTestingTools/PanacheSysmon_vs_AtomicRedTeam01.evtx,1,Microsoft-Windows-Sysmon,1,3997,MSEDGEWIN10,"Image: C:\Windows\System32\PING.EXE
RuleName: ''
Description: TCP/IP Ping Command
TerminalSessionId: 1
ParentCommandLine: '""C:\Windows\system32\cmd.exe"" /c ""for /l %i in (1,1,254) do ping -n 1 -w 100 192.168.1.%i""'
Product: Microsoft® Windows® Operating System
Company: Microsoft Corporation
ParentProcessId: 4528
LogonGuid: 747F3D96-D4B4-5D31-0000-002051090500
Hashes: SHA1=8757646428A176F76E6F38458A25902A8FEBA9C0,MD5=56633150D77AE242D07727B0564430BB,SHA256=741AD992403C78A8A7DBD97C74FDA06594A247E9E2FA05A40BB6945403A90056,IMPHASH=8C3BE1286CDAD6AC1136D0BB6C83FF41
ParentProcessGuid: 747F3D96-D8F6-5D31-0000-001091D13300
ProcessId: 5656
CurrentDirectory: C:\AtomicRedTeam\
ProcessGuid: 747F3D96-D966-5D31-0000-00108D453700
CommandLine: ping  -n 1 -w 100 192.168.1.224
FileVersion: 10.0.17763.1 (WinBuild.160101.0800)
User: MSEDGEWIN10\IEUser
LogonId: '0x50951'
IntegrityLevel: High
ParentImage: C:\Windows\System32\cmd.exe
UtcTime: 2019-07-19 14:53:26.426
"
2019-07-19T14:53:27.009926+00:00,Hacktool - EDR-Freeze Execution;UAC Bypass Using NTFS Reparse Point - Process,data/EVTX-ATTACK-SAMPLES/AutomatedTestingTools/PanacheSysmon_vs_AtomicRedTeam01.evtx,1,Microsoft-Windows-Sysmon,1,3998,MSEDGEWIN10,"Image: C:\Windows\System32\PING.EXE
RuleName: ''
Description: TCP/IP Ping Command
TerminalSessionId: 1
ParentCommandLine: '""C:\Windows\system32\cmd.exe"" /c ""for /l %i in (1,1,254) do ping -n 1 -w 100 192.168.1.%i""'
Product: Microsoft® Windows® Operating System
Company: Microsoft Corporation
ParentProcessId: 4528
LogonGuid: 747F3D96-D4B4-5D31-0000-002051090500
Hashes: SHA1=8757646428A176F76E6F38458A25902A8FEBA9C0,MD5=56633150D77AE242D07727B0564430BB,SHA256=741AD992403C78A8A7DBD97C74FDA06594A247E9E2FA05A40BB6945403A90056,IMPHASH=8C3BE1286CDAD6AC1136D0BB6C83FF41
ParentProcessGuid: 747F3D96-D8F6-5D31-0000-001091D13300
ProcessId: 6632
CurrentDirectory: C:\AtomicRedTeam\
ProcessGuid: 747F3D96-D967-5D31-0000-00107C483700
CommandLine: ping  -n 1 -w 100 192.168.1.225
FileVersion: 10.0.17763.1 (WinBuild.160101.0800)
User: MSEDGEWIN10\IEUser
LogonId: '0x50951'
IntegrityLevel: High
ParentImage: C:\Windows\System32\cmd.exe
UtcTime: 2019-07-19 14:53:27.005
"
2019-07-19T14:53:27.555029+00:00,Hacktool - EDR-Freeze Execution;UAC Bypass Using NTFS Reparse Point - Process,data/EVTX-ATTACK-SAMPLES/AutomatedTestingTools/PanacheSysmon_vs_AtomicRedTeam01.evtx,1,Microsoft-Windows-Sysmon,1,3999,MSEDGEWIN10,"Image: C:\Windows\System32\PING.EXE
RuleName: ''
Description: TCP/IP Ping Command
TerminalSessionId: 1
ParentCommandLine: '""C:\Windows\system32\cmd.exe"" /c ""for /l %i in (1,1,254) do ping -n 1 -w 100 192.168.1.%i""'
Product: Microsoft® Windows® Operating System
Company: Microsoft Corporation
ParentProcessId: 4528
LogonGuid: 747F3D96-D4B4-5D31-0000-002051090500
Hashes: SHA1=8757646428A176F76E6F38458A25902A8FEBA9C0,MD5=56633150D77AE242D07727B0564430BB,SHA256=741AD992403C78A8A7DBD97C74FDA06594A247E9E2FA05A40BB6945403A90056,IMPHASH=8C3BE1286CDAD6AC1136D0BB6C83FF41
ParentProcessGuid: 747F3D96-D8F6-5D31-0000-001091D13300
ProcessId: 5844
CurrentDirectory: C:\AtomicRedTeam\
ProcessGuid: 747F3D96-D967-5D31-0000-0010BB513700
CommandLine: ping  -n 1 -w 100 192.168.1.226
FileVersion: 10.0.17763.1 (WinBuild.160101.0800)
User: MSEDGEWIN10\IEUser
LogonId: '0x50951'
IntegrityLevel: High
ParentImage: C:\Windows\System32\cmd.exe
UtcTime: 2019-07-19 14:53:27.537
"
2019-07-19T14:53:28.035650+00:00,Hacktool - EDR-Freeze Execution;UAC Bypass Using NTFS Reparse Point - Process,data/EVTX-ATTACK-SAMPLES/AutomatedTestingTools/PanacheSysmon_vs_AtomicRedTeam01.evtx,1,Microsoft-Windows-Sysmon,1,4000,MSEDGEWIN10,"Image: C:\Windows\System32\PING.EXE
RuleName: ''
Description: TCP/IP Ping Command
TerminalSessionId: 1
ParentCommandLine: '""C:\Windows\system32\cmd.exe"" /c ""for /l %i in (1,1,254) do ping -n 1 -w 100 192.168.1.%i""'
Product: Microsoft® Windows® Operating System
Company: Microsoft Corporation
ParentProcessId: 4528
LogonGuid: 747F3D96-D4B4-5D31-0000-002051090500
Hashes: SHA1=8757646428A176F76E6F38458A25902A8FEBA9C0,MD5=56633150D77AE242D07727B0564430BB,SHA256=741AD992403C78A8A7DBD97C74FDA06594A247E9E2FA05A40BB6945403A90056,IMPHASH=8C3BE1286CDAD6AC1136D0BB6C83FF41
ParentProcessGuid: 747F3D96-D8F6-5D31-0000-001091D13300
ProcessId: 6396
CurrentDirectory: C:\AtomicRedTeam\
ProcessGuid: 747F3D96-D968-5D31-0000-001001553700
CommandLine: ping  -n 1 -w 100 192.168.1.227
FileVersion: 10.0.17763.1 (WinBuild.160101.0800)
User: MSEDGEWIN10\IEUser
LogonId: '0x50951'
IntegrityLevel: High
ParentImage: C:\Windows\System32\cmd.exe
UtcTime: 2019-07-19 14:53:28.020
"
2019-07-19T14:53:28.511670+00:00,Hacktool - EDR-Freeze Execution;UAC Bypass Using NTFS Reparse Point - Process,data/EVTX-ATTACK-SAMPLES/AutomatedTestingTools/PanacheSysmon_vs_AtomicRedTeam01.evtx,1,Microsoft-Windows-Sysmon,1,4001,MSEDGEWIN10,"Image: C:\Windows\System32\PING.EXE
RuleName: ''
Description: TCP/IP Ping Command
TerminalSessionId: 1
ParentCommandLine: '""C:\Windows\system32\cmd.exe"" /c ""for /l %i in (1,1,254) do ping -n 1 -w 100 192.168.1.%i""'
Product: Microsoft® Windows® Operating System
Company: Microsoft Corporation
ParentProcessId: 4528
LogonGuid: 747F3D96-D4B4-5D31-0000-002051090500
Hashes: SHA1=8757646428A176F76E6F38458A25902A8FEBA9C0,MD5=56633150D77AE242D07727B0564430BB,SHA256=741AD992403C78A8A7DBD97C74FDA06594A247E9E2FA05A40BB6945403A90056,IMPHASH=8C3BE1286CDAD6AC1136D0BB6C83FF41
ParentProcessGuid: 747F3D96-D8F6-5D31-0000-001091D13300
ProcessId: 1452
CurrentDirectory: C:\AtomicRedTeam\
ProcessGuid: 747F3D96-D968-5D31-0000-0010F3573700
CommandLine: ping  -n 1 -w 100 192.168.1.228
FileVersion: 10.0.17763.1 (WinBuild.160101.0800)
User: MSEDGEWIN10\IEUser
LogonId: '0x50951'
IntegrityLevel: High
ParentImage: C:\Windows\System32\cmd.exe
UtcTime: 2019-07-19 14:53:28.504
"
2019-07-19T14:53:29.009976+00:00,Hacktool - EDR-Freeze Execution;UAC Bypass Using NTFS Reparse Point - Process,data/EVTX-ATTACK-SAMPLES/AutomatedTestingTools/PanacheSysmon_vs_AtomicRedTeam01.evtx,1,Microsoft-Windows-Sysmon,1,4002,MSEDGEWIN10,"Image: C:\Windows\System32\PING.EXE
RuleName: ''
Description: TCP/IP Ping Command
TerminalSessionId: 1
ParentCommandLine: '""C:\Windows\system32\cmd.exe"" /c ""for /l %i in (1,1,254) do ping -n 1 -w 100 192.168.1.%i""'
Product: Microsoft® Windows® Operating System
Company: Microsoft Corporation
ParentProcessId: 4528
LogonGuid: 747F3D96-D4B4-5D31-0000-002051090500
Hashes: SHA1=8757646428A176F76E6F38458A25902A8FEBA9C0,MD5=56633150D77AE242D07727B0564430BB,SHA256=741AD992403C78A8A7DBD97C74FDA06594A247E9E2FA05A40BB6945403A90056,IMPHASH=8C3BE1286CDAD6AC1136D0BB6C83FF41
ParentProcessGuid: 747F3D96-D8F6-5D31-0000-001091D13300
ProcessId: 112
CurrentDirectory: C:\AtomicRedTeam\
ProcessGuid: 747F3D96-D969-5D31-0000-0010DF5A3700
CommandLine: ping  -n 1 -w 100 192.168.1.229
FileVersion: 10.0.17763.1 (WinBuild.160101.0800)
User: MSEDGEWIN10\IEUser
LogonId: '0x50951'
IntegrityLevel: High
ParentImage: C:\Windows\System32\cmd.exe
UtcTime: 2019-07-19 14:53:29.005
"
2019-07-19T14:53:29.534904+00:00,Hacktool - EDR-Freeze Execution;UAC Bypass Using NTFS Reparse Point - Process,data/EVTX-ATTACK-SAMPLES/AutomatedTestingTools/PanacheSysmon_vs_AtomicRedTeam01.evtx,1,Microsoft-Windows-Sysmon,1,4003,MSEDGEWIN10,"Image: C:\Windows\System32\PING.EXE
RuleName: ''
Description: TCP/IP Ping Command
TerminalSessionId: 1
ParentCommandLine: '""C:\Windows\system32\cmd.exe"" /c ""for /l %i in (1,1,254) do ping -n 1 -w 100 192.168.1.%i""'
Product: Microsoft® Windows® Operating System
Company: Microsoft Corporation
ParentProcessId: 4528
LogonGuid: 747F3D96-D4B4-5D31-0000-002051090500
Hashes: SHA1=8757646428A176F76E6F38458A25902A8FEBA9C0,MD5=56633150D77AE242D07727B0564430BB,SHA256=741AD992403C78A8A7DBD97C74FDA06594A247E9E2FA05A40BB6945403A90056,IMPHASH=8C3BE1286CDAD6AC1136D0BB6C83FF41
ParentProcessGuid: 747F3D96-D8F6-5D31-0000-001091D13300
ProcessId: 4004
CurrentDirectory: C:\AtomicRedTeam\
ProcessGuid: 747F3D96-D969-5D31-0000-0010CB5D3700
CommandLine: ping  -n 1 -w 100 192.168.1.230
FileVersion: 10.0.17763.1 (WinBuild.160101.0800)
User: MSEDGEWIN10\IEUser
LogonId: '0x50951'
IntegrityLevel: High
ParentImage: C:\Windows\System32\cmd.exe
UtcTime: 2019-07-19 14:53:29.530
"
2019-07-19T14:53:30.034506+00:00,Hacktool - EDR-Freeze Execution;UAC Bypass Using NTFS Reparse Point - Process,data/EVTX-ATTACK-SAMPLES/AutomatedTestingTools/PanacheSysmon_vs_AtomicRedTeam01.evtx,1,Microsoft-Windows-Sysmon,1,4004,MSEDGEWIN10,"Image: C:\Windows\System32\PING.EXE
RuleName: ''
Description: TCP/IP Ping Command
TerminalSessionId: 1
ParentCommandLine: '""C:\Windows\system32\cmd.exe"" /c ""for /l %i in (1,1,254) do ping -n 1 -w 100 192.168.1.%i""'
Product: Microsoft® Windows® Operating System
Company: Microsoft Corporation
ParentProcessId: 4528
LogonGuid: 747F3D96-D4B4-5D31-0000-002051090500
Hashes: SHA1=8757646428A176F76E6F38458A25902A8FEBA9C0,MD5=56633150D77AE242D07727B0564430BB,SHA256=741AD992403C78A8A7DBD97C74FDA06594A247E9E2FA05A40BB6945403A90056,IMPHASH=8C3BE1286CDAD6AC1136D0BB6C83FF41
ParentProcessGuid: 747F3D96-D8F6-5D31-0000-001091D13300
ProcessId: 5468
CurrentDirectory: C:\AtomicRedTeam\
ProcessGuid: 747F3D96-D96A-5D31-0000-0010B7603700
CommandLine: ping  -n 1 -w 100 192.168.1.231
FileVersion: 10.0.17763.1 (WinBuild.160101.0800)
User: MSEDGEWIN10\IEUser
LogonId: '0x50951'
IntegrityLevel: High
ParentImage: C:\Windows\System32\cmd.exe
UtcTime: 2019-07-19 14:53:30.017
"
2019-07-19T14:53:30.521002+00:00,Hacktool - EDR-Freeze Execution;UAC Bypass Using NTFS Reparse Point - Process,data/EVTX-ATTACK-SAMPLES/AutomatedTestingTools/PanacheSysmon_vs_AtomicRedTeam01.evtx,1,Microsoft-Windows-Sysmon,1,4005,MSEDGEWIN10,"Image: C:\Windows\System32\PING.EXE
RuleName: ''
Description: TCP/IP Ping Command
TerminalSessionId: 1
ParentCommandLine: '""C:\Windows\system32\cmd.exe"" /c ""for /l %i in (1,1,254) do ping -n 1 -w 100 192.168.1.%i""'
Product: Microsoft® Windows® Operating System
Company: Microsoft Corporation
ParentProcessId: 4528
LogonGuid: 747F3D96-D4B4-5D31-0000-002051090500
Hashes: SHA1=8757646428A176F76E6F38458A25902A8FEBA9C0,MD5=56633150D77AE242D07727B0564430BB,SHA256=741AD992403C78A8A7DBD97C74FDA06594A247E9E2FA05A40BB6945403A90056,IMPHASH=8C3BE1286CDAD6AC1136D0BB6C83FF41
ParentProcessGuid: 747F3D96-D8F6-5D31-0000-001091D13300
ProcessId: 6600
CurrentDirectory: C:\AtomicRedTeam\
ProcessGuid: 747F3D96-D96A-5D31-0000-0010A3633700
CommandLine: ping  -n 1 -w 100 192.168.1.232
FileVersion: 10.0.17763.1 (WinBuild.160101.0800)
User: MSEDGEWIN10\IEUser
LogonId: '0x50951'
IntegrityLevel: High
ParentImage: C:\Windows\System32\cmd.exe
UtcTime: 2019-07-19 14:53:30.514
"
2019-07-19T14:53:31.013359+00:00,Hacktool - EDR-Freeze Execution;UAC Bypass Using NTFS Reparse Point - Process,data/EVTX-ATTACK-SAMPLES/AutomatedTestingTools/PanacheSysmon_vs_AtomicRedTeam01.evtx,1,Microsoft-Windows-Sysmon,1,4006,MSEDGEWIN10,"Image: C:\Windows\System32\PING.EXE
RuleName: ''
Description: TCP/IP Ping Command
TerminalSessionId: 1
ParentCommandLine: '""C:\Windows\system32\cmd.exe"" /c ""for /l %i in (1,1,254) do ping -n 1 -w 100 192.168.1.%i""'
Product: Microsoft® Windows® Operating System
Company: Microsoft Corporation
ParentProcessId: 4528
LogonGuid: 747F3D96-D4B4-5D31-0000-002051090500
Hashes: SHA1=8757646428A176F76E6F38458A25902A8FEBA9C0,MD5=56633150D77AE242D07727B0564430BB,SHA256=741AD992403C78A8A7DBD97C74FDA06594A247E9E2FA05A40BB6945403A90056,IMPHASH=8C3BE1286CDAD6AC1136D0BB6C83FF41
ParentProcessGuid: 747F3D96-D8F6-5D31-0000-001091D13300
ProcessId: 6220
CurrentDirectory: C:\AtomicRedTeam\
ProcessGuid: 747F3D96-D96B-5D31-0000-001090663700
CommandLine: ping  -n 1 -w 100 192.168.1.233
FileVersion: 10.0.17763.1 (WinBuild.160101.0800)
User: MSEDGEWIN10\IEUser
LogonId: '0x50951'
IntegrityLevel: High
ParentImage: C:\Windows\System32\cmd.exe
UtcTime: 2019-07-19 14:53:31.008
"
2019-07-19T14:53:31.530608+00:00,Hacktool - EDR-Freeze Execution;UAC Bypass Using NTFS Reparse Point - Process,data/EVTX-ATTACK-SAMPLES/AutomatedTestingTools/PanacheSysmon_vs_AtomicRedTeam01.evtx,1,Microsoft-Windows-Sysmon,1,4007,MSEDGEWIN10,"Image: C:\Windows\System32\PING.EXE
RuleName: ''
Description: TCP/IP Ping Command
TerminalSessionId: 1
ParentCommandLine: '""C:\Windows\system32\cmd.exe"" /c ""for /l %i in (1,1,254) do ping -n 1 -w 100 192.168.1.%i""'
Product: Microsoft® Windows® Operating System
Company: Microsoft Corporation
ParentProcessId: 4528
LogonGuid: 747F3D96-D4B4-5D31-0000-002051090500
Hashes: SHA1=8757646428A176F76E6F38458A25902A8FEBA9C0,MD5=56633150D77AE242D07727B0564430BB,SHA256=741AD992403C78A8A7DBD97C74FDA06594A247E9E2FA05A40BB6945403A90056,IMPHASH=8C3BE1286CDAD6AC1136D0BB6C83FF41
ParentProcessGuid: 747F3D96-D8F6-5D31-0000-001091D13300
ProcessId: 5016
CurrentDirectory: C:\AtomicRedTeam\
ProcessGuid: 747F3D96-D96B-5D31-0000-00107C693700
CommandLine: ping  -n 1 -w 100 192.168.1.234
FileVersion: 10.0.17763.1 (WinBuild.160101.0800)
User: MSEDGEWIN10\IEUser
LogonId: '0x50951'
IntegrityLevel: High
ParentImage: C:\Windows\System32\cmd.exe
UtcTime: 2019-07-19 14:53:31.527
"
2019-07-19T14:53:32.058761+00:00,Hacktool - EDR-Freeze Execution;UAC Bypass Using NTFS Reparse Point - Process,data/EVTX-ATTACK-SAMPLES/AutomatedTestingTools/PanacheSysmon_vs_AtomicRedTeam01.evtx,1,Microsoft-Windows-Sysmon,1,4008,MSEDGEWIN10,"Image: C:\Windows\System32\PING.EXE
RuleName: ''
Description: TCP/IP Ping Command
TerminalSessionId: 1
ParentCommandLine: '""C:\Windows\system32\cmd.exe"" /c ""for /l %i in (1,1,254) do ping -n 1 -w 100 192.168.1.%i""'
Product: Microsoft® Windows® Operating System
Company: Microsoft Corporation
ParentProcessId: 4528
LogonGuid: 747F3D96-D4B4-5D31-0000-002051090500
Hashes: SHA1=8757646428A176F76E6F38458A25902A8FEBA9C0,MD5=56633150D77AE242D07727B0564430BB,SHA256=741AD992403C78A8A7DBD97C74FDA06594A247E9E2FA05A40BB6945403A90056,IMPHASH=8C3BE1286CDAD6AC1136D0BB6C83FF41
ParentProcessGuid: 747F3D96-D8F6-5D31-0000-001091D13300
ProcessId: 976
CurrentDirectory: C:\AtomicRedTeam\
ProcessGuid: 747F3D96-D96C-5D31-0000-00106A6C3700
CommandLine: ping  -n 1 -w 100 192.168.1.235
FileVersion: 10.0.17763.1 (WinBuild.160101.0800)
User: MSEDGEWIN10\IEUser
LogonId: '0x50951'
IntegrityLevel: High
ParentImage: C:\Windows\System32\cmd.exe
UtcTime: 2019-07-19 14:53:32.046
"
2019-07-19T14:53:32.614767+00:00,Hacktool - EDR-Freeze Execution;UAC Bypass Using NTFS Reparse Point - Process,data/EVTX-ATTACK-SAMPLES/AutomatedTestingTools/PanacheSysmon_vs_AtomicRedTeam01.evtx,1,Microsoft-Windows-Sysmon,1,4009,MSEDGEWIN10,"Image: C:\Windows\System32\PING.EXE
RuleName: ''
Description: TCP/IP Ping Command
TerminalSessionId: 1
ParentCommandLine: '""C:\Windows\system32\cmd.exe"" /c ""for /l %i in (1,1,254) do ping -n 1 -w 100 192.168.1.%i""'
Product: Microsoft® Windows® Operating System
Company: Microsoft Corporation
ParentProcessId: 4528
LogonGuid: 747F3D96-D4B4-5D31-0000-002051090500
Hashes: SHA1=8757646428A176F76E6F38458A25902A8FEBA9C0,MD5=56633150D77AE242D07727B0564430BB,SHA256=741AD992403C78A8A7DBD97C74FDA06594A247E9E2FA05A40BB6945403A90056,IMPHASH=8C3BE1286CDAD6AC1136D0BB6C83FF41
ParentProcessGuid: 747F3D96-D8F6-5D31-0000-001091D13300
ProcessId: 5488
CurrentDirectory: C:\AtomicRedTeam\
ProcessGuid: 747F3D96-D96C-5D31-0000-0010BA763700
CommandLine: ping  -n 1 -w 100 192.168.1.236
FileVersion: 10.0.17763.1 (WinBuild.160101.0800)
User: MSEDGEWIN10\IEUser
LogonId: '0x50951'
IntegrityLevel: High
ParentImage: C:\Windows\System32\cmd.exe
UtcTime: 2019-07-19 14:53:32.599
"
2019-07-19T14:53:33.018882+00:00,Hacktool - EDR-Freeze Execution;UAC Bypass Using NTFS Reparse Point - Process,data/EVTX-ATTACK-SAMPLES/AutomatedTestingTools/PanacheSysmon_vs_AtomicRedTeam01.evtx,1,Microsoft-Windows-Sysmon,1,4010,MSEDGEWIN10,"Image: C:\Windows\System32\PING.EXE
RuleName: ''
Description: TCP/IP Ping Command
TerminalSessionId: 1
ParentCommandLine: '""C:\Windows\system32\cmd.exe"" /c ""for /l %i in (1,1,254) do ping -n 1 -w 100 192.168.1.%i""'
Product: Microsoft® Windows® Operating System
Company: Microsoft Corporation
ParentProcessId: 4528
LogonGuid: 747F3D96-D4B4-5D31-0000-002051090500
Hashes: SHA1=8757646428A176F76E6F38458A25902A8FEBA9C0,MD5=56633150D77AE242D07727B0564430BB,SHA256=741AD992403C78A8A7DBD97C74FDA06594A247E9E2FA05A40BB6945403A90056,IMPHASH=8C3BE1286CDAD6AC1136D0BB6C83FF41
ParentProcessGuid: 747F3D96-D8F6-5D31-0000-001091D13300
ProcessId: 3228
CurrentDirectory: C:\AtomicRedTeam\
ProcessGuid: 747F3D96-D96D-5D31-0000-0010A7793700
CommandLine: ping  -n 1 -w 100 192.168.1.237
FileVersion: 10.0.17763.1 (WinBuild.160101.0800)
User: MSEDGEWIN10\IEUser
LogonId: '0x50951'
IntegrityLevel: High
ParentImage: C:\Windows\System32\cmd.exe
UtcTime: 2019-07-19 14:53:33.008
"
2019-07-19T14:53:33.548567+00:00,Hacktool - EDR-Freeze Execution;UAC Bypass Using NTFS Reparse Point - Process,data/EVTX-ATTACK-SAMPLES/AutomatedTestingTools/PanacheSysmon_vs_AtomicRedTeam01.evtx,1,Microsoft-Windows-Sysmon,1,4011,MSEDGEWIN10,"Image: C:\Windows\System32\PING.EXE
RuleName: ''
Description: TCP/IP Ping Command
TerminalSessionId: 1
ParentCommandLine: '""C:\Windows\system32\cmd.exe"" /c ""for /l %i in (1,1,254) do ping -n 1 -w 100 192.168.1.%i""'
Product: Microsoft® Windows® Operating System
Company: Microsoft Corporation
ParentProcessId: 4528
LogonGuid: 747F3D96-D4B4-5D31-0000-002051090500
Hashes: SHA1=8757646428A176F76E6F38458A25902A8FEBA9C0,MD5=56633150D77AE242D07727B0564430BB,SHA256=741AD992403C78A8A7DBD97C74FDA06594A247E9E2FA05A40BB6945403A90056,IMPHASH=8C3BE1286CDAD6AC1136D0BB6C83FF41
ParentProcessGuid: 747F3D96-D8F6-5D31-0000-001091D13300
ProcessId: 2804
CurrentDirectory: C:\AtomicRedTeam\
ProcessGuid: 747F3D96-D96D-5D31-0000-0010937C3700
CommandLine: ping  -n 1 -w 100 192.168.1.238
FileVersion: 10.0.17763.1 (WinBuild.160101.0800)
User: MSEDGEWIN10\IEUser
LogonId: '0x50951'
IntegrityLevel: High
ParentImage: C:\Windows\System32\cmd.exe
UtcTime: 2019-07-19 14:53:33.540
"
2019-07-19T14:53:34.005414+00:00,Hacktool - EDR-Freeze Execution;UAC Bypass Using NTFS Reparse Point - Process,data/EVTX-ATTACK-SAMPLES/AutomatedTestingTools/PanacheSysmon_vs_AtomicRedTeam01.evtx,1,Microsoft-Windows-Sysmon,1,4012,MSEDGEWIN10,"Image: C:\Windows\System32\PING.EXE
RuleName: ''
Description: TCP/IP Ping Command
TerminalSessionId: 1
ParentCommandLine: '""C:\Windows\system32\cmd.exe"" /c ""for /l %i in (1,1,254) do ping -n 1 -w 100 192.168.1.%i""'
Product: Microsoft® Windows® Operating System
Company: Microsoft Corporation
ParentProcessId: 4528
LogonGuid: 747F3D96-D4B4-5D31-0000-002051090500
Hashes: SHA1=8757646428A176F76E6F38458A25902A8FEBA9C0,MD5=56633150D77AE242D07727B0564430BB,SHA256=741AD992403C78A8A7DBD97C74FDA06594A247E9E2FA05A40BB6945403A90056,IMPHASH=8C3BE1286CDAD6AC1136D0BB6C83FF41
ParentProcessGuid: 747F3D96-D8F6-5D31-0000-001091D13300
ProcessId: 4532
CurrentDirectory: C:\AtomicRedTeam\
ProcessGuid: 747F3D96-D96D-5D31-0000-0010827F3700
CommandLine: ping  -n 1 -w 100 192.168.1.239
FileVersion: 10.0.17763.1 (WinBuild.160101.0800)
User: MSEDGEWIN10\IEUser
LogonId: '0x50951'
IntegrityLevel: High
ParentImage: C:\Windows\System32\cmd.exe
UtcTime: 2019-07-19 14:53:33.997
"
2019-07-19T14:53:34.556142+00:00,Hacktool - EDR-Freeze Execution;UAC Bypass Using NTFS Reparse Point - Process,data/EVTX-ATTACK-SAMPLES/AutomatedTestingTools/PanacheSysmon_vs_AtomicRedTeam01.evtx,1,Microsoft-Windows-Sysmon,1,4013,MSEDGEWIN10,"Image: C:\Windows\System32\PING.EXE
RuleName: ''
Description: TCP/IP Ping Command
TerminalSessionId: 1
ParentCommandLine: '""C:\Windows\system32\cmd.exe"" /c ""for /l %i in (1,1,254) do ping -n 1 -w 100 192.168.1.%i""'
Product: Microsoft® Windows® Operating System
Company: Microsoft Corporation
ParentProcessId: 4528
LogonGuid: 747F3D96-D4B4-5D31-0000-002051090500
Hashes: SHA1=8757646428A176F76E6F38458A25902A8FEBA9C0,MD5=56633150D77AE242D07727B0564430BB,SHA256=741AD992403C78A8A7DBD97C74FDA06594A247E9E2FA05A40BB6945403A90056,IMPHASH=8C3BE1286CDAD6AC1136D0BB6C83FF41
ParentProcessGuid: 747F3D96-D8F6-5D31-0000-001091D13300
ProcessId: 5024
CurrentDirectory: C:\AtomicRedTeam\
ProcessGuid: 747F3D96-D96E-5D31-0000-00106E823700
CommandLine: ping  -n 1 -w 100 192.168.1.240
FileVersion: 10.0.17763.1 (WinBuild.160101.0800)
User: MSEDGEWIN10\IEUser
LogonId: '0x50951'
IntegrityLevel: High
ParentImage: C:\Windows\System32\cmd.exe
UtcTime: 2019-07-19 14:53:34.543
"
2019-07-19T14:53:35.024667+00:00,Hacktool - EDR-Freeze Execution;UAC Bypass Using NTFS Reparse Point - Process,data/EVTX-ATTACK-SAMPLES/AutomatedTestingTools/PanacheSysmon_vs_AtomicRedTeam01.evtx,1,Microsoft-Windows-Sysmon,1,4014,MSEDGEWIN10,"Image: C:\Windows\System32\PING.EXE
RuleName: ''
Description: TCP/IP Ping Command
TerminalSessionId: 1
ParentCommandLine: '""C:\Windows\system32\cmd.exe"" /c ""for /l %i in (1,1,254) do ping -n 1 -w 100 192.168.1.%i""'
Product: Microsoft® Windows® Operating System
Company: Microsoft Corporation
ParentProcessId: 4528
LogonGuid: 747F3D96-D4B4-5D31-0000-002051090500
Hashes: SHA1=8757646428A176F76E6F38458A25902A8FEBA9C0,MD5=56633150D77AE242D07727B0564430BB,SHA256=741AD992403C78A8A7DBD97C74FDA06594A247E9E2FA05A40BB6945403A90056,IMPHASH=8C3BE1286CDAD6AC1136D0BB6C83FF41
ParentProcessGuid: 747F3D96-D8F6-5D31-0000-001091D13300
ProcessId: 2180
CurrentDirectory: C:\AtomicRedTeam\
ProcessGuid: 747F3D96-D96F-5D31-0000-00105A853700
CommandLine: ping  -n 1 -w 100 192.168.1.241
FileVersion: 10.0.17763.1 (WinBuild.160101.0800)
User: MSEDGEWIN10\IEUser
LogonId: '0x50951'
IntegrityLevel: High
ParentImage: C:\Windows\System32\cmd.exe
UtcTime: 2019-07-19 14:53:35.020
"
2019-07-19T14:53:35.559595+00:00,Hacktool - EDR-Freeze Execution;UAC Bypass Using NTFS Reparse Point - Process,data/EVTX-ATTACK-SAMPLES/AutomatedTestingTools/PanacheSysmon_vs_AtomicRedTeam01.evtx,1,Microsoft-Windows-Sysmon,1,4015,MSEDGEWIN10,"Image: C:\Windows\System32\PING.EXE
RuleName: ''
Description: TCP/IP Ping Command
TerminalSessionId: 1
ParentCommandLine: '""C:\Windows\system32\cmd.exe"" /c ""for /l %i in (1,1,254) do ping -n 1 -w 100 192.168.1.%i""'
Product: Microsoft® Windows® Operating System
Company: Microsoft Corporation
ParentProcessId: 4528
LogonGuid: 747F3D96-D4B4-5D31-0000-002051090500
Hashes: SHA1=8757646428A176F76E6F38458A25902A8FEBA9C0,MD5=56633150D77AE242D07727B0564430BB,SHA256=741AD992403C78A8A7DBD97C74FDA06594A247E9E2FA05A40BB6945403A90056,IMPHASH=8C3BE1286CDAD6AC1136D0BB6C83FF41
ParentProcessGuid: 747F3D96-D8F6-5D31-0000-001091D13300
ProcessId: 3556
CurrentDirectory: C:\AtomicRedTeam\
ProcessGuid: 747F3D96-D96F-5D31-0000-0010C78F3700
CommandLine: ping  -n 1 -w 100 192.168.1.242
FileVersion: 10.0.17763.1 (WinBuild.160101.0800)
User: MSEDGEWIN10\IEUser
LogonId: '0x50951'
IntegrityLevel: High
ParentImage: C:\Windows\System32\cmd.exe
UtcTime: 2019-07-19 14:53:35.548
"
2019-07-19T14:53:36.025921+00:00,Hacktool - EDR-Freeze Execution;UAC Bypass Using NTFS Reparse Point - Process,data/EVTX-ATTACK-SAMPLES/AutomatedTestingTools/PanacheSysmon_vs_AtomicRedTeam01.evtx,1,Microsoft-Windows-Sysmon,1,4016,MSEDGEWIN10,"Image: C:\Windows\System32\PING.EXE
RuleName: ''
Description: TCP/IP Ping Command
TerminalSessionId: 1
ParentCommandLine: '""C:\Windows\system32\cmd.exe"" /c ""for /l %i in (1,1,254) do ping -n 1 -w 100 192.168.1.%i""'
Product: Microsoft® Windows® Operating System
Company: Microsoft Corporation
ParentProcessId: 4528
LogonGuid: 747F3D96-D4B4-5D31-0000-002051090500
Hashes: SHA1=8757646428A176F76E6F38458A25902A8FEBA9C0,MD5=56633150D77AE242D07727B0564430BB,SHA256=741AD992403C78A8A7DBD97C74FDA06594A247E9E2FA05A40BB6945403A90056,IMPHASH=8C3BE1286CDAD6AC1136D0BB6C83FF41
ParentProcessGuid: 747F3D96-D8F6-5D31-0000-001091D13300
ProcessId: 3788
CurrentDirectory: C:\AtomicRedTeam\
ProcessGuid: 747F3D96-D970-5D31-0000-0010B4923700
CommandLine: ping  -n 1 -w 100 192.168.1.243
FileVersion: 10.0.17763.1 (WinBuild.160101.0800)
User: MSEDGEWIN10\IEUser
LogonId: '0x50951'
IntegrityLevel: High
ParentImage: C:\Windows\System32\cmd.exe
UtcTime: 2019-07-19 14:53:36.015
"
2019-07-19T14:53:36.536599+00:00,Hacktool - EDR-Freeze Execution;UAC Bypass Using NTFS Reparse Point - Process,data/EVTX-ATTACK-SAMPLES/AutomatedTestingTools/PanacheSysmon_vs_AtomicRedTeam01.evtx,1,Microsoft-Windows-Sysmon,1,4017,MSEDGEWIN10,"Image: C:\Windows\System32\PING.EXE
RuleName: ''
Description: TCP/IP Ping Command
TerminalSessionId: 1
ParentCommandLine: '""C:\Windows\system32\cmd.exe"" /c ""for /l %i in (1,1,254) do ping -n 1 -w 100 192.168.1.%i""'
Product: Microsoft® Windows® Operating System
Company: Microsoft Corporation
ParentProcessId: 4528
LogonGuid: 747F3D96-D4B4-5D31-0000-002051090500
Hashes: SHA1=8757646428A176F76E6F38458A25902A8FEBA9C0,MD5=56633150D77AE242D07727B0564430BB,SHA256=741AD992403C78A8A7DBD97C74FDA06594A247E9E2FA05A40BB6945403A90056,IMPHASH=8C3BE1286CDAD6AC1136D0BB6C83FF41
ParentProcessGuid: 747F3D96-D8F6-5D31-0000-001091D13300
ProcessId: 7072
CurrentDirectory: C:\AtomicRedTeam\
ProcessGuid: 747F3D96-D970-5D31-0000-0010A0953700
CommandLine: ping  -n 1 -w 100 192.168.1.244
FileVersion: 10.0.17763.1 (WinBuild.160101.0800)
User: MSEDGEWIN10\IEUser
LogonId: '0x50951'
IntegrityLevel: High
ParentImage: C:\Windows\System32\cmd.exe
UtcTime: 2019-07-19 14:53:36.519
"
2019-07-19T14:53:37.012815+00:00,Hacktool - EDR-Freeze Execution;UAC Bypass Using NTFS Reparse Point - Process,data/EVTX-ATTACK-SAMPLES/AutomatedTestingTools/PanacheSysmon_vs_AtomicRedTeam01.evtx,1,Microsoft-Windows-Sysmon,1,4018,MSEDGEWIN10,"Image: C:\Windows\System32\PING.EXE
RuleName: ''
Description: TCP/IP Ping Command
TerminalSessionId: 1
ParentCommandLine: '""C:\Windows\system32\cmd.exe"" /c ""for /l %i in (1,1,254) do ping -n 1 -w 100 192.168.1.%i""'
Product: Microsoft® Windows® Operating System
Company: Microsoft Corporation
ParentProcessId: 4528
LogonGuid: 747F3D96-D4B4-5D31-0000-002051090500
Hashes: SHA1=8757646428A176F76E6F38458A25902A8FEBA9C0,MD5=56633150D77AE242D07727B0564430BB,SHA256=741AD992403C78A8A7DBD97C74FDA06594A247E9E2FA05A40BB6945403A90056,IMPHASH=8C3BE1286CDAD6AC1136D0BB6C83FF41
ParentProcessGuid: 747F3D96-D8F6-5D31-0000-001091D13300
ProcessId: 2700
CurrentDirectory: C:\AtomicRedTeam\
ProcessGuid: 747F3D96-D971-5D31-0000-00108C983700
CommandLine: ping  -n 1 -w 100 192.168.1.245
FileVersion: 10.0.17763.1 (WinBuild.160101.0800)
User: MSEDGEWIN10\IEUser
LogonId: '0x50951'
IntegrityLevel: High
ParentImage: C:\Windows\System32\cmd.exe
UtcTime: 2019-07-19 14:53:37.008
"
2019-07-19T14:53:37.505228+00:00,Hacktool - EDR-Freeze Execution;UAC Bypass Using NTFS Reparse Point - Process,data/EVTX-ATTACK-SAMPLES/AutomatedTestingTools/PanacheSysmon_vs_AtomicRedTeam01.evtx,1,Microsoft-Windows-Sysmon,1,4019,MSEDGEWIN10,"Image: C:\Windows\System32\PING.EXE
RuleName: ''
Description: TCP/IP Ping Command
TerminalSessionId: 1
ParentCommandLine: '""C:\Windows\system32\cmd.exe"" /c ""for /l %i in (1,1,254) do ping -n 1 -w 100 192.168.1.%i""'
Product: Microsoft® Windows® Operating System
Company: Microsoft Corporation
ParentProcessId: 4528
LogonGuid: 747F3D96-D4B4-5D31-0000-002051090500
Hashes: SHA1=8757646428A176F76E6F38458A25902A8FEBA9C0,MD5=56633150D77AE242D07727B0564430BB,SHA256=741AD992403C78A8A7DBD97C74FDA06594A247E9E2FA05A40BB6945403A90056,IMPHASH=8C3BE1286CDAD6AC1136D0BB6C83FF41
ParentProcessGuid: 747F3D96-D8F6-5D31-0000-001091D13300
ProcessId: 352
CurrentDirectory: C:\AtomicRedTeam\
ProcessGuid: 747F3D96-D971-5D31-0000-0010789B3700
CommandLine: ping  -n 1 -w 100 192.168.1.246
FileVersion: 10.0.17763.1 (WinBuild.160101.0800)
User: MSEDGEWIN10\IEUser
LogonId: '0x50951'
IntegrityLevel: High
ParentImage: C:\Windows\System32\cmd.exe
UtcTime: 2019-07-19 14:53:37.500
"
