2019-03-19T23:23:41.105437+00:00,Hacktool - EDR-Freeze Execution;UAC Bypass Using NTFS Reparse Point - Process,data/EVTX-ATTACK-SAMPLES/Persistence/persistence_sysmon_11_13_1_shime_appfix.evtx,1,Microsoft-Windows-Sysmon,1,1966749,PC01.example.corp,"Image: C:\Windows\System32\UI0Detect.exe
RuleName: ''
Description: Interactive services detection
TerminalSessionId: 1
ParentCommandLine: C:\Windows\system32\UI0Detect.exe
Product: Microsoft® Windows® Operating System
Company: Microsoft Corporation
ParentProcessId: 2180
LogonGuid: 365ABB72-77C4-5C91-0000-0020AD7D0100
Hashes: MD5=8344FD4FCE927880AA1AA7681D4927E5,IMPHASH=5DE0CABE853D959C3319B51C8EC562E6
ParentProcessGuid: 365ABB72-78D0-5C91-0000-00108A650200
ProcessId: 3428
CurrentDirectory: C:\Windows\system32\
ProcessGuid: 365ABB72-79FC-5C91-0000-0010DBC60A00
CommandLine: UI0Detect.exe 224
FileVersion: 6.1.7600.16385 (win7_rtm.090713-1255)
User: EXAMPLE\user01
LogonId: '0x17dad'
IntegrityLevel: High
ParentImage: C:\Windows\System32\UI0Detect.exe
UtcTime: 2019-03-19 23:23:40.995
"
2019-03-19T23:34:25.894341+00:00,Important Windows Eventlog Cleared,data/EVTX-ATTACK-SAMPLES/Defense Evasion/DE_104_system_log_cleared.evtx,1,Microsoft-Windows-Eventlog,104,27736,PC01.example.corp,
2019-03-25T13:01:41.935605+00:00,Win Susp Computer Name Containing Samtheadmin,data/EVTX-ATTACK-SAMPLES/Credential Access/ACL_ForcePwd_SPNAdd_User_Computer_Accounts.evtx,1,Microsoft-Windows-Security-Auditing,4742,198239294,DC1.insecurebank.local,"PrivilegeList: '-'
NewUacValue: '-'
LogonHours: '-'
ScriptPath: '-'
DnsHostName: '-'
ProfilePath: '-'
AllowedToDelegateTo: '-'
HomePath: '-'
ComputerAccountChange: '-'
DisplayName: '-'
PrimaryGroupId: '-'
HomeDirectory: '-'
TargetUserName: ALICE$
TargetSid: S-1-5-21-738609754-2819869699-4189121830-1120
SidHistory: '-'
SubjectUserName: bob
UserPrincipalName: '-'
TargetDomainName: insecurebank
ServicePrincipalNames: '-'
PasswordLastSet: '-'
UserParameters: '-'
SubjectLogonId: '0x3d8e8db'
SubjectDomainName: insecurebank
AccountExpires: '-'
SubjectUserSid: S-1-5-21-738609754-2819869699-4189121830-1108
OldUacValue: '-'
SamAccountName: '-'
UserAccountControl: '-'
UserWorkstations: '-'
"
2019-03-25T21:28:45.022631+00:00,Powerview Add-DomainObjectAcl DCSync AD Extend Right,data/EVTX-ATTACK-SAMPLES/Persistence/DACL_DCSync_Right_Powerview_ Add-DomainObjectAcl.evtx,1,Microsoft-Windows-Security-Auditing,5136,198242588,DC1.insecurebank.local,"OpCorrelationID: 2EA9670C-F0F9-4D3F-90E5-A087E8C05863
AppCorrelationID: '-'
AttributeSyntaxOID: 2.5.5.15
ObjectDN: DC=insecurebank,DC=local
SubjectLogonId: '0x40f2719'
DSType: '%%14676'
ObjectGUID: C6FAF700-BFE4-452A-A766-424F84C29583
AttributeLDAPDisplayName: nTSecurityDescriptor
SubjectDomainName: insecurebank
SubjectUserSid: S-1-5-21-738609754-2819869699-4189121830-1108
ObjectClass: domainDNS
DSName: insecurebank.local
AttributeValue: O:BAG:BAD:AI(OA;CIIO;RP;4c164200-20c0-11d0-a768-00aa006e0529;4828cc14-1437-45bc-9b07-ad6f015e5f28;RU)(OA;CIIO;RP;5f202010-79a5-11d0-9020-00c04fc2d4cf;4828cc14-1437-45bc-9b07-ad6f015e5f28;RU)(OA;CIIO;RP;5f202010-79a5-11d0-9020-00c04fc2d4cf;bf967aba-0de6-11d0-a285-00aa003049e2;RU)(OA;CIIO;RP;bc0ac240-79a9-11d0-9020-00c04fc2d4cf;4828cc14-1437-45bc-9b07-ad6f015e5f28;RU)(OA;CIIO;RP;bc0ac240-79a9-11d0-9020-00c04fc2d4cf;bf967aba-0de6-11d0-a285-00aa003049e2;RU)(OA;CIIO;RP;59ba2f42-79a2-11d0-9020-00c04fc2d3cf;4828cc14-1437-45bc-9b07-ad6f015e5f28;RU)(OA;CIIO;RP;59ba2f42-79a2-11d0-9020-00c04fc2d3cf;bf967aba-0de6-11d0-a285-00aa003049e2;RU)(OA;CIIO;RP;037088f8-0ae1-11d2-b422-00a0c968f939;4828cc14-1437-45bc-9b07-ad6f015e5f28;RU)(OA;CIIO;RP;037088f8-0ae1-11d2-b422-00a0c968f939;bf967aba-0de6-11d0-a285-00aa003049e2;RU)(OA;;CR;3e0f7e18-2c7a-4c10-ba82-4d926db99a3e;;S-1-5-21-738609754-2819869699-4189121830-522)(OA;;CR;89e95b76-444d-4c62-991a-0facbeda640c;;S-1-5-21-738609754-2819869699-4189121830-1121)(OA;;CR;1131f6aa-9c07-11d1-f79f-00c04fc2dcd2;;S-1-5-21-738609754-2819869699-4189121830-1121)(OA;;CR;1131f6aa-9c07-11d1-f79f-00c04fc2dcd2;;S-1-5-21-738609754-2819869699-4189121830-498)(OA;;CR;1131f6ad-9c07-11d1-f79f-00c04fc2dcd2;;DD)(OA;;CR;1131f6ad-9c07-11d1-f79f-00c04fc2dcd2;;S-1-5-21-738609754-2819869699-4189121830-1121)(OA;CIIO;RP;b7c69e6d-2cc7-11d2-854e-00a0c983f608;bf967a86-0de6-11d0-a285-00aa003049e2;ED)(OA;CIIO;RP;b7c69e6d-2cc7-11d2-854e-00a0c983f608;bf967a9c-0de6-11d0-a285-00aa003049e2;ED)(OA;CIIO;RP;b7c69e6d-2cc7-11d2-854e-00a0c983f608;bf967aba-0de6-11d0-a285-00aa003049e2;ED)(OA;CIIO;WP;ea1b7b93-5e48-46d5-bc6c-4df4fda78a35;bf967a86-0de6-11d0-a285-00aa003049e2;PS)(OA;;CR;89e95b76-444d-4c62-991a-0facbeda640c;;BA)(OA;;CR;1131f6aa-9c07-11d1-f79f-00c04fc2dcd2;;BA)(OA;;CR;1131f6ab-9c07-11d1-f79f-00c04fc2dcd2;;BA)(OA;;CR;1131f6ac-9c07-11d1-f79f-00c04fc2dcd2;;BA)(OA;;CR;1131f6ad-9c07-11d1-f79f-00c04fc2dcd2;;BA)(OA;;CR;1131f6ae-9c07-11d1-f79f-00c04fc2dcd2;;BA)(OA;;CR;e2a36dc9-ae17-47c3-b58b-be34c55ba633;;S-1-5-32-557)(OA;;RP;c7407360-20bf-11d0-a768-00aa006e0529;;RU)(OA;;RP;b8119fd0-04f6-4762-ab7a-4986c76b3f9a;;RU)(OA;CIIO;LCRPLORC;;4828cc14-1437-45bc-9b07-ad6f015e5f28;RU)(OA;CIIO;LCRPLORC;;bf967a9c-0de6-11d0-a285-00aa003049e2;RU)(OA;CIIO;LCRPLORC;;bf967aba-0de6-11d0-a285-00aa003049e2;RU)(OA;;CR;05c74c5e-4deb-43b4-bd9f-86664c2a7fd5;;AU)(OA;;CR;89e95b76-444d-4c62-991a-0facbeda640c;;ED)(OA;;CR;ccc2dc7d-a6ad-4a7a-8846-c04e3cc53501;;AU)(OA;;CR;280f369c-67c7-438e-ae98-1d46f3c6f541;;AU)(OA;;CR;1131f6aa-9c07-11d1-f79f-00c04fc2dcd2;;ED)(OA;;CR;1131f6ab-9c07-11d1-f79f-00c04fc2dcd2;;ED)(OA;;CR;1131f6ac-9c07-11d1-f79f-00c04fc2dcd2;;ED)(OA;;CR;1131f6ae-9c07-11d1-f79f-00c04fc2dcd2;;ED)(OA;;RP;b8119fd0-04f6-4762-ab7a-4986c76b3f9a;;AU)(OA;OICI;RPWP;3f78c3e5-f79a-46bd-a0b8-9d18116ddc79;;PS)(OA;CIIO;RPWPCR;91e647de-d96f-4b70-9557-d63ff4f3ccd8;;PS)(A;;CCLCSWRPWPLOCRRCWDWO;;;DA)(A;CI;CCDCLCSWRPWPDTLOCRSDRCWDWO;;;S-1-5-21-738609754-2819869699-4189121830-519)(A;;RPRC;;;RU)(A;CI;LC;;;RU)(A;CI;CCLCSWRPWPLOCRSDRCWDWO;;;BA)(A;;RP;;;WD)(A;;LCRPLORC;;;ED)(A;;LCRPLORC;;;AU)(A;;CCDCLCSWRPWPDTLOCRSDRCWDWO;;;SY)S:(OU;CISA;WP;f30e3bbe-9ff0-11d1-b603-0000f80367c1;bf967aa5-0de6-11d0-a285-00aa003049e2;WD)(OU;CISA;WP;f30e3bbf-9ff0-11d1-b603-0000f80367c1;bf967aa5-0de6-11d0-a285-00aa003049e2;WD)(AU;SA;CR;;;DU)(AU;SA;CR;;;BA)(AU;SA;WPWDWO;;;WD)
OperationType: '%%14675'
SubjectUserName: bob
"
2019-03-25T21:28:45.022631+00:00,Powerview Add-DomainObjectAcl DCSync AD Extend Right,data/EVTX-ATTACK-SAMPLES/Persistence/DACL_DCSync_Right_Powerview_ Add-DomainObjectAcl.evtx,1,Microsoft-Windows-Security-Auditing,5136,198242589,DC1.insecurebank.local,"OpCorrelationID: 2EA9670C-F0F9-4D3F-90E5-A087E8C05863
AppCorrelationID: '-'
AttributeSyntaxOID: 2.5.5.15
ObjectDN: DC=insecurebank,DC=local
SubjectLogonId: '0x40f2719'
DSType: '%%14676'
ObjectGUID: C6FAF700-BFE4-452A-A766-424F84C29583
AttributeLDAPDisplayName: nTSecurityDescriptor
SubjectDomainName: insecurebank
SubjectUserSid: S-1-5-21-738609754-2819869699-4189121830-1108
ObjectClass: domainDNS
DSName: insecurebank.local
AttributeValue: O:BAG:BAD:AI(OA;CIIO;RP;4c164200-20c0-11d0-a768-00aa006e0529;4828cc14-1437-45bc-9b07-ad6f015e5f28;RU)(OA;CIIO;RP;5f202010-79a5-11d0-9020-00c04fc2d4cf;4828cc14-1437-45bc-9b07-ad6f015e5f28;RU)(OA;CIIO;RP;5f202010-79a5-11d0-9020-00c04fc2d4cf;bf967aba-0de6-11d0-a285-00aa003049e2;RU)(OA;CIIO;RP;bc0ac240-79a9-11d0-9020-00c04fc2d4cf;4828cc14-1437-45bc-9b07-ad6f015e5f28;RU)(OA;CIIO;RP;bc0ac240-79a9-11d0-9020-00c04fc2d4cf;bf967aba-0de6-11d0-a285-00aa003049e2;RU)(OA;CIIO;RP;59ba2f42-79a2-11d0-9020-00c04fc2d3cf;4828cc14-1437-45bc-9b07-ad6f015e5f28;RU)(OA;CIIO;RP;59ba2f42-79a2-11d0-9020-00c04fc2d3cf;bf967aba-0de6-11d0-a285-00aa003049e2;RU)(OA;CIIO;RP;037088f8-0ae1-11d2-b422-00a0c968f939;4828cc14-1437-45bc-9b07-ad6f015e5f28;RU)(OA;CIIO;RP;037088f8-0ae1-11d2-b422-00a0c968f939;bf967aba-0de6-11d0-a285-00aa003049e2;RU)(OA;;CR;3e0f7e18-2c7a-4c10-ba82-4d926db99a3e;;S-1-5-21-738609754-2819869699-4189121830-522)(OA;;CR;89e95b76-444d-4c62-991a-0facbeda640c;;S-1-5-21-738609754-2819869699-4189121830-1121)(OA;;CR;1131f6aa-9c07-11d1-f79f-00c04fc2dcd2;;S-1-5-21-738609754-2819869699-4189121830-1107)(OA;;CR;1131f6aa-9c07-11d1-f79f-00c04fc2dcd2;;S-1-5-21-738609754-2819869699-4189121830-1121)(OA;;CR;1131f6aa-9c07-11d1-f79f-00c04fc2dcd2;;S-1-5-21-738609754-2819869699-4189121830-498)(OA;;CR;1131f6ad-9c07-11d1-f79f-00c04fc2dcd2;;DD)(OA;;CR;1131f6ad-9c07-11d1-f79f-00c04fc2dcd2;;S-1-5-21-738609754-2819869699-4189121830-1121)(OA;CIIO;RP;b7c69e6d-2cc7-11d2-854e-00a0c983f608;bf967a86-0de6-11d0-a285-00aa003049e2;ED)(OA;CIIO;RP;b7c69e6d-2cc7-11d2-854e-00a0c983f608;bf967a9c-0de6-11d0-a285-00aa003049e2;ED)(OA;CIIO;RP;b7c69e6d-2cc7-11d2-854e-00a0c983f608;bf967aba-0de6-11d0-a285-00aa003049e2;ED)(OA;CIIO;WP;ea1b7b93-5e48-46d5-bc6c-4df4fda78a35;bf967a86-0de6-11d0-a285-00aa003049e2;PS)(OA;;CR;89e95b76-444d-4c62-991a-0facbeda640c;;BA)(OA;;CR;1131f6aa-9c07-11d1-f79f-00c04fc2dcd2;;BA)(OA;;CR;1131f6ab-9c07-11d1-f79f-00c04fc2dcd2;;BA)(OA;;CR;1131f6ac-9c07-11d1-f79f-00c04fc2dcd2;;BA)(OA;;CR;1131f6ad-9c07-11d1-f79f-00c04fc2dcd2;;BA)(OA;;CR;1131f6ae-9c07-11d1-f79f-00c04fc2dcd2;;BA)(OA;;CR;e2a36dc9-ae17-47c3-b58b-be34c55ba633;;S-1-5-32-557)(OA;;RP;c7407360-20bf-11d0-a768-00aa006e0529;;RU)(OA;;RP;b8119fd0-04f6-4762-ab7a-4986c76b3f9a;;RU)(OA;CIIO;LCRPLORC;;4828cc14-1437-45bc-9b07-ad6f015e5f28;RU)(OA;CIIO;LCRPLORC;;bf967a9c-0de6-11d0-a285-00aa003049e2;RU)(OA;CIIO;LCRPLORC;;bf967aba-0de6-11d0-a285-00aa003049e2;RU)(OA;;CR;05c74c5e-4deb-43b4-bd9f-86664c2a7fd5;;AU)(OA;;CR;89e95b76-444d-4c62-991a-0facbeda640c;;ED)(OA;;CR;ccc2dc7d-a6ad-4a7a-8846-c04e3cc53501;;AU)(OA;;CR;280f369c-67c7-438e-ae98-1d46f3c6f541;;AU)(OA;;CR;1131f6aa-9c07-11d1-f79f-00c04fc2dcd2;;ED)(OA;;CR;1131f6ab-9c07-11d1-f79f-00c04fc2dcd2;;ED)(OA;;CR;1131f6ac-9c07-11d1-f79f-00c04fc2dcd2;;ED)(OA;;CR;1131f6ae-9c07-11d1-f79f-00c04fc2dcd2;;ED)(OA;;RP;b8119fd0-04f6-4762-ab7a-4986c76b3f9a;;AU)(OA;OICI;RPWP;3f78c3e5-f79a-46bd-a0b8-9d18116ddc79;;PS)(OA;CIIO;RPWPCR;91e647de-d96f-4b70-9557-d63ff4f3ccd8;;PS)(A;;CCLCSWRPWPLOCRRCWDWO;;;DA)(A;CI;CCDCLCSWRPWPDTLOCRSDRCWDWO;;;S-1-5-21-738609754-2819869699-4189121830-519)(A;;RPRC;;;RU)(A;CI;LC;;;RU)(A;CI;CCLCSWRPWPLOCRSDRCWDWO;;;BA)(A;;RP;;;WD)(A;;LCRPLORC;;;ED)(A;;LCRPLORC;;;AU)(A;;CCDCLCSWRPWPDTLOCRSDRCWDWO;;;SY)S:(OU;CISA;WP;f30e3bbe-9ff0-11d1-b603-0000f80367c1;bf967aa5-0de6-11d0-a285-00aa003049e2;WD)(OU;CISA;WP;f30e3bbf-9ff0-11d1-b603-0000f80367c1;bf967aa5-0de6-11d0-a285-00aa003049e2;WD)(AU;SA;CR;;;DU)(AU;SA;CR;;;BA)(AU;SA;WPWDWO;;;WD)
OperationType: '%%14674'
SubjectUserName: bob
"
2019-03-25T21:28:45.023629+00:00,Powerview Add-DomainObjectAcl DCSync AD Extend Right,data/EVTX-ATTACK-SAMPLES/Persistence/DACL_DCSync_Right_Powerview_ Add-DomainObjectAcl.evtx,1,Microsoft-Windows-Security-Auditing,5136,198242590,DC1.insecurebank.local,"OpCorrelationID: A1AA38AA-447E-46C2-ABA0-D205D4D8F873
AppCorrelationID: '-'
AttributeSyntaxOID: 2.5.5.15
ObjectDN: DC=insecurebank,DC=local
SubjectLogonId: '0x40f2719'
DSType: '%%14676'
ObjectGUID: C6FAF700-BFE4-452A-A766-424F84C29583
AttributeLDAPDisplayName: nTSecurityDescriptor
SubjectDomainName: insecurebank
SubjectUserSid: S-1-5-21-738609754-2819869699-4189121830-1108
ObjectClass: domainDNS
DSName: insecurebank.local
AttributeValue: O:BAG:BAD:AI(OA;CIIO;RP;4c164200-20c0-11d0-a768-00aa006e0529;4828cc14-1437-45bc-9b07-ad6f015e5f28;RU)(OA;CIIO;RP;5f202010-79a5-11d0-9020-00c04fc2d4cf;4828cc14-1437-45bc-9b07-ad6f015e5f28;RU)(OA;CIIO;RP;5f202010-79a5-11d0-9020-00c04fc2d4cf;bf967aba-0de6-11d0-a285-00aa003049e2;RU)(OA;CIIO;RP;bc0ac240-79a9-11d0-9020-00c04fc2d4cf;4828cc14-1437-45bc-9b07-ad6f015e5f28;RU)(OA;CIIO;RP;bc0ac240-79a9-11d0-9020-00c04fc2d4cf;bf967aba-0de6-11d0-a285-00aa003049e2;RU)(OA;CIIO;RP;59ba2f42-79a2-11d0-9020-00c04fc2d3cf;4828cc14-1437-45bc-9b07-ad6f015e5f28;RU)(OA;CIIO;RP;59ba2f42-79a2-11d0-9020-00c04fc2d3cf;bf967aba-0de6-11d0-a285-00aa003049e2;RU)(OA;CIIO;RP;037088f8-0ae1-11d2-b422-00a0c968f939;4828cc14-1437-45bc-9b07-ad6f015e5f28;RU)(OA;CIIO;RP;037088f8-0ae1-11d2-b422-00a0c968f939;bf967aba-0de6-11d0-a285-00aa003049e2;RU)(OA;;CR;3e0f7e18-2c7a-4c10-ba82-4d926db99a3e;;S-1-5-21-738609754-2819869699-4189121830-522)(OA;;CR;89e95b76-444d-4c62-991a-0facbeda640c;;S-1-5-21-738609754-2819869699-4189121830-1121)(OA;;CR;1131f6aa-9c07-11d1-f79f-00c04fc2dcd2;;S-1-5-21-738609754-2819869699-4189121830-1107)(OA;;CR;1131f6aa-9c07-11d1-f79f-00c04fc2dcd2;;S-1-5-21-738609754-2819869699-4189121830-1121)(OA;;CR;1131f6aa-9c07-11d1-f79f-00c04fc2dcd2;;S-1-5-21-738609754-2819869699-4189121830-498)(OA;;CR;1131f6ad-9c07-11d1-f79f-00c04fc2dcd2;;DD)(OA;;CR;1131f6ad-9c07-11d1-f79f-00c04fc2dcd2;;S-1-5-21-738609754-2819869699-4189121830-1121)(OA;CIIO;RP;b7c69e6d-2cc7-11d2-854e-00a0c983f608;bf967a86-0de6-11d0-a285-00aa003049e2;ED)(OA;CIIO;RP;b7c69e6d-2cc7-11d2-854e-00a0c983f608;bf967a9c-0de6-11d0-a285-00aa003049e2;ED)(OA;CIIO;RP;b7c69e6d-2cc7-11d2-854e-00a0c983f608;bf967aba-0de6-11d0-a285-00aa003049e2;ED)(OA;CIIO;WP;ea1b7b93-5e48-46d5-bc6c-4df4fda78a35;bf967a86-0de6-11d0-a285-00aa003049e2;PS)(OA;;CR;89e95b76-444d-4c62-991a-0facbeda640c;;BA)(OA;;CR;1131f6aa-9c07-11d1-f79f-00c04fc2dcd2;;BA)(OA;;CR;1131f6ab-9c07-11d1-f79f-00c04fc2dcd2;;BA)(OA;;CR;1131f6ac-9c07-11d1-f79f-00c04fc2dcd2;;BA)(OA;;CR;1131f6ad-9c07-11d1-f79f-00c04fc2dcd2;;BA)(OA;;CR;1131f6ae-9c07-11d1-f79f-00c04fc2dcd2;;BA)(OA;;CR;e2a36dc9-ae17-47c3-b58b-be34c55ba633;;S-1-5-32-557)(OA;;RP;c7407360-20bf-11d0-a768-00aa006e0529;;RU)(OA;;RP;b8119fd0-04f6-4762-ab7a-4986c76b3f9a;;RU)(OA;CIIO;LCRPLORC;;4828cc14-1437-45bc-9b07-ad6f015e5f28;RU)(OA;CIIO;LCRPLORC;;bf967a9c-0de6-11d0-a285-00aa003049e2;RU)(OA;CIIO;LCRPLORC;;bf967aba-0de6-11d0-a285-00aa003049e2;RU)(OA;;CR;05c74c5e-4deb-43b4-bd9f-86664c2a7fd5;;AU)(OA;;CR;89e95b76-444d-4c62-991a-0facbeda640c;;ED)(OA;;CR;ccc2dc7d-a6ad-4a7a-8846-c04e3cc53501;;AU)(OA;;CR;280f369c-67c7-438e-ae98-1d46f3c6f541;;AU)(OA;;CR;1131f6aa-9c07-11d1-f79f-00c04fc2dcd2;;ED)(OA;;CR;1131f6ab-9c07-11d1-f79f-00c04fc2dcd2;;ED)(OA;;CR;1131f6ac-9c07-11d1-f79f-00c04fc2dcd2;;ED)(OA;;CR;1131f6ae-9c07-11d1-f79f-00c04fc2dcd2;;ED)(OA;;RP;b8119fd0-04f6-4762-ab7a-4986c76b3f9a;;AU)(OA;OICI;RPWP;3f78c3e5-f79a-46bd-a0b8-9d18116ddc79;;PS)(OA;CIIO;RPWPCR;91e647de-d96f-4b70-9557-d63ff4f3ccd8;;PS)(A;;CCLCSWRPWPLOCRRCWDWO;;;DA)(A;CI;CCDCLCSWRPWPDTLOCRSDRCWDWO;;;S-1-5-21-738609754-2819869699-4189121830-519)(A;;RPRC;;;RU)(A;CI;LC;;;RU)(A;CI;CCLCSWRPWPLOCRSDRCWDWO;;;BA)(A;;RP;;;WD)(A;;LCRPLORC;;;ED)(A;;LCRPLORC;;;AU)(A;;CCDCLCSWRPWPDTLOCRSDRCWDWO;;;SY)S:(OU;CISA;WP;f30e3bbe-9ff0-11d1-b603-0000f80367c1;bf967aa5-0de6-11d0-a285-00aa003049e2;WD)(OU;CISA;WP;f30e3bbf-9ff0-11d1-b603-0000f80367c1;bf967aa5-0de6-11d0-a285-00aa003049e2;WD)(AU;SA;CR;;;DU)(AU;SA;CR;;;BA)(AU;SA;WPWDWO;;;WD)
OperationType: '%%14675'
SubjectUserName: bob
"
2019-03-25T21:28:45.023629+00:00,Powerview Add-DomainObjectAcl DCSync AD Extend Right,data/EVTX-ATTACK-SAMPLES/Persistence/DACL_DCSync_Right_Powerview_ Add-DomainObjectAcl.evtx,1,Microsoft-Windows-Security-Auditing,5136,198242593,DC1.insecurebank.local,"OpCorrelationID: 57DCCD4C-7381-4371-8480-D74D47019AD8
AppCorrelationID: '-'
AttributeSyntaxOID: 2.5.5.15
ObjectDN: DC=insecurebank,DC=local
SubjectLogonId: '0x40f2719'
DSType: '%%14676'
ObjectGUID: C6FAF700-BFE4-452A-A766-424F84C29583
AttributeLDAPDisplayName: nTSecurityDescriptor
SubjectDomainName: insecurebank
SubjectUserSid: S-1-5-21-738609754-2819869699-4189121830-1108
ObjectClass: domainDNS
DSName: insecurebank.local
AttributeValue: O:BAG:BAD:AI(OA;CIIO;RP;4c164200-20c0-11d0-a768-00aa006e0529;4828cc14-1437-45bc-9b07-ad6f015e5f28;RU)(OA;CIIO;RP;5f202010-79a5-11d0-9020-00c04fc2d4cf;4828cc14-1437-45bc-9b07-ad6f015e5f28;RU)(OA;CIIO;RP;5f202010-79a5-11d0-9020-00c04fc2d4cf;bf967aba-0de6-11d0-a285-00aa003049e2;RU)(OA;CIIO;RP;bc0ac240-79a9-11d0-9020-00c04fc2d4cf;bf967aba-0de6-11d0-a285-00aa003049e2;RU)(OA;CIIO;RP;59ba2f42-79a2-11d0-9020-00c04fc2d3cf;4828cc14-1437-45bc-9b07-ad6f015e5f28;RU)(OA;CIIO;RP;59ba2f42-79a2-11d0-9020-00c04fc2d3cf;bf967aba-0de6-11d0-a285-00aa003049e2;RU)(OA;CIIO;RP;037088f8-0ae1-11d2-b422-00a0c968f939;4828cc14-1437-45bc-9b07-ad6f015e5f28;RU)(OA;CIIO;RP;037088f8-0ae1-11d2-b422-00a0c968f939;bf967aba-0de6-11d0-a285-00aa003049e2;RU)(OA;;CR;3e0f7e18-2c7a-4c10-ba82-4d926db99a3e;;S-1-5-21-738609754-2819869699-4189121830-522)(OA;;CR;89e95b76-444d-4c62-991a-0facbeda640c;;S-1-5-21-738609754-2819869699-4189121830-1107)(OA;;CR;89e95b76-444d-4c62-991a-0facbeda640c;;S-1-5-21-738609754-2819869699-4189121830-1121)(OA;;CR;1131f6aa-9c07-11d1-f79f-00c04fc2dcd2;;S-1-5-21-738609754-2819869699-4189121830-1107)(OA;;CR;1131f6aa-9c07-11d1-f79f-00c04fc2dcd2;;S-1-5-21-738609754-2819869699-4189121830-1121)(OA;;CR;1131f6aa-9c07-11d1-f79f-00c04fc2dcd2;;S-1-5-21-738609754-2819869699-4189121830-498)(OA;;CR;1131f6ad-9c07-11d1-f79f-00c04fc2dcd2;;DD)(OA;;CR;1131f6ad-9c07-11d1-f79f-00c04fc2dcd2;;S-1-5-21-738609754-2819869699-4189121830-1107)(OA;;CR;1131f6ad-9c07-11d1-f79f-00c04fc2dcd2;;S-1-5-21-738609754-2819869699-4189121830-1121)(OA;CIIO;RP;b7c69e6d-2cc7-11d2-854e-00a0c983f608;bf967a86-0de6-11d0-a285-00aa003049e2;ED)(OA;CIIO;RP;b7c69e6d-2cc7-11d2-854e-00a0c983f608;bf967a9c-0de6-11d0-a285-00aa003049e2;ED)(OA;CIIO;RP;b7c69e6d-2cc7-11d2-854e-00a0c983f608;bf967aba-0de6-11d0-a285-00aa003049e2;ED)(OA;CIIO;WP;ea1b7b93-5e48-46d5-bc6c-4df4fda78a35;bf967a86-0de6-11d0-a285-00aa003049e2;PS)(OA;;CR;89e95b76-444d-4c62-991a-0facbeda640c;;BA)(OA;;CR;1131f6aa-9c07-11d1-f79f-00c04fc2dcd2;;BA)(OA;;CR;1131f6ab-9c07-11d1-f79f-00c04fc2dcd2;;BA)(OA;;CR;1131f6ac-9c07-11d1-f79f-00c04fc2dcd2;;BA)(OA;;CR;1131f6ad-9c07-11d1-f79f-00c04fc2dcd2;;BA)(OA;;CR;1131f6ae-9c07-11d1-f79f-00c04fc2dcd2;;BA)(OA;;CR;e2a36dc9-ae17-47c3-b58b-be34c55ba633;;S-1-5-32-557)(OA;;RP;c7407360-20bf-11d0-a768-00aa006e0529;;RU)(OA;;RP;b8119fd0-04f6-4762-ab7a-4986c76b3f9a;;RU)(OA;CIIO;LCRPLORC;;4828cc14-1437-45bc-9b07-ad6f015e5f28;RU)(OA;CIIO;LCRPLORC;;bf967a9c-0de6-11d0-a285-00aa003049e2;RU)(OA;CIIO;LCRPLORC;;bf967aba-0de6-11d0-a285-00aa003049e2;RU)(OA;;CR;05c74c5e-4deb-43b4-bd9f-86664c2a7fd5;;AU)(OA;;CR;89e95b76-444d-4c62-991a-0facbeda640c;;ED)(OA;;CR;ccc2dc7d-a6ad-4a7a-8846-c04e3cc53501;;AU)(OA;;CR;280f369c-67c7-438e-ae98-1d46f3c6f541;;AU)(OA;;CR;1131f6aa-9c07-11d1-f79f-00c04fc2dcd2;;ED)(OA;;CR;1131f6ab-9c07-11d1-f79f-00c04fc2dcd2;;ED)(OA;;CR;1131f6ac-9c07-11d1-f79f-00c04fc2dcd2;;ED)(OA;;CR;1131f6ae-9c07-11d1-f79f-00c04fc2dcd2;;ED)(OA;;RP;b8119fd0-04f6-4762-ab7a-4986c76b3f9a;;AU)(OA;OICI;RPWP;3f78c3e5-f79a-46bd-a0b8-9d18116ddc79;;PS)(OA;CIIO;RPWPCR;91e647de-d96f-4b70-9557-d63ff4f3ccd8;;PS)(A;;CCLCSWRPWPLOCRRCWDWO;;;DA)(A;CI;CCDCLCSWRPWPDTLOCRSDRCWDWO;;;S-1-5-21-738609754-2819869699-4189121830-519)(A;;RPRC;;;RU)(A;CI;LC;;;RU)(A;CI;CCLCSWRPWPLOCRSDRCWDWO;;;BA)(A;;RP;;;WD)(A;;LCRPLORC;;;ED)(A;;LCRPLORC;;;AU)(A;;CCDCLCSWRPWPDTLOCRSDRCWDWO;;;SY)S:(OU;CISA;WP;f30e3bbe-9ff0-11d1-b603-0000f80367c1;bf967aa5-0de6-11d0-a285-00aa003049e2;WD)(OU;CISA;WP;f30e3bbf-9ff0-11d1-b603-0000f80367c1;bf967aa5-0de6-11d0-a285-00aa003049e2;WD)(AU;SA;CR;;;DU)(AU;SA;CR;;;BA)(AU;SA;WPWDWO;;;WD)
OperationType: '%%14674'
SubjectUserName: bob
"
2019-03-25T21:28:45.023629+00:00,Powerview Add-DomainObjectAcl DCSync AD Extend Right,data/EVTX-ATTACK-SAMPLES/Persistence/DACL_DCSync_Right_Powerview_ Add-DomainObjectAcl.evtx,1,Microsoft-Windows-Security-Auditing,5136,198242592,DC1.insecurebank.local,"OpCorrelationID: 57DCCD4C-7381-4371-8480-D74D47019AD8
AppCorrelationID: '-'
AttributeSyntaxOID: 2.5.5.15
ObjectDN: DC=insecurebank,DC=local
SubjectLogonId: '0x40f2719'
DSType: '%%14676'
ObjectGUID: C6FAF700-BFE4-452A-A766-424F84C29583
AttributeLDAPDisplayName: nTSecurityDescriptor
SubjectDomainName: insecurebank
SubjectUserSid: S-1-5-21-738609754-2819869699-4189121830-1108
ObjectClass: domainDNS
DSName: insecurebank.local
AttributeValue: O:BAG:BAD:AI(OA;CIIO;RP;4c164200-20c0-11d0-a768-00aa006e0529;4828cc14-1437-45bc-9b07-ad6f015e5f28;RU)(OA;CIIO;RP;5f202010-79a5-11d0-9020-00c04fc2d4cf;4828cc14-1437-45bc-9b07-ad6f015e5f28;RU)(OA;CIIO;RP;5f202010-79a5-11d0-9020-00c04fc2d4cf;bf967aba-0de6-11d0-a285-00aa003049e2;RU)(OA;CIIO;RP;bc0ac240-79a9-11d0-9020-00c04fc2d4cf;bf967aba-0de6-11d0-a285-00aa003049e2;RU)(OA;CIIO;RP;59ba2f42-79a2-11d0-9020-00c04fc2d3cf;4828cc14-1437-45bc-9b07-ad6f015e5f28;RU)(OA;CIIO;RP;59ba2f42-79a2-11d0-9020-00c04fc2d3cf;bf967aba-0de6-11d0-a285-00aa003049e2;RU)(OA;CIIO;RP;037088f8-0ae1-11d2-b422-00a0c968f939;4828cc14-1437-45bc-9b07-ad6f015e5f28;RU)(OA;CIIO;RP;037088f8-0ae1-11d2-b422-00a0c968f939;bf967aba-0de6-11d0-a285-00aa003049e2;RU)(OA;;CR;3e0f7e18-2c7a-4c10-ba82-4d926db99a3e;;S-1-5-21-738609754-2819869699-4189121830-522)(OA;;CR;89e95b76-444d-4c62-991a-0facbeda640c;;S-1-5-21-738609754-2819869699-4189121830-1121)(OA;;CR;1131f6aa-9c07-11d1-f79f-00c04fc2dcd2;;S-1-5-21-738609754-2819869699-4189121830-1107)(OA;;CR;1131f6aa-9c07-11d1-f79f-00c04fc2dcd2;;S-1-5-21-738609754-2819869699-4189121830-1121)(OA;;CR;1131f6aa-9c07-11d1-f79f-00c04fc2dcd2;;S-1-5-21-738609754-2819869699-4189121830-498)(OA;;CR;1131f6ad-9c07-11d1-f79f-00c04fc2dcd2;;DD)(OA;;CR;1131f6ad-9c07-11d1-f79f-00c04fc2dcd2;;S-1-5-21-738609754-2819869699-4189121830-1107)(OA;;CR;1131f6ad-9c07-11d1-f79f-00c04fc2dcd2;;S-1-5-21-738609754-2819869699-4189121830-1121)(OA;CIIO;RP;b7c69e6d-2cc7-11d2-854e-00a0c983f608;bf967a86-0de6-11d0-a285-00aa003049e2;ED)(OA;CIIO;RP;b7c69e6d-2cc7-11d2-854e-00a0c983f608;bf967a9c-0de6-11d0-a285-00aa003049e2;ED)(OA;CIIO;RP;b7c69e6d-2cc7-11d2-854e-00a0c983f608;bf967aba-0de6-11d0-a285-00aa003049e2;ED)(OA;CIIO;WP;ea1b7b93-5e48-46d5-bc6c-4df4fda78a35;bf967a86-0de6-11d0-a285-00aa003049e2;PS)(OA;;CR;89e95b76-444d-4c62-991a-0facbeda640c;;BA)(OA;;CR;1131f6aa-9c07-11d1-f79f-00c04fc2dcd2;;BA)(OA;;CR;1131f6ab-9c07-11d1-f79f-00c04fc2dcd2;;BA)(OA;;CR;1131f6ac-9c07-11d1-f79f-00c04fc2dcd2;;BA)(OA;;CR;1131f6ad-9c07-11d1-f79f-00c04fc2dcd2;;BA)(OA;;CR;1131f6ae-9c07-11d1-f79f-00c04fc2dcd2;;BA)(OA;;CR;e2a36dc9-ae17-47c3-b58b-be34c55ba633;;S-1-5-32-557)(OA;;RP;c7407360-20bf-11d0-a768-00aa006e0529;;RU)(OA;;RP;b8119fd0-04f6-4762-ab7a-4986c76b3f9a;;RU)(OA;CIIO;LCRPLORC;;4828cc14-1437-45bc-9b07-ad6f015e5f28;RU)(OA;CIIO;LCRPLORC;;bf967a9c-0de6-11d0-a285-00aa003049e2;RU)(OA;CIIO;LCRPLORC;;bf967aba-0de6-11d0-a285-00aa003049e2;RU)(OA;;CR;05c74c5e-4deb-43b4-bd9f-86664c2a7fd5;;AU)(OA;;CR;89e95b76-444d-4c62-991a-0facbeda640c;;ED)(OA;;CR;ccc2dc7d-a6ad-4a7a-8846-c04e3cc53501;;AU)(OA;;CR;280f369c-67c7-438e-ae98-1d46f3c6f541;;AU)(OA;;CR;1131f6aa-9c07-11d1-f79f-00c04fc2dcd2;;ED)(OA;;CR;1131f6ab-9c07-11d1-f79f-00c04fc2dcd2;;ED)(OA;;CR;1131f6ac-9c07-11d1-f79f-00c04fc2dcd2;;ED)(OA;;CR;1131f6ae-9c07-11d1-f79f-00c04fc2dcd2;;ED)(OA;;RP;b8119fd0-04f6-4762-ab7a-4986c76b3f9a;;AU)(OA;OICI;RPWP;3f78c3e5-f79a-46bd-a0b8-9d18116ddc79;;PS)(OA;CIIO;RPWPCR;91e647de-d96f-4b70-9557-d63ff4f3ccd8;;PS)(A;;CCLCSWRPWPLOCRRCWDWO;;;DA)(A;CI;CCDCLCSWRPWPDTLOCRSDRCWDWO;;;S-1-5-21-738609754-2819869699-4189121830-519)(A;;RPRC;;;RU)(A;CI;LC;;;RU)(A;CI;CCLCSWRPWPLOCRSDRCWDWO;;;BA)(A;;RP;;;WD)(A;;LCRPLORC;;;ED)(A;;LCRPLORC;;;AU)(A;;CCDCLCSWRPWPDTLOCRSDRCWDWO;;;SY)S:(OU;CISA;WP;f30e3bbe-9ff0-11d1-b603-0000f80367c1;bf967aa5-0de6-11d0-a285-00aa003049e2;WD)(OU;CISA;WP;f30e3bbf-9ff0-11d1-b603-0000f80367c1;bf967aa5-0de6-11d0-a285-00aa003049e2;WD)(AU;SA;CR;;;DU)(AU;SA;CR;;;BA)(AU;SA;WPWDWO;;;WD)
OperationType: '%%14675'
SubjectUserName: bob
"
2019-03-25T21:28:45.023629+00:00,Powerview Add-DomainObjectAcl DCSync AD Extend Right,data/EVTX-ATTACK-SAMPLES/Persistence/DACL_DCSync_Right_Powerview_ Add-DomainObjectAcl.evtx,1,Microsoft-Windows-Security-Auditing,5136,198242591,DC1.insecurebank.local,"OpCorrelationID: A1AA38AA-447E-46C2-ABA0-D205D4D8F873
AppCorrelationID: '-'
AttributeSyntaxOID: 2.5.5.15
ObjectDN: DC=insecurebank,DC=local
SubjectLogonId: '0x40f2719'
DSType: '%%14676'
ObjectGUID: C6FAF700-BFE4-452A-A766-424F84C29583
AttributeLDAPDisplayName: nTSecurityDescriptor
SubjectDomainName: insecurebank
SubjectUserSid: S-1-5-21-738609754-2819869699-4189121830-1108
ObjectClass: domainDNS
DSName: insecurebank.local
AttributeValue: O:BAG:BAD:AI(OA;CIIO;RP;4c164200-20c0-11d0-a768-00aa006e0529;4828cc14-1437-45bc-9b07-ad6f015e5f28;RU)(OA;CIIO;RP;5f202010-79a5-11d0-9020-00c04fc2d4cf;4828cc14-1437-45bc-9b07-ad6f015e5f28;RU)(OA;CIIO;RP;5f202010-79a5-11d0-9020-00c04fc2d4cf;bf967aba-0de6-11d0-a285-00aa003049e2;RU)(OA;CIIO;RP;bc0ac240-79a9-11d0-9020-00c04fc2d4cf;bf967aba-0de6-11d0-a285-00aa003049e2;RU)(OA;CIIO;RP;59ba2f42-79a2-11d0-9020-00c04fc2d3cf;4828cc14-1437-45bc-9b07-ad6f015e5f28;RU)(OA;CIIO;RP;59ba2f42-79a2-11d0-9020-00c04fc2d3cf;bf967aba-0de6-11d0-a285-00aa003049e2;RU)(OA;CIIO;RP;037088f8-0ae1-11d2-b422-00a0c968f939;4828cc14-1437-45bc-9b07-ad6f015e5f28;RU)(OA;CIIO;RP;037088f8-0ae1-11d2-b422-00a0c968f939;bf967aba-0de6-11d0-a285-00aa003049e2;RU)(OA;;CR;3e0f7e18-2c7a-4c10-ba82-4d926db99a3e;;S-1-5-21-738609754-2819869699-4189121830-522)(OA;;CR;89e95b76-444d-4c62-991a-0facbeda640c;;S-1-5-21-738609754-2819869699-4189121830-1121)(OA;;CR;1131f6aa-9c07-11d1-f79f-00c04fc2dcd2;;S-1-5-21-738609754-2819869699-4189121830-1107)(OA;;CR;1131f6aa-9c07-11d1-f79f-00c04fc2dcd2;;S-1-5-21-738609754-2819869699-4189121830-1121)(OA;;CR;1131f6aa-9c07-11d1-f79f-00c04fc2dcd2;;S-1-5-21-738609754-2819869699-4189121830-498)(OA;;CR;1131f6ad-9c07-11d1-f79f-00c04fc2dcd2;;DD)(OA;;CR;1131f6ad-9c07-11d1-f79f-00c04fc2dcd2;;S-1-5-21-738609754-2819869699-4189121830-1107)(OA;;CR;1131f6ad-9c07-11d1-f79f-00c04fc2dcd2;;S-1-5-21-738609754-2819869699-4189121830-1121)(OA;CIIO;RP;b7c69e6d-2cc7-11d2-854e-00a0c983f608;bf967a86-0de6-11d0-a285-00aa003049e2;ED)(OA;CIIO;RP;b7c69e6d-2cc7-11d2-854e-00a0c983f608;bf967a9c-0de6-11d0-a285-00aa003049e2;ED)(OA;CIIO;RP;b7c69e6d-2cc7-11d2-854e-00a0c983f608;bf967aba-0de6-11d0-a285-00aa003049e2;ED)(OA;CIIO;WP;ea1b7b93-5e48-46d5-bc6c-4df4fda78a35;bf967a86-0de6-11d0-a285-00aa003049e2;PS)(OA;;CR;89e95b76-444d-4c62-991a-0facbeda640c;;BA)(OA;;CR;1131f6aa-9c07-11d1-f79f-00c04fc2dcd2;;BA)(OA;;CR;1131f6ab-9c07-11d1-f79f-00c04fc2dcd2;;BA)(OA;;CR;1131f6ac-9c07-11d1-f79f-00c04fc2dcd2;;BA)(OA;;CR;1131f6ad-9c07-11d1-f79f-00c04fc2dcd2;;BA)(OA;;CR;1131f6ae-9c07-11d1-f79f-00c04fc2dcd2;;BA)(OA;;CR;e2a36dc9-ae17-47c3-b58b-be34c55ba633;;S-1-5-32-557)(OA;;RP;c7407360-20bf-11d0-a768-00aa006e0529;;RU)(OA;;RP;b8119fd0-04f6-4762-ab7a-4986c76b3f9a;;RU)(OA;CIIO;LCRPLORC;;4828cc14-1437-45bc-9b07-ad6f015e5f28;RU)(OA;CIIO;LCRPLORC;;bf967a9c-0de6-11d0-a285-00aa003049e2;RU)(OA;CIIO;LCRPLORC;;bf967aba-0de6-11d0-a285-00aa003049e2;RU)(OA;;CR;05c74c5e-4deb-43b4-bd9f-86664c2a7fd5;;AU)(OA;;CR;89e95b76-444d-4c62-991a-0facbeda640c;;ED)(OA;;CR;ccc2dc7d-a6ad-4a7a-8846-c04e3cc53501;;AU)(OA;;CR;280f369c-67c7-438e-ae98-1d46f3c6f541;;AU)(OA;;CR;1131f6aa-9c07-11d1-f79f-00c04fc2dcd2;;ED)(OA;;CR;1131f6ab-9c07-11d1-f79f-00c04fc2dcd2;;ED)(OA;;CR;1131f6ac-9c07-11d1-f79f-00c04fc2dcd2;;ED)(OA;;CR;1131f6ae-9c07-11d1-f79f-00c04fc2dcd2;;ED)(OA;;RP;b8119fd0-04f6-4762-ab7a-4986c76b3f9a;;AU)(OA;OICI;RPWP;3f78c3e5-f79a-46bd-a0b8-9d18116ddc79;;PS)(OA;CIIO;RPWPCR;91e647de-d96f-4b70-9557-d63ff4f3ccd8;;PS)(A;;CCLCSWRPWPLOCRRCWDWO;;;DA)(A;CI;CCDCLCSWRPWPDTLOCRSDRCWDWO;;;S-1-5-21-738609754-2819869699-4189121830-519)(A;;RPRC;;;RU)(A;CI;LC;;;RU)(A;CI;CCLCSWRPWPLOCRSDRCWDWO;;;BA)(A;;RP;;;WD)(A;;LCRPLORC;;;ED)(A;;LCRPLORC;;;AU)(A;;CCDCLCSWRPWPDTLOCRSDRCWDWO;;;SY)S:(OU;CISA;WP;f30e3bbe-9ff0-11d1-b603-0000f80367c1;bf967aa5-0de6-11d0-a285-00aa003049e2;WD)(OU;CISA;WP;f30e3bbf-9ff0-11d1-b603-0000f80367c1;bf967aa5-0de6-11d0-a285-00aa003049e2;WD)(AU;SA;CR;;;DU)(AU;SA;CR;;;BA)(AU;SA;WPWDWO;;;WD)
OperationType: '%%14674'
SubjectUserName: bob
"
2019-03-25T21:28:45.024634+00:00,Powerview Add-DomainObjectAcl DCSync AD Extend Right,data/EVTX-ATTACK-SAMPLES/Persistence/DACL_DCSync_Right_Powerview_ Add-DomainObjectAcl.evtx,1,Microsoft-Windows-Security-Auditing,5136,198242594,DC1.insecurebank.local,"OpCorrelationID: AF3067E0-BB6F-47C2-AA20-F3F458797F38
AppCorrelationID: '-'
AttributeSyntaxOID: 2.5.5.15
ObjectDN: DC=insecurebank,DC=local
SubjectLogonId: '0x40f2719'
DSType: '%%14676'
ObjectGUID: C6FAF700-BFE4-452A-A766-424F84C29583
AttributeLDAPDisplayName: nTSecurityDescriptor
SubjectDomainName: insecurebank
SubjectUserSid: S-1-5-21-738609754-2819869699-4189121830-1108
ObjectClass: domainDNS
DSName: insecurebank.local
AttributeValue: O:BAG:BAD:AI(OA;CIIO;RP;4c164200-20c0-11d0-a768-00aa006e0529;4828cc14-1437-45bc-9b07-ad6f015e5f28;RU)(OA;CIIO;RP;5f202010-79a5-11d0-9020-00c04fc2d4cf;4828cc14-1437-45bc-9b07-ad6f015e5f28;RU)(OA;CIIO;RP;5f202010-79a5-11d0-9020-00c04fc2d4cf;bf967aba-0de6-11d0-a285-00aa003049e2;RU)(OA;CIIO;RP;bc0ac240-79a9-11d0-9020-00c04fc2d4cf;bf967aba-0de6-11d0-a285-00aa003049e2;RU)(OA;CIIO;RP;59ba2f42-79a2-11d0-9020-00c04fc2d3cf;4828cc14-1437-45bc-9b07-ad6f015e5f28;RU)(OA;CIIO;RP;59ba2f42-79a2-11d0-9020-00c04fc2d3cf;bf967aba-0de6-11d0-a285-00aa003049e2;RU)(OA;CIIO;RP;037088f8-0ae1-11d2-b422-00a0c968f939;4828cc14-1437-45bc-9b07-ad6f015e5f28;RU)(OA;CIIO;RP;037088f8-0ae1-11d2-b422-00a0c968f939;bf967aba-0de6-11d0-a285-00aa003049e2;RU)(OA;;CR;3e0f7e18-2c7a-4c10-ba82-4d926db99a3e;;S-1-5-21-738609754-2819869699-4189121830-522)(OA;;CR;89e95b76-444d-4c62-991a-0facbeda640c;;S-1-5-21-738609754-2819869699-4189121830-1107)(OA;;CR;89e95b76-444d-4c62-991a-0facbeda640c;;S-1-5-21-738609754-2819869699-4189121830-1121)(OA;;CR;1131f6aa-9c07-11d1-f79f-00c04fc2dcd2;;S-1-5-21-738609754-2819869699-4189121830-1107)(OA;;CR;1131f6aa-9c07-11d1-f79f-00c04fc2dcd2;;S-1-5-21-738609754-2819869699-4189121830-1121)(OA;;CR;1131f6aa-9c07-11d1-f79f-00c04fc2dcd2;;S-1-5-21-738609754-2819869699-4189121830-498)(OA;;CR;1131f6ad-9c07-11d1-f79f-00c04fc2dcd2;;DD)(OA;;CR;1131f6ad-9c07-11d1-f79f-00c04fc2dcd2;;S-1-5-21-738609754-2819869699-4189121830-1107)(OA;;CR;1131f6ad-9c07-11d1-f79f-00c04fc2dcd2;;S-1-5-21-738609754-2819869699-4189121830-1121)(OA;CIIO;RP;b7c69e6d-2cc7-11d2-854e-00a0c983f608;bf967a86-0de6-11d0-a285-00aa003049e2;ED)(OA;CIIO;RP;b7c69e6d-2cc7-11d2-854e-00a0c983f608;bf967a9c-0de6-11d0-a285-00aa003049e2;ED)(OA;CIIO;RP;b7c69e6d-2cc7-11d2-854e-00a0c983f608;bf967aba-0de6-11d0-a285-00aa003049e2;ED)(OA;CIIO;WP;ea1b7b93-5e48-46d5-bc6c-4df4fda78a35;bf967a86-0de6-11d0-a285-00aa003049e2;PS)(OA;;CR;89e95b76-444d-4c62-991a-0facbeda640c;;BA)(OA;;CR;1131f6aa-9c07-11d1-f79f-00c04fc2dcd2;;BA)(OA;;CR;1131f6ab-9c07-11d1-f79f-00c04fc2dcd2;;BA)(OA;;CR;1131f6ac-9c07-11d1-f79f-00c04fc2dcd2;;BA)(OA;;CR;1131f6ad-9c07-11d1-f79f-00c04fc2dcd2;;BA)(OA;;CR;1131f6ae-9c07-11d1-f79f-00c04fc2dcd2;;BA)(OA;;CR;e2a36dc9-ae17-47c3-b58b-be34c55ba633;;S-1-5-32-557)(OA;;RP;c7407360-20bf-11d0-a768-00aa006e0529;;RU)(OA;;RP;b8119fd0-04f6-4762-ab7a-4986c76b3f9a;;RU)(OA;CIIO;LCRPLORC;;4828cc14-1437-45bc-9b07-ad6f015e5f28;RU)(OA;CIIO;LCRPLORC;;bf967a9c-0de6-11d0-a285-00aa003049e2;RU)(OA;CIIO;LCRPLORC;;bf967aba-0de6-11d0-a285-00aa003049e2;RU)(OA;;CR;05c74c5e-4deb-43b4-bd9f-86664c2a7fd5;;AU)(OA;;CR;89e95b76-444d-4c62-991a-0facbeda640c;;ED)(OA;;CR;ccc2dc7d-a6ad-4a7a-8846-c04e3cc53501;;AU)(OA;;CR;280f369c-67c7-438e-ae98-1d46f3c6f541;;AU)(OA;;CR;1131f6aa-9c07-11d1-f79f-00c04fc2dcd2;;ED)(OA;;CR;1131f6ab-9c07-11d1-f79f-00c04fc2dcd2;;ED)(OA;;CR;1131f6ac-9c07-11d1-f79f-00c04fc2dcd2;;ED)(OA;;CR;1131f6ae-9c07-11d1-f79f-00c04fc2dcd2;;ED)(OA;;RP;b8119fd0-04f6-4762-ab7a-4986c76b3f9a;;AU)(OA;OICI;RPWP;3f78c3e5-f79a-46bd-a0b8-9d18116ddc79;;PS)(OA;CIIO;RPWPCR;91e647de-d96f-4b70-9557-d63ff4f3ccd8;;PS)(A;;CCLCSWRPWPLOCRRCWDWO;;;DA)(A;CI;CCDCLCSWRPWPDTLOCRSDRCWDWO;;;S-1-5-21-738609754-2819869699-4189121830-519)(A;;RPRC;;;RU)(A;CI;LC;;;RU)(A;CI;CCLCSWRPWPLOCRSDRCWDWO;;;BA)(A;;RP;;;WD)(A;;LCRPLORC;;;ED)(A;;LCRPLORC;;;AU)(A;;CCDCLCSWRPWPDTLOCRSDRCWDWO;;;SY)S:(OU;CISA;WP;f30e3bbe-9ff0-11d1-b603-0000f80367c1;bf967aa5-0de6-11d0-a285-00aa003049e2;WD)(OU;CISA;WP;f30e3bbf-9ff0-11d1-b603-0000f80367c1;bf967aa5-0de6-11d0-a285-00aa003049e2;WD)(AU;SA;CR;;;DU)(AU;SA;CR;;;BA)(AU;SA;WPWDWO;;;WD)
OperationType: '%%14675'
SubjectUserName: bob
"
2019-03-25T21:28:45.024634+00:00,Powerview Add-DomainObjectAcl DCSync AD Extend Right,data/EVTX-ATTACK-SAMPLES/Persistence/DACL_DCSync_Right_Powerview_ Add-DomainObjectAcl.evtx,1,Microsoft-Windows-Security-Auditing,5136,198242596,DC1.insecurebank.local,"OpCorrelationID: 30F197FC-BECA-48D6-923E-A52A437119D3
AppCorrelationID: '-'
AttributeSyntaxOID: 2.5.5.15
ObjectDN: DC=insecurebank,DC=local
SubjectLogonId: '0x40f2719'
DSType: '%%14676'
ObjectGUID: C6FAF700-BFE4-452A-A766-424F84C29583
AttributeLDAPDisplayName: nTSecurityDescriptor
SubjectDomainName: insecurebank
SubjectUserSid: S-1-5-21-738609754-2819869699-4189121830-1108
ObjectClass: domainDNS
DSName: insecurebank.local
AttributeValue: O:BAG:BAD:AI(OA;CIIO;RP;4c164200-20c0-11d0-a768-00aa006e0529;4828cc14-1437-45bc-9b07-ad6f015e5f28;RU)(OA;CIIO;RP;5f202010-79a5-11d0-9020-00c04fc2d4cf;4828cc14-1437-45bc-9b07-ad6f015e5f28;RU)(OA;CIIO;RP;5f202010-79a5-11d0-9020-00c04fc2d4cf;bf967aba-0de6-11d0-a285-00aa003049e2;RU)(OA;CIIO;RP;bc0ac240-79a9-11d0-9020-00c04fc2d4cf;bf967aba-0de6-11d0-a285-00aa003049e2;RU)(OA;CIIO;RP;59ba2f42-79a2-11d0-9020-00c04fc2d3cf;4828cc14-1437-45bc-9b07-ad6f015e5f28;RU)(OA;CIIO;RP;59ba2f42-79a2-11d0-9020-00c04fc2d3cf;bf967aba-0de6-11d0-a285-00aa003049e2;RU)(OA;CIIO;RP;037088f8-0ae1-11d2-b422-00a0c968f939;4828cc14-1437-45bc-9b07-ad6f015e5f28;RU)(OA;CIIO;RP;037088f8-0ae1-11d2-b422-00a0c968f939;bf967aba-0de6-11d0-a285-00aa003049e2;RU)(OA;;CR;3e0f7e18-2c7a-4c10-ba82-4d926db99a3e;;S-1-5-21-738609754-2819869699-4189121830-522)(OA;;CR;89e95b76-444d-4c62-991a-0facbeda640c;;S-1-5-21-738609754-2819869699-4189121830-1107)(OA;;CR;89e95b76-444d-4c62-991a-0facbeda640c;;S-1-5-21-738609754-2819869699-4189121830-1121)(OA;;CR;1131f6aa-9c07-11d1-f79f-00c04fc2dcd2;;S-1-5-21-738609754-2819869699-4189121830-1107)(OA;;CR;1131f6aa-9c07-11d1-f79f-00c04fc2dcd2;;S-1-5-21-738609754-2819869699-4189121830-1121)(OA;;CR;1131f6aa-9c07-11d1-f79f-00c04fc2dcd2;;S-1-5-21-738609754-2819869699-4189121830-498)(OA;;CR;1131f6ad-9c07-11d1-f79f-00c04fc2dcd2;;DD)(OA;;CR;1131f6ad-9c07-11d1-f79f-00c04fc2dcd2;;S-1-5-21-738609754-2819869699-4189121830-1107)(OA;;CR;1131f6ad-9c07-11d1-f79f-00c04fc2dcd2;;S-1-5-21-738609754-2819869699-4189121830-1121)(OA;CIIO;RP;b7c69e6d-2cc7-11d2-854e-00a0c983f608;bf967a86-0de6-11d0-a285-00aa003049e2;ED)(OA;CIIO;RP;b7c69e6d-2cc7-11d2-854e-00a0c983f608;bf967a9c-0de6-11d0-a285-00aa003049e2;ED)(OA;CIIO;RP;b7c69e6d-2cc7-11d2-854e-00a0c983f608;bf967aba-0de6-11d0-a285-00aa003049e2;ED)(OA;CIIO;WP;ea1b7b93-5e48-46d5-bc6c-4df4fda78a35;bf967a86-0de6-11d0-a285-00aa003049e2;PS)(OA;;CR;89e95b76-444d-4c62-991a-0facbeda640c;;BA)(OA;;CR;1131f6aa-9c07-11d1-f79f-00c04fc2dcd2;;BA)(OA;;CR;1131f6ab-9c07-11d1-f79f-00c04fc2dcd2;;BA)(OA;;CR;1131f6ac-9c07-11d1-f79f-00c04fc2dcd2;;BA)(OA;;CR;1131f6ad-9c07-11d1-f79f-00c04fc2dcd2;;BA)(OA;;CR;1131f6ae-9c07-11d1-f79f-00c04fc2dcd2;;BA)(OA;;CR;e2a36dc9-ae17-47c3-b58b-be34c55ba633;;S-1-5-32-557)(OA;;RP;c7407360-20bf-11d0-a768-00aa006e0529;;RU)(OA;;RP;b8119fd0-04f6-4762-ab7a-4986c76b3f9a;;RU)(OA;CIIO;LCRPLORC;;4828cc14-1437-45bc-9b07-ad6f015e5f28;RU)(OA;CIIO;LCRPLORC;;bf967a9c-0de6-11d0-a285-00aa003049e2;RU)(OA;CIIO;LCRPLORC;;bf967aba-0de6-11d0-a285-00aa003049e2;RU)(OA;;CR;05c74c5e-4deb-43b4-bd9f-86664c2a7fd5;;AU)(OA;;CR;89e95b76-444d-4c62-991a-0facbeda640c;;ED)(OA;;CR;ccc2dc7d-a6ad-4a7a-8846-c04e3cc53501;;AU)(OA;;CR;280f369c-67c7-438e-ae98-1d46f3c6f541;;AU)(OA;;CR;1131f6aa-9c07-11d1-f79f-00c04fc2dcd2;;ED)(OA;;CR;1131f6ab-9c07-11d1-f79f-00c04fc2dcd2;;ED)(OA;;CR;1131f6ac-9c07-11d1-f79f-00c04fc2dcd2;;ED)(OA;;CR;1131f6ae-9c07-11d1-f79f-00c04fc2dcd2;;ED)(OA;;RP;b8119fd0-04f6-4762-ab7a-4986c76b3f9a;;AU)(OA;OICI;RPWP;3f78c3e5-f79a-46bd-a0b8-9d18116ddc79;;PS)(OA;CIIO;RPWPCR;91e647de-d96f-4b70-9557-d63ff4f3ccd8;;PS)(A;;CCLCSWRPWPLOCRRCWDWO;;;DA)(A;CI;CCDCLCSWRPWPDTLOCRSDRCWDWO;;;S-1-5-21-738609754-2819869699-4189121830-519)(A;;RPRC;;;RU)(A;CI;LC;;;RU)(A;CI;CCLCSWRPWPLOCRSDRCWDWO;;;BA)(A;;RP;;;WD)(A;;LCRPLORC;;;ED)(A;;LCRPLORC;;;AU)(A;;CCDCLCSWRPWPDTLOCRSDRCWDWO;;;SY)S:(OU;CISA;WP;f30e3bbe-9ff0-11d1-b603-0000f80367c1;bf967aa5-0de6-11d0-a285-00aa003049e2;WD)(OU;CISA;WP;f30e3bbf-9ff0-11d1-b603-0000f80367c1;bf967aa5-0de6-11d0-a285-00aa003049e2;WD)(AU;SA;CR;;;DU)(AU;SA;CR;;;BA)(AU;SA;WPWDWO;;;WD)
OperationType: '%%14675'
SubjectUserName: bob
"
2019-03-25T21:28:45.024634+00:00,Powerview Add-DomainObjectAcl DCSync AD Extend Right,data/EVTX-ATTACK-SAMPLES/Persistence/DACL_DCSync_Right_Powerview_ Add-DomainObjectAcl.evtx,1,Microsoft-Windows-Security-Auditing,5136,198242595,DC1.insecurebank.local,"OpCorrelationID: AF3067E0-BB6F-47C2-AA20-F3F458797F38
AppCorrelationID: '-'
AttributeSyntaxOID: 2.5.5.15
ObjectDN: DC=insecurebank,DC=local
SubjectLogonId: '0x40f2719'
DSType: '%%14676'
ObjectGUID: C6FAF700-BFE4-452A-A766-424F84C29583
AttributeLDAPDisplayName: nTSecurityDescriptor
SubjectDomainName: insecurebank
SubjectUserSid: S-1-5-21-738609754-2819869699-4189121830-1108
ObjectClass: domainDNS
DSName: insecurebank.local
AttributeValue: O:BAG:BAD:AI(OA;CIIO;RP;4c164200-20c0-11d0-a768-00aa006e0529;4828cc14-1437-45bc-9b07-ad6f015e5f28;RU)(OA;CIIO;RP;5f202010-79a5-11d0-9020-00c04fc2d4cf;4828cc14-1437-45bc-9b07-ad6f015e5f28;RU)(OA;CIIO;RP;5f202010-79a5-11d0-9020-00c04fc2d4cf;bf967aba-0de6-11d0-a285-00aa003049e2;RU)(OA;CIIO;RP;bc0ac240-79a9-11d0-9020-00c04fc2d4cf;bf967aba-0de6-11d0-a285-00aa003049e2;RU)(OA;CIIO;RP;59ba2f42-79a2-11d0-9020-00c04fc2d3cf;4828cc14-1437-45bc-9b07-ad6f015e5f28;RU)(OA;CIIO;RP;59ba2f42-79a2-11d0-9020-00c04fc2d3cf;bf967aba-0de6-11d0-a285-00aa003049e2;RU)(OA;CIIO;RP;037088f8-0ae1-11d2-b422-00a0c968f939;4828cc14-1437-45bc-9b07-ad6f015e5f28;RU)(OA;CIIO;RP;037088f8-0ae1-11d2-b422-00a0c968f939;bf967aba-0de6-11d0-a285-00aa003049e2;RU)(OA;;CR;3e0f7e18-2c7a-4c10-ba82-4d926db99a3e;;S-1-5-21-738609754-2819869699-4189121830-522)(OA;;CR;89e95b76-444d-4c62-991a-0facbeda640c;;S-1-5-21-738609754-2819869699-4189121830-1107)(OA;;CR;89e95b76-444d-4c62-991a-0facbeda640c;;S-1-5-21-738609754-2819869699-4189121830-1121)(OA;;CR;1131f6aa-9c07-11d1-f79f-00c04fc2dcd2;;S-1-5-21-738609754-2819869699-4189121830-1107)(OA;;CR;1131f6aa-9c07-11d1-f79f-00c04fc2dcd2;;S-1-5-21-738609754-2819869699-4189121830-1121)(OA;;CR;1131f6aa-9c07-11d1-f79f-00c04fc2dcd2;;S-1-5-21-738609754-2819869699-4189121830-498)(OA;;CR;1131f6ad-9c07-11d1-f79f-00c04fc2dcd2;;DD)(OA;;CR;1131f6ad-9c07-11d1-f79f-00c04fc2dcd2;;S-1-5-21-738609754-2819869699-4189121830-1107)(OA;;CR;1131f6ad-9c07-11d1-f79f-00c04fc2dcd2;;S-1-5-21-738609754-2819869699-4189121830-1121)(OA;CIIO;RP;b7c69e6d-2cc7-11d2-854e-00a0c983f608;bf967a86-0de6-11d0-a285-00aa003049e2;ED)(OA;CIIO;RP;b7c69e6d-2cc7-11d2-854e-00a0c983f608;bf967a9c-0de6-11d0-a285-00aa003049e2;ED)(OA;CIIO;RP;b7c69e6d-2cc7-11d2-854e-00a0c983f608;bf967aba-0de6-11d0-a285-00aa003049e2;ED)(OA;CIIO;WP;ea1b7b93-5e48-46d5-bc6c-4df4fda78a35;bf967a86-0de6-11d0-a285-00aa003049e2;PS)(OA;;CR;89e95b76-444d-4c62-991a-0facbeda640c;;BA)(OA;;CR;1131f6aa-9c07-11d1-f79f-00c04fc2dcd2;;BA)(OA;;CR;1131f6ab-9c07-11d1-f79f-00c04fc2dcd2;;BA)(OA;;CR;1131f6ac-9c07-11d1-f79f-00c04fc2dcd2;;BA)(OA;;CR;1131f6ad-9c07-11d1-f79f-00c04fc2dcd2;;BA)(OA;;CR;1131f6ae-9c07-11d1-f79f-00c04fc2dcd2;;BA)(OA;;CR;e2a36dc9-ae17-47c3-b58b-be34c55ba633;;S-1-5-32-557)(OA;;RP;c7407360-20bf-11d0-a768-00aa006e0529;;RU)(OA;;RP;b8119fd0-04f6-4762-ab7a-4986c76b3f9a;;RU)(OA;CIIO;LCRPLORC;;4828cc14-1437-45bc-9b07-ad6f015e5f28;RU)(OA;CIIO;LCRPLORC;;bf967a9c-0de6-11d0-a285-00aa003049e2;RU)(OA;CIIO;LCRPLORC;;bf967aba-0de6-11d0-a285-00aa003049e2;RU)(OA;;CR;05c74c5e-4deb-43b4-bd9f-86664c2a7fd5;;AU)(OA;;CR;89e95b76-444d-4c62-991a-0facbeda640c;;ED)(OA;;CR;ccc2dc7d-a6ad-4a7a-8846-c04e3cc53501;;AU)(OA;;CR;280f369c-67c7-438e-ae98-1d46f3c6f541;;AU)(OA;;CR;1131f6aa-9c07-11d1-f79f-00c04fc2dcd2;;ED)(OA;;CR;1131f6ab-9c07-11d1-f79f-00c04fc2dcd2;;ED)(OA;;CR;1131f6ac-9c07-11d1-f79f-00c04fc2dcd2;;ED)(OA;;CR;1131f6ae-9c07-11d1-f79f-00c04fc2dcd2;;ED)(OA;;RP;b8119fd0-04f6-4762-ab7a-4986c76b3f9a;;AU)(OA;OICI;RPWP;3f78c3e5-f79a-46bd-a0b8-9d18116ddc79;;PS)(OA;CIIO;RPWPCR;91e647de-d96f-4b70-9557-d63ff4f3ccd8;;PS)(A;;CCLCSWRPWPLOCRRCWDWO;;;DA)(A;CI;CCDCLCSWRPWPDTLOCRSDRCWDWO;;;S-1-5-21-738609754-2819869699-4189121830-519)(A;;RPRC;;;RU)(A;CI;LC;;;RU)(A;CI;CCLCSWRPWPLOCRSDRCWDWO;;;BA)(A;;RP;;;WD)(A;;LCRPLORC;;;ED)(A;;LCRPLORC;;;AU)(A;;CCDCLCSWRPWPDTLOCRSDRCWDWO;;;SY)S:(OU;CISA;WP;f30e3bbe-9ff0-11d1-b603-0000f80367c1;bf967aa5-0de6-11d0-a285-00aa003049e2;WD)(OU;CISA;WP;f30e3bbf-9ff0-11d1-b603-0000f80367c1;bf967aa5-0de6-11d0-a285-00aa003049e2;WD)(AU;SA;CR;;;DU)(AU;SA;CR;;;BA)(AU;SA;WPWDWO;;;WD)
OperationType: '%%14674'
SubjectUserName: bob
"
2019-03-25T21:28:45.025627+00:00,Powerview Add-DomainObjectAcl DCSync AD Extend Right,data/EVTX-ATTACK-SAMPLES/Persistence/DACL_DCSync_Right_Powerview_ Add-DomainObjectAcl.evtx,1,Microsoft-Windows-Security-Auditing,5136,198242600,DC1.insecurebank.local,"OpCorrelationID: 8E6BE6CD-81E7-4C8C-8EB0-50CA85B4950C
AppCorrelationID: '-'
AttributeSyntaxOID: 2.5.5.15
ObjectDN: DC=insecurebank,DC=local
SubjectLogonId: '0x40f2719'
DSType: '%%14676'
ObjectGUID: C6FAF700-BFE4-452A-A766-424F84C29583
AttributeLDAPDisplayName: nTSecurityDescriptor
SubjectDomainName: insecurebank
SubjectUserSid: S-1-5-21-738609754-2819869699-4189121830-1108
ObjectClass: domainDNS
DSName: insecurebank.local
AttributeValue: O:BAG:BAD:AI(OA;CIIO;RP;4c164200-20c0-11d0-a768-00aa006e0529;4828cc14-1437-45bc-9b07-ad6f015e5f28;RU)(OA;CIIO;RP;5f202010-79a5-11d0-9020-00c04fc2d4cf;4828cc14-1437-45bc-9b07-ad6f015e5f28;RU)(OA;CIIO;RP;5f202010-79a5-11d0-9020-00c04fc2d4cf;bf967aba-0de6-11d0-a285-00aa003049e2;RU)(OA;CIIO;RP;bc0ac240-79a9-11d0-9020-00c04fc2d4cf;bf967aba-0de6-11d0-a285-00aa003049e2;RU)(OA;CIIO;RP;59ba2f42-79a2-11d0-9020-00c04fc2d3cf;4828cc14-1437-45bc-9b07-ad6f015e5f28;RU)(OA;CIIO;RP;59ba2f42-79a2-11d0-9020-00c04fc2d3cf;bf967aba-0de6-11d0-a285-00aa003049e2;RU)(OA;CIIO;RP;037088f8-0ae1-11d2-b422-00a0c968f939;4828cc14-1437-45bc-9b07-ad6f015e5f28;RU)(OA;CIIO;RP;037088f8-0ae1-11d2-b422-00a0c968f939;bf967aba-0de6-11d0-a285-00aa003049e2;RU)(OA;;CR;3e0f7e18-2c7a-4c10-ba82-4d926db99a3e;;S-1-5-21-738609754-2819869699-4189121830-522)(OA;;CR;89e95b76-444d-4c62-991a-0facbeda640c;;S-1-5-21-738609754-2819869699-4189121830-1107)(OA;;CR;89e95b76-444d-4c62-991a-0facbeda640c;;S-1-5-21-738609754-2819869699-4189121830-1121)(OA;;CR;1131f6aa-9c07-11d1-f79f-00c04fc2dcd2;;S-1-5-21-738609754-2819869699-4189121830-1107)(OA;;CR;1131f6aa-9c07-11d1-f79f-00c04fc2dcd2;;S-1-5-21-738609754-2819869699-4189121830-1121)(OA;;CR;1131f6aa-9c07-11d1-f79f-00c04fc2dcd2;;S-1-5-21-738609754-2819869699-4189121830-498)(OA;;CR;1131f6ad-9c07-11d1-f79f-00c04fc2dcd2;;DD)(OA;;CR;1131f6ad-9c07-11d1-f79f-00c04fc2dcd2;;S-1-5-21-738609754-2819869699-4189121830-1107)(OA;;CR;1131f6ad-9c07-11d1-f79f-00c04fc2dcd2;;S-1-5-21-738609754-2819869699-4189121830-1121)(OA;CIIO;RP;b7c69e6d-2cc7-11d2-854e-00a0c983f608;bf967a86-0de6-11d0-a285-00aa003049e2;ED)(OA;CIIO;RP;b7c69e6d-2cc7-11d2-854e-00a0c983f608;bf967a9c-0de6-11d0-a285-00aa003049e2;ED)(OA;CIIO;RP;b7c69e6d-2cc7-11d2-854e-00a0c983f608;bf967aba-0de6-11d0-a285-00aa003049e2;ED)(OA;CIIO;WP;ea1b7b93-5e48-46d5-bc6c-4df4fda78a35;bf967a86-0de6-11d0-a285-00aa003049e2;PS)(OA;;CR;89e95b76-444d-4c62-991a-0facbeda640c;;BA)(OA;;CR;1131f6aa-9c07-11d1-f79f-00c04fc2dcd2;;BA)(OA;;CR;1131f6ab-9c07-11d1-f79f-00c04fc2dcd2;;BA)(OA;;CR;1131f6ac-9c07-11d1-f79f-00c04fc2dcd2;;BA)(OA;;CR;1131f6ad-9c07-11d1-f79f-00c04fc2dcd2;;BA)(OA;;CR;1131f6ae-9c07-11d1-f79f-00c04fc2dcd2;;BA)(OA;;CR;e2a36dc9-ae17-47c3-b58b-be34c55ba633;;S-1-5-32-557)(OA;;RP;c7407360-20bf-11d0-a768-00aa006e0529;;RU)(OA;;RP;b8119fd0-04f6-4762-ab7a-4986c76b3f9a;;RU)(OA;CIIO;LCRPLORC;;4828cc14-1437-45bc-9b07-ad6f015e5f28;RU)(OA;CIIO;LCRPLORC;;bf967a9c-0de6-11d0-a285-00aa003049e2;RU)(OA;CIIO;LCRPLORC;;bf967aba-0de6-11d0-a285-00aa003049e2;RU)(OA;;CR;05c74c5e-4deb-43b4-bd9f-86664c2a7fd5;;AU)(OA;;CR;89e95b76-444d-4c62-991a-0facbeda640c;;ED)(OA;;CR;ccc2dc7d-a6ad-4a7a-8846-c04e3cc53501;;AU)(OA;;CR;280f369c-67c7-438e-ae98-1d46f3c6f541;;AU)(OA;;CR;1131f6aa-9c07-11d1-f79f-00c04fc2dcd2;;ED)(OA;;CR;1131f6ab-9c07-11d1-f79f-00c04fc2dcd2;;ED)(OA;;CR;1131f6ac-9c07-11d1-f79f-00c04fc2dcd2;;ED)(OA;;CR;1131f6ae-9c07-11d1-f79f-00c04fc2dcd2;;ED)(OA;;RP;b8119fd0-04f6-4762-ab7a-4986c76b3f9a;;AU)(OA;OICI;RPWP;3f78c3e5-f79a-46bd-a0b8-9d18116ddc79;;PS)(OA;CIIO;RPWPCR;91e647de-d96f-4b70-9557-d63ff4f3ccd8;;PS)(A;;CCLCSWRPWPLOCRRCWDWO;;;DA)(A;CI;CCDCLCSWRPWPDTLOCRSDRCWDWO;;;S-1-5-21-738609754-2819869699-4189121830-519)(A;;RPRC;;;RU)(A;CI;LC;;;RU)(A;CI;CCLCSWRPWPLOCRSDRCWDWO;;;BA)(A;;RP;;;WD)(A;;LCRPLORC;;;ED)(A;;LCRPLORC;;;AU)(A;;CCDCLCSWRPWPDTLOCRSDRCWDWO;;;SY)S:(OU;CISA;WP;f30e3bbe-9ff0-11d1-b603-0000f80367c1;bf967aa5-0de6-11d0-a285-00aa003049e2;WD)(OU;CISA;WP;f30e3bbf-9ff0-11d1-b603-0000f80367c1;bf967aa5-0de6-11d0-a285-00aa003049e2;WD)(AU;SA;CR;;;DU)(AU;SA;CR;;;BA)(AU;SA;WPWDWO;;;WD)
OperationType: '%%14675'
SubjectUserName: bob
"
2019-03-25T21:28:45.025627+00:00,Powerview Add-DomainObjectAcl DCSync AD Extend Right,data/EVTX-ATTACK-SAMPLES/Persistence/DACL_DCSync_Right_Powerview_ Add-DomainObjectAcl.evtx,1,Microsoft-Windows-Security-Auditing,5136,198242597,DC1.insecurebank.local,"OpCorrelationID: 30F197FC-BECA-48D6-923E-A52A437119D3
AppCorrelationID: '-'
AttributeSyntaxOID: 2.5.5.15
ObjectDN: DC=insecurebank,DC=local
SubjectLogonId: '0x40f2719'
DSType: '%%14676'
ObjectGUID: C6FAF700-BFE4-452A-A766-424F84C29583
AttributeLDAPDisplayName: nTSecurityDescriptor
SubjectDomainName: insecurebank
SubjectUserSid: S-1-5-21-738609754-2819869699-4189121830-1108
ObjectClass: domainDNS
DSName: insecurebank.local
AttributeValue: O:BAG:BAD:AI(OA;CIIO;RP;4c164200-20c0-11d0-a768-00aa006e0529;4828cc14-1437-45bc-9b07-ad6f015e5f28;RU)(OA;CIIO;RP;5f202010-79a5-11d0-9020-00c04fc2d4cf;4828cc14-1437-45bc-9b07-ad6f015e5f28;RU)(OA;CIIO;RP;5f202010-79a5-11d0-9020-00c04fc2d4cf;bf967aba-0de6-11d0-a285-00aa003049e2;RU)(OA;CIIO;RP;bc0ac240-79a9-11d0-9020-00c04fc2d4cf;bf967aba-0de6-11d0-a285-00aa003049e2;RU)(OA;CIIO;RP;59ba2f42-79a2-11d0-9020-00c04fc2d3cf;4828cc14-1437-45bc-9b07-ad6f015e5f28;RU)(OA;CIIO;RP;59ba2f42-79a2-11d0-9020-00c04fc2d3cf;bf967aba-0de6-11d0-a285-00aa003049e2;RU)(OA;CIIO;RP;037088f8-0ae1-11d2-b422-00a0c968f939;4828cc14-1437-45bc-9b07-ad6f015e5f28;RU)(OA;CIIO;RP;037088f8-0ae1-11d2-b422-00a0c968f939;bf967aba-0de6-11d0-a285-00aa003049e2;RU)(OA;;CR;3e0f7e18-2c7a-4c10-ba82-4d926db99a3e;;S-1-5-21-738609754-2819869699-4189121830-522)(OA;;CR;89e95b76-444d-4c62-991a-0facbeda640c;;S-1-5-21-738609754-2819869699-4189121830-1107)(OA;;CR;89e95b76-444d-4c62-991a-0facbeda640c;;S-1-5-21-738609754-2819869699-4189121830-1121)(OA;;CR;1131f6aa-9c07-11d1-f79f-00c04fc2dcd2;;S-1-5-21-738609754-2819869699-4189121830-1107)(OA;;CR;1131f6aa-9c07-11d1-f79f-00c04fc2dcd2;;S-1-5-21-738609754-2819869699-4189121830-1121)(OA;;CR;1131f6aa-9c07-11d1-f79f-00c04fc2dcd2;;S-1-5-21-738609754-2819869699-4189121830-498)(OA;;CR;1131f6ad-9c07-11d1-f79f-00c04fc2dcd2;;DD)(OA;;CR;1131f6ad-9c07-11d1-f79f-00c04fc2dcd2;;S-1-5-21-738609754-2819869699-4189121830-1107)(OA;;CR;1131f6ad-9c07-11d1-f79f-00c04fc2dcd2;;S-1-5-21-738609754-2819869699-4189121830-1121)(OA;CIIO;RP;b7c69e6d-2cc7-11d2-854e-00a0c983f608;bf967a86-0de6-11d0-a285-00aa003049e2;ED)(OA;CIIO;RP;b7c69e6d-2cc7-11d2-854e-00a0c983f608;bf967a9c-0de6-11d0-a285-00aa003049e2;ED)(OA;CIIO;RP;b7c69e6d-2cc7-11d2-854e-00a0c983f608;bf967aba-0de6-11d0-a285-00aa003049e2;ED)(OA;CIIO;WP;ea1b7b93-5e48-46d5-bc6c-4df4fda78a35;bf967a86-0de6-11d0-a285-00aa003049e2;PS)(OA;;CR;89e95b76-444d-4c62-991a-0facbeda640c;;BA)(OA;;CR;1131f6aa-9c07-11d1-f79f-00c04fc2dcd2;;BA)(OA;;CR;1131f6ab-9c07-11d1-f79f-00c04fc2dcd2;;BA)(OA;;CR;1131f6ac-9c07-11d1-f79f-00c04fc2dcd2;;BA)(OA;;CR;1131f6ad-9c07-11d1-f79f-00c04fc2dcd2;;BA)(OA;;CR;1131f6ae-9c07-11d1-f79f-00c04fc2dcd2;;BA)(OA;;CR;e2a36dc9-ae17-47c3-b58b-be34c55ba633;;S-1-5-32-557)(OA;;RP;c7407360-20bf-11d0-a768-00aa006e0529;;RU)(OA;;RP;b8119fd0-04f6-4762-ab7a-4986c76b3f9a;;RU)(OA;CIIO;LCRPLORC;;4828cc14-1437-45bc-9b07-ad6f015e5f28;RU)(OA;CIIO;LCRPLORC;;bf967a9c-0de6-11d0-a285-00aa003049e2;RU)(OA;CIIO;LCRPLORC;;bf967aba-0de6-11d0-a285-00aa003049e2;RU)(OA;;CR;05c74c5e-4deb-43b4-bd9f-86664c2a7fd5;;AU)(OA;;CR;89e95b76-444d-4c62-991a-0facbeda640c;;ED)(OA;;CR;ccc2dc7d-a6ad-4a7a-8846-c04e3cc53501;;AU)(OA;;CR;280f369c-67c7-438e-ae98-1d46f3c6f541;;AU)(OA;;CR;1131f6aa-9c07-11d1-f79f-00c04fc2dcd2;;ED)(OA;;CR;1131f6ab-9c07-11d1-f79f-00c04fc2dcd2;;ED)(OA;;CR;1131f6ac-9c07-11d1-f79f-00c04fc2dcd2;;ED)(OA;;CR;1131f6ae-9c07-11d1-f79f-00c04fc2dcd2;;ED)(OA;;RP;b8119fd0-04f6-4762-ab7a-4986c76b3f9a;;AU)(OA;OICI;RPWP;3f78c3e5-f79a-46bd-a0b8-9d18116ddc79;;PS)(OA;CIIO;RPWPCR;91e647de-d96f-4b70-9557-d63ff4f3ccd8;;PS)(A;;CCLCSWRPWPLOCRRCWDWO;;;DA)(A;CI;CCDCLCSWRPWPDTLOCRSDRCWDWO;;;S-1-5-21-738609754-2819869699-4189121830-519)(A;;RPRC;;;RU)(A;CI;LC;;;RU)(A;CI;CCLCSWRPWPLOCRSDRCWDWO;;;BA)(A;;RP;;;WD)(A;;LCRPLORC;;;ED)(A;;LCRPLORC;;;AU)(A;;CCDCLCSWRPWPDTLOCRSDRCWDWO;;;SY)S:(OU;CISA;WP;f30e3bbe-9ff0-11d1-b603-0000f80367c1;bf967aa5-0de6-11d0-a285-00aa003049e2;WD)(OU;CISA;WP;f30e3bbf-9ff0-11d1-b603-0000f80367c1;bf967aa5-0de6-11d0-a285-00aa003049e2;WD)(AU;SA;CR;;;DU)(AU;SA;CR;;;BA)(AU;SA;WPWDWO;;;WD)
OperationType: '%%14674'
SubjectUserName: bob
"
