2019-07-19T14:49:32.551678+00:00,Hacktool - EDR-Freeze Execution;UAC Bypass Using NTFS Reparse Point - Process,data/EVTX-ATTACK-SAMPLES/AutomatedTestingTools/PanacheSysmon_vs_AtomicRedTeam01.evtx,1,Microsoft-Windows-Sysmon,1,3691,MSEDGEWIN10,"Image: C:\Windows\System32\cmd.exe
RuleName: ''
Description: Windows Command Processor
TerminalSessionId: 1
ParentCommandLine: powershell
Product: Microsoft® Windows® Operating System
Company: Microsoft Corporation
ParentProcessId: 3912
LogonGuid: 747F3D96-D4B4-5D31-0000-002051090500
Hashes: SHA1=8C5437CD76A89EC983E3B364E219944DA3DAB464,MD5=975B45B669930B0CC773EAF2B414206F,SHA256=3656F37A1C6951EC4496FABB8EE957D3A6E3C276D5A3785476B482C9C0D32EA2,IMPHASH=272245E2988E1E430500B852C4FB5E18
ParentProcessGuid: 747F3D96-D6F7-5D31-0000-00104ACE2500
ProcessId: 4016
CurrentDirectory: C:\AtomicRedTeam\
ProcessGuid: 747F3D96-D87C-5D31-0000-0010B4523100
CommandLine: '""C:\Windows\system32\cmd.exe"" /c ""reg query HKLM\SOFTWARE\Microsoft\Windows NT\CurrentVersion\Winlogon\Notify""'
FileVersion: 10.0.17763.1 (WinBuild.160101.0800)
User: MSEDGEWIN10\IEUser
LogonId: '0x50951'
IntegrityLevel: High
ParentImage: C:\Windows\System32\WindowsPowerShell\v1.0\powershell.exe
UtcTime: 2019-07-19 14:49:32.541
"
2019-07-19T14:49:32.585243+00:00,Hacktool - EDR-Freeze Execution;Potential Configuration And Service Reconnaissance Via Reg.EXE;Reg Add Suspicious Paths;UAC Bypass Using NTFS Reparse Point - Process,data/EVTX-ATTACK-SAMPLES/AutomatedTestingTools/PanacheSysmon_vs_AtomicRedTeam01.evtx,1,Microsoft-Windows-Sysmon,1,3692,MSEDGEWIN10,"Image: C:\Windows\System32\reg.exe
RuleName: ''
Description: Registry Console Tool
TerminalSessionId: 1
ParentCommandLine: '""C:\Windows\system32\cmd.exe"" /c ""reg query HKLM\SOFTWARE\Microsoft\Windows NT\CurrentVersion\Winlogon\Notify""'
Product: Microsoft® Windows® Operating System
Company: Microsoft Corporation
ParentProcessId: 4016
LogonGuid: 747F3D96-D4B4-5D31-0000-002051090500
Hashes: SHA1=429DF8371B437209D79DC97978C33157D1A71C4B,MD5=8A93ACAC33151793F8D52000071C0B06,SHA256=19316D4266D0B776D9B2A05D5903D8CBC8F0EA1520E9C2A7E6D5960B6FA4DCAF,IMPHASH=BE482BE427FE212CFEF2CDA0E61F19AC
ParentProcessGuid: 747F3D96-D87C-5D31-0000-0010B4523100
ProcessId: 5024
CurrentDirectory: C:\AtomicRedTeam\
ProcessGuid: 747F3D96-D87C-5D31-0000-001006553100
CommandLine: reg  query HKLM\SOFTWARE\Microsoft\Windows NT\CurrentVersion\Winlogon\Notify
FileVersion: 10.0.17763.1 (WinBuild.160101.0800)
User: MSEDGEWIN10\IEUser
LogonId: '0x50951'
IntegrityLevel: High
ParentImage: C:\Windows\System32\cmd.exe
UtcTime: 2019-07-19 14:49:32.575
"
2019-07-19T14:49:32.660402+00:00,Hacktool - EDR-Freeze Execution;UAC Bypass Using NTFS Reparse Point - Process,data/EVTX-ATTACK-SAMPLES/AutomatedTestingTools/PanacheSysmon_vs_AtomicRedTeam01.evtx,1,Microsoft-Windows-Sysmon,1,3693,MSEDGEWIN10,"Image: C:\Windows\System32\cmd.exe
RuleName: ''
Description: Windows Command Processor
TerminalSessionId: 1
ParentCommandLine: powershell
Product: Microsoft® Windows® Operating System
Company: Microsoft Corporation
ParentProcessId: 3912
LogonGuid: 747F3D96-D4B4-5D31-0000-002051090500
Hashes: SHA1=8C5437CD76A89EC983E3B364E219944DA3DAB464,MD5=975B45B669930B0CC773EAF2B414206F,SHA256=3656F37A1C6951EC4496FABB8EE957D3A6E3C276D5A3785476B482C9C0D32EA2,IMPHASH=272245E2988E1E430500B852C4FB5E18
ParentProcessGuid: 747F3D96-D6F7-5D31-0000-00104ACE2500
ProcessId: 2440
CurrentDirectory: C:\AtomicRedTeam\
ProcessGuid: 747F3D96-D87C-5D31-0000-00103F573100
CommandLine: '""C:\Windows\system32\cmd.exe"" /c ""reg query HKLM\Software\Microsoft\Windows NT\CurrentVersion\Winlogon\Userinit""'
FileVersion: 10.0.17763.1 (WinBuild.160101.0800)
User: MSEDGEWIN10\IEUser
LogonId: '0x50951'
IntegrityLevel: High
ParentImage: C:\Windows\System32\WindowsPowerShell\v1.0\powershell.exe
UtcTime: 2019-07-19 14:49:32.629
"
2019-07-19T14:49:32.678107+00:00,Hacktool - EDR-Freeze Execution;Potential Configuration And Service Reconnaissance Via Reg.EXE;Reg Add Suspicious Paths;UAC Bypass Using NTFS Reparse Point - Process,data/EVTX-ATTACK-SAMPLES/AutomatedTestingTools/PanacheSysmon_vs_AtomicRedTeam01.evtx,1,Microsoft-Windows-Sysmon,1,3694,MSEDGEWIN10,"Image: C:\Windows\System32\reg.exe
RuleName: ''
Description: Registry Console Tool
TerminalSessionId: 1
ParentCommandLine: '""C:\Windows\system32\cmd.exe"" /c ""reg query HKLM\Software\Microsoft\Windows NT\CurrentVersion\Winlogon\Userinit""'
Product: Microsoft® Windows® Operating System
Company: Microsoft Corporation
ParentProcessId: 2440
LogonGuid: 747F3D96-D4B4-5D31-0000-002051090500
Hashes: SHA1=429DF8371B437209D79DC97978C33157D1A71C4B,MD5=8A93ACAC33151793F8D52000071C0B06,SHA256=19316D4266D0B776D9B2A05D5903D8CBC8F0EA1520E9C2A7E6D5960B6FA4DCAF,IMPHASH=BE482BE427FE212CFEF2CDA0E61F19AC
ParentProcessGuid: 747F3D96-D87C-5D31-0000-00103F573100
ProcessId: 4360
CurrentDirectory: C:\AtomicRedTeam\
ProcessGuid: 747F3D96-D87C-5D31-0000-001080593100
CommandLine: reg  query HKLM\Software\Microsoft\Windows NT\CurrentVersion\Winlogon\Userinit
FileVersion: 10.0.17763.1 (WinBuild.160101.0800)
User: MSEDGEWIN10\IEUser
LogonId: '0x50951'
IntegrityLevel: High
ParentImage: C:\Windows\System32\cmd.exe
UtcTime: 2019-07-19 14:49:32.669
"
2019-07-19T14:49:32.728253+00:00,Hacktool - EDR-Freeze Execution;UAC Bypass Using NTFS Reparse Point - Process,data/EVTX-ATTACK-SAMPLES/AutomatedTestingTools/PanacheSysmon_vs_AtomicRedTeam01.evtx,1,Microsoft-Windows-Sysmon,1,3695,MSEDGEWIN10,"Image: C:\Windows\System32\cmd.exe
RuleName: ''
Description: Windows Command Processor
TerminalSessionId: 1
ParentCommandLine: powershell
Product: Microsoft® Windows® Operating System
Company: Microsoft Corporation
ParentProcessId: 3912
LogonGuid: 747F3D96-D4B4-5D31-0000-002051090500
Hashes: SHA1=8C5437CD76A89EC983E3B364E219944DA3DAB464,MD5=975B45B669930B0CC773EAF2B414206F,SHA256=3656F37A1C6951EC4496FABB8EE957D3A6E3C276D5A3785476B482C9C0D32EA2,IMPHASH=272245E2988E1E430500B852C4FB5E18
ParentProcessGuid: 747F3D96-D6F7-5D31-0000-00104ACE2500
ProcessId: 956
CurrentDirectory: C:\AtomicRedTeam\
ProcessGuid: 747F3D96-D87C-5D31-0000-0010CA5B3100
CommandLine: '""C:\Windows\system32\cmd.exe"" /c ""reg query HKCU\Software\Microsoft\Windows NT\CurrentVersion\Winlogon\\Shell""'
FileVersion: 10.0.17763.1 (WinBuild.160101.0800)
User: MSEDGEWIN10\IEUser
LogonId: '0x50951'
IntegrityLevel: High
ParentImage: C:\Windows\System32\WindowsPowerShell\v1.0\powershell.exe
UtcTime: 2019-07-19 14:49:32.710
"
2019-07-19T14:49:32.743506+00:00,Hacktool - EDR-Freeze Execution;Potential Configuration And Service Reconnaissance Via Reg.EXE;Reg Add Suspicious Paths;UAC Bypass Using NTFS Reparse Point - Process,data/EVTX-ATTACK-SAMPLES/AutomatedTestingTools/PanacheSysmon_vs_AtomicRedTeam01.evtx,1,Microsoft-Windows-Sysmon,1,3696,MSEDGEWIN10,"Image: C:\Windows\System32\reg.exe
RuleName: ''
Description: Registry Console Tool
TerminalSessionId: 1
ParentCommandLine: '""C:\Windows\system32\cmd.exe"" /c ""reg query HKCU\Software\Microsoft\Windows NT\CurrentVersion\Winlogon\\Shell""'
Product: Microsoft® Windows® Operating System
Company: Microsoft Corporation
ParentProcessId: 956
LogonGuid: 747F3D96-D4B4-5D31-0000-002051090500
Hashes: SHA1=429DF8371B437209D79DC97978C33157D1A71C4B,MD5=8A93ACAC33151793F8D52000071C0B06,SHA256=19316D4266D0B776D9B2A05D5903D8CBC8F0EA1520E9C2A7E6D5960B6FA4DCAF,IMPHASH=BE482BE427FE212CFEF2CDA0E61F19AC
ParentProcessGuid: 747F3D96-D87C-5D31-0000-0010CA5B3100
ProcessId: 3608
CurrentDirectory: C:\AtomicRedTeam\
ProcessGuid: 747F3D96-D87C-5D31-0000-00101D5E3100
CommandLine: reg  query HKCU\Software\Microsoft\Windows NT\CurrentVersion\Winlogon\\Shell
FileVersion: 10.0.17763.1 (WinBuild.160101.0800)
User: MSEDGEWIN10\IEUser
LogonId: '0x50951'
IntegrityLevel: High
ParentImage: C:\Windows\System32\cmd.exe
UtcTime: 2019-07-19 14:49:32.739
"
2019-07-19T14:49:32.789067+00:00,Hacktool - EDR-Freeze Execution;UAC Bypass Using NTFS Reparse Point - Process,data/EVTX-ATTACK-SAMPLES/AutomatedTestingTools/PanacheSysmon_vs_AtomicRedTeam01.evtx,1,Microsoft-Windows-Sysmon,1,3697,MSEDGEWIN10,"Image: C:\Windows\System32\cmd.exe
RuleName: ''
Description: Windows Command Processor
TerminalSessionId: 1
ParentCommandLine: powershell
Product: Microsoft® Windows® Operating System
Company: Microsoft Corporation
ParentProcessId: 3912
LogonGuid: 747F3D96-D4B4-5D31-0000-002051090500
Hashes: SHA1=8C5437CD76A89EC983E3B364E219944DA3DAB464,MD5=975B45B669930B0CC773EAF2B414206F,SHA256=3656F37A1C6951EC4496FABB8EE957D3A6E3C276D5A3785476B482C9C0D32EA2,IMPHASH=272245E2988E1E430500B852C4FB5E18
ParentProcessGuid: 747F3D96-D6F7-5D31-0000-00104ACE2500
ProcessId: 6832
CurrentDirectory: C:\AtomicRedTeam\
ProcessGuid: 747F3D96-D87C-5D31-0000-001056603100
CommandLine: '""C:\Windows\system32\cmd.exe"" /c ""reg query HKLM\Software\Microsoft\Windows NT\CurrentVersion\Winlogon\\Shell""'
FileVersion: 10.0.17763.1 (WinBuild.160101.0800)
User: MSEDGEWIN10\IEUser
LogonId: '0x50951'
IntegrityLevel: High
ParentImage: C:\Windows\System32\WindowsPowerShell\v1.0\powershell.exe
UtcTime: 2019-07-19 14:49:32.775
"
2019-07-19T14:49:32.807707+00:00,Hacktool - EDR-Freeze Execution;Potential Configuration And Service Reconnaissance Via Reg.EXE;Reg Add Suspicious Paths;UAC Bypass Using NTFS Reparse Point - Process,data/EVTX-ATTACK-SAMPLES/AutomatedTestingTools/PanacheSysmon_vs_AtomicRedTeam01.evtx,1,Microsoft-Windows-Sysmon,1,3698,MSEDGEWIN10,"Image: C:\Windows\System32\reg.exe
RuleName: ''
Description: Registry Console Tool
TerminalSessionId: 1
ParentCommandLine: '""C:\Windows\system32\cmd.exe"" /c ""reg query HKLM\Software\Microsoft\Windows NT\CurrentVersion\Winlogon\\Shell""'
Product: Microsoft® Windows® Operating System
Company: Microsoft Corporation
ParentProcessId: 6832
LogonGuid: 747F3D96-D4B4-5D31-0000-002051090500
Hashes: SHA1=429DF8371B437209D79DC97978C33157D1A71C4B,MD5=8A93ACAC33151793F8D52000071C0B06,SHA256=19316D4266D0B776D9B2A05D5903D8CBC8F0EA1520E9C2A7E6D5960B6FA4DCAF,IMPHASH=BE482BE427FE212CFEF2CDA0E61F19AC
ParentProcessGuid: 747F3D96-D87C-5D31-0000-001056603100
ProcessId: 6436
CurrentDirectory: C:\AtomicRedTeam\
ProcessGuid: 747F3D96-D87C-5D31-0000-0010A8623100
CommandLine: reg  query HKLM\Software\Microsoft\Windows NT\CurrentVersion\Winlogon\\Shell
FileVersion: 10.0.17763.1 (WinBuild.160101.0800)
User: MSEDGEWIN10\IEUser
LogonId: '0x50951'
IntegrityLevel: High
ParentImage: C:\Windows\System32\cmd.exe
UtcTime: 2019-07-19 14:49:32.803
"
2019-07-19T14:49:32.850894+00:00,Hacktool - EDR-Freeze Execution;UAC Bypass Using NTFS Reparse Point - Process,data/EVTX-ATTACK-SAMPLES/AutomatedTestingTools/PanacheSysmon_vs_AtomicRedTeam01.evtx,1,Microsoft-Windows-Sysmon,1,3699,MSEDGEWIN10,"Image: C:\Windows\System32\cmd.exe
RuleName: ''
Description: Windows Command Processor
TerminalSessionId: 1
ParentCommandLine: powershell
Product: Microsoft® Windows® Operating System
Company: Microsoft Corporation
ParentProcessId: 3912
LogonGuid: 747F3D96-D4B4-5D31-0000-002051090500
Hashes: SHA1=8C5437CD76A89EC983E3B364E219944DA3DAB464,MD5=975B45B669930B0CC773EAF2B414206F,SHA256=3656F37A1C6951EC4496FABB8EE957D3A6E3C276D5A3785476B482C9C0D32EA2,IMPHASH=272245E2988E1E430500B852C4FB5E18
ParentProcessGuid: 747F3D96-D6F7-5D31-0000-00104ACE2500
ProcessId: 5936
CurrentDirectory: C:\AtomicRedTeam\
ProcessGuid: 747F3D96-D87C-5D31-0000-0010E1643100
CommandLine: '""C:\Windows\system32\cmd.exe"" /c ""reg query HKLM\SOFTWARE\Microsoft\Windows\CurrentVersion\ShellServiceObjectDelayLoad""'
FileVersion: 10.0.17763.1 (WinBuild.160101.0800)
User: MSEDGEWIN10\IEUser
LogonId: '0x50951'
IntegrityLevel: High
ParentImage: C:\Windows\System32\WindowsPowerShell\v1.0\powershell.exe
UtcTime: 2019-07-19 14:49:32.842
"
2019-07-19T14:49:32.868916+00:00,Hacktool - EDR-Freeze Execution;Potential Configuration And Service Reconnaissance Via Reg.EXE;UAC Bypass Using NTFS Reparse Point - Process,data/EVTX-ATTACK-SAMPLES/AutomatedTestingTools/PanacheSysmon_vs_AtomicRedTeam01.evtx,1,Microsoft-Windows-Sysmon,1,3700,MSEDGEWIN10,"Image: C:\Windows\System32\reg.exe
RuleName: ''
Description: Registry Console Tool
TerminalSessionId: 1
ParentCommandLine: '""C:\Windows\system32\cmd.exe"" /c ""reg query HKLM\SOFTWARE\Microsoft\Windows\CurrentVersion\ShellServiceObjectDelayLoad""'
Product: Microsoft® Windows® Operating System
Company: Microsoft Corporation
ParentProcessId: 5936
LogonGuid: 747F3D96-D4B4-5D31-0000-002051090500
Hashes: SHA1=429DF8371B437209D79DC97978C33157D1A71C4B,MD5=8A93ACAC33151793F8D52000071C0B06,SHA256=19316D4266D0B776D9B2A05D5903D8CBC8F0EA1520E9C2A7E6D5960B6FA4DCAF,IMPHASH=BE482BE427FE212CFEF2CDA0E61F19AC
ParentProcessGuid: 747F3D96-D87C-5D31-0000-0010E1643100
ProcessId: 7144
CurrentDirectory: C:\AtomicRedTeam\
ProcessGuid: 747F3D96-D87C-5D31-0000-001033673100
CommandLine: reg  query HKLM\SOFTWARE\Microsoft\Windows\CurrentVersion\ShellServiceObjectDelayLoad
FileVersion: 10.0.17763.1 (WinBuild.160101.0800)
User: MSEDGEWIN10\IEUser
LogonId: '0x50951'
IntegrityLevel: High
ParentImage: C:\Windows\System32\cmd.exe
UtcTime: 2019-07-19 14:49:32.865
"
2019-07-19T14:49:32.921206+00:00,Hacktool - EDR-Freeze Execution;UAC Bypass Using NTFS Reparse Point - Process,data/EVTX-ATTACK-SAMPLES/AutomatedTestingTools/PanacheSysmon_vs_AtomicRedTeam01.evtx,1,Microsoft-Windows-Sysmon,1,3701,MSEDGEWIN10,"Image: C:\Windows\System32\cmd.exe
RuleName: ''
Description: Windows Command Processor
TerminalSessionId: 1
ParentCommandLine: powershell
Product: Microsoft® Windows® Operating System
Company: Microsoft Corporation
ParentProcessId: 3912
LogonGuid: 747F3D96-D4B4-5D31-0000-002051090500
Hashes: SHA1=8C5437CD76A89EC983E3B364E219944DA3DAB464,MD5=975B45B669930B0CC773EAF2B414206F,SHA256=3656F37A1C6951EC4496FABB8EE957D3A6E3C276D5A3785476B482C9C0D32EA2,IMPHASH=272245E2988E1E430500B852C4FB5E18
ParentProcessGuid: 747F3D96-D6F7-5D31-0000-00104ACE2500
ProcessId: 1740
CurrentDirectory: C:\AtomicRedTeam\
ProcessGuid: 747F3D96-D87C-5D31-0000-00107C693100
CommandLine: '""C:\Windows\system32\cmd.exe"" /c ""reg query HKLM\Software\Microsoft\Windows\CurrentVersion\RunOnce""'
FileVersion: 10.0.17763.1 (WinBuild.160101.0800)
User: MSEDGEWIN10\IEUser
LogonId: '0x50951'
IntegrityLevel: High
ParentImage: C:\Windows\System32\WindowsPowerShell\v1.0\powershell.exe
UtcTime: 2019-07-19 14:49:32.900
"
2019-07-19T14:49:32.937862+00:00,Hacktool - EDR-Freeze Execution;Potential Configuration And Service Reconnaissance Via Reg.EXE;UAC Bypass Using NTFS Reparse Point - Process,data/EVTX-ATTACK-SAMPLES/AutomatedTestingTools/PanacheSysmon_vs_AtomicRedTeam01.evtx,1,Microsoft-Windows-Sysmon,1,3702,MSEDGEWIN10,"Image: C:\Windows\System32\reg.exe
RuleName: ''
Description: Registry Console Tool
TerminalSessionId: 1
ParentCommandLine: '""C:\Windows\system32\cmd.exe"" /c ""reg query HKLM\Software\Microsoft\Windows\CurrentVersion\RunOnce""'
Product: Microsoft® Windows® Operating System
Company: Microsoft Corporation
ParentProcessId: 1740
LogonGuid: 747F3D96-D4B4-5D31-0000-002051090500
Hashes: SHA1=429DF8371B437209D79DC97978C33157D1A71C4B,MD5=8A93ACAC33151793F8D52000071C0B06,SHA256=19316D4266D0B776D9B2A05D5903D8CBC8F0EA1520E9C2A7E6D5960B6FA4DCAF,IMPHASH=BE482BE427FE212CFEF2CDA0E61F19AC
ParentProcessGuid: 747F3D96-D87C-5D31-0000-00107C693100
ProcessId: 644
CurrentDirectory: C:\AtomicRedTeam\
ProcessGuid: 747F3D96-D87C-5D31-0000-0010C86B3100
CommandLine: reg  query HKLM\Software\Microsoft\Windows\CurrentVersion\RunOnce
FileVersion: 10.0.17763.1 (WinBuild.160101.0800)
User: MSEDGEWIN10\IEUser
LogonId: '0x50951'
IntegrityLevel: High
ParentImage: C:\Windows\System32\cmd.exe
UtcTime: 2019-07-19 14:49:32.931
"
2019-07-19T14:49:32.975133+00:00,Hacktool - EDR-Freeze Execution;UAC Bypass Using NTFS Reparse Point - Process,data/EVTX-ATTACK-SAMPLES/AutomatedTestingTools/PanacheSysmon_vs_AtomicRedTeam01.evtx,1,Microsoft-Windows-Sysmon,1,3703,MSEDGEWIN10,"Image: C:\Windows\System32\cmd.exe
RuleName: ''
Description: Windows Command Processor
TerminalSessionId: 1
ParentCommandLine: powershell
Product: Microsoft® Windows® Operating System
Company: Microsoft Corporation
ParentProcessId: 3912
LogonGuid: 747F3D96-D4B4-5D31-0000-002051090500
Hashes: SHA1=8C5437CD76A89EC983E3B364E219944DA3DAB464,MD5=975B45B669930B0CC773EAF2B414206F,SHA256=3656F37A1C6951EC4496FABB8EE957D3A6E3C276D5A3785476B482C9C0D32EA2,IMPHASH=272245E2988E1E430500B852C4FB5E18
ParentProcessGuid: 747F3D96-D6F7-5D31-0000-00104ACE2500
ProcessId: 4220
CurrentDirectory: C:\AtomicRedTeam\
ProcessGuid: 747F3D96-D87C-5D31-0000-0010056E3100
CommandLine: '""C:\Windows\system32\cmd.exe"" /c ""reg query HKLM\Software\Microsoft\Windows\CurrentVersion\RunOnceEx""'
FileVersion: 10.0.17763.1 (WinBuild.160101.0800)
User: MSEDGEWIN10\IEUser
LogonId: '0x50951'
IntegrityLevel: High
ParentImage: C:\Windows\System32\WindowsPowerShell\v1.0\powershell.exe
UtcTime: 2019-07-19 14:49:32.956
"
2019-07-19T14:49:32.990533+00:00,Hacktool - EDR-Freeze Execution;Potential Configuration And Service Reconnaissance Via Reg.EXE;UAC Bypass Using NTFS Reparse Point - Process,data/EVTX-ATTACK-SAMPLES/AutomatedTestingTools/PanacheSysmon_vs_AtomicRedTeam01.evtx,1,Microsoft-Windows-Sysmon,1,3704,MSEDGEWIN10,"Image: C:\Windows\System32\reg.exe
RuleName: ''
Description: Registry Console Tool
TerminalSessionId: 1
ParentCommandLine: '""C:\Windows\system32\cmd.exe"" /c ""reg query HKLM\Software\Microsoft\Windows\CurrentVersion\RunOnceEx""'
Product: Microsoft® Windows® Operating System
Company: Microsoft Corporation
ParentProcessId: 4220
LogonGuid: 747F3D96-D4B4-5D31-0000-002051090500
Hashes: SHA1=429DF8371B437209D79DC97978C33157D1A71C4B,MD5=8A93ACAC33151793F8D52000071C0B06,SHA256=19316D4266D0B776D9B2A05D5903D8CBC8F0EA1520E9C2A7E6D5960B6FA4DCAF,IMPHASH=BE482BE427FE212CFEF2CDA0E61F19AC
ParentProcessGuid: 747F3D96-D87C-5D31-0000-0010056E3100
ProcessId: 6620
CurrentDirectory: C:\AtomicRedTeam\
ProcessGuid: 747F3D96-D87C-5D31-0000-001057703100
CommandLine: reg  query HKLM\Software\Microsoft\Windows\CurrentVersion\RunOnceEx
FileVersion: 10.0.17763.1 (WinBuild.160101.0800)
User: MSEDGEWIN10\IEUser
LogonId: '0x50951'
IntegrityLevel: High
ParentImage: C:\Windows\System32\cmd.exe
UtcTime: 2019-07-19 14:49:32.986
"
2019-07-19T14:49:33.036329+00:00,Hacktool - EDR-Freeze Execution;UAC Bypass Using NTFS Reparse Point - Process,data/EVTX-ATTACK-SAMPLES/AutomatedTestingTools/PanacheSysmon_vs_AtomicRedTeam01.evtx,1,Microsoft-Windows-Sysmon,1,3705,MSEDGEWIN10,"Image: C:\Windows\System32\cmd.exe
RuleName: ''
Description: Windows Command Processor
TerminalSessionId: 1
ParentCommandLine: powershell
Product: Microsoft® Windows® Operating System
Company: Microsoft Corporation
ParentProcessId: 3912
LogonGuid: 747F3D96-D4B4-5D31-0000-002051090500
Hashes: SHA1=8C5437CD76A89EC983E3B364E219944DA3DAB464,MD5=975B45B669930B0CC773EAF2B414206F,SHA256=3656F37A1C6951EC4496FABB8EE957D3A6E3C276D5A3785476B482C9C0D32EA2,IMPHASH=272245E2988E1E430500B852C4FB5E18
ParentProcessGuid: 747F3D96-D6F7-5D31-0000-00104ACE2500
ProcessId: 196
CurrentDirectory: C:\AtomicRedTeam\
ProcessGuid: 747F3D96-D87D-5D31-0000-001090723100
CommandLine: '""C:\Windows\system32\cmd.exe"" /c ""reg query HKLM\Software\Microsoft\Windows\CurrentVersion\Run""'
FileVersion: 10.0.17763.1 (WinBuild.160101.0800)
User: MSEDGEWIN10\IEUser
LogonId: '0x50951'
IntegrityLevel: High
ParentImage: C:\Windows\System32\WindowsPowerShell\v1.0\powershell.exe
UtcTime: 2019-07-19 14:49:33.019
"
2019-07-19T14:49:33.059631+00:00,Hacktool - EDR-Freeze Execution;Potential Configuration And Service Reconnaissance Via Reg.EXE;UAC Bypass Using NTFS Reparse Point - Process,data/EVTX-ATTACK-SAMPLES/AutomatedTestingTools/PanacheSysmon_vs_AtomicRedTeam01.evtx,1,Microsoft-Windows-Sysmon,1,3706,MSEDGEWIN10,"Image: C:\Windows\System32\reg.exe
RuleName: ''
Description: Registry Console Tool
TerminalSessionId: 1
ParentCommandLine: '""C:\Windows\system32\cmd.exe"" /c ""reg query HKLM\Software\Microsoft\Windows\CurrentVersion\Run""'
Product: Microsoft® Windows® Operating System
Company: Microsoft Corporation
ParentProcessId: 196
LogonGuid: 747F3D96-D4B4-5D31-0000-002051090500
Hashes: SHA1=429DF8371B437209D79DC97978C33157D1A71C4B,MD5=8A93ACAC33151793F8D52000071C0B06,SHA256=19316D4266D0B776D9B2A05D5903D8CBC8F0EA1520E9C2A7E6D5960B6FA4DCAF,IMPHASH=BE482BE427FE212CFEF2CDA0E61F19AC
ParentProcessGuid: 747F3D96-D87D-5D31-0000-001090723100
ProcessId: 3172
CurrentDirectory: C:\AtomicRedTeam\
ProcessGuid: 747F3D96-D87D-5D31-0000-0010E2743100
CommandLine: reg  query HKLM\Software\Microsoft\Windows\CurrentVersion\Run
FileVersion: 10.0.17763.1 (WinBuild.160101.0800)
User: MSEDGEWIN10\IEUser
LogonId: '0x50951'
IntegrityLevel: High
ParentImage: C:\Windows\System32\cmd.exe
UtcTime: 2019-07-19 14:49:33.054
"
2019-07-19T14:49:33.147861+00:00,Hacktool - EDR-Freeze Execution;UAC Bypass Using NTFS Reparse Point - Process,data/EVTX-ATTACK-SAMPLES/AutomatedTestingTools/PanacheSysmon_vs_AtomicRedTeam01.evtx,1,Microsoft-Windows-Sysmon,1,3707,MSEDGEWIN10,"Image: C:\Windows\System32\cmd.exe
RuleName: ''
Description: Windows Command Processor
TerminalSessionId: 1
ParentCommandLine: powershell
Product: Microsoft® Windows® Operating System
Company: Microsoft Corporation
ParentProcessId: 3912
LogonGuid: 747F3D96-D4B4-5D31-0000-002051090500
Hashes: SHA1=8C5437CD76A89EC983E3B364E219944DA3DAB464,MD5=975B45B669930B0CC773EAF2B414206F,SHA256=3656F37A1C6951EC4496FABB8EE957D3A6E3C276D5A3785476B482C9C0D32EA2,IMPHASH=272245E2988E1E430500B852C4FB5E18
ParentProcessGuid: 747F3D96-D6F7-5D31-0000-00104ACE2500
ProcessId: 2148
CurrentDirectory: C:\AtomicRedTeam\
ProcessGuid: 747F3D96-D87D-5D31-0000-00102B773100
CommandLine: '""C:\Windows\system32\cmd.exe"" /c ""reg query HKCU\Software\Microsoft\Windows\CurrentVersion\Run""'
FileVersion: 10.0.17763.1 (WinBuild.160101.0800)
User: MSEDGEWIN10\IEUser
LogonId: '0x50951'
IntegrityLevel: High
ParentImage: C:\Windows\System32\WindowsPowerShell\v1.0\powershell.exe
UtcTime: 2019-07-19 14:49:33.113
"
2019-07-19T14:49:33.175813+00:00,Hacktool - EDR-Freeze Execution;Potential Configuration And Service Reconnaissance Via Reg.EXE;UAC Bypass Using NTFS Reparse Point - Process,data/EVTX-ATTACK-SAMPLES/AutomatedTestingTools/PanacheSysmon_vs_AtomicRedTeam01.evtx,1,Microsoft-Windows-Sysmon,1,3708,MSEDGEWIN10,"Image: C:\Windows\System32\reg.exe
RuleName: ''
Description: Registry Console Tool
TerminalSessionId: 1
ParentCommandLine: '""C:\Windows\system32\cmd.exe"" /c ""reg query HKCU\Software\Microsoft\Windows\CurrentVersion\Run""'
Product: Microsoft® Windows® Operating System
Company: Microsoft Corporation
ParentProcessId: 2148
LogonGuid: 747F3D96-D4B4-5D31-0000-002051090500
Hashes: SHA1=429DF8371B437209D79DC97978C33157D1A71C4B,MD5=8A93ACAC33151793F8D52000071C0B06,SHA256=19316D4266D0B776D9B2A05D5903D8CBC8F0EA1520E9C2A7E6D5960B6FA4DCAF,IMPHASH=BE482BE427FE212CFEF2CDA0E61F19AC
ParentProcessGuid: 747F3D96-D87D-5D31-0000-00102B773100
ProcessId: 1472
CurrentDirectory: C:\AtomicRedTeam\
ProcessGuid: 747F3D96-D87D-5D31-0000-00107D793100
CommandLine: reg  query HKCU\Software\Microsoft\Windows\CurrentVersion\Run
FileVersion: 10.0.17763.1 (WinBuild.160101.0800)
User: MSEDGEWIN10\IEUser
LogonId: '0x50951'
IntegrityLevel: High
ParentImage: C:\Windows\System32\cmd.exe
UtcTime: 2019-07-19 14:49:33.169
"
2019-07-19T14:49:33.225776+00:00,Hacktool - EDR-Freeze Execution;UAC Bypass Using NTFS Reparse Point - Process,data/EVTX-ATTACK-SAMPLES/AutomatedTestingTools/PanacheSysmon_vs_AtomicRedTeam01.evtx,1,Microsoft-Windows-Sysmon,1,3709,MSEDGEWIN10,"Image: C:\Windows\System32\cmd.exe
RuleName: ''
Description: Windows Command Processor
TerminalSessionId: 1
ParentCommandLine: powershell
Product: Microsoft® Windows® Operating System
Company: Microsoft Corporation
ParentProcessId: 3912
LogonGuid: 747F3D96-D4B4-5D31-0000-002051090500
Hashes: SHA1=8C5437CD76A89EC983E3B364E219944DA3DAB464,MD5=975B45B669930B0CC773EAF2B414206F,SHA256=3656F37A1C6951EC4496FABB8EE957D3A6E3C276D5A3785476B482C9C0D32EA2,IMPHASH=272245E2988E1E430500B852C4FB5E18
ParentProcessGuid: 747F3D96-D6F7-5D31-0000-00104ACE2500
ProcessId: 3616
CurrentDirectory: C:\AtomicRedTeam\
ProcessGuid: 747F3D96-D87D-5D31-0000-0010B37B3100
CommandLine: '""C:\Windows\system32\cmd.exe"" /c ""reg query HKCU\Software\Microsoft\Windows\CurrentVersion\RunOnce""'
FileVersion: 10.0.17763.1 (WinBuild.160101.0800)
User: MSEDGEWIN10\IEUser
LogonId: '0x50951'
IntegrityLevel: High
ParentImage: C:\Windows\System32\WindowsPowerShell\v1.0\powershell.exe
UtcTime: 2019-07-19 14:49:33.209
"
2019-07-19T14:49:33.251689+00:00,Hacktool - EDR-Freeze Execution;Potential Configuration And Service Reconnaissance Via Reg.EXE;UAC Bypass Using NTFS Reparse Point - Process,data/EVTX-ATTACK-SAMPLES/AutomatedTestingTools/PanacheSysmon_vs_AtomicRedTeam01.evtx,1,Microsoft-Windows-Sysmon,1,3710,MSEDGEWIN10,"Image: C:\Windows\System32\reg.exe
RuleName: ''
Description: Registry Console Tool
TerminalSessionId: 1
ParentCommandLine: '""C:\Windows\system32\cmd.exe"" /c ""reg query HKCU\Software\Microsoft\Windows\CurrentVersion\RunOnce""'
Product: Microsoft® Windows® Operating System
Company: Microsoft Corporation
ParentProcessId: 3616
LogonGuid: 747F3D96-D4B4-5D31-0000-002051090500
Hashes: SHA1=429DF8371B437209D79DC97978C33157D1A71C4B,MD5=8A93ACAC33151793F8D52000071C0B06,SHA256=19316D4266D0B776D9B2A05D5903D8CBC8F0EA1520E9C2A7E6D5960B6FA4DCAF,IMPHASH=BE482BE427FE212CFEF2CDA0E61F19AC
ParentProcessGuid: 747F3D96-D87D-5D31-0000-0010B37B3100
ProcessId: 1340
CurrentDirectory: C:\AtomicRedTeam\
ProcessGuid: 747F3D96-D87D-5D31-0000-0010057E3100
CommandLine: reg  query HKCU\Software\Microsoft\Windows\CurrentVersion\RunOnce
FileVersion: 10.0.17763.1 (WinBuild.160101.0800)
User: MSEDGEWIN10\IEUser
LogonId: '0x50951'
IntegrityLevel: High
ParentImage: C:\Windows\System32\cmd.exe
UtcTime: 2019-07-19 14:49:33.246
"
2019-07-19T14:49:33.303358+00:00,Hacktool - EDR-Freeze Execution;UAC Bypass Using NTFS Reparse Point - Process,data/EVTX-ATTACK-SAMPLES/AutomatedTestingTools/PanacheSysmon_vs_AtomicRedTeam01.evtx,1,Microsoft-Windows-Sysmon,1,3711,MSEDGEWIN10,"Image: C:\Windows\System32\cmd.exe
RuleName: ''
Description: Windows Command Processor
TerminalSessionId: 1
ParentCommandLine: powershell
Product: Microsoft® Windows® Operating System
Company: Microsoft Corporation
ParentProcessId: 3912
LogonGuid: 747F3D96-D4B4-5D31-0000-002051090500
Hashes: SHA1=8C5437CD76A89EC983E3B364E219944DA3DAB464,MD5=975B45B669930B0CC773EAF2B414206F,SHA256=3656F37A1C6951EC4496FABB8EE957D3A6E3C276D5A3785476B482C9C0D32EA2,IMPHASH=272245E2988E1E430500B852C4FB5E18
ParentProcessGuid: 747F3D96-D6F7-5D31-0000-00104ACE2500
ProcessId: 324
CurrentDirectory: C:\AtomicRedTeam\
ProcessGuid: 747F3D96-D87D-5D31-0000-00103B803100
CommandLine: '""C:\Windows\system32\cmd.exe"" /c ""reg query HKLM\Software\Microsoft\Windows\CurrentVersion\Policies\Explorer\Run""'
FileVersion: 10.0.17763.1 (WinBuild.160101.0800)
User: MSEDGEWIN10\IEUser
LogonId: '0x50951'
IntegrityLevel: High
ParentImage: C:\Windows\System32\WindowsPowerShell\v1.0\powershell.exe
UtcTime: 2019-07-19 14:49:33.284
"
2019-07-19T14:49:33.331942+00:00,Hacktool - EDR-Freeze Execution;Potential Configuration And Service Reconnaissance Via Reg.EXE;UAC Bypass Using NTFS Reparse Point - Process,data/EVTX-ATTACK-SAMPLES/AutomatedTestingTools/PanacheSysmon_vs_AtomicRedTeam01.evtx,1,Microsoft-Windows-Sysmon,1,3712,MSEDGEWIN10,"Image: C:\Windows\System32\reg.exe
RuleName: ''
Description: Registry Console Tool
TerminalSessionId: 1
ParentCommandLine: '""C:\Windows\system32\cmd.exe"" /c ""reg query HKLM\Software\Microsoft\Windows\CurrentVersion\Policies\Explorer\Run""'
Product: Microsoft® Windows® Operating System
Company: Microsoft Corporation
ParentProcessId: 324
LogonGuid: 747F3D96-D4B4-5D31-0000-002051090500
Hashes: SHA1=429DF8371B437209D79DC97978C33157D1A71C4B,MD5=8A93ACAC33151793F8D52000071C0B06,SHA256=19316D4266D0B776D9B2A05D5903D8CBC8F0EA1520E9C2A7E6D5960B6FA4DCAF,IMPHASH=BE482BE427FE212CFEF2CDA0E61F19AC
ParentProcessGuid: 747F3D96-D87D-5D31-0000-00103B803100
ProcessId: 1224
CurrentDirectory: C:\AtomicRedTeam\
ProcessGuid: 747F3D96-D87D-5D31-0000-00108D823100
CommandLine: reg  query HKLM\Software\Microsoft\Windows\CurrentVersion\Policies\Explorer\Run
FileVersion: 10.0.17763.1 (WinBuild.160101.0800)
User: MSEDGEWIN10\IEUser
LogonId: '0x50951'
IntegrityLevel: High
ParentImage: C:\Windows\System32\cmd.exe
UtcTime: 2019-07-19 14:49:33.327
"
2019-07-19T14:49:33.375717+00:00,Hacktool - EDR-Freeze Execution;UAC Bypass Using NTFS Reparse Point - Process,data/EVTX-ATTACK-SAMPLES/AutomatedTestingTools/PanacheSysmon_vs_AtomicRedTeam01.evtx,1,Microsoft-Windows-Sysmon,1,3713,MSEDGEWIN10,"Image: C:\Windows\System32\cmd.exe
RuleName: ''
Description: Windows Command Processor
TerminalSessionId: 1
ParentCommandLine: powershell
Product: Microsoft® Windows® Operating System
Company: Microsoft Corporation
ParentProcessId: 3912
LogonGuid: 747F3D96-D4B4-5D31-0000-002051090500
Hashes: SHA1=8C5437CD76A89EC983E3B364E219944DA3DAB464,MD5=975B45B669930B0CC773EAF2B414206F,SHA256=3656F37A1C6951EC4496FABB8EE957D3A6E3C276D5A3785476B482C9C0D32EA2,IMPHASH=272245E2988E1E430500B852C4FB5E18
ParentProcessGuid: 747F3D96-D6F7-5D31-0000-00104ACE2500
ProcessId: 3900
CurrentDirectory: C:\AtomicRedTeam\
ProcessGuid: 747F3D96-D87D-5D31-0000-0010CA843100
CommandLine: '""C:\Windows\system32\cmd.exe"" /c ""reg query HKCU\Software\Microsoft\Windows\CurrentVersion\Policies\Explorer\Run""'
FileVersion: 10.0.17763.1 (WinBuild.160101.0800)
User: MSEDGEWIN10\IEUser
LogonId: '0x50951'
IntegrityLevel: High
ParentImage: C:\Windows\System32\WindowsPowerShell\v1.0\powershell.exe
UtcTime: 2019-07-19 14:49:33.365
"
2019-07-19T14:49:33.392501+00:00,Hacktool - EDR-Freeze Execution;Potential Configuration And Service Reconnaissance Via Reg.EXE;UAC Bypass Using NTFS Reparse Point - Process,data/EVTX-ATTACK-SAMPLES/AutomatedTestingTools/PanacheSysmon_vs_AtomicRedTeam01.evtx,1,Microsoft-Windows-Sysmon,1,3714,MSEDGEWIN10,"Image: C:\Windows\System32\reg.exe
RuleName: ''
Description: Registry Console Tool
TerminalSessionId: 1
ParentCommandLine: '""C:\Windows\system32\cmd.exe"" /c ""reg query HKCU\Software\Microsoft\Windows\CurrentVersion\Policies\Explorer\Run""'
Product: Microsoft® Windows® Operating System
Company: Microsoft Corporation
ParentProcessId: 3900
LogonGuid: 747F3D96-D4B4-5D31-0000-002051090500
Hashes: SHA1=429DF8371B437209D79DC97978C33157D1A71C4B,MD5=8A93ACAC33151793F8D52000071C0B06,SHA256=19316D4266D0B776D9B2A05D5903D8CBC8F0EA1520E9C2A7E6D5960B6FA4DCAF,IMPHASH=BE482BE427FE212CFEF2CDA0E61F19AC
ParentProcessGuid: 747F3D96-D87D-5D31-0000-0010CA843100
ProcessId: 3412
CurrentDirectory: C:\AtomicRedTeam\
ProcessGuid: 747F3D96-D87D-5D31-0000-00101C873100
CommandLine: reg  query HKCU\Software\Microsoft\Windows\CurrentVersion\Policies\Explorer\Run
FileVersion: 10.0.17763.1 (WinBuild.160101.0800)
User: MSEDGEWIN10\IEUser
LogonId: '0x50951'
IntegrityLevel: High
ParentImage: C:\Windows\System32\cmd.exe
UtcTime: 2019-07-19 14:49:33.383
"
2019-07-19T14:49:33.559318+00:00,Hacktool - EDR-Freeze Execution;UAC Bypass Using NTFS Reparse Point - Process,data/EVTX-ATTACK-SAMPLES/AutomatedTestingTools/PanacheSysmon_vs_AtomicRedTeam01.evtx,1,Microsoft-Windows-Sysmon,1,3715,MSEDGEWIN10,"Image: C:\Windows\System32\cmd.exe
RuleName: ''
Description: Windows Command Processor
TerminalSessionId: 1
ParentCommandLine: powershell
Product: Microsoft® Windows® Operating System
Company: Microsoft Corporation
ParentProcessId: 3912
LogonGuid: 747F3D96-D4B4-5D31-0000-002051090500
Hashes: SHA1=8C5437CD76A89EC983E3B364E219944DA3DAB464,MD5=975B45B669930B0CC773EAF2B414206F,SHA256=3656F37A1C6951EC4496FABB8EE957D3A6E3C276D5A3785476B482C9C0D32EA2,IMPHASH=272245E2988E1E430500B852C4FB5E18
ParentProcessGuid: 747F3D96-D6F7-5D31-0000-00104ACE2500
ProcessId: 3868
CurrentDirectory: C:\AtomicRedTeam\
ProcessGuid: 747F3D96-D87D-5D31-0000-0010FA8A3100
CommandLine: '""C:\Windows\system32\cmd.exe"" /c ""reg Query HKLM\Software\Microsoft\Windows\CurrentVersion\Run""'
FileVersion: 10.0.17763.1 (WinBuild.160101.0800)
User: MSEDGEWIN10\IEUser
LogonId: '0x50951'
IntegrityLevel: High
ParentImage: C:\Windows\System32\WindowsPowerShell\v1.0\powershell.exe
UtcTime: 2019-07-19 14:49:33.541
"
2019-07-19T14:49:33.572021+00:00,Hacktool - EDR-Freeze Execution;Potential Configuration And Service Reconnaissance Via Reg.EXE;UAC Bypass Using NTFS Reparse Point - Process,data/EVTX-ATTACK-SAMPLES/AutomatedTestingTools/PanacheSysmon_vs_AtomicRedTeam01.evtx,1,Microsoft-Windows-Sysmon,1,3716,MSEDGEWIN10,"Image: C:\Windows\System32\reg.exe
RuleName: ''
Description: Registry Console Tool
TerminalSessionId: 1
ParentCommandLine: '""C:\Windows\system32\cmd.exe"" /c ""reg Query HKLM\Software\Microsoft\Windows\CurrentVersion\Run""'
Product: Microsoft® Windows® Operating System
Company: Microsoft Corporation
ParentProcessId: 3868
LogonGuid: 747F3D96-D4B4-5D31-0000-002051090500
Hashes: SHA1=429DF8371B437209D79DC97978C33157D1A71C4B,MD5=8A93ACAC33151793F8D52000071C0B06,SHA256=19316D4266D0B776D9B2A05D5903D8CBC8F0EA1520E9C2A7E6D5960B6FA4DCAF,IMPHASH=BE482BE427FE212CFEF2CDA0E61F19AC
ParentProcessGuid: 747F3D96-D87D-5D31-0000-0010FA8A3100
ProcessId: 6536
CurrentDirectory: C:\AtomicRedTeam\
ProcessGuid: 747F3D96-D87D-5D31-0000-00104C8D3100
CommandLine: reg  Query HKLM\Software\Microsoft\Windows\CurrentVersion\Run
FileVersion: 10.0.17763.1 (WinBuild.160101.0800)
User: MSEDGEWIN10\IEUser
LogonId: '0x50951'
IntegrityLevel: High
ParentImage: C:\Windows\System32\cmd.exe
UtcTime: 2019-07-19 14:49:33.568
"
2019-07-19T14:49:33.619257+00:00,Hacktool - EDR-Freeze Execution;UAC Bypass Using NTFS Reparse Point - Process,data/EVTX-ATTACK-SAMPLES/AutomatedTestingTools/PanacheSysmon_vs_AtomicRedTeam01.evtx,1,Microsoft-Windows-Sysmon,1,3717,MSEDGEWIN10,"Image: C:\Windows\System32\cmd.exe
RuleName: ''
Description: Windows Command Processor
TerminalSessionId: 1
ParentCommandLine: powershell
Product: Microsoft® Windows® Operating System
Company: Microsoft Corporation
ParentProcessId: 3912
LogonGuid: 747F3D96-D4B4-5D31-0000-002051090500
Hashes: SHA1=8C5437CD76A89EC983E3B364E219944DA3DAB464,MD5=975B45B669930B0CC773EAF2B414206F,SHA256=3656F37A1C6951EC4496FABB8EE957D3A6E3C276D5A3785476B482C9C0D32EA2,IMPHASH=272245E2988E1E430500B852C4FB5E18
ParentProcessGuid: 747F3D96-D6F7-5D31-0000-00104ACE2500
ProcessId: 1728
CurrentDirectory: C:\AtomicRedTeam\
ProcessGuid: 747F3D96-D87D-5D31-0000-0010958F3100
CommandLine: '""C:\Windows\system32\cmd.exe"" /c ""reg save HKLM\Security security.hive""'
FileVersion: 10.0.17763.1 (WinBuild.160101.0800)
User: MSEDGEWIN10\IEUser
LogonId: '0x50951'
IntegrityLevel: High
ParentImage: C:\Windows\System32\WindowsPowerShell\v1.0\powershell.exe
UtcTime: 2019-07-19 14:49:33.603
"
2019-07-19T14:49:33.632550+00:00,Dumping of Sensitive Hives Via Reg.EXE;Hacktool - EDR-Freeze Execution;UAC Bypass Using NTFS Reparse Point - Process,data/EVTX-ATTACK-SAMPLES/AutomatedTestingTools/PanacheSysmon_vs_AtomicRedTeam01.evtx,1,Microsoft-Windows-Sysmon,1,3718,MSEDGEWIN10,"Image: C:\Windows\System32\reg.exe
RuleName: ''
Description: Registry Console Tool
TerminalSessionId: 1
ParentCommandLine: '""C:\Windows\system32\cmd.exe"" /c ""reg save HKLM\Security security.hive""'
Product: Microsoft® Windows® Operating System
Company: Microsoft Corporation
ParentProcessId: 1728
LogonGuid: 747F3D96-D4B4-5D31-0000-002051090500
Hashes: SHA1=429DF8371B437209D79DC97978C33157D1A71C4B,MD5=8A93ACAC33151793F8D52000071C0B06,SHA256=19316D4266D0B776D9B2A05D5903D8CBC8F0EA1520E9C2A7E6D5960B6FA4DCAF,IMPHASH=BE482BE427FE212CFEF2CDA0E61F19AC
ParentProcessGuid: 747F3D96-D87D-5D31-0000-0010958F3100
ProcessId: 3612
CurrentDirectory: C:\AtomicRedTeam\
ProcessGuid: 747F3D96-D87D-5D31-0000-0010E4913100
CommandLine: reg  save HKLM\Security security.hive
FileVersion: 10.0.17763.1 (WinBuild.160101.0800)
User: MSEDGEWIN10\IEUser
LogonId: '0x50951'
IntegrityLevel: High
ParentImage: C:\Windows\System32\cmd.exe
UtcTime: 2019-07-19 14:49:33.628
"
2019-07-19T14:49:39.229170+00:00,Hacktool - EDR-Freeze Execution;UAC Bypass Using NTFS Reparse Point - Process,data/EVTX-ATTACK-SAMPLES/AutomatedTestingTools/PanacheSysmon_vs_AtomicRedTeam01.evtx,1,Microsoft-Windows-Sysmon,1,3719,MSEDGEWIN10,"Image: C:\Windows\System32\cmd.exe
RuleName: ''
Description: Windows Command Processor
TerminalSessionId: 1
ParentCommandLine: powershell
Product: Microsoft® Windows® Operating System
Company: Microsoft Corporation
ParentProcessId: 3912
LogonGuid: 747F3D96-D4B4-5D31-0000-002051090500
Hashes: SHA1=8C5437CD76A89EC983E3B364E219944DA3DAB464,MD5=975B45B669930B0CC773EAF2B414206F,SHA256=3656F37A1C6951EC4496FABB8EE957D3A6E3C276D5A3785476B482C9C0D32EA2,IMPHASH=272245E2988E1E430500B852C4FB5E18
ParentProcessGuid: 747F3D96-D6F7-5D31-0000-00104ACE2500
ProcessId: 3904
CurrentDirectory: C:\AtomicRedTeam\
ProcessGuid: 747F3D96-D883-5D31-0000-0010839B3100
CommandLine: '""C:\Windows\system32\cmd.exe"" /c ""reg save HKLM\System system.hive""'
FileVersion: 10.0.17763.1 (WinBuild.160101.0800)
User: MSEDGEWIN10\IEUser
LogonId: '0x50951'
IntegrityLevel: High
ParentImage: C:\Windows\System32\WindowsPowerShell\v1.0\powershell.exe
UtcTime: 2019-07-19 14:49:39.214
"
2019-07-19T14:49:39.255338+00:00,Dumping of Sensitive Hives Via Reg.EXE;Hacktool - EDR-Freeze Execution;UAC Bypass Using NTFS Reparse Point - Process,data/EVTX-ATTACK-SAMPLES/AutomatedTestingTools/PanacheSysmon_vs_AtomicRedTeam01.evtx,1,Microsoft-Windows-Sysmon,1,3720,MSEDGEWIN10,"Image: C:\Windows\System32\reg.exe
RuleName: ''
Description: Registry Console Tool
TerminalSessionId: 1
ParentCommandLine: '""C:\Windows\system32\cmd.exe"" /c ""reg save HKLM\System system.hive""'
Product: Microsoft® Windows® Operating System
Company: Microsoft Corporation
ParentProcessId: 3904
LogonGuid: 747F3D96-D4B4-5D31-0000-002051090500
Hashes: SHA1=429DF8371B437209D79DC97978C33157D1A71C4B,MD5=8A93ACAC33151793F8D52000071C0B06,SHA256=19316D4266D0B776D9B2A05D5903D8CBC8F0EA1520E9C2A7E6D5960B6FA4DCAF,IMPHASH=BE482BE427FE212CFEF2CDA0E61F19AC
ParentProcessGuid: 747F3D96-D883-5D31-0000-0010839B3100
ProcessId: 1300
CurrentDirectory: C:\AtomicRedTeam\
ProcessGuid: 747F3D96-D883-5D31-0000-0010D49D3100
CommandLine: reg  save HKLM\System system.hive
FileVersion: 10.0.17763.1 (WinBuild.160101.0800)
User: MSEDGEWIN10\IEUser
LogonId: '0x50951'
IntegrityLevel: High
ParentImage: C:\Windows\System32\cmd.exe
UtcTime: 2019-07-19 14:49:39.250
"
2019-07-19T14:49:41.660271+00:00,Hacktool - EDR-Freeze Execution;UAC Bypass Using NTFS Reparse Point - Process,data/EVTX-ATTACK-SAMPLES/AutomatedTestingTools/PanacheSysmon_vs_AtomicRedTeam01.evtx,1,Microsoft-Windows-Sysmon,1,3721,MSEDGEWIN10,"Image: C:\Windows\System32\cmd.exe
RuleName: ''
Description: Windows Command Processor
TerminalSessionId: 1
ParentCommandLine: powershell
Product: Microsoft® Windows® Operating System
Company: Microsoft Corporation
ParentProcessId: 3912
LogonGuid: 747F3D96-D4B4-5D31-0000-002051090500
Hashes: SHA1=8C5437CD76A89EC983E3B364E219944DA3DAB464,MD5=975B45B669930B0CC773EAF2B414206F,SHA256=3656F37A1C6951EC4496FABB8EE957D3A6E3C276D5A3785476B482C9C0D32EA2,IMPHASH=272245E2988E1E430500B852C4FB5E18
ParentProcessGuid: 747F3D96-D6F7-5D31-0000-00104ACE2500
ProcessId: 2832
CurrentDirectory: C:\AtomicRedTeam\
ProcessGuid: 747F3D96-D885-5D31-0000-00107F1A3200
CommandLine: '""C:\Windows\system32\cmd.exe"" /c ""reg save HKLM\SAM sam.hive""'
FileVersion: 10.0.17763.1 (WinBuild.160101.0800)
User: MSEDGEWIN10\IEUser
LogonId: '0x50951'
IntegrityLevel: High
ParentImage: C:\Windows\System32\WindowsPowerShell\v1.0\powershell.exe
UtcTime: 2019-07-19 14:49:41.646
"
2019-07-19T14:49:41.691049+00:00,Dumping of Sensitive Hives Via Reg.EXE;Hacktool - EDR-Freeze Execution;UAC Bypass Using NTFS Reparse Point - Process,data/EVTX-ATTACK-SAMPLES/AutomatedTestingTools/PanacheSysmon_vs_AtomicRedTeam01.evtx,1,Microsoft-Windows-Sysmon,1,3722,MSEDGEWIN10,"Image: C:\Windows\System32\reg.exe
RuleName: ''
Description: Registry Console Tool
TerminalSessionId: 1
ParentCommandLine: '""C:\Windows\system32\cmd.exe"" /c ""reg save HKLM\SAM sam.hive""'
Product: Microsoft® Windows® Operating System
Company: Microsoft Corporation
ParentProcessId: 2832
LogonGuid: 747F3D96-D4B4-5D31-0000-002051090500
Hashes: SHA1=429DF8371B437209D79DC97978C33157D1A71C4B,MD5=8A93ACAC33151793F8D52000071C0B06,SHA256=19316D4266D0B776D9B2A05D5903D8CBC8F0EA1520E9C2A7E6D5960B6FA4DCAF,IMPHASH=BE482BE427FE212CFEF2CDA0E61F19AC
ParentProcessGuid: 747F3D96-D885-5D31-0000-00107F1A3200
ProcessId: 4140
CurrentDirectory: C:\AtomicRedTeam\
ProcessGuid: 747F3D96-D885-5D31-0000-0010D11C3200
CommandLine: reg  save HKLM\SAM sam.hive
FileVersion: 10.0.17763.1 (WinBuild.160101.0800)
User: MSEDGEWIN10\IEUser
LogonId: '0x50951'
IntegrityLevel: High
ParentImage: C:\Windows\System32\cmd.exe
UtcTime: 2019-07-19 14:49:41.686
"
2019-07-19T14:49:43.569071+00:00,Hacktool - EDR-Freeze Execution;UAC Bypass Using NTFS Reparse Point - Process,data/EVTX-ATTACK-SAMPLES/AutomatedTestingTools/PanacheSysmon_vs_AtomicRedTeam01.evtx,1,Microsoft-Windows-Sysmon,1,3723,MSEDGEWIN10,"Image: C:\Windows\System32\cmd.exe
RuleName: ''
Description: Windows Command Processor
TerminalSessionId: 1
ParentCommandLine: powershell
Product: Microsoft® Windows® Operating System
Company: Microsoft Corporation
ParentProcessId: 3912
LogonGuid: 747F3D96-D4B4-5D31-0000-002051090500
Hashes: SHA1=8C5437CD76A89EC983E3B364E219944DA3DAB464,MD5=975B45B669930B0CC773EAF2B414206F,SHA256=3656F37A1C6951EC4496FABB8EE957D3A6E3C276D5A3785476B482C9C0D32EA2,IMPHASH=272245E2988E1E430500B852C4FB5E18
ParentProcessGuid: 747F3D96-D6F7-5D31-0000-00104ACE2500
ProcessId: 752
CurrentDirectory: C:\AtomicRedTeam\
ProcessGuid: 747F3D96-D887-5D31-0000-0010D51F3200
CommandLine: '""C:\Windows\system32\cmd.exe"" /c '
FileVersion: 10.0.17763.1 (WinBuild.160101.0800)
User: MSEDGEWIN10\IEUser
LogonId: '0x50951'
IntegrityLevel: High
ParentImage: C:\Windows\System32\WindowsPowerShell\v1.0\powershell.exe
UtcTime: 2019-07-19 14:49:43.520
"
2019-07-19T14:49:51.996250+00:00,Automated Collection Command Prompt;Hacktool - EDR-Freeze Execution;UAC Bypass Using NTFS Reparse Point - Process,data/EVTX-ATTACK-SAMPLES/AutomatedTestingTools/PanacheSysmon_vs_AtomicRedTeam01.evtx,1,Microsoft-Windows-Sysmon,1,3724,MSEDGEWIN10,"Image: C:\Windows\System32\cmd.exe
RuleName: ''
Description: Windows Command Processor
TerminalSessionId: 1
ParentCommandLine: powershell
Product: Microsoft® Windows® Operating System
Company: Microsoft Corporation
ParentProcessId: 3912
LogonGuid: 747F3D96-D4B4-5D31-0000-002051090500
Hashes: SHA1=8C5437CD76A89EC983E3B364E219944DA3DAB464,MD5=975B45B669930B0CC773EAF2B414206F,SHA256=3656F37A1C6951EC4496FABB8EE957D3A6E3C276D5A3785476B482C9C0D32EA2,IMPHASH=272245E2988E1E430500B852C4FB5E18
ParentProcessGuid: 747F3D96-D6F7-5D31-0000-00104ACE2500
ProcessId: 2780
CurrentDirectory: C:\AtomicRedTeam\
ProcessGuid: 747F3D96-D88F-5D31-0000-0010BD353200
CommandLine: '""C:\Windows\system32\cmd.exe"" /c ""dir c: /b /s .docx | findstr /e .docx""'
FileVersion: 10.0.17763.1 (WinBuild.160101.0800)
User: MSEDGEWIN10\IEUser
LogonId: '0x50951'
IntegrityLevel: High
ParentImage: C:\Windows\System32\WindowsPowerShell\v1.0\powershell.exe
UtcTime: 2019-07-19 14:49:51.971
"
2019-07-19T14:49:52.048002+00:00,Automated Collection Command Prompt;Hacktool - EDR-Freeze Execution;Operator Bloopers Cobalt Strike Commands;UAC Bypass Using NTFS Reparse Point - Process,data/EVTX-ATTACK-SAMPLES/AutomatedTestingTools/PanacheSysmon_vs_AtomicRedTeam01.evtx,1,Microsoft-Windows-Sysmon,1,3725,MSEDGEWIN10,"Image: C:\Windows\System32\cmd.exe
RuleName: ''
Description: Windows Command Processor
TerminalSessionId: 1
ParentCommandLine: '""C:\Windows\system32\cmd.exe"" /c ""dir c: /b /s .docx | findstr /e .docx""'
Product: Microsoft® Windows® Operating System
Company: Microsoft Corporation
ParentProcessId: 2780
LogonGuid: 747F3D96-D4B4-5D31-0000-002051090500
Hashes: SHA1=8C5437CD76A89EC983E3B364E219944DA3DAB464,MD5=975B45B669930B0CC773EAF2B414206F,SHA256=3656F37A1C6951EC4496FABB8EE957D3A6E3C276D5A3785476B482C9C0D32EA2,IMPHASH=272245E2988E1E430500B852C4FB5E18
ParentProcessGuid: 747F3D96-D88F-5D31-0000-0010BD353200
ProcessId: 608
CurrentDirectory: C:\AtomicRedTeam\
ProcessGuid: 747F3D96-D890-5D31-0000-001012383200
CommandLine: 'C:\Windows\system32\cmd.exe  /S /D /c"" dir c: /b /s .docx ""'
FileVersion: 10.0.17763.1 (WinBuild.160101.0800)
User: MSEDGEWIN10\IEUser
LogonId: '0x50951'
IntegrityLevel: High
ParentImage: C:\Windows\System32\cmd.exe
UtcTime: 2019-07-19 14:49:52.011
"
2019-07-19T14:49:52.053916+00:00,Hacktool - EDR-Freeze Execution;UAC Bypass Using NTFS Reparse Point - Process,data/EVTX-ATTACK-SAMPLES/AutomatedTestingTools/PanacheSysmon_vs_AtomicRedTeam01.evtx,1,Microsoft-Windows-Sysmon,1,3726,MSEDGEWIN10,"Image: C:\Windows\System32\findstr.exe
RuleName: ''
Description: Find String (QGREP) Utility
TerminalSessionId: 1
ParentCommandLine: '""C:\Windows\system32\cmd.exe"" /c ""dir c: /b /s .docx | findstr /e .docx""'
Product: Microsoft® Windows® Operating System
Company: Microsoft Corporation
ParentProcessId: 2780
LogonGuid: 747F3D96-D4B4-5D31-0000-002051090500
Hashes: SHA1=393F2422D22079BFB0022598D70BEB294F2024F4,MD5=DC0816790EFA08AA5B55C1EECFDDB525,SHA256=750AB5E1F3EB18CC42A4A4C7BAB27753F6B26FB9752AD3861833753091044281,IMPHASH=A27641A39DA5A6B0717E06BA00E56B7F
ParentProcessGuid: 747F3D96-D88F-5D31-0000-0010BD353200
ProcessId: 6328
CurrentDirectory: C:\AtomicRedTeam\
ProcessGuid: 747F3D96-D890-5D31-0000-0010A5383200
CommandLine: findstr  /e .docx
FileVersion: 10.0.17763.1 (WinBuild.160101.0800)
User: MSEDGEWIN10\IEUser
LogonId: '0x50951'
IntegrityLevel: High
ParentImage: C:\Windows\System32\cmd.exe
UtcTime: 2019-07-19 14:49:52.015
"
2019-07-19T14:49:52.210871+00:00,Hacktool - EDR-Freeze Execution;UAC Bypass Using NTFS Reparse Point - Process,data/EVTX-ATTACK-SAMPLES/AutomatedTestingTools/PanacheSysmon_vs_AtomicRedTeam01.evtx,1,Microsoft-Windows-Sysmon,1,3727,MSEDGEWIN10,"Image: C:\Windows\System32\cmd.exe
RuleName: ''
Description: Windows Command Processor
TerminalSessionId: 1
ParentCommandLine: powershell
Product: Microsoft® Windows® Operating System
Company: Microsoft Corporation
ParentProcessId: 3912
LogonGuid: 747F3D96-D4B4-5D31-0000-002051090500
Hashes: SHA1=8C5437CD76A89EC983E3B364E219944DA3DAB464,MD5=975B45B669930B0CC773EAF2B414206F,SHA256=3656F37A1C6951EC4496FABB8EE957D3A6E3C276D5A3785476B482C9C0D32EA2,IMPHASH=272245E2988E1E430500B852C4FB5E18
ParentProcessGuid: 747F3D96-D6F7-5D31-0000-00104ACE2500
ProcessId: 1568
CurrentDirectory: C:\AtomicRedTeam\
ProcessGuid: 747F3D96-D890-5D31-0000-0010FA3F3200
CommandLine: '""C:\Windows\system32\cmd.exe"" /c ""for /R c: %%f in (*.docx) do copy %%f c:\temp\""'
FileVersion: 10.0.17763.1 (WinBuild.160101.0800)
User: MSEDGEWIN10\IEUser
LogonId: '0x50951'
IntegrityLevel: High
ParentImage: C:\Windows\System32\WindowsPowerShell\v1.0\powershell.exe
UtcTime: 2019-07-19 14:49:52.202
"
2019-07-19T14:49:52.275626+00:00,Hacktool - EDR-Freeze Execution;UAC Bypass Using NTFS Reparse Point - Process,data/EVTX-ATTACK-SAMPLES/AutomatedTestingTools/PanacheSysmon_vs_AtomicRedTeam01.evtx,1,Microsoft-Windows-Sysmon,1,3728,MSEDGEWIN10,"Image: C:\Windows\System32\cmd.exe
RuleName: ''
Description: Windows Command Processor
TerminalSessionId: 1
ParentCommandLine: powershell
Product: Microsoft® Windows® Operating System
Company: Microsoft Corporation
ParentProcessId: 3912
LogonGuid: 747F3D96-D4B4-5D31-0000-002051090500
Hashes: SHA1=8C5437CD76A89EC983E3B364E219944DA3DAB464,MD5=975B45B669930B0CC773EAF2B414206F,SHA256=3656F37A1C6951EC4496FABB8EE957D3A6E3C276D5A3785476B482C9C0D32EA2,IMPHASH=272245E2988E1E430500B852C4FB5E18
ParentProcessGuid: 747F3D96-D6F7-5D31-0000-00104ACE2500
ProcessId: 4316
CurrentDirectory: C:\AtomicRedTeam\
ProcessGuid: 747F3D96-D890-5D31-0000-001085443200
CommandLine: '""C:\Windows\system32\cmd.exe"" /c '
FileVersion: 10.0.17763.1 (WinBuild.160101.0800)
User: MSEDGEWIN10\IEUser
LogonId: '0x50951'
IntegrityLevel: High
ParentImage: C:\Windows\System32\WindowsPowerShell\v1.0\powershell.exe
UtcTime: 2019-07-19 14:49:52.263
"
2019-07-19T14:50:02.174886+00:00,Hacktool - EDR-Freeze Execution;UAC Bypass Using NTFS Reparse Point - Process,data/EVTX-ATTACK-SAMPLES/AutomatedTestingTools/PanacheSysmon_vs_AtomicRedTeam01.evtx,1,Microsoft-Windows-Sysmon,1,3729,MSEDGEWIN10,"Image: C:\Windows\System32\cmd.exe
RuleName: ''
Description: Windows Command Processor
TerminalSessionId: 1
ParentCommandLine: powershell
Product: Microsoft® Windows® Operating System
Company: Microsoft Corporation
ParentProcessId: 3912
LogonGuid: 747F3D96-D4B4-5D31-0000-002051090500
Hashes: SHA1=8C5437CD76A89EC983E3B364E219944DA3DAB464,MD5=975B45B669930B0CC773EAF2B414206F,SHA256=3656F37A1C6951EC4496FABB8EE957D3A6E3C276D5A3785476B482C9C0D32EA2,IMPHASH=272245E2988E1E430500B852C4FB5E18
ParentProcessGuid: 747F3D96-D6F7-5D31-0000-00104ACE2500
ProcessId: 1228
CurrentDirectory: C:\AtomicRedTeam\
ProcessGuid: 747F3D96-D89A-5D31-0000-0010A46B3200
CommandLine: '""C:\Windows\system32\cmd.exe"" /c ""reg add "" HKLM\SOFTWARE\Microsoft\Windows NT\CurrentVersion\Image File Execution ""Options\osk.exe /v Debugger /t REG_SZ /d C:\windows\system32\cmd.exe /f""'
FileVersion: 10.0.17763.1 (WinBuild.160101.0800)
User: MSEDGEWIN10\IEUser
LogonId: '0x50951'
IntegrityLevel: High
ParentImage: C:\Windows\System32\WindowsPowerShell\v1.0\powershell.exe
UtcTime: 2019-07-19 14:50:02.144
"
