2019-03-18T23:24:15.662977+00:00,Password Policy Enumerated,data/EVTX-ATTACK-SAMPLES/Discovery/dicovery_4661_net_group_domain_admins_target.evtx,1,Microsoft-Windows-Security-Auditing,4661,565647,WIN-77LTAPHIQ1R.example.corp,"PrivilegeList: ""ǿ\x0F-""
ObjectName: CN=Builtin,DC=example,DC=corp
AccessMask: '0x2d'
SubjectLogonId: '0x4fd77'
ObjectServer: Security Account Manager
ObjectType: SAM_DOMAIN
SubjectDomainName: EXAMPLE
RestrictedSidCount: 0
SubjectUserSid: S-1-5-21-1587066498-1489273250-1035260531-500
HandleId: '0x14c7b2cd0'
TransactionId: 00000000-0000-0000-0000-000000000000
Properties: ""---\r\n\t{19195a5a-6da0-11d0-afd3-00c04fd930c9}\r\n%%1537\r\n%%1538\r\n%%1539\r\n%%1540\r\n%%5392\r\n%%5393\r\n%%5394\r\n%%5395\r\n%%5396\r\n%%5397\r\n%%5398\r\n%%5399\r\n%%5400\r\n\t\t{c7407360-20bf-11d0-a768-00aa006e0529}\r\n\t\t\t{bf9679a4-0de6-11d0-a285-00aa003049e2}\r\n\t\t\t{bf9679a5-0de6-11d0-a285-00aa003049e2}\r\n\t\t\t{bf9679a6-0de6-11d0-a285-00aa003049e2}\r\n\t\t\t{bf9679bb-0de6-11d0-a285-00aa003049e2}\r\n\t\t\t{bf9679c2-0de6-11d0-a285-00aa003049e2}\r\n\t\t\t{bf9679c3-0de6-11d0-a285-00aa003049e2}\r\n\t\t\t{bf967a09-0de6-11d0-a285-00aa003049e2}\r\n\t\t\t{bf967a0b-0de6-11d0-a285-00aa003049e2}\r\n\t\t{b8119fd0-04f6-4762-ab7a-4986c76b3f9a}\r\n\t\t\t{bf967a34-0de6-11d0-a285-00aa003049e2}\r\n\t\t\t{bf967a33-0de6-11d0-a285-00aa003049e2}\r\n\t\t\t{bf9679c5-0de6-11d0-a285-00aa003049e2}\r\n\t\t\t{bf967a61-0de6-11d0-a285-00aa003049e2}\r\n\t\t\t{bf967977-0de6-11d0-a285-00aa003049e2}\r\n\t\t\t{bf96795e-0de6-11d0-a285-00aa003049e2}\r\n\t\t\t{bf9679ea-0de6-11d0-a285-00aa003049e2}\r\n\t\t{ab721a52-1e2f-11d0-9819-00aa0040529b}\r\n""
ProcessId: '0x1c4'
AccessList: ""%%1537\r\n\t\t\t\t%%1538\r\n\t\t\t\t%%1539\r\n\t\t\t\t%%1540\r\n\t\t\t\t%%5392\r\n\t\t\t\t%%5393\r\n\t\t\t\t%%5394\r\n\t\t\t\t%%5395\r\n\t\t\t\t%%5396\r\n\t\t\t\t%%5397\r\n\t\t\t\t%%5398\r\n\t\t\t\t%%5399\r\n\t\t\t\t%%5400\r\n\t\t\t\t""
SubjectUserName: administrator
ProcessName: C:\Windows\System32\lsass.exe
"
2019-03-18T23:24:15.662977+00:00,Password Policy Enumerated,data/EVTX-ATTACK-SAMPLES/Discovery/dicovery_4661_net_group_domain_admins_target.evtx,1,Microsoft-Windows-Security-Auditing,4661,565646,WIN-77LTAPHIQ1R.example.corp,"PrivilegeList: ""ǿ\x0F-""
ObjectName: DC=example,DC=corp
AccessMask: '0x2d'
SubjectLogonId: '0x4fd77'
ObjectServer: Security Account Manager
ObjectType: SAM_DOMAIN
SubjectDomainName: EXAMPLE
RestrictedSidCount: 0
SubjectUserSid: S-1-5-21-1587066498-1489273250-1035260531-500
HandleId: '0x14c7b2840'
TransactionId: 00000000-0000-0000-0000-000000000000
Properties: ""---\r\n\t{19195a5a-6da0-11d0-afd3-00c04fd930c9}\r\n%%1537\r\n%%1538\r\n%%1539\r\n%%1540\r\n%%5392\r\n%%5393\r\n%%5394\r\n%%5395\r\n%%5396\r\n%%5397\r\n%%5398\r\n%%5399\r\n%%5400\r\n\t\t{c7407360-20bf-11d0-a768-00aa006e0529}\r\n\t\t\t{bf9679a4-0de6-11d0-a285-00aa003049e2}\r\n\t\t\t{bf9679a5-0de6-11d0-a285-00aa003049e2}\r\n\t\t\t{bf9679a6-0de6-11d0-a285-00aa003049e2}\r\n\t\t\t{bf9679bb-0de6-11d0-a285-00aa003049e2}\r\n\t\t\t{bf9679c2-0de6-11d0-a285-00aa003049e2}\r\n\t\t\t{bf9679c3-0de6-11d0-a285-00aa003049e2}\r\n\t\t\t{bf967a09-0de6-11d0-a285-00aa003049e2}\r\n\t\t\t{bf967a0b-0de6-11d0-a285-00aa003049e2}\r\n\t\t{b8119fd0-04f6-4762-ab7a-4986c76b3f9a}\r\n\t\t\t{bf967a34-0de6-11d0-a285-00aa003049e2}\r\n\t\t\t{bf967a33-0de6-11d0-a285-00aa003049e2}\r\n\t\t\t{bf9679c5-0de6-11d0-a285-00aa003049e2}\r\n\t\t\t{bf967a61-0de6-11d0-a285-00aa003049e2}\r\n\t\t\t{bf967977-0de6-11d0-a285-00aa003049e2}\r\n\t\t\t{bf96795e-0de6-11d0-a285-00aa003049e2}\r\n\t\t\t{bf9679ea-0de6-11d0-a285-00aa003049e2}\r\n\t\t{ab721a52-1e2f-11d0-9819-00aa0040529b}\r\n""
ProcessId: '0x1c4'
AccessList: ""%%1537\r\n\t\t\t\t%%1538\r\n\t\t\t\t%%1539\r\n\t\t\t\t%%1540\r\n\t\t\t\t%%5392\r\n\t\t\t\t%%5393\r\n\t\t\t\t%%5394\r\n\t\t\t\t%%5395\r\n\t\t\t\t%%5396\r\n\t\t\t\t%%5397\r\n\t\t\t\t%%5398\r\n\t\t\t\t%%5399\r\n\t\t\t\t%%5400\r\n\t\t\t\t""
SubjectUserName: administrator
ProcessName: C:\Windows\System32\lsass.exe
"
2019-03-18T23:24:20.960030+00:00,Win Susp Computer Name Containing Samtheadmin,data/EVTX-ATTACK-SAMPLES/Discovery/dicovery_4661_net_group_domain_admins_target.evtx,1,Microsoft-Windows-Security-Auditing,4624,565653,WIN-77LTAPHIQ1R.example.corp,"AuthenticationPackageName: Kerberos
LogonProcessName: Kerberos
IpAddress: ::1
KeyLength: 0
TargetDomainName: EXAMPLE
SubjectLogonId: '0x0'
TargetLogonId: '0x16792b'
LogonGuid: 5FDB15EE-2283-F23C-E23B-5E5DDB11BB9C
SubjectDomainName: '-'
LogonType: 3
WorkstationName: ''
SubjectUserSid: S-1-0-0
TransmittedServices: '-'
ProcessId: '0x0'
IpPort: '55878'
ImpersonationLevel: '%%1833'
TargetUserName: WIN-77LTAPHIQ1R$
ProcessName: '-'
LmPackageName: '-'
SubjectUserName: '-'
TargetUserSid: S-1-5-18
"
2019-03-19T00:02:17.117342+00:00,Password Policy Enumerated,data/EVTX-ATTACK-SAMPLES/Lateral Movement/LM_ScheduledTask_ATSVC_target_host.evtx,1,Microsoft-Windows-Security-Auditing,4661,566855,WIN-77LTAPHIQ1R.example.corp,"PrivilegeList: ""ǿ\x0F-""
ObjectName: CN=Builtin,DC=example,DC=corp
AccessMask: '0x2d'
SubjectLogonId: '0x4fd77'
ObjectServer: Security Account Manager
ObjectType: SAM_DOMAIN
SubjectDomainName: EXAMPLE
RestrictedSidCount: 0
SubjectUserSid: S-1-5-21-1587066498-1489273250-1035260531-500
HandleId: '0x14c7b6630'
TransactionId: 00000000-0000-0000-0000-000000000000
Properties: ""---\r\n\t{19195a5a-6da0-11d0-afd3-00c04fd930c9}\r\n%%1537\r\n%%1538\r\n%%1539\r\n%%1540\r\n%%5392\r\n%%5393\r\n%%5394\r\n%%5395\r\n%%5396\r\n%%5397\r\n%%5398\r\n%%5399\r\n%%5400\r\n\t\t{c7407360-20bf-11d0-a768-00aa006e0529}\r\n\t\t\t{bf9679a4-0de6-11d0-a285-00aa003049e2}\r\n\t\t\t{bf9679a5-0de6-11d0-a285-00aa003049e2}\r\n\t\t\t{bf9679a6-0de6-11d0-a285-00aa003049e2}\r\n\t\t\t{bf9679bb-0de6-11d0-a285-00aa003049e2}\r\n\t\t\t{bf9679c2-0de6-11d0-a285-00aa003049e2}\r\n\t\t\t{bf9679c3-0de6-11d0-a285-00aa003049e2}\r\n\t\t\t{bf967a09-0de6-11d0-a285-00aa003049e2}\r\n\t\t\t{bf967a0b-0de6-11d0-a285-00aa003049e2}\r\n\t\t{b8119fd0-04f6-4762-ab7a-4986c76b3f9a}\r\n\t\t\t{bf967a34-0de6-11d0-a285-00aa003049e2}\r\n\t\t\t{bf967a33-0de6-11d0-a285-00aa003049e2}\r\n\t\t\t{bf9679c5-0de6-11d0-a285-00aa003049e2}\r\n\t\t\t{bf967a61-0de6-11d0-a285-00aa003049e2}\r\n\t\t\t{bf967977-0de6-11d0-a285-00aa003049e2}\r\n\t\t\t{bf96795e-0de6-11d0-a285-00aa003049e2}\r\n\t\t\t{bf9679ea-0de6-11d0-a285-00aa003049e2}\r\n\t\t{ab721a52-1e2f-11d0-9819-00aa0040529b}\r\n""
ProcessId: '0x1c4'
AccessList: ""%%1537\r\n\t\t\t\t%%1538\r\n\t\t\t\t%%1539\r\n\t\t\t\t%%1540\r\n\t\t\t\t%%5392\r\n\t\t\t\t%%5393\r\n\t\t\t\t%%5394\r\n\t\t\t\t%%5395\r\n\t\t\t\t%%5396\r\n\t\t\t\t%%5397\r\n\t\t\t\t%%5398\r\n\t\t\t\t%%5399\r\n\t\t\t\t%%5400\r\n\t\t\t\t""
SubjectUserName: administrator
ProcessName: C:\Windows\System32\lsass.exe
"
2019-03-19T00:02:17.117342+00:00,AD Privileged Users or Groups Reconnaissance;Reconnaissance Activity,data/EVTX-ATTACK-SAMPLES/Lateral Movement/LM_ScheduledTask_ATSVC_target_host.evtx,1,Microsoft-Windows-Security-Auditing,4661,566862,WIN-77LTAPHIQ1R.example.corp,"PrivilegeList: ""ƿ\x0F-""
ObjectName: S-1-5-21-1587066498-1489273250-1035260531-500
AccessMask: '0x2d'
SubjectLogonId: '0x4fd77'
ObjectServer: Security Account Manager
ObjectType: SAM_USER
SubjectDomainName: EXAMPLE
RestrictedSidCount: 0
SubjectUserSid: S-1-5-21-1587066498-1489273250-1035260531-500
HandleId: '0x14c7b93d0'
TransactionId: 00000000-0000-0000-0000-000000000000
Properties: ""---\r\n\t{bf967aba-0de6-11d0-a285-00aa003049e2}\r\n%%1537\r\n%%1538\r\n%%1539\r\n%%1540\r\n%%5440\r\n%%5441\r\n%%5442\r\n%%5443\r\n%%5444\r\n%%5445\r\n%%5447\r\n%%5448\r\n\t\t{59ba2f42-79a2-11d0-9020-00c04fc2d3cf}\r\n\t\t\t{bf967938-0de6-11d0-a285-00aa003049e2}\r\n\t\t\t{5fd42471-1262-11d0-a060-00aa006c33ed}\r\n\t\t\t{bf9679e8-0de6-11d0-a285-00aa003049e2}\r\n\t\t\t{bf967a00-0de6-11d0-a285-00aa003049e2}\r\n\t\t\t{3e0abfd0-126a-11d0-a060-00aa006c33ed}\r\n\t\t\t{bf967a6a-0de6-11d0-a285-00aa003049e2}\r\n\t\t\t{bf967953-0de6-11d0-a285-00aa003049e2}\r\n\t\t{4c164200-20c0-11d0-a768-00aa006e0529}\r\n\t\t\t{bf967915-0de6-11d0-a285-00aa003049e2}\r\n\t\t\t{bf967a0a-0de6-11d0-a285-00aa003049e2}\r\n\t\t\t{bf967a68-0de6-11d0-a285-00aa003049e2}\r\n\t\t\t{bf967a6d-0de6-11d0-a285-00aa003049e2}\r\n\t\t{5f202010-79a5-11d0-9020-00c04fc2d4cf}\r\n\t\t\t{bf96792e-0de6-11d0-a285-00aa003049e2}\r\n\t\t\t{bf967985-0de6-11d0-a285-00aa003049e2}\r\n\t\t\t{bf967986-0de6-11d0-a285-00aa003049e2}\r\n\t\t\t{bf967996-0de6-11d0-a285-00aa003049e2}\r\n\t\t\t{bf967997-0de6-11d0-a285-00aa003049e2}\r\n\t\t\t{bf9679aa-0de6-11d0-a285-00aa003049e2}\r\n\t\t\t{bf9679ab-0de6-11d0-a285-00aa003049e2}\r\n\t\t\t{bf9679ac-0de6-11d0-a285-00aa003049e2}\r\n\t\t\t{bf967a05-0de6-11d0-a285-00aa003049e2}\r\n\t\t\t{bf9679a8-0de6-11d0-a285-00aa003049e2}\r\n\t\t{e48d0154-bcf8-11d1-8702-00c04fb96050}\r\n\t\t\t{bf967950-0de6-11d0-a285-00aa003049e2}\r\n\t\t{bc0ac240-79a9-11d0-9020-00c04fc2d4cf}\r\n\t\t\t{bf967991-0de6-11d0-a285-00aa003049e2}\r\n\t\t{ab721a53-1e2f-11d0-9819-00aa0040529b}\r\n\t\t{00299570-246d-11d0-a768-00aa006e0529}\r\n\t\t{7ed84960-ad10-11d0-8a92-00aa006e0529}\r\n""
ProcessId: '0x1c4'
AccessList: ""%%1537\r\n\t\t\t\t%%1538\r\n\t\t\t\t%%1539\r\n\t\t\t\t%%1540\r\n\t\t\t\t%%5440\r\n\t\t\t\t%%5441\r\n\t\t\t\t%%5442\r\n\t\t\t\t%%5443\r\n\t\t\t\t%%5444\r\n\t\t\t\t%%5445\r\n\t\t\t\t%%5447\r\n\t\t\t\t%%5448\r\n\t\t\t\t""
SubjectUserName: administrator
ProcessName: C:\Windows\System32\lsass.exe
"
2019-03-19T00:02:17.117342+00:00,Password Policy Enumerated,data/EVTX-ATTACK-SAMPLES/Lateral Movement/LM_ScheduledTask_ATSVC_target_host.evtx,1,Microsoft-Windows-Security-Auditing,4661,566854,WIN-77LTAPHIQ1R.example.corp,"PrivilegeList: ""ǿ\x0F-""
ObjectName: DC=example,DC=corp
AccessMask: '0x2d'
SubjectLogonId: '0x4fd77'
ObjectServer: Security Account Manager
ObjectType: SAM_DOMAIN
SubjectDomainName: EXAMPLE
RestrictedSidCount: 0
SubjectUserSid: S-1-5-21-1587066498-1489273250-1035260531-500
HandleId: '0x14c7b8ab0'
TransactionId: 00000000-0000-0000-0000-000000000000
Properties: ""---\r\n\t{19195a5a-6da0-11d0-afd3-00c04fd930c9}\r\n%%1537\r\n%%1538\r\n%%1539\r\n%%1540\r\n%%5392\r\n%%5393\r\n%%5394\r\n%%5395\r\n%%5396\r\n%%5397\r\n%%5398\r\n%%5399\r\n%%5400\r\n\t\t{c7407360-20bf-11d0-a768-00aa006e0529}\r\n\t\t\t{bf9679a4-0de6-11d0-a285-00aa003049e2}\r\n\t\t\t{bf9679a5-0de6-11d0-a285-00aa003049e2}\r\n\t\t\t{bf9679a6-0de6-11d0-a285-00aa003049e2}\r\n\t\t\t{bf9679bb-0de6-11d0-a285-00aa003049e2}\r\n\t\t\t{bf9679c2-0de6-11d0-a285-00aa003049e2}\r\n\t\t\t{bf9679c3-0de6-11d0-a285-00aa003049e2}\r\n\t\t\t{bf967a09-0de6-11d0-a285-00aa003049e2}\r\n\t\t\t{bf967a0b-0de6-11d0-a285-00aa003049e2}\r\n\t\t{b8119fd0-04f6-4762-ab7a-4986c76b3f9a}\r\n\t\t\t{bf967a34-0de6-11d0-a285-00aa003049e2}\r\n\t\t\t{bf967a33-0de6-11d0-a285-00aa003049e2}\r\n\t\t\t{bf9679c5-0de6-11d0-a285-00aa003049e2}\r\n\t\t\t{bf967a61-0de6-11d0-a285-00aa003049e2}\r\n\t\t\t{bf967977-0de6-11d0-a285-00aa003049e2}\r\n\t\t\t{bf96795e-0de6-11d0-a285-00aa003049e2}\r\n\t\t\t{bf9679ea-0de6-11d0-a285-00aa003049e2}\r\n\t\t{ab721a52-1e2f-11d0-9819-00aa0040529b}\r\n""
ProcessId: '0x1c4'
AccessList: ""%%1537\r\n\t\t\t\t%%1538\r\n\t\t\t\t%%1539\r\n\t\t\t\t%%1540\r\n\t\t\t\t%%5392\r\n\t\t\t\t%%5393\r\n\t\t\t\t%%5394\r\n\t\t\t\t%%5395\r\n\t\t\t\t%%5396\r\n\t\t\t\t%%5397\r\n\t\t\t\t%%5398\r\n\t\t\t\t%%5399\r\n\t\t\t\t%%5400\r\n\t\t\t\t""
SubjectUserName: administrator
ProcessName: C:\Windows\System32\lsass.exe
"
2019-03-19T00:02:21.460919+00:00,Win Susp Computer Name Containing Samtheadmin,data/EVTX-ATTACK-SAMPLES/Lateral Movement/LM_ScheduledTask_ATSVC_target_host.evtx,1,Microsoft-Windows-Security-Auditing,4624,566889,WIN-77LTAPHIQ1R.example.corp,"AuthenticationPackageName: Kerberos
LogonProcessName: Kerberos
IpAddress: ::1
KeyLength: 0
TargetDomainName: EXAMPLE
SubjectLogonId: '0x0'
TargetLogonId: '0x184212'
LogonGuid: 5FDB15EE-2283-F23C-E23B-5E5DDB11BB9C
SubjectDomainName: '-'
LogonType: 3
WorkstationName: ''
SubjectUserSid: S-1-0-0
TransmittedServices: '-'
ProcessId: '0x0'
IpPort: '56033'
ImpersonationLevel: '%%1833'
TargetUserName: WIN-77LTAPHIQ1R$
ProcessName: '-'
LmPackageName: '-'
SubjectUserName: '-'
TargetUserSid: S-1-5-18
"
2019-03-19T00:02:21.929554+00:00,Win Susp Computer Name Containing Samtheadmin,data/EVTX-ATTACK-SAMPLES/Lateral Movement/LM_ScheduledTask_ATSVC_target_host.evtx,1,Microsoft-Windows-Security-Auditing,4624,566894,WIN-77LTAPHIQ1R.example.corp,"AuthenticationPackageName: Kerberos
LogonProcessName: Kerberos
IpAddress: fe80::79bf:8ee2:433c:2567
KeyLength: 0
TargetDomainName: EXAMPLE
SubjectLogonId: '0x0'
TargetLogonId: '0x18423d'
LogonGuid: 5FDB15EE-2283-F23C-E23B-5E5DDB11BB9C
SubjectDomainName: '-'
LogonType: 3
WorkstationName: ''
SubjectUserSid: S-1-0-0
TransmittedServices: '-'
ProcessId: '0x0'
IpPort: '56034'
ImpersonationLevel: '%%1840'
TargetUserName: WIN-77LTAPHIQ1R$
ProcessName: '-'
LmPackageName: '-'
SubjectUserName: '-'
TargetUserSid: S-1-5-18
"
2019-03-19T17:22:24.761163+00:00,Hacktool - EDR-Freeze Execution;UAC Bypass Using NTFS Reparse Point - Process,data/EVTX-ATTACK-SAMPLES/Persistence/persistence_sysmon_11_13_1_shime_appfix.evtx,1,Microsoft-Windows-Sysmon,1,1966168,PC01.example.corp,"Image: C:\Windows\System32\osk.exe
RuleName: ''
Description: Accessibility On-Screen Keyboard
TerminalSessionId: 2
ParentCommandLine: C:\Windows\Explorer.EXE
Product: Microsoft® Windows® Operating System
Company: Microsoft Corporation
ParentProcessId: 3192
LogonGuid: 365ABB72-2209-5C91-0000-0020FA479E03
Hashes: MD5=C6A991D7DF17EBD8DE4739CD1F283133,IMPHASH=F9815E29854683EF4F5A668C9D2A24F9
ParentProcessGuid: 365ABB72-22A3-5C91-0000-00104DDC0504
ProcessId: 3824
CurrentDirectory: C:\Users\user01\
ProcessGuid: 365ABB72-2550-5C91-0000-00108FE4CF05
CommandLine: '""C:\Windows\system32\osk.exe"" '
FileVersion: 6.1.7600.16385 (win7_rtm.090713-1255)
User: EXAMPLE\user01
LogonId: '0x39e47fa'
IntegrityLevel: High
ParentImage: C:\Windows\explorer.exe
UtcTime: 2019-03-19 17:22:24.701
"
2019-03-19T17:22:24.851292+00:00,Hacktool - EDR-Freeze Execution;UAC Bypass Using NTFS Reparse Point - Process,data/EVTX-ATTACK-SAMPLES/Persistence/persistence_sysmon_11_13_1_shime_appfix.evtx,1,Microsoft-Windows-Sysmon,1,1966169,PC01.example.corp,"Image: C:\Windows\System32\Utilman.exe
RuleName: ''
Description: Utility Manager
TerminalSessionId: 2
ParentCommandLine: winlogon.exe
Product: Microsoft® Windows® Operating System
Company: Microsoft Corporation
ParentProcessId: 3888
LogonGuid: 365ABB72-2209-5C91-0000-0020FA479E03
Hashes: MD5=7B9602D3475967F149C1A2C3E2B75A79,IMPHASH=DCF0CD9257282658699A95E5364092B8
ParentProcessGuid: 365ABB72-21EB-5C91-0000-001011928B03
ProcessId: 3688
CurrentDirectory: C:\Windows\system32\
ProcessGuid: 365ABB72-2550-5C91-0000-00101EE6CF05
CommandLine: utilman.exe /debug
FileVersion: 6.1.7600.16385 (win7_rtm.090713-1255)
User: EXAMPLE\user01
LogonId: '0x39e47fa'
IntegrityLevel: High
ParentImage: C:\Windows\System32\winlogon.exe
UtcTime: 2019-03-19 17:22:24.751
"
2019-03-19T17:22:24.901364+00:00,Hacktool - EDR-Freeze Execution;UAC Bypass Using NTFS Reparse Point - Process,data/EVTX-ATTACK-SAMPLES/Persistence/persistence_sysmon_11_13_1_shime_appfix.evtx,1,Microsoft-Windows-Sysmon,1,1966170,PC01.example.corp,"Image: C:\Windows\System32\osk.exe
RuleName: ''
Description: Accessibility On-Screen Keyboard
TerminalSessionId: 2
ParentCommandLine: utilman.exe /debug
Product: Microsoft® Windows® Operating System
Company: Microsoft Corporation
ParentProcessId: 3688
LogonGuid: 365ABB72-2209-5C91-0000-0020FA479E03
Hashes: MD5=C6A991D7DF17EBD8DE4739CD1F283133,IMPHASH=F9815E29854683EF4F5A668C9D2A24F9
ParentProcessGuid: 365ABB72-2550-5C91-0000-00101EE6CF05
ProcessId: 4088
CurrentDirectory: C:\Windows\system32\
ProcessGuid: 365ABB72-2550-5C91-0000-00106CEACF05
CommandLine: '""C:\Windows\System32\osk.exe"" '
FileVersion: 6.1.7600.16385 (win7_rtm.090713-1255)
User: EXAMPLE\user01
LogonId: '0x39e47fa'
IntegrityLevel: High
ParentImage: C:\Windows\System32\Utilman.exe
UtcTime: 2019-03-19 17:22:24.801
"
2019-03-19T17:22:40.373612+00:00,Hacktool - EDR-Freeze Execution;UAC Bypass Using NTFS Reparse Point - Process,data/EVTX-ATTACK-SAMPLES/Persistence/persistence_sysmon_11_13_1_shime_appfix.evtx,1,Microsoft-Windows-Sysmon,1,1966171,PC01.example.corp,"Image: C:\Windows\System32\Utilman.exe
RuleName: ''
Description: Utility Manager
TerminalSessionId: 2
ParentCommandLine: winlogon.exe
Product: Microsoft® Windows® Operating System
Company: Microsoft Corporation
ParentProcessId: 3888
LogonGuid: 365ABB72-2209-5C91-0000-0020FA479E03
Hashes: MD5=7B9602D3475967F149C1A2C3E2B75A79,IMPHASH=DCF0CD9257282658699A95E5364092B8
ParentProcessGuid: 365ABB72-21EB-5C91-0000-001011928B03
ProcessId: 3092
CurrentDirectory: C:\Windows\system32\
ProcessGuid: 365ABB72-2560-5C91-0000-0010C721DA05
CommandLine: utilman.exe /debug
FileVersion: 6.1.7600.16385 (win7_rtm.090713-1255)
User: EXAMPLE\user01
LogonId: '0x39e47fa'
IntegrityLevel: High
ParentImage: C:\Windows\System32\winlogon.exe
UtcTime: 2019-03-19 17:22:40.333
"
2019-03-19T17:26:03.585817+00:00,Hacktool - EDR-Freeze Execution;UAC Bypass Using NTFS Reparse Point - Process,data/EVTX-ATTACK-SAMPLES/Persistence/persistence_sysmon_11_13_1_shime_appfix.evtx,1,Microsoft-Windows-Sysmon,1,1966174,PC01.example.corp,"Image: C:\Windows\System32\UI0Detect.exe
RuleName: ''
Description: Interactive services detection
TerminalSessionId: 2
ParentCommandLine: C:\Windows\system32\UI0Detect.exe
Product: Microsoft® Windows® Operating System
Company: Microsoft Corporation
ParentProcessId: 2072
LogonGuid: 365ABB72-2209-5C91-0000-0020FA479E03
Hashes: MD5=8344FD4FCE927880AA1AA7681D4927E5,IMPHASH=5DE0CABE853D959C3319B51C8EC562E6
ParentProcessGuid: 365ABB72-1B9C-5C91-0000-00104C6A0200
ProcessId: 4004
CurrentDirectory: C:\Windows\system32\
ProcessGuid: 365ABB72-262B-5C91-0000-0010B2566006
CommandLine: UI0Detect.exe 224
FileVersion: 6.1.7600.16385 (win7_rtm.090713-1255)
User: EXAMPLE\user01
LogonId: '0x39e47fa'
IntegrityLevel: High
ParentImage: C:\Windows\System32\UI0Detect.exe
UtcTime: 2019-03-19 17:26:03.575
"
2019-03-19T17:26:05.628755+00:00,Hacktool - EDR-Freeze Execution;UAC Bypass Using NTFS Reparse Point - Process,data/EVTX-ATTACK-SAMPLES/Persistence/persistence_sysmon_11_13_1_shime_appfix.evtx,1,Microsoft-Windows-Sysmon,1,1966175,PC01.example.corp,"Image: C:\Windows\System32\slui.exe
RuleName: ''
Description: Windows Activation Client
TerminalSessionId: 2
ParentCommandLine: C:\Windows\system32\svchost.exe -k DcomLaunch
Product: Microsoft® Windows® Operating System
Company: Microsoft Corporation
ParentProcessId: 636
LogonGuid: 365ABB72-2209-5C91-0000-0020FA479E03
Hashes: MD5=D861EB4D6719D6738270E6A376B87F18,IMPHASH=B54B63A98C9E12C1902D75D180ABBF38
ParentProcessGuid: 365ABB72-1A4B-5C91-0000-0010FB720000
ProcessId: 2792
CurrentDirectory: C:\Windows\system32\
ProcessGuid: 365ABB72-262D-5C91-0000-00108EA26106
CommandLine: C:\Windows\System32\slui.exe -Embedding
FileVersion: 6.1.7600.16385 (win7_rtm.090713-1255)
User: EXAMPLE\user01
LogonId: '0x39e47fa'
IntegrityLevel: High
ParentImage: C:\Windows\System32\svchost.exe
UtcTime: 2019-03-19 17:26:05.588
"
2019-03-19T17:31:03.687342+00:00,Hacktool - EDR-Freeze Execution;UAC Bypass Using NTFS Reparse Point - Process,data/EVTX-ATTACK-SAMPLES/Persistence/persistence_sysmon_11_13_1_shime_appfix.evtx,1,Microsoft-Windows-Sysmon,1,1966178,PC01.example.corp,"Image: C:\Windows\System32\UI0Detect.exe
RuleName: ''
Description: Interactive services detection
TerminalSessionId: 2
ParentCommandLine: C:\Windows\system32\UI0Detect.exe
Product: Microsoft® Windows® Operating System
Company: Microsoft Corporation
ParentProcessId: 2072
LogonGuid: 365ABB72-2209-5C91-0000-0020FA479E03
Hashes: MD5=8344FD4FCE927880AA1AA7681D4927E5,IMPHASH=5DE0CABE853D959C3319B51C8EC562E6
ParentProcessGuid: 365ABB72-1B9C-5C91-0000-00104C6A0200
ProcessId: 3264
CurrentDirectory: C:\Windows\system32\
ProcessGuid: 365ABB72-2757-5C91-0000-0010A2B52A07
CommandLine: UI0Detect.exe 224
FileVersion: 6.1.7600.16385 (win7_rtm.090713-1255)
User: EXAMPLE\user01
LogonId: '0x39e47fa'
IntegrityLevel: High
ParentImage: C:\Windows\System32\UI0Detect.exe
UtcTime: 2019-03-19 17:31:03.677
"
2019-03-19T17:36:03.788867+00:00,Hacktool - EDR-Freeze Execution;UAC Bypass Using NTFS Reparse Point - Process,data/EVTX-ATTACK-SAMPLES/Persistence/persistence_sysmon_11_13_1_shime_appfix.evtx,1,Microsoft-Windows-Sysmon,1,1966179,PC01.example.corp,"Image: C:\Windows\System32\UI0Detect.exe
RuleName: ''
Description: Interactive services detection
TerminalSessionId: 2
ParentCommandLine: C:\Windows\system32\UI0Detect.exe
Product: Microsoft® Windows® Operating System
Company: Microsoft Corporation
ParentProcessId: 2072
LogonGuid: 365ABB72-2209-5C91-0000-0020FA479E03
Hashes: MD5=8344FD4FCE927880AA1AA7681D4927E5,IMPHASH=5DE0CABE853D959C3319B51C8EC562E6
ParentProcessGuid: 365ABB72-1B9C-5C91-0000-00104C6A0200
ProcessId: 2056
CurrentDirectory: C:\Windows\system32\
ProcessGuid: 365ABB72-2883-5C91-0000-00101656F407
CommandLine: UI0Detect.exe 224
FileVersion: 6.1.7600.16385 (win7_rtm.090713-1255)
User: EXAMPLE\user01
LogonId: '0x39e47fa'
IntegrityLevel: High
ParentImage: C:\Windows\System32\UI0Detect.exe
UtcTime: 2019-03-19 17:36:03.778
"
2019-03-19T17:41:03.890392+00:00,Hacktool - EDR-Freeze Execution;UAC Bypass Using NTFS Reparse Point - Process,data/EVTX-ATTACK-SAMPLES/Persistence/persistence_sysmon_11_13_1_shime_appfix.evtx,1,Microsoft-Windows-Sysmon,1,1966182,PC01.example.corp,"Image: C:\Windows\System32\UI0Detect.exe
RuleName: ''
Description: Interactive services detection
TerminalSessionId: 2
ParentCommandLine: C:\Windows\system32\UI0Detect.exe
Product: Microsoft® Windows® Operating System
Company: Microsoft Corporation
ParentProcessId: 2072
LogonGuid: 365ABB72-2209-5C91-0000-0020FA479E03
Hashes: MD5=8344FD4FCE927880AA1AA7681D4927E5,IMPHASH=5DE0CABE853D959C3319B51C8EC562E6
ParentProcessGuid: 365ABB72-1B9C-5C91-0000-00104C6A0200
ProcessId: 1756
CurrentDirectory: C:\Windows\system32\
ProcessGuid: 365ABB72-29AF-5C91-0000-0010B895C008
CommandLine: UI0Detect.exe 224
FileVersion: 6.1.7600.16385 (win7_rtm.090713-1255)
User: EXAMPLE\user01
LogonId: '0x39e47fa'
IntegrityLevel: High
ParentImage: C:\Windows\System32\UI0Detect.exe
UtcTime: 2019-03-19 17:41:03.880
"
2019-03-19T17:41:08.777419+00:00,HackTool - CrackMapExec Process Patterns;Hacktool - EDR-Freeze Execution;UAC Bypass Using NTFS Reparse Point - Process,data/EVTX-ATTACK-SAMPLES/Persistence/persistence_sysmon_11_13_1_shime_appfix.evtx,1,Microsoft-Windows-Sysmon,1,1966183,PC01.example.corp,"Image: C:\Windows\System32\LogonUI.exe
RuleName: ''
Description: Windows Logon User Interface Host
TerminalSessionId: 2
ParentCommandLine: winlogon.exe
Product: Microsoft® Windows® Operating System
Company: Microsoft Corporation
ParentProcessId: 3888
LogonGuid: 365ABB72-1A4B-5C91-0000-0020E7030000
Hashes: MD5=3EF0D8AB08385AAB5802E773511A2E6A,IMPHASH=B8FCE86F8F679B9FC7368F8F47778678
ParentProcessGuid: 365ABB72-21EB-5C91-0000-001011928B03
ProcessId: 1876
CurrentDirectory: C:\Windows\system32\
ProcessGuid: 365ABB72-29B4-5C91-0000-00108191C308
CommandLine: '""LogonUI.exe"" /flags:0x0'
FileVersion: 6.1.7601.17514 (win7sp1_rtm.101119-1850)
User: NT AUTHORITY\SYSTEM
LogonId: '0x3e7'
IntegrityLevel: System
ParentImage: C:\Windows\System32\winlogon.exe
UtcTime: 2019-03-19 17:41:08.336
"
2019-03-19T17:41:08.967692+00:00,HackTool - CrackMapExec Process Patterns;Hacktool - EDR-Freeze Execution;Operator Bloopers Cobalt Strike Commands;Potential Meterpreter/CobaltStrike Activity;UAC Bypass Using NTFS Reparse Point - Process,data/EVTX-ATTACK-SAMPLES/Persistence/persistence_sysmon_11_13_1_shime_appfix.evtx,1,Microsoft-Windows-Sysmon,1,1966184,PC01.example.corp,"Image: C:\Windows\System32\cmd.exe
RuleName: ''
Description: Windows Command Processor
TerminalSessionId: 2
ParentCommandLine: C:\Windows\system32\services.exe
Product: Microsoft® Windows® Operating System
Company: Microsoft Corporation
ParentProcessId: 512
LogonGuid: 365ABB72-2209-5C91-0000-0020FA479E03
Hashes: MD5=AD7B9C14083B52BC532FBA5948342B98,IMPHASH=CEEFB55F764020CC5C5F8F23349AB163
ParentProcessGuid: 365ABB72-1A4A-5C91-0000-0010455A0000
ProcessId: 3748
CurrentDirectory: C:\Windows\system32\
ProcessGuid: 365ABB72-29B4-5C91-0000-0010289AC308
CommandLine: C:\Windows\system32\cmd.EXE /c malwr.vbs
FileVersion: 6.1.7601.17514 (win7sp1_rtm.101119-1850)
User: EXAMPLE\user01
LogonId: '0x39e47fa'
IntegrityLevel: High
ParentImage: C:\Windows\System32\services.exe
UtcTime: 2019-03-19 17:41:08.947
"
2019-03-19T17:41:08.977707+00:00,Hacktool - EDR-Freeze Execution;UAC Bypass Using NTFS Reparse Point - Process,data/EVTX-ATTACK-SAMPLES/Persistence/persistence_sysmon_11_13_1_shime_appfix.evtx,1,Microsoft-Windows-Sysmon,1,1966185,PC01.example.corp,"Image: C:\Windows\System32\gpscript.exe
RuleName: ''
Description: Group Policy Script Application
TerminalSessionId: 2
ParentCommandLine: C:\Windows\system32\svchost.exe -k GPSvcGroup
Product: Microsoft® Windows® Operating System
Company: Microsoft Corporation
ParentProcessId: 1128
LogonGuid: 365ABB72-2209-5C91-0000-0020FA479E03
Hashes: MD5=C0DC9F7398238C17E480BCBF2C080B25,IMPHASH=EA27F796BAA77700F4D97A01CA10AD24
ParentProcessGuid: 365ABB72-1A4D-5C91-0000-0010260A0100
ProcessId: 3488
CurrentDirectory: C:\Windows\system32\
ProcessGuid: 365ABB72-29B4-5C91-0000-0010999AC308
CommandLine: gpscript.exe /Logoff
FileVersion: 6.1.7601.23452 (win7sp1_ldr.160512-0600)
User: EXAMPLE\user01
LogonId: '0x39e47fa'
IntegrityLevel: High
ParentImage: C:\Windows\System32\svchost.exe
UtcTime: 2019-03-19 17:41:08.957
"
2019-03-19T17:41:09.828931+00:00,HackTool - CrackMapExec Process Patterns;Hacktool - EDR-Freeze Execution;UAC Bypass Using NTFS Reparse Point - Process,data/EVTX-ATTACK-SAMPLES/Persistence/persistence_sysmon_11_13_1_shime_appfix.evtx,1,Microsoft-Windows-Sysmon,1,1966189,PC01.example.corp,"Image: C:\Windows\System32\LogonUI.exe
RuleName: ''
Description: Windows Logon User Interface Host
TerminalSessionId: 0
ParentCommandLine: wininit.exe
Product: Microsoft® Windows® Operating System
Company: Microsoft Corporation
ParentProcessId: 416
LogonGuid: 365ABB72-1A4B-5C91-0000-0020E7030000
Hashes: MD5=3EF0D8AB08385AAB5802E773511A2E6A,IMPHASH=B8FCE86F8F679B9FC7368F8F47778678
ParentProcessGuid: 365ABB72-1A4A-5C91-0000-00102D500000
ProcessId: 2384
CurrentDirectory: C:\Windows\system32\
ProcessGuid: 365ABB72-29B5-5C91-0000-0010BE04C408
CommandLine: '""LogonUI.exe"" /flags:0x1'
FileVersion: 6.1.7601.17514 (win7sp1_rtm.101119-1850)
User: NT AUTHORITY\SYSTEM
LogonId: '0x3e7'
IntegrityLevel: System
ParentImage: C:\Windows\System32\wininit.exe
UtcTime: 2019-03-19 17:41:09.708
"
2019-03-19T17:42:05.859499+00:00,HackTool - CrackMapExec Process Patterns;Hacktool - EDR-Freeze Execution;UAC Bypass Using NTFS Reparse Point - Process,data/EVTX-ATTACK-SAMPLES/Persistence/persistence_sysmon_11_13_1_shime_appfix.evtx,1,Microsoft-Windows-Sysmon,1,1966192,PC01.example.corp,"Image: C:\Windows\System32\taskhost.exe
RuleName: ''
Description: Host Process for Windows Tasks
TerminalSessionId: 0
ParentCommandLine: C:\Windows\system32\services.exe
Product: Microsoft® Windows® Operating System
Company: Microsoft Corporation
ParentProcessId: 512
LogonGuid: 365ABB72-0000-0000-0000-0020E7030000
Hashes: MD5=72E953215CADE1A726C04AAFDF6B463D,IMPHASH=5220133EC95DDFD6117BEE60F87837A2
ParentProcessGuid: 365ABB72-1A4A-5C91-0000-0010455A0000
ProcessId: 4012
CurrentDirectory: C:\Windows\system32\
ProcessGuid: 365ABB72-29ED-5C91-0000-00107271E808
CommandLine: 'taskhost.exe C:\Windows\system32\CompatTelRunner.exe '
FileVersion: 6.1.7600.16385 (win7_rtm.090713-1255)
User: NT AUTHORITY\SYSTEM
LogonId: '0x3e7'
IntegrityLevel: System
ParentImage: C:\Windows\System32\services.exe
UtcTime: 2019-03-19 17:42:05.849
"
2019-03-19T20:41:11.238660+00:00,HackTool - CrackMapExec Process Patterns;Hacktool - EDR-Freeze Execution;UAC Bypass Using NTFS Reparse Point - Process,data/EVTX-ATTACK-SAMPLES/Persistence/persistence_sysmon_11_13_1_shime_appfix.evtx,1,Microsoft-Windows-Sysmon,1,1966197,PC01.example.corp,"Image: C:\Windows\System32\smss.exe
RuleName: ''
Description: Windows Session Manager
TerminalSessionId: 0
ParentCommandLine: \SystemRoot\System32\smss.exe
Product: Microsoft® Windows® Operating System
Company: Microsoft Corporation
ParentProcessId: 292
LogonGuid: 365ABB72-528D-5C91-0000-0020E7030000
Hashes: MD5=87BABA506DAAAE49729DFFCDFA99D12F,IMPHASH=263C3FFA2FD990E9BAE492989A61AF52
ParentProcessGuid: 365ABB72-5287-5C91-0000-0010E12A0000
ProcessId: 360
CurrentDirectory: C:\Windows\
ProcessGuid: 365ABB72-528C-5C91-0000-00104B4B0000
CommandLine: '\SystemRoot\System32\smss.exe 00000000 0000003c '
FileVersion: 6.1.7600.16385 (win7_rtm.090713-1255)
User: NT AUTHORITY\SYSTEM
LogonId: '0x3e7'
IntegrityLevel: System
ParentImage: C:\Windows\System32\smss.exe
UtcTime: 2019-03-19 20:35:24.460
"
2019-03-19T20:41:11.458977+00:00,HackTool - CrackMapExec Process Patterns;Hacktool - EDR-Freeze Execution;UAC Bypass Using NTFS Reparse Point - Process,data/EVTX-ATTACK-SAMPLES/Persistence/persistence_sysmon_11_13_1_shime_appfix.evtx,1,Microsoft-Windows-Sysmon,1,1966198,PC01.example.corp,"Image: C:\Windows\System32\csrss.exe
RuleName: ''
Description: Client Server Runtime Process
TerminalSessionId: 0
ParentCommandLine: '\SystemRoot\System32\smss.exe 00000000 0000003c '
Product: Microsoft® Windows® Operating System
Company: Microsoft Corporation
ParentProcessId: 360
LogonGuid: 365ABB72-528D-5C91-0000-0020E7030000
Hashes: MD5=342271F6142E7C70805B8A81E1BA5F5C,IMPHASH=A801AE60E0B3E5643B92C006DA96F0E0
ParentProcessGuid: 365ABB72-528C-5C91-0000-00104B4B0000
ProcessId: 368
CurrentDirectory: C:\Windows\system32
ProcessGuid: 365ABB72-528C-5C91-0000-0010644D0000
CommandLine: '%%SystemRoot%%\system32\csrss.exe ObjectDirectory=\Windows SharedSection=1024,12288,512 Windows=On SubSystemType=Windows ServerDll=basesrv,1 ServerDll=winsrv:UserServerDllInitialization,3 ServerDll=winsrv:ConServerDllInitialization,2 ServerDll=sxssrv,4 ProfileControl=Off MaxRequestThreads=16'
FileVersion: 6.1.7600.16385 (win7_rtm.090713-1255)
User: NT AUTHORITY\SYSTEM
LogonId: '0x3e7'
IntegrityLevel: System
ParentImage: C:\Windows\System32\smss.exe
UtcTime: 2019-03-19 20:35:24.620
"
2019-03-19T20:41:11.699323+00:00,HackTool - CrackMapExec Process Patterns;Hacktool - EDR-Freeze Execution;UAC Bypass Using NTFS Reparse Point - Process,data/EVTX-ATTACK-SAMPLES/Persistence/persistence_sysmon_11_13_1_shime_appfix.evtx,1,Microsoft-Windows-Sysmon,1,1966199,PC01.example.corp,"Image: C:\Windows\System32\smss.exe
RuleName: ''
Description: Windows Session Manager
TerminalSessionId: 1
ParentCommandLine: \SystemRoot\System32\smss.exe
Product: Microsoft® Windows® Operating System
Company: Microsoft Corporation
ParentProcessId: 292
LogonGuid: 365ABB72-528D-5C91-0000-0020E7030000
Hashes: MD5=87BABA506DAAAE49729DFFCDFA99D12F,IMPHASH=263C3FFA2FD990E9BAE492989A61AF52
ParentProcessGuid: 365ABB72-5287-5C91-0000-0010E12A0000
ProcessId: 408
CurrentDirectory: C:\Windows\
ProcessGuid: 365ABB72-528D-5C91-0000-00103B500000
CommandLine: '\SystemRoot\System32\smss.exe 00000001 0000003c '
FileVersion: 6.1.7600.16385 (win7_rtm.090713-1255)
User: NT AUTHORITY\SYSTEM
LogonId: '0x3e7'
IntegrityLevel: System
ParentImage: C:\Windows\System32\smss.exe
UtcTime: 2019-03-19 20:35:25.070
"
2019-03-19T20:41:11.719352+00:00,HackTool - CrackMapExec Process Patterns;Hacktool - EDR-Freeze Execution;UAC Bypass Using NTFS Reparse Point - Process,data/EVTX-ATTACK-SAMPLES/Persistence/persistence_sysmon_11_13_1_shime_appfix.evtx,1,Microsoft-Windows-Sysmon,1,1966200,PC01.example.corp,"Image: C:\Windows\System32\wininit.exe
RuleName: ''
Description: Windows Start-Up Application
TerminalSessionId: 0
ParentCommandLine: '\SystemRoot\System32\smss.exe 00000000 0000003c '
Product: Microsoft® Windows® Operating System
Company: Microsoft Corporation
ParentProcessId: 360
LogonGuid: 365ABB72-528D-5C91-0000-0020E7030000
Hashes: MD5=B5C5DCAD3899512020D135600129D665,IMPHASH=3A03523373D4A10171106AA80AA91C50
ParentProcessGuid: 365ABB72-528C-5C91-0000-00104B4B0000
ProcessId: 416
CurrentDirectory: C:\Windows\system32
ProcessGuid: 365ABB72-528D-5C91-0000-001056500000
CommandLine: wininit.exe
FileVersion: 6.1.7600.16385 (win7_rtm.090713-1255)
User: NT AUTHORITY\SYSTEM
LogonId: '0x3e7'
IntegrityLevel: System
ParentImage: C:\Windows\System32\smss.exe
UtcTime: 2019-03-19 20:35:25.080
"
2019-03-19T20:41:11.759409+00:00,HackTool - CrackMapExec Process Patterns;Hacktool - EDR-Freeze Execution;UAC Bypass Using NTFS Reparse Point - Process,data/EVTX-ATTACK-SAMPLES/Persistence/persistence_sysmon_11_13_1_shime_appfix.evtx,1,Microsoft-Windows-Sysmon,1,1966201,PC01.example.corp,"Image: C:\Windows\System32\csrss.exe
RuleName: ''
Description: Client Server Runtime Process
TerminalSessionId: 1
ParentCommandLine: '\SystemRoot\System32\smss.exe 00000001 0000003c '
Product: Microsoft® Windows® Operating System
Company: Microsoft Corporation
ParentProcessId: 408
LogonGuid: 365ABB72-528D-5C91-0000-0020E7030000
Hashes: MD5=342271F6142E7C70805B8A81E1BA5F5C,IMPHASH=A801AE60E0B3E5643B92C006DA96F0E0
ParentProcessGuid: 365ABB72-528D-5C91-0000-00103B500000
ProcessId: 428
CurrentDirectory: C:\Windows\system32
ProcessGuid: 365ABB72-528D-5C91-0000-00109C500000
CommandLine: '%%SystemRoot%%\system32\csrss.exe ObjectDirectory=\Windows SharedSection=1024,12288,512 Windows=On SubSystemType=Windows ServerDll=basesrv,1 ServerDll=winsrv:UserServerDllInitialization,3 ServerDll=winsrv:ConServerDllInitialization,2 ServerDll=sxssrv,4 ProfileControl=Off MaxRequestThreads=16'
FileVersion: 6.1.7600.16385 (win7_rtm.090713-1255)
User: NT AUTHORITY\SYSTEM
LogonId: '0x3e7'
IntegrityLevel: System
ParentImage: C:\Windows\System32\smss.exe
UtcTime: 2019-03-19 20:35:25.080
"
2019-03-19T20:41:11.909625+00:00,HackTool - CrackMapExec Process Patterns;HackTool - HandleKatz LSASS Dumper Execution;Hacktool - EDR-Freeze Execution;Potential SysInternals ProcDump Evasion;UAC Bypass Using NTFS Reparse Point - Process,data/EVTX-ATTACK-SAMPLES/Persistence/persistence_sysmon_11_13_1_shime_appfix.evtx,1,Microsoft-Windows-Sysmon,1,1966207,PC01.example.corp,"Image: C:\Windows\System32\lsass.exe
RuleName: ''
Description: Local Security Authority Process
TerminalSessionId: 0
ParentCommandLine: wininit.exe
Product: Microsoft® Windows® Operating System
Company: Microsoft Corporation
ParentProcessId: 416
LogonGuid: 365ABB72-528D-5C91-0000-0020E7030000
Hashes: MD5=81D6A42F7DC98B70BE27CE7AE0DF93E3,IMPHASH=CD34303891171FB5835B5BD38EEA5EC5
ParentProcessGuid: 365ABB72-528D-5C91-0000-001056500000
ProcessId: 500
CurrentDirectory: C:\Windows\system32\
ProcessGuid: 365ABB72-528D-5C91-0000-0010AD570000
CommandLine: C:\Windows\system32\lsass.exe
FileVersion: 6.1.7601.24335 (win7sp1_ldr_escrow.181228-0954)
User: NT AUTHORITY\SYSTEM
LogonId: '0x3e7'
IntegrityLevel: System
ParentImage: C:\Windows\System32\wininit.exe
UtcTime: 2019-03-19 20:35:25.431
"
2019-03-19T20:41:11.909625+00:00,HackTool - CrackMapExec Process Patterns;Hacktool - EDR-Freeze Execution;UAC Bypass Using NTFS Reparse Point - Process,data/EVTX-ATTACK-SAMPLES/Persistence/persistence_sysmon_11_13_1_shime_appfix.evtx,1,Microsoft-Windows-Sysmon,1,1966206,PC01.example.corp,"Image: C:\Windows\System32\services.exe
RuleName: ''
Description: Services and Controller app
TerminalSessionId: 0
ParentCommandLine: wininit.exe
Product: Microsoft® Windows® Operating System
Company: Microsoft Corporation
ParentProcessId: 416
LogonGuid: 365ABB72-528D-5C91-0000-0020E7030000
Hashes: MD5=0780A42DBD7D9969F9BF4A19AA4285B5,IMPHASH=7554E509802EA52A1D02BBB4506CAE72
ParentProcessGuid: 365ABB72-528D-5C91-0000-001056500000
ProcessId: 484
CurrentDirectory: C:\Windows\system32\
ProcessGuid: 365ABB72-528D-5C91-0000-001062560000
CommandLine: C:\Windows\system32\services.exe
FileVersion: 6.1.7600.16385 (win7_rtm.090713-1255)
User: NT AUTHORITY\SYSTEM
LogonId: '0x3e7'
IntegrityLevel: System
ParentImage: C:\Windows\System32\wininit.exe
UtcTime: 2019-03-19 20:35:25.321
"
2019-03-19T20:41:11.919640+00:00,HackTool - CrackMapExec Process Patterns;Hacktool - EDR-Freeze Execution;UAC Bypass Using NTFS Reparse Point - Process,data/EVTX-ATTACK-SAMPLES/Persistence/persistence_sysmon_11_13_1_shime_appfix.evtx,1,Microsoft-Windows-Sysmon,1,1966208,PC01.example.corp,"Image: C:\Windows\System32\lsm.exe
RuleName: ''
Description: Local Session Manager Service
TerminalSessionId: 0
ParentCommandLine: wininit.exe
Product: Microsoft® Windows® Operating System
Company: Microsoft Corporation
ParentProcessId: 416
LogonGuid: 365ABB72-528D-5C91-0000-0020E7030000
Hashes: MD5=8AEA9A37C1A3565A204D37C5E72AB791,IMPHASH=4533246FC4C9744F5C769C6A867C5B8D
ParentProcessGuid: 365ABB72-528D-5C91-0000-001056500000
ProcessId: 508
CurrentDirectory: C:\Windows\system32\
ProcessGuid: 365ABB72-528D-5C91-0000-0010DA570000
CommandLine: C:\Windows\system32\lsm.exe
FileVersion: 6.1.7600.16385 (win7_rtm.090713-1255)
User: NT AUTHORITY\SYSTEM
LogonId: '0x3e7'
IntegrityLevel: System
ParentImage: C:\Windows\System32\wininit.exe
UtcTime: 2019-03-19 20:35:25.441
"
2019-03-19T20:41:11.929654+00:00,HackTool - CrackMapExec Process Patterns;Hacktool - EDR-Freeze Execution;UAC Bypass Using NTFS Reparse Point - Process,data/EVTX-ATTACK-SAMPLES/Persistence/persistence_sysmon_11_13_1_shime_appfix.evtx,1,Microsoft-Windows-Sysmon,1,1966209,PC01.example.corp,"Image: C:\Windows\System32\winlogon.exe
RuleName: ''
Description: Windows Logon Application
TerminalSessionId: 1
ParentCommandLine: '\SystemRoot\System32\smss.exe 00000001 0000003c '
Product: Microsoft® Windows® Operating System
Company: Microsoft Corporation
ParentProcessId: 408
LogonGuid: 365ABB72-528D-5C91-0000-0020E7030000
Hashes: MD5=52449FD429D6053B78AE564DEF303870,IMPHASH=017962B1BE2C625ABB0F1195D008BD45
ParentProcessGuid: 365ABB72-528D-5C91-0000-00103B500000
ProcessId: 516
CurrentDirectory: C:\Windows\system32
ProcessGuid: 365ABB72-528D-5C91-0000-00100C580000
CommandLine: winlogon.exe
FileVersion: 6.1.7601.17514 (win7sp1_rtm.101119-1850)
User: NT AUTHORITY\SYSTEM
LogonId: '0x3e7'
IntegrityLevel: System
ParentImage: C:\Windows\System32\smss.exe
UtcTime: 2019-03-19 20:35:25.471
"
2019-03-19T20:41:12.931094+00:00,HackTool - CrackMapExec Process Patterns;Hacktool - EDR-Freeze Execution;UAC Bypass Using NTFS Reparse Point - Process,data/EVTX-ATTACK-SAMPLES/Persistence/persistence_sysmon_11_13_1_shime_appfix.evtx,1,Microsoft-Windows-Sysmon,1,1966220,PC01.example.corp,"Image: C:\Windows\System32\svchost.exe
RuleName: ''
Description: Host Process for Windows Services
TerminalSessionId: 0
ParentCommandLine: C:\Windows\system32\services.exe
Product: Microsoft® Windows® Operating System
Company: Microsoft Corporation
ParentProcessId: 484
LogonGuid: 365ABB72-528D-5C91-0000-0020E7030000
Hashes: MD5=54A47F6B5E09A77E61649109C6A08866,IMPHASH=58E185299ECCA757FE68BA83A6495FDE
ParentProcessGuid: 365ABB72-528D-5C91-0000-001062560000
ProcessId: 632
CurrentDirectory: C:\Windows\system32\
ProcessGuid: 365ABB72-528F-5C91-0000-001073780000
CommandLine: C:\Windows\system32\svchost.exe -k DcomLaunch
FileVersion: 6.1.7600.16385 (win7_rtm.090713-1255)
User: NT AUTHORITY\SYSTEM
LogonId: '0x3e7'
IntegrityLevel: System
ParentImage: C:\Windows\System32\services.exe
UtcTime: 2019-03-19 20:35:27.244
"
2019-03-19T20:41:13.151411+00:00,HackTool - CrackMapExec Process Patterns;Hacktool - EDR-Freeze Execution;UAC Bypass Using NTFS Reparse Point - Process,data/EVTX-ATTACK-SAMPLES/Persistence/persistence_sysmon_11_13_1_shime_appfix.evtx,1,Microsoft-Windows-Sysmon,1,1966223,PC01.example.corp,"Image: C:\Windows\System32\VBoxService.exe
RuleName: ''
Description: VirtualBox Guest Additions Service
TerminalSessionId: 0
ParentCommandLine: C:\Windows\system32\services.exe
Product: Oracle VM VirtualBox Guest Additions
Company: Oracle Corporation
ParentProcessId: 484
LogonGuid: 365ABB72-528D-5C91-0000-0020E7030000
Hashes: MD5=3F87EFB2C320E63709E74E1319014A13,IMPHASH=9CE131623198BDA84F30B5C170B8A642
ParentProcessGuid: 365ABB72-528D-5C91-0000-001062560000
ProcessId: 692
CurrentDirectory: C:\Windows\system32\
ProcessGuid: 365ABB72-528F-5C91-0000-0010ECB50000
CommandLine: C:\Windows\System32\VBoxService.exe
FileVersion: 5.1.30.118389
User: NT AUTHORITY\SYSTEM
LogonId: '0x3e7'
IntegrityLevel: System
ParentImage: C:\Windows\System32\services.exe
UtcTime: 2019-03-19 20:35:27.494
"
2019-03-19T20:41:13.181454+00:00,HackTool - CrackMapExec Process Patterns;Hacktool - EDR-Freeze Execution;UAC Bypass Using NTFS Reparse Point - Process,data/EVTX-ATTACK-SAMPLES/Persistence/persistence_sysmon_11_13_1_shime_appfix.evtx,1,Microsoft-Windows-Sysmon,1,1966230,PC01.example.corp,"Image: C:\Windows\System32\LogonUI.exe
RuleName: ''
Description: Windows Logon User Interface Host
TerminalSessionId: 1
ParentCommandLine: winlogon.exe
Product: Microsoft® Windows® Operating System
Company: Microsoft Corporation
ParentProcessId: 516
LogonGuid: 365ABB72-528D-5C91-0000-0020E7030000
Hashes: MD5=3EF0D8AB08385AAB5802E773511A2E6A,IMPHASH=B8FCE86F8F679B9FC7368F8F47778678
ParentProcessGuid: 365ABB72-528D-5C91-0000-00100C580000
ProcessId: 876
CurrentDirectory: C:\Windows\system32\
ProcessGuid: 365ABB72-528F-5C91-0000-00106BBE0000
CommandLine: '""LogonUI.exe"" /flags:0x0'
FileVersion: 6.1.7601.17514 (win7sp1_rtm.101119-1850)
User: NT AUTHORITY\SYSTEM
LogonId: '0x3e7'
IntegrityLevel: System
ParentImage: C:\Windows\System32\winlogon.exe
UtcTime: 2019-03-19 20:35:27.936
"
2019-03-19T20:41:13.221512+00:00,HackTool - CrackMapExec Process Patterns;Hacktool - EDR-Freeze Execution;UAC Bypass Using NTFS Reparse Point - Process,data/EVTX-ATTACK-SAMPLES/Persistence/persistence_sysmon_11_13_1_shime_appfix.evtx,1,Microsoft-Windows-Sysmon,1,1966234,PC01.example.corp,"Image: C:\Windows\System32\svchost.exe
RuleName: ''
Description: Host Process for Windows Services
TerminalSessionId: 0
ParentCommandLine: C:\Windows\system32\services.exe
Product: Microsoft® Windows® Operating System
Company: Microsoft Corporation
ParentProcessId: 484
LogonGuid: 365ABB72-528F-5C91-0000-0020E5030000
Hashes: MD5=54A47F6B5E09A77E61649109C6A08866,IMPHASH=58E185299ECCA757FE68BA83A6495FDE
ParentProcessGuid: 365ABB72-528D-5C91-0000-001062560000
ProcessId: 1012
CurrentDirectory: C:\Windows\system32\
ProcessGuid: 365ABB72-5290-5C91-0000-001033D00000
CommandLine: C:\Windows\system32\svchost.exe -k LocalService
FileVersion: 6.1.7600.16385 (win7_rtm.090713-1255)
User: NT AUTHORITY\LOCAL SERVICE
LogonId: '0x3e5'
IntegrityLevel: System
ParentImage: C:\Windows\System32\services.exe
UtcTime: 2019-03-19 20:35:28.552
"
2019-03-19T20:41:14.232966+00:00,HackTool - CrackMapExec Process Patterns;Hacktool - EDR-Freeze Execution;UAC Bypass Using NTFS Reparse Point - Process,data/EVTX-ATTACK-SAMPLES/Persistence/persistence_sysmon_11_13_1_shime_appfix.evtx,1,Microsoft-Windows-Sysmon,1,1966235,PC01.example.corp,"Image: C:\Windows\System32\svchost.exe
RuleName: ''
Description: Host Process for Windows Services
TerminalSessionId: 0
ParentCommandLine: C:\Windows\system32\services.exe
Product: Microsoft® Windows® Operating System
Company: Microsoft Corporation
ParentProcessId: 484
LogonGuid: 365ABB72-528D-5C91-0000-0020E7030000
Hashes: MD5=54A47F6B5E09A77E61649109C6A08866,IMPHASH=58E185299ECCA757FE68BA83A6495FDE
ParentProcessGuid: 365ABB72-528D-5C91-0000-001062560000
ProcessId: 1136
CurrentDirectory: C:\Windows\system32\
ProcessGuid: 365ABB72-5290-5C91-0000-00104C100100
CommandLine: C:\Windows\system32\svchost.exe -k GPSvcGroup
FileVersion: 6.1.7600.16385 (win7_rtm.090713-1255)
User: NT AUTHORITY\SYSTEM
LogonId: '0x3e7'
IntegrityLevel: System
ParentImage: C:\Windows\System32\services.exe
UtcTime: 2019-03-19 20:35:28.993
"
2019-03-19T20:41:14.603499+00:00,HackTool - CrackMapExec Process Patterns;Hacktool - EDR-Freeze Execution;UAC Bypass Using NTFS Reparse Point - Process,data/EVTX-ATTACK-SAMPLES/Persistence/persistence_sysmon_11_13_1_shime_appfix.evtx,1,Microsoft-Windows-Sysmon,1,1966241,PC01.example.corp,"Image: C:\Windows\System32\spoolsv.exe
RuleName: ''
Description: Spooler SubSystem App
TerminalSessionId: 0
ParentCommandLine: C:\Windows\system32\services.exe
Product: Microsoft® Windows® Operating System
Company: Microsoft Corporation
ParentProcessId: 484
LogonGuid: 365ABB72-528D-5C91-0000-0020E7030000
Hashes: MD5=E3A9C44EB94D3821AD752CD7C7A8AE8F,IMPHASH=4AB5A5DC61428D5E45DFADC7CA601E03
ParentProcessGuid: 365ABB72-528D-5C91-0000-001062560000
ProcessId: 1416
CurrentDirectory: C:\Windows\system32\
ProcessGuid: 365ABB72-5292-5C91-0000-00101E310100
CommandLine: C:\Windows\System32\spoolsv.exe
FileVersion: 6.1.7600.16385 (win7_rtm.090713-1255)
User: NT AUTHORITY\SYSTEM
LogonId: '0x3e7'
IntegrityLevel: System
ParentImage: C:\Windows\System32\services.exe
UtcTime: 2019-03-19 20:35:30.006
"
2019-03-19T20:41:14.933974+00:00,HackTool - CrackMapExec Process Patterns;Hacktool - EDR-Freeze Execution;Suspicious SYSTEM User Process Creation;UAC Bypass Using NTFS Reparse Point - Process,data/EVTX-ATTACK-SAMPLES/Persistence/persistence_sysmon_11_13_1_shime_appfix.evtx,1,Microsoft-Windows-Sysmon,1,1966246,PC01.example.corp,"Image: C:\Windows\System32\calc.exe
RuleName: ''
Description: Windows Calculator
TerminalSessionId: 0
ParentCommandLine: C:\Windows\system32\services.exe
Product: Microsoft® Windows® Operating System
Company: Microsoft Corporation
ParentProcessId: 484
LogonGuid: 365ABB72-528D-5C91-0000-0020E7030000
Hashes: MD5=60B7C0FEAD45F2066E5B805A91F4F0FC,IMPHASH=F93B5D76132F6E6068946EC238813CE1
ParentProcessGuid: 365ABB72-528D-5C91-0000-001062560000
ProcessId: 1532
CurrentDirectory: C:\Windows\system32\
ProcessGuid: 365ABB72-5292-5C91-0000-001036480100
CommandLine: calc.exe
FileVersion: 6.1.7600.16385 (win7_rtm.090713-1255)
User: NT AUTHORITY\SYSTEM
LogonId: '0x3e7'
IntegrityLevel: System
ParentImage: C:\Windows\System32\services.exe
UtcTime: 2019-03-19 20:35:30.502
"
2019-03-19T20:41:15.094204+00:00,Gpscript Execution;HackTool - CrackMapExec Process Patterns;Hacktool - EDR-Freeze Execution;UAC Bypass Using NTFS Reparse Point - Process,data/EVTX-ATTACK-SAMPLES/Persistence/persistence_sysmon_11_13_1_shime_appfix.evtx,1,Microsoft-Windows-Sysmon,1,1966250,PC01.example.corp,"Image: C:\Windows\System32\gpscript.exe
RuleName: ''
Description: Group Policy Script Application
TerminalSessionId: 0
ParentCommandLine: C:\Windows\system32\svchost.exe -k GPSvcGroup
Product: Microsoft® Windows® Operating System
Company: Microsoft Corporation
ParentProcessId: 1136
LogonGuid: 365ABB72-528D-5C91-0000-0020E7030000
Hashes: MD5=C0DC9F7398238C17E480BCBF2C080B25,IMPHASH=EA27F796BAA77700F4D97A01CA10AD24
ParentProcessGuid: 365ABB72-5290-5C91-0000-00104C100100
ProcessId: 1616
CurrentDirectory: C:\Windows\system32\
ProcessGuid: 365ABB72-52A4-5C91-0000-0010A8560100
CommandLine: gpscript.exe /Startup
FileVersion: 6.1.7601.23452 (win7sp1_ldr.160512-0600)
User: NT AUTHORITY\SYSTEM
LogonId: '0x3e7'
IntegrityLevel: System
ParentImage: C:\Windows\System32\svchost.exe
UtcTime: 2019-03-19 20:35:48.944
"
2019-03-19T20:41:15.144276+00:00,Abused Debug Privilege by Arbitrary Parent Processes;HackTool - CrackMapExec Process Patterns;Hacktool - EDR-Freeze Execution;Operator Bloopers Cobalt Strike Commands;Potential Meterpreter/CobaltStrike Activity;UAC Bypass Using NTFS Reparse Point - Process,data/EVTX-ATTACK-SAMPLES/Persistence/persistence_sysmon_11_13_1_shime_appfix.evtx,1,Microsoft-Windows-Sysmon,1,1966251,PC01.example.corp,"Image: C:\Windows\System32\cmd.exe
RuleName: ''
Description: Windows Command Processor
TerminalSessionId: 0
ParentCommandLine: C:\Windows\system32\services.exe
Product: Microsoft® Windows® Operating System
Company: Microsoft Corporation
ParentProcessId: 484
LogonGuid: 365ABB72-528D-5C91-0000-0020E7030000
Hashes: MD5=AD7B9C14083B52BC532FBA5948342B98,IMPHASH=CEEFB55F764020CC5C5F8F23349AB163
ParentProcessGuid: 365ABB72-528D-5C91-0000-001062560000
ProcessId: 1628
CurrentDirectory: C:\Windows\system32\
ProcessGuid: 365ABB72-52B4-5C91-0000-0010355B0100
CommandLine: cmd.exe
FileVersion: 6.1.7601.17514 (win7sp1_rtm.101119-1850)
User: NT AUTHORITY\SYSTEM
LogonId: '0x3e7'
IntegrityLevel: System
ParentImage: C:\Windows\System32\services.exe
UtcTime: 2019-03-19 20:36:04.206
"
2019-03-19T20:41:15.144276+00:00,Abused Debug Privilege by Arbitrary Parent Processes;HackTool - CrackMapExec Process Patterns;Hacktool - EDR-Freeze Execution;Operator Bloopers Cobalt Strike Commands;Potential Meterpreter/CobaltStrike Activity;UAC Bypass Using NTFS Reparse Point - Process,data/EVTX-ATTACK-SAMPLES/Persistence/persistence_sysmon_11_13_1_shime_appfix.evtx,1,Microsoft-Windows-Sysmon,1,1966252,PC01.example.corp,"Image: C:\Windows\System32\cmd.exe
RuleName: ''
Description: Windows Command Processor
TerminalSessionId: 0
ParentCommandLine: C:\Windows\system32\services.exe
Product: Microsoft® Windows® Operating System
Company: Microsoft Corporation
ParentProcessId: 484
LogonGuid: 365ABB72-528D-5C91-0000-0020E7030000
Hashes: MD5=AD7B9C14083B52BC532FBA5948342B98,IMPHASH=CEEFB55F764020CC5C5F8F23349AB163
ParentProcessGuid: 365ABB72-528D-5C91-0000-001062560000
ProcessId: 1636
CurrentDirectory: C:\Windows\system32\
ProcessGuid: 365ABB72-52B4-5C91-0000-0010D55B0100
CommandLine: cmd.exe
FileVersion: 6.1.7601.17514 (win7sp1_rtm.101119-1850)
User: NT AUTHORITY\SYSTEM
LogonId: '0x3e7'
IntegrityLevel: System
ParentImage: C:\Windows\System32\services.exe
UtcTime: 2019-03-19 20:36:04.226
"
