2019-05-11T17:28:22.598305+00:00,CMSTP Execution Registry Event,data/EVTX-ATTACK-SAMPLES/Privilege Escalation/sysmon_1_13_11_cmstp_ini_uacbypass.evtx,1,Microsoft-Windows-Sysmon,13,16039,IEWIN7,"Image: C:\Windows\system32\DllHost.exe
TargetObject: HKLM\SOFTWARE\Microsoft\Windows\CurrentVersion\App Paths\cmmgr32.exe\ProfileInstallPath
RuleName: ''
EventType: SetValue
ProcessId: 3044
ProcessGuid: 365ABB72-0545-5CD7-0000-001078371F00
UtcTime: 2019-05-11 17:28:22.488
Details: C:\ProgramData\Microsoft\Network\Connections\Cm
"
2019-05-11T17:57:49.903159+00:00,Hacktool - EDR-Freeze Execution;UAC Bypass Using NTFS Reparse Point - Process,data/EVTX-ATTACK-SAMPLES/Persistence/sysmon_20_21_1_CommandLineEventConsumer.evtx,1,Microsoft-Windows-Sysmon,1,16108,IEWIN7,"Image: C:\Python27\python.exe
RuleName: ''
Description: '?'
TerminalSessionId: 1
ParentCommandLine: '""C:\Windows\System32\cmd.exe"" '
Product: '?'
Company: '?'
ParentProcessId: 2404
LogonGuid: 365ABB72-0807-5CD7-0000-002091450100
Hashes: SHA1=ECA93AAAA5039E12D2F0CC3F0C8F5AF8FDB15C71,MD5=E11683E4A1E88666DD5E0331F969E0C6,SHA256=B6B4BD10303797C209C4F3C3FCC863A925A77AE2C38090FB8B3FF1BF9C4DDE84,IMPHASH=F3F3DE6C332CF6049756A5B794EBD0C5
ParentProcessGuid: 365ABB72-0C15-5CD7-0000-0010FB1C1500
ProcessId: 3140
CurrentDirectory: C:\Users\IEUser\Downloads\WinPwnage-master\WinPwnage-master\
ProcessGuid: 365ABB72-0D1D-5CD7-0000-001020EF1500
CommandLine: python  winpwnage.py -u elevate -5 -p c:\Windows\System32\cmd.exe
FileVersion: '?'
User: IEWIN7\IEUser
LogonId: '0x14591'
IntegrityLevel: High
ParentImage: C:\Windows\System32\cmd.exe
UtcTime: 2019-05-11 17:57:49.903
"
2019-05-11T17:58:22.809409+00:00,Hacktool - EDR-Freeze Execution;UAC Bypass Using NTFS Reparse Point - Process,data/EVTX-ATTACK-SAMPLES/Persistence/sysmon_20_21_1_CommandLineEventConsumer.evtx,1,Microsoft-Windows-Sysmon,1,16109,IEWIN7,"Image: C:\Python27\python.exe
RuleName: ''
Description: '?'
TerminalSessionId: 1
ParentCommandLine: '""C:\Windows\System32\cmd.exe"" '
Product: '?'
Company: '?'
ParentProcessId: 2404
LogonGuid: 365ABB72-0807-5CD7-0000-002091450100
Hashes: SHA1=ECA93AAAA5039E12D2F0CC3F0C8F5AF8FDB15C71,MD5=E11683E4A1E88666DD5E0331F969E0C6,SHA256=B6B4BD10303797C209C4F3C3FCC863A925A77AE2C38090FB8B3FF1BF9C4DDE84,IMPHASH=F3F3DE6C332CF6049756A5B794EBD0C5
ParentProcessGuid: 365ABB72-0C15-5CD7-0000-0010FB1C1500
ProcessId: 1832
CurrentDirectory: C:\Users\IEUser\Downloads\WinPwnage-master\WinPwnage-master\
ProcessGuid: 365ABB72-0D3E-5CD7-0000-0010680E1600
CommandLine: python  winpwnage.py -u elevate -i 5 -p c:\Windows\System32\cmd.exe
FileVersion: '?'
User: IEWIN7\IEUser
LogonId: '0x14591'
IntegrityLevel: High
ParentImage: C:\Windows\System32\cmd.exe
UtcTime: 2019-05-11 17:58:22.793
"
2019-05-11T17:58:23.215659+00:00,Hacktool - EDR-Freeze Execution;UAC Bypass Using NTFS Reparse Point - Process,data/EVTX-ATTACK-SAMPLES/Persistence/sysmon_20_21_1_CommandLineEventConsumer.evtx,1,Microsoft-Windows-Sysmon,1,16110,IEWIN7,"Image: C:\Windows\System32\wbem\WMIC.exe
RuleName: ''
Description: WMI Commandline Utility
TerminalSessionId: 1
ParentCommandLine: python  winpwnage.py -u elevate -i 5 -p c:\Windows\System32\cmd.exe
Product: Microsoft® Windows® Operating System
Company: Microsoft Corporation
ParentProcessId: 1832
LogonGuid: 365ABB72-0807-5CD7-0000-002091450100
Hashes: SHA1=4368DBD172224EC9461364BE1AC9DFFC5D9224A8,MD5=A03CF3838775E0801A0894C8BACD2E56,SHA256=132AA270790F56A7524CAB968927ED5E1D91B9A26D4BADCB24E450E7DECC5F81,IMPHASH=B59AF26B08AA14BA66272388BC9C2443
ParentProcessGuid: 365ABB72-0D3E-5CD7-0000-0010680E1600
ProcessId: 3184
CurrentDirectory: C:\Users\IEUser\Downloads\WinPwnage-master\WinPwnage-master\
ProcessGuid: 365ABB72-0D3F-5CD7-0000-0010DB251600
CommandLine: '""C:\Windows\System32\wbem\WMIC.exe"" /namespace:""\\root\subscription"" PATH CommandLineEventConsumer CREATE Name=""BotConsumer23"", ExecutablePath=""c:\Windows\System32\cmd.exe"", CommandLineTemplate=""c:\Windows\System32\cmd.exe""'
FileVersion: 6.1.7600.16385 (win7_rtm.090713-1255)
User: IEWIN7\IEUser
LogonId: '0x14591'
IntegrityLevel: High
ParentImage: C:\Python27\python.exe
UtcTime: 2019-05-11 17:58:23.200
"
2019-05-11T17:58:23.450034+00:00,Hacktool - EDR-Freeze Execution;UAC Bypass Using NTFS Reparse Point - Process,data/EVTX-ATTACK-SAMPLES/Persistence/sysmon_20_21_1_CommandLineEventConsumer.evtx,1,Microsoft-Windows-Sysmon,1,16113,IEWIN7,"Image: C:\Windows\System32\wbem\WMIC.exe
RuleName: ''
Description: WMI Commandline Utility
TerminalSessionId: 1
ParentCommandLine: python  winpwnage.py -u elevate -i 5 -p c:\Windows\System32\cmd.exe
Product: Microsoft® Windows® Operating System
Company: Microsoft Corporation
ParentProcessId: 1832
LogonGuid: 365ABB72-0807-5CD7-0000-002091450100
Hashes: SHA1=4368DBD172224EC9461364BE1AC9DFFC5D9224A8,MD5=A03CF3838775E0801A0894C8BACD2E56,SHA256=132AA270790F56A7524CAB968927ED5E1D91B9A26D4BADCB24E450E7DECC5F81,IMPHASH=B59AF26B08AA14BA66272388BC9C2443
ParentProcessGuid: 365ABB72-0D3E-5CD7-0000-0010680E1600
ProcessId: 3196
CurrentDirectory: C:\Users\IEUser\Downloads\WinPwnage-master\WinPwnage-master\
ProcessGuid: 365ABB72-0D3F-5CD7-0000-00108B381600
CommandLine: '""C:\Windows\System32\wbem\WMIC.exe"" /namespace:""\\root\subscription"" PATH __FilterToConsumerBinding CREATE Filter=''__EventFilter.Name=""BotFilter82""'', Consumer=''CommandLineEventConsumer.Name=""BotConsumer23""'''
FileVersion: 6.1.7600.16385 (win7_rtm.090713-1255)
User: IEWIN7\IEUser
LogonId: '0x14591'
IntegrityLevel: High
ParentImage: C:\Python27\python.exe
UtcTime: 2019-05-11 17:58:23.356
"
2019-05-11T17:58:23.590659+00:00,Hacktool - EDR-Freeze Execution;UAC Bypass Using NTFS Reparse Point - Process,data/EVTX-ATTACK-SAMPLES/Persistence/sysmon_20_21_1_CommandLineEventConsumer.evtx,1,Microsoft-Windows-Sysmon,1,16114,IEWIN7,"Image: C:\Windows\System32\wbem\WMIC.exe
RuleName: ''
Description: WMI Commandline Utility
TerminalSessionId: 1
ParentCommandLine: python  winpwnage.py -u elevate -i 5 -p c:\Windows\System32\cmd.exe
Product: Microsoft® Windows® Operating System
Company: Microsoft Corporation
ParentProcessId: 1832
LogonGuid: 365ABB72-0807-5CD7-0000-002091450100
Hashes: SHA1=4368DBD172224EC9461364BE1AC9DFFC5D9224A8,MD5=A03CF3838775E0801A0894C8BACD2E56,SHA256=132AA270790F56A7524CAB968927ED5E1D91B9A26D4BADCB24E450E7DECC5F81,IMPHASH=B59AF26B08AA14BA66272388BC9C2443
ParentProcessGuid: 365ABB72-0D3E-5CD7-0000-0010680E1600
ProcessId: 1616
CurrentDirectory: C:\Users\IEUser\Downloads\WinPwnage-master\WinPwnage-master\
ProcessGuid: 365ABB72-0D3F-5CD7-0000-001089471600
CommandLine: '""C:\Windows\System32\wbem\WMIC.exe"" /namespace:""\\root\subscription"" PATH __EventFilter CREATE Name=""BotFilter82"", EventNameSpace=""root\cimv2"", QueryLanguage=""WQL"", Query=""SELECT * FROM __InstanceModificationEvent WITHIN 10 WHERE TargetInstance ISA ''Win32_PerfFormattedData_PerfOS_System''""'
FileVersion: 6.1.7600.16385 (win7_rtm.090713-1255)
User: IEWIN7\IEUser
LogonId: '0x14591'
IntegrityLevel: High
ParentImage: C:\Python27\python.exe
UtcTime: 2019-05-11 17:58:23.450
"
2019-05-11T17:58:50.090659+00:00,HackTool - CrackMapExec Process Patterns;Hacktool - EDR-Freeze Execution;Operator Bloopers Cobalt Strike Commands;UAC Bypass Using NTFS Reparse Point - Process,data/EVTX-ATTACK-SAMPLES/Persistence/sysmon_20_21_1_CommandLineEventConsumer.evtx,1,Microsoft-Windows-Sysmon,1,16116,IEWIN7,"Image: C:\Windows\System32\cmd.exe
RuleName: ''
Description: Windows Command Processor
TerminalSessionId: 0
ParentCommandLine: C:\Windows\system32\wbem\wmiprvse.exe -Embedding
Product: Microsoft® Windows® Operating System
Company: Microsoft Corporation
ParentProcessId: 3212
LogonGuid: 365ABB72-8693-5CD7-0000-0020E7030000
Hashes: SHA1=EE8CBF12D87C4D388F09B4F69BED2E91682920B5,MD5=AD7B9C14083B52BC532FBA5948342B98,SHA256=17F746D82695FA9B35493B41859D39D786D32B23A9D2E00F4011DEC7A02402AE,IMPHASH=CEEFB55F764020CC5C5F8F23349AB163
ParentProcessGuid: 365ABB72-0D3F-5CD7-0000-00107F541600
ProcessId: 2544
CurrentDirectory: C:\Windows\system32\
ProcessGuid: 365ABB72-0D5A-5CD7-0000-001069031700
CommandLine: c:\Windows\System32\cmd.exe
FileVersion: 6.1.7601.17514 (win7sp1_rtm.101119-1850)
User: NT AUTHORITY\SYSTEM
LogonId: '0x3e7'
IntegrityLevel: System
ParentImage: C:\Windows\System32\wbem\WmiPrvSE.exe
UtcTime: 2019-05-11 17:58:50.075
"
2019-05-11T17:58:54.887534+00:00,Hacktool - EDR-Freeze Execution;UAC Bypass Using NTFS Reparse Point - Process,data/EVTX-ATTACK-SAMPLES/Persistence/sysmon_20_21_1_CommandLineEventConsumer.evtx,1,Microsoft-Windows-Sysmon,1,16119,IEWIN7,"Image: C:\Windows\System32\wbem\WMIC.exe
RuleName: ''
Description: WMI Commandline Utility
TerminalSessionId: 1
ParentCommandLine: python  winpwnage.py -u elevate -i 5 -p c:\Windows\System32\cmd.exe
Product: Microsoft® Windows® Operating System
Company: Microsoft Corporation
ParentProcessId: 1832
LogonGuid: 365ABB72-0807-5CD7-0000-002091450100
Hashes: SHA1=4368DBD172224EC9461364BE1AC9DFFC5D9224A8,MD5=A03CF3838775E0801A0894C8BACD2E56,SHA256=132AA270790F56A7524CAB968927ED5E1D91B9A26D4BADCB24E450E7DECC5F81,IMPHASH=B59AF26B08AA14BA66272388BC9C2443
ParentProcessGuid: 365ABB72-0D3E-5CD7-0000-0010680E1600
ProcessId: 2432
CurrentDirectory: C:\Users\IEUser\Downloads\WinPwnage-master\WinPwnage-master\
ProcessGuid: 365ABB72-0D5E-5CD7-0000-0010A1141700
CommandLine: '""C:\Windows\System32\wbem\WMIC.exe"" /namespace:""\\root\subscription"" PATH CommandLineEventConsumer WHERE Name=""BotConsumer23"" DELETE'
FileVersion: 6.1.7600.16385 (win7_rtm.090713-1255)
User: IEWIN7\IEUser
LogonId: '0x14591'
IntegrityLevel: High
ParentImage: C:\Python27\python.exe
UtcTime: 2019-05-11 17:58:54.793
"
2019-05-11T17:58:55.028159+00:00,Hacktool - EDR-Freeze Execution;UAC Bypass Using NTFS Reparse Point - Process,data/EVTX-ATTACK-SAMPLES/Persistence/sysmon_20_21_1_CommandLineEventConsumer.evtx,1,Microsoft-Windows-Sysmon,1,16122,IEWIN7,"Image: C:\Windows\System32\wbem\WMIC.exe
RuleName: ''
Description: WMI Commandline Utility
TerminalSessionId: 1
ParentCommandLine: python  winpwnage.py -u elevate -i 5 -p c:\Windows\System32\cmd.exe
Product: Microsoft® Windows® Operating System
Company: Microsoft Corporation
ParentProcessId: 1832
LogonGuid: 365ABB72-0807-5CD7-0000-002091450100
Hashes: SHA1=4368DBD172224EC9461364BE1AC9DFFC5D9224A8,MD5=A03CF3838775E0801A0894C8BACD2E56,SHA256=132AA270790F56A7524CAB968927ED5E1D91B9A26D4BADCB24E450E7DECC5F81,IMPHASH=B59AF26B08AA14BA66272388BC9C2443
ParentProcessGuid: 365ABB72-0D3E-5CD7-0000-0010680E1600
ProcessId: 4084
CurrentDirectory: C:\Users\IEUser\Downloads\WinPwnage-master\WinPwnage-master\
ProcessGuid: 365ABB72-0D5E-5CD7-0000-0010E6241700
CommandLine: '""C:\Windows\System32\wbem\WMIC.exe"" /namespace:""\\root\subscription"" PATH __EventFilter WHERE Name=""BotFilter82"" DELETE'
FileVersion: 6.1.7600.16385 (win7_rtm.090713-1255)
User: IEWIN7\IEUser
LogonId: '0x14591'
IntegrityLevel: High
ParentImage: C:\Python27\python.exe
UtcTime: 2019-05-11 17:58:54.918
"
2019-05-11T17:58:55.153159+00:00,Hacktool - EDR-Freeze Execution;UAC Bypass Using NTFS Reparse Point - Process,data/EVTX-ATTACK-SAMPLES/Persistence/sysmon_20_21_1_CommandLineEventConsumer.evtx,1,Microsoft-Windows-Sysmon,1,16124,IEWIN7,"Image: C:\Windows\System32\wbem\WMIC.exe
RuleName: ''
Description: WMI Commandline Utility
TerminalSessionId: 1
ParentCommandLine: python  winpwnage.py -u elevate -i 5 -p c:\Windows\System32\cmd.exe
Product: Microsoft® Windows® Operating System
Company: Microsoft Corporation
ParentProcessId: 1832
LogonGuid: 365ABB72-0807-5CD7-0000-002091450100
Hashes: SHA1=4368DBD172224EC9461364BE1AC9DFFC5D9224A8,MD5=A03CF3838775E0801A0894C8BACD2E56,SHA256=132AA270790F56A7524CAB968927ED5E1D91B9A26D4BADCB24E450E7DECC5F81,IMPHASH=B59AF26B08AA14BA66272388BC9C2443
ParentProcessGuid: 365ABB72-0D3E-5CD7-0000-0010680E1600
ProcessId: 3016
CurrentDirectory: C:\Users\IEUser\Downloads\WinPwnage-master\WinPwnage-master\
ProcessGuid: 365ABB72-0D5E-5CD7-0000-001047331700
CommandLine: '""C:\Windows\System32\wbem\WMIC.exe"" /namespace:""\\root\subscription"" PATH __FilterToConsumerBinding WHERE Filter=''__EventFilter.Name=""BotFilter82""'' DELETE'
FileVersion: 6.1.7600.16385 (win7_rtm.090713-1255)
User: IEWIN7\IEUser
LogonId: '0x14591'
IntegrityLevel: High
ParentImage: C:\Python27\python.exe
UtcTime: 2019-05-11 17:58:54.996
"
2019-05-11T18:10:42.434409+00:00,Hacktool - EDR-Freeze Execution;UAC Bypass Using NTFS Reparse Point - Process,data/EVTX-ATTACK-SAMPLES/Privilege Escalation/sysmon_privesc_from_admin_to_system_handle_inheritance.evtx,1,Microsoft-Windows-Sysmon,1,16148,IEWIN7,"Image: C:\Python27\python.exe
RuleName: ''
Description: '?'
TerminalSessionId: 1
ParentCommandLine: '""C:\Windows\System32\cmd.exe"" '
Product: '?'
Company: '?'
ParentProcessId: 2404
LogonGuid: 365ABB72-0807-5CD7-0000-002091450100
Hashes: SHA1=ECA93AAAA5039E12D2F0CC3F0C8F5AF8FDB15C71,MD5=E11683E4A1E88666DD5E0331F969E0C6,SHA256=B6B4BD10303797C209C4F3C3FCC863A925A77AE2C38090FB8B3FF1BF9C4DDE84,IMPHASH=F3F3DE6C332CF6049756A5B794EBD0C5
ParentProcessGuid: 365ABB72-0C15-5CD7-0000-0010FB1C1500
ProcessId: 744
CurrentDirectory: C:\Users\IEUser\Downloads\WinPwnage-master\WinPwnage-master\
ProcessGuid: 365ABB72-1022-5CD7-0000-00105D081C00
CommandLine: python  winpwnage.py -u elevate -i 1 -p c:\Windows\System32\cmd.exe
FileVersion: '?'
User: IEWIN7\IEUser
LogonId: '0x14591'
IntegrityLevel: High
ParentImage: C:\Windows\System32\cmd.exe
UtcTime: 2019-05-11 18:10:42.418
"
2019-05-11T18:10:42.668784+00:00,Abused Debug Privilege by Arbitrary Parent Processes;HackTool - CrackMapExec Process Patterns;Hacktool - EDR-Freeze Execution;Operator Bloopers Cobalt Strike Commands;UAC Bypass Using NTFS Reparse Point - Process;Unusual Parent Process For Cmd.EXE,data/EVTX-ATTACK-SAMPLES/Privilege Escalation/sysmon_privesc_from_admin_to_system_handle_inheritance.evtx,1,Microsoft-Windows-Sysmon,1,16150,IEWIN7,"Image: C:\Windows\System32\cmd.exe
RuleName: ''
Description: Windows Command Processor
TerminalSessionId: 1
ParentCommandLine: C:\Windows\system32\lsass.exe
Product: Microsoft® Windows® Operating System
Company: Microsoft Corporation
ParentProcessId: 492
LogonGuid: 365ABB72-8693-5CD7-0000-0020E7030000
Hashes: SHA1=EE8CBF12D87C4D388F09B4F69BED2E91682920B5,MD5=AD7B9C14083B52BC532FBA5948342B98,SHA256=17F746D82695FA9B35493B41859D39D786D32B23A9D2E00F4011DEC7A02402AE,IMPHASH=CEEFB55F764020CC5C5F8F23349AB163
ParentProcessGuid: 365ABB72-8693-5CD7-0000-0010765E0000
ProcessId: 3248
CurrentDirectory: C:\Users\IEUser\Downloads\WinPwnage-master\WinPwnage-master\
ProcessGuid: 365ABB72-1022-5CD7-0000-0010DF121C00
CommandLine: c:\Windows\System32\cmd.exe
FileVersion: 6.1.7601.17514 (win7sp1_rtm.101119-1850)
User: NT AUTHORITY\SYSTEM
LogonId: '0x3e7'
IntegrityLevel: System
ParentImage: C:\Windows\System32\lsass.exe
UtcTime: 2019-05-11 18:10:42.653
"
2019-05-12T00:32:24.461387+00:00,Hacktool - EDR-Freeze Execution;UAC Bypass Using NTFS Reparse Point - Process,data/EVTX-ATTACK-SAMPLES/Privilege Escalation/sysmon_1_11_exec_as_system_via_schedtask.evtx,1,Microsoft-Windows-Sysmon,1,16242,IEWIN7,"Image: C:\Python27\python.exe
RuleName: ''
Description: '?'
TerminalSessionId: 1
ParentCommandLine: '""C:\Windows\System32\cmd.exe"" '
Product: '?'
Company: '?'
ParentProcessId: 3672
LogonGuid: 365ABB72-5DEC-5CD7-0000-00204A380100
Hashes: SHA1=ECA93AAAA5039E12D2F0CC3F0C8F5AF8FDB15C71,MD5=E11683E4A1E88666DD5E0331F969E0C6,SHA256=B6B4BD10303797C209C4F3C3FCC863A925A77AE2C38090FB8B3FF1BF9C4DDE84,IMPHASH=F3F3DE6C332CF6049756A5B794EBD0C5
ParentProcessGuid: 365ABB72-694A-5CD7-0000-0010BCFA2100
ProcessId: 2740
CurrentDirectory: c:\Users\IEUser\Downloads\WinPwnage-master\WinPwnage-master\
ProcessGuid: 365ABB72-6998-5CD7-0000-00104E422200
CommandLine: python  winpwnage.py -u elevate -i 4 -p c:\Windows\System32\cmd.exe
FileVersion: '?'
User: IEWIN7\IEUser
LogonId: '0x1384a'
IntegrityLevel: High
ParentImage: C:\Windows\System32\cmd.exe
UtcTime: 2019-05-12 00:32:24.461
"
2019-05-12T00:32:30.211387+00:00,Hacktool - EDR-Freeze Execution;Scheduled Task Creation Via Schtasks.EXE;UAC Bypass Using NTFS Reparse Point - Process,data/EVTX-ATTACK-SAMPLES/Privilege Escalation/sysmon_1_11_exec_as_system_via_schedtask.evtx,1,Microsoft-Windows-Sysmon,1,16243,IEWIN7,"Image: C:\Windows\System32\schtasks.exe
RuleName: ''
Description: Manages scheduled tasks
TerminalSessionId: 1
ParentCommandLine: python  winpwnage.py -u elevate -i 4 -p c:\Windows\System32\cmd.exe
Product: Microsoft® Windows® Operating System
Company: Microsoft Corporation
ParentProcessId: 2740
LogonGuid: 365ABB72-5DEC-5CD7-0000-00204A380100
Hashes: SHA1=8A7E8B05A122B768AB85466B2A3DAF7A358F90F4,MD5=2003E9B15E1C502B146DAD2E383AC1E3,SHA256=15018D0093BEFABBA8B927743191030D1F8C17BB97FDB48C2FC3EAB20E2D4B3D,IMPHASH=D92C80D49382091310FB8DB089F856A9
ParentProcessGuid: 365ABB72-6998-5CD7-0000-00104E422200
ProcessId: 3876
CurrentDirectory: c:\Users\IEUser\Downloads\WinPwnage-master\WinPwnage-master\
ProcessGuid: 365ABB72-699E-5CD7-0000-001073582200
CommandLine: '""C:\Windows\System32\schtasks.exe"" /create /xml c:\users\ieuser\appdata\local\temp\elevator.xml /tn elevator'
FileVersion: 6.1.7600.16385 (win7_rtm.090713-1255)
User: IEWIN7\IEUser
LogonId: '0x1384a'
IntegrityLevel: High
ParentImage: C:\Python27\python.exe
UtcTime: 2019-05-12 00:32:30.023
"
2019-05-12T00:32:35.258262+00:00,Hacktool - EDR-Freeze Execution;UAC Bypass Using NTFS Reparse Point - Process,data/EVTX-ATTACK-SAMPLES/Privilege Escalation/sysmon_1_11_exec_as_system_via_schedtask.evtx,1,Microsoft-Windows-Sysmon,1,16245,IEWIN7,"Image: C:\Windows\System32\schtasks.exe
RuleName: ''
Description: Manages scheduled tasks
TerminalSessionId: 1
ParentCommandLine: python  winpwnage.py -u elevate -i 4 -p c:\Windows\System32\cmd.exe
Product: Microsoft® Windows® Operating System
Company: Microsoft Corporation
ParentProcessId: 2740
LogonGuid: 365ABB72-5DEC-5CD7-0000-00204A380100
Hashes: SHA1=8A7E8B05A122B768AB85466B2A3DAF7A358F90F4,MD5=2003E9B15E1C502B146DAD2E383AC1E3,SHA256=15018D0093BEFABBA8B927743191030D1F8C17BB97FDB48C2FC3EAB20E2D4B3D,IMPHASH=D92C80D49382091310FB8DB089F856A9
ParentProcessGuid: 365ABB72-6998-5CD7-0000-00104E422200
ProcessId: 3752
CurrentDirectory: c:\Users\IEUser\Downloads\WinPwnage-master\WinPwnage-master\
ProcessGuid: 365ABB72-69A3-5CD7-0000-0010306F2200
CommandLine: '""C:\Windows\System32\schtasks.exe"" /run /tn elevator'
FileVersion: 6.1.7600.16385 (win7_rtm.090713-1255)
User: IEWIN7\IEUser
LogonId: '0x1384a'
IntegrityLevel: High
ParentImage: C:\Python27\python.exe
UtcTime: 2019-05-12 00:32:35.070
"
2019-05-12T00:32:35.352012+00:00,HackTool - CrackMapExec Process Patterns;Hacktool - EDR-Freeze Execution;Operator Bloopers Cobalt Strike Commands;UAC Bypass Using NTFS Reparse Point - Process,data/EVTX-ATTACK-SAMPLES/Privilege Escalation/sysmon_1_11_exec_as_system_via_schedtask.evtx,1,Microsoft-Windows-Sysmon,1,16248,IEWIN7,"Image: C:\Windows\System32\cmd.exe
RuleName: ''
Description: Windows Command Processor
TerminalSessionId: 0
ParentCommandLine: 'taskeng.exe {9C7BC894-6658-423B-9B58-61636DBB1451} S-1-5-18:NT AUTHORITY\System:Service:'
Product: Microsoft® Windows® Operating System
Company: Microsoft Corporation
ParentProcessId: 3432
LogonGuid: 365ABB72-DC77-5CD7-0000-0020E7030000
Hashes: SHA1=EE8CBF12D87C4D388F09B4F69BED2E91682920B5,MD5=AD7B9C14083B52BC532FBA5948342B98,SHA256=17F746D82695FA9B35493B41859D39D786D32B23A9D2E00F4011DEC7A02402AE,IMPHASH=CEEFB55F764020CC5C5F8F23349AB163
ParentProcessGuid: 365ABB72-69A3-5CD7-0000-001064792200
ProcessId: 1860
CurrentDirectory: C:\Windows\system32\
ProcessGuid: 365ABB72-69A3-5CD7-0000-00109D7F2200
CommandLine: 'c:\Windows\System32\cmd.exe '
FileVersion: 6.1.7601.17514 (win7sp1_rtm.101119-1850)
User: NT AUTHORITY\SYSTEM
LogonId: '0x3e7'
IntegrityLevel: System
ParentImage: C:\Windows\System32\taskeng.exe
UtcTime: 2019-05-12 00:32:35.289
"
2019-05-12T00:32:40.342246+00:00,Hacktool - EDR-Freeze Execution;UAC Bypass Using NTFS Reparse Point - Process,data/EVTX-ATTACK-SAMPLES/Privilege Escalation/sysmon_1_11_exec_as_system_via_schedtask.evtx,1,Microsoft-Windows-Sysmon,1,16249,IEWIN7,"Image: C:\Windows\System32\schtasks.exe
RuleName: ''
Description: Manages scheduled tasks
TerminalSessionId: 1
ParentCommandLine: python  winpwnage.py -u elevate -i 4 -p c:\Windows\System32\cmd.exe
Product: Microsoft® Windows® Operating System
Company: Microsoft Corporation
ParentProcessId: 2740
LogonGuid: 365ABB72-5DEC-5CD7-0000-00204A380100
Hashes: SHA1=8A7E8B05A122B768AB85466B2A3DAF7A358F90F4,MD5=2003E9B15E1C502B146DAD2E383AC1E3,SHA256=15018D0093BEFABBA8B927743191030D1F8C17BB97FDB48C2FC3EAB20E2D4B3D,IMPHASH=D92C80D49382091310FB8DB089F856A9
ParentProcessGuid: 365ABB72-6998-5CD7-0000-00104E422200
ProcessId: 3792
CurrentDirectory: c:\Users\IEUser\Downloads\WinPwnage-master\WinPwnage-master\
ProcessGuid: 365ABB72-69A8-5CD7-0000-0010C0982200
CommandLine: '""C:\Windows\System32\schtasks.exe"" /delete /tn elevator'
FileVersion: 6.1.7600.16385 (win7_rtm.090713-1255)
User: IEWIN7\IEUser
LogonId: '0x1384a'
IntegrityLevel: High
ParentImage: C:\Python27\python.exe
UtcTime: 2019-05-12 00:32:40.164
"
2019-05-12T12:52:43.702578+00:00,Meterpreter or Cobalt Strike Getsystem Service Installation - System;Suspicious Service Installation,data/EVTX-ATTACK-SAMPLES/Privilege Escalation/System_7045_namedpipe_privesc.evtx,1,Service Control Manager,7045,10446,IEWIN7,"ServiceName: WinPwnage
ImagePath: '%COMSPEC% /c ping -n 1 127.0.0.1 >nul && echo ''WinPwnage'' > \\.\pipe\WinPwnagePipe'
StartType: demand start
AccountName: LocalSystem
ServiceType: user mode service
"
2019-05-12T13:30:32.931756+00:00,Hacktool - EDR-Freeze Execution;UAC Bypass Using NTFS Reparse Point - Process,data/EVTX-ATTACK-SAMPLES/Execution/exec_sysmon_1_11_lolbin_rundll32_openurl_FileProtocolHandler.evtx,1,Microsoft-Windows-Sysmon,1,16386,IEWIN7,"Image: C:\Python27\python.exe
RuleName: ''
Description: '?'
TerminalSessionId: 1
ParentCommandLine: '""C:\Windows\System32\cmd.exe"" '
Product: '?'
Company: '?'
ParentProcessId: 3976
LogonGuid: 365ABB72-1596-5CD8-0000-0020103A0100
Hashes: SHA1=ECA93AAAA5039E12D2F0CC3F0C8F5AF8FDB15C71,MD5=E11683E4A1E88666DD5E0331F969E0C6,SHA256=B6B4BD10303797C209C4F3C3FCC863A925A77AE2C38090FB8B3FF1BF9C4DDE84,IMPHASH=F3F3DE6C332CF6049756A5B794EBD0C5
ParentProcessGuid: 365ABB72-15DE-5CD8-0000-001028C20A00
ProcessId: 1332
CurrentDirectory: c:\Users\IEUser\Downloads\WinPwnage-master\WinPwnage-master\
ProcessGuid: 365ABB72-1FF8-5CD8-0000-00102A342000
CommandLine: python  winpwnage.py -u execute -i 9 -p c:\Windows\system32\cmd.exe
FileVersion: '?'
User: IEWIN7\IEUser
LogonId: '0x13a10'
IntegrityLevel: High
ParentImage: C:\Windows\System32\cmd.exe
UtcTime: 2019-05-12 13:30:32.916
"
2019-05-12T13:30:46.181756+00:00,UAC Bypass Using Windows Media Player - File,data/EVTX-ATTACK-SAMPLES/Execution/exec_sysmon_1_11_lolbin_rundll32_openurl_FileProtocolHandler.evtx,1,Microsoft-Windows-Sysmon,11,16387,IEWIN7,"ProcessGuid: 365ABB72-1FF8-5CD8-0000-00102A342000
CreationUtcTime: 2019-05-12 13:30:46.181
UtcTime: 2019-05-12 13:30:46.181
ProcessId: 1332
RuleName: ''
TargetFilename: C:\Users\IEUser\AppData\Local\Temp\ieframe.url
Image: c:\python27\python.exe
"
2019-05-12T13:30:46.400506+00:00,CobaltStrike Load by Rundll32;Hacktool - EDR-Freeze Execution;Potentially Suspicious Rundll32 Activity;Shell32 DLL Execution in Suspicious Directory;UAC Bypass Using NTFS Reparse Point - Process,data/EVTX-ATTACK-SAMPLES/Execution/exec_sysmon_1_11_lolbin_rundll32_openurl_FileProtocolHandler.evtx,1,Microsoft-Windows-Sysmon,1,16388,IEWIN7,"Image: C:\Windows\System32\rundll32.exe
RuleName: ''
Description: Windows host process (Rundll32)
TerminalSessionId: 1
ParentCommandLine: python  winpwnage.py -u execute -i 9 -p c:\Windows\system32\cmd.exe
Product: Microsoft® Windows® Operating System
Company: Microsoft Corporation
ParentProcessId: 1332
LogonGuid: 365ABB72-1596-5CD8-0000-0020103A0100
Hashes: SHA1=892503B20247B341CFD20DDA5FDACFA41527A087,MD5=C648901695E275C8F2AD04B687A68CE2,SHA256=3FA4912EB43FC304652D7B01F118589259861E2D628FA7C86193E54D5F987670,IMPHASH=239D911DFA7551A8B735680BC39B2238
ParentProcessGuid: 365ABB72-1FF8-5CD8-0000-00102A342000
ProcessId: 2960
CurrentDirectory: c:\Users\IEUser\Downloads\WinPwnage-master\WinPwnage-master\
ProcessGuid: 365ABB72-2006-5CD8-0000-0010A2862300
CommandLine: '""C:\Windows\System32\rundll32.exe"" ieframe.dll,OpenURL c:\users\ieuser\appdata\local\temp\ieframe.url'
FileVersion: 6.1.7600.16385 (win7_rtm.090713-1255)
User: IEWIN7\IEUser
LogonId: '0x13a10'
IntegrityLevel: High
ParentImage: C:\Python27\python.exe
UtcTime: 2019-05-12 13:30:46.213
"
2019-05-12T13:30:46.556756+00:00,Hacktool - EDR-Freeze Execution;UAC Bypass Using NTFS Reparse Point - Process,data/EVTX-ATTACK-SAMPLES/Execution/exec_sysmon_1_11_lolbin_rundll32_openurl_FileProtocolHandler.evtx,1,Microsoft-Windows-Sysmon,1,16389,IEWIN7,"Image: C:\Windows\System32\cmd.exe
RuleName: ''
Description: Windows Command Processor
TerminalSessionId: 1
ParentCommandLine: '""C:\Windows\System32\rundll32.exe"" ieframe.dll,OpenURL c:\users\ieuser\appdata\local\temp\ieframe.url'
Product: Microsoft® Windows® Operating System
Company: Microsoft Corporation
ParentProcessId: 2960
LogonGuid: 365ABB72-1596-5CD8-0000-0020103A0100
Hashes: SHA1=EE8CBF12D87C4D388F09B4F69BED2E91682920B5,MD5=AD7B9C14083B52BC532FBA5948342B98,SHA256=17F746D82695FA9B35493B41859D39D786D32B23A9D2E00F4011DEC7A02402AE,IMPHASH=CEEFB55F764020CC5C5F8F23349AB163
ParentProcessGuid: 365ABB72-2006-5CD8-0000-0010A2862300
ProcessId: 2936
CurrentDirectory: c:\Users\IEUser\Downloads\WinPwnage-master\WinPwnage-master\
ProcessGuid: 365ABB72-2006-5CD8-0000-0010E0912300
CommandLine: '""C:\Windows\system32\cmd.exe"" '
FileVersion: 6.1.7601.17514 (win7sp1_rtm.101119-1850)
User: IEWIN7\IEUser
LogonId: '0x13a10'
IntegrityLevel: High
ParentImage: C:\Windows\System32\rundll32.exe
UtcTime: 2019-05-12 13:30:46.275
"
2019-05-12T13:32:58.167195+00:00,CobaltStrike Load by Rundll32;Hacktool - EDR-Freeze Execution;Potentially Suspicious Rundll32 Activity;UAC Bypass Using NTFS Reparse Point - Process,data/EVTX-ATTACK-SAMPLES/Execution/exec_sysmon_1_11_lolbin_rundll32_openurl_FileProtocolHandler.evtx,1,Microsoft-Windows-Sysmon,1,16390,IEWIN7,"Image: C:\Windows\System32\rundll32.exe
RuleName: ''
Description: Windows host process (Rundll32)
TerminalSessionId: 1
ParentCommandLine: '""C:\Windows\system32\cmd.exe"" '
Product: Microsoft® Windows® Operating System
Company: Microsoft Corporation
ParentProcessId: 2936
LogonGuid: 365ABB72-1596-5CD8-0000-0020103A0100
Hashes: SHA1=892503B20247B341CFD20DDA5FDACFA41527A087,MD5=C648901695E275C8F2AD04B687A68CE2,SHA256=3FA4912EB43FC304652D7B01F118589259861E2D628FA7C86193E54D5F987670,IMPHASH=239D911DFA7551A8B735680BC39B2238
ParentProcessGuid: 365ABB72-2006-5CD8-0000-0010E0912300
ProcessId: 3560
CurrentDirectory: c:\Users\IEUser\Downloads\WinPwnage-master\WinPwnage-master\
ProcessGuid: 365ABB72-208A-5CD8-0000-0010119B2400
CommandLine: rundll32.exe  url.dll,OpenURL file://C:/Windows/system32/calc.exe
FileVersion: 6.1.7600.16385 (win7_rtm.090713-1255)
User: IEWIN7\IEUser
LogonId: '0x13a10'
IntegrityLevel: High
ParentImage: C:\Windows\System32\cmd.exe
UtcTime: 2019-05-12 13:32:58.167
"
2019-05-12T13:33:37.078801+00:00,CobaltStrike Load by Rundll32;Hacktool - EDR-Freeze Execution;Potentially Suspicious Rundll32 Activity;UAC Bypass Using NTFS Reparse Point - Process,data/EVTX-ATTACK-SAMPLES/Execution/exec_sysmon_1_11_lolbin_rundll32_openurl_FileProtocolHandler.evtx,1,Microsoft-Windows-Sysmon,1,16391,IEWIN7,"Image: C:\Windows\System32\rundll32.exe
RuleName: ''
Description: Windows host process (Rundll32)
TerminalSessionId: 1
ParentCommandLine: '""C:\Windows\system32\cmd.exe"" '
Product: Microsoft® Windows® Operating System
Company: Microsoft Corporation
ParentProcessId: 2936
LogonGuid: 365ABB72-1596-5CD8-0000-0020103A0100
Hashes: SHA1=892503B20247B341CFD20DDA5FDACFA41527A087,MD5=C648901695E275C8F2AD04B687A68CE2,SHA256=3FA4912EB43FC304652D7B01F118589259861E2D628FA7C86193E54D5F987670,IMPHASH=239D911DFA7551A8B735680BC39B2238
ParentProcessGuid: 365ABB72-2006-5CD8-0000-0010E0912300
ProcessId: 1844
CurrentDirectory: c:\Users\IEUser\Downloads\WinPwnage-master\WinPwnage-master\
ProcessGuid: 365ABB72-20B1-5CD8-0000-001064D62400
CommandLine: rundll32.exe  url.dll,FileProtocolHandler calc.exe
FileVersion: 6.1.7600.16385 (win7_rtm.090713-1255)
User: IEWIN7\IEUser
LogonId: '0x13a10'
IntegrityLevel: High
ParentImage: C:\Windows\System32\cmd.exe
UtcTime: 2019-05-12 13:33:37.063
"
2019-05-12T13:33:59.743077+00:00,CobaltStrike Load by Rundll32;Hacktool - EDR-Freeze Execution;Potentially Suspicious Rundll32 Activity;UAC Bypass Using NTFS Reparse Point - Process,data/EVTX-ATTACK-SAMPLES/Execution/exec_sysmon_1_11_lolbin_rundll32_openurl_FileProtocolHandler.evtx,1,Microsoft-Windows-Sysmon,1,16392,IEWIN7,"Image: C:\Windows\System32\rundll32.exe
RuleName: ''
Description: Windows host process (Rundll32)
TerminalSessionId: 1
ParentCommandLine: '""C:\Windows\system32\cmd.exe"" '
Product: Microsoft® Windows® Operating System
Company: Microsoft Corporation
ParentProcessId: 2936
LogonGuid: 365ABB72-1596-5CD8-0000-0020103A0100
Hashes: SHA1=892503B20247B341CFD20DDA5FDACFA41527A087,MD5=C648901695E275C8F2AD04B687A68CE2,SHA256=3FA4912EB43FC304652D7B01F118589259861E2D628FA7C86193E54D5F987670,IMPHASH=239D911DFA7551A8B735680BC39B2238
ParentProcessGuid: 365ABB72-2006-5CD8-0000-0010E0912300
ProcessId: 1416
CurrentDirectory: c:\Users\IEUser\Downloads\WinPwnage-master\WinPwnage-master\
ProcessGuid: 365ABB72-20C7-5CD8-0000-001021022500
CommandLine: rundll32.exe  url.dll,FileProtocolHandler file://C:/Windows/system32/calc.exe
FileVersion: 6.1.7600.16385 (win7_rtm.090713-1255)
User: IEWIN7\IEUser
LogonId: '0x13a10'
IntegrityLevel: High
ParentImage: C:\Windows\System32\cmd.exe
UtcTime: 2019-05-12 13:33:59.727
"
2019-05-12T13:38:00.523670+00:00,CobaltStrike Load by Rundll32;Hacktool - EDR-Freeze Execution;Potentially Suspicious Rundll32 Activity;UAC Bypass Using NTFS Reparse Point - Process,data/EVTX-ATTACK-SAMPLES/Execution/exec_sysmon_1_11_lolbin_rundll32_openurl_FileProtocolHandler.evtx,1,Microsoft-Windows-Sysmon,1,16395,IEWIN7,"Image: C:\Windows\System32\rundll32.exe
RuleName: ''
Description: Windows host process (Rundll32)
TerminalSessionId: 1
ParentCommandLine: '""C:\Windows\system32\cmd.exe"" '
Product: Microsoft® Windows® Operating System
Company: Microsoft Corporation
ParentProcessId: 2936
LogonGuid: 365ABB72-1596-5CD8-0000-0020103A0100
Hashes: SHA1=892503B20247B341CFD20DDA5FDACFA41527A087,MD5=C648901695E275C8F2AD04B687A68CE2,SHA256=3FA4912EB43FC304652D7B01F118589259861E2D628FA7C86193E54D5F987670,IMPHASH=239D911DFA7551A8B735680BC39B2238
ParentProcessGuid: 365ABB72-2006-5CD8-0000-0010E0912300
ProcessId: 3856
CurrentDirectory: c:\Users\IEUser\Downloads\WinPwnage-master\WinPwnage-master\
ProcessGuid: 365ABB72-21B8-5CD8-0000-0010BADE2600
CommandLine: rundll32.exe  url.dll,FileProtocolHandler file:///C:/programdata/calc.hta
FileVersion: 6.1.7600.16385 (win7_rtm.090713-1255)
User: IEWIN7\IEUser
LogonId: '0x13a10'
IntegrityLevel: High
ParentImage: C:\Windows\System32\cmd.exe
UtcTime: 2019-05-12 13:38:00.523
"
2019-05-12T13:38:00.712733+00:00,Hacktool - EDR-Freeze Execution;Suspicious Mshta.EXE Execution Patterns;UAC Bypass Using NTFS Reparse Point - Process;Windows Shell/Scripting Processes Spawning Suspicious Programs,data/EVTX-ATTACK-SAMPLES/Execution/exec_sysmon_1_11_lolbin_rundll32_openurl_FileProtocolHandler.evtx,1,Microsoft-Windows-Sysmon,1,16396,IEWIN7,"Image: C:\Windows\System32\mshta.exe
RuleName: ''
Description: Microsoft (R) HTML Application host
TerminalSessionId: 1
ParentCommandLine: rundll32.exe  url.dll,FileProtocolHandler file:///C:/programdata/calc.hta
Product: Internet Explorer
Company: Microsoft Corporation
ParentProcessId: 3856
LogonGuid: 365ABB72-1596-5CD8-0000-0020103A0100
Hashes: SHA1=D4F0397F83083E1C6FB0894187CC72AEBCF2F34F,MD5=ABDFC692D9FE43E2BA8FE6CB5A8CB95A,SHA256=949485BA939953642714AE6831D7DCB261691CAC7CBB8C1A9220333801F60820,IMPHASH=00B1859A95A316FD37DFF4210480907A
ParentProcessGuid: 365ABB72-21B8-5CD8-0000-0010BADE2600
ProcessId: 2964
CurrentDirectory: c:\Users\IEUser\Downloads\WinPwnage-master\WinPwnage-master\
ProcessGuid: 365ABB72-21B8-5CD8-0000-0010E4E82600
CommandLine: '""C:\Windows\System32\mshta.exe"" ""C:\programdata\calc.hta"" '
FileVersion: 11.00.9600.16428 (winblue_gdr.131013-1700)
User: IEWIN7\IEUser
LogonId: '0x13a10'
IntegrityLevel: High
ParentImage: C:\Windows\System32\rundll32.exe
UtcTime: 2019-05-12 13:38:00.592
"
2019-05-12T13:38:01.383045+00:00,Hacktool - EDR-Freeze Execution;UAC Bypass Using NTFS Reparse Point - Process,data/EVTX-ATTACK-SAMPLES/Execution/exec_sysmon_1_11_lolbin_rundll32_openurl_FileProtocolHandler.evtx,1,Microsoft-Windows-Sysmon,1,16397,IEWIN7,"Image: C:\Windows\System32\calc.exe
RuleName: ''
Description: Windows Calculator
TerminalSessionId: 1
ParentCommandLine: '""C:\Windows\System32\mshta.exe"" ""C:\programdata\calc.hta"" '
Product: Microsoft® Windows® Operating System
Company: Microsoft Corporation
ParentProcessId: 2964
LogonGuid: 365ABB72-1596-5CD8-0000-0020103A0100
Hashes: SHA1=9018A7D6CDBE859A430E8794E73381F77C840BE0,MD5=60B7C0FEAD45F2066E5B805A91F4F0FC,SHA256=80C10EE5F21F92F89CBC293A59D2FD4C01C7958AACAD15642558DB700943FA22,IMPHASH=F93B5D76132F6E6068946EC238813CE1
ParentProcessGuid: 365ABB72-21B8-5CD8-0000-0010E4E82600
ProcessId: 704
CurrentDirectory: c:\Users\IEUser\Downloads\WinPwnage-master\WinPwnage-master\
ProcessGuid: 365ABB72-21B9-5CD8-0000-0010FC002700
CommandLine: '""C:\Windows\System32\calc.exe"" '
FileVersion: 6.1.7600.16385 (win7_rtm.090713-1255)
User: IEWIN7\IEUser
LogonId: '0x13a10'
IntegrityLevel: High
ParentImage: C:\Windows\System32\mshta.exe
UtcTime: 2019-05-12 13:38:01.297
"
2019-05-12T13:55:56.626501+00:00,Hacktool - EDR-Freeze Execution,data/EVTX-ATTACK-SAMPLES/Execution/exec_sysmon_1_11_lolbin_rundll32_shdocvw_openurl.evtx,1,Microsoft-Windows-Sysmon,1,16436,IEWIN7,"Image: C:\Python27\python.exe
RuleName: ''
Description: '?'
TerminalSessionId: 1
ParentCommandLine: '""C:\Windows\system32\cmd.exe"" '
Product: '?'
Company: '?'
ParentProcessId: 3396
LogonGuid: 365ABB72-2523-5CD8-0000-00204C360100
Hashes: SHA1=ECA93AAAA5039E12D2F0CC3F0C8F5AF8FDB15C71,MD5=E11683E4A1E88666DD5E0331F969E0C6,SHA256=B6B4BD10303797C209C4F3C3FCC863A925A77AE2C38090FB8B3FF1BF9C4DDE84,IMPHASH=F3F3DE6C332CF6049756A5B794EBD0C5
ParentProcessGuid: 365ABB72-253D-5CD8-0000-00101A820700
ProcessId: 684
CurrentDirectory: C:\Users\IEUser\Downloads\WinPwnage-master\WinPwnage-master\
ProcessGuid: 365ABB72-25EC-5CD8-0000-0010CB0A1000
CommandLine: python  winpwnage.py -u execute -i 12 -p c:\Windows\System32\calc.exe
FileVersion: '?'
User: IEWIN7\IEUser
LogonId: '0x1364c'
IntegrityLevel: Medium
ParentImage: C:\Windows\System32\cmd.exe
UtcTime: 2019-05-12 13:55:56.610
"
2019-05-12T13:56:12.329626+00:00,UAC Bypass Using Windows Media Player - File,data/EVTX-ATTACK-SAMPLES/Execution/exec_sysmon_1_11_lolbin_rundll32_shdocvw_openurl.evtx,1,Microsoft-Windows-Sysmon,11,16437,IEWIN7,"ProcessGuid: 365ABB72-25EC-5CD8-0000-0010CB0A1000
CreationUtcTime: 2019-05-12 13:56:12.329
UtcTime: 2019-05-12 13:56:12.329
ProcessId: 684
RuleName: ''
TargetFilename: C:\Users\IEUser\AppData\Local\Temp\shdocvw.url
Image: c:\python27\python.exe
"
2019-05-12T13:56:12.652868+00:00,CobaltStrike Load by Rundll32;Hacktool - EDR-Freeze Execution;Potentially Suspicious Rundll32 Activity;Shell32 DLL Execution in Suspicious Directory,data/EVTX-ATTACK-SAMPLES/Execution/exec_sysmon_1_11_lolbin_rundll32_shdocvw_openurl.evtx,1,Microsoft-Windows-Sysmon,1,16438,IEWIN7,"Image: C:\Windows\System32\rundll32.exe
RuleName: ''
Description: Windows host process (Rundll32)
TerminalSessionId: 1
ParentCommandLine: python  winpwnage.py -u execute -i 12 -p c:\Windows\System32\calc.exe
Product: Microsoft® Windows® Operating System
Company: Microsoft Corporation
ParentProcessId: 684
LogonGuid: 365ABB72-2523-5CD8-0000-00204C360100
Hashes: SHA1=892503B20247B341CFD20DDA5FDACFA41527A087,MD5=C648901695E275C8F2AD04B687A68CE2,SHA256=3FA4912EB43FC304652D7B01F118589259861E2D628FA7C86193E54D5F987670,IMPHASH=239D911DFA7551A8B735680BC39B2238
ParentProcessGuid: 365ABB72-25EC-5CD8-0000-0010CB0A1000
ProcessId: 2168
CurrentDirectory: C:\Users\IEUser\Downloads\WinPwnage-master\WinPwnage-master\
ProcessGuid: 365ABB72-25FC-5CD8-0000-0010906A1300
CommandLine: '""C:\Windows\System32\rundll32.exe"" shdocvw.dll,OpenURL c:\users\ieuser\appdata\local\temp\shdocvw.url'
FileVersion: 6.1.7600.16385 (win7_rtm.090713-1255)
User: IEWIN7\IEUser
LogonId: '0x1364c'
IntegrityLevel: Medium
ParentImage: C:\Python27\python.exe
UtcTime: 2019-05-12 13:56:12.485
"
2019-05-12T13:58:39.850134+00:00,Hacktool - EDR-Freeze Execution,data/EVTX-ATTACK-SAMPLES/Execution/exec_sysmon_1_11_lolbin_rundll32_zipfldr_RouteTheCall.evtx,1,Microsoft-Windows-Sysmon,1,16442,IEWIN7,"Image: C:\Python27\python.exe
RuleName: ''
Description: '?'
TerminalSessionId: 1
ParentCommandLine: '""C:\Windows\system32\cmd.exe"" '
Product: '?'
Company: '?'
ParentProcessId: 3396
LogonGuid: 365ABB72-2523-5CD8-0000-00204C360100
Hashes: SHA1=ECA93AAAA5039E12D2F0CC3F0C8F5AF8FDB15C71,MD5=E11683E4A1E88666DD5E0331F969E0C6,SHA256=B6B4BD10303797C209C4F3C3FCC863A925A77AE2C38090FB8B3FF1BF9C4DDE84,IMPHASH=F3F3DE6C332CF6049756A5B794EBD0C5
ParentProcessGuid: 365ABB72-253D-5CD8-0000-00101A820700
ProcessId: 1256
CurrentDirectory: C:\Users\IEUser\Downloads\WinPwnage-master\WinPwnage-master\
ProcessGuid: 365ABB72-268F-5CD8-0000-0010F4A51700
CommandLine: python  winpwnage.py -u execute -i 14 -p c:\Windows\System32\calc.exe
FileVersion: '?'
User: IEWIN7\IEUser
LogonId: '0x1364c'
IntegrityLevel: Medium
ParentImage: C:\Windows\System32\cmd.exe
UtcTime: 2019-05-12 13:58:39.834
"
2019-05-12T13:58:54.897009+00:00,CobaltStrike Load by Rundll32;Hacktool - EDR-Freeze Execution;Potentially Suspicious Rundll32 Activity,data/EVTX-ATTACK-SAMPLES/Execution/exec_sysmon_1_11_lolbin_rundll32_zipfldr_RouteTheCall.evtx,1,Microsoft-Windows-Sysmon,1,16443,IEWIN7,"Image: C:\Windows\System32\rundll32.exe
RuleName: ''
Description: Windows host process (Rundll32)
TerminalSessionId: 1
ParentCommandLine: python  winpwnage.py -u execute -i 14 -p c:\Windows\System32\calc.exe
Product: Microsoft® Windows® Operating System
Company: Microsoft Corporation
ParentProcessId: 1256
LogonGuid: 365ABB72-2523-5CD8-0000-00204C360100
Hashes: SHA1=892503B20247B341CFD20DDA5FDACFA41527A087,MD5=C648901695E275C8F2AD04B687A68CE2,SHA256=3FA4912EB43FC304652D7B01F118589259861E2D628FA7C86193E54D5F987670,IMPHASH=239D911DFA7551A8B735680BC39B2238
ParentProcessGuid: 365ABB72-268F-5CD8-0000-0010F4A51700
ProcessId: 2728
CurrentDirectory: C:\Users\IEUser\Downloads\WinPwnage-master\WinPwnage-master\
ProcessGuid: 365ABB72-269E-5CD8-0000-001084F81A00
CommandLine: '""C:\Windows\System32\rundll32.exe"" zipfldr.dll,RouteTheCall c:\Windows\System32\calc.exe'
FileVersion: 6.1.7600.16385 (win7_rtm.090713-1255)
User: IEWIN7\IEUser
LogonId: '0x1364c'
IntegrityLevel: Medium
ParentImage: C:\Python27\python.exe
UtcTime: 2019-05-12 13:58:54.772
"
2019-05-12T14:18:03.589507+00:00,Hacktool - EDR-Freeze Execution,data/EVTX-ATTACK-SAMPLES/Execution/exec_sysmon_1_lolbin_rundll32_advpack_RegisterOCX.evtx,1,Microsoft-Windows-Sysmon,1,16451,IEWIN7,"Image: C:\Windows\System32\cmd.exe
RuleName: ''
Description: Windows Command Processor
TerminalSessionId: 1
ParentCommandLine: C:\Windows\Explorer.EXE
Product: Microsoft® Windows® Operating System
Company: Microsoft Corporation
ParentProcessId: 2800
LogonGuid: 365ABB72-2523-5CD8-0000-00204C360100
Hashes: SHA1=EE8CBF12D87C4D388F09B4F69BED2E91682920B5,MD5=AD7B9C14083B52BC532FBA5948342B98,SHA256=17F746D82695FA9B35493B41859D39D786D32B23A9D2E00F4011DEC7A02402AE,IMPHASH=CEEFB55F764020CC5C5F8F23349AB163
ParentProcessGuid: 365ABB72-252D-5CD8-0000-001019E20300
ProcessId: 3320
CurrentDirectory: C:\Users\IEUser\
ProcessGuid: 365ABB72-2B1B-5CD8-0000-0010CCC92500
CommandLine: '""C:\Windows\system32\cmd.exe"" '
FileVersion: 6.1.7601.17514 (win7sp1_rtm.101119-1850)
User: IEWIN7\IEUser
LogonId: '0x1364c'
IntegrityLevel: Medium
ParentImage: C:\Windows\explorer.exe
UtcTime: 2019-05-12 14:18:03.558
"
2019-05-12T14:18:09.589507+00:00,CobaltStrike Load by Rundll32;Hacktool - EDR-Freeze Execution;Potentially Suspicious Rundll32 Activity,data/EVTX-ATTACK-SAMPLES/Execution/exec_sysmon_1_lolbin_rundll32_advpack_RegisterOCX.evtx,1,Microsoft-Windows-Sysmon,1,16452,IEWIN7,"Image: C:\Windows\System32\rundll32.exe
RuleName: ''
Description: Windows host process (Rundll32)
TerminalSessionId: 1
ParentCommandLine: '""C:\Windows\system32\cmd.exe"" '
Product: Microsoft® Windows® Operating System
Company: Microsoft Corporation
ParentProcessId: 3320
LogonGuid: 365ABB72-2523-5CD8-0000-00204C360100
Hashes: SHA1=892503B20247B341CFD20DDA5FDACFA41527A087,MD5=C648901695E275C8F2AD04B687A68CE2,SHA256=3FA4912EB43FC304652D7B01F118589259861E2D628FA7C86193E54D5F987670,IMPHASH=239D911DFA7551A8B735680BC39B2238
ParentProcessGuid: 365ABB72-2B1B-5CD8-0000-0010CCC92500
ProcessId: 816
CurrentDirectory: C:\Users\IEUser\
ProcessGuid: 365ABB72-2B21-5CD8-0000-001039DD2500
CommandLine: '""C:\Windows\System32\rundll32.exe""  advpack.dll,RegisterOCX c:\Windows\System32\calc.exe'
FileVersion: 6.1.7600.16385 (win7_rtm.090713-1255)
User: IEWIN7\IEUser
LogonId: '0x1364c'
IntegrityLevel: Medium
ParentImage: C:\Windows\System32\cmd.exe
UtcTime: 2019-05-12 14:18:09.573
"
2019-05-12T17:01:43.391862+00:00,Hacktool - EDR-Freeze Execution,data/EVTX-ATTACK-SAMPLES/Execution/exec_sysmon_1_lolbin_pcalua.evtx,1,Microsoft-Windows-Sysmon,1,16496,IEWIN7,"Image: C:\Windows\System32\cmd.exe
RuleName: ''
Description: Windows Command Processor
TerminalSessionId: 1
ParentCommandLine: C:\Windows\Explorer.EXE
Product: Microsoft® Windows® Operating System
Company: Microsoft Corporation
ParentProcessId: 3192
LogonGuid: 365ABB72-4FB5-5CD8-0000-0020F2350100
Hashes: SHA1=EE8CBF12D87C4D388F09B4F69BED2E91682920B5,MD5=AD7B9C14083B52BC532FBA5948342B98,SHA256=17F746D82695FA9B35493B41859D39D786D32B23A9D2E00F4011DEC7A02402AE,IMPHASH=CEEFB55F764020CC5C5F8F23349AB163
ParentProcessGuid: 365ABB72-502E-5CD8-0000-00102A330700
ProcessId: 3788
CurrentDirectory: C:\Users\IEUser\
ProcessGuid: 365ABB72-516B-5CD8-0000-001087E41600
CommandLine: '""C:\Windows\system32\cmd.exe"" '
FileVersion: 6.1.7601.17514 (win7sp1_rtm.101119-1850)
User: IEWIN7\IEUser
LogonId: '0x135f2'
IntegrityLevel: Medium
ParentImage: C:\Windows\explorer.exe
UtcTime: 2019-05-12 17:01:31.380
"
2019-05-12T17:01:50.781015+00:00,Hacktool - EDR-Freeze Execution;Use of Pcalua For Execution,data/EVTX-ATTACK-SAMPLES/Execution/exec_sysmon_1_lolbin_pcalua.evtx,1,Microsoft-Windows-Sysmon,1,16497,IEWIN7,"Image: C:\Windows\System32\pcalua.exe
RuleName: ''
Description: Program Compatibility Assistant
TerminalSessionId: 1
ParentCommandLine: '""C:\Windows\system32\cmd.exe"" '
Product: Microsoft® Windows® Operating System
Company: Microsoft Corporation
ParentProcessId: 3788
LogonGuid: 365ABB72-4FB5-5CD8-0000-0020F2350100
Hashes: SHA1=ABB6319976D9702E0C80978D51C0AEE88A33D201,MD5=D652BA887500816431566B524292ECCB,SHA256=65446AF2997779DB6CDAEFB2ABC2994CA9F2A2477C882BC3A5F828BBFFB83CEE,IMPHASH=256CD8CEDFD4FCB3BC9DB32E27E5923A
ParentProcessGuid: 365ABB72-516B-5CD8-0000-001087E41600
ProcessId: 2952
CurrentDirectory: C:\Users\IEUser\
ProcessGuid: 365ABB72-517E-5CD8-0000-001024D61700
CommandLine: '""C:\Windows\System32\pcalua.exe""  -a c:\Windows\system32\calc.exe'
FileVersion: 6.1.7600.16385 (win7_rtm.090713-1255)
User: IEWIN7\IEUser
LogonId: '0x135f2'
IntegrityLevel: Medium
ParentImage: C:\Windows\System32\cmd.exe
UtcTime: 2019-05-12 17:01:50.781
"
2019-05-12T17:01:51.007950+00:00,Hacktool - EDR-Freeze Execution,data/EVTX-ATTACK-SAMPLES/Execution/exec_sysmon_1_lolbin_pcalua.evtx,1,Microsoft-Windows-Sysmon,1,16498,IEWIN7,"Image: C:\Windows\System32\calc.exe
RuleName: ''
Description: Windows Calculator
TerminalSessionId: 1
ParentCommandLine: '""C:\Windows\System32\pcalua.exe""  -a c:\Windows\system32\calc.exe'
Product: Microsoft® Windows® Operating System
Company: Microsoft Corporation
ParentProcessId: 2952
LogonGuid: 365ABB72-4FB5-5CD8-0000-0020F2350100
Hashes: SHA1=9018A7D6CDBE859A430E8794E73381F77C840BE0,MD5=60B7C0FEAD45F2066E5B805A91F4F0FC,SHA256=80C10EE5F21F92F89CBC293A59D2FD4C01C7958AACAD15642558DB700943FA22,IMPHASH=F93B5D76132F6E6068946EC238813CE1
ParentProcessGuid: 365ABB72-517E-5CD8-0000-001024D61700
ProcessId: 2920
CurrentDirectory: C:\Users\IEUser\
ProcessGuid: 365ABB72-517E-5CD8-0000-00105FE01700
CommandLine: '""C:\Windows\system32\calc.exe"" '
FileVersion: 6.1.7600.16385 (win7_rtm.090713-1255)
User: IEWIN7\IEUser
LogonId: '0x135f2'
IntegrityLevel: Medium
ParentImage: C:\Windows\System32\pcalua.exe
UtcTime: 2019-05-12 17:01:50.852
"
2019-05-12T17:09:02.275164+00:00,CobaltStrike Load by Rundll32;Code Execution via Pcwutl.dll;Hacktool - EDR-Freeze Execution;Potentially Suspicious Rundll32 Activity,data/EVTX-ATTACK-SAMPLES/Execution/exec_sysmon_1_rundll32_pcwutl_LaunchApplication.evtx,1,Microsoft-Windows-Sysmon,1,16507,IEWIN7,"Image: C:\Windows\System32\rundll32.exe
RuleName: ''
Description: Windows host process (Rundll32)
TerminalSessionId: 1
ParentCommandLine: '""C:\Windows\system32\cmd.exe"" '
Product: Microsoft® Windows® Operating System
Company: Microsoft Corporation
ParentProcessId: 3788
LogonGuid: 365ABB72-4FB5-5CD8-0000-0020F2350100
Hashes: SHA1=892503B20247B341CFD20DDA5FDACFA41527A087,MD5=C648901695E275C8F2AD04B687A68CE2,SHA256=3FA4912EB43FC304652D7B01F118589259861E2D628FA7C86193E54D5F987670,IMPHASH=239D911DFA7551A8B735680BC39B2238
ParentProcessGuid: 365ABB72-516B-5CD8-0000-001087E41600
ProcessId: 1528
CurrentDirectory: C:\Users\IEUser\
ProcessGuid: 365ABB72-532E-5CD8-0000-00106C222700
CommandLine: '""C:\Windows\System32\rundll32.exe""  pcwutl.dll,LaunchApplication c:\Windows\system32\calc.exe'
FileVersion: 6.1.7600.16385 (win7_rtm.090713-1255)
User: IEWIN7\IEUser
LogonId: '0x135f2'
IntegrityLevel: Medium
ParentImage: C:\Windows\System32\cmd.exe
UtcTime: 2019-05-12 17:09:02.275
"
2019-05-12T17:20:01.980574+00:00,Hacktool - EDR-Freeze Execution,data/EVTX-ATTACK-SAMPLES/Execution/exec_sysmon_1_ftp.evtx,1,Microsoft-Windows-Sysmon,1,16511,IEWIN7,"Image: C:\Windows\System32\cmd.exe
RuleName: ''
Description: Windows Command Processor
TerminalSessionId: 1
ParentCommandLine: C:\Windows\Explorer.EXE
Product: Microsoft® Windows® Operating System
Company: Microsoft Corporation
ParentProcessId: 3192
LogonGuid: 365ABB72-4FB5-5CD8-0000-0020F2350100
Hashes: SHA1=EE8CBF12D87C4D388F09B4F69BED2E91682920B5,MD5=AD7B9C14083B52BC532FBA5948342B98,SHA256=17F746D82695FA9B35493B41859D39D786D32B23A9D2E00F4011DEC7A02402AE,IMPHASH=CEEFB55F764020CC5C5F8F23349AB163
ParentProcessGuid: 365ABB72-502E-5CD8-0000-00102A330700
ProcessId: 4092
CurrentDirectory: C:\Users\IEUser\
ProcessGuid: 365ABB72-55C1-5CD8-0000-0010970D2F00
CommandLine: '""C:\Windows\system32\cmd.exe"" '
FileVersion: 6.1.7601.17514 (win7sp1_rtm.101119-1850)
User: IEWIN7\IEUser
LogonId: '0x135f2'
IntegrityLevel: Medium
ParentImage: C:\Windows\explorer.exe
UtcTime: 2019-05-12 17:20:01.964
"
2019-05-12T17:20:31.183699+00:00,Hacktool - EDR-Freeze Execution,data/EVTX-ATTACK-SAMPLES/Execution/exec_sysmon_1_ftp.evtx,1,Microsoft-Windows-Sysmon,1,16512,IEWIN7,"Image: C:\Python27\python.exe
RuleName: ''
Description: '?'
TerminalSessionId: 1
ParentCommandLine: '""C:\Windows\system32\cmd.exe"" '
Product: '?'
Company: '?'
ParentProcessId: 4092
LogonGuid: 365ABB72-4FB5-5CD8-0000-0020F2350100
Hashes: SHA1=ECA93AAAA5039E12D2F0CC3F0C8F5AF8FDB15C71,MD5=E11683E4A1E88666DD5E0331F969E0C6,SHA256=B6B4BD10303797C209C4F3C3FCC863A925A77AE2C38090FB8B3FF1BF9C4DDE84,IMPHASH=F3F3DE6C332CF6049756A5B794EBD0C5
ParentProcessGuid: 365ABB72-55C1-5CD8-0000-0010970D2F00
ProcessId: 956
CurrentDirectory: C:\Users\IEUser\Downloads\WinPwnage-master\WinPwnage-master\
ProcessGuid: 365ABB72-55DF-5CD8-0000-001018532F00
CommandLine: python  winpwnage.py -u execute -i 11 -p c:\Windows\system32\calc.exe
FileVersion: '?'
User: IEWIN7\IEUser
LogonId: '0x135f2'
IntegrityLevel: Medium
ParentImage: C:\Windows\System32\cmd.exe
UtcTime: 2019-05-12 17:20:31.183
"
2019-05-12T17:20:49.443464+00:00,HackTool - CrackMapExec Process Patterns;Hacktool - EDR-Freeze Execution;Operator Bloopers Cobalt Strike Commands,data/EVTX-ATTACK-SAMPLES/Execution/exec_sysmon_1_ftp.evtx,1,Microsoft-Windows-Sysmon,1,16513,IEWIN7,"Image: C:\Windows\System32\cmd.exe
RuleName: ''
Description: Windows Command Processor
TerminalSessionId: 1
ParentCommandLine: '""C:\Windows\System32\ftp.exe"" -s:c:\users\ieuser\appdata\local\temp\ftp.txt'
Product: Microsoft® Windows® Operating System
Company: Microsoft Corporation
ParentProcessId: 3668
LogonGuid: 365ABB72-4FB5-5CD8-0000-0020F2350100
Hashes: SHA1=EE8CBF12D87C4D388F09B4F69BED2E91682920B5,MD5=AD7B9C14083B52BC532FBA5948342B98,SHA256=17F746D82695FA9B35493B41859D39D786D32B23A9D2E00F4011DEC7A02402AE,IMPHASH=CEEFB55F764020CC5C5F8F23349AB163
ParentProcessGuid: 365ABB72-55F1-5CD8-0000-00108A153300
ProcessId: 2392
CurrentDirectory: C:\Users\IEUser\Downloads\WinPwnage-master\WinPwnage-master\
ProcessGuid: 365ABB72-55F1-5CD8-0000-0010781C3300
CommandLine: C:\Windows\system32\cmd.exe /C c:\Windows\system32\calc.exe
FileVersion: 6.1.7601.17514 (win7sp1_rtm.101119-1850)
User: IEWIN7\IEUser
LogonId: '0x135f2'
IntegrityLevel: Medium
ParentImage: C:\Windows\System32\ftp.exe
UtcTime: 2019-05-12 17:20:49.261
"
