2019-06-21T07:36:51.682572+00:00,Suspicious Process Access to LSASS with Dbgcore/Dbghelp DLLs,data/EVTX-ATTACK-SAMPLES/Credential Access/sysmon_10_11_outlfank_dumpert_and_andrewspecial_memdump.evtx,1,Microsoft-Windows-Sysmon,10,238388,alice.insecurebank.local,"TargetProcessId: 520
TargetImage: C:\Windows\system32\lsass.exe
SourceThreadId: 3532
RuleName: ''
GrantedAccess: '0x1fffff'
SourceProcessGUID: ECAD0485-8912-5D0C-0000-0010FD2F1F00
SourceProcessId: 3552
TargetProcessGUID: ECAD0485-822F-5D0C-0000-0010635E0000
CallTrace: C:\Windows\SYSTEM32\ntdll.dll+909ba|C:\Windows\SYSTEM32\wow64.dll+7174|C:\Windows\SYSTEM32\wow64.dll+9c7b|C:\Windows\system32\wow64cpu.dll+1dc5|C:\Windows\SYSTEM32\wow64.dll+1235a|C:\Windows\SYSTEM32\wow64.dll+12292|C:\Windows\SYSTEM32\ntdll.dll+c3d95|C:\Windows\SYSTEM32\ntdll.dll+a24de|C:\Windows\SYSTEM32\ntdll.dll+18c9e|C:\Windows\SYSTEM32\ntdll.dll+3c55c(wow64)|C:\Windows\SYSTEM32\ctiuser.dll+1a81e(wow64)|C:\Windows\SYSTEM32\ntdll.dll+b7088(wow64)|C:\Windows\SYSTEM32\KERNEL32.DLL+39bb1(wow64)|C:\Windows\SYSTEM32\KERNEL32.DLL+29911(wow64)|C:\Windows\SYSTEM32\ctiuser.dll+13d59(wow64)|C:\Windows\SYSTEM32\dbghelp.dll+f852f(wow64)|C:\Windows\SYSTEM32\dbghelp.dll+f39c3(wow64)|C:\Windows\SYSTEM32\dbghelp.dll+ee1a7(wow64)|C:\Windows\SYSTEM32\dbghelp.dll+e9e2e(wow64)|C:\Windows\SYSTEM32\dbghelp.dll+ea1f5(wow64)|C:\Windows\SYSTEM32\ctiuser.dll+214b2(wow64)|C:\Users\administrator\Desktop\AndrewSpecial.exe+11c9|C:\Users\administrator\Desktop\AndrewSpecial.exe+16ad|C:\Users\administrator\Desktop\AndrewSpecial.exe+1b1b
UtcTime: 2019-06-21 07:36:50.992
SourceImage: C:\Users\administrator\Desktop\AndrewSpecial.exe
"
2019-07-03T20:10:06.475561+00:00,Service Binary in Suspicious Folder,data/EVTX-ATTACK-SAMPLES/Lateral Movement/LM_add_new_namedpipe_tp_nullsession_registry_turla_like_ttp.evtx,1,Microsoft-Windows-Sysmon,13,8228,IEWIN7,"Image: C:\Windows\system32\reg.exe
TargetObject: HKLM\System\CurrentControlSet\services\LanmanServer\Parameters\NullSessionPipes
RuleName: Lateral Movement - New Named Pipe added to NullSession
EventType: SetValue
ProcessId: 3844
ProcessGuid: 365ABB72-0B9E-5D1D-0000-00100BF40D00
UtcTime: 2019-07-03 20:10:06.459
Details: Binary Data
"
2019-07-03T20:39:30.129733+00:00,Remote Thread Creation In Uncommon Target Image,data/EVTX-ATTACK-SAMPLES/Execution/Sysmon_meterpreter_ReflectivePEInjection_to_notepad_.evtx,1,Microsoft-Windows-Sysmon,8,8343,IEWIN7,"TargetProcessId: 1632
NewThreadId: 3788
SourceImage: C:\Windows\System32\WindowsPowerShell\v1.0\powershell.exe
RuleName: ''
TargetProcessGuid: 365ABB72-1256-5D1D-0000-0010FB1A1B00
SourceProcessGuid: 365ABB72-0C16-5D1D-0000-00108B721100
StartFunction: ''
SourceProcessId: 3092
StartAddress: '0x00560000'
StartModule: ''
UtcTime: 2019-07-03 20:39:30.129
TargetImage: C:\Windows\System32\notepad.exe
"
2019-07-03T20:39:30.145358+00:00,Remote Thread Creation In Uncommon Target Image,data/EVTX-ATTACK-SAMPLES/Execution/Sysmon_meterpreter_ReflectivePEInjection_to_notepad_.evtx,1,Microsoft-Windows-Sysmon,8,8344,IEWIN7,"TargetProcessId: 1632
NewThreadId: 2804
SourceImage: C:\Windows\System32\WindowsPowerShell\v1.0\powershell.exe
RuleName: ''
TargetProcessGuid: 365ABB72-1256-5D1D-0000-0010FB1A1B00
SourceProcessGuid: 365ABB72-0C16-5D1D-0000-00108B721100
StartFunction: ''
SourceProcessId: 3092
StartAddress: '0x00560000'
StartModule: ''
UtcTime: 2019-07-03 20:39:30.145
TargetImage: C:\Windows\System32\notepad.exe
"
2019-07-03T20:39:30.160983+00:00,Remote Thread Creation In Uncommon Target Image,data/EVTX-ATTACK-SAMPLES/Execution/Sysmon_meterpreter_ReflectivePEInjection_to_notepad_.evtx,1,Microsoft-Windows-Sysmon,8,8345,IEWIN7,"TargetProcessId: 1632
NewThreadId: 2588
SourceImage: C:\Windows\System32\WindowsPowerShell\v1.0\powershell.exe
RuleName: ''
TargetProcessGuid: 365ABB72-1256-5D1D-0000-0010FB1A1B00
SourceProcessGuid: 365ABB72-0C16-5D1D-0000-00108B721100
StartFunction: ''
SourceProcessId: 3092
StartAddress: '0x00560000'
StartModule: ''
UtcTime: 2019-07-03 20:39:30.160
TargetImage: C:\Windows\System32\notepad.exe
"
2019-07-03T20:39:30.176608+00:00,Remote Thread Creation In Uncommon Target Image,data/EVTX-ATTACK-SAMPLES/Execution/Sysmon_meterpreter_ReflectivePEInjection_to_notepad_.evtx,1,Microsoft-Windows-Sysmon,8,8346,IEWIN7,"TargetProcessId: 1632
NewThreadId: 3536
SourceImage: C:\Windows\System32\WindowsPowerShell\v1.0\powershell.exe
RuleName: ''
TargetProcessGuid: 365ABB72-1256-5D1D-0000-0010FB1A1B00
SourceProcessGuid: 365ABB72-0C16-5D1D-0000-00108B721100
StartFunction: ''
SourceProcessId: 3092
StartAddress: '0x00560000'
StartModule: ''
UtcTime: 2019-07-03 20:39:30.176
TargetImage: C:\Windows\System32\notepad.exe
"
2019-07-03T20:39:30.192233+00:00,Remote Thread Creation In Uncommon Target Image,data/EVTX-ATTACK-SAMPLES/Execution/Sysmon_meterpreter_ReflectivePEInjection_to_notepad_.evtx,1,Microsoft-Windows-Sysmon,8,8347,IEWIN7,"TargetProcessId: 1632
NewThreadId: 3916
SourceImage: C:\Windows\System32\WindowsPowerShell\v1.0\powershell.exe
RuleName: ''
TargetProcessGuid: 365ABB72-1256-5D1D-0000-0010FB1A1B00
SourceProcessGuid: 365ABB72-0C16-5D1D-0000-00108B721100
StartFunction: ''
SourceProcessId: 3092
StartAddress: '0x00560000'
StartModule: ''
UtcTime: 2019-07-03 20:39:30.192
TargetImage: C:\Windows\System32\notepad.exe
"
2019-07-03T20:39:30.207858+00:00,Remote Thread Creation In Uncommon Target Image,data/EVTX-ATTACK-SAMPLES/Execution/Sysmon_meterpreter_ReflectivePEInjection_to_notepad_.evtx,1,Microsoft-Windows-Sysmon,8,8348,IEWIN7,"TargetProcessId: 1632
NewThreadId: 1028
SourceImage: C:\Windows\System32\WindowsPowerShell\v1.0\powershell.exe
RuleName: ''
TargetProcessGuid: 365ABB72-1256-5D1D-0000-0010FB1A1B00
SourceProcessGuid: 365ABB72-0C16-5D1D-0000-00108B721100
StartFunction: ''
SourceProcessId: 3092
StartAddress: '0x00560000'
StartModule: ''
UtcTime: 2019-07-03 20:39:30.207
TargetImage: C:\Windows\System32\notepad.exe
"
2019-07-03T20:39:30.223483+00:00,Remote Thread Creation In Uncommon Target Image,data/EVTX-ATTACK-SAMPLES/Execution/Sysmon_meterpreter_ReflectivePEInjection_to_notepad_.evtx,1,Microsoft-Windows-Sysmon,8,8349,IEWIN7,"TargetProcessId: 1632
NewThreadId: 916
SourceImage: C:\Windows\System32\WindowsPowerShell\v1.0\powershell.exe
RuleName: ''
TargetProcessGuid: 365ABB72-1256-5D1D-0000-0010FB1A1B00
SourceProcessGuid: 365ABB72-0C16-5D1D-0000-00108B721100
StartFunction: ''
SourceProcessId: 3092
StartAddress: '0x00560000'
StartModule: ''
UtcTime: 2019-07-03 20:39:30.223
TargetImage: C:\Windows\System32\notepad.exe
"
2019-07-03T20:39:30.239108+00:00,Remote Thread Creation In Uncommon Target Image,data/EVTX-ATTACK-SAMPLES/Execution/Sysmon_meterpreter_ReflectivePEInjection_to_notepad_.evtx,1,Microsoft-Windows-Sysmon,8,8350,IEWIN7,"TargetProcessId: 1632
NewThreadId: 3252
SourceImage: C:\Windows\System32\WindowsPowerShell\v1.0\powershell.exe
RuleName: ''
TargetProcessGuid: 365ABB72-1256-5D1D-0000-0010FB1A1B00
SourceProcessGuid: 365ABB72-0C16-5D1D-0000-00108B721100
StartFunction: ''
SourceProcessId: 3092
StartAddress: '0x00560000'
StartModule: ''
UtcTime: 2019-07-03 20:39:30.239
TargetImage: C:\Windows\System32\notepad.exe
"
2019-07-03T20:39:30.254733+00:00,Hacktool - EDR-Freeze Execution;Rundll32 Execution With Uncommon DLL Extension;Rundll32 Execution Without Parameters;Suspicious Process Parents,data/EVTX-ATTACK-SAMPLES/Execution/Sysmon_meterpreter_ReflectivePEInjection_to_notepad_.evtx,1,Microsoft-Windows-Sysmon,1,8352,IEWIN7,"Image: C:\Windows\System32\rundll32.exe
RuleName: ''
Description: Windows host process (Rundll32)
TerminalSessionId: 1
ParentCommandLine: '""C:\Windows\system32\notepad.exe"" '
Product: Microsoft® Windows® Operating System
Company: Microsoft Corporation
ParentProcessId: 1632
LogonGuid: 365ABB72-0A6F-5D1D-0000-0020CA350100
Hashes: SHA1=892503B20247B341CFD20DDA5FDACFA41527A087,MD5=C648901695E275C8F2AD04B687A68CE2,SHA256=3FA4912EB43FC304652D7B01F118589259861E2D628FA7C86193E54D5F987670,IMPHASH=239D911DFA7551A8B735680BC39B2238
ParentProcessGuid: 365ABB72-1256-5D1D-0000-0010FB1A1B00
ProcessId: 2328
CurrentDirectory: C:\Users\IEUser\
ProcessGuid: 365ABB72-1282-5D1D-0000-0010DD401B00
CommandLine: rundll32.exe
FileVersion: 6.1.7600.16385 (win7_rtm.090713-1255)
User: IEWIN7\IEUser
LogonId: '0x135ca'
IntegrityLevel: Medium
ParentImage: C:\Windows\System32\notepad.exe
UtcTime: 2019-07-03 20:39:30.254
"
2019-07-03T20:39:30.254733+00:00,Remote Thread Creation In Uncommon Target Image,data/EVTX-ATTACK-SAMPLES/Execution/Sysmon_meterpreter_ReflectivePEInjection_to_notepad_.evtx,1,Microsoft-Windows-Sysmon,8,8351,IEWIN7,"TargetProcessId: 1632
NewThreadId: 3148
SourceImage: C:\Windows\System32\WindowsPowerShell\v1.0\powershell.exe
RuleName: ''
TargetProcessGuid: 365ABB72-1256-5D1D-0000-0010FB1A1B00
SourceProcessGuid: 365ABB72-0C16-5D1D-0000-00108B721100
StartFunction: ''
SourceProcessId: 3092
StartAddress: '0x00540000'
StartModule: ''
UtcTime: 2019-07-03 20:39:30.254
TargetImage: C:\Windows\System32\notepad.exe
"
2019-07-18T20:40:00.730676+00:00,Windows Defender Threat Detected,data/EVTX-ATTACK-SAMPLES/AutomatedTestingTools/WinDefender_Events_1117_1116_AtomicRedTeam.evtx,1,Microsoft-Windows-Windows Defender,1116,37,MSEDGEWIN10,"Origin Name: '%%845'
Engine Version: 'AM: 1.1.16100.4, NIS: 1.1.16100.4'
Status Code: '1'
Unused4: ''
Post Clean Status: '0'
Error Code: '0x00000000'
Unused6: ''
Unused2: ''
Detection User: MSEDGEWIN10\IEUser
Action Name: '%%887'
Origin ID: '1'
Product Name: '%%827'
Status Description: ''
Additional Actions ID: '0'
Additional Actions String: No additional actions required
Detection Time: 2019-07-18T20:40:00.580Z
Category ID: '8'
Source ID: '3'
Error Description: 'The operation completed successfully. '
Unused: ''
Severity ID: '5'
Type ID: '0'
Category Name: Trojan
Severity Name: Severe
Action ID: '9'
Source Name: '%%818'
Execution Name: '%%813'
Threat Name: Trojan:PowerShell/Powersploit.M
Type Name: '%%822'
Product Version: 4.18.1906.3
FWLink: https://go.microsoft.com/fwlink/?linkid=37020&name=Trojan:PowerShell/Powersploit.M&threatid=2147725349&enterprise=0
Process Name: C:\Windows\System32\WindowsPowerShell\v1.0\powershell.exe
Path: file:_C:\AtomicRedTeam\atomic-red-team-master\atomics\T1056\Get-Keystrokes.ps1
Pre Execution Status: '0'
State: '1'
Unused5: ''
Unused3: ''
Execution ID: '1'
Signature Version: 'AV: 1.297.1333.0, AS: 1.297.1333.0, NIS: 1.297.1333.0'
Detection ID: '{511224D4-1EB4-47B9-BC4A-37E21F923FED}'
Threat ID: '2147725349'
Remediation User: ''
"
2019-07-18T20:40:16.396422+00:00,Windows Defender Threat Detected,data/EVTX-ATTACK-SAMPLES/AutomatedTestingTools/WinDefender_Events_1117_1116_AtomicRedTeam.evtx,1,Microsoft-Windows-Windows Defender,1116,48,MSEDGEWIN10,"Origin Name: '%%845'
Engine Version: 'AM: 1.1.16100.4, NIS: 1.1.16100.4'
Status Code: '1'
Unused4: ''
Post Clean Status: '0'
Error Code: '0x00000000'
Unused6: ''
Unused2: ''
Detection User: MSEDGEWIN10\IEUser
Action Name: '%%887'
Origin ID: '1'
Product Name: '%%827'
Status Description: ''
Additional Actions ID: '0'
Additional Actions String: No additional actions required
Detection Time: 2019-07-18T20:40:13.775Z
Category ID: '8'
Source ID: '3'
Error Description: 'The operation completed successfully. '
Unused: ''
Severity ID: '5'
Type ID: '2'
Category Name: Trojan
Severity Name: Severe
Action ID: '9'
Source Name: '%%818'
Execution Name: '%%813'
Threat Name: Trojan:XML/Exeselrun.gen!A
Type Name: '%%823'
Product Version: 4.18.1906.3
FWLink: https://go.microsoft.com/fwlink/?linkid=37020&name=Trojan:XML/Exeselrun.gen!A&threatid=2147735426&enterprise=0
Process Name: C:\Windows\System32\WindowsPowerShell\v1.0\powershell.exe
Path: file:_C:\AtomicRedTeam\atomic-red-team-master\atomics\T1086\payloads\test.xsl
Pre Execution Status: '0'
State: '1'
Unused5: ''
Unused3: ''
Execution ID: '1'
Signature Version: 'AV: 1.297.1333.0, AS: 1.297.1333.0, NIS: 1.297.1333.0'
Detection ID: '{8791B1FB-0FE7-412E-B084-524CB5A221F3}'
Threat ID: '2147735426'
Remediation User: ''
"
2019-07-18T20:41:16.418508+00:00,Windows Defender Threat Detected,data/EVTX-ATTACK-SAMPLES/AutomatedTestingTools/WinDefender_Events_1117_1116_AtomicRedTeam.evtx,1,Microsoft-Windows-Windows Defender,1116,75,MSEDGEWIN10,"Origin Name: '%%845'
Engine Version: 'AM: 1.1.16100.4, NIS: 1.1.16100.4'
Status Code: '1'
Unused4: ''
Post Clean Status: '0'
Error Code: '0x00000000'
Unused6: ''
Unused2: ''
Detection User: MSEDGEWIN10\IEUser
Action Name: '%%887'
Origin ID: '1'
Product Name: '%%827'
Status Description: ''
Additional Actions ID: '0'
Additional Actions String: No additional actions required
Detection Time: 2019-07-18T20:40:16.697Z
Category ID: '34'
Source ID: '3'
Error Description: 'The operation completed successfully. '
Unused: ''
Severity ID: '4'
Type ID: '8'
Category Name: Tool
Severity Name: High
Action ID: '9'
Source Name: '%%818'
Execution Name: '%%813'
Threat Name: HackTool:JS/Jsprat
Type Name: '%%862'
Product Version: 4.18.1906.3
FWLink: https://go.microsoft.com/fwlink/?linkid=37020&name=HackTool:JS/Jsprat&threatid=2147708292&enterprise=0
Process Name: C:\Windows\System32\WindowsPowerShell\v1.0\powershell.exe
Path: file:_C:\AtomicRedTeam\atomic-red-team-master\atomics\T1100\shells\b.jsp->(SCRIPT0005)
Pre Execution Status: '0'
State: '1'
Unused5: ''
Unused3: ''
Execution ID: '1'
Signature Version: 'AV: 1.297.1333.0, AS: 1.297.1333.0, NIS: 1.297.1333.0'
Detection ID: '{37522D93-EBDD-4A5B-93B6-E984C9E3FD38}'
Threat ID: '2147708292'
Remediation User: ''
"
2019-07-18T20:41:17.508276+00:00,Windows Defender Threat Detected,data/EVTX-ATTACK-SAMPLES/AutomatedTestingTools/WinDefender_Events_1117_1116_AtomicRedTeam.evtx,1,Microsoft-Windows-Windows Defender,1116,76,MSEDGEWIN10,"Origin Name: '%%845'
Engine Version: 'AM: 1.1.16100.4, NIS: 1.1.16100.4'
Status Code: '1'
Unused4: ''
Post Clean Status: '0'
Error Code: '0x00000000'
Unused6: ''
Unused2: ''
Detection User: MSEDGEWIN10\IEUser
Action Name: '%%887'
Origin ID: '1'
Product Name: '%%827'
Status Description: ''
Additional Actions ID: '0'
Additional Actions String: No additional actions required
Detection Time: 2019-07-18T20:40:18.385Z
Category ID: '6'
Source ID: '3'
Error Description: 'The operation completed successfully. '
Unused: ''
Severity ID: '5'
Type ID: '0'
Category Name: Backdoor
Severity Name: Severe
Action ID: '9'
Source Name: '%%818'
Execution Name: '%%813'
Threat Name: Backdoor:ASP/Ace.T
Type Name: '%%822'
Product Version: 4.18.1906.3
FWLink: https://go.microsoft.com/fwlink/?linkid=37020&name=Backdoor:ASP/Ace.T&threatid=2147683177&enterprise=0
Process Name: C:\Windows\System32\WindowsPowerShell\v1.0\powershell.exe
Path: file:_C:\AtomicRedTeam\atomic-red-team-master\atomics\T1100\shells\cmd.aspx
Pre Execution Status: '0'
State: '1'
Unused5: ''
Unused3: ''
Execution ID: '1'
Signature Version: 'AV: 1.297.1333.0, AS: 1.297.1333.0, NIS: 1.297.1333.0'
Detection ID: '{CEF4D8DA-15D6-4667-8E4C-12D19AB4EFED}'
Threat ID: '2147683177'
Remediation User: ''
"
2019-07-18T20:41:48.236136+00:00,Windows Defender Threat Detected,data/EVTX-ATTACK-SAMPLES/AutomatedTestingTools/WinDefender_Events_1117_1116_AtomicRedTeam.evtx,1,Microsoft-Windows-Windows Defender,1116,95,MSEDGEWIN10,"Origin Name: '%%845'
Engine Version: 'AM: 1.1.16100.4, NIS: 0.0.0.0'
Status Code: '1'
Unused4: ''
Post Clean Status: '0'
Error Code: '0x00000000'
Unused6: ''
Unused2: ''
Detection User: MSEDGEWIN10\IEUser
Action Name: '%%887'
Origin ID: '1'
Product Name: '%%827'
Status Description: ''
Additional Actions ID: '0'
Additional Actions String: No additional actions required
Detection Time: 2019-07-18T20:41:40.357Z
Category ID: '8'
Source ID: '3'
Error Description: 'The operation completed successfully. '
Unused: ''
Severity ID: '5'
Type ID: '8'
Category Name: Trojan
Severity Name: Severe
Action ID: '9'
Source Name: '%%818'
Execution Name: '%%813'
Threat Name: Trojan:Win32/Sehyioa.A!cl
Type Name: '%%862'
Product Version: 4.18.1906.3
FWLink: https://go.microsoft.com/fwlink/?linkid=37020&name=Trojan:Win32/Sehyioa.A!cl&threatid=2147726426&enterprise=0
Process Name: C:\Windows\System32\WindowsPowerShell\v1.0\powershell.exe
Path: file:_C:\AtomicRedTeam\atomic-red-team-master\atomics\T1218\src\Win32\T1218-2.dll
Pre Execution Status: '0'
State: '1'
Unused5: ''
Unused3: ''
Execution ID: '1'
Signature Version: 'AV: 1.297.1333.0, AS: 1.297.1333.0, NIS: 0.0.0.0'
Detection ID: '{F6272F78-9FD1-47D2-B206-89E0F0DCBDB9}'
Threat ID: '2147726426'
Remediation User: ''
"
2019-07-18T20:51:50.275470+00:00,Windows Defender Threat Detected,data/EVTX-ATTACK-SAMPLES/AutomatedTestingTools/WinDefender_Events_1117_1116_AtomicRedTeam.evtx,1,Microsoft-Windows-Windows Defender,1117,101,MSEDGEWIN10,"Origin Name: '%%845'
Engine Version: 'AM: 1.1.16100.4, NIS: 0.0.0.0'
Status Code: '103'
Unused4: ''
Post Clean Status: '0'
Error Code: '0x80508023'
Unused6: ''
Unused2: ''
Detection User: MSEDGEWIN10\IEUser
Action Name: '%%809'
Origin ID: '1'
Product Name: '%%827'
Status Description: ''
Additional Actions ID: '0'
Additional Actions String: No additional actions required
Detection Time: 2019-07-18T20:40:00.580Z
Category ID: '8'
Source ID: '3'
Error Description: 'The program could not find the malware and other potentially unwanted software on this device. '
Unused: ''
Severity ID: '5'
Type ID: '0'
Category Name: Trojan
Severity Name: Severe
Action ID: '2'
Source Name: '%%818'
Execution Name: '%%813'
Threat Name: Trojan:PowerShell/Powersploit.M
Type Name: '%%822'
Product Version: 4.18.1906.3
FWLink: https://go.microsoft.com/fwlink/?linkid=37020&name=Trojan:PowerShell/Powersploit.M&threatid=2147725349&enterprise=0
Process Name: C:\Windows\System32\WindowsPowerShell\v1.0\powershell.exe
Path: file:_C:\AtomicRedTeam\atomic-red-team-master\atomics\T1056\Get-Keystrokes.ps1
Pre Execution Status: '0'
State: '2'
Unused5: ''
Unused3: ''
Execution ID: '1'
Signature Version: 'AV: 1.297.1333.0, AS: 1.297.1333.0, NIS: 0.0.0.0'
Detection ID: '{511224D4-1EB4-47B9-BC4A-37E21F923FED}'
Threat ID: '2147725349'
Remediation User: NT AUTHORITY\SYSTEM
"
2019-07-18T20:51:50.798994+00:00,Windows Defender Threat Detected,data/EVTX-ATTACK-SAMPLES/AutomatedTestingTools/WinDefender_Events_1117_1116_AtomicRedTeam.evtx,1,Microsoft-Windows-Windows Defender,1116,102,MSEDGEWIN10,"Origin Name: '%%845'
Engine Version: 'AM: 1.1.16100.4, NIS: 0.0.0.0'
Status Code: '1'
Unused4: ''
Post Clean Status: '0'
Error Code: '0x00000000'
Unused6: ''
Unused2: ''
Detection User: MSEDGEWIN10\IEUser
Action Name: '%%887'
Origin ID: '1'
Product Name: '%%827'
Status Description: ''
Additional Actions ID: '0'
Additional Actions String: No additional actions required
Detection Time: 2019-07-18T20:40:16.697Z
Category ID: '34'
Source ID: '3'
Error Description: 'The operation completed successfully. '
Unused: ''
Severity ID: '4'
Type ID: '8'
Category Name: Tool
Severity Name: High
Action ID: '9'
Source Name: '%%818'
Execution Name: '%%813'
Threat Name: HackTool:JS/Jsprat
Type Name: '%%862'
Product Version: 4.18.1906.3
FWLink: https://go.microsoft.com/fwlink/?linkid=37020&name=HackTool:JS/Jsprat&threatid=2147708292&enterprise=0
Process Name: C:\Windows\System32\WindowsPowerShell\v1.0\powershell.exe
Path: containerfile:_C:\AtomicRedTeam\atomic-red-team-master\atomics\T1100\shells\b.jsp; file:_C:\AtomicRedTeam\atomic-red-team-master\atomics\T1100\shells\b.jsp->(SCRIPT0005); file:_C:\AtomicRedTeam\atomic-red-team-master\atomics\T1100\shells\b.jsp->(SCRIPT0037); file:_C:\AtomicRedTeam\atomic-red-team-master\atomics\T1100\shells\b.jsp->(SCRIPT0045); file:_C:\AtomicRedTeam\atomic-red-team-master\atomics\T1100\shells\b.jsp->(SCRIPT0065); file:_C:\AtomicRedTeam\atomic-red-team-master\atomics\T1100\shells\b.jsp->(SCRIPT0068)
Pre Execution Status: '0'
State: '1'
Unused5: ''
Unused3: ''
Execution ID: '1'
Signature Version: 'AV: 1.297.1333.0, AS: 1.297.1333.0, NIS: 0.0.0.0'
Detection ID: '{37522D93-EBDD-4A5B-93B6-E984C9E3FD38}'
Threat ID: '2147708292'
Remediation User: ''
"
2019-07-18T20:53:31.900809+00:00,Windows Defender Threat Detected,data/EVTX-ATTACK-SAMPLES/AutomatedTestingTools/WinDefender_Events_1117_1116_AtomicRedTeam.evtx,1,Microsoft-Windows-Windows Defender,1117,103,MSEDGEWIN10,"Origin Name: '%%845'
Engine Version: 'AM: 1.1.16100.4, NIS: 0.0.0.0'
Status Code: '3'
Unused4: ''
Post Clean Status: '0'
Error Code: '0x00000000'
Unused6: ''
Unused2: ''
Detection User: MSEDGEWIN10\IEUser
Action Name: '%%809'
Origin ID: '1'
Product Name: '%%827'
Status Description: ''
Additional Actions ID: '0'
Additional Actions String: No additional actions required
Detection Time: 2019-07-18T20:40:18.385Z
Category ID: '6'
Source ID: '3'
Error Description: 'The operation completed successfully. '
Unused: ''
Severity ID: '5'
Type ID: '0'
Category Name: Backdoor
Severity Name: Severe
Action ID: '2'
Source Name: '%%818'
Execution Name: '%%813'
Threat Name: Backdoor:ASP/Ace.T
Type Name: '%%822'
Product Version: 4.18.1906.3
FWLink: https://go.microsoft.com/fwlink/?linkid=37020&name=Backdoor:ASP/Ace.T&threatid=2147683177&enterprise=0
Process Name: C:\Windows\System32\WindowsPowerShell\v1.0\powershell.exe
Path: file:_C:\AtomicRedTeam\atomic-red-team-master\atomics\T1100\shells\cmd.aspx
Pre Execution Status: '0'
State: '2'
Unused5: ''
Unused3: ''
Execution ID: '1'
Signature Version: 'AV: 1.297.1333.0, AS: 1.297.1333.0, NIS: 0.0.0.0'
Detection ID: '{CEF4D8DA-15D6-4667-8E4C-12D19AB4EFED}'
Threat ID: '2147683177'
Remediation User: NT AUTHORITY\SYSTEM
"
2019-07-18T20:53:31.902610+00:00,Windows Defender Threat Detected,data/EVTX-ATTACK-SAMPLES/AutomatedTestingTools/WinDefender_Events_1117_1116_AtomicRedTeam.evtx,1,Microsoft-Windows-Windows Defender,1117,104,MSEDGEWIN10,"Origin Name: '%%845'
Engine Version: 'AM: 1.1.16100.4, NIS: 0.0.0.0'
Status Code: '3'
Unused4: ''
Post Clean Status: '0'
Error Code: '0x00000000'
Unused6: ''
Unused2: ''
Detection User: MSEDGEWIN10\IEUser
Action Name: '%%809'
Origin ID: '1'
Product Name: '%%827'
Status Description: ''
Additional Actions ID: '0'
Additional Actions String: No additional actions required
Detection Time: 2019-07-18T20:41:40.357Z
Category ID: '8'
Source ID: '3'
Error Description: 'The operation completed successfully. '
Unused: ''
Severity ID: '5'
Type ID: '8'
Category Name: Trojan
Severity Name: Severe
Action ID: '2'
Source Name: '%%818'
Execution Name: '%%813'
Threat Name: Trojan:Win32/Sehyioa.A!cl
Type Name: '%%862'
Product Version: 4.18.1906.3
FWLink: https://go.microsoft.com/fwlink/?linkid=37020&name=Trojan:Win32/Sehyioa.A!cl&threatid=2147726426&enterprise=0
Process Name: C:\Windows\System32\WindowsPowerShell\v1.0\powershell.exe
Path: file:_C:\AtomicRedTeam\atomic-red-team-master\atomics\T1218\src\Win32\T1218-2.dll
Pre Execution Status: '0'
State: '2'
Unused5: ''
Unused3: ''
Execution ID: '1'
Signature Version: 'AV: 1.297.1333.0, AS: 1.297.1333.0, NIS: 0.0.0.0'
Detection ID: '{F6272F78-9FD1-47D2-B206-89E0F0DCBDB9}'
Threat ID: '2147726426'
Remediation User: NT AUTHORITY\SYSTEM
"
2019-07-18T20:53:31.905406+00:00,Windows Defender Threat Detected,data/EVTX-ATTACK-SAMPLES/AutomatedTestingTools/WinDefender_Events_1117_1116_AtomicRedTeam.evtx,1,Microsoft-Windows-Windows Defender,1117,105,MSEDGEWIN10,"Origin Name: '%%845'
Engine Version: 'AM: 1.1.16100.4, NIS: 0.0.0.0'
Status Code: '3'
Unused4: ''
Post Clean Status: '0'
Error Code: '0x00000000'
Unused6: ''
Unused2: ''
Detection User: MSEDGEWIN10\IEUser
Action Name: '%%809'
Origin ID: '1'
Product Name: '%%827'
Status Description: ''
Additional Actions ID: '0'
Additional Actions String: No additional actions required
Detection Time: 2019-07-18T20:40:16.697Z
Category ID: '34'
Source ID: '3'
Error Description: 'The operation completed successfully. '
Unused: ''
Severity ID: '4'
Type ID: '8'
Category Name: Tool
Severity Name: High
Action ID: '2'
Source Name: '%%818'
Execution Name: '%%813'
Threat Name: HackTool:JS/Jsprat
Type Name: '%%862'
Product Version: 4.18.1906.3
FWLink: https://go.microsoft.com/fwlink/?linkid=37020&name=HackTool:JS/Jsprat&threatid=2147708292&enterprise=0
Process Name: C:\Windows\System32\WindowsPowerShell\v1.0\powershell.exe
Path: containerfile:_C:\AtomicRedTeam\atomic-red-team-master\atomics\T1100\shells\b.jsp; file:_C:\AtomicRedTeam\atomic-red-team-master\atomics\T1100\shells\b.jsp->(SCRIPT0005); file:_C:\AtomicRedTeam\atomic-red-team-master\atomics\T1100\shells\b.jsp->(SCRIPT0037); file:_C:\AtomicRedTeam\atomic-red-team-master\atomics\T1100\shells\b.jsp->(SCRIPT0045); file:_C:\AtomicRedTeam\atomic-red-team-master\atomics\T1100\shells\b.jsp->(SCRIPT0065); file:_C:\AtomicRedTeam\atomic-red-team-master\atomics\T1100\shells\b.jsp->(SCRIPT0068)
Pre Execution Status: '0'
State: '2'
Unused5: ''
Unused3: ''
Execution ID: '1'
Signature Version: 'AV: 1.297.1333.0, AS: 1.297.1333.0, NIS: 0.0.0.0'
Detection ID: '{37522D93-EBDD-4A5B-93B6-E984C9E3FD38}'
Threat ID: '2147708292'
Remediation User: NT AUTHORITY\SYSTEM
"
2019-07-18T20:53:31.952568+00:00,Windows Defender Threat Detected,data/EVTX-ATTACK-SAMPLES/AutomatedTestingTools/WinDefender_Events_1117_1116_AtomicRedTeam.evtx,1,Microsoft-Windows-Windows Defender,1117,106,MSEDGEWIN10,"Origin Name: '%%845'
Engine Version: 'AM: 1.1.16100.4, NIS: 0.0.0.0'
Status Code: '5'
Unused4: ''
Post Clean Status: '0'
Error Code: '0x80508023'
Unused6: ''
Unused2: ''
Detection User: MSEDGEWIN10\IEUser
Action Name: '%%811'
Origin ID: '1'
Product Name: '%%827'
Status Description: ''
Additional Actions ID: '0'
Additional Actions String: No additional actions required
Detection Time: 2019-07-18T20:40:13.775Z
Category ID: '8'
Source ID: '3'
Error Description: 'The program could not find the malware and other potentially unwanted software on this device. '
Unused: ''
Severity ID: '5'
Type ID: '2'
Category Name: Trojan
Severity Name: Severe
Action ID: '6'
Source Name: '%%818'
Execution Name: '%%813'
Threat Name: Trojan:XML/Exeselrun.gen!A
Type Name: '%%823'
Product Version: 4.18.1906.3
FWLink: https://go.microsoft.com/fwlink/?linkid=37020&name=Trojan:XML/Exeselrun.gen!A&threatid=2147735426&enterprise=0
Process Name: C:\Windows\System32\WindowsPowerShell\v1.0\powershell.exe
Path: file:_C:\AtomicRedTeam\atomic-red-team-master\atomics\T1086\payloads\test.xsl
Pre Execution Status: '0'
State: '2'
Unused5: ''
Unused3: ''
Execution ID: '1'
Signature Version: 'AV: 1.297.1333.0, AS: 1.297.1333.0, NIS: 0.0.0.0'
Detection ID: '{8791B1FB-0FE7-412E-B084-524CB5A221F3}'
Threat ID: '2147735426'
Remediation User: NT AUTHORITY\SYSTEM
"
2019-07-19T14:42:51.446280+00:00,HackTool - CrackMapExec Process Patterns;Hacktool - EDR-Freeze Execution;UAC Bypass Using NTFS Reparse Point - Process,data/EVTX-ATTACK-SAMPLES/AutomatedTestingTools/PanacheSysmon_vs_AtomicRedTeam01.evtx,1,Microsoft-Windows-Sysmon,1,3572,MSEDGEWIN10,"Image: C:\Windows\System32\consent.exe
RuleName: ''
Description: Consent UI for administrative applications
TerminalSessionId: 1
ParentCommandLine: C:\Windows\system32\svchost.exe -k netsvcs -p -s Appinfo
Product: Microsoft® Windows® Operating System
Company: Microsoft Corporation
ParentProcessId: 4516
LogonGuid: 747F3D96-D4A4-5D31-0000-0020E7030000
Hashes: SHA1=9329B2362078DE27242DD4534F588AF3264BF0BF,MD5=27992D7EBE51AEC655A088DE88BAD5C9,SHA256=8F112431143A22BAAAFB448EEFD63BF90E7691C890AC69A296574FD07BA03EC6,IMPHASH=522D83761201075834F05037F5307949
ParentProcessGuid: 747F3D96-D4B9-5D31-0000-0010F70B0700
ProcessId: 5828
CurrentDirectory: C:\Windows\system32\
ProcessGuid: 747F3D96-D6EB-5D31-0000-0010E0252500
CommandLine: consent.exe 4516 288 0000023C0CA21C70
FileVersion: 10.0.17763.1 (WinBuild.160101.0800)
User: NT AUTHORITY\SYSTEM
LogonId: '0x3e7'
IntegrityLevel: System
ParentImage: C:\Windows\System32\svchost.exe
UtcTime: 2019-07-19 14:42:51.257
"
2019-07-19T14:42:53.295578+00:00,Hacktool - EDR-Freeze Execution;UAC Bypass Using NTFS Reparse Point - Process,data/EVTX-ATTACK-SAMPLES/AutomatedTestingTools/PanacheSysmon_vs_AtomicRedTeam01.evtx,1,Microsoft-Windows-Sysmon,1,3573,MSEDGEWIN10,"Image: C:\Windows\System32\cmd.exe
RuleName: ''
Description: Windows Command Processor
TerminalSessionId: 1
ParentCommandLine: C:\Windows\Explorer.EXE
Product: Microsoft® Windows® Operating System
Company: Microsoft Corporation
ParentProcessId: 4416
LogonGuid: 747F3D96-D4B4-5D31-0000-002051090500
Hashes: SHA1=8C5437CD76A89EC983E3B364E219944DA3DAB464,MD5=975B45B669930B0CC773EAF2B414206F,SHA256=3656F37A1C6951EC4496FABB8EE957D3A6E3C276D5A3785476B482C9C0D32EA2,IMPHASH=272245E2988E1E430500B852C4FB5E18
ParentProcessGuid: 747F3D96-D4B8-5D31-0000-0010A8CE0600
ProcessId: 3764
CurrentDirectory: C:\Windows\system32\
ProcessGuid: 747F3D96-D6ED-5D31-0000-0010C88A2500
CommandLine: '""C:\Windows\system32\cmd.exe"" '
FileVersion: 10.0.17763.1 (WinBuild.160101.0800)
User: MSEDGEWIN10\IEUser
LogonId: '0x50951'
IntegrityLevel: High
ParentImage: C:\Windows\explorer.exe
UtcTime: 2019-07-19 14:42:53.277
"
2019-07-19T14:43:03.303217+00:00,Hacktool - EDR-Freeze Execution;Non Interactive PowerShell Process Spawned;UAC Bypass Using NTFS Reparse Point - Process,data/EVTX-ATTACK-SAMPLES/AutomatedTestingTools/PanacheSysmon_vs_AtomicRedTeam01.evtx,1,Microsoft-Windows-Sysmon,1,3574,MSEDGEWIN10,"Image: C:\Windows\System32\WindowsPowerShell\v1.0\powershell.exe
RuleName: ''
Description: Windows PowerShell
TerminalSessionId: 1
ParentCommandLine: '""C:\Windows\system32\cmd.exe"" '
Product: Microsoft® Windows® Operating System
Company: Microsoft Corporation
ParentProcessId: 3764
LogonGuid: 747F3D96-D4B4-5D31-0000-002051090500
Hashes: SHA1=6CBCE4A295C163791B60FC23D285E6D84F28EE4C,MD5=7353F60B1739074EB17C5F4DDDEFE239,SHA256=DE96A6E69944335375DC1AC238336066889D9FFC7D73628EF4FE1B1B160AB32C,IMPHASH=741776AACCFC5B71FF59832DCDCACE0F
ParentProcessGuid: 747F3D96-D6ED-5D31-0000-0010C88A2500
ProcessId: 3912
CurrentDirectory: c:\AtomicRedTeam\
ProcessGuid: 747F3D96-D6F7-5D31-0000-00104ACE2500
CommandLine: powershell
FileVersion: 10.0.17763.1 (WinBuild.160101.0800)
User: MSEDGEWIN10\IEUser
LogonId: '0x50951'
IntegrityLevel: High
ParentImage: C:\Windows\System32\cmd.exe
UtcTime: 2019-07-19 14:43:03.271
"
2019-07-19T14:43:46.623217+00:00,UAC Bypass Using Windows Media Player - File,data/EVTX-ATTACK-SAMPLES/AutomatedTestingTools/PanacheSysmon_vs_AtomicRedTeam01.evtx,1,Microsoft-Windows-Sysmon,11,3575,MSEDGEWIN10,"ProcessGuid: 747F3D96-D6F7-5D31-0000-00104ACE2500
CreationUtcTime: 2019-07-19 14:43:46.619
UtcTime: 2019-07-19 14:43:46.619
ProcessId: 3912
RuleName: ''
TargetFilename: C:\Users\IEUser\AppData\Local\Temp\phvj2yfb\phvj2yfb.dll
Image: C:\Windows\System32\WindowsPowerShell\v1.0\powershell.exe
"
2019-07-19T14:44:08.161838+00:00,Hacktool - EDR-Freeze Execution;UAC Bypass Using NTFS Reparse Point - Process,data/EVTX-ATTACK-SAMPLES/AutomatedTestingTools/PanacheSysmon_vs_AtomicRedTeam01.evtx,1,Microsoft-Windows-Sysmon,1,3576,MSEDGEWIN10,"Image: C:\Windows\System32\cmd.exe
RuleName: ''
Description: Windows Command Processor
TerminalSessionId: 1
ParentCommandLine: powershell
Product: Microsoft® Windows® Operating System
Company: Microsoft Corporation
ParentProcessId: 3912
LogonGuid: 747F3D96-D4B4-5D31-0000-002051090500
Hashes: SHA1=8C5437CD76A89EC983E3B364E219944DA3DAB464,MD5=975B45B669930B0CC773EAF2B414206F,SHA256=3656F37A1C6951EC4496FABB8EE957D3A6E3C276D5A3785476B482C9C0D32EA2,IMPHASH=272245E2988E1E430500B852C4FB5E18
ParentProcessGuid: 747F3D96-D6F7-5D31-0000-00104ACE2500
ProcessId: 4216
CurrentDirectory: C:\AtomicRedTeam\
ProcessGuid: 747F3D96-D738-5D31-0000-001046A02600
CommandLine: '""C:\Windows\system32\cmd.exe"" /c ""sc.exe create AtomicTestService binPath= C:\AtomicRedTeam\atomics\T1050\bin\AtomicService.exe""'
FileVersion: 10.0.17763.1 (WinBuild.160101.0800)
User: MSEDGEWIN10\IEUser
LogonId: '0x50951'
IntegrityLevel: High
ParentImage: C:\Windows\System32\WindowsPowerShell\v1.0\powershell.exe
UtcTime: 2019-07-19 14:44:08.146
"
2019-07-19T14:44:08.185344+00:00,Hacktool - EDR-Freeze Execution;New Service Creation Using Sc.EXE;UAC Bypass Using NTFS Reparse Point - Process,data/EVTX-ATTACK-SAMPLES/AutomatedTestingTools/PanacheSysmon_vs_AtomicRedTeam01.evtx,1,Microsoft-Windows-Sysmon,1,3577,MSEDGEWIN10,"Image: C:\Windows\System32\sc.exe
RuleName: Persistence or Exec - Services Management
Description: Service Control Manager Configuration Tool
TerminalSessionId: 1
ParentCommandLine: '""C:\Windows\system32\cmd.exe"" /c ""sc.exe create AtomicTestService binPath= C:\AtomicRedTeam\atomics\T1050\bin\AtomicService.exe""'
Product: Microsoft® Windows® Operating System
Company: Microsoft Corporation
ParentProcessId: 4216
LogonGuid: 747F3D96-D4B4-5D31-0000-002051090500
Hashes: SHA1=622FA2729408E5F467A592223219DA7C547E7CC7,MD5=ABB56882148DE65D53ABFC55544A49A8,SHA256=78097C7CD0E57902536C60B7FA17528C313DB20869E5F944223A0BA4C801D39B,IMPHASH=35A7FFDE18D444A92D32C8B2879450FF
ParentProcessGuid: 747F3D96-D738-5D31-0000-001046A02600
ProcessId: 1700
CurrentDirectory: C:\AtomicRedTeam\
ProcessGuid: 747F3D96-D738-5D31-0000-001098A22600
CommandLine: sc.exe  create AtomicTestService binPath= C:\AtomicRedTeam\atomics\T1050\bin\AtomicService.exe
FileVersion: 10.0.17763.1 (WinBuild.160101.0800)
User: MSEDGEWIN10\IEUser
LogonId: '0x50951'
IntegrityLevel: High
ParentImage: C:\Windows\System32\cmd.exe
UtcTime: 2019-07-19 14:44:08.181
"
2019-07-19T14:44:08.221461+00:00,Service Binary in Suspicious Folder,data/EVTX-ATTACK-SAMPLES/AutomatedTestingTools/PanacheSysmon_vs_AtomicRedTeam01.evtx,1,Microsoft-Windows-Sysmon,13,3578,MSEDGEWIN10,"Image: C:\Windows\system32\services.exe
TargetObject: HKLM\System\CurrentControlSet\Services\AtomicTestService\Start
RuleName: ''
EventType: SetValue
ProcessId: 572
ProcessGuid: 747F3D96-D4A4-5D31-0000-00100F520000
UtcTime: 2019-07-19 14:44:08.197
Details: DWORD (0x00000003)
"
2019-07-19T14:44:08.240767+00:00,Service Binary in Suspicious Folder,data/EVTX-ATTACK-SAMPLES/AutomatedTestingTools/PanacheSysmon_vs_AtomicRedTeam01.evtx,1,Microsoft-Windows-Sysmon,13,3579,MSEDGEWIN10,"Image: C:\Windows\system32\services.exe
TargetObject: HKLM\System\CurrentControlSet\Services\AtomicTestService\ImagePath
RuleName: ''
EventType: SetValue
ProcessId: 572
ProcessGuid: 747F3D96-D4A4-5D31-0000-00100F520000
UtcTime: 2019-07-19 14:44:08.197
Details: C:\AtomicRedTeam\atomics\T1050\bin\AtomicService.exe
"
2019-07-19T14:44:08.268803+00:00,Hacktool - EDR-Freeze Execution;UAC Bypass Using NTFS Reparse Point - Process,data/EVTX-ATTACK-SAMPLES/AutomatedTestingTools/PanacheSysmon_vs_AtomicRedTeam01.evtx,1,Microsoft-Windows-Sysmon,1,3580,MSEDGEWIN10,"Image: C:\Windows\System32\cmd.exe
RuleName: ''
Description: Windows Command Processor
TerminalSessionId: 1
ParentCommandLine: powershell
Product: Microsoft® Windows® Operating System
Company: Microsoft Corporation
ParentProcessId: 3912
LogonGuid: 747F3D96-D4B4-5D31-0000-002051090500
Hashes: SHA1=8C5437CD76A89EC983E3B364E219944DA3DAB464,MD5=975B45B669930B0CC773EAF2B414206F,SHA256=3656F37A1C6951EC4496FABB8EE957D3A6E3C276D5A3785476B482C9C0D32EA2,IMPHASH=272245E2988E1E430500B852C4FB5E18
ParentProcessGuid: 747F3D96-D6F7-5D31-0000-00104ACE2500
ProcessId: 2556
CurrentDirectory: C:\AtomicRedTeam\
ProcessGuid: 747F3D96-D738-5D31-0000-001056A62600
CommandLine: '""C:\Windows\system32\cmd.exe"" /c ""sc.exe start AtomicTestService""'
FileVersion: 10.0.17763.1 (WinBuild.160101.0800)
User: MSEDGEWIN10\IEUser
LogonId: '0x50951'
IntegrityLevel: High
ParentImage: C:\Windows\System32\WindowsPowerShell\v1.0\powershell.exe
UtcTime: 2019-07-19 14:44:08.227
"
2019-07-19T14:44:08.288861+00:00,Hacktool - EDR-Freeze Execution;UAC Bypass Using NTFS Reparse Point - Process,data/EVTX-ATTACK-SAMPLES/AutomatedTestingTools/PanacheSysmon_vs_AtomicRedTeam01.evtx,1,Microsoft-Windows-Sysmon,1,3581,MSEDGEWIN10,"Image: C:\Windows\System32\sc.exe
RuleName: Persistence or Exec - Services Management
Description: Service Control Manager Configuration Tool
TerminalSessionId: 1
ParentCommandLine: '""C:\Windows\system32\cmd.exe"" /c ""sc.exe start AtomicTestService""'
Product: Microsoft® Windows® Operating System
Company: Microsoft Corporation
ParentProcessId: 2556
LogonGuid: 747F3D96-D4B4-5D31-0000-002051090500
Hashes: SHA1=622FA2729408E5F467A592223219DA7C547E7CC7,MD5=ABB56882148DE65D53ABFC55544A49A8,SHA256=78097C7CD0E57902536C60B7FA17528C313DB20869E5F944223A0BA4C801D39B,IMPHASH=35A7FFDE18D444A92D32C8B2879450FF
ParentProcessGuid: 747F3D96-D738-5D31-0000-001056A62600
ProcessId: 4260
CurrentDirectory: C:\AtomicRedTeam\
ProcessGuid: 747F3D96-D738-5D31-0000-0010D8AA2600
CommandLine: sc.exe  start AtomicTestService
FileVersion: 10.0.17763.1 (WinBuild.160101.0800)
User: MSEDGEWIN10\IEUser
LogonId: '0x50951'
IntegrityLevel: High
ParentImage: C:\Windows\System32\cmd.exe
UtcTime: 2019-07-19 14:44:08.269
"
2019-07-19T14:44:08.307214+00:00,HackTool - CrackMapExec Process Patterns;Hacktool - EDR-Freeze Execution;UAC Bypass Using NTFS Reparse Point - Process,data/EVTX-ATTACK-SAMPLES/AutomatedTestingTools/PanacheSysmon_vs_AtomicRedTeam01.evtx,1,Microsoft-Windows-Sysmon,1,3582,MSEDGEWIN10,"Image: C:\AtomicRedTeam\atomics\T1050\bin\AtomicService.exe
RuleName: ''
Description: ' '
TerminalSessionId: 0
ParentCommandLine: C:\Windows\system32\services.exe
Product: '?'
Company: '?'
ParentProcessId: 572
LogonGuid: 747F3D96-D4A4-5D31-0000-0020E7030000
Hashes: SHA1=C51217CE3D1959E99886A567D21D0B97022BD6E3,MD5=411DA57CAB442A79351E2028D0D6F344,SHA256=9C125ECF7D9D6BBD56112A6BAB84799DED8A3B90D223366E09664A8FF2AB6651,IMPHASH=F34D5F2D4577ED6D9CEEC516C1F5A744
ParentProcessGuid: 747F3D96-D4A4-5D31-0000-00100F520000
ProcessId: 6188
CurrentDirectory: C:\Windows\system32\
ProcessGuid: 747F3D96-D738-5D31-0000-00105CAC2600
CommandLine: C:\AtomicRedTeam\atomics\T1050\bin\AtomicService.exe
FileVersion: 0.0.0.0
User: NT AUTHORITY\SYSTEM
LogonId: '0x3e7'
IntegrityLevel: System
ParentImage: C:\Windows\System32\services.exe
UtcTime: 2019-07-19 14:44:08.299
"
2019-07-19T14:44:09.150760+00:00,Hacktool - EDR-Freeze Execution;UAC Bypass Using NTFS Reparse Point - Process,data/EVTX-ATTACK-SAMPLES/AutomatedTestingTools/PanacheSysmon_vs_AtomicRedTeam01.evtx,1,Microsoft-Windows-Sysmon,1,3583,MSEDGEWIN10,"Image: C:\Windows\System32\cmd.exe
RuleName: ''
Description: Windows Command Processor
TerminalSessionId: 1
ParentCommandLine: powershell
Product: Microsoft® Windows® Operating System
Company: Microsoft Corporation
ParentProcessId: 3912
LogonGuid: 747F3D96-D4B4-5D31-0000-002051090500
Hashes: SHA1=8C5437CD76A89EC983E3B364E219944DA3DAB464,MD5=975B45B669930B0CC773EAF2B414206F,SHA256=3656F37A1C6951EC4496FABB8EE957D3A6E3C276D5A3785476B482C9C0D32EA2,IMPHASH=272245E2988E1E430500B852C4FB5E18
ParentProcessGuid: 747F3D96-D6F7-5D31-0000-00104ACE2500
ProcessId: 5000
CurrentDirectory: C:\AtomicRedTeam\
ProcessGuid: 747F3D96-D739-5D31-0000-00104CB72600
CommandLine: '""C:\Windows\system32\cmd.exe"" /c ""sc.exe stop AtomicTestService""'
FileVersion: 10.0.17763.1 (WinBuild.160101.0800)
User: MSEDGEWIN10\IEUser
LogonId: '0x50951'
IntegrityLevel: High
ParentImage: C:\Windows\System32\WindowsPowerShell\v1.0\powershell.exe
UtcTime: 2019-07-19 14:44:09.142
"
2019-07-19T14:44:09.176040+00:00,Hacktool - EDR-Freeze Execution;Stop Windows Service Via Sc.EXE;UAC Bypass Using NTFS Reparse Point - Process,data/EVTX-ATTACK-SAMPLES/AutomatedTestingTools/PanacheSysmon_vs_AtomicRedTeam01.evtx,1,Microsoft-Windows-Sysmon,1,3584,MSEDGEWIN10,"Image: C:\Windows\System32\sc.exe
RuleName: Persistence or Exec - Services Management
Description: Service Control Manager Configuration Tool
TerminalSessionId: 1
ParentCommandLine: '""C:\Windows\system32\cmd.exe"" /c ""sc.exe stop AtomicTestService""'
Product: Microsoft® Windows® Operating System
Company: Microsoft Corporation
ParentProcessId: 5000
LogonGuid: 747F3D96-D4B4-5D31-0000-002051090500
Hashes: SHA1=622FA2729408E5F467A592223219DA7C547E7CC7,MD5=ABB56882148DE65D53ABFC55544A49A8,SHA256=78097C7CD0E57902536C60B7FA17528C313DB20869E5F944223A0BA4C801D39B,IMPHASH=35A7FFDE18D444A92D32C8B2879450FF
ParentProcessGuid: 747F3D96-D739-5D31-0000-00104CB72600
ProcessId: 980
CurrentDirectory: C:\AtomicRedTeam\
ProcessGuid: 747F3D96-D739-5D31-0000-0010B6B92600
CommandLine: sc.exe  stop AtomicTestService
FileVersion: 10.0.17763.1 (WinBuild.160101.0800)
User: MSEDGEWIN10\IEUser
LogonId: '0x50951'
IntegrityLevel: High
ParentImage: C:\Windows\System32\cmd.exe
UtcTime: 2019-07-19 14:44:09.172
"
2019-07-19T14:44:09.253714+00:00,Hacktool - EDR-Freeze Execution;UAC Bypass Using NTFS Reparse Point - Process,data/EVTX-ATTACK-SAMPLES/AutomatedTestingTools/PanacheSysmon_vs_AtomicRedTeam01.evtx,1,Microsoft-Windows-Sysmon,1,3585,MSEDGEWIN10,"Image: C:\Windows\System32\cmd.exe
RuleName: ''
Description: Windows Command Processor
TerminalSessionId: 1
ParentCommandLine: powershell
Product: Microsoft® Windows® Operating System
Company: Microsoft Corporation
ParentProcessId: 3912
LogonGuid: 747F3D96-D4B4-5D31-0000-002051090500
Hashes: SHA1=8C5437CD76A89EC983E3B364E219944DA3DAB464,MD5=975B45B669930B0CC773EAF2B414206F,SHA256=3656F37A1C6951EC4496FABB8EE957D3A6E3C276D5A3785476B482C9C0D32EA2,IMPHASH=272245E2988E1E430500B852C4FB5E18
ParentProcessGuid: 747F3D96-D6F7-5D31-0000-00104ACE2500
ProcessId: 4744
CurrentDirectory: C:\AtomicRedTeam\
ProcessGuid: 747F3D96-D739-5D31-0000-0010E4BB2600
CommandLine: '""C:\Windows\system32\cmd.exe"" /c ""sc.exe delete AtomicTestService""'
FileVersion: 10.0.17763.1 (WinBuild.160101.0800)
User: MSEDGEWIN10\IEUser
LogonId: '0x50951'
IntegrityLevel: High
ParentImage: C:\Windows\System32\WindowsPowerShell\v1.0\powershell.exe
UtcTime: 2019-07-19 14:44:09.225
"
2019-07-19T14:44:09.278042+00:00,Hacktool - EDR-Freeze Execution;UAC Bypass Using NTFS Reparse Point - Process,data/EVTX-ATTACK-SAMPLES/AutomatedTestingTools/PanacheSysmon_vs_AtomicRedTeam01.evtx,1,Microsoft-Windows-Sysmon,1,3586,MSEDGEWIN10,"Image: C:\Windows\System32\sc.exe
RuleName: Persistence or Exec - Services Management
Description: Service Control Manager Configuration Tool
TerminalSessionId: 1
ParentCommandLine: '""C:\Windows\system32\cmd.exe"" /c ""sc.exe delete AtomicTestService""'
Product: Microsoft® Windows® Operating System
Company: Microsoft Corporation
ParentProcessId: 4744
LogonGuid: 747F3D96-D4B4-5D31-0000-002051090500
Hashes: SHA1=622FA2729408E5F467A592223219DA7C547E7CC7,MD5=ABB56882148DE65D53ABFC55544A49A8,SHA256=78097C7CD0E57902536C60B7FA17528C313DB20869E5F944223A0BA4C801D39B,IMPHASH=35A7FFDE18D444A92D32C8B2879450FF
ParentProcessGuid: 747F3D96-D739-5D31-0000-0010E4BB2600
ProcessId: 2884
CurrentDirectory: C:\AtomicRedTeam\
ProcessGuid: 747F3D96-D739-5D31-0000-001046BE2600
CommandLine: sc.exe  delete AtomicTestService
FileVersion: 10.0.17763.1 (WinBuild.160101.0800)
User: MSEDGEWIN10\IEUser
LogonId: '0x50951'
IntegrityLevel: High
ParentImage: C:\Windows\System32\cmd.exe
UtcTime: 2019-07-19 14:44:09.273
"
2019-07-19T14:44:09.310810+00:00,Service Binary in Suspicious Folder,data/EVTX-ATTACK-SAMPLES/AutomatedTestingTools/PanacheSysmon_vs_AtomicRedTeam01.evtx,1,Microsoft-Windows-Sysmon,13,3587,MSEDGEWIN10,"Image: C:\Windows\system32\services.exe
TargetObject: HKLM\System\CurrentControlSet\Services\AtomicTestService\Start
RuleName: ''
EventType: SetValue
ProcessId: 572
ProcessGuid: 747F3D96-D4A4-5D31-0000-00100F520000
UtcTime: 2019-07-19 14:44:09.291
Details: DWORD (0x00000004)
"
2019-07-19T14:44:09.351888+00:00,Hacktool - EDR-Freeze Execution;UAC Bypass Using NTFS Reparse Point - Process,data/EVTX-ATTACK-SAMPLES/AutomatedTestingTools/PanacheSysmon_vs_AtomicRedTeam01.evtx,1,Microsoft-Windows-Sysmon,1,3588,MSEDGEWIN10,"Image: C:\Windows\System32\cmd.exe
RuleName: ''
Description: Windows Command Processor
TerminalSessionId: 1
ParentCommandLine: powershell
Product: Microsoft® Windows® Operating System
Company: Microsoft Corporation
ParentProcessId: 3912
LogonGuid: 747F3D96-D4B4-5D31-0000-002051090500
Hashes: SHA1=8C5437CD76A89EC983E3B364E219944DA3DAB464,MD5=975B45B669930B0CC773EAF2B414206F,SHA256=3656F37A1C6951EC4496FABB8EE957D3A6E3C276D5A3785476B482C9C0D32EA2,IMPHASH=272245E2988E1E430500B852C4FB5E18
ParentProcessGuid: 747F3D96-D6F7-5D31-0000-00104ACE2500
ProcessId: 6896
CurrentDirectory: C:\AtomicRedTeam\
ProcessGuid: 747F3D96-D739-5D31-0000-0010B2C22600
CommandLine: '""C:\Windows\system32\cmd.exe"" /c '
FileVersion: 10.0.17763.1 (WinBuild.160101.0800)
User: MSEDGEWIN10\IEUser
LogonId: '0x50951'
IntegrityLevel: High
ParentImage: C:\Windows\System32\WindowsPowerShell\v1.0\powershell.exe
UtcTime: 2019-07-19 14:44:09.337
"
2019-07-19T14:44:26.222431+00:00,Service Binary in Suspicious Folder,data/EVTX-ATTACK-SAMPLES/AutomatedTestingTools/PanacheSysmon_vs_AtomicRedTeam01.evtx,1,Microsoft-Windows-Sysmon,13,3589,MSEDGEWIN10,"Image: C:\Windows\system32\services.exe
TargetObject: HKLM\System\CurrentControlSet\Services\AtomicTestService\Start
RuleName: ''
EventType: SetValue
ProcessId: 572
ProcessGuid: 747F3D96-D4A4-5D31-0000-00100F520000
UtcTime: 2019-07-19 14:44:26.166
Details: DWORD (0x00000002)
"
2019-07-19T14:44:26.246190+00:00,Service Binary in Suspicious Folder,data/EVTX-ATTACK-SAMPLES/AutomatedTestingTools/PanacheSysmon_vs_AtomicRedTeam01.evtx,1,Microsoft-Windows-Sysmon,13,3590,MSEDGEWIN10,"Image: C:\Windows\system32\services.exe
TargetObject: HKLM\System\CurrentControlSet\Services\AtomicTestService\ImagePath
RuleName: ''
EventType: SetValue
ProcessId: 572
ProcessGuid: 747F3D96-D4A4-5D31-0000-00100F520000
UtcTime: 2019-07-19 14:44:26.166
Details: C:\AtomicRedTeam\atomics\T1050\bin\AtomicService.exe
"
2019-07-19T14:44:32.101994+00:00,HackTool - CrackMapExec Process Patterns;Hacktool - EDR-Freeze Execution;UAC Bypass Using NTFS Reparse Point - Process,data/EVTX-ATTACK-SAMPLES/AutomatedTestingTools/PanacheSysmon_vs_AtomicRedTeam01.evtx,1,Microsoft-Windows-Sysmon,1,3591,MSEDGEWIN10,"Image: C:\AtomicRedTeam\atomics\T1050\bin\AtomicService.exe
RuleName: ''
Description: ' '
TerminalSessionId: 0
ParentCommandLine: C:\Windows\system32\services.exe
Product: '?'
Company: '?'
ParentProcessId: 572
LogonGuid: 747F3D96-D4A4-5D31-0000-0020E7030000
Hashes: SHA1=C51217CE3D1959E99886A567D21D0B97022BD6E3,MD5=411DA57CAB442A79351E2028D0D6F344,SHA256=9C125ECF7D9D6BBD56112A6BAB84799DED8A3B90D223366E09664A8FF2AB6651,IMPHASH=F34D5F2D4577ED6D9CEEC516C1F5A744
ParentProcessGuid: 747F3D96-D4A4-5D31-0000-00100F520000
ProcessId: 5348
CurrentDirectory: C:\Windows\system32\
ProcessGuid: 747F3D96-D750-5D31-0000-0010B9F82600
CommandLine: C:\AtomicRedTeam\atomics\T1050\bin\AtomicService.exe
FileVersion: 0.0.0.0
User: NT AUTHORITY\SYSTEM
LogonId: '0x3e7'
IntegrityLevel: System
ParentImage: C:\Windows\System32\services.exe
UtcTime: 2019-07-19 14:44:32.049
"
2019-07-19T14:44:49.679320+00:00,Service Binary in Suspicious Folder,data/EVTX-ATTACK-SAMPLES/AutomatedTestingTools/PanacheSysmon_vs_AtomicRedTeam01.evtx,1,Microsoft-Windows-Sysmon,13,3592,MSEDGEWIN10,"Image: C:\Windows\system32\services.exe
TargetObject: HKLM\System\CurrentControlSet\Services\AtomicTestService\Start
RuleName: ''
EventType: SetValue
ProcessId: 572
ProcessGuid: 747F3D96-D4A4-5D31-0000-00100F520000
UtcTime: 2019-07-19 14:44:47.416
Details: DWORD (0x00000004)
"
2019-07-19T14:44:53.219598+00:00,Hacktool - EDR-Freeze Execution;UAC Bypass Using NTFS Reparse Point - Process,data/EVTX-ATTACK-SAMPLES/AutomatedTestingTools/PanacheSysmon_vs_AtomicRedTeam01.evtx,1,Microsoft-Windows-Sysmon,1,3593,MSEDGEWIN10,"Image: C:\Windows\System32\cmd.exe
RuleName: ''
Description: Windows Command Processor
TerminalSessionId: 1
ParentCommandLine: powershell
Product: Microsoft® Windows® Operating System
Company: Microsoft Corporation
ParentProcessId: 3912
LogonGuid: 747F3D96-D4B4-5D31-0000-002051090500
Hashes: SHA1=8C5437CD76A89EC983E3B364E219944DA3DAB464,MD5=975B45B669930B0CC773EAF2B414206F,SHA256=3656F37A1C6951EC4496FABB8EE957D3A6E3C276D5A3785476B482C9C0D32EA2,IMPHASH=272245E2988E1E430500B852C4FB5E18
ParentProcessGuid: 747F3D96-D6F7-5D31-0000-00104ACE2500
ProcessId: 6584
CurrentDirectory: C:\AtomicRedTeam\
ProcessGuid: 747F3D96-D765-5D31-0000-001027B72800
CommandLine: '""C:\Windows\system32\cmd.exe"" /c ""REG ADD "" ""HKCU\SOFTWARE\Microsoft\Windows\CurrentVersion\Run /V Atomic"" Red ""Team /t REG_SZ /F /D C:\Path\AtomicRedTeam.exe""'
FileVersion: 10.0.17763.1 (WinBuild.160101.0800)
User: MSEDGEWIN10\IEUser
LogonId: '0x50951'
IntegrityLevel: High
ParentImage: C:\Windows\System32\WindowsPowerShell\v1.0\powershell.exe
UtcTime: 2019-07-19 14:44:53.201
"
2019-07-19T14:44:53.258049+00:00,Direct Autorun Keys Modification;Hacktool - EDR-Freeze Execution;Potential Persistence Attempt Via Run Keys Using Reg.EXE;UAC Bypass Using NTFS Reparse Point - Process,data/EVTX-ATTACK-SAMPLES/AutomatedTestingTools/PanacheSysmon_vs_AtomicRedTeam01.evtx,1,Microsoft-Windows-Sysmon,1,3594,MSEDGEWIN10,"Image: C:\Windows\System32\reg.exe
RuleName: ''
Description: Registry Console Tool
TerminalSessionId: 1
ParentCommandLine: '""C:\Windows\system32\cmd.exe"" /c ""REG ADD "" ""HKCU\SOFTWARE\Microsoft\Windows\CurrentVersion\Run /V Atomic"" Red ""Team /t REG_SZ /F /D C:\Path\AtomicRedTeam.exe""'
Product: Microsoft® Windows® Operating System
Company: Microsoft Corporation
ParentProcessId: 6584
LogonGuid: 747F3D96-D4B4-5D31-0000-002051090500
Hashes: SHA1=429DF8371B437209D79DC97978C33157D1A71C4B,MD5=8A93ACAC33151793F8D52000071C0B06,SHA256=19316D4266D0B776D9B2A05D5903D8CBC8F0EA1520E9C2A7E6D5960B6FA4DCAF,IMPHASH=BE482BE427FE212CFEF2CDA0E61F19AC
ParentProcessGuid: 747F3D96-D765-5D31-0000-001027B72800
ProcessId: 2068
CurrentDirectory: C:\AtomicRedTeam\
ProcessGuid: 747F3D96-D765-5D31-0000-001086B92800
CommandLine: REG  ADD "" ""HKCU\SOFTWARE\Microsoft\Windows\CurrentVersion\Run /V Atomic"" Red ""Team /t REG_SZ /F /D C:\Path\AtomicRedTeam.exe
FileVersion: 10.0.17763.1 (WinBuild.160101.0800)
User: MSEDGEWIN10\IEUser
LogonId: '0x50951'
IntegrityLevel: High
ParentImage: C:\Windows\System32\cmd.exe
UtcTime: 2019-07-19 14:44:53.244
"
