2019-03-19T20:49:27.988019+00:00,Hacktool - EDR-Freeze Execution;UAC Bypass Using NTFS Reparse Point - Process,data/EVTX-ATTACK-SAMPLES/Persistence/persistence_sysmon_11_13_1_shime_appfix.evtx,1,Microsoft-Windows-Sysmon,1,1966401,PC01.example.corp,"Image: C:\Windows\System32\Utilman.exe
RuleName: ''
Description: Utility Manager
TerminalSessionId: 1
ParentCommandLine: winlogon.exe
Product: Microsoft® Windows® Operating System
Company: Microsoft Corporation
ParentProcessId: 516
LogonGuid: 365ABB72-5417-5C91-0000-002035340300
Hashes: MD5=7B9602D3475967F149C1A2C3E2B75A79,IMPHASH=DCF0CD9257282658699A95E5364092B8
ParentProcessGuid: 365ABB72-528D-5C91-0000-00100C580000
ProcessId: 3908
CurrentDirectory: C:\Windows\system32\
ProcessGuid: 365ABB72-55D7-5C91-0000-0010DDC30700
CommandLine: utilman.exe /debug
FileVersion: 6.1.7600.16385 (win7_rtm.090713-1255)
User: EXAMPLE\user01
LogonId: '0x33435'
IntegrityLevel: High
ParentImage: C:\Windows\System32\winlogon.exe
UtcTime: 2019-03-19 20:49:27.927
"
2019-03-19T20:49:28.158264+00:00,Hacktool - EDR-Freeze Execution;Potential Shim Database Persistence via Sdbinst.EXE;UAC Bypass Using NTFS Reparse Point - Process,data/EVTX-ATTACK-SAMPLES/Persistence/persistence_sysmon_11_13_1_shime_appfix.evtx,1,Microsoft-Windows-Sysmon,1,1966403,PC01.example.corp,"Image: C:\Windows\System32\sdbinst.exe
RuleName: ''
Description: Application Compatibility Database Installer
TerminalSessionId: 1
ParentCommandLine: '""C:\Program Files\Microsoft Application Compatibility Toolkit\Compatibility Administrator (32-bit)\Compatadmin.exe"" '
Product: Microsoft® Windows® Operating System
Company: Microsoft Corporation
ParentProcessId: 2704
LogonGuid: 365ABB72-5417-5C91-0000-002035340300
Hashes: MD5=2996B3E7BBA42BEA62D386D9386EDE97,IMPHASH=87CBEAE39ADA9E96C7F27B94962CD83F
ParentProcessGuid: 365ABB72-551C-5C91-0000-001030590500
ProcessId: 3648
CurrentDirectory: C:\Windows\System32\
ProcessGuid: 365ABB72-55D8-5C91-0000-001060C90700
CommandLine: '""C:\Windows\system32\sdbinst.exe"" -q -u ""C:\Windows\AppPatch\Test.SDB  ""  '
FileVersion: 6.0.7600.16385 (win7_rtm.090713-1255)
User: EXAMPLE\user01
LogonId: '0x33435'
IntegrityLevel: High
ParentImage: C:\Program Files\Microsoft Application Compatibility Toolkit\Compatibility Administrator (32-bit)\Compatadmin.exe
UtcTime: 2019-03-19 20:49:28.058
"
2019-03-19T20:49:28.158264+00:00,Hacktool - EDR-Freeze Execution;UAC Bypass Using NTFS Reparse Point - Process,data/EVTX-ATTACK-SAMPLES/Persistence/persistence_sysmon_11_13_1_shime_appfix.evtx,1,Microsoft-Windows-Sysmon,1,1966402,PC01.example.corp,"Image: C:\Windows\System32\osk.exe
RuleName: ''
Description: Accessibility On-Screen Keyboard
TerminalSessionId: 1
ParentCommandLine: utilman.exe /debug
Product: Microsoft® Windows® Operating System
Company: Microsoft Corporation
ParentProcessId: 3908
LogonGuid: 365ABB72-5417-5C91-0000-002035340300
Hashes: MD5=C6A991D7DF17EBD8DE4739CD1F283133,IMPHASH=F9815E29854683EF4F5A668C9D2A24F9
ParentProcessGuid: 365ABB72-55D7-5C91-0000-0010DDC30700
ProcessId: 3740
CurrentDirectory: C:\Windows\system32\
ProcessGuid: 365ABB72-55D8-5C91-0000-00108AC80700
CommandLine: '""C:\Windows\System32\osk.exe"" '
FileVersion: 6.1.7600.16385 (win7_rtm.090713-1255)
User: EXAMPLE\user01
LogonId: '0x33435'
IntegrityLevel: High
ParentImage: C:\Windows\System32\Utilman.exe
UtcTime: 2019-03-19 20:49:28.018
"
2019-03-19T20:49:31.212656+00:00,Hacktool - EDR-Freeze Execution;UAC Bypass Using NTFS Reparse Point - Process,data/EVTX-ATTACK-SAMPLES/Persistence/persistence_sysmon_11_13_1_shime_appfix.evtx,1,Microsoft-Windows-Sysmon,1,1966407,PC01.example.corp,"Image: C:\Windows\System32\Utilman.exe
RuleName: ''
Description: Utility Manager
TerminalSessionId: 1
ParentCommandLine: winlogon.exe
Product: Microsoft® Windows® Operating System
Company: Microsoft Corporation
ParentProcessId: 516
LogonGuid: 365ABB72-5417-5C91-0000-002035340300
Hashes: MD5=7B9602D3475967F149C1A2C3E2B75A79,IMPHASH=DCF0CD9257282658699A95E5364092B8
ParentProcessGuid: 365ABB72-528D-5C91-0000-00100C580000
ProcessId: 4024
CurrentDirectory: C:\Windows\system32\
ProcessGuid: 365ABB72-55DB-5C91-0000-001094D60700
CommandLine: utilman.exe /debug
FileVersion: 6.1.7600.16385 (win7_rtm.090713-1255)
User: EXAMPLE\user01
LogonId: '0x33435'
IntegrityLevel: High
ParentImage: C:\Windows\System32\winlogon.exe
UtcTime: 2019-03-19 20:49:31.152
"
2019-03-19T20:49:44.792182+00:00,Hacktool - EDR-Freeze Execution;Potential Shim Database Persistence via Sdbinst.EXE;UAC Bypass Using NTFS Reparse Point - Process,data/EVTX-ATTACK-SAMPLES/Persistence/persistence_sysmon_11_13_1_shime_appfix.evtx,1,Microsoft-Windows-Sysmon,1,1966408,PC01.example.corp,"Image: C:\Windows\System32\sdbinst.exe
RuleName: ''
Description: Application Compatibility Database Installer
TerminalSessionId: 1
ParentCommandLine: '""C:\Program Files\Microsoft Application Compatibility Toolkit\Compatibility Administrator (32-bit)\Compatadmin.exe"" '
Product: Microsoft® Windows® Operating System
Company: Microsoft Corporation
ParentProcessId: 2704
LogonGuid: 365ABB72-5417-5C91-0000-002035340300
Hashes: MD5=2996B3E7BBA42BEA62D386D9386EDE97,IMPHASH=87CBEAE39ADA9E96C7F27B94962CD83F
ParentProcessGuid: 365ABB72-551C-5C91-0000-001030590500
ProcessId: 4052
CurrentDirectory: C:\Windows\System32\
ProcessGuid: 365ABB72-55E8-5C91-0000-001037DF0700
CommandLine: '""C:\Windows\system32\sdbinst.exe"" -q ""C:\Windows\AppPatch\Test.SDB  ""  '
FileVersion: 6.0.7600.16385 (win7_rtm.090713-1255)
User: EXAMPLE\user01
LogonId: '0x33435'
IntegrityLevel: High
ParentImage: C:\Program Files\Microsoft Application Compatibility Toolkit\Compatibility Administrator (32-bit)\Compatadmin.exe
UtcTime: 2019-03-19 20:49:44.712
"
2019-03-19T20:49:44.802196+00:00,New Custom Shim Database Created,data/EVTX-ATTACK-SAMPLES/Persistence/persistence_sysmon_11_13_1_shime_appfix.evtx,1,Microsoft-Windows-Sysmon,11,1966412,PC01.example.corp,"ProcessGuid: 365ABB72-55E8-5C91-0000-001037DF0700
CreationUtcTime: 2019-03-19 20:49:44.772
UtcTime: 2019-03-19 20:49:44.772
ProcessId: 4052
RuleName: ''
TargetFilename: C:\Windows\AppPatch\Custom\{bebe1bf6-4a2e-46ad-9266-3fbf73d269a4}.sdb
Image: C:\Windows\system32\sdbinst.exe
"
2019-03-19T20:49:44.802196+00:00,Potential Persistence Via Shim Database Modification,data/EVTX-ATTACK-SAMPLES/Persistence/persistence_sysmon_11_13_1_shime_appfix.evtx,1,Microsoft-Windows-Sysmon,13,1966411,PC01.example.corp,"Image: C:\Windows\system32\sdbinst.exe
TargetObject: HKLM\SOFTWARE\Microsoft\Windows NT\CurrentVersion\AppCompatFlags\Custom\osk.exe\{bebe1bf6-4a2e-46ad-9266-3fbf73d269a4}.sdb
RuleName: ''
EventType: SetValue
ProcessId: 4052
ProcessGuid: 365ABB72-55E8-5C91-0000-001037DF0700
UtcTime: 2019-03-19 20:49:44.772
Details: QWORD (0x01d4de95-0x48753640)
"
2019-03-19T20:49:44.822225+00:00,Potential Persistence Via Shim Database Modification,data/EVTX-ATTACK-SAMPLES/Persistence/persistence_sysmon_11_13_1_shime_appfix.evtx,1,Microsoft-Windows-Sysmon,13,1966415,PC01.example.corp,"Image: C:\Windows\system32\sdbinst.exe
TargetObject: HKLM\SOFTWARE\Microsoft\Windows NT\CurrentVersion\AppCompatFlags\InstalledSDB\{bebe1bf6-4a2e-46ad-9266-3fbf73d269a4}\DatabasePath
RuleName: ''
EventType: SetValue
ProcessId: 4052
ProcessGuid: 365ABB72-55E8-5C91-0000-001037DF0700
UtcTime: 2019-03-19 20:49:44.782
Details: C:\Windows\AppPatch\Custom\{bebe1bf6-4a2e-46ad-9266-3fbf73d269a4}.sdb
"
2019-03-19T20:49:44.822225+00:00,Potential Persistence Via Shim Database Modification,data/EVTX-ATTACK-SAMPLES/Persistence/persistence_sysmon_11_13_1_shime_appfix.evtx,1,Microsoft-Windows-Sysmon,13,1966417,PC01.example.corp,"Image: C:\Windows\system32\sdbinst.exe
TargetObject: HKLM\SOFTWARE\Microsoft\Windows NT\CurrentVersion\AppCompatFlags\InstalledSDB\{bebe1bf6-4a2e-46ad-9266-3fbf73d269a4}\DatabaseDescription
RuleName: ''
EventType: SetValue
ProcessId: 4052
ProcessGuid: 365ABB72-55E8-5C91-0000-001037DF0700
UtcTime: 2019-03-19 20:49:44.782
Details: New Database(1)
"
2019-03-19T20:49:44.822225+00:00,Potential Persistence Via Shim Database Modification,data/EVTX-ATTACK-SAMPLES/Persistence/persistence_sysmon_11_13_1_shime_appfix.evtx,1,Microsoft-Windows-Sysmon,13,1966416,PC01.example.corp,"Image: C:\Windows\system32\sdbinst.exe
TargetObject: HKLM\SOFTWARE\Microsoft\Windows NT\CurrentVersion\AppCompatFlags\InstalledSDB\{bebe1bf6-4a2e-46ad-9266-3fbf73d269a4}\DatabaseType
RuleName: ''
EventType: SetValue
ProcessId: 4052
ProcessGuid: 365ABB72-55E8-5C91-0000-001037DF0700
UtcTime: 2019-03-19 20:49:44.782
Details: DWORD (0x00010000)
"
2019-03-19T20:49:44.832240+00:00,Potential Persistence Via Shim Database Modification,data/EVTX-ATTACK-SAMPLES/Persistence/persistence_sysmon_11_13_1_shime_appfix.evtx,1,Microsoft-Windows-Sysmon,13,1966418,PC01.example.corp,"Image: C:\Windows\system32\sdbinst.exe
TargetObject: HKLM\SOFTWARE\Microsoft\Windows NT\CurrentVersion\AppCompatFlags\InstalledSDB\{bebe1bf6-4a2e-46ad-9266-3fbf73d269a4}\DatabaseInstallTimeStamp
RuleName: ''
EventType: SetValue
ProcessId: 4052
ProcessGuid: 365ABB72-55E8-5C91-0000-001037DF0700
UtcTime: 2019-03-19 20:49:44.782
Details: QWORD (0x01d4de95-0x48753640)
"
2019-03-19T20:49:44.972441+00:00,Hacktool - EDR-Freeze Execution;UAC Bypass Using NTFS Reparse Point - Process,data/EVTX-ATTACK-SAMPLES/Persistence/persistence_sysmon_11_13_1_shime_appfix.evtx,1,Microsoft-Windows-Sysmon,1,1966419,PC01.example.corp,"Image: C:\Windows\System32\osk.exe
RuleName: ''
Description: Accessibility On-Screen Keyboard
TerminalSessionId: 1
ParentCommandLine: '""C:\Program Files\Microsoft Application Compatibility Toolkit\Compatibility Administrator (32-bit)\Compatadmin.exe"" '
Product: Microsoft® Windows® Operating System
Company: Microsoft Corporation
ParentProcessId: 2704
LogonGuid: 365ABB72-5417-5C91-0000-002035340300
Hashes: MD5=C6A991D7DF17EBD8DE4739CD1F283133,IMPHASH=F9815E29854683EF4F5A668C9D2A24F9
ParentProcessGuid: 365ABB72-551C-5C91-0000-001030590500
ProcessId: 2668
CurrentDirectory: C:\Windows\System32\
ProcessGuid: 365ABB72-55E8-5C91-0000-0010A9E20700
CommandLine: '""C:\Windows\System32\osk.exe"" '
FileVersion: 6.1.7600.16385 (win7_rtm.090713-1255)
User: EXAMPLE\user01
LogonId: '0x33435'
IntegrityLevel: High
ParentImage: C:\Program Files\Microsoft Application Compatibility Toolkit\Compatibility Administrator (32-bit)\Compatadmin.exe
UtcTime: 2019-03-19 20:49:44.852
"
2019-03-19T20:49:44.982456+00:00,Hacktool - EDR-Freeze Execution;UAC Bypass Using NTFS Reparse Point - Process,data/EVTX-ATTACK-SAMPLES/Persistence/persistence_sysmon_11_13_1_shime_appfix.evtx,1,Microsoft-Windows-Sysmon,1,1966421,PC01.example.corp,"Image: C:\Windows\System32\Utilman.exe
RuleName: ''
Description: Utility Manager
TerminalSessionId: 1
ParentCommandLine: winlogon.exe
Product: Microsoft® Windows® Operating System
Company: Microsoft Corporation
ParentProcessId: 516
LogonGuid: 365ABB72-5417-5C91-0000-002035340300
Hashes: MD5=7B9602D3475967F149C1A2C3E2B75A79,IMPHASH=DCF0CD9257282658699A95E5364092B8
ParentProcessGuid: 365ABB72-528D-5C91-0000-00100C580000
ProcessId: 2108
CurrentDirectory: C:\Windows\system32\
ProcessGuid: 365ABB72-55E8-5C91-0000-0010AEE50700
CommandLine: utilman.exe /debug
FileVersion: 6.1.7600.16385 (win7_rtm.090713-1255)
User: EXAMPLE\user01
LogonId: '0x33435'
IntegrityLevel: High
ParentImage: C:\Windows\System32\winlogon.exe
UtcTime: 2019-03-19 20:49:44.932
"
2019-03-19T20:49:45.152700+00:00,Hacktool - EDR-Freeze Execution;UAC Bypass Using NTFS Reparse Point - Process,data/EVTX-ATTACK-SAMPLES/Persistence/persistence_sysmon_11_13_1_shime_appfix.evtx,1,Microsoft-Windows-Sysmon,1,1966422,PC01.example.corp,"Image: C:\Windows\System32\osk.exe
RuleName: ''
Description: Accessibility On-Screen Keyboard
TerminalSessionId: 1
ParentCommandLine: utilman.exe /debug
Product: Microsoft® Windows® Operating System
Company: Microsoft Corporation
ParentProcessId: 2108
LogonGuid: 365ABB72-5417-5C91-0000-002035340300
Hashes: MD5=C6A991D7DF17EBD8DE4739CD1F283133,IMPHASH=F9815E29854683EF4F5A668C9D2A24F9
ParentProcessGuid: 365ABB72-55E8-5C91-0000-0010AEE50700
ProcessId: 3956
CurrentDirectory: C:\Windows\system32\
ProcessGuid: 365ABB72-55E9-5C91-0000-00105BEA0700
CommandLine: '""C:\Windows\System32\osk.exe"" '
FileVersion: 6.1.7600.16385 (win7_rtm.090713-1255)
User: EXAMPLE\user01
LogonId: '0x33435'
IntegrityLevel: High
ParentImage: C:\Windows\System32\Utilman.exe
UtcTime: 2019-03-19 20:49:45.012
"
2019-03-19T20:49:45.162715+00:00,Hacktool - EDR-Freeze Execution;Potential Shim Database Persistence via Sdbinst.EXE;UAC Bypass Using NTFS Reparse Point - Process,data/EVTX-ATTACK-SAMPLES/Persistence/persistence_sysmon_11_13_1_shime_appfix.evtx,1,Microsoft-Windows-Sysmon,1,1966423,PC01.example.corp,"Image: C:\Windows\System32\sdbinst.exe
RuleName: ''
Description: Application Compatibility Database Installer
TerminalSessionId: 1
ParentCommandLine: '""C:\Program Files\Microsoft Application Compatibility Toolkit\Compatibility Administrator (32-bit)\Compatadmin.exe"" '
Product: Microsoft® Windows® Operating System
Company: Microsoft Corporation
ParentProcessId: 2704
LogonGuid: 365ABB72-5417-5C91-0000-002035340300
Hashes: MD5=2996B3E7BBA42BEA62D386D9386EDE97,IMPHASH=87CBEAE39ADA9E96C7F27B94962CD83F
ParentProcessGuid: 365ABB72-551C-5C91-0000-001030590500
ProcessId: 2104
CurrentDirectory: C:\Windows\System32\
ProcessGuid: 365ABB72-55E9-5C91-0000-00102EEB0700
CommandLine: '""C:\Windows\system32\sdbinst.exe"" -q -u ""C:\Windows\AppPatch\Test.SDB  ""  '
FileVersion: 6.0.7600.16385 (win7_rtm.090713-1255)
User: EXAMPLE\user01
LogonId: '0x33435'
IntegrityLevel: High
ParentImage: C:\Program Files\Microsoft Application Compatibility Toolkit\Compatibility Administrator (32-bit)\Compatadmin.exe
UtcTime: 2019-03-19 20:49:45.052
"
2019-03-19T20:49:47.245710+00:00,Hacktool - EDR-Freeze Execution;UAC Bypass Using NTFS Reparse Point - Process,data/EVTX-ATTACK-SAMPLES/Persistence/persistence_sysmon_11_13_1_shime_appfix.evtx,1,Microsoft-Windows-Sysmon,1,1966427,PC01.example.corp,"Image: C:\Windows\System32\Utilman.exe
RuleName: ''
Description: Utility Manager
TerminalSessionId: 1
ParentCommandLine: winlogon.exe
Product: Microsoft® Windows® Operating System
Company: Microsoft Corporation
ParentProcessId: 516
LogonGuid: 365ABB72-5417-5C91-0000-002035340300
Hashes: MD5=7B9602D3475967F149C1A2C3E2B75A79,IMPHASH=DCF0CD9257282658699A95E5364092B8
ParentProcessGuid: 365ABB72-528D-5C91-0000-00100C580000
ProcessId: 2568
CurrentDirectory: C:\Windows\system32\
ProcessGuid: 365ABB72-55EB-5C91-0000-001076F60700
CommandLine: utilman.exe /debug
FileVersion: 6.1.7600.16385 (win7_rtm.090713-1255)
User: EXAMPLE\user01
LogonId: '0x33435'
IntegrityLevel: High
ParentImage: C:\Windows\System32\winlogon.exe
UtcTime: 2019-03-19 20:49:47.185
"
2019-03-19T20:51:05.017540+00:00,Hacktool - EDR-Freeze Execution;UAC Bypass Using NTFS Reparse Point - Process,data/EVTX-ATTACK-SAMPLES/Persistence/persistence_sysmon_11_13_1_shime_appfix.evtx,1,Microsoft-Windows-Sysmon,1,1966428,PC01.example.corp,"Image: C:\Windows\System32\UI0Detect.exe
RuleName: ''
Description: Interactive services detection
TerminalSessionId: 1
ParentCommandLine: C:\Windows\system32\UI0Detect.exe
Product: Microsoft® Windows® Operating System
Company: Microsoft Corporation
ParentProcessId: 2040
LogonGuid: 365ABB72-5417-5C91-0000-002035340300
Hashes: MD5=8344FD4FCE927880AA1AA7681D4927E5,IMPHASH=5DE0CABE853D959C3319B51C8EC562E6
ParentProcessGuid: 365ABB72-53DF-5C91-0000-0010452D0200
ProcessId: 612
CurrentDirectory: C:\Windows\system32\
ProcessGuid: 365ABB72-5638-5C91-0000-0010651A0800
CommandLine: UI0Detect.exe 224
FileVersion: 6.1.7600.16385 (win7_rtm.090713-1255)
User: EXAMPLE\user01
LogonId: '0x33435'
IntegrityLevel: High
ParentImage: C:\Windows\System32\UI0Detect.exe
UtcTime: 2019-03-19 20:51:04.957
"
2019-03-19T20:52:25.933892+00:00,Hacktool - EDR-Freeze Execution;Potential Shim Database Persistence via Sdbinst.EXE;UAC Bypass Using NTFS Reparse Point - Process,data/EVTX-ATTACK-SAMPLES/Persistence/persistence_sysmon_11_13_1_shime_appfix.evtx,1,Microsoft-Windows-Sysmon,1,1966429,PC01.example.corp,"Image: C:\Windows\System32\sdbinst.exe
RuleName: ''
Description: Application Compatibility Database Installer
TerminalSessionId: 1
ParentCommandLine: '""C:\Program Files\Microsoft Application Compatibility Toolkit\Compatibility Administrator (32-bit)\Compatadmin.exe"" '
Product: Microsoft® Windows® Operating System
Company: Microsoft Corporation
ParentProcessId: 2704
LogonGuid: 365ABB72-5417-5C91-0000-002035340300
Hashes: MD5=2996B3E7BBA42BEA62D386D9386EDE97,IMPHASH=87CBEAE39ADA9E96C7F27B94962CD83F
ParentProcessGuid: 365ABB72-551C-5C91-0000-001030590500
ProcessId: 3896
CurrentDirectory: C:\Windows\System32\
ProcessGuid: 365ABB72-5689-5C91-0000-0010543F0800
CommandLine: '""C:\Windows\system32\sdbinst.exe"" -q ""C:\Windows\AppPatch\Test.SDB  ""  '
FileVersion: 6.0.7600.16385 (win7_rtm.090713-1255)
User: EXAMPLE\user01
LogonId: '0x33435'
IntegrityLevel: High
ParentImage: C:\Program Files\Microsoft Application Compatibility Toolkit\Compatibility Administrator (32-bit)\Compatadmin.exe
UtcTime: 2019-03-19 20:52:25.853
"
2019-03-19T20:52:25.953921+00:00,Potential Persistence Via Shim Database Modification,data/EVTX-ATTACK-SAMPLES/Persistence/persistence_sysmon_11_13_1_shime_appfix.evtx,1,Microsoft-Windows-Sysmon,13,1966432,PC01.example.corp,"Image: C:\Windows\system32\sdbinst.exe
TargetObject: HKLM\SOFTWARE\Microsoft\Windows NT\CurrentVersion\AppCompatFlags\Custom\osk.exe\{7146b11e-ec78-4046-b854-9c9bdc68691e}.sdb
RuleName: ''
EventType: SetValue
ProcessId: 3896
ProcessGuid: 365ABB72-5689-5C91-0000-0010543F0800
UtcTime: 2019-03-19 20:52:25.923
Details: QWORD (0x01d4de95-0xa8830380)
"
2019-03-19T20:52:25.953921+00:00,New Custom Shim Database Created,data/EVTX-ATTACK-SAMPLES/Persistence/persistence_sysmon_11_13_1_shime_appfix.evtx,1,Microsoft-Windows-Sysmon,11,1966433,PC01.example.corp,"ProcessGuid: 365ABB72-5689-5C91-0000-0010543F0800
CreationUtcTime: 2019-03-19 20:52:25.923
UtcTime: 2019-03-19 20:52:25.923
ProcessId: 3896
RuleName: ''
TargetFilename: C:\Windows\AppPatch\Custom\{7146b11e-ec78-4046-b854-9c9bdc68691e}.sdb
Image: C:\Windows\system32\sdbinst.exe
"
2019-03-19T20:52:25.973950+00:00,Potential Persistence Via Shim Database Modification,data/EVTX-ATTACK-SAMPLES/Persistence/persistence_sysmon_11_13_1_shime_appfix.evtx,1,Microsoft-Windows-Sysmon,13,1966437,PC01.example.corp,"Image: C:\Windows\system32\sdbinst.exe
TargetObject: HKLM\SOFTWARE\Microsoft\Windows NT\CurrentVersion\AppCompatFlags\InstalledSDB\{7146b11e-ec78-4046-b854-9c9bdc68691e}\DatabaseType
RuleName: ''
EventType: SetValue
ProcessId: 3896
ProcessGuid: 365ABB72-5689-5C91-0000-0010543F0800
UtcTime: 2019-03-19 20:52:25.923
Details: DWORD (0x00010000)
"
2019-03-19T20:52:25.973950+00:00,Potential Persistence Via Shim Database Modification,data/EVTX-ATTACK-SAMPLES/Persistence/persistence_sysmon_11_13_1_shime_appfix.evtx,1,Microsoft-Windows-Sysmon,13,1966438,PC01.example.corp,"Image: C:\Windows\system32\sdbinst.exe
TargetObject: HKLM\SOFTWARE\Microsoft\Windows NT\CurrentVersion\AppCompatFlags\InstalledSDB\{7146b11e-ec78-4046-b854-9c9bdc68691e}\DatabaseDescription
RuleName: ''
EventType: SetValue
ProcessId: 3896
ProcessGuid: 365ABB72-5689-5C91-0000-0010543F0800
UtcTime: 2019-03-19 20:52:25.923
Details: New Database(1)
"
2019-03-19T20:52:25.973950+00:00,Potential Persistence Via Shim Database Modification,data/EVTX-ATTACK-SAMPLES/Persistence/persistence_sysmon_11_13_1_shime_appfix.evtx,1,Microsoft-Windows-Sysmon,13,1966436,PC01.example.corp,"Image: C:\Windows\system32\sdbinst.exe
TargetObject: HKLM\SOFTWARE\Microsoft\Windows NT\CurrentVersion\AppCompatFlags\InstalledSDB\{7146b11e-ec78-4046-b854-9c9bdc68691e}\DatabasePath
RuleName: ''
EventType: SetValue
ProcessId: 3896
ProcessGuid: 365ABB72-5689-5C91-0000-0010543F0800
UtcTime: 2019-03-19 20:52:25.923
Details: C:\Windows\AppPatch\Custom\{7146b11e-ec78-4046-b854-9c9bdc68691e}.sdb
"
2019-03-19T20:52:25.983964+00:00,Potential Persistence Via Shim Database Modification,data/EVTX-ATTACK-SAMPLES/Persistence/persistence_sysmon_11_13_1_shime_appfix.evtx,1,Microsoft-Windows-Sysmon,13,1966439,PC01.example.corp,"Image: C:\Windows\system32\sdbinst.exe
TargetObject: HKLM\SOFTWARE\Microsoft\Windows NT\CurrentVersion\AppCompatFlags\InstalledSDB\{7146b11e-ec78-4046-b854-9c9bdc68691e}\DatabaseInstallTimeStamp
RuleName: ''
EventType: SetValue
ProcessId: 3896
ProcessGuid: 365ABB72-5689-5C91-0000-0010543F0800
UtcTime: 2019-03-19 20:52:25.923
Details: QWORD (0x01d4de95-0xa8830380)
"
2019-03-19T20:52:26.104137+00:00,Hacktool - EDR-Freeze Execution;UAC Bypass Using NTFS Reparse Point - Process,data/EVTX-ATTACK-SAMPLES/Persistence/persistence_sysmon_11_13_1_shime_appfix.evtx,1,Microsoft-Windows-Sysmon,1,1966440,PC01.example.corp,"Image: C:\Windows\System32\osk.exe
RuleName: ''
Description: Accessibility On-Screen Keyboard
TerminalSessionId: 1
ParentCommandLine: '""C:\Program Files\Microsoft Application Compatibility Toolkit\Compatibility Administrator (32-bit)\Compatadmin.exe"" '
Product: Microsoft® Windows® Operating System
Company: Microsoft Corporation
ParentProcessId: 2704
LogonGuid: 365ABB72-5417-5C91-0000-002035340300
Hashes: MD5=C6A991D7DF17EBD8DE4739CD1F283133,IMPHASH=F9815E29854683EF4F5A668C9D2A24F9
ParentProcessGuid: 365ABB72-551C-5C91-0000-001030590500
ProcessId: 3848
CurrentDirectory: C:\Windows\System32\
ProcessGuid: 365ABB72-5689-5C91-0000-0010A1420800
CommandLine: '""C:\Windows\System32\osk.exe"" '
FileVersion: 6.1.7600.16385 (win7_rtm.090713-1255)
User: EXAMPLE\user01
LogonId: '0x33435'
IntegrityLevel: High
ParentImage: C:\Program Files\Microsoft Application Compatibility Toolkit\Compatibility Administrator (32-bit)\Compatadmin.exe
UtcTime: 2019-03-19 20:52:25.993
"
2019-03-19T20:52:26.114152+00:00,Hacktool - EDR-Freeze Execution;UAC Bypass Using NTFS Reparse Point - Process,data/EVTX-ATTACK-SAMPLES/Persistence/persistence_sysmon_11_13_1_shime_appfix.evtx,1,Microsoft-Windows-Sysmon,1,1966442,PC01.example.corp,"Image: C:\Windows\System32\Utilman.exe
RuleName: ''
Description: Utility Manager
TerminalSessionId: 1
ParentCommandLine: winlogon.exe
Product: Microsoft® Windows® Operating System
Company: Microsoft Corporation
ParentProcessId: 516
LogonGuid: 365ABB72-5417-5C91-0000-002035340300
Hashes: MD5=7B9602D3475967F149C1A2C3E2B75A79,IMPHASH=DCF0CD9257282658699A95E5364092B8
ParentProcessGuid: 365ABB72-528D-5C91-0000-00100C580000
ProcessId: 4012
CurrentDirectory: C:\Windows\system32\
ProcessGuid: 365ABB72-568A-5C91-0000-0010A6450800
CommandLine: utilman.exe /debug
FileVersion: 6.1.7600.16385 (win7_rtm.090713-1255)
User: EXAMPLE\user01
LogonId: '0x33435'
IntegrityLevel: High
ParentImage: C:\Windows\System32\winlogon.exe
UtcTime: 2019-03-19 20:52:26.064
"
2019-03-19T20:52:26.274382+00:00,Hacktool - EDR-Freeze Execution;UAC Bypass Using NTFS Reparse Point - Process,data/EVTX-ATTACK-SAMPLES/Persistence/persistence_sysmon_11_13_1_shime_appfix.evtx,1,Microsoft-Windows-Sysmon,1,1966443,PC01.example.corp,"Image: C:\Windows\System32\osk.exe
RuleName: ''
Description: Accessibility On-Screen Keyboard
TerminalSessionId: 1
ParentCommandLine: utilman.exe /debug
Product: Microsoft® Windows® Operating System
Company: Microsoft Corporation
ParentProcessId: 4012
LogonGuid: 365ABB72-5417-5C91-0000-002035340300
Hashes: MD5=C6A991D7DF17EBD8DE4739CD1F283133,IMPHASH=F9815E29854683EF4F5A668C9D2A24F9
ParentProcessGuid: 365ABB72-568A-5C91-0000-0010A6450800
ProcessId: 100
CurrentDirectory: C:\Windows\system32\
ProcessGuid: 365ABB72-568A-5C91-0000-0010484A0800
CommandLine: '""C:\Windows\System32\osk.exe"" '
FileVersion: 6.1.7600.16385 (win7_rtm.090713-1255)
User: EXAMPLE\user01
LogonId: '0x33435'
IntegrityLevel: High
ParentImage: C:\Windows\System32\Utilman.exe
UtcTime: 2019-03-19 20:52:26.144
"
2019-03-19T20:52:26.364512+00:00,Hacktool - EDR-Freeze Execution;Potential Shim Database Persistence via Sdbinst.EXE;UAC Bypass Using NTFS Reparse Point - Process,data/EVTX-ATTACK-SAMPLES/Persistence/persistence_sysmon_11_13_1_shime_appfix.evtx,1,Microsoft-Windows-Sysmon,1,1966444,PC01.example.corp,"Image: C:\Windows\System32\sdbinst.exe
RuleName: ''
Description: Application Compatibility Database Installer
TerminalSessionId: 1
ParentCommandLine: '""C:\Program Files\Microsoft Application Compatibility Toolkit\Compatibility Administrator (32-bit)\Compatadmin.exe"" '
Product: Microsoft® Windows® Operating System
Company: Microsoft Corporation
ParentProcessId: 2704
LogonGuid: 365ABB72-5417-5C91-0000-002035340300
Hashes: MD5=2996B3E7BBA42BEA62D386D9386EDE97,IMPHASH=87CBEAE39ADA9E96C7F27B94962CD83F
ParentProcessGuid: 365ABB72-551C-5C91-0000-001030590500
ProcessId: 4072
CurrentDirectory: C:\Windows\System32\
ProcessGuid: 365ABB72-568A-5C91-0000-0010D24B0800
CommandLine: '""C:\Windows\system32\sdbinst.exe"" -q -u ""C:\Windows\AppPatch\Test.SDB  ""  '
FileVersion: 6.0.7600.16385 (win7_rtm.090713-1255)
User: EXAMPLE\user01
LogonId: '0x33435'
IntegrityLevel: High
ParentImage: C:\Program Files\Microsoft Application Compatibility Toolkit\Compatibility Administrator (32-bit)\Compatadmin.exe
UtcTime: 2019-03-19 20:52:26.194
"
2019-03-19T20:52:29.138500+00:00,Hacktool - EDR-Freeze Execution;UAC Bypass Using NTFS Reparse Point - Process,data/EVTX-ATTACK-SAMPLES/Persistence/persistence_sysmon_11_13_1_shime_appfix.evtx,1,Microsoft-Windows-Sysmon,1,1966448,PC01.example.corp,"Image: C:\Windows\System32\Utilman.exe
RuleName: ''
Description: Utility Manager
TerminalSessionId: 1
ParentCommandLine: winlogon.exe
Product: Microsoft® Windows® Operating System
Company: Microsoft Corporation
ParentProcessId: 516
LogonGuid: 365ABB72-5417-5C91-0000-002035340300
Hashes: MD5=7B9602D3475967F149C1A2C3E2B75A79,IMPHASH=DCF0CD9257282658699A95E5364092B8
ParentProcessGuid: 365ABB72-528D-5C91-0000-00100C580000
ProcessId: 2476
CurrentDirectory: C:\Windows\system32\
ProcessGuid: 365ABB72-568D-5C91-0000-001061560800
CommandLine: utilman.exe /debug
FileVersion: 6.1.7600.16385 (win7_rtm.090713-1255)
User: EXAMPLE\user01
LogonId: '0x33435'
IntegrityLevel: High
ParentImage: C:\Windows\System32\winlogon.exe
UtcTime: 2019-03-19 20:52:29.078
"
2019-03-19T20:52:47.124363+00:00,Hacktool - EDR-Freeze Execution;Potential Shim Database Persistence via Sdbinst.EXE;UAC Bypass Using NTFS Reparse Point - Process,data/EVTX-ATTACK-SAMPLES/Persistence/persistence_sysmon_11_13_1_shime_appfix.evtx,1,Microsoft-Windows-Sysmon,1,1966449,PC01.example.corp,"Image: C:\Windows\System32\sdbinst.exe
RuleName: ''
Description: Application Compatibility Database Installer
TerminalSessionId: 1
ParentCommandLine: '""C:\Program Files\Microsoft Application Compatibility Toolkit\Compatibility Administrator (32-bit)\Compatadmin.exe"" '
Product: Microsoft® Windows® Operating System
Company: Microsoft Corporation
ParentProcessId: 2704
LogonGuid: 365ABB72-5417-5C91-0000-002035340300
Hashes: MD5=2996B3E7BBA42BEA62D386D9386EDE97,IMPHASH=87CBEAE39ADA9E96C7F27B94962CD83F
ParentProcessGuid: 365ABB72-551C-5C91-0000-001030590500
ProcessId: 2548
CurrentDirectory: C:\Windows\System32\
ProcessGuid: 365ABB72-569F-5C91-0000-001012610800
CommandLine: '""C:\Windows\system32\sdbinst.exe"" -q ""C:\Windows\AppPatch\Test.SDB  ""  '
FileVersion: 6.0.7600.16385 (win7_rtm.090713-1255)
User: EXAMPLE\user01
LogonId: '0x33435'
IntegrityLevel: High
ParentImage: C:\Program Files\Microsoft Application Compatibility Toolkit\Compatibility Administrator (32-bit)\Compatadmin.exe
UtcTime: 2019-03-19 20:52:47.054
"
2019-03-19T20:52:47.144392+00:00,Potential Persistence Via Shim Database Modification,data/EVTX-ATTACK-SAMPLES/Persistence/persistence_sysmon_11_13_1_shime_appfix.evtx,1,Microsoft-Windows-Sysmon,13,1966452,PC01.example.corp,"Image: C:\Windows\system32\sdbinst.exe
TargetObject: HKLM\SOFTWARE\Microsoft\Windows NT\CurrentVersion\AppCompatFlags\Custom\osk.exe\{9aadf096-343f-4575-9514-4e5551e5ff19}.sdb
RuleName: ''
EventType: SetValue
ProcessId: 2548
ProcessGuid: 365ABB72-569F-5C91-0000-001012610800
UtcTime: 2019-03-19 20:52:47.114
Details: QWORD (0x01d4de95-0xb5246c40)
"
2019-03-19T20:52:47.144392+00:00,New Custom Shim Database Created,data/EVTX-ATTACK-SAMPLES/Persistence/persistence_sysmon_11_13_1_shime_appfix.evtx,1,Microsoft-Windows-Sysmon,11,1966453,PC01.example.corp,"ProcessGuid: 365ABB72-569F-5C91-0000-001012610800
CreationUtcTime: 2019-03-19 20:52:47.114
UtcTime: 2019-03-19 20:52:47.114
ProcessId: 2548
RuleName: ''
TargetFilename: C:\Windows\AppPatch\Custom\{9aadf096-343f-4575-9514-4e5551e5ff19}.sdb
Image: C:\Windows\system32\sdbinst.exe
"
2019-03-19T20:52:47.154406+00:00,Potential Persistence Via Shim Database Modification,data/EVTX-ATTACK-SAMPLES/Persistence/persistence_sysmon_11_13_1_shime_appfix.evtx,1,Microsoft-Windows-Sysmon,13,1966456,PC01.example.corp,"Image: C:\Windows\system32\sdbinst.exe
TargetObject: HKLM\SOFTWARE\Microsoft\Windows NT\CurrentVersion\AppCompatFlags\InstalledSDB\{9aadf096-343f-4575-9514-4e5551e5ff19}\DatabasePath
RuleName: ''
EventType: SetValue
ProcessId: 2548
ProcessGuid: 365ABB72-569F-5C91-0000-001012610800
UtcTime: 2019-03-19 20:52:47.114
Details: C:\Windows\AppPatch\Custom\{9aadf096-343f-4575-9514-4e5551e5ff19}.sdb
"
2019-03-19T20:52:47.164420+00:00,Potential Persistence Via Shim Database Modification,data/EVTX-ATTACK-SAMPLES/Persistence/persistence_sysmon_11_13_1_shime_appfix.evtx,1,Microsoft-Windows-Sysmon,13,1966459,PC01.example.corp,"Image: C:\Windows\system32\sdbinst.exe
TargetObject: HKLM\SOFTWARE\Microsoft\Windows NT\CurrentVersion\AppCompatFlags\InstalledSDB\{9aadf096-343f-4575-9514-4e5551e5ff19}\DatabaseInstallTimeStamp
RuleName: ''
EventType: SetValue
ProcessId: 2548
ProcessGuid: 365ABB72-569F-5C91-0000-001012610800
UtcTime: 2019-03-19 20:52:47.114
Details: QWORD (0x01d4de95-0xb5246c40)
"
2019-03-19T20:52:47.164420+00:00,Potential Persistence Via Shim Database Modification,data/EVTX-ATTACK-SAMPLES/Persistence/persistence_sysmon_11_13_1_shime_appfix.evtx,1,Microsoft-Windows-Sysmon,13,1966458,PC01.example.corp,"Image: C:\Windows\system32\sdbinst.exe
TargetObject: HKLM\SOFTWARE\Microsoft\Windows NT\CurrentVersion\AppCompatFlags\InstalledSDB\{9aadf096-343f-4575-9514-4e5551e5ff19}\DatabaseDescription
RuleName: ''
EventType: SetValue
ProcessId: 2548
ProcessGuid: 365ABB72-569F-5C91-0000-001012610800
UtcTime: 2019-03-19 20:52:47.114
Details: New Database(1)
"
2019-03-19T20:52:47.164420+00:00,Potential Persistence Via Shim Database Modification,data/EVTX-ATTACK-SAMPLES/Persistence/persistence_sysmon_11_13_1_shime_appfix.evtx,1,Microsoft-Windows-Sysmon,13,1966457,PC01.example.corp,"Image: C:\Windows\system32\sdbinst.exe
TargetObject: HKLM\SOFTWARE\Microsoft\Windows NT\CurrentVersion\AppCompatFlags\InstalledSDB\{9aadf096-343f-4575-9514-4e5551e5ff19}\DatabaseType
RuleName: ''
EventType: SetValue
ProcessId: 2548
ProcessGuid: 365ABB72-569F-5C91-0000-001012610800
UtcTime: 2019-03-19 20:52:47.114
Details: DWORD (0x00010000)
"
2019-03-19T20:52:47.294608+00:00,Hacktool - EDR-Freeze Execution;UAC Bypass Using NTFS Reparse Point - Process,data/EVTX-ATTACK-SAMPLES/Persistence/persistence_sysmon_11_13_1_shime_appfix.evtx,1,Microsoft-Windows-Sysmon,1,1966460,PC01.example.corp,"Image: C:\Windows\System32\osk.exe
RuleName: ''
Description: Accessibility On-Screen Keyboard
TerminalSessionId: 1
ParentCommandLine: '""C:\Program Files\Microsoft Application Compatibility Toolkit\Compatibility Administrator (32-bit)\Compatadmin.exe"" '
Product: Microsoft® Windows® Operating System
Company: Microsoft Corporation
ParentProcessId: 2704
LogonGuid: 365ABB72-5417-5C91-0000-002035340300
Hashes: MD5=C6A991D7DF17EBD8DE4739CD1F283133,IMPHASH=F9815E29854683EF4F5A668C9D2A24F9
ParentProcessGuid: 365ABB72-551C-5C91-0000-001030590500
ProcessId: 3088
CurrentDirectory: C:\Windows\System32\
ProcessGuid: 365ABB72-569F-5C91-0000-00105C640800
CommandLine: '""C:\Windows\System32\osk.exe"" '
FileVersion: 6.1.7600.16385 (win7_rtm.090713-1255)
User: EXAMPLE\user01
LogonId: '0x33435'
IntegrityLevel: High
ParentImage: C:\Program Files\Microsoft Application Compatibility Toolkit\Compatibility Administrator (32-bit)\Compatadmin.exe
UtcTime: 2019-03-19 20:52:47.184
"
2019-03-19T20:52:47.334665+00:00,Hacktool - EDR-Freeze Execution;UAC Bypass Using NTFS Reparse Point - Process,data/EVTX-ATTACK-SAMPLES/Persistence/persistence_sysmon_11_13_1_shime_appfix.evtx,1,Microsoft-Windows-Sysmon,1,1966462,PC01.example.corp,"Image: C:\Windows\System32\Utilman.exe
RuleName: ''
Description: Utility Manager
TerminalSessionId: 1
ParentCommandLine: winlogon.exe
Product: Microsoft® Windows® Operating System
Company: Microsoft Corporation
ParentProcessId: 516
LogonGuid: 365ABB72-5417-5C91-0000-002035340300
Hashes: MD5=7B9602D3475967F149C1A2C3E2B75A79,IMPHASH=DCF0CD9257282658699A95E5364092B8
ParentProcessGuid: 365ABB72-528D-5C91-0000-00100C580000
ProcessId: 3100
CurrentDirectory: C:\Windows\system32\
ProcessGuid: 365ABB72-569F-5C91-0000-00105F670800
CommandLine: utilman.exe /debug
FileVersion: 6.1.7600.16385 (win7_rtm.090713-1255)
User: EXAMPLE\user01
LogonId: '0x33435'
IntegrityLevel: High
ParentImage: C:\Windows\System32\winlogon.exe
UtcTime: 2019-03-19 20:52:47.254
"
2019-03-19T20:52:47.474867+00:00,Hacktool - EDR-Freeze Execution;UAC Bypass Using NTFS Reparse Point - Process,data/EVTX-ATTACK-SAMPLES/Persistence/persistence_sysmon_11_13_1_shime_appfix.evtx,1,Microsoft-Windows-Sysmon,1,1966463,PC01.example.corp,"Image: C:\Windows\System32\osk.exe
RuleName: ''
Description: Accessibility On-Screen Keyboard
TerminalSessionId: 1
ParentCommandLine: utilman.exe /debug
Product: Microsoft® Windows® Operating System
Company: Microsoft Corporation
ParentProcessId: 3100
LogonGuid: 365ABB72-5417-5C91-0000-002035340300
Hashes: MD5=C6A991D7DF17EBD8DE4739CD1F283133,IMPHASH=F9815E29854683EF4F5A668C9D2A24F9
ParentProcessGuid: 365ABB72-569F-5C91-0000-00105F670800
ProcessId: 3132
CurrentDirectory: C:\Windows\system32\
ProcessGuid: 365ABB72-569F-5C91-0000-0010036C0800
CommandLine: '""C:\Windows\System32\osk.exe"" '
FileVersion: 6.1.7600.16385 (win7_rtm.090713-1255)
User: EXAMPLE\user01
LogonId: '0x33435'
IntegrityLevel: High
ParentImage: C:\Windows\System32\Utilman.exe
UtcTime: 2019-03-19 20:52:47.314
"
2019-03-19T20:52:47.474867+00:00,Hacktool - EDR-Freeze Execution;Potential Shim Database Persistence via Sdbinst.EXE;UAC Bypass Using NTFS Reparse Point - Process,data/EVTX-ATTACK-SAMPLES/Persistence/persistence_sysmon_11_13_1_shime_appfix.evtx,1,Microsoft-Windows-Sysmon,1,1966464,PC01.example.corp,"Image: C:\Windows\System32\sdbinst.exe
RuleName: ''
Description: Application Compatibility Database Installer
TerminalSessionId: 1
ParentCommandLine: '""C:\Program Files\Microsoft Application Compatibility Toolkit\Compatibility Administrator (32-bit)\Compatadmin.exe"" '
Product: Microsoft® Windows® Operating System
Company: Microsoft Corporation
ParentProcessId: 2704
LogonGuid: 365ABB72-5417-5C91-0000-002035340300
Hashes: MD5=2996B3E7BBA42BEA62D386D9386EDE97,IMPHASH=87CBEAE39ADA9E96C7F27B94962CD83F
ParentProcessGuid: 365ABB72-551C-5C91-0000-001030590500
ProcessId: 3140
CurrentDirectory: C:\Windows\System32\
ProcessGuid: 365ABB72-569F-5C91-0000-0010D96C0800
CommandLine: '""C:\Windows\system32\sdbinst.exe"" -q -u ""C:\Windows\AppPatch\Test.SDB  ""  '
FileVersion: 6.0.7600.16385 (win7_rtm.090713-1255)
User: EXAMPLE\user01
LogonId: '0x33435'
IntegrityLevel: High
ParentImage: C:\Program Files\Microsoft Application Compatibility Toolkit\Compatibility Administrator (32-bit)\Compatadmin.exe
UtcTime: 2019-03-19 20:52:47.364
"
2019-03-19T20:52:50.268884+00:00,Hacktool - EDR-Freeze Execution;UAC Bypass Using NTFS Reparse Point - Process,data/EVTX-ATTACK-SAMPLES/Persistence/persistence_sysmon_11_13_1_shime_appfix.evtx,1,Microsoft-Windows-Sysmon,1,1966468,PC01.example.corp,"Image: C:\Windows\System32\Utilman.exe
RuleName: ''
Description: Utility Manager
TerminalSessionId: 1
ParentCommandLine: winlogon.exe
Product: Microsoft® Windows® Operating System
Company: Microsoft Corporation
ParentProcessId: 516
LogonGuid: 365ABB72-5417-5C91-0000-002035340300
Hashes: MD5=7B9602D3475967F149C1A2C3E2B75A79,IMPHASH=DCF0CD9257282658699A95E5364092B8
ParentProcessGuid: 365ABB72-528D-5C91-0000-00100C580000
ProcessId: 3312
CurrentDirectory: C:\Windows\system32\
ProcessGuid: 365ABB72-56A2-5C91-0000-0010D2770800
CommandLine: utilman.exe /debug
FileVersion: 6.1.7600.16385 (win7_rtm.090713-1255)
User: EXAMPLE\user01
LogonId: '0x33435'
IntegrityLevel: High
ParentImage: C:\Windows\System32\winlogon.exe
UtcTime: 2019-03-19 20:52:50.198
"
2019-03-19T20:56:05.149108+00:00,Hacktool - EDR-Freeze Execution;UAC Bypass Using NTFS Reparse Point - Process,data/EVTX-ATTACK-SAMPLES/Persistence/persistence_sysmon_11_13_1_shime_appfix.evtx,1,Microsoft-Windows-Sysmon,1,1966475,PC01.example.corp,"Image: C:\Windows\System32\UI0Detect.exe
RuleName: ''
Description: Interactive services detection
TerminalSessionId: 1
ParentCommandLine: C:\Windows\system32\UI0Detect.exe
Product: Microsoft® Windows® Operating System
Company: Microsoft Corporation
ParentProcessId: 2040
LogonGuid: 365ABB72-5417-5C91-0000-002035340300
Hashes: MD5=8344FD4FCE927880AA1AA7681D4927E5,IMPHASH=5DE0CABE853D959C3319B51C8EC562E6
ParentProcessGuid: 365ABB72-53DF-5C91-0000-0010452D0200
ProcessId: 3176
CurrentDirectory: C:\Windows\system32\
ProcessGuid: 365ABB72-5765-5C91-0000-001039030900
CommandLine: UI0Detect.exe 224
FileVersion: 6.1.7600.16385 (win7_rtm.090713-1255)
User: EXAMPLE\user01
LogonId: '0x33435'
IntegrityLevel: High
ParentImage: C:\Windows\System32\UI0Detect.exe
UtcTime: 2019-03-19 20:56:05.089
"
2019-03-19T20:58:20.994444+00:00,Hacktool - EDR-Freeze Execution;Potential Shim Database Persistence via Sdbinst.EXE;UAC Bypass Using NTFS Reparse Point - Process,data/EVTX-ATTACK-SAMPLES/Persistence/persistence_sysmon_11_13_1_shime_appfix.evtx,1,Microsoft-Windows-Sysmon,1,1966480,PC01.example.corp,"Image: C:\Windows\System32\sdbinst.exe
RuleName: ''
Description: Application Compatibility Database Installer
TerminalSessionId: 1
ParentCommandLine: '""C:\Program Files\Microsoft Application Compatibility Toolkit\Compatibility Administrator (32-bit)\Compatadmin.exe"" '
Product: Microsoft® Windows® Operating System
Company: Microsoft Corporation
ParentProcessId: 2704
LogonGuid: 365ABB72-5417-5C91-0000-002035340300
Hashes: MD5=2996B3E7BBA42BEA62D386D9386EDE97,IMPHASH=87CBEAE39ADA9E96C7F27B94962CD83F
ParentProcessGuid: 365ABB72-551C-5C91-0000-001030590500
ProcessId: 2848
CurrentDirectory: C:\Users\user01\Desktop\
ProcessGuid: 365ABB72-57EC-5C91-0000-001097810900
CommandLine: '""C:\Windows\system32\sdbinst.exe"" -q ""C:\Users\user01\Desktop\titi.sdb""  '
FileVersion: 6.0.7600.16385 (win7_rtm.090713-1255)
User: EXAMPLE\user01
LogonId: '0x33435'
IntegrityLevel: High
ParentImage: C:\Program Files\Microsoft Application Compatibility Toolkit\Compatibility Administrator (32-bit)\Compatadmin.exe
UtcTime: 2019-03-19 20:58:20.894
"
2019-03-19T20:58:21.014473+00:00,New Custom Shim Database Created,data/EVTX-ATTACK-SAMPLES/Persistence/persistence_sysmon_11_13_1_shime_appfix.evtx,1,Microsoft-Windows-Sysmon,11,1966484,PC01.example.corp,"ProcessGuid: 365ABB72-57EC-5C91-0000-001097810900
CreationUtcTime: 2019-03-19 20:58:20.974
UtcTime: 2019-03-19 20:58:20.974
ProcessId: 2848
RuleName: ''
TargetFilename: C:\Windows\AppPatch\Custom\{3ad6ed23-adf8-4bc1-a898-4d695f482c64}.sdb
Image: C:\Windows\system32\sdbinst.exe
"
2019-03-19T20:58:21.014473+00:00,Potential Persistence Via Shim Database Modification,data/EVTX-ATTACK-SAMPLES/Persistence/persistence_sysmon_11_13_1_shime_appfix.evtx,1,Microsoft-Windows-Sysmon,13,1966483,PC01.example.corp,"Image: C:\Windows\system32\sdbinst.exe
TargetObject: HKLM\SOFTWARE\Microsoft\Windows NT\CurrentVersion\AppCompatFlags\Custom\Utilman.exe\{3ad6ed23-adf8-4bc1-a898-4d695f482c64}.sdb
RuleName: ''
EventType: SetValue
ProcessId: 2848
ProcessGuid: 365ABB72-57EC-5C91-0000-001097810900
UtcTime: 2019-03-19 20:58:20.974
Details: QWORD (0x01d4de96-0x7c236d20)
"
2019-03-19T20:58:21.044516+00:00,Potential Persistence Via Shim Database Modification,data/EVTX-ATTACK-SAMPLES/Persistence/persistence_sysmon_11_13_1_shime_appfix.evtx,1,Microsoft-Windows-Sysmon,13,1966487,PC01.example.corp,"Image: C:\Windows\system32\sdbinst.exe
TargetObject: HKLM\SOFTWARE\Microsoft\Windows NT\CurrentVersion\AppCompatFlags\InstalledSDB\{3ad6ed23-adf8-4bc1-a898-4d695f482c64}\DatabasePath
RuleName: ''
EventType: SetValue
ProcessId: 2848
ProcessGuid: 365ABB72-57EC-5C91-0000-001097810900
UtcTime: 2019-03-19 20:58:20.984
Details: C:\Windows\AppPatch\Custom\{3ad6ed23-adf8-4bc1-a898-4d695f482c64}.sdb
"
2019-03-19T20:58:21.044516+00:00,Potential Persistence Via Shim Database Modification,data/EVTX-ATTACK-SAMPLES/Persistence/persistence_sysmon_11_13_1_shime_appfix.evtx,1,Microsoft-Windows-Sysmon,13,1966488,PC01.example.corp,"Image: C:\Windows\system32\sdbinst.exe
TargetObject: HKLM\SOFTWARE\Microsoft\Windows NT\CurrentVersion\AppCompatFlags\InstalledSDB\{3ad6ed23-adf8-4bc1-a898-4d695f482c64}\DatabaseType
RuleName: ''
EventType: SetValue
ProcessId: 2848
ProcessGuid: 365ABB72-57EC-5C91-0000-001097810900
UtcTime: 2019-03-19 20:58:20.984
Details: DWORD (0x00010000)
"
2019-03-19T20:58:21.054531+00:00,Potential Persistence Via Shim Database Modification,data/EVTX-ATTACK-SAMPLES/Persistence/persistence_sysmon_11_13_1_shime_appfix.evtx,1,Microsoft-Windows-Sysmon,13,1966489,PC01.example.corp,"Image: C:\Windows\system32\sdbinst.exe
TargetObject: HKLM\SOFTWARE\Microsoft\Windows NT\CurrentVersion\AppCompatFlags\InstalledSDB\{3ad6ed23-adf8-4bc1-a898-4d695f482c64}\DatabaseDescription
RuleName: ''
EventType: SetValue
ProcessId: 2848
ProcessGuid: 365ABB72-57EC-5C91-0000-001097810900
UtcTime: 2019-03-19 20:58:20.984
Details: titi
"
2019-03-19T20:58:21.054531+00:00,Potential Persistence Via Shim Database Modification,data/EVTX-ATTACK-SAMPLES/Persistence/persistence_sysmon_11_13_1_shime_appfix.evtx,1,Microsoft-Windows-Sysmon,13,1966490,PC01.example.corp,"Image: C:\Windows\system32\sdbinst.exe
TargetObject: HKLM\SOFTWARE\Microsoft\Windows NT\CurrentVersion\AppCompatFlags\InstalledSDB\{3ad6ed23-adf8-4bc1-a898-4d695f482c64}\DatabaseInstallTimeStamp
RuleName: ''
EventType: SetValue
ProcessId: 2848
ProcessGuid: 365ABB72-57EC-5C91-0000-001097810900
UtcTime: 2019-03-19 20:58:20.984
Details: QWORD (0x01d4de96-0x7c236d20)
"
2019-03-19T20:58:28.214827+00:00,HackTool - CrackMapExec Process Patterns;Hacktool - EDR-Freeze Execution;UAC Bypass Using NTFS Reparse Point - Process,data/EVTX-ATTACK-SAMPLES/Persistence/persistence_sysmon_11_13_1_shime_appfix.evtx,1,Microsoft-Windows-Sysmon,1,1966491,PC01.example.corp,"Image: C:\Windows\System32\smss.exe
RuleName: ''
Description: Windows Session Manager
TerminalSessionId: 2
ParentCommandLine: \SystemRoot\System32\smss.exe
Product: Microsoft® Windows® Operating System
Company: Microsoft Corporation
ParentProcessId: 292
LogonGuid: 365ABB72-528D-5C91-0000-0020E7030000
Hashes: MD5=87BABA506DAAAE49729DFFCDFA99D12F,IMPHASH=263C3FFA2FD990E9BAE492989A61AF52
ParentProcessGuid: 365ABB72-5287-5C91-0000-0010E12A0000
ProcessId: 384
CurrentDirectory: C:\Windows\
ProcessGuid: 365ABB72-57F4-5C91-0000-0010F0910900
CommandLine: '\SystemRoot\System32\smss.exe 00000000 0000003c '
FileVersion: 6.1.7600.16385 (win7_rtm.090713-1255)
User: NT AUTHORITY\SYSTEM
LogonId: '0x3e7'
IntegrityLevel: System
ParentImage: C:\Windows\System32\smss.exe
UtcTime: 2019-03-19 20:58:28.094
"
2019-03-19T20:58:28.294942+00:00,HackTool - CrackMapExec Process Patterns;Hacktool - EDR-Freeze Execution;UAC Bypass Using NTFS Reparse Point - Process,data/EVTX-ATTACK-SAMPLES/Persistence/persistence_sysmon_11_13_1_shime_appfix.evtx,1,Microsoft-Windows-Sysmon,1,1966492,PC01.example.corp,"Image: C:\Windows\System32\csrss.exe
RuleName: ''
Description: Client Server Runtime Process
TerminalSessionId: 2
ParentCommandLine: '\SystemRoot\System32\smss.exe 00000000 0000003c '
Product: Microsoft® Windows® Operating System
Company: Microsoft Corporation
ParentProcessId: 384
LogonGuid: 365ABB72-528D-5C91-0000-0020E7030000
Hashes: MD5=342271F6142E7C70805B8A81E1BA5F5C,IMPHASH=A801AE60E0B3E5643B92C006DA96F0E0
ParentProcessGuid: 365ABB72-57F4-5C91-0000-0010F0910900
ProcessId: 2892
CurrentDirectory: C:\Windows\system32
ProcessGuid: 365ABB72-57F4-5C91-0000-001083920900
CommandLine: '%%SystemRoot%%\system32\csrss.exe ObjectDirectory=\Windows SharedSection=1024,12288,512 Windows=On SubSystemType=Windows ServerDll=basesrv,1 ServerDll=winsrv:UserServerDllInitialization,3 ServerDll=winsrv:ConServerDllInitialization,2 ServerDll=sxssrv,4 ProfileControl=Off MaxRequestThreads=16'
FileVersion: 6.1.7600.16385 (win7_rtm.090713-1255)
User: NT AUTHORITY\SYSTEM
LogonId: '0x3e7'
IntegrityLevel: System
ParentImage: C:\Windows\System32\smss.exe
UtcTime: 2019-03-19 20:58:28.104
"
2019-03-19T20:58:28.304956+00:00,HackTool - CrackMapExec Process Patterns;Hacktool - EDR-Freeze Execution;UAC Bypass Using NTFS Reparse Point - Process,data/EVTX-ATTACK-SAMPLES/Persistence/persistence_sysmon_11_13_1_shime_appfix.evtx,1,Microsoft-Windows-Sysmon,1,1966493,PC01.example.corp,"Image: C:\Windows\System32\winlogon.exe
RuleName: ''
Description: Windows Logon Application
TerminalSessionId: 2
ParentCommandLine: '\SystemRoot\System32\smss.exe 00000000 0000003c '
Product: Microsoft® Windows® Operating System
Company: Microsoft Corporation
ParentProcessId: 384
LogonGuid: 365ABB72-528D-5C91-0000-0020E7030000
Hashes: MD5=52449FD429D6053B78AE564DEF303870,IMPHASH=017962B1BE2C625ABB0F1195D008BD45
ParentProcessGuid: 365ABB72-57F4-5C91-0000-0010F0910900
ProcessId: 3700
CurrentDirectory: C:\Windows\system32
ProcessGuid: 365ABB72-57F4-5C91-0000-001070930900
CommandLine: winlogon.exe
FileVersion: 6.1.7601.17514 (win7sp1_rtm.101119-1850)
User: NT AUTHORITY\SYSTEM
LogonId: '0x3e7'
IntegrityLevel: System
ParentImage: C:\Windows\System32\smss.exe
UtcTime: 2019-03-19 20:58:28.184
"
2019-03-19T20:58:28.815691+00:00,HackTool - CrackMapExec Process Patterns;Hacktool - EDR-Freeze Execution;UAC Bypass Using NTFS Reparse Point - Process,data/EVTX-ATTACK-SAMPLES/Persistence/persistence_sysmon_11_13_1_shime_appfix.evtx,1,Microsoft-Windows-Sysmon,1,1966496,PC01.example.corp,"Image: C:\Windows\System32\LogonUI.exe
RuleName: ''
Description: Windows Logon User Interface Host
TerminalSessionId: 2
ParentCommandLine: winlogon.exe
Product: Microsoft® Windows® Operating System
Company: Microsoft Corporation
ParentProcessId: 3700
LogonGuid: 365ABB72-528D-5C91-0000-0020E7030000
Hashes: MD5=3EF0D8AB08385AAB5802E773511A2E6A,IMPHASH=B8FCE86F8F679B9FC7368F8F47778678
ParentProcessGuid: 365ABB72-57F4-5C91-0000-001070930900
ProcessId: 2604
CurrentDirectory: C:\Windows\system32\
ProcessGuid: 365ABB72-57F4-5C91-0000-0010BB9C0900
CommandLine: '""LogonUI.exe"" /flags:0x0'
FileVersion: 6.1.7601.17514 (win7sp1_rtm.101119-1850)
User: NT AUTHORITY\SYSTEM
LogonId: '0x3e7'
IntegrityLevel: System
ParentImage: C:\Windows\System32\winlogon.exe
UtcTime: 2019-03-19 20:58:28.324
"
2019-03-19T20:58:31.860068+00:00,HackTool - CrackMapExec Process Patterns;Hacktool - EDR-Freeze Execution;UAC Bypass Using NTFS Reparse Point - Process,data/EVTX-ATTACK-SAMPLES/Persistence/persistence_sysmon_11_13_1_shime_appfix.evtx,1,Microsoft-Windows-Sysmon,1,1966498,PC01.example.corp,"Image: C:\Windows\System32\Utilman.exe
RuleName: ''
Description: Utility Manager
TerminalSessionId: 2
ParentCommandLine: winlogon.exe
Product: Microsoft® Windows® Operating System
Company: Microsoft Corporation
ParentProcessId: 3700
LogonGuid: 365ABB72-528D-5C91-0000-0020E7030000
Hashes: MD5=7B9602D3475967F149C1A2C3E2B75A79,IMPHASH=DCF0CD9257282658699A95E5364092B8
ParentProcessGuid: 365ABB72-57F4-5C91-0000-001070930900
ProcessId: 3204
CurrentDirectory: C:\Windows\system32\
ProcessGuid: 365ABB72-57F7-5C91-0000-001008B30900
CommandLine: utilman.exe /debug
FileVersion: 6.1.7600.16385 (win7_rtm.090713-1255)
User: NT AUTHORITY\SYSTEM
LogonId: '0x3e7'
IntegrityLevel: System
ParentImage: C:\Windows\System32\winlogon.exe
UtcTime: 2019-03-19 20:58:31.719
"
2019-03-19T20:58:35.745656+00:00,HackTool - CrackMapExec Process Patterns;Hacktool - EDR-Freeze Execution;UAC Bypass Using NTFS Reparse Point - Process,data/EVTX-ATTACK-SAMPLES/Persistence/persistence_sysmon_11_13_1_shime_appfix.evtx,1,Microsoft-Windows-Sysmon,1,1966500,PC01.example.corp,"Image: C:\osk.exe
RuleName: ''
Description: Windows Command Processor
TerminalSessionId: 2
ParentCommandLine: utilman.exe /debug
Product: Microsoft® Windows® Operating System
Company: Microsoft Corporation
ParentProcessId: 3204
LogonGuid: 365ABB72-528D-5C91-0000-0020E7030000
Hashes: MD5=AD7B9C14083B52BC532FBA5948342B98,IMPHASH=CEEFB55F764020CC5C5F8F23349AB163
ParentProcessGuid: 365ABB72-57F7-5C91-0000-001008B30900
ProcessId: 2128
CurrentDirectory: C:\Windows\system32\
ProcessGuid: 365ABB72-57FB-5C91-0000-00104FD40900
CommandLine: '""c:\osk.exe"" '
FileVersion: 6.1.7601.17514 (win7sp1_rtm.101119-1850)
User: NT AUTHORITY\SYSTEM
LogonId: '0x3e7'
IntegrityLevel: System
ParentImage: C:\Windows\System32\Utilman.exe
UtcTime: 2019-03-19 20:58:35.645
"
