2019-03-19T20:41:15.154291+00:00,HackTool - CrackMapExec Process Patterns;Hacktool - EDR-Freeze Execution;Suspicious SYSTEM User Process Creation;UAC Bypass Using NTFS Reparse Point - Process,data/EVTX-ATTACK-SAMPLES/Persistence/persistence_sysmon_11_13_1_shime_appfix.evtx,1,Microsoft-Windows-Sysmon,1,1966253,PC01.example.corp,"Image: C:\Windows\System32\calc.exe
RuleName: ''
Description: Windows Calculator
TerminalSessionId: 0
ParentCommandLine: C:\Windows\system32\services.exe
Product: Microsoft® Windows® Operating System
Company: Microsoft Corporation
ParentProcessId: 484
LogonGuid: 365ABB72-528D-5C91-0000-0020E7030000
Hashes: MD5=60B7C0FEAD45F2066E5B805A91F4F0FC,IMPHASH=F93B5D76132F6E6068946EC238813CE1
ParentProcessGuid: 365ABB72-528D-5C91-0000-001062560000
ProcessId: 1676
CurrentDirectory: C:\Windows\system32\
ProcessGuid: 365ABB72-52B4-5C91-0000-0010C25D0100
CommandLine: calc.exe
FileVersion: 6.1.7600.16385 (win7_rtm.090713-1255)
User: NT AUTHORITY\SYSTEM
LogonId: '0x3e7'
IntegrityLevel: System
ParentImage: C:\Windows\System32\services.exe
UtcTime: 2019-03-19 20:36:04.383
"
2019-03-19T20:41:15.424680+00:00,HackTool - CrackMapExec Process Patterns;Hacktool - EDR-Freeze Execution;UAC Bypass Using NTFS Reparse Point - Process,data/EVTX-ATTACK-SAMPLES/Persistence/persistence_sysmon_11_13_1_shime_appfix.evtx,1,Microsoft-Windows-Sysmon,1,1966257,PC01.example.corp,"Image: C:\Program Files\freeSSHd\FreeSSHDService.exe
RuleName: ''
Description: FreeSSHDService Module
TerminalSessionId: 0
ParentCommandLine: C:\Windows\system32\services.exe
Product: FreeSSHDService Module
Company: '?'
ParentProcessId: 484
LogonGuid: 365ABB72-528D-5C91-0000-0020E7030000
Hashes: MD5=A25C33FB549D90018DBEEC40BB07D543,IMPHASH=7F9889AF456EB5817D1D8BF79A7AD2AB
ParentProcessGuid: 365ABB72-528D-5C91-0000-001062560000
ProcessId: 1788
CurrentDirectory: C:\Windows\system32\
ProcessGuid: 365ABB72-52CE-5C91-0000-00106F720100
CommandLine: '""C:\Program Files\freeSSHd\FreeSSHDService.exe""'
FileVersion: 1, 3, 1, 26
User: NT AUTHORITY\SYSTEM
LogonId: '0x3e7'
IntegrityLevel: System
ParentImage: C:\Windows\System32\services.exe
UtcTime: 2019-03-19 20:36:30.684
"
2019-03-19T20:41:15.424680+00:00,HackTool - CrackMapExec Process Patterns;Hacktool - EDR-Freeze Execution;Suspicious SYSTEM User Process Creation;UAC Bypass Using NTFS Reparse Point - Process,data/EVTX-ATTACK-SAMPLES/Persistence/persistence_sysmon_11_13_1_shime_appfix.evtx,1,Microsoft-Windows-Sysmon,1,1966258,PC01.example.corp,"Image: C:\Windows\System32\calc.exe
RuleName: ''
Description: Windows Calculator
TerminalSessionId: 0
ParentCommandLine: C:\Windows\system32\services.exe
Product: Microsoft® Windows® Operating System
Company: Microsoft Corporation
ParentProcessId: 484
LogonGuid: 365ABB72-528D-5C91-0000-0020E7030000
Hashes: MD5=60B7C0FEAD45F2066E5B805A91F4F0FC,IMPHASH=F93B5D76132F6E6068946EC238813CE1
ParentProcessGuid: 365ABB72-528D-5C91-0000-001062560000
ProcessId: 1820
CurrentDirectory: C:\Windows\system32\
ProcessGuid: 365ABB72-52CE-5C91-0000-00109D740100
CommandLine: calc.exe
FileVersion: 6.1.7600.16385 (win7_rtm.090713-1255)
User: NT AUTHORITY\SYSTEM
LogonId: '0x3e7'
IntegrityLevel: System
ParentImage: C:\Windows\System32\services.exe
UtcTime: 2019-03-19 20:36:30.745
"
2019-03-19T20:41:15.454723+00:00,Suspicious Double Extension Files,data/EVTX-ATTACK-SAMPLES/Persistence/persistence_sysmon_11_13_1_shime_appfix.evtx,1,Microsoft-Windows-Sysmon,11,1966259,PC01.example.corp,"ProcessGuid: 365ABB72-52CE-5C91-0000-00106F720100
CreationUtcTime: 2019-02-13 12:42:37.010
UtcTime: 2019-03-19 20:36:30.807
ProcessId: 1788
RuleName: ''
TargetFilename: C:\Windows\Temp\wodCmdTerm.exe
Image: C:\Program Files\freeSSHd\FreeSSHDService.exe
"
2019-03-19T20:41:15.514809+00:00,HackTool - CrackMapExec Process Patterns;Hacktool - EDR-Freeze Execution;Suspicious SYSTEM User Process Creation;UAC Bypass Using NTFS Reparse Point - Process,data/EVTX-ATTACK-SAMPLES/Persistence/persistence_sysmon_11_13_1_shime_appfix.evtx,1,Microsoft-Windows-Sysmon,1,1966263,PC01.example.corp,"Image: C:\Windows\System32\calc.exe
RuleName: ''
Description: Windows Calculator
TerminalSessionId: 0
ParentCommandLine: C:\Windows\system32\services.exe
Product: Microsoft® Windows® Operating System
Company: Microsoft Corporation
ParentProcessId: 484
LogonGuid: 365ABB72-528D-5C91-0000-0020E7030000
Hashes: MD5=60B7C0FEAD45F2066E5B805A91F4F0FC,IMPHASH=F93B5D76132F6E6068946EC238813CE1
ParentProcessGuid: 365ABB72-528D-5C91-0000-001062560000
ProcessId: 1948
CurrentDirectory: C:\Windows\system32\
ProcessGuid: 365ABB72-52EC-5C91-0000-001027860100
CommandLine: calc.exe
FileVersion: 6.1.7600.16385 (win7_rtm.090713-1255)
User: NT AUTHORITY\SYSTEM
LogonId: '0x3e7'
IntegrityLevel: System
ParentImage: C:\Windows\System32\services.exe
UtcTime: 2019-03-19 20:37:00.526
"
2019-03-19T20:41:15.795212+00:00,HackTool - CrackMapExec Process Patterns;Hacktool - EDR-Freeze Execution;Suspicious SYSTEM User Process Creation;UAC Bypass Using NTFS Reparse Point - Process,data/EVTX-ATTACK-SAMPLES/Persistence/persistence_sysmon_11_13_1_shime_appfix.evtx,1,Microsoft-Windows-Sysmon,1,1966265,PC01.example.corp,"Image: C:\Windows\System32\calc.exe
RuleName: ''
Description: Windows Calculator
TerminalSessionId: 0
ParentCommandLine: C:\Windows\system32\services.exe
Product: Microsoft® Windows® Operating System
Company: Microsoft Corporation
ParentProcessId: 484
LogonGuid: 365ABB72-528D-5C91-0000-0020E7030000
Hashes: MD5=60B7C0FEAD45F2066E5B805A91F4F0FC,IMPHASH=F93B5D76132F6E6068946EC238813CE1
ParentProcessGuid: 365ABB72-528D-5C91-0000-001062560000
ProcessId: 304
CurrentDirectory: C:\Windows\system32\
ProcessGuid: 365ABB72-5310-5C91-0000-001096A90100
CommandLine: calc.exe
FileVersion: 6.1.7600.16385 (win7_rtm.090713-1255)
User: NT AUTHORITY\SYSTEM
LogonId: '0x3e7'
IntegrityLevel: System
ParentImage: C:\Windows\System32\services.exe
UtcTime: 2019-03-19 20:37:36.078
"
2019-03-19T20:41:15.835270+00:00,HackTool - CrackMapExec Process Patterns;Hacktool - EDR-Freeze Execution;Suspicious SYSTEM User Process Creation;UAC Bypass Using NTFS Reparse Point - Process,data/EVTX-ATTACK-SAMPLES/Persistence/persistence_sysmon_11_13_1_shime_appfix.evtx,1,Microsoft-Windows-Sysmon,1,1966268,PC01.example.corp,"Image: C:\Windows\System32\calc.exe
RuleName: ''
Description: Windows Calculator
TerminalSessionId: 0
ParentCommandLine: C:\Windows\system32\services.exe
Product: Microsoft® Windows® Operating System
Company: Microsoft Corporation
ParentProcessId: 484
LogonGuid: 365ABB72-528D-5C91-0000-0020E7030000
Hashes: MD5=60B7C0FEAD45F2066E5B805A91F4F0FC,IMPHASH=F93B5D76132F6E6068946EC238813CE1
ParentProcessGuid: 365ABB72-528D-5C91-0000-001062560000
ProcessId: 432
CurrentDirectory: C:\Windows\system32\
ProcessGuid: 365ABB72-532B-5C91-0000-00100EB40100
CommandLine: calc.exe
FileVersion: 6.1.7600.16385 (win7_rtm.090713-1255)
User: NT AUTHORITY\SYSTEM
LogonId: '0x3e7'
IntegrityLevel: System
ParentImage: C:\Windows\System32\services.exe
UtcTime: 2019-03-19 20:38:03.336
"
2019-03-19T20:41:15.865313+00:00,HackTool - CrackMapExec Process Patterns;Hacktool - EDR-Freeze Execution;UAC Bypass Using NTFS Reparse Point - Process,data/EVTX-ATTACK-SAMPLES/Persistence/persistence_sysmon_11_13_1_shime_appfix.evtx,1,Microsoft-Windows-Sysmon,1,1966269,PC01.example.corp,"Image: C:\Windows\System32\taskhost.exe
RuleName: ''
Description: Host Process for Windows Tasks
TerminalSessionId: 0
ParentCommandLine: C:\Windows\system32\services.exe
Product: Microsoft® Windows® Operating System
Company: Microsoft Corporation
ParentProcessId: 484
LogonGuid: 365ABB72-528F-5C91-0000-0020E5030000
Hashes: MD5=72E953215CADE1A726C04AAFDF6B463D,IMPHASH=5220133EC95DDFD6117BEE60F87837A2
ParentProcessGuid: 365ABB72-528D-5C91-0000-001062560000
ProcessId: 580
CurrentDirectory: C:\Windows\system32\
ProcessGuid: 365ABB72-5344-5C91-0000-001032BC0100
CommandLine: taskhost.exe $(Arg0)
FileVersion: 6.1.7600.16385 (win7_rtm.090713-1255)
User: NT AUTHORITY\LOCAL SERVICE
LogonId: '0x3e5'
IntegrityLevel: System
ParentImage: C:\Windows\System32\services.exe
UtcTime: 2019-03-19 20:38:28.265
"
2019-03-19T20:41:15.885342+00:00,HackTool - CrackMapExec Process Patterns;Hacktool - EDR-Freeze Execution;Suspicious SYSTEM User Process Creation;UAC Bypass Using NTFS Reparse Point - Process,data/EVTX-ATTACK-SAMPLES/Persistence/persistence_sysmon_11_13_1_shime_appfix.evtx,1,Microsoft-Windows-Sysmon,1,1966270,PC01.example.corp,"Image: C:\Windows\System32\calc.exe
RuleName: ''
Description: Windows Calculator
TerminalSessionId: 0
ParentCommandLine: C:\Windows\system32\services.exe
Product: Microsoft® Windows® Operating System
Company: Microsoft Corporation
ParentProcessId: 484
LogonGuid: 365ABB72-528D-5C91-0000-0020E7030000
Hashes: MD5=60B7C0FEAD45F2066E5B805A91F4F0FC,IMPHASH=F93B5D76132F6E6068946EC238813CE1
ParentProcessGuid: 365ABB72-528D-5C91-0000-001062560000
ProcessId: 1156
CurrentDirectory: C:\Windows\system32\
ProcessGuid: 365ABB72-5345-5C91-0000-001019C40100
CommandLine: calc.exe
FileVersion: 6.1.7600.16385 (win7_rtm.090713-1255)
User: NT AUTHORITY\SYSTEM
LogonId: '0x3e7'
IntegrityLevel: System
ParentImage: C:\Windows\System32\services.exe
UtcTime: 2019-03-19 20:38:29.091
"
2019-03-19T20:41:15.915385+00:00,HackTool - CrackMapExec Process Patterns;Hacktool - EDR-Freeze Execution;Suspicious SYSTEM User Process Creation;UAC Bypass Using NTFS Reparse Point - Process,data/EVTX-ATTACK-SAMPLES/Persistence/persistence_sysmon_11_13_1_shime_appfix.evtx,1,Microsoft-Windows-Sysmon,1,1966271,PC01.example.corp,"Image: C:\Windows\System32\calc.exe
RuleName: ''
Description: Windows Calculator
TerminalSessionId: 0
ParentCommandLine: C:\Windows\system32\services.exe
Product: Microsoft® Windows® Operating System
Company: Microsoft Corporation
ParentProcessId: 484
LogonGuid: 365ABB72-528D-5C91-0000-0020E7030000
Hashes: MD5=60B7C0FEAD45F2066E5B805A91F4F0FC,IMPHASH=F93B5D76132F6E6068946EC238813CE1
ParentProcessGuid: 365ABB72-528D-5C91-0000-001062560000
ProcessId: 1280
CurrentDirectory: C:\Windows\system32\
ProcessGuid: 365ABB72-5366-5C91-0000-00109FCD0100
CommandLine: calc.exe
FileVersion: 6.1.7600.16385 (win7_rtm.090713-1255)
User: NT AUTHORITY\SYSTEM
LogonId: '0x3e7'
IntegrityLevel: System
ParentImage: C:\Windows\System32\services.exe
UtcTime: 2019-03-19 20:39:02.642
"
2019-03-19T20:41:15.995500+00:00,HackTool - CrackMapExec Process Patterns;Hacktool - EDR-Freeze Execution;Suspicious SYSTEM User Process Creation;UAC Bypass Using NTFS Reparse Point - Process,data/EVTX-ATTACK-SAMPLES/Persistence/persistence_sysmon_11_13_1_shime_appfix.evtx,1,Microsoft-Windows-Sysmon,1,1966274,PC01.example.corp,"Image: C:\Windows\System32\calc.exe
RuleName: ''
Description: Windows Calculator
TerminalSessionId: 0
ParentCommandLine: C:\Windows\system32\services.exe
Product: Microsoft® Windows® Operating System
Company: Microsoft Corporation
ParentProcessId: 484
LogonGuid: 365ABB72-528D-5C91-0000-0020E7030000
Hashes: MD5=60B7C0FEAD45F2066E5B805A91F4F0FC,IMPHASH=F93B5D76132F6E6068946EC238813CE1
ParentProcessGuid: 365ABB72-528D-5C91-0000-001062560000
ProcessId: 1472
CurrentDirectory: C:\Windows\system32\
ProcessGuid: 365ABB72-5384-5C91-0000-0010F5D70100
CommandLine: calc.exe
FileVersion: 6.1.7600.16385 (win7_rtm.090713-1255)
User: NT AUTHORITY\SYSTEM
LogonId: '0x3e7'
IntegrityLevel: System
ParentImage: C:\Windows\System32\services.exe
UtcTime: 2019-03-19 20:39:32.044
"
2019-03-19T20:41:16.065601+00:00,HackTool - CrackMapExec Process Patterns;Hacktool - EDR-Freeze Execution;UAC Bypass Using NTFS Reparse Point - Process,data/EVTX-ATTACK-SAMPLES/Persistence/persistence_sysmon_11_13_1_shime_appfix.evtx,1,Microsoft-Windows-Sysmon,1,1966277,PC01.example.corp,"Image: C:\Windows\Sysmon.exe
RuleName: ''
Description: System activity monitor
TerminalSessionId: 0
ParentCommandLine: C:\Windows\system32\services.exe
Product: Sysinternals Sysmon
Company: Sysinternals - www.sysinternals.com
ParentProcessId: 484
LogonGuid: 365ABB72-528D-5C91-0000-0020E7030000
Hashes: MD5=BB075FF44504C8B59FF0AD1A8311DDBF,IMPHASH=99D9920F81355D14D898A62304B93503
ParentProcessGuid: 365ABB72-528D-5C91-0000-001062560000
ProcessId: 1564
CurrentDirectory: C:\Windows\system32\
ProcessGuid: 365ABB72-53A2-5C91-0000-00101FE20100
CommandLine: C:\Windows\Sysmon.exe
FileVersion: '8.00'
User: NT AUTHORITY\SYSTEM
LogonId: '0x3e7'
IntegrityLevel: System
ParentImage: C:\Windows\System32\services.exe
UtcTime: 2019-03-19 20:40:02.164
"
2019-03-19T20:41:16.135702+00:00,HackTool - CrackMapExec Process Patterns;Hacktool - EDR-Freeze Execution;Suspicious SYSTEM User Process Creation;UAC Bypass Using NTFS Reparse Point - Process,data/EVTX-ATTACK-SAMPLES/Persistence/persistence_sysmon_11_13_1_shime_appfix.evtx,1,Microsoft-Windows-Sysmon,1,1966278,PC01.example.corp,"Image: C:\Windows\System32\calc.exe
RuleName: ''
Description: Windows Calculator
TerminalSessionId: 0
ParentCommandLine: C:\Windows\system32\services.exe
Product: Microsoft® Windows® Operating System
Company: Microsoft Corporation
ParentProcessId: 484
LogonGuid: 365ABB72-528D-5C91-0000-0020E7030000
Hashes: MD5=60B7C0FEAD45F2066E5B805A91F4F0FC,IMPHASH=F93B5D76132F6E6068946EC238813CE1
ParentProcessGuid: 365ABB72-528D-5C91-0000-001062560000
ProcessId: 1744
CurrentDirectory: C:\Windows\system32\
ProcessGuid: 365ABB72-53A2-5C91-0000-001093E70100
CommandLine: calc.exe
FileVersion: 6.1.7600.16385 (win7_rtm.090713-1255)
User: NT AUTHORITY\SYSTEM
LogonId: '0x3e7'
IntegrityLevel: System
ParentImage: C:\Windows\System32\services.exe
UtcTime: 2019-03-19 20:40:02.295
"
2019-03-19T20:41:16.406091+00:00,HackTool - CrackMapExec Process Patterns;Hacktool - EDR-Freeze Execution;Suspicious SYSTEM User Process Creation;UAC Bypass Using NTFS Reparse Point - Process,data/EVTX-ATTACK-SAMPLES/Persistence/persistence_sysmon_11_13_1_shime_appfix.evtx,1,Microsoft-Windows-Sysmon,1,1966282,PC01.example.corp,"Image: C:\Windows\System32\calc.exe
RuleName: ''
Description: Windows Calculator
TerminalSessionId: 0
ParentCommandLine: C:\Windows\system32\services.exe
Product: Microsoft® Windows® Operating System
Company: Microsoft Corporation
ParentProcessId: 484
LogonGuid: 365ABB72-528D-5C91-0000-0020E7030000
Hashes: MD5=60B7C0FEAD45F2066E5B805A91F4F0FC,IMPHASH=F93B5D76132F6E6068946EC238813CE1
ParentProcessGuid: 365ABB72-528D-5C91-0000-001062560000
ProcessId: 1600
CurrentDirectory: C:\Windows\system32\
ProcessGuid: 365ABB72-53C0-5C91-0000-001044FC0100
CommandLine: calc.exe
FileVersion: 6.1.7600.16385 (win7_rtm.090713-1255)
User: NT AUTHORITY\SYSTEM
LogonId: '0x3e7'
IntegrityLevel: System
ParentImage: C:\Windows\System32\services.exe
UtcTime: 2019-03-19 20:40:32.315
"
2019-03-19T20:41:16.436134+00:00,HackTool - CrackMapExec Process Patterns;Hacktool - EDR-Freeze Execution;UAC Bypass Using NTFS Reparse Point - Process,data/EVTX-ATTACK-SAMPLES/Persistence/persistence_sysmon_11_13_1_shime_appfix.evtx,1,Microsoft-Windows-Sysmon,1,1966283,PC01.example.corp,"Image: C:\Windows\System32\wlms\wlms.exe
RuleName: ''
Description: Windows License Monitoring Service
TerminalSessionId: 0
ParentCommandLine: C:\Windows\system32\services.exe
Product: Microsoft® Windows® Operating System
Company: Microsoft Corporation
ParentProcessId: 484
LogonGuid: 365ABB72-528D-5C91-0000-0020E7030000
Hashes: MD5=5A0859CC41ED4598D9AAFD688AB873A8,IMPHASH=A24508508C276AB05C01E4965878D2F9
ParentProcessGuid: 365ABB72-528D-5C91-0000-001062560000
ProcessId: 1904
CurrentDirectory: C:\Windows\system32\
ProcessGuid: 365ABB72-53DE-5C91-0000-00105C050200
CommandLine: C:\Windows\system32\wlms\wlms.exe
FileVersion: 6.1.7600.16385 (win7_rtm.090713-1255)
User: NT AUTHORITY\SYSTEM
LogonId: '0x3e7'
IntegrityLevel: System
ParentImage: C:\Windows\System32\services.exe
UtcTime: 2019-03-19 20:41:02.335
"
2019-03-19T20:41:16.626408+00:00,HackTool - CrackMapExec Process Patterns;Hacktool - EDR-Freeze Execution;UAC Bypass Using NTFS Reparse Point - Process,data/EVTX-ATTACK-SAMPLES/Persistence/persistence_sysmon_11_13_1_shime_appfix.evtx,1,Microsoft-Windows-Sysmon,1,1966291,PC01.example.corp,"Image: C:\Windows\System32\wbem\unsecapp.exe
RuleName: ''
Description: Sink to receive asynchronous callbacks for WMI client application
TerminalSessionId: 0
ParentCommandLine: C:\Windows\system32\svchost.exe -k DcomLaunch
Product: Microsoft® Windows® Operating System
Company: Microsoft Corporation
ParentProcessId: 632
LogonGuid: 365ABB72-528D-5C91-0000-0020E7030000
Hashes: MD5=B042D6B383FEC85D73D09DB92F807713,IMPHASH=227D81C5224C7437AE46E793D9114B4D
ParentProcessGuid: 365ABB72-528F-5C91-0000-001073780000
ProcessId: 1980
CurrentDirectory: C:\Windows\system32\
ProcessGuid: 365ABB72-53DE-5C91-0000-00104D160200
CommandLine: C:\Windows\system32\wbem\unsecapp.exe -Embedding
FileVersion: 6.1.7600.16385 (win7_rtm.090713-1255)
User: NT AUTHORITY\SYSTEM
LogonId: '0x3e7'
IntegrityLevel: System
ParentImage: C:\Windows\System32\svchost.exe
UtcTime: 2019-03-19 20:41:02.646
"
2019-03-19T20:41:17.026984+00:00,HackTool - CrackMapExec Process Patterns;Hacktool - EDR-Freeze Execution;UAC Bypass Using NTFS Reparse Point - Process,data/EVTX-ATTACK-SAMPLES/Persistence/persistence_sysmon_11_13_1_shime_appfix.evtx,1,Microsoft-Windows-Sysmon,1,1966296,PC01.example.corp,"Image: C:\Windows\System32\UI0Detect.exe
RuleName: ''
Description: Interactive services detection
TerminalSessionId: 0
ParentCommandLine: C:\Windows\system32\services.exe
Product: Microsoft® Windows® Operating System
Company: Microsoft Corporation
ParentProcessId: 484
LogonGuid: 365ABB72-528D-5C91-0000-0020E7030000
Hashes: MD5=8344FD4FCE927880AA1AA7681D4927E5,IMPHASH=5DE0CABE853D959C3319B51C8EC562E6
ParentProcessGuid: 365ABB72-528D-5C91-0000-001062560000
ProcessId: 2040
CurrentDirectory: C:\Windows\system32\
ProcessGuid: 365ABB72-53DF-5C91-0000-0010452D0200
CommandLine: C:\Windows\system32\UI0Detect.exe
FileVersion: 6.1.7600.16385 (win7_rtm.090713-1255)
User: NT AUTHORITY\SYSTEM
LogonId: '0x3e7'
IntegrityLevel: System
ParentImage: C:\Windows\System32\services.exe
UtcTime: 2019-03-19 20:41:03.447
"
2019-03-19T20:41:22.404716+00:00,HackTool - CrackMapExec Process Patterns;Hacktool - EDR-Freeze Execution;UAC Bypass Using NTFS Reparse Point - Process,data/EVTX-ATTACK-SAMPLES/Persistence/persistence_sysmon_11_13_1_shime_appfix.evtx,1,Microsoft-Windows-Sysmon,1,1966309,PC01.example.corp,"Image: C:\Windows\System32\taskhost.exe
RuleName: ''
Description: Host Process for Windows Tasks
TerminalSessionId: 0
ParentCommandLine: C:\Windows\system32\services.exe
Product: Microsoft® Windows® Operating System
Company: Microsoft Corporation
ParentProcessId: 484
LogonGuid: 365ABB72-528D-5C91-0000-0020E7030000
Hashes: MD5=72E953215CADE1A726C04AAFDF6B463D,IMPHASH=5220133EC95DDFD6117BEE60F87837A2
ParentProcessGuid: 365ABB72-528D-5C91-0000-001062560000
ProcessId: 2464
CurrentDirectory: C:\Windows\system32\
ProcessGuid: 365ABB72-53F2-5C91-0000-001081FE0200
CommandLine: taskhost.exe SYSTEM
FileVersion: 6.1.7600.16385 (win7_rtm.090713-1255)
User: NT AUTHORITY\SYSTEM
LogonId: '0x3e7'
IntegrityLevel: System
ParentImage: C:\Windows\System32\services.exe
UtcTime: 2019-03-19 20:41:22.404
"
2019-03-19T20:42:00.148990+00:00,Hacktool - EDR-Freeze Execution;UAC Bypass Using NTFS Reparse Point - Process,data/EVTX-ATTACK-SAMPLES/Persistence/persistence_sysmon_11_13_1_shime_appfix.evtx,1,Microsoft-Windows-Sysmon,1,1966315,PC01.example.corp,"Image: C:\Windows\System32\taskhost.exe
RuleName: ''
Description: Host Process for Windows Tasks
TerminalSessionId: 1
ParentCommandLine: C:\Windows\system32\services.exe
Product: Microsoft® Windows® Operating System
Company: Microsoft Corporation
ParentProcessId: 484
LogonGuid: 365ABB72-5417-5C91-0000-002035340300
Hashes: MD5=72E953215CADE1A726C04AAFDF6B463D,IMPHASH=5220133EC95DDFD6117BEE60F87837A2
ParentProcessGuid: 365ABB72-528D-5C91-0000-001062560000
ProcessId: 2640
CurrentDirectory: C:\Windows\system32\
ProcessGuid: 365ABB72-5418-5C91-0000-001089390300
CommandLine: '""taskhost.exe""'
FileVersion: 6.1.7600.16385 (win7_rtm.090713-1255)
User: EXAMPLE\user01
LogonId: '0x33435'
IntegrityLevel: High
ParentImage: C:\Windows\System32\services.exe
UtcTime: 2019-03-19 20:42:00.118
"
2019-03-19T20:42:00.329249+00:00,Hacktool - EDR-Freeze Execution;UAC Bypass Using NTFS Reparse Point - Process,data/EVTX-ATTACK-SAMPLES/Persistence/persistence_sysmon_11_13_1_shime_appfix.evtx,1,Microsoft-Windows-Sysmon,1,1966316,PC01.example.corp,"Image: C:\Windows\System32\AtBroker.exe
RuleName: ''
Description: Transitions Accessible technologies between desktops
TerminalSessionId: 1
ParentCommandLine: winlogon.exe
Product: Microsoft® Windows® Operating System
Company: Microsoft Corporation
ParentProcessId: 516
LogonGuid: 365ABB72-5417-5C91-0000-002035340300
Hashes: MD5=3CA2BB895E204478C7A4C9BAF70970CE,IMPHASH=4B8AA723CCFC5B2FBA6ED3D8F3557DE3
ParentProcessGuid: 365ABB72-528D-5C91-0000-00100C580000
ProcessId: 2684
CurrentDirectory: C:\Windows\system32\
ProcessGuid: 365ABB72-5418-5C91-0000-0010BF400300
CommandLine: atbroker.exe
FileVersion: 6.1.7600.16385 (win7_rtm.090713-1255)
User: EXAMPLE\user01
LogonId: '0x33435'
IntegrityLevel: High
ParentImage: C:\Windows\System32\winlogon.exe
UtcTime: 2019-03-19 20:42:00.249
"
2019-03-19T20:42:00.419379+00:00,Hacktool - EDR-Freeze Execution;UAC Bypass Using NTFS Reparse Point - Process,data/EVTX-ATTACK-SAMPLES/Persistence/persistence_sysmon_11_13_1_shime_appfix.evtx,1,Microsoft-Windows-Sysmon,1,1966317,PC01.example.corp,"Image: C:\Windows\System32\slui.exe
RuleName: ''
Description: Windows Activation Client
TerminalSessionId: 1
ParentCommandLine: winlogon.exe
Product: Microsoft® Windows® Operating System
Company: Microsoft Corporation
ParentProcessId: 516
LogonGuid: 365ABB72-5417-5C91-0000-002035340300
Hashes: MD5=D861EB4D6719D6738270E6A376B87F18,IMPHASH=B54B63A98C9E12C1902D75D180ABBF38
ParentProcessGuid: 365ABB72-528D-5C91-0000-00100C580000
ProcessId: 2692
CurrentDirectory: C:\Windows\system32\
ProcessGuid: 365ABB72-5418-5C91-0000-001076420300
CommandLine: '""C:\Windows\system32\slui.exe""'
FileVersion: 6.1.7600.16385 (win7_rtm.090713-1255)
User: EXAMPLE\user01
LogonId: '0x33435'
IntegrityLevel: High
ParentImage: C:\Windows\System32\winlogon.exe
UtcTime: 2019-03-19 20:42:00.279
"
2019-03-19T20:42:00.489480+00:00,Hacktool - EDR-Freeze Execution;UAC Bypass Using NTFS Reparse Point - Process,data/EVTX-ATTACK-SAMPLES/Persistence/persistence_sysmon_11_13_1_shime_appfix.evtx,1,Microsoft-Windows-Sysmon,1,1966318,PC01.example.corp,"Image: C:\Windows\System32\slui.exe
RuleName: ''
Description: Windows Activation Client
TerminalSessionId: 1
ParentCommandLine: C:\Windows\system32\svchost.exe -k DcomLaunch
Product: Microsoft® Windows® Operating System
Company: Microsoft Corporation
ParentProcessId: 632
LogonGuid: 365ABB72-5417-5C91-0000-002035340300
Hashes: MD5=D861EB4D6719D6738270E6A376B87F18,IMPHASH=B54B63A98C9E12C1902D75D180ABBF38
ParentProcessGuid: 365ABB72-528F-5C91-0000-001073780000
ProcessId: 2756
CurrentDirectory: C:\Windows\system32\
ProcessGuid: 365ABB72-5418-5C91-0000-0010784B0300
CommandLine: C:\Windows\System32\slui.exe -Embedding
FileVersion: 6.1.7600.16385 (win7_rtm.090713-1255)
User: EXAMPLE\user01
LogonId: '0x33435'
IntegrityLevel: High
ParentImage: C:\Windows\System32\svchost.exe
UtcTime: 2019-03-19 20:42:00.449
"
2019-03-19T20:42:37.392544+00:00,Gpscript Execution;Hacktool - EDR-Freeze Execution;UAC Bypass Using NTFS Reparse Point - Process,data/EVTX-ATTACK-SAMPLES/Persistence/persistence_sysmon_11_13_1_shime_appfix.evtx,1,Microsoft-Windows-Sysmon,1,1966326,PC01.example.corp,"Image: C:\Windows\System32\gpscript.exe
RuleName: ''
Description: Group Policy Script Application
TerminalSessionId: 1
ParentCommandLine: C:\Windows\system32\svchost.exe -k GPSvcGroup
Product: Microsoft® Windows® Operating System
Company: Microsoft Corporation
ParentProcessId: 1136
LogonGuid: 365ABB72-5417-5C91-0000-002035340300
Hashes: MD5=C0DC9F7398238C17E480BCBF2C080B25,IMPHASH=EA27F796BAA77700F4D97A01CA10AD24
ParentProcessGuid: 365ABB72-5290-5C91-0000-00104C100100
ProcessId: 2948
CurrentDirectory: C:\Windows\system32\
ProcessGuid: 365ABB72-543D-5C91-0000-00102FA20300
CommandLine: gpscript.exe /Logon
FileVersion: 6.1.7601.23452 (win7sp1_ldr.160512-0600)
User: EXAMPLE\user01
LogonId: '0x33435'
IntegrityLevel: High
ParentImage: C:\Windows\System32\svchost.exe
UtcTime: 2019-03-19 20:42:37.382
"
2019-03-19T20:42:37.432601+00:00,Hacktool - EDR-Freeze Execution;UAC Bypass Using NTFS Reparse Point - Process,data/EVTX-ATTACK-SAMPLES/Persistence/persistence_sysmon_11_13_1_shime_appfix.evtx,1,Microsoft-Windows-Sysmon,1,1966327,PC01.example.corp,"Image: C:\Windows\System32\userinit.exe
RuleName: ''
Description: Userinit Logon Application
TerminalSessionId: 1
ParentCommandLine: winlogon.exe
Product: Microsoft® Windows® Operating System
Company: Microsoft Corporation
ParentProcessId: 516
LogonGuid: 365ABB72-5417-5C91-0000-002035340300
Hashes: MD5=61AC3EFDFACFDD3F0F11DD4FD4044223,IMPHASH=DA2666D3347F129193AB91A0EAB85C0C
ParentProcessGuid: 365ABB72-528D-5C91-0000-00100C580000
ProcessId: 2960
CurrentDirectory: C:\Windows\system32\
ProcessGuid: 365ABB72-543D-5C91-0000-001099A30300
CommandLine: C:\Windows\system32\userinit.exe
FileVersion: 6.1.7600.16385 (win7_rtm.090713-1255)
User: EXAMPLE\user01
LogonId: '0x33435'
IntegrityLevel: High
ParentImage: C:\Windows\System32\winlogon.exe
UtcTime: 2019-03-19 20:42:37.402
"
2019-03-19T20:42:37.602846+00:00,Hacktool - EDR-Freeze Execution;UAC Bypass Using NTFS Reparse Point - Process,data/EVTX-ATTACK-SAMPLES/Persistence/persistence_sysmon_11_13_1_shime_appfix.evtx,1,Microsoft-Windows-Sysmon,1,1966328,PC01.example.corp,"Image: C:\Windows\explorer.exe
RuleName: ''
Description: Windows Explorer
TerminalSessionId: 1
ParentCommandLine: C:\Windows\system32\userinit.exe
Product: Microsoft® Windows® Operating System
Company: Microsoft Corporation
ParentProcessId: 2960
LogonGuid: 365ABB72-5417-5C91-0000-002035340300
Hashes: MD5=6DDCA324434FFA506CF7DC4E51DB7935,IMPHASH=F0EE25FD4D9035DAD1913FAFFD4A4B87
ParentProcessGuid: 365ABB72-543D-5C91-0000-001099A30300
ProcessId: 2984
CurrentDirectory: C:\Windows\system32\
ProcessGuid: 365ABB72-543D-5C91-0000-001099A60300
CommandLine: C:\Windows\Explorer.EXE
FileVersion: 6.1.7600.16385 (win7_rtm.090713-1255)
User: EXAMPLE\user01
LogonId: '0x33435'
IntegrityLevel: High
ParentImage: C:\Windows\System32\userinit.exe
UtcTime: 2019-03-19 20:42:37.482
"
2019-03-19T20:42:38.654358+00:00,Hacktool - EDR-Freeze Execution;UAC Bypass Using NTFS Reparse Point - Process,data/EVTX-ATTACK-SAMPLES/Persistence/persistence_sysmon_11_13_1_shime_appfix.evtx,1,Microsoft-Windows-Sysmon,1,1966330,PC01.example.corp,"Image: C:\Windows\System32\cmd.exe
RuleName: ''
Description: Windows Command Processor
TerminalSessionId: 1
ParentCommandLine: C:\Windows\Explorer.EXE
Product: Microsoft® Windows® Operating System
Company: Microsoft Corporation
ParentProcessId: 2984
LogonGuid: 365ABB72-5417-5C91-0000-002035340300
Hashes: MD5=AD7B9C14083B52BC532FBA5948342B98,IMPHASH=CEEFB55F764020CC5C5F8F23349AB163
ParentProcessGuid: 365ABB72-543D-5C91-0000-001099A60300
ProcessId: 3068
CurrentDirectory: C:\Windows\system32\
ProcessGuid: 365ABB72-543E-5C91-0000-001009C90300
CommandLine: '""C:\Windows\System32\cmd.exe"" /c msg *  ""hello from run key""'
FileVersion: 6.1.7601.17514 (win7sp1_rtm.101119-1850)
User: EXAMPLE\user01
LogonId: '0x33435'
IntegrityLevel: High
ParentImage: C:\Windows\explorer.exe
UtcTime: 2019-03-19 20:42:38.043
"
2019-03-19T20:42:38.704430+00:00,Hacktool - EDR-Freeze Execution;PsExec Service Execution;UAC Bypass Using NTFS Reparse Point - Process,data/EVTX-ATTACK-SAMPLES/Persistence/persistence_sysmon_11_13_1_shime_appfix.evtx,1,Microsoft-Windows-Sysmon,1,1966331,PC01.example.corp,"Image: C:\Windows\PSEXESVC.exe
RuleName: ''
Description: PsExec Service
TerminalSessionId: 1
ParentCommandLine: C:\Windows\Explorer.EXE
Product: Sysinternals PsExec
Company: Sysinternals
ParentProcessId: 2984
LogonGuid: 365ABB72-5417-5C91-0000-002035340300
Hashes: MD5=75B55BB34DAC9D02740B9AD6B6820360,IMPHASH=67012475995FB9027F4511245B57DDEA
ParentProcessGuid: 365ABB72-543D-5C91-0000-001099A60300
ProcessId: 3080
CurrentDirectory: C:\Windows\
ProcessGuid: 365ABB72-543E-5C91-0000-001096D00300
CommandLine: '""C:\Windows\PSEXESVC.exe"" '
FileVersion: '2.2'
User: EXAMPLE\user01
LogonId: '0x33435'
IntegrityLevel: High
ParentImage: C:\Windows\explorer.exe
UtcTime: 2019-03-19 20:42:38.083
"
2019-03-19T20:42:38.774531+00:00,Hacktool - EDR-Freeze Execution;UAC Bypass Using NTFS Reparse Point - Process,data/EVTX-ATTACK-SAMPLES/Persistence/persistence_sysmon_11_13_1_shime_appfix.evtx,1,Microsoft-Windows-Sysmon,1,1966332,PC01.example.corp,"Image: C:\Windows\System32\msg.exe
RuleName: ''
Description: Message Utility
TerminalSessionId: 1
ParentCommandLine: '""C:\Windows\System32\cmd.exe"" /c msg *  ""hello from run key""'
Product: Microsoft® Windows® Operating System
Company: Microsoft Corporation
ParentProcessId: 3068
LogonGuid: 365ABB72-5417-5C91-0000-002035340300
Hashes: MD5=835982D4DB80A9CC114E34E34E90E2A0,IMPHASH=D2A41E798CB449E3A47E2C828BFD33EC
ParentProcessGuid: 365ABB72-543E-5C91-0000-001009C90300
ProcessId: 3144
CurrentDirectory: C:\Windows\system32\
ProcessGuid: 365ABB72-543E-5C91-0000-001071E70300
CommandLine: msg  *  ""hello from run key""
FileVersion: 6.1.7600.16385 (win7_rtm.090713-1255)
User: EXAMPLE\user01
LogonId: '0x33435'
IntegrityLevel: High
ParentImage: C:\Windows\System32\cmd.exe
UtcTime: 2019-03-19 20:42:38.574
"
2019-03-19T20:43:24.560368+00:00,HackTool - CrackMapExec Process Patterns;Hacktool - EDR-Freeze Execution;UAC Bypass Using NTFS Reparse Point - Process,data/EVTX-ATTACK-SAMPLES/Persistence/persistence_sysmon_11_13_1_shime_appfix.evtx,1,Microsoft-Windows-Sysmon,1,1966343,PC01.example.corp,"Image: C:\Program Files\Windows Media Player\wmpnetwk.exe
RuleName: ''
Description: Windows Media Player Network Sharing Service
TerminalSessionId: 0
ParentCommandLine: C:\Windows\system32\services.exe
Product: Microsoft® Windows® Operating System
Company: Microsoft Corporation
ParentProcessId: 484
LogonGuid: 365ABB72-528F-5C91-0000-0020E4030000
Hashes: MD5=3B40D3A61AA8C21B88AE57C58AB3122E,IMPHASH=28FFC92B79B90D5AA1A2E825E4235296
ParentProcessGuid: 365ABB72-528D-5C91-0000-001062560000
ProcessId: 3628
CurrentDirectory: C:\Windows\system32\
ProcessGuid: 365ABB72-546C-5C91-0000-00106A730400
CommandLine: '""C:\Program Files\Windows Media Player\wmpnetwk.exe""'
FileVersion: 12.0.7600.16385 (win7_rtm.090713-1255)
User: NT AUTHORITY\NETWORK SERVICE
LogonId: '0x3e4'
IntegrityLevel: System
ParentImage: C:\Windows\System32\services.exe
UtcTime: 2019-03-19 20:43:24.500
"
2019-03-19T20:46:04.916016+00:00,Hacktool - EDR-Freeze Execution;UAC Bypass Using NTFS Reparse Point - Process,data/EVTX-ATTACK-SAMPLES/Persistence/persistence_sysmon_11_13_1_shime_appfix.evtx,1,Microsoft-Windows-Sysmon,1,1966353,PC01.example.corp,"Image: C:\Windows\System32\UI0Detect.exe
RuleName: ''
Description: Interactive services detection
TerminalSessionId: 1
ParentCommandLine: C:\Windows\system32\UI0Detect.exe
Product: Microsoft® Windows® Operating System
Company: Microsoft Corporation
ParentProcessId: 2040
LogonGuid: 365ABB72-5417-5C91-0000-002035340300
Hashes: MD5=8344FD4FCE927880AA1AA7681D4927E5,IMPHASH=5DE0CABE853D959C3319B51C8EC562E6
ParentProcessGuid: 365ABB72-53DF-5C91-0000-0010452D0200
ProcessId: 2336
CurrentDirectory: C:\Windows\system32\
ProcessGuid: 365ABB72-550C-5C91-0000-001063E60400
CommandLine: UI0Detect.exe 224
FileVersion: 6.1.7600.16385 (win7_rtm.090713-1255)
User: EXAMPLE\user01
LogonId: '0x33435'
IntegrityLevel: High
ParentImage: C:\Windows\System32\UI0Detect.exe
UtcTime: 2019-03-19 20:46:04.855
"
2019-03-19T20:46:20.518451+00:00,Hacktool - EDR-Freeze Execution;UAC Bypass Using NTFS Reparse Point - Process,data/EVTX-ATTACK-SAMPLES/Persistence/persistence_sysmon_11_13_1_shime_appfix.evtx,1,Microsoft-Windows-Sysmon,1,1966355,PC01.example.corp,"Image: C:\Program Files\Microsoft Application Compatibility Toolkit\Compatibility Administrator (32-bit)\Compatadmin.exe
RuleName: ''
Description: Compatability Administrator
TerminalSessionId: 1
ParentCommandLine: C:\Windows\Explorer.EXE
Product: Microsoft Application Compatibility Toolkit 5.6
Company: Microsoft Corporation
ParentProcessId: 2984
LogonGuid: 365ABB72-5417-5C91-0000-002035340300
Hashes: MD5=1BB94F74D1B845EEFD71023310A71D85,IMPHASH=B9B439A5715A1105E0A95FF5AE414BF3
ParentProcessGuid: 365ABB72-543D-5C91-0000-001099A60300
ProcessId: 2704
CurrentDirectory: C:\Program Files\Microsoft Application Compatibility Toolkit\Compatibility Administrator (32-bit)\
ProcessGuid: 365ABB72-551C-5C91-0000-001030590500
CommandLine: '""C:\Program Files\Microsoft Application Compatibility Toolkit\Compatibility Administrator (32-bit)\Compatadmin.exe"" '
FileVersion: 5.6.7324.0 (winmain_wtr_ae_act56(wmbla).100813-1712)
User: EXAMPLE\user01
LogonId: '0x33435'
IntegrityLevel: High
ParentImage: C:\Windows\explorer.exe
UtcTime: 2019-03-19 20:46:20.468
"
2019-03-19T20:47:56.436374+00:00,Suspicious Double Extension Files,data/EVTX-ATTACK-SAMPLES/Persistence/persistence_sysmon_11_13_1_shime_appfix.evtx,1,Microsoft-Windows-Sysmon,11,1966367,PC01.example.corp,"ProcessGuid: 365ABB72-543D-5C91-0000-001099A60300
CreationUtcTime: 2019-03-19 20:47:56.426
UtcTime: 2019-03-19 20:47:56.426
ProcessId: 2984
RuleName: ''
TargetFilename: C:\cmd.exe
Image: C:\Windows\Explorer.EXE
"
2019-03-19T20:48:33.439582+00:00,Hacktool - EDR-Freeze Execution;Potential Shim Database Persistence via Sdbinst.EXE;UAC Bypass Using NTFS Reparse Point - Process,data/EVTX-ATTACK-SAMPLES/Persistence/persistence_sysmon_11_13_1_shime_appfix.evtx,1,Microsoft-Windows-Sysmon,1,1966368,PC01.example.corp,"Image: C:\Windows\System32\sdbinst.exe
RuleName: ''
Description: Application Compatibility Database Installer
TerminalSessionId: 1
ParentCommandLine: '""C:\Program Files\Microsoft Application Compatibility Toolkit\Compatibility Administrator (32-bit)\Compatadmin.exe"" '
Product: Microsoft® Windows® Operating System
Company: Microsoft Corporation
ParentProcessId: 2704
LogonGuid: 365ABB72-5417-5C91-0000-002035340300
Hashes: MD5=2996B3E7BBA42BEA62D386D9386EDE97,IMPHASH=87CBEAE39ADA9E96C7F27B94962CD83F
ParentProcessGuid: 365ABB72-551C-5C91-0000-001030590500
ProcessId: 2112
CurrentDirectory: C:\Windows\System32\
ProcessGuid: 365ABB72-55A1-5C91-0000-0010AB8C0700
CommandLine: '""C:\Windows\system32\sdbinst.exe"" -q ""C:\Windows\AppPatch\Test.SDB  ""  '
FileVersion: 6.0.7600.16385 (win7_rtm.090713-1255)
User: EXAMPLE\user01
LogonId: '0x33435'
IntegrityLevel: High
ParentImage: C:\Program Files\Microsoft Application Compatibility Toolkit\Compatibility Administrator (32-bit)\Compatadmin.exe
UtcTime: 2019-03-19 20:48:33.279
"
2019-03-19T20:48:33.459611+00:00,New Custom Shim Database Created,data/EVTX-ATTACK-SAMPLES/Persistence/persistence_sysmon_11_13_1_shime_appfix.evtx,1,Microsoft-Windows-Sysmon,11,1966372,PC01.example.corp,"ProcessGuid: 365ABB72-55A1-5C91-0000-0010AB8C0700
CreationUtcTime: 2019-03-19 20:48:33.369
UtcTime: 2019-03-19 20:48:33.369
ProcessId: 2112
RuleName: ''
TargetFilename: C:\Windows\AppPatch\Custom\{4f02f780-dd6c-40e3-ab21-c1336815b4db}.sdb
Image: C:\Windows\system32\sdbinst.exe
"
2019-03-19T20:48:33.459611+00:00,Potential Persistence Via Shim Database Modification,data/EVTX-ATTACK-SAMPLES/Persistence/persistence_sysmon_11_13_1_shime_appfix.evtx,1,Microsoft-Windows-Sysmon,13,1966371,PC01.example.corp,"Image: C:\Windows\system32\sdbinst.exe
TargetObject: HKLM\SOFTWARE\Microsoft\Windows NT\CurrentVersion\AppCompatFlags\Custom\osk.exe\{4f02f780-dd6c-40e3-ab21-c1336815b4db}.sdb
RuleName: ''
EventType: SetValue
ProcessId: 2112
ProcessGuid: 365ABB72-55A1-5C91-0000-0010AB8C0700
UtcTime: 2019-03-19 20:48:33.369
Details: QWORD (0x01d4de95-0x1de60760)
"
2019-03-19T20:48:33.499668+00:00,Potential Persistence Via Shim Database Modification,data/EVTX-ATTACK-SAMPLES/Persistence/persistence_sysmon_11_13_1_shime_appfix.evtx,1,Microsoft-Windows-Sysmon,13,1966377,PC01.example.corp,"Image: C:\Windows\system32\sdbinst.exe
TargetObject: HKLM\SOFTWARE\Microsoft\Windows NT\CurrentVersion\AppCompatFlags\InstalledSDB\{4f02f780-dd6c-40e3-ab21-c1336815b4db}\DatabaseDescription
RuleName: ''
EventType: SetValue
ProcessId: 2112
ProcessGuid: 365ABB72-55A1-5C91-0000-0010AB8C0700
UtcTime: 2019-03-19 20:48:33.369
Details: New Database(1)
"
2019-03-19T20:48:33.499668+00:00,Potential Persistence Via Shim Database Modification,data/EVTX-ATTACK-SAMPLES/Persistence/persistence_sysmon_11_13_1_shime_appfix.evtx,1,Microsoft-Windows-Sysmon,13,1966376,PC01.example.corp,"Image: C:\Windows\system32\sdbinst.exe
TargetObject: HKLM\SOFTWARE\Microsoft\Windows NT\CurrentVersion\AppCompatFlags\InstalledSDB\{4f02f780-dd6c-40e3-ab21-c1336815b4db}\DatabaseType
RuleName: ''
EventType: SetValue
ProcessId: 2112
ProcessGuid: 365ABB72-55A1-5C91-0000-0010AB8C0700
UtcTime: 2019-03-19 20:48:33.369
Details: DWORD (0x00010000)
"
2019-03-19T20:48:33.499668+00:00,Potential Persistence Via Shim Database Modification,data/EVTX-ATTACK-SAMPLES/Persistence/persistence_sysmon_11_13_1_shime_appfix.evtx,1,Microsoft-Windows-Sysmon,13,1966375,PC01.example.corp,"Image: C:\Windows\system32\sdbinst.exe
TargetObject: HKLM\SOFTWARE\Microsoft\Windows NT\CurrentVersion\AppCompatFlags\InstalledSDB\{4f02f780-dd6c-40e3-ab21-c1336815b4db}\DatabasePath
RuleName: ''
EventType: SetValue
ProcessId: 2112
ProcessGuid: 365ABB72-55A1-5C91-0000-0010AB8C0700
UtcTime: 2019-03-19 20:48:33.369
Details: C:\Windows\AppPatch\Custom\{4f02f780-dd6c-40e3-ab21-c1336815b4db}.sdb
"
2019-03-19T20:48:33.509683+00:00,Potential Persistence Via Shim Database Modification,data/EVTX-ATTACK-SAMPLES/Persistence/persistence_sysmon_11_13_1_shime_appfix.evtx,1,Microsoft-Windows-Sysmon,13,1966378,PC01.example.corp,"Image: C:\Windows\system32\sdbinst.exe
TargetObject: HKLM\SOFTWARE\Microsoft\Windows NT\CurrentVersion\AppCompatFlags\InstalledSDB\{4f02f780-dd6c-40e3-ab21-c1336815b4db}\DatabaseInstallTimeStamp
RuleName: ''
EventType: SetValue
ProcessId: 2112
ProcessGuid: 365ABB72-55A1-5C91-0000-0010AB8C0700
UtcTime: 2019-03-19 20:48:33.369
Details: QWORD (0x01d4de95-0x1de60760)
"
2019-03-19T20:48:33.559755+00:00,Hacktool - EDR-Freeze Execution;UAC Bypass Using NTFS Reparse Point - Process,data/EVTX-ATTACK-SAMPLES/Persistence/persistence_sysmon_11_13_1_shime_appfix.evtx,1,Microsoft-Windows-Sysmon,1,1966379,PC01.example.corp,"Image: C:\Windows\System32\osk.exe
RuleName: ''
Description: Accessibility On-Screen Keyboard
TerminalSessionId: 1
ParentCommandLine: '""C:\Program Files\Microsoft Application Compatibility Toolkit\Compatibility Administrator (32-bit)\Compatadmin.exe"" '
Product: Microsoft® Windows® Operating System
Company: Microsoft Corporation
ParentProcessId: 2704
LogonGuid: 365ABB72-5417-5C91-0000-002035340300
Hashes: MD5=C6A991D7DF17EBD8DE4739CD1F283133,IMPHASH=F9815E29854683EF4F5A668C9D2A24F9
ParentProcessGuid: 365ABB72-551C-5C91-0000-001030590500
ProcessId: 3724
CurrentDirectory: C:\Windows\System32\
ProcessGuid: 365ABB72-55A1-5C91-0000-0010F48F0700
CommandLine: '""C:\Windows\System32\osk.exe"" '
FileVersion: 6.1.7600.16385 (win7_rtm.090713-1255)
User: EXAMPLE\user01
LogonId: '0x33435'
IntegrityLevel: High
ParentImage: C:\Program Files\Microsoft Application Compatibility Toolkit\Compatibility Administrator (32-bit)\Compatadmin.exe
UtcTime: 2019-03-19 20:48:33.409
"
2019-03-19T20:48:33.860187+00:00,Hacktool - EDR-Freeze Execution;UAC Bypass Using NTFS Reparse Point - Process,data/EVTX-ATTACK-SAMPLES/Persistence/persistence_sysmon_11_13_1_shime_appfix.evtx,1,Microsoft-Windows-Sysmon,1,1966381,PC01.example.corp,"Image: C:\Windows\System32\Utilman.exe
RuleName: ''
Description: Utility Manager
TerminalSessionId: 1
ParentCommandLine: winlogon.exe
Product: Microsoft® Windows® Operating System
Company: Microsoft Corporation
ParentProcessId: 516
LogonGuid: 365ABB72-5417-5C91-0000-002035340300
Hashes: MD5=7B9602D3475967F149C1A2C3E2B75A79,IMPHASH=DCF0CD9257282658699A95E5364092B8
ParentProcessGuid: 365ABB72-528D-5C91-0000-00100C580000
ProcessId: 3612
CurrentDirectory: C:\Windows\system32\
ProcessGuid: 365ABB72-55A1-5C91-0000-00102D930700
CommandLine: utilman.exe /debug
FileVersion: 6.1.7600.16385 (win7_rtm.090713-1255)
User: EXAMPLE\user01
LogonId: '0x33435'
IntegrityLevel: High
ParentImage: C:\Windows\System32\winlogon.exe
UtcTime: 2019-03-19 20:48:33.569
"
2019-03-19T20:48:33.870201+00:00,Hacktool - EDR-Freeze Execution;Potential Shim Database Persistence via Sdbinst.EXE;UAC Bypass Using NTFS Reparse Point - Process,data/EVTX-ATTACK-SAMPLES/Persistence/persistence_sysmon_11_13_1_shime_appfix.evtx,1,Microsoft-Windows-Sysmon,1,1966382,PC01.example.corp,"Image: C:\Windows\System32\sdbinst.exe
RuleName: ''
Description: Application Compatibility Database Installer
TerminalSessionId: 1
ParentCommandLine: '""C:\Program Files\Microsoft Application Compatibility Toolkit\Compatibility Administrator (32-bit)\Compatadmin.exe"" '
Product: Microsoft® Windows® Operating System
Company: Microsoft Corporation
ParentProcessId: 2704
LogonGuid: 365ABB72-5417-5C91-0000-002035340300
Hashes: MD5=2996B3E7BBA42BEA62D386D9386EDE97,IMPHASH=87CBEAE39ADA9E96C7F27B94962CD83F
ParentProcessGuid: 365ABB72-551C-5C91-0000-001030590500
ProcessId: 2368
CurrentDirectory: C:\Windows\System32\
ProcessGuid: 365ABB72-55A1-5C91-0000-0010D6960700
CommandLine: '""C:\Windows\system32\sdbinst.exe"" -q -u ""C:\Windows\AppPatch\Test.SDB  ""  '
FileVersion: 6.0.7600.16385 (win7_rtm.090713-1255)
User: EXAMPLE\user01
LogonId: '0x33435'
IntegrityLevel: High
ParentImage: C:\Program Files\Microsoft Application Compatibility Toolkit\Compatibility Administrator (32-bit)\Compatadmin.exe
UtcTime: 2019-03-19 20:48:33.639
"
2019-03-19T20:48:33.920273+00:00,Hacktool - EDR-Freeze Execution;UAC Bypass Using NTFS Reparse Point - Process,data/EVTX-ATTACK-SAMPLES/Persistence/persistence_sysmon_11_13_1_shime_appfix.evtx,1,Microsoft-Windows-Sysmon,1,1966383,PC01.example.corp,"Image: C:\Windows\System32\osk.exe
RuleName: ''
Description: Accessibility On-Screen Keyboard
TerminalSessionId: 1
ParentCommandLine: utilman.exe /debug
Product: Microsoft® Windows® Operating System
Company: Microsoft Corporation
ParentProcessId: 3612
LogonGuid: 365ABB72-5417-5C91-0000-002035340300
Hashes: MD5=C6A991D7DF17EBD8DE4739CD1F283133,IMPHASH=F9815E29854683EF4F5A668C9D2A24F9
ParentProcessGuid: 365ABB72-55A1-5C91-0000-00102D930700
ProcessId: 3404
CurrentDirectory: C:\Windows\system32\
ProcessGuid: 365ABB72-55A1-5C91-0000-00101D9B0700
CommandLine: '""C:\Windows\System32\osk.exe"" '
FileVersion: 6.1.7600.16385 (win7_rtm.090713-1255)
User: EXAMPLE\user01
LogonId: '0x33435'
IntegrityLevel: High
ParentImage: C:\Windows\System32\Utilman.exe
UtcTime: 2019-03-19 20:48:33.699
"
2019-03-19T20:48:36.644190+00:00,Hacktool - EDR-Freeze Execution;UAC Bypass Using NTFS Reparse Point - Process,data/EVTX-ATTACK-SAMPLES/Persistence/persistence_sysmon_11_13_1_shime_appfix.evtx,1,Microsoft-Windows-Sysmon,1,1966387,PC01.example.corp,"Image: C:\Windows\System32\Utilman.exe
RuleName: ''
Description: Utility Manager
TerminalSessionId: 1
ParentCommandLine: winlogon.exe
Product: Microsoft® Windows® Operating System
Company: Microsoft Corporation
ParentProcessId: 516
LogonGuid: 365ABB72-5417-5C91-0000-002035340300
Hashes: MD5=7B9602D3475967F149C1A2C3E2B75A79,IMPHASH=DCF0CD9257282658699A95E5364092B8
ParentProcessGuid: 365ABB72-528D-5C91-0000-00100C580000
ProcessId: 3004
CurrentDirectory: C:\Windows\system32\
ProcessGuid: 365ABB72-55A4-5C91-0000-00103DA60700
CommandLine: utilman.exe /debug
FileVersion: 6.1.7600.16385 (win7_rtm.090713-1255)
User: EXAMPLE\user01
LogonId: '0x33435'
IntegrityLevel: High
ParentImage: C:\Windows\System32\winlogon.exe
UtcTime: 2019-03-19 20:48:36.584
"
2019-03-19T20:49:27.787731+00:00,Hacktool - EDR-Freeze Execution;Potential Shim Database Persistence via Sdbinst.EXE;UAC Bypass Using NTFS Reparse Point - Process,data/EVTX-ATTACK-SAMPLES/Persistence/persistence_sysmon_11_13_1_shime_appfix.evtx,1,Microsoft-Windows-Sysmon,1,1966388,PC01.example.corp,"Image: C:\Windows\System32\sdbinst.exe
RuleName: ''
Description: Application Compatibility Database Installer
TerminalSessionId: 1
ParentCommandLine: '""C:\Program Files\Microsoft Application Compatibility Toolkit\Compatibility Administrator (32-bit)\Compatadmin.exe"" '
Product: Microsoft® Windows® Operating System
Company: Microsoft Corporation
ParentProcessId: 2704
LogonGuid: 365ABB72-5417-5C91-0000-002035340300
Hashes: MD5=2996B3E7BBA42BEA62D386D9386EDE97,IMPHASH=87CBEAE39ADA9E96C7F27B94962CD83F
ParentProcessGuid: 365ABB72-551C-5C91-0000-001030590500
ProcessId: 2236
CurrentDirectory: C:\Windows\System32\
ProcessGuid: 365ABB72-55D7-5C91-0000-001067BD0700
CommandLine: '""C:\Windows\system32\sdbinst.exe"" -q ""C:\Windows\AppPatch\Test.SDB  ""  '
FileVersion: 6.0.7600.16385 (win7_rtm.090713-1255)
User: EXAMPLE\user01
LogonId: '0x33435'
IntegrityLevel: High
ParentImage: C:\Program Files\Microsoft Application Compatibility Toolkit\Compatibility Administrator (32-bit)\Compatadmin.exe
UtcTime: 2019-03-19 20:49:27.697
"
2019-03-19T20:49:27.807760+00:00,Potential Persistence Via Shim Database Modification,data/EVTX-ATTACK-SAMPLES/Persistence/persistence_sysmon_11_13_1_shime_appfix.evtx,1,Microsoft-Windows-Sysmon,13,1966391,PC01.example.corp,"Image: C:\Windows\system32\sdbinst.exe
TargetObject: HKLM\SOFTWARE\Microsoft\Windows NT\CurrentVersion\AppCompatFlags\Custom\osk.exe\{d2c22380-b7b0-4d3a-b36e-bb0e804c265c}.sdb
RuleName: ''
EventType: SetValue
ProcessId: 2236
ProcessGuid: 365ABB72-55D7-5C91-0000-001067BD0700
UtcTime: 2019-03-19 20:49:27.767
Details: QWORD (0x01d4de95-0x3e5289e0)
"
2019-03-19T20:49:27.807760+00:00,New Custom Shim Database Created,data/EVTX-ATTACK-SAMPLES/Persistence/persistence_sysmon_11_13_1_shime_appfix.evtx,1,Microsoft-Windows-Sysmon,11,1966392,PC01.example.corp,"ProcessGuid: 365ABB72-55D7-5C91-0000-001067BD0700
CreationUtcTime: 2019-03-19 20:49:27.767
UtcTime: 2019-03-19 20:49:27.767
ProcessId: 2236
RuleName: ''
TargetFilename: C:\Windows\AppPatch\Custom\{d2c22380-b7b0-4d3a-b36e-bb0e804c265c}.sdb
Image: C:\Windows\system32\sdbinst.exe
"
2019-03-19T20:49:27.857832+00:00,Potential Persistence Via Shim Database Modification,data/EVTX-ATTACK-SAMPLES/Persistence/persistence_sysmon_11_13_1_shime_appfix.evtx,1,Microsoft-Windows-Sysmon,13,1966396,PC01.example.corp,"Image: C:\Windows\system32\sdbinst.exe
TargetObject: HKLM\SOFTWARE\Microsoft\Windows NT\CurrentVersion\AppCompatFlags\InstalledSDB\{d2c22380-b7b0-4d3a-b36e-bb0e804c265c}\DatabaseType
RuleName: ''
EventType: SetValue
ProcessId: 2236
ProcessGuid: 365ABB72-55D7-5C91-0000-001067BD0700
UtcTime: 2019-03-19 20:49:27.767
Details: DWORD (0x00010000)
"
2019-03-19T20:49:27.857832+00:00,Potential Persistence Via Shim Database Modification,data/EVTX-ATTACK-SAMPLES/Persistence/persistence_sysmon_11_13_1_shime_appfix.evtx,1,Microsoft-Windows-Sysmon,13,1966397,PC01.example.corp,"Image: C:\Windows\system32\sdbinst.exe
TargetObject: HKLM\SOFTWARE\Microsoft\Windows NT\CurrentVersion\AppCompatFlags\InstalledSDB\{d2c22380-b7b0-4d3a-b36e-bb0e804c265c}\DatabaseDescription
RuleName: ''
EventType: SetValue
ProcessId: 2236
ProcessGuid: 365ABB72-55D7-5C91-0000-001067BD0700
UtcTime: 2019-03-19 20:49:27.767
Details: New Database(1)
"
2019-03-19T20:49:27.857832+00:00,Potential Persistence Via Shim Database Modification,data/EVTX-ATTACK-SAMPLES/Persistence/persistence_sysmon_11_13_1_shime_appfix.evtx,1,Microsoft-Windows-Sysmon,13,1966395,PC01.example.corp,"Image: C:\Windows\system32\sdbinst.exe
TargetObject: HKLM\SOFTWARE\Microsoft\Windows NT\CurrentVersion\AppCompatFlags\InstalledSDB\{d2c22380-b7b0-4d3a-b36e-bb0e804c265c}\DatabasePath
RuleName: ''
EventType: SetValue
ProcessId: 2236
ProcessGuid: 365ABB72-55D7-5C91-0000-001067BD0700
UtcTime: 2019-03-19 20:49:27.767
Details: C:\Windows\AppPatch\Custom\{d2c22380-b7b0-4d3a-b36e-bb0e804c265c}.sdb
"
2019-03-19T20:49:27.867846+00:00,Potential Persistence Via Shim Database Modification,data/EVTX-ATTACK-SAMPLES/Persistence/persistence_sysmon_11_13_1_shime_appfix.evtx,1,Microsoft-Windows-Sysmon,13,1966398,PC01.example.corp,"Image: C:\Windows\system32\sdbinst.exe
TargetObject: HKLM\SOFTWARE\Microsoft\Windows NT\CurrentVersion\AppCompatFlags\InstalledSDB\{d2c22380-b7b0-4d3a-b36e-bb0e804c265c}\DatabaseInstallTimeStamp
RuleName: ''
EventType: SetValue
ProcessId: 2236
ProcessGuid: 365ABB72-55D7-5C91-0000-001067BD0700
UtcTime: 2019-03-19 20:49:27.777
Details: QWORD (0x01d4de95-0x3e5289e0)
"
2019-03-19T20:49:27.967990+00:00,Hacktool - EDR-Freeze Execution;UAC Bypass Using NTFS Reparse Point - Process,data/EVTX-ATTACK-SAMPLES/Persistence/persistence_sysmon_11_13_1_shime_appfix.evtx,1,Microsoft-Windows-Sysmon,1,1966399,PC01.example.corp,"Image: C:\Windows\System32\osk.exe
RuleName: ''
Description: Accessibility On-Screen Keyboard
TerminalSessionId: 1
ParentCommandLine: '""C:\Program Files\Microsoft Application Compatibility Toolkit\Compatibility Administrator (32-bit)\Compatadmin.exe"" '
Product: Microsoft® Windows® Operating System
Company: Microsoft Corporation
ParentProcessId: 2704
LogonGuid: 365ABB72-5417-5C91-0000-002035340300
Hashes: MD5=C6A991D7DF17EBD8DE4739CD1F283133,IMPHASH=F9815E29854683EF4F5A668C9D2A24F9
ParentProcessGuid: 365ABB72-551C-5C91-0000-001030590500
ProcessId: 3916
CurrentDirectory: C:\Windows\System32\
ProcessGuid: 365ABB72-55D7-5C91-0000-0010DAC00700
CommandLine: '""C:\Windows\System32\osk.exe"" '
FileVersion: 6.1.7600.16385 (win7_rtm.090713-1255)
User: EXAMPLE\user01
LogonId: '0x33435'
IntegrityLevel: High
ParentImage: C:\Program Files\Microsoft Application Compatibility Toolkit\Compatibility Administrator (32-bit)\Compatadmin.exe
UtcTime: 2019-03-19 20:49:27.827
"
