2019-05-09T03:25:25.067945+00:00,Hacktool - EDR-Freeze Execution;Sdclt Child Processes,data/EVTX-ATTACK-SAMPLES/Privilege Escalation/sysmon_1_13_UACBypass_AppPath_Control.evtx,1,Microsoft-Windows-Sysmon,1,11267,IEWIN7,"Image: C:\Windows\System32\cmd.exe
RuleName: ''
Description: Windows Command Processor
TerminalSessionId: 1
ParentCommandLine: '""C:\Windows\system32\sdclt.exe"" '
Product: Microsoft® Windows® Operating System
Company: Microsoft Corporation
ParentProcessId: 3184
LogonGuid: 365ABB72-94CD-5CD3-0000-0020DD3A0100
Hashes: SHA1=EE8CBF12D87C4D388F09B4F69BED2E91682920B5,MD5=AD7B9C14083B52BC532FBA5948342B98,SHA256=17F746D82695FA9B35493B41859D39D786D32B23A9D2E00F4011DEC7A02402AE,IMPHASH=CEEFB55F764020CC5C5F8F23349AB163
ParentProcessGuid: 365ABB72-9DA4-5CD3-0000-00102E692F00
ProcessId: 2920
CurrentDirectory: C:\Users\IEUser\AppData\Local\Temp\onedrive\
ProcessGuid: 365ABB72-9DA4-5CD3-0000-00107F7A2F00
CommandLine: '""C:\Windows\System32\cmd.exe""  /name Microsoft.BackupAndRestoreCenter'
FileVersion: 6.1.7601.17514 (win7sp1_rtm.101119-1850)
User: IEWIN7\IEUser
LogonId: '0x13add'
IntegrityLevel: Medium
ParentImage: C:\Windows\System32\sdclt.exe
UtcTime: 2019-05-09 03:25:24.677
"
2019-05-10T12:21:57.077543+00:00,Hacktool - EDR-Freeze Execution,data/EVTX-ATTACK-SAMPLES/Privilege Escalation/sysmon_13_1_12_11_perfmonUACBypass.evtx,1,Microsoft-Windows-Sysmon,1,15634,IEWIN7,"Image: C:\Python27\python.exe
RuleName: ''
Description: '?'
TerminalSessionId: 1
ParentCommandLine: '""C:\Windows\system32\cmd.exe"" '
Product: '?'
Company: '?'
ParentProcessId: 3900
LogonGuid: 365ABB72-67B5-5CD5-0000-00204F3A0100
Hashes: SHA1=ECA93AAAA5039E12D2F0CC3F0C8F5AF8FDB15C71,MD5=E11683E4A1E88666DD5E0331F969E0C6,SHA256=B6B4BD10303797C209C4F3C3FCC863A925A77AE2C38090FB8B3FF1BF9C4DDE84,IMPHASH=F3F3DE6C332CF6049756A5B794EBD0C5
ParentProcessGuid: 365ABB72-6818-5CD5-0000-0010B4620900
ProcessId: 4076
CurrentDirectory: c:\Users\IEUser\Downloads\WinPwnage-master\WinPwnage-master\
ProcessGuid: 365ABB72-6CE5-5CD5-0000-00104BC61B00
CommandLine: python  winpwnage.py -u uac -i 7 -p c:\Windows\System32\cmd.exe
FileVersion: '?'
User: IEWIN7\IEUser
LogonId: '0x13a4f'
IntegrityLevel: Medium
ParentImage: C:\Windows\System32\cmd.exe
UtcTime: 2019-05-10 12:21:57.061
"
2019-05-10T12:22:02.434314+00:00,Suspicious Double Extension Files;UAC Bypass Using Windows Media Player - File,data/EVTX-ATTACK-SAMPLES/Privilege Escalation/sysmon_13_1_12_11_perfmonUACBypass.evtx,1,Microsoft-Windows-Sysmon,11,15636,IEWIN7,"ProcessGuid: 365ABB72-6CE5-5CD5-0000-00104BC61B00
CreationUtcTime: 2019-05-10 12:06:06.896
UtcTime: 2019-05-10 12:22:02.434
ProcessId: 4076
RuleName: ''
TargetFilename: C:\Users\IEUser\AppData\Local\Temp\system32\mmc.exe
Image: c:\python27\python.exe
"
2019-05-10T12:22:08.465096+00:00,Hacktool - EDR-Freeze Execution;UAC Bypass Using NTFS Reparse Point - Process,data/EVTX-ATTACK-SAMPLES/Privilege Escalation/sysmon_13_1_12_11_perfmonUACBypass.evtx,1,Microsoft-Windows-Sysmon,1,15637,IEWIN7,"Image: C:\Users\IEUser\AppData\Local\Temp\system32\mmc.exe
RuleName: ''
Description: Windows Command Processor
TerminalSessionId: 1
ParentCommandLine: '""C:\Windows\System32\perfmon.exe"" '
Product: Microsoft® Windows® Operating System
Company: Microsoft Corporation
ParentProcessId: 3396
LogonGuid: 365ABB72-67B5-5CD5-0000-0020113A0100
Hashes: SHA1=EE8CBF12D87C4D388F09B4F69BED2E91682920B5,MD5=AD7B9C14083B52BC532FBA5948342B98,SHA256=17F746D82695FA9B35493B41859D39D786D32B23A9D2E00F4011DEC7A02402AE,IMPHASH=CEEFB55F764020CC5C5F8F23349AB163
ParentProcessGuid: 365ABB72-6CF0-5CD5-0000-0010670C1C00
ProcessId: 1644
CurrentDirectory: C:\Windows\system32\
ProcessGuid: 365ABB72-6CF0-5CD5-0000-0010140F1C00
CommandLine: '""c:\users\ieuser\appdata\local\temp\system32\mmc.exe"" ""c:\users\ieuser\appdata\local\temp\system32\perfmon.msc""'
FileVersion: 6.1.7601.17514 (win7sp1_rtm.101119-1850)
User: IEWIN7\IEUser
LogonId: '0x13a11'
IntegrityLevel: High
ParentImage: C:\Windows\System32\perfmon.exe
UtcTime: 2019-05-10 12:22:08.217
"
2019-05-10T13:32:48.200716+00:00,Hacktool - EDR-Freeze Execution,data/EVTX-ATTACK-SAMPLES/Privilege Escalation/sysmon_13_1_compmgmtlauncherUACBypass.evtx,1,Microsoft-Windows-Sysmon,1,15675,IEWIN7,"Image: C:\Python27\python.exe
RuleName: ''
Description: '?'
TerminalSessionId: 1
ParentCommandLine: '""C:\Windows\system32\cmd.exe"" '
Product: '?'
Company: '?'
ParentProcessId: 332
LogonGuid: 365ABB72-79DF-5CD5-0000-002041420100
Hashes: SHA1=ECA93AAAA5039E12D2F0CC3F0C8F5AF8FDB15C71,MD5=E11683E4A1E88666DD5E0331F969E0C6,SHA256=B6B4BD10303797C209C4F3C3FCC863A925A77AE2C38090FB8B3FF1BF9C4DDE84,IMPHASH=F3F3DE6C332CF6049756A5B794EBD0C5
ParentProcessGuid: 365ABB72-7AEA-5CD5-0000-001021480A00
ProcessId: 2796
CurrentDirectory: C:\Users\IEUser\Downloads\WinPwnage-master\WinPwnage-master\
ProcessGuid: 365ABB72-7D80-5CD5-0000-00100AD01300
CommandLine: python  winpwnage.py -u uac -i 9 -p c:\Windows\System32\cmd.exe
FileVersion: '?'
User: IEWIN7\IEUser
LogonId: '0x14241'
IntegrityLevel: Medium
ParentImage: C:\Windows\System32\cmd.exe
UtcTime: 2019-05-10 13:32:48.200
"
2019-05-10T13:32:48.412971+00:00,Bypass UAC Using Event Viewer;Potential Persistence Using DebugPath,data/EVTX-ATTACK-SAMPLES/Privilege Escalation/sysmon_13_1_compmgmtlauncherUACBypass.evtx,1,Microsoft-Windows-Sysmon,13,15676,IEWIN7,"Image: c:\python27\python.exe
TargetObject: HKU\S-1-5-21-3583694148-1414552638-2922671848-1000_CLASSES\mscfile\shell\open\command\(Default)
RuleName: ''
EventType: SetValue
ProcessId: 2796
ProcessGuid: 365ABB72-7D80-5CD5-0000-00100AD01300
UtcTime: 2019-05-10 13:32:48.397
Details: c:\Windows\System32\cmd.exe
"
2019-05-10T13:32:58.549885+00:00,Hacktool - EDR-Freeze Execution;UAC Bypass Using NTFS Reparse Point - Process,data/EVTX-ATTACK-SAMPLES/Privilege Escalation/sysmon_13_1_compmgmtlauncherUACBypass.evtx,1,Microsoft-Windows-Sysmon,1,15677,IEWIN7,"Image: C:\Windows\System32\cmd.exe
RuleName: ''
Description: Windows Command Processor
TerminalSessionId: 1
ParentCommandLine: '""C:\Windows\System32\CompMgmtLauncher.exe"" '
Product: Microsoft® Windows® Operating System
Company: Microsoft Corporation
ParentProcessId: 2536
LogonGuid: 365ABB72-79DF-5CD5-0000-0020F8410100
Hashes: SHA1=EE8CBF12D87C4D388F09B4F69BED2E91682920B5,MD5=AD7B9C14083B52BC532FBA5948342B98,SHA256=17F746D82695FA9B35493B41859D39D786D32B23A9D2E00F4011DEC7A02402AE,IMPHASH=CEEFB55F764020CC5C5F8F23349AB163
ParentProcessGuid: 365ABB72-7D85-5CD5-0000-001047061400
ProcessId: 2076
CurrentDirectory: C:\Users\IEUser\
ProcessGuid: 365ABB72-7D86-5CD5-0000-0010CC2E1400
CommandLine: '""c:\Windows\System32\cmd.exe"" '
FileVersion: 6.1.7601.17514 (win7sp1_rtm.101119-1850)
User: IEWIN7\IEUser
LogonId: '0x141f8'
IntegrityLevel: High
ParentImage: C:\Windows\System32\CompMgmtLauncher.exe
UtcTime: 2019-05-10 13:32:54.034
"
2019-05-10T13:33:29.424885+00:00,Hacktool - EDR-Freeze Execution;Local Accounts Discovery;Security Privileges Enumeration Via Whoami.EXE;UAC Bypass Using NTFS Reparse Point - Process,data/EVTX-ATTACK-SAMPLES/Privilege Escalation/sysmon_13_1_compmgmtlauncherUACBypass.evtx,1,Microsoft-Windows-Sysmon,1,15678,IEWIN7,"Image: C:\Windows\System32\whoami.exe
RuleName: ''
Description: whoami - displays logged on user information
TerminalSessionId: 1
ParentCommandLine: '""c:\Windows\System32\cmd.exe"" '
Product: Microsoft® Windows® Operating System
Company: Microsoft Corporation
ParentProcessId: 2076
LogonGuid: 365ABB72-79DF-5CD5-0000-0020F8410100
Hashes: SHA1=DC058F52AD8ACBD316827B6DCAC2434AB3CC515C,MD5=0EBF71E33EF09CA65D9683AFA999C473,SHA256=599EFD455AEEEFE2044A9B597061F271595033F5D0DF2C99DFDBCA8394BBCEC3,IMPHASH=C5352B949915AB8CD5E1844790D19274
ParentProcessGuid: 365ABB72-7D86-5CD5-0000-0010CC2E1400
ProcessId: 2524
CurrentDirectory: C:\Users\IEUser\
ProcessGuid: 365ABB72-7DA9-5CD5-0000-00100ED31400
CommandLine: whoami  /priv
FileVersion: 6.1.7600.16385 (win7_rtm.090713-1255)
User: IEWIN7\IEUser
LogonId: '0x141f8'
IntegrityLevel: High
ParentImage: C:\Windows\System32\cmd.exe
UtcTime: 2019-05-10 13:33:29.409
"
2019-05-10T13:49:29.586782+00:00,Hacktool - EDR-Freeze Execution,data/EVTX-ATTACK-SAMPLES/Privilege Escalation/sysmon_11_1_7_uacbypass_cliconfg.evtx,1,Microsoft-Windows-Sysmon,1,15705,IEWIN7,"Image: C:\Python27\python.exe
RuleName: ''
Description: '?'
TerminalSessionId: 1
ParentCommandLine: '""C:\Windows\system32\cmd.exe"" '
Product: '?'
Company: '?'
ParentProcessId: 332
LogonGuid: 365ABB72-79DF-5CD5-0000-002041420100
Hashes: SHA1=ECA93AAAA5039E12D2F0CC3F0C8F5AF8FDB15C71,MD5=E11683E4A1E88666DD5E0331F969E0C6,SHA256=B6B4BD10303797C209C4F3C3FCC863A925A77AE2C38090FB8B3FF1BF9C4DDE84,IMPHASH=F3F3DE6C332CF6049756A5B794EBD0C5
ParentProcessGuid: 365ABB72-7AEA-5CD5-0000-001021480A00
ProcessId: 3552
CurrentDirectory: C:\Users\IEUser\Downloads\WinPwnage-master\WinPwnage-master\
ProcessGuid: 365ABB72-8169-5CD5-0000-0010D7982300
CommandLine: python  winpwnage.py -u uac -i 11 -p c:\Users\IEUser\Desktop\hellox86.dll
FileVersion: '?'
User: IEWIN7\IEUser
LogonId: '0x14241'
IntegrityLevel: Medium
ParentImage: C:\Windows\System32\cmd.exe
UtcTime: 2019-05-10 13:49:29.586
"
2019-05-10T13:49:29.789907+00:00,UAC Bypass Using Windows Media Player - File,data/EVTX-ATTACK-SAMPLES/Privilege Escalation/sysmon_11_1_7_uacbypass_cliconfg.evtx,1,Microsoft-Windows-Sysmon,11,15706,IEWIN7,"ProcessGuid: 365ABB72-8169-5CD5-0000-0010D7982300
CreationUtcTime: 2019-05-10 13:49:29.789
UtcTime: 2019-05-10 13:49:29.789
ProcessId: 3552
RuleName: ''
TargetFilename: C:\Users\IEUser\AppData\Local\Temp\NTWDBLIB.dll
Image: c:\python27\python.exe
"
2019-05-10T13:49:34.946157+00:00,UAC Bypass Using Windows Media Player - File,data/EVTX-ATTACK-SAMPLES/Privilege Escalation/sysmon_11_1_7_uacbypass_cliconfg.evtx,1,Microsoft-Windows-Sysmon,11,15707,IEWIN7,"ProcessGuid: 365ABB72-816E-5CD5-0000-0010FEB62300
CreationUtcTime: 2019-05-10 13:49:34.899
UtcTime: 2019-05-10 13:49:34.899
ProcessId: 1700
RuleName: ''
TargetFilename: C:\Users\IEUser\AppData\Local\Temp\suspicious.cab
Image: C:\Windows\System32\makecab.exe
"
2019-05-10T13:49:39.930532+00:00,Cab File Extraction Via Wusa.EXE From Potentially Suspicious Paths;Hacktool - EDR-Freeze Execution,data/EVTX-ATTACK-SAMPLES/Privilege Escalation/sysmon_11_1_7_uacbypass_cliconfg.evtx,1,Microsoft-Windows-Sysmon,1,15708,IEWIN7,"Image: C:\Windows\System32\wusa.exe
RuleName: ''
Description: Windows Update Standalone Installer
TerminalSessionId: 1
ParentCommandLine: python  winpwnage.py -u uac -i 11 -p c:\Users\IEUser\Desktop\hellox86.dll
Product: Microsoft® Windows® Operating System
Company: Microsoft Corporation
ParentProcessId: 3552
LogonGuid: 365ABB72-79DF-5CD5-0000-002041420100
Hashes: SHA1=B94D16ED6A439CFE591E7A20627F3033E71A10E2,MD5=8CBD6FDACDCC0ED48BAF607226D6D0C9,SHA256=CB128FAF0430CE1A90412546E90A3B6446C74887D696485CC2C3AAF10714A428,IMPHASH=DDC91ECD17D943E2EE26D62FC9A4FB0C
ParentProcessGuid: 365ABB72-8169-5CD5-0000-0010D7982300
ProcessId: 3608
CurrentDirectory: C:\Users\IEUser\Downloads\WinPwnage-master\WinPwnage-master\
ProcessGuid: 365ABB72-8173-5CD5-0000-00102FCD2300
CommandLine: '""C:\Windows\System32\wusa.exe"" c:\users\ieuser\appdata\local\temp\suspicious.cab /extract:C:\Windows\system32 /quiet'
FileVersion: 6.1.7600.16385 (win7_rtm.090713-1255)
User: IEWIN7\IEUser
LogonId: '0x14241'
IntegrityLevel: Medium
ParentImage: C:\Python27\python.exe
UtcTime: 2019-05-10 13:49:39.836
"
2019-05-10T13:49:40.164907+00:00,Cab File Extraction Via Wusa.EXE From Potentially Suspicious Paths;Hacktool - EDR-Freeze Execution;UAC Bypass Using NTFS Reparse Point - Process,data/EVTX-ATTACK-SAMPLES/Privilege Escalation/sysmon_11_1_7_uacbypass_cliconfg.evtx,1,Microsoft-Windows-Sysmon,1,15709,IEWIN7,"Image: C:\Windows\System32\wusa.exe
RuleName: ''
Description: Windows Update Standalone Installer
TerminalSessionId: 1
ParentCommandLine: python  winpwnage.py -u uac -i 11 -p c:\Users\IEUser\Desktop\hellox86.dll
Product: Microsoft® Windows® Operating System
Company: Microsoft Corporation
ParentProcessId: 3552
LogonGuid: 365ABB72-79DF-5CD5-0000-0020F8410100
Hashes: SHA1=B94D16ED6A439CFE591E7A20627F3033E71A10E2,MD5=8CBD6FDACDCC0ED48BAF607226D6D0C9,SHA256=CB128FAF0430CE1A90412546E90A3B6446C74887D696485CC2C3AAF10714A428,IMPHASH=DDC91ECD17D943E2EE26D62FC9A4FB0C
ParentProcessGuid: 365ABB72-8169-5CD5-0000-0010D7982300
ProcessId: 2676
CurrentDirectory: C:\Windows\system32\
ProcessGuid: 365ABB72-8174-5CD5-0000-0010ABE62300
CommandLine: '""C:\Windows\System32\wusa.exe"" c:\users\ieuser\appdata\local\temp\suspicious.cab /extract:C:\Windows\system32 /quiet'
FileVersion: 6.1.7600.16385 (win7_rtm.090713-1255)
User: IEWIN7\IEUser
LogonId: '0x141f8'
IntegrityLevel: High
ParentImage: C:\Python27\python.exe
UtcTime: 2019-05-10 13:49:40.008
"
2019-05-10T13:49:45.133657+00:00,Hacktool - EDR-Freeze Execution,data/EVTX-ATTACK-SAMPLES/Privilege Escalation/sysmon_11_1_7_uacbypass_cliconfg.evtx,1,Microsoft-Windows-Sysmon,1,15710,IEWIN7,"Image: C:\Windows\System32\cliconfg.exe
RuleName: ''
Description: SQL Client Configuration Utility EXE
TerminalSessionId: 1
ParentCommandLine: python  winpwnage.py -u uac -i 11 -p c:\Users\IEUser\Desktop\hellox86.dll
Product: Microsoft® Windows® Operating System
Company: Microsoft Corporation
ParentProcessId: 3552
LogonGuid: 365ABB72-79DF-5CD5-0000-002041420100
Hashes: SHA1=EC95A168D8C1A63A49CFE69155DE1DFD7E9DEB10,MD5=A864C416E467FFA3DEAE4EFACF58F9D7,SHA256=BE756153F3321DE856329FDF3CB87528333D6041400A25B2EBB1F8276BCA6733,IMPHASH=8AE23C0E23439B8F59A5785B5EFD4855
ParentProcessGuid: 365ABB72-8169-5CD5-0000-0010D7982300
ProcessId: 1052
CurrentDirectory: C:\Users\IEUser\Downloads\WinPwnage-master\WinPwnage-master\
ProcessGuid: 365ABB72-8179-5CD5-0000-00102CFF2300
CommandLine: '""C:\Windows\system32\cliconfg.exe"" '
FileVersion: 6.1.7600.16385 (win7_rtm.090713-1255)
User: IEWIN7\IEUser
LogonId: '0x14241'
IntegrityLevel: Medium
ParentImage: C:\Python27\python.exe
UtcTime: 2019-05-10 13:49:45.039
"
2019-05-10T13:49:45.378774+00:00,Hacktool - EDR-Freeze Execution;UAC Bypass Using NTFS Reparse Point - Process,data/EVTX-ATTACK-SAMPLES/Privilege Escalation/sysmon_11_1_7_uacbypass_cliconfg.evtx,1,Microsoft-Windows-Sysmon,1,15711,IEWIN7,"Image: C:\Windows\System32\cliconfg.exe
RuleName: ''
Description: SQL Client Configuration Utility EXE
TerminalSessionId: 1
ParentCommandLine: python  winpwnage.py -u uac -i 11 -p c:\Users\IEUser\Desktop\hellox86.dll
Product: Microsoft® Windows® Operating System
Company: Microsoft Corporation
ParentProcessId: 3552
LogonGuid: 365ABB72-79DF-5CD5-0000-0020F8410100
Hashes: SHA1=EC95A168D8C1A63A49CFE69155DE1DFD7E9DEB10,MD5=A864C416E467FFA3DEAE4EFACF58F9D7,SHA256=BE756153F3321DE856329FDF3CB87528333D6041400A25B2EBB1F8276BCA6733,IMPHASH=8AE23C0E23439B8F59A5785B5EFD4855
ParentProcessGuid: 365ABB72-8169-5CD5-0000-0010D7982300
ProcessId: 880
CurrentDirectory: C:\Windows\system32\
ProcessGuid: 365ABB72-8179-5CD5-0000-001083182400
CommandLine: '""C:\Windows\system32\cliconfg.exe"" '
FileVersion: 6.1.7600.16385 (win7_rtm.090713-1255)
User: IEWIN7\IEUser
LogonId: '0x141f8'
IntegrityLevel: High
ParentImage: C:\Python27\python.exe
UtcTime: 2019-05-10 13:49:45.196
"
2019-05-11T09:50:08.248990+00:00,Hacktool - EDR-Freeze Execution,data/EVTX-ATTACK-SAMPLES/Privilege Escalation/sysmon_1_7_11_mcx2prov_uacbypass.evtx,1,Microsoft-Windows-Sysmon,1,15874,IEWIN7,"Image: C:\Python27\python.exe
RuleName: ''
Description: '?'
TerminalSessionId: 1
ParentCommandLine: '""C:\Windows\system32\cmd.exe"" '
Product: '?'
Company: '?'
ParentProcessId: 3556
LogonGuid: 365ABB72-96DD-5CD6-0000-0020C5360100
Hashes: SHA1=ECA93AAAA5039E12D2F0CC3F0C8F5AF8FDB15C71,MD5=E11683E4A1E88666DD5E0331F969E0C6,SHA256=B6B4BD10303797C209C4F3C3FCC863A925A77AE2C38090FB8B3FF1BF9C4DDE84,IMPHASH=F3F3DE6C332CF6049756A5B794EBD0C5
ParentProcessGuid: 365ABB72-970F-5CD6-0000-00107F680900
ProcessId: 1136
CurrentDirectory: C:\Users\IEUser\Downloads\WinPwnage-master\WinPwnage-master\
ProcessGuid: 365ABB72-9AD0-5CD6-0000-001077FC1600
CommandLine: python  winpwnage.py -u uac -i 12 -p c:\Users\IEUser\Desktop\hellox86.dll
FileVersion: '?'
User: IEWIN7\IEUser
LogonId: '0x136c5'
IntegrityLevel: Medium
ParentImage: C:\Windows\System32\cmd.exe
UtcTime: 2019-05-11 09:50:08.248
"
2019-05-11T09:50:08.491568+00:00,UAC Bypass Using Windows Media Player - File,data/EVTX-ATTACK-SAMPLES/Privilege Escalation/sysmon_1_7_11_mcx2prov_uacbypass.evtx,1,Microsoft-Windows-Sysmon,11,15875,IEWIN7,"ProcessGuid: 365ABB72-9AD0-5CD6-0000-001077FC1600
CreationUtcTime: 2019-05-11 09:50:08.491
UtcTime: 2019-05-11 09:50:08.491
ProcessId: 1136
RuleName: ''
TargetFilename: C:\Users\IEUser\AppData\Local\Temp\CRYPTBASE.dll
Image: c:\python27\python.exe
"
2019-05-11T09:50:13.494731+00:00,Hacktool - EDR-Freeze Execution,data/EVTX-ATTACK-SAMPLES/Privilege Escalation/sysmon_1_7_11_mcx2prov_uacbypass.evtx,1,Microsoft-Windows-Sysmon,1,15876,IEWIN7,"Image: C:\Windows\System32\makecab.exe
RuleName: ''
Description: Microsoft® Cabinet Maker
TerminalSessionId: 1
ParentCommandLine: python  winpwnage.py -u uac -i 12 -p c:\Users\IEUser\Desktop\hellox86.dll
Product: Microsoft® Windows® Operating System
Company: Microsoft Corporation
ParentProcessId: 1136
LogonGuid: 365ABB72-96DD-5CD6-0000-0020C5360100
Hashes: SHA1=EC611A8F412E231C52652C7612A9CE7E3FB40DB0,MD5=CEA119C323082026583901452B14C30E,SHA256=0AA12426F5254E84562D4FA60DDBB570A9A1B14056FB0B932C19232FD94FF441,IMPHASH=FEA77D23CF603C3FC78D329043294CF5
ParentProcessGuid: 365ABB72-9AD0-5CD6-0000-001077FC1600
ProcessId: 3716
CurrentDirectory: C:\Users\IEUser\Downloads\WinPwnage-master\WinPwnage-master\
ProcessGuid: 365ABB72-9AD5-5CD6-0000-0010C4131700
CommandLine: '""C:\Windows\System32\makecab.exe"" c:\users\ieuser\appdata\local\temp\CRYPTBASE.dll c:\users\ieuser\appdata\local\temp\suspicious.cab'
FileVersion: 6.1.7600.16385 (win7_rtm.090713-1255)
User: IEWIN7\IEUser
LogonId: '0x136c5'
IntegrityLevel: Medium
ParentImage: C:\Python27\python.exe
UtcTime: 2019-05-11 09:50:13.388
"
2019-05-11T09:50:13.509892+00:00,UAC Bypass Using Windows Media Player - File,data/EVTX-ATTACK-SAMPLES/Privilege Escalation/sysmon_1_7_11_mcx2prov_uacbypass.evtx,1,Microsoft-Windows-Sysmon,11,15877,IEWIN7,"ProcessGuid: 365ABB72-9AD5-5CD6-0000-0010C4131700
CreationUtcTime: 2019-05-11 09:50:13.464
UtcTime: 2019-05-11 09:50:13.464
ProcessId: 3716
RuleName: ''
TargetFilename: C:\Users\IEUser\AppData\Local\Temp\suspicious.cab
Image: C:\Windows\System32\makecab.exe
"
2019-05-11T09:50:18.404903+00:00,Cab File Extraction Via Wusa.EXE From Potentially Suspicious Paths;Hacktool - EDR-Freeze Execution,data/EVTX-ATTACK-SAMPLES/Privilege Escalation/sysmon_1_7_11_mcx2prov_uacbypass.evtx,1,Microsoft-Windows-Sysmon,1,15878,IEWIN7,"Image: C:\Windows\System32\wusa.exe
RuleName: ''
Description: Windows Update Standalone Installer
TerminalSessionId: 1
ParentCommandLine: python  winpwnage.py -u uac -i 12 -p c:\Users\IEUser\Desktop\hellox86.dll
Product: Microsoft® Windows® Operating System
Company: Microsoft Corporation
ParentProcessId: 1136
LogonGuid: 365ABB72-96DD-5CD6-0000-0020C5360100
Hashes: SHA1=B94D16ED6A439CFE591E7A20627F3033E71A10E2,MD5=8CBD6FDACDCC0ED48BAF607226D6D0C9,SHA256=CB128FAF0430CE1A90412546E90A3B6446C74887D696485CC2C3AAF10714A428,IMPHASH=DDC91ECD17D943E2EE26D62FC9A4FB0C
ParentProcessGuid: 365ABB72-9AD0-5CD6-0000-001077FC1600
ProcessId: 2780
CurrentDirectory: C:\Users\IEUser\Downloads\WinPwnage-master\WinPwnage-master\
ProcessGuid: 365ABB72-9ADA-5CD6-0000-001012231700
CommandLine: '""C:\Windows\System32\wusa.exe"" c:\users\ieuser\appdata\local\temp\suspicious.cab /extract:C:\Windows\ehome /quiet'
FileVersion: 6.1.7600.16385 (win7_rtm.090713-1255)
User: IEWIN7\IEUser
LogonId: '0x136c5'
IntegrityLevel: Medium
ParentImage: C:\Python27\python.exe
UtcTime: 2019-05-11 09:50:18.311
"
2019-05-11T09:50:18.654903+00:00,Cab File Extraction Via Wusa.EXE From Potentially Suspicious Paths;Hacktool - EDR-Freeze Execution;UAC Bypass Using NTFS Reparse Point - Process,data/EVTX-ATTACK-SAMPLES/Privilege Escalation/sysmon_1_7_11_mcx2prov_uacbypass.evtx,1,Microsoft-Windows-Sysmon,1,15879,IEWIN7,"Image: C:\Windows\System32\wusa.exe
RuleName: ''
Description: Windows Update Standalone Installer
TerminalSessionId: 1
ParentCommandLine: python  winpwnage.py -u uac -i 12 -p c:\Users\IEUser\Desktop\hellox86.dll
Product: Microsoft® Windows® Operating System
Company: Microsoft Corporation
ParentProcessId: 1136
LogonGuid: 365ABB72-96DD-5CD6-0000-00209B360100
Hashes: SHA1=B94D16ED6A439CFE591E7A20627F3033E71A10E2,MD5=8CBD6FDACDCC0ED48BAF607226D6D0C9,SHA256=CB128FAF0430CE1A90412546E90A3B6446C74887D696485CC2C3AAF10714A428,IMPHASH=DDC91ECD17D943E2EE26D62FC9A4FB0C
ParentProcessGuid: 365ABB72-9AD0-5CD6-0000-001077FC1600
ProcessId: 3448
CurrentDirectory: C:\Windows\system32\
ProcessGuid: 365ABB72-9ADA-5CD6-0000-0010603C1700
CommandLine: '""C:\Windows\System32\wusa.exe"" c:\users\ieuser\appdata\local\temp\suspicious.cab /extract:C:\Windows\ehome /quiet'
FileVersion: 6.1.7600.16385 (win7_rtm.090713-1255)
User: IEWIN7\IEUser
LogonId: '0x1369b'
IntegrityLevel: High
ParentImage: C:\Python27\python.exe
UtcTime: 2019-05-11 09:50:18.498
"
2019-05-11T09:50:26.779903+00:00,Hacktool - EDR-Freeze Execution,data/EVTX-ATTACK-SAMPLES/Privilege Escalation/sysmon_1_7_11_mcx2prov_uacbypass.evtx,1,Microsoft-Windows-Sysmon,1,15880,IEWIN7,"Image: C:\Windows\ehome\Mcx2Prov.exe
RuleName: ''
Description: MCX2 Provisioning library
TerminalSessionId: 1
ParentCommandLine: python  winpwnage.py -u uac -i 12 -p c:\Users\IEUser\Desktop\hellox86.dll
Product: Microsoft® Windows® Operating System
Company: Microsoft Corporation
ParentProcessId: 1136
LogonGuid: 365ABB72-96DD-5CD6-0000-0020C5360100
Hashes: SHA1=C77C958A9BE48F4BE0B269A142EF6CEE8B74EA99,MD5=556CA4010C24BB32F9B1BEEF8420926A,SHA256=6A17383B5E2A7942B7754644245C086690568FC2820A68E7B9B282D9775528AB,IMPHASH=769CDBD050D30FEA3B74D68527B27E12
ParentProcessGuid: 365ABB72-9AD0-5CD6-0000-001077FC1600
ProcessId: 2936
CurrentDirectory: C:\Users\IEUser\Downloads\WinPwnage-master\WinPwnage-master\
ProcessGuid: 365ABB72-9AE2-5CD6-0000-00106D631700
CommandLine: '""C:\Windows\ehome\mcx2prov.exe"" '
FileVersion: 6.1.7601.17514 (win7sp1_rtm.101119-1850)
User: IEWIN7\IEUser
LogonId: '0x136c5'
IntegrityLevel: Medium
ParentImage: C:\Python27\python.exe
UtcTime: 2019-05-11 09:50:26.701
"
2019-05-11T09:50:27.018184+00:00,Hacktool - EDR-Freeze Execution;UAC Bypass Using NTFS Reparse Point - Process,data/EVTX-ATTACK-SAMPLES/Privilege Escalation/sysmon_1_7_11_mcx2prov_uacbypass.evtx,1,Microsoft-Windows-Sysmon,1,15881,IEWIN7,"Image: C:\Windows\ehome\Mcx2Prov.exe
RuleName: ''
Description: MCX2 Provisioning library
TerminalSessionId: 1
ParentCommandLine: python  winpwnage.py -u uac -i 12 -p c:\Users\IEUser\Desktop\hellox86.dll
Product: Microsoft® Windows® Operating System
Company: Microsoft Corporation
ParentProcessId: 1136
LogonGuid: 365ABB72-96DD-5CD6-0000-00209B360100
Hashes: SHA1=C77C958A9BE48F4BE0B269A142EF6CEE8B74EA99,MD5=556CA4010C24BB32F9B1BEEF8420926A,SHA256=6A17383B5E2A7942B7754644245C086690568FC2820A68E7B9B282D9775528AB,IMPHASH=769CDBD050D30FEA3B74D68527B27E12
ParentProcessGuid: 365ABB72-9AD0-5CD6-0000-001077FC1600
ProcessId: 2688
CurrentDirectory: C:\Windows\system32\
ProcessGuid: 365ABB72-9AE2-5CD6-0000-0010337C1700
CommandLine: '""C:\Windows\ehome\mcx2prov.exe"" '
FileVersion: 6.1.7601.17514 (win7sp1_rtm.101119-1850)
User: IEWIN7\IEUser
LogonId: '0x1369b'
IntegrityLevel: High
ParentImage: C:\Python27\python.exe
UtcTime: 2019-05-11 09:50:26.858
"
2019-05-11T09:50:27.030880+00:00,Potential System DLL Sideloading From Non System Locations,data/EVTX-ATTACK-SAMPLES/Privilege Escalation/sysmon_1_7_11_mcx2prov_uacbypass.evtx,1,Microsoft-Windows-Sysmon,7,15882,IEWIN7,"Image: C:\Windows\ehome\Mcx2Prov.exe
Signature: ''
Hashes: SHA1=AA3BF7118AE8138859FC0EE9202684C6DA22C176,MD5=3F090AA1CAE8B179F93B2064B8609AE2,SHA256=AC1DD32C41F6002BDF2EB564653FF23E069594CE55F9E22093355084EE28A6FD,IMPHASH=10D8CBCC4D9E244D697F1C09224856DC
RuleName: Possible UAC Bypass - mcx2prov DLL
Description: '?'
ProcessId: 2688
SignatureStatus: Unavailable
ProcessGuid: 365ABB72-9AE2-5CD6-0000-0010337C1700
Signed: 'false'
FileVersion: '?'
ImageLoaded: C:\Windows\ehome\CRYPTBASE.dll
Product: '?'
Company: '?'
UtcTime: 2019-05-11 09:50:26.873
"
2019-05-11T16:46:10.125532+00:00,Hacktool - EDR-Freeze Execution,data/EVTX-ATTACK-SAMPLES/Privilege Escalation/sysmon_1_7_11_migwiz.evtx,1,Microsoft-Windows-Sysmon,1,15969,IEWIN7,"Image: C:\Python27\python.exe
RuleName: ''
Description: '?'
TerminalSessionId: 1
ParentCommandLine: '""C:\Windows\system32\cmd.exe"" '
Product: '?'
Company: '?'
ParentProcessId: 300
LogonGuid: 365ABB72-F9CD-5CD6-0000-002065370100
Hashes: SHA1=ECA93AAAA5039E12D2F0CC3F0C8F5AF8FDB15C71,MD5=E11683E4A1E88666DD5E0331F969E0C6,SHA256=B6B4BD10303797C209C4F3C3FCC863A925A77AE2C38090FB8B3FF1BF9C4DDE84,IMPHASH=F3F3DE6C332CF6049756A5B794EBD0C5
ParentProcessGuid: 365ABB72-FAB8-5CD6-0000-0010DA8F0A00
ProcessId: 3812
CurrentDirectory: C:\Users\IEUser\Downloads\WinPwnage-master\WinPwnage-master\
ProcessGuid: 365ABB72-FC52-5CD6-0000-0010357F1200
CommandLine: python  winpwnage.py -u uac -i 13 -p c:\Users\IEUser\Desktop\hellox86.dll
FileVersion: '?'
User: IEWIN7\IEUser
LogonId: '0x13765'
IntegrityLevel: Medium
ParentImage: C:\Windows\System32\cmd.exe
UtcTime: 2019-05-11 16:46:10.125
"
2019-05-11T16:46:10.344282+00:00,UAC Bypass Using Windows Media Player - File,data/EVTX-ATTACK-SAMPLES/Privilege Escalation/sysmon_1_7_11_migwiz.evtx,1,Microsoft-Windows-Sysmon,11,15970,IEWIN7,"ProcessGuid: 365ABB72-FC52-5CD6-0000-0010357F1200
CreationUtcTime: 2019-05-11 16:46:10.344
UtcTime: 2019-05-11 16:46:10.344
ProcessId: 3812
RuleName: ''
TargetFilename: C:\Users\IEUser\AppData\Local\Temp\CRYPTBASE.dll
Image: c:\python27\python.exe
"
2019-05-11T16:46:15.500532+00:00,Hacktool - EDR-Freeze Execution,data/EVTX-ATTACK-SAMPLES/Privilege Escalation/sysmon_1_7_11_migwiz.evtx,1,Microsoft-Windows-Sysmon,1,15971,IEWIN7,"Image: C:\Windows\System32\makecab.exe
RuleName: ''
Description: Microsoft® Cabinet Maker
TerminalSessionId: 1
ParentCommandLine: python  winpwnage.py -u uac -i 13 -p c:\Users\IEUser\Desktop\hellox86.dll
Product: Microsoft® Windows® Operating System
Company: Microsoft Corporation
ParentProcessId: 3812
LogonGuid: 365ABB72-F9CD-5CD6-0000-002065370100
Hashes: SHA1=EC611A8F412E231C52652C7612A9CE7E3FB40DB0,MD5=CEA119C323082026583901452B14C30E,SHA256=0AA12426F5254E84562D4FA60DDBB570A9A1B14056FB0B932C19232FD94FF441,IMPHASH=FEA77D23CF603C3FC78D329043294CF5
ParentProcessGuid: 365ABB72-FC52-5CD6-0000-0010357F1200
ProcessId: 3884
CurrentDirectory: C:\Users\IEUser\Downloads\WinPwnage-master\WinPwnage-master\
ProcessGuid: 365ABB72-FC57-5CD6-0000-00101FAF1200
CommandLine: '""C:\Windows\System32\makecab.exe"" c:\users\ieuser\appdata\local\temp\CRYPTBASE.dll c:\users\ieuser\appdata\local\temp\suspicious.cab'
FileVersion: 6.1.7600.16385 (win7_rtm.090713-1255)
User: IEWIN7\IEUser
LogonId: '0x13765'
IntegrityLevel: Medium
ParentImage: C:\Python27\python.exe
UtcTime: 2019-05-11 16:46:15.406
"
2019-05-11T16:46:15.547407+00:00,UAC Bypass Using Windows Media Player - File,data/EVTX-ATTACK-SAMPLES/Privilege Escalation/sysmon_1_7_11_migwiz.evtx,1,Microsoft-Windows-Sysmon,11,15972,IEWIN7,"ProcessGuid: 365ABB72-FC57-5CD6-0000-00101FAF1200
CreationUtcTime: 2019-05-11 16:46:15.484
UtcTime: 2019-05-11 16:46:15.484
ProcessId: 3884
RuleName: ''
TargetFilename: C:\Users\IEUser\AppData\Local\Temp\suspicious.cab
Image: C:\Windows\System32\makecab.exe
"
2019-05-11T16:46:20.531782+00:00,Cab File Extraction Via Wusa.EXE From Potentially Suspicious Paths;Hacktool - EDR-Freeze Execution,data/EVTX-ATTACK-SAMPLES/Privilege Escalation/sysmon_1_7_11_migwiz.evtx,1,Microsoft-Windows-Sysmon,1,15973,IEWIN7,"Image: C:\Windows\System32\wusa.exe
RuleName: ''
Description: Windows Update Standalone Installer
TerminalSessionId: 1
ParentCommandLine: python  winpwnage.py -u uac -i 13 -p c:\Users\IEUser\Desktop\hellox86.dll
Product: Microsoft® Windows® Operating System
Company: Microsoft Corporation
ParentProcessId: 3812
LogonGuid: 365ABB72-F9CD-5CD6-0000-002065370100
Hashes: SHA1=B94D16ED6A439CFE591E7A20627F3033E71A10E2,MD5=8CBD6FDACDCC0ED48BAF607226D6D0C9,SHA256=CB128FAF0430CE1A90412546E90A3B6446C74887D696485CC2C3AAF10714A428,IMPHASH=DDC91ECD17D943E2EE26D62FC9A4FB0C
ParentProcessGuid: 365ABB72-FC52-5CD6-0000-0010357F1200
ProcessId: 3756
CurrentDirectory: C:\Users\IEUser\Downloads\WinPwnage-master\WinPwnage-master\
ProcessGuid: 365ABB72-FC5C-5CD6-0000-001045DB1200
CommandLine: '""C:\Windows\System32\wusa.exe"" c:\users\ieuser\appdata\local\temp\suspicious.cab /extract:C:\Windows\system32\migwiz /quiet'
FileVersion: 6.1.7600.16385 (win7_rtm.090713-1255)
User: IEWIN7\IEUser
LogonId: '0x13765'
IntegrityLevel: Medium
ParentImage: C:\Python27\python.exe
UtcTime: 2019-05-11 16:46:20.422
"
2019-05-11T16:46:20.828657+00:00,Cab File Extraction Via Wusa.EXE From Potentially Suspicious Paths;Hacktool - EDR-Freeze Execution;UAC Bypass Using NTFS Reparse Point - Process,data/EVTX-ATTACK-SAMPLES/Privilege Escalation/sysmon_1_7_11_migwiz.evtx,1,Microsoft-Windows-Sysmon,1,15974,IEWIN7,"Image: C:\Windows\System32\wusa.exe
RuleName: ''
Description: Windows Update Standalone Installer
TerminalSessionId: 1
ParentCommandLine: python  winpwnage.py -u uac -i 13 -p c:\Users\IEUser\Desktop\hellox86.dll
Product: Microsoft® Windows® Operating System
Company: Microsoft Corporation
ParentProcessId: 3812
LogonGuid: 365ABB72-F9CD-5CD6-0000-00201B370100
Hashes: SHA1=B94D16ED6A439CFE591E7A20627F3033E71A10E2,MD5=8CBD6FDACDCC0ED48BAF607226D6D0C9,SHA256=CB128FAF0430CE1A90412546E90A3B6446C74887D696485CC2C3AAF10714A428,IMPHASH=DDC91ECD17D943E2EE26D62FC9A4FB0C
ParentProcessGuid: 365ABB72-FC52-5CD6-0000-0010357F1200
ProcessId: 1256
CurrentDirectory: C:\Windows\system32\
ProcessGuid: 365ABB72-FC5C-5CD6-0000-0010E9F61200
CommandLine: '""C:\Windows\System32\wusa.exe"" c:\users\ieuser\appdata\local\temp\suspicious.cab /extract:C:\Windows\system32\migwiz /quiet'
FileVersion: 6.1.7600.16385 (win7_rtm.090713-1255)
User: IEWIN7\IEUser
LogonId: '0x1371b'
IntegrityLevel: High
ParentImage: C:\Python27\python.exe
UtcTime: 2019-05-11 16:46:20.688
"
2019-05-11T16:54:02.071391+00:00,Hacktool - EDR-Freeze Execution,data/EVTX-ATTACK-SAMPLES/Privilege Escalation/sysmon_1_7_11_sysprep_uacbypass.evtx,1,Microsoft-Windows-Sysmon,1,15986,IEWIN7,"Image: C:\Python27\python.exe
RuleName: ''
Description: '?'
TerminalSessionId: 1
ParentCommandLine: '""C:\Windows\system32\cmd.exe"" '
Product: '?'
Company: '?'
ParentProcessId: 300
LogonGuid: 365ABB72-F9CD-5CD6-0000-002065370100
Hashes: SHA1=ECA93AAAA5039E12D2F0CC3F0C8F5AF8FDB15C71,MD5=E11683E4A1E88666DD5E0331F969E0C6,SHA256=B6B4BD10303797C209C4F3C3FCC863A925A77AE2C38090FB8B3FF1BF9C4DDE84,IMPHASH=F3F3DE6C332CF6049756A5B794EBD0C5
ParentProcessGuid: 365ABB72-FAB8-5CD6-0000-0010DA8F0A00
ProcessId: 2028
CurrentDirectory: C:\Users\IEUser\Downloads\WinPwnage-master\WinPwnage-master\
ProcessGuid: 365ABB72-FE2A-5CD6-0000-00107E091700
CommandLine: python  winpwnage.py -u uac -i 14 -p c:\Users\IEUser\Desktop\hellox86.dll
FileVersion: '?'
User: IEWIN7\IEUser
LogonId: '0x13765'
IntegrityLevel: Medium
ParentImage: C:\Windows\System32\cmd.exe
UtcTime: 2019-05-11 16:54:02.071
"
2019-05-11T16:54:02.305766+00:00,UAC Bypass Using Windows Media Player - File,data/EVTX-ATTACK-SAMPLES/Privilege Escalation/sysmon_1_7_11_sysprep_uacbypass.evtx,1,Microsoft-Windows-Sysmon,11,15987,IEWIN7,"ProcessGuid: 365ABB72-FE2A-5CD6-0000-00107E091700
CreationUtcTime: 2019-05-11 16:54:02.305
UtcTime: 2019-05-11 16:54:02.305
ProcessId: 2028
RuleName: ''
TargetFilename: C:\Users\IEUser\AppData\Local\Temp\CRYPTBASE.dll
Image: c:\python27\python.exe
"
2019-05-11T16:54:07.508891+00:00,Hacktool - EDR-Freeze Execution,data/EVTX-ATTACK-SAMPLES/Privilege Escalation/sysmon_1_7_11_sysprep_uacbypass.evtx,1,Microsoft-Windows-Sysmon,1,15988,IEWIN7,"Image: C:\Windows\System32\makecab.exe
RuleName: ''
Description: Microsoft® Cabinet Maker
TerminalSessionId: 1
ParentCommandLine: python  winpwnage.py -u uac -i 14 -p c:\Users\IEUser\Desktop\hellox86.dll
Product: Microsoft® Windows® Operating System
Company: Microsoft Corporation
ParentProcessId: 2028
LogonGuid: 365ABB72-F9CD-5CD6-0000-002065370100
Hashes: SHA1=EC611A8F412E231C52652C7612A9CE7E3FB40DB0,MD5=CEA119C323082026583901452B14C30E,SHA256=0AA12426F5254E84562D4FA60DDBB570A9A1B14056FB0B932C19232FD94FF441,IMPHASH=FEA77D23CF603C3FC78D329043294CF5
ParentProcessGuid: 365ABB72-FE2A-5CD6-0000-00107E091700
ProcessId: 2956
CurrentDirectory: C:\Users\IEUser\Downloads\WinPwnage-master\WinPwnage-master\
ProcessGuid: 365ABB72-FE2F-5CD6-0000-001019201700
CommandLine: '""C:\Windows\System32\makecab.exe"" c:\users\ieuser\appdata\local\temp\CRYPTBASE.dll c:\users\ieuser\appdata\local\temp\suspicious.cab'
FileVersion: 6.1.7600.16385 (win7_rtm.090713-1255)
User: IEWIN7\IEUser
LogonId: '0x13765'
IntegrityLevel: Medium
ParentImage: C:\Python27\python.exe
UtcTime: 2019-05-11 16:54:07.368
"
2019-05-11T16:54:07.524516+00:00,UAC Bypass Using Windows Media Player - File,data/EVTX-ATTACK-SAMPLES/Privilege Escalation/sysmon_1_7_11_sysprep_uacbypass.evtx,1,Microsoft-Windows-Sysmon,11,15989,IEWIN7,"ProcessGuid: 365ABB72-FE2F-5CD6-0000-001019201700
CreationUtcTime: 2019-05-11 16:54:07.462
UtcTime: 2019-05-11 16:54:07.462
ProcessId: 2956
RuleName: ''
TargetFilename: C:\Users\IEUser\AppData\Local\Temp\suspicious.cab
Image: C:\Windows\System32\makecab.exe
"
2019-05-11T16:54:12.493266+00:00,Cab File Extraction Via Wusa.EXE From Potentially Suspicious Paths;Hacktool - EDR-Freeze Execution,data/EVTX-ATTACK-SAMPLES/Privilege Escalation/sysmon_1_7_11_sysprep_uacbypass.evtx,1,Microsoft-Windows-Sysmon,1,15990,IEWIN7,"Image: C:\Windows\System32\wusa.exe
RuleName: ''
Description: Windows Update Standalone Installer
TerminalSessionId: 1
ParentCommandLine: python  winpwnage.py -u uac -i 14 -p c:\Users\IEUser\Desktop\hellox86.dll
Product: Microsoft® Windows® Operating System
Company: Microsoft Corporation
ParentProcessId: 2028
LogonGuid: 365ABB72-F9CD-5CD6-0000-002065370100
Hashes: SHA1=B94D16ED6A439CFE591E7A20627F3033E71A10E2,MD5=8CBD6FDACDCC0ED48BAF607226D6D0C9,SHA256=CB128FAF0430CE1A90412546E90A3B6446C74887D696485CC2C3AAF10714A428,IMPHASH=DDC91ECD17D943E2EE26D62FC9A4FB0C
ParentProcessGuid: 365ABB72-FE2A-5CD6-0000-00107E091700
ProcessId: 3688
CurrentDirectory: C:\Users\IEUser\Downloads\WinPwnage-master\WinPwnage-master\
ProcessGuid: 365ABB72-FE34-5CD6-0000-0010EB2E1700
CommandLine: '""C:\Windows\System32\wusa.exe"" c:\users\ieuser\appdata\local\temp\suspicious.cab /extract:C:\Windows\system32\sysprep /quiet'
FileVersion: 6.1.7600.16385 (win7_rtm.090713-1255)
User: IEWIN7\IEUser
LogonId: '0x13765'
IntegrityLevel: Medium
ParentImage: C:\Python27\python.exe
UtcTime: 2019-05-11 16:54:12.399
"
2019-05-11T16:54:12.821391+00:00,Cab File Extraction Via Wusa.EXE From Potentially Suspicious Paths;Hacktool - EDR-Freeze Execution;UAC Bypass Using NTFS Reparse Point - Process,data/EVTX-ATTACK-SAMPLES/Privilege Escalation/sysmon_1_7_11_sysprep_uacbypass.evtx,1,Microsoft-Windows-Sysmon,1,15991,IEWIN7,"Image: C:\Windows\System32\wusa.exe
RuleName: ''
Description: Windows Update Standalone Installer
TerminalSessionId: 1
ParentCommandLine: python  winpwnage.py -u uac -i 14 -p c:\Users\IEUser\Desktop\hellox86.dll
Product: Microsoft® Windows® Operating System
Company: Microsoft Corporation
ParentProcessId: 2028
LogonGuid: 365ABB72-F9CD-5CD6-0000-00201B370100
Hashes: SHA1=B94D16ED6A439CFE591E7A20627F3033E71A10E2,MD5=8CBD6FDACDCC0ED48BAF607226D6D0C9,SHA256=CB128FAF0430CE1A90412546E90A3B6446C74887D696485CC2C3AAF10714A428,IMPHASH=DDC91ECD17D943E2EE26D62FC9A4FB0C
ParentProcessGuid: 365ABB72-FE2A-5CD6-0000-00107E091700
ProcessId: 4000
CurrentDirectory: C:\Windows\system32\
ProcessGuid: 365ABB72-FE34-5CD6-0000-0010B8481700
CommandLine: '""C:\Windows\System32\wusa.exe"" c:\users\ieuser\appdata\local\temp\suspicious.cab /extract:C:\Windows\system32\sysprep /quiet'
FileVersion: 6.1.7600.16385 (win7_rtm.090713-1255)
User: IEWIN7\IEUser
LogonId: '0x1371b'
IntegrityLevel: High
ParentImage: C:\Python27\python.exe
UtcTime: 2019-05-11 16:54:12.571
"
2019-05-11T17:10:10.889320+00:00,Outgoing Logon with New Credentials;Pass the Hash Activity 2;Successful Overpass the Hash Attempt,data/EVTX-ATTACK-SAMPLES/Privilege Escalation/security_4624_4673_token_manip.evtx,1,Microsoft-Windows-Security-Auditing,4624,18206,IEWIN7,"AuthenticationPackageName: Negotiate
LogonProcessName: seclogo
KeyLength: 0
TargetDomainName: IEWIN7
SubjectLogonId: '0x1371b'
TargetLogonId: '0x1bbdce'
LogonGuid: 00000000-0000-0000-0000-000000000000
SubjectDomainName: IEWIN7
LogonType: 9
WorkstationName: ''
SubjectUserSid: S-1-5-21-3583694148-1414552638-2922671848-1000
TransmittedServices: '-'
ProcessId: '0x3c8'
IpPort: '0'
TargetUserName: IEUser
ProcessName: C:\Windows\System32\svchost.exe
LmPackageName: '-'
SubjectUserName: IEUser
TargetUserSid: S-1-5-21-3583694148-1414552638-2922671848-1000
IpAddress: ::1
"
2019-05-11T17:28:17.176430+00:00,Hacktool - EDR-Freeze Execution,data/EVTX-ATTACK-SAMPLES/Privilege Escalation/sysmon_1_13_11_cmstp_ini_uacbypass.evtx,1,Microsoft-Windows-Sysmon,1,16036,IEWIN7,"Image: C:\Python27\python.exe
RuleName: ''
Description: '?'
TerminalSessionId: 1
ParentCommandLine: '""C:\Windows\system32\cmd.exe"" '
Product: '?'
Company: '?'
ParentProcessId: 300
LogonGuid: 365ABB72-F9CD-5CD6-0000-002065370100
Hashes: SHA1=ECA93AAAA5039E12D2F0CC3F0C8F5AF8FDB15C71,MD5=E11683E4A1E88666DD5E0331F969E0C6,SHA256=B6B4BD10303797C209C4F3C3FCC863A925A77AE2C38090FB8B3FF1BF9C4DDE84,IMPHASH=F3F3DE6C332CF6049756A5B794EBD0C5
ParentProcessGuid: 365ABB72-FAB8-5CD6-0000-0010DA8F0A00
ProcessId: 2460
CurrentDirectory: C:\Users\IEUser\Downloads\WinPwnage-master\WinPwnage-master\
ProcessGuid: 365ABB72-0631-5CD7-0000-0010C5862100
CommandLine: python  winpwnage.py -u uac -i 17 -p c:\windows\System32\cmd.exe
FileVersion: '?'
User: IEWIN7\IEUser
LogonId: '0x13765'
IntegrityLevel: Medium
ParentImage: C:\Windows\System32\cmd.exe
UtcTime: 2019-05-11 17:28:17.176
"
2019-05-11T17:28:17.363930+00:00,UAC Bypass Using Windows Media Player - File,data/EVTX-ATTACK-SAMPLES/Privilege Escalation/sysmon_1_13_11_cmstp_ini_uacbypass.evtx,1,Microsoft-Windows-Sysmon,11,16037,IEWIN7,"ProcessGuid: 365ABB72-0631-5CD7-0000-0010C5862100
CreationUtcTime: 2019-05-11 17:28:17.363
UtcTime: 2019-05-11 17:28:17.363
ProcessId: 2460
RuleName: ''
TargetFilename: C:\Users\IEUser\AppData\Local\Temp\tmp.ini
Image: c:\python27\python.exe
"
2019-05-11T17:28:19.567055+00:00,Bypass UAC via CMSTP;Hacktool - EDR-Freeze Execution,data/EVTX-ATTACK-SAMPLES/Privilege Escalation/sysmon_1_13_11_cmstp_ini_uacbypass.evtx,1,Microsoft-Windows-Sysmon,1,16038,IEWIN7,"Image: C:\Windows\System32\cmstp.exe
RuleName: ''
Description: Microsoft Connection Manager Profile Installer
TerminalSessionId: 1
ParentCommandLine: python  winpwnage.py -u uac -i 17 -p c:\windows\System32\cmd.exe
Product: Microsoft(R) Connection Manager
Company: Microsoft Corporation
ParentProcessId: 2460
LogonGuid: 365ABB72-F9CD-5CD6-0000-002065370100
Hashes: SHA1=7B1FF39621D704665F392CB19171B8337E042D7D,MD5=00263CA2071DC9A6EE577EB356B0D1D9,SHA256=AE11B4CD277731BA5D218A2FDB22D19EA5F2780256BC481E86ACBD8ED4CCF1C4,IMPHASH=152AEE2AB20419D44875B94A2E5E3387
ParentProcessGuid: 365ABB72-0631-5CD7-0000-0010C5862100
ProcessId: 3840
CurrentDirectory: C:\Users\IEUser\Downloads\WinPwnage-master\WinPwnage-master\
ProcessGuid: 365ABB72-0633-5CD7-0000-0010C6A02100
CommandLine: '""C:\Windows\System32\cmstp.exe"" /au c:\users\ieuser\appdata\local\temp\tmp.ini'
FileVersion: 7.02.7600.16385 (win7_rtm.090713-1255)
User: IEWIN7\IEUser
LogonId: '0x13765'
IntegrityLevel: Medium
ParentImage: C:\Python27\python.exe
UtcTime: 2019-05-11 17:28:19.442
"
2019-05-11T17:28:22.598305+00:00,CMSTP UAC Bypass via COM Object Access;Hacktool - EDR-Freeze Execution;Operator Bloopers Cobalt Strike Commands;UAC Bypass Using NTFS Reparse Point - Process;UAC Bypass via ICMLuaUtil;Unusual Parent Process For Cmd.EXE,data/EVTX-ATTACK-SAMPLES/Privilege Escalation/sysmon_1_13_11_cmstp_ini_uacbypass.evtx,1,Microsoft-Windows-Sysmon,1,16040,IEWIN7,"Image: C:\Windows\System32\cmd.exe
RuleName: ''
Description: Windows Command Processor
TerminalSessionId: 1
ParentCommandLine: C:\Windows\system32\DllHost.exe /Processid:{3E5FC7F9-9A51-4367-9063-A120244FBEC7}
Product: Microsoft® Windows® Operating System
Company: Microsoft Corporation
ParentProcessId: 3044
LogonGuid: 365ABB72-F9CD-5CD6-0000-00201B370100
Hashes: SHA1=EE8CBF12D87C4D388F09B4F69BED2E91682920B5,MD5=AD7B9C14083B52BC532FBA5948342B98,SHA256=17F746D82695FA9B35493B41859D39D786D32B23A9D2E00F4011DEC7A02402AE,IMPHASH=CEEFB55F764020CC5C5F8F23349AB163
ParentProcessGuid: 365ABB72-0545-5CD7-0000-001078371F00
ProcessId: 544
CurrentDirectory: C:\Windows\system32\
ProcessGuid: 365ABB72-0636-5CD7-0000-0010A6C72100
CommandLine: c:\windows\System32\cmd.exe
FileVersion: 6.1.7601.17514 (win7sp1_rtm.101119-1850)
User: IEWIN7\IEUser
LogonId: '0x1371b'
IntegrityLevel: High
ParentImage: C:\Windows\System32\dllhost.exe
UtcTime: 2019-05-11 17:28:22.488
"
