2019-07-19T14:52:16.040837+00:00,Hacktool - EDR-Freeze Execution;UAC Bypass Using NTFS Reparse Point - Process,data/EVTX-ATTACK-SAMPLES/AutomatedTestingTools/PanacheSysmon_vs_AtomicRedTeam01.evtx,1,Microsoft-Windows-Sysmon,1,3856,MSEDGEWIN10,"Image: C:\Windows\System32\PING.EXE
RuleName: ''
Description: TCP/IP Ping Command
TerminalSessionId: 1
ParentCommandLine: '""C:\Windows\system32\cmd.exe"" /c ""for /l %i in (1,1,254) do ping -n 1 -w 100 192.168.1.%i""'
Product: Microsoft® Windows® Operating System
Company: Microsoft Corporation
ParentProcessId: 4528
LogonGuid: 747F3D96-D4B4-5D31-0000-002051090500
Hashes: SHA1=8757646428A176F76E6F38458A25902A8FEBA9C0,MD5=56633150D77AE242D07727B0564430BB,SHA256=741AD992403C78A8A7DBD97C74FDA06594A247E9E2FA05A40BB6945403A90056,IMPHASH=8C3BE1286CDAD6AC1136D0BB6C83FF41
ParentProcessGuid: 747F3D96-D8F6-5D31-0000-001091D13300
ProcessId: 2288
CurrentDirectory: C:\AtomicRedTeam\
ProcessGuid: 747F3D96-D920-5D31-0000-00104E0E3500
CommandLine: ping  -n 1 -w 100 192.168.1.83
FileVersion: 10.0.17763.1 (WinBuild.160101.0800)
User: MSEDGEWIN10\IEUser
LogonId: '0x50951'
IntegrityLevel: High
ParentImage: C:\Windows\System32\cmd.exe
UtcTime: 2019-07-19 14:52:16.036
"
2019-07-19T14:52:16.584660+00:00,Hacktool - EDR-Freeze Execution;UAC Bypass Using NTFS Reparse Point - Process,data/EVTX-ATTACK-SAMPLES/AutomatedTestingTools/PanacheSysmon_vs_AtomicRedTeam01.evtx,1,Microsoft-Windows-Sysmon,1,3857,MSEDGEWIN10,"Image: C:\Windows\System32\PING.EXE
RuleName: ''
Description: TCP/IP Ping Command
TerminalSessionId: 1
ParentCommandLine: '""C:\Windows\system32\cmd.exe"" /c ""for /l %i in (1,1,254) do ping -n 1 -w 100 192.168.1.%i""'
Product: Microsoft® Windows® Operating System
Company: Microsoft Corporation
ParentProcessId: 4528
LogonGuid: 747F3D96-D4B4-5D31-0000-002051090500
Hashes: SHA1=8757646428A176F76E6F38458A25902A8FEBA9C0,MD5=56633150D77AE242D07727B0564430BB,SHA256=741AD992403C78A8A7DBD97C74FDA06594A247E9E2FA05A40BB6945403A90056,IMPHASH=8C3BE1286CDAD6AC1136D0BB6C83FF41
ParentProcessGuid: 747F3D96-D8F6-5D31-0000-001091D13300
ProcessId: 1684
CurrentDirectory: C:\AtomicRedTeam\
ProcessGuid: 747F3D96-D920-5D31-0000-0010A6183500
CommandLine: ping  -n 1 -w 100 192.168.1.84
FileVersion: 10.0.17763.1 (WinBuild.160101.0800)
User: MSEDGEWIN10\IEUser
LogonId: '0x50951'
IntegrityLevel: High
ParentImage: C:\Windows\System32\cmd.exe
UtcTime: 2019-07-19 14:52:16.571
"
2019-07-19T14:52:17.041742+00:00,Hacktool - EDR-Freeze Execution;UAC Bypass Using NTFS Reparse Point - Process,data/EVTX-ATTACK-SAMPLES/AutomatedTestingTools/PanacheSysmon_vs_AtomicRedTeam01.evtx,1,Microsoft-Windows-Sysmon,1,3858,MSEDGEWIN10,"Image: C:\Windows\System32\PING.EXE
RuleName: ''
Description: TCP/IP Ping Command
TerminalSessionId: 1
ParentCommandLine: '""C:\Windows\system32\cmd.exe"" /c ""for /l %i in (1,1,254) do ping -n 1 -w 100 192.168.1.%i""'
Product: Microsoft® Windows® Operating System
Company: Microsoft Corporation
ParentProcessId: 4528
LogonGuid: 747F3D96-D4B4-5D31-0000-002051090500
Hashes: SHA1=8757646428A176F76E6F38458A25902A8FEBA9C0,MD5=56633150D77AE242D07727B0564430BB,SHA256=741AD992403C78A8A7DBD97C74FDA06594A247E9E2FA05A40BB6945403A90056,IMPHASH=8C3BE1286CDAD6AC1136D0BB6C83FF41
ParentProcessGuid: 747F3D96-D8F6-5D31-0000-001091D13300
ProcessId: 1060
CurrentDirectory: C:\AtomicRedTeam\
ProcessGuid: 747F3D96-D921-5D31-0000-0010921B3500
CommandLine: ping  -n 1 -w 100 192.168.1.85
FileVersion: 10.0.17763.1 (WinBuild.160101.0800)
User: MSEDGEWIN10\IEUser
LogonId: '0x50951'
IntegrityLevel: High
ParentImage: C:\Windows\System32\cmd.exe
UtcTime: 2019-07-19 14:52:17.036
"
2019-07-19T14:52:17.511281+00:00,Hacktool - EDR-Freeze Execution;UAC Bypass Using NTFS Reparse Point - Process,data/EVTX-ATTACK-SAMPLES/AutomatedTestingTools/PanacheSysmon_vs_AtomicRedTeam01.evtx,1,Microsoft-Windows-Sysmon,1,3859,MSEDGEWIN10,"Image: C:\Windows\System32\PING.EXE
RuleName: ''
Description: TCP/IP Ping Command
TerminalSessionId: 1
ParentCommandLine: '""C:\Windows\system32\cmd.exe"" /c ""for /l %i in (1,1,254) do ping -n 1 -w 100 192.168.1.%i""'
Product: Microsoft® Windows® Operating System
Company: Microsoft Corporation
ParentProcessId: 4528
LogonGuid: 747F3D96-D4B4-5D31-0000-002051090500
Hashes: SHA1=8757646428A176F76E6F38458A25902A8FEBA9C0,MD5=56633150D77AE242D07727B0564430BB,SHA256=741AD992403C78A8A7DBD97C74FDA06594A247E9E2FA05A40BB6945403A90056,IMPHASH=8C3BE1286CDAD6AC1136D0BB6C83FF41
ParentProcessGuid: 747F3D96-D8F6-5D31-0000-001091D13300
ProcessId: 3744
CurrentDirectory: C:\AtomicRedTeam\
ProcessGuid: 747F3D96-D921-5D31-0000-00107C1E3500
CommandLine: ping  -n 1 -w 100 192.168.1.86
FileVersion: 10.0.17763.1 (WinBuild.160101.0800)
User: MSEDGEWIN10\IEUser
LogonId: '0x50951'
IntegrityLevel: High
ParentImage: C:\Windows\System32\cmd.exe
UtcTime: 2019-07-19 14:52:17.507
"
2019-07-19T14:52:18.015716+00:00,Hacktool - EDR-Freeze Execution;UAC Bypass Using NTFS Reparse Point - Process,data/EVTX-ATTACK-SAMPLES/AutomatedTestingTools/PanacheSysmon_vs_AtomicRedTeam01.evtx,1,Microsoft-Windows-Sysmon,1,3860,MSEDGEWIN10,"Image: C:\Windows\System32\PING.EXE
RuleName: ''
Description: TCP/IP Ping Command
TerminalSessionId: 1
ParentCommandLine: '""C:\Windows\system32\cmd.exe"" /c ""for /l %i in (1,1,254) do ping -n 1 -w 100 192.168.1.%i""'
Product: Microsoft® Windows® Operating System
Company: Microsoft Corporation
ParentProcessId: 4528
LogonGuid: 747F3D96-D4B4-5D31-0000-002051090500
Hashes: SHA1=8757646428A176F76E6F38458A25902A8FEBA9C0,MD5=56633150D77AE242D07727B0564430BB,SHA256=741AD992403C78A8A7DBD97C74FDA06594A247E9E2FA05A40BB6945403A90056,IMPHASH=8C3BE1286CDAD6AC1136D0BB6C83FF41
ParentProcessGuid: 747F3D96-D8F6-5D31-0000-001091D13300
ProcessId: 3068
CurrentDirectory: C:\AtomicRedTeam\
ProcessGuid: 747F3D96-D922-5D31-0000-001066213500
CommandLine: ping  -n 1 -w 100 192.168.1.87
FileVersion: 10.0.17763.1 (WinBuild.160101.0800)
User: MSEDGEWIN10\IEUser
LogonId: '0x50951'
IntegrityLevel: High
ParentImage: C:\Windows\System32\cmd.exe
UtcTime: 2019-07-19 14:52:18.007
"
2019-07-19T14:52:18.509474+00:00,Hacktool - EDR-Freeze Execution;UAC Bypass Using NTFS Reparse Point - Process,data/EVTX-ATTACK-SAMPLES/AutomatedTestingTools/PanacheSysmon_vs_AtomicRedTeam01.evtx,1,Microsoft-Windows-Sysmon,1,3861,MSEDGEWIN10,"Image: C:\Windows\System32\PING.EXE
RuleName: ''
Description: TCP/IP Ping Command
TerminalSessionId: 1
ParentCommandLine: '""C:\Windows\system32\cmd.exe"" /c ""for /l %i in (1,1,254) do ping -n 1 -w 100 192.168.1.%i""'
Product: Microsoft® Windows® Operating System
Company: Microsoft Corporation
ParentProcessId: 4528
LogonGuid: 747F3D96-D4B4-5D31-0000-002051090500
Hashes: SHA1=8757646428A176F76E6F38458A25902A8FEBA9C0,MD5=56633150D77AE242D07727B0564430BB,SHA256=741AD992403C78A8A7DBD97C74FDA06594A247E9E2FA05A40BB6945403A90056,IMPHASH=8C3BE1286CDAD6AC1136D0BB6C83FF41
ParentProcessGuid: 747F3D96-D8F6-5D31-0000-001091D13300
ProcessId: 6312
CurrentDirectory: C:\AtomicRedTeam\
ProcessGuid: 747F3D96-D922-5D31-0000-001063243500
CommandLine: ping  -n 1 -w 100 192.168.1.88
FileVersion: 10.0.17763.1 (WinBuild.160101.0800)
User: MSEDGEWIN10\IEUser
LogonId: '0x50951'
IntegrityLevel: High
ParentImage: C:\Windows\System32\cmd.exe
UtcTime: 2019-07-19 14:52:18.505
"
2019-07-19T14:52:18.990812+00:00,Hacktool - EDR-Freeze Execution;UAC Bypass Using NTFS Reparse Point - Process,data/EVTX-ATTACK-SAMPLES/AutomatedTestingTools/PanacheSysmon_vs_AtomicRedTeam01.evtx,1,Microsoft-Windows-Sysmon,1,3862,MSEDGEWIN10,"Image: C:\Windows\System32\PING.EXE
RuleName: ''
Description: TCP/IP Ping Command
TerminalSessionId: 1
ParentCommandLine: '""C:\Windows\system32\cmd.exe"" /c ""for /l %i in (1,1,254) do ping -n 1 -w 100 192.168.1.%i""'
Product: Microsoft® Windows® Operating System
Company: Microsoft Corporation
ParentProcessId: 4528
LogonGuid: 747F3D96-D4B4-5D31-0000-002051090500
Hashes: SHA1=8757646428A176F76E6F38458A25902A8FEBA9C0,MD5=56633150D77AE242D07727B0564430BB,SHA256=741AD992403C78A8A7DBD97C74FDA06594A247E9E2FA05A40BB6945403A90056,IMPHASH=8C3BE1286CDAD6AC1136D0BB6C83FF41
ParentProcessGuid: 747F3D96-D8F6-5D31-0000-001091D13300
ProcessId: 3116
CurrentDirectory: C:\AtomicRedTeam\
ProcessGuid: 747F3D96-D922-5D31-0000-001053273500
CommandLine: ping  -n 1 -w 100 192.168.1.89
FileVersion: 10.0.17763.1 (WinBuild.160101.0800)
User: MSEDGEWIN10\IEUser
LogonId: '0x50951'
IntegrityLevel: High
ParentImage: C:\Windows\System32\cmd.exe
UtcTime: 2019-07-19 14:52:18.984
"
2019-07-19T14:52:19.541968+00:00,Hacktool - EDR-Freeze Execution;UAC Bypass Using NTFS Reparse Point - Process,data/EVTX-ATTACK-SAMPLES/AutomatedTestingTools/PanacheSysmon_vs_AtomicRedTeam01.evtx,1,Microsoft-Windows-Sysmon,1,3863,MSEDGEWIN10,"Image: C:\Windows\System32\PING.EXE
RuleName: ''
Description: TCP/IP Ping Command
TerminalSessionId: 1
ParentCommandLine: '""C:\Windows\system32\cmd.exe"" /c ""for /l %i in (1,1,254) do ping -n 1 -w 100 192.168.1.%i""'
Product: Microsoft® Windows® Operating System
Company: Microsoft Corporation
ParentProcessId: 4528
LogonGuid: 747F3D96-D4B4-5D31-0000-002051090500
Hashes: SHA1=8757646428A176F76E6F38458A25902A8FEBA9C0,MD5=56633150D77AE242D07727B0564430BB,SHA256=741AD992403C78A8A7DBD97C74FDA06594A247E9E2FA05A40BB6945403A90056,IMPHASH=8C3BE1286CDAD6AC1136D0BB6C83FF41
ParentProcessGuid: 747F3D96-D8F6-5D31-0000-001091D13300
ProcessId: 3868
CurrentDirectory: C:\AtomicRedTeam\
ProcessGuid: 747F3D96-D923-5D31-0000-00103D2A3500
CommandLine: ping  -n 1 -w 100 192.168.1.90
FileVersion: 10.0.17763.1 (WinBuild.160101.0800)
User: MSEDGEWIN10\IEUser
LogonId: '0x50951'
IntegrityLevel: High
ParentImage: C:\Windows\System32\cmd.exe
UtcTime: 2019-07-19 14:52:19.537
"
2019-07-19T14:52:20.006072+00:00,Hacktool - EDR-Freeze Execution;UAC Bypass Using NTFS Reparse Point - Process,data/EVTX-ATTACK-SAMPLES/AutomatedTestingTools/PanacheSysmon_vs_AtomicRedTeam01.evtx,1,Microsoft-Windows-Sysmon,1,3864,MSEDGEWIN10,"Image: C:\Windows\System32\PING.EXE
RuleName: ''
Description: TCP/IP Ping Command
TerminalSessionId: 1
ParentCommandLine: '""C:\Windows\system32\cmd.exe"" /c ""for /l %i in (1,1,254) do ping -n 1 -w 100 192.168.1.%i""'
Product: Microsoft® Windows® Operating System
Company: Microsoft Corporation
ParentProcessId: 4528
LogonGuid: 747F3D96-D4B4-5D31-0000-002051090500
Hashes: SHA1=8757646428A176F76E6F38458A25902A8FEBA9C0,MD5=56633150D77AE242D07727B0564430BB,SHA256=741AD992403C78A8A7DBD97C74FDA06594A247E9E2FA05A40BB6945403A90056,IMPHASH=8C3BE1286CDAD6AC1136D0BB6C83FF41
ParentProcessGuid: 747F3D96-D8F6-5D31-0000-001091D13300
ProcessId: 1020
CurrentDirectory: C:\AtomicRedTeam\
ProcessGuid: 747F3D96-D924-5D31-0000-0010272D3500
CommandLine: ping  -n 1 -w 100 192.168.1.91
FileVersion: 10.0.17763.1 (WinBuild.160101.0800)
User: MSEDGEWIN10\IEUser
LogonId: '0x50951'
IntegrityLevel: High
ParentImage: C:\Windows\System32\cmd.exe
UtcTime: 2019-07-19 14:52:20.002
"
2019-07-19T14:52:20.543625+00:00,Hacktool - EDR-Freeze Execution;UAC Bypass Using NTFS Reparse Point - Process,data/EVTX-ATTACK-SAMPLES/AutomatedTestingTools/PanacheSysmon_vs_AtomicRedTeam01.evtx,1,Microsoft-Windows-Sysmon,1,3865,MSEDGEWIN10,"Image: C:\Windows\System32\PING.EXE
RuleName: ''
Description: TCP/IP Ping Command
TerminalSessionId: 1
ParentCommandLine: '""C:\Windows\system32\cmd.exe"" /c ""for /l %i in (1,1,254) do ping -n 1 -w 100 192.168.1.%i""'
Product: Microsoft® Windows® Operating System
Company: Microsoft Corporation
ParentProcessId: 4528
LogonGuid: 747F3D96-D4B4-5D31-0000-002051090500
Hashes: SHA1=8757646428A176F76E6F38458A25902A8FEBA9C0,MD5=56633150D77AE242D07727B0564430BB,SHA256=741AD992403C78A8A7DBD97C74FDA06594A247E9E2FA05A40BB6945403A90056,IMPHASH=8C3BE1286CDAD6AC1136D0BB6C83FF41
ParentProcessGuid: 747F3D96-D8F6-5D31-0000-001091D13300
ProcessId: 2292
CurrentDirectory: C:\AtomicRedTeam\
ProcessGuid: 747F3D96-D924-5D31-0000-001024303500
CommandLine: ping  -n 1 -w 100 192.168.1.92
FileVersion: 10.0.17763.1 (WinBuild.160101.0800)
User: MSEDGEWIN10\IEUser
LogonId: '0x50951'
IntegrityLevel: High
ParentImage: C:\Windows\System32\cmd.exe
UtcTime: 2019-07-19 14:52:20.538
"
2019-07-19T14:52:21.036354+00:00,Hacktool - EDR-Freeze Execution;UAC Bypass Using NTFS Reparse Point - Process,data/EVTX-ATTACK-SAMPLES/AutomatedTestingTools/PanacheSysmon_vs_AtomicRedTeam01.evtx,1,Microsoft-Windows-Sysmon,1,3866,MSEDGEWIN10,"Image: C:\Windows\System32\PING.EXE
RuleName: ''
Description: TCP/IP Ping Command
TerminalSessionId: 1
ParentCommandLine: '""C:\Windows\system32\cmd.exe"" /c ""for /l %i in (1,1,254) do ping -n 1 -w 100 192.168.1.%i""'
Product: Microsoft® Windows® Operating System
Company: Microsoft Corporation
ParentProcessId: 4528
LogonGuid: 747F3D96-D4B4-5D31-0000-002051090500
Hashes: SHA1=8757646428A176F76E6F38458A25902A8FEBA9C0,MD5=56633150D77AE242D07727B0564430BB,SHA256=741AD992403C78A8A7DBD97C74FDA06594A247E9E2FA05A40BB6945403A90056,IMPHASH=8C3BE1286CDAD6AC1136D0BB6C83FF41
ParentProcessGuid: 747F3D96-D8F6-5D31-0000-001091D13300
ProcessId: 3612
CurrentDirectory: C:\AtomicRedTeam\
ProcessGuid: 747F3D96-D925-5D31-0000-00106C3C3500
CommandLine: ping  -n 1 -w 100 192.168.1.93
FileVersion: 10.0.17763.1 (WinBuild.160101.0800)
User: MSEDGEWIN10\IEUser
LogonId: '0x50951'
IntegrityLevel: High
ParentImage: C:\Windows\System32\cmd.exe
UtcTime: 2019-07-19 14:52:21.030
"
2019-07-19T14:52:21.488548+00:00,Hacktool - EDR-Freeze Execution;UAC Bypass Using NTFS Reparse Point - Process,data/EVTX-ATTACK-SAMPLES/AutomatedTestingTools/PanacheSysmon_vs_AtomicRedTeam01.evtx,1,Microsoft-Windows-Sysmon,1,3867,MSEDGEWIN10,"Image: C:\Windows\System32\PING.EXE
RuleName: ''
Description: TCP/IP Ping Command
TerminalSessionId: 1
ParentCommandLine: '""C:\Windows\system32\cmd.exe"" /c ""for /l %i in (1,1,254) do ping -n 1 -w 100 192.168.1.%i""'
Product: Microsoft® Windows® Operating System
Company: Microsoft Corporation
ParentProcessId: 4528
LogonGuid: 747F3D96-D4B4-5D31-0000-002051090500
Hashes: SHA1=8757646428A176F76E6F38458A25902A8FEBA9C0,MD5=56633150D77AE242D07727B0564430BB,SHA256=741AD992403C78A8A7DBD97C74FDA06594A247E9E2FA05A40BB6945403A90056,IMPHASH=8C3BE1286CDAD6AC1136D0BB6C83FF41
ParentProcessGuid: 747F3D96-D8F6-5D31-0000-001091D13300
ProcessId: 5852
CurrentDirectory: C:\AtomicRedTeam\
ProcessGuid: 747F3D96-D925-5D31-0000-0010563F3500
CommandLine: ping  -n 1 -w 100 192.168.1.94
FileVersion: 10.0.17763.1 (WinBuild.160101.0800)
User: MSEDGEWIN10\IEUser
LogonId: '0x50951'
IntegrityLevel: High
ParentImage: C:\Windows\System32\cmd.exe
UtcTime: 2019-07-19 14:52:21.474
"
2019-07-19T14:52:22.030117+00:00,Hacktool - EDR-Freeze Execution;UAC Bypass Using NTFS Reparse Point - Process,data/EVTX-ATTACK-SAMPLES/AutomatedTestingTools/PanacheSysmon_vs_AtomicRedTeam01.evtx,1,Microsoft-Windows-Sysmon,1,3868,MSEDGEWIN10,"Image: C:\Windows\System32\PING.EXE
RuleName: ''
Description: TCP/IP Ping Command
TerminalSessionId: 1
ParentCommandLine: '""C:\Windows\system32\cmd.exe"" /c ""for /l %i in (1,1,254) do ping -n 1 -w 100 192.168.1.%i""'
Product: Microsoft® Windows® Operating System
Company: Microsoft Corporation
ParentProcessId: 4528
LogonGuid: 747F3D96-D4B4-5D31-0000-002051090500
Hashes: SHA1=8757646428A176F76E6F38458A25902A8FEBA9C0,MD5=56633150D77AE242D07727B0564430BB,SHA256=741AD992403C78A8A7DBD97C74FDA06594A247E9E2FA05A40BB6945403A90056,IMPHASH=8C3BE1286CDAD6AC1136D0BB6C83FF41
ParentProcessGuid: 747F3D96-D8F6-5D31-0000-001091D13300
ProcessId: 6288
CurrentDirectory: C:\AtomicRedTeam\
ProcessGuid: 747F3D96-D926-5D31-0000-00101B483500
CommandLine: ping  -n 1 -w 100 192.168.1.95
FileVersion: 10.0.17763.1 (WinBuild.160101.0800)
User: MSEDGEWIN10\IEUser
LogonId: '0x50951'
IntegrityLevel: High
ParentImage: C:\Windows\System32\cmd.exe
UtcTime: 2019-07-19 14:52:22.024
"
2019-07-19T14:52:22.542713+00:00,Hacktool - EDR-Freeze Execution;UAC Bypass Using NTFS Reparse Point - Process,data/EVTX-ATTACK-SAMPLES/AutomatedTestingTools/PanacheSysmon_vs_AtomicRedTeam01.evtx,1,Microsoft-Windows-Sysmon,1,3869,MSEDGEWIN10,"Image: C:\Windows\System32\PING.EXE
RuleName: ''
Description: TCP/IP Ping Command
TerminalSessionId: 1
ParentCommandLine: '""C:\Windows\system32\cmd.exe"" /c ""for /l %i in (1,1,254) do ping -n 1 -w 100 192.168.1.%i""'
Product: Microsoft® Windows® Operating System
Company: Microsoft Corporation
ParentProcessId: 4528
LogonGuid: 747F3D96-D4B4-5D31-0000-002051090500
Hashes: SHA1=8757646428A176F76E6F38458A25902A8FEBA9C0,MD5=56633150D77AE242D07727B0564430BB,SHA256=741AD992403C78A8A7DBD97C74FDA06594A247E9E2FA05A40BB6945403A90056,IMPHASH=8C3BE1286CDAD6AC1136D0BB6C83FF41
ParentProcessGuid: 747F3D96-D8F6-5D31-0000-001091D13300
ProcessId: 3736
CurrentDirectory: C:\AtomicRedTeam\
ProcessGuid: 747F3D96-D926-5D31-0000-0010074B3500
CommandLine: ping  -n 1 -w 100 192.168.1.96
FileVersion: 10.0.17763.1 (WinBuild.160101.0800)
User: MSEDGEWIN10\IEUser
LogonId: '0x50951'
IntegrityLevel: High
ParentImage: C:\Windows\System32\cmd.exe
UtcTime: 2019-07-19 14:52:22.538
"
2019-07-19T14:52:23.037136+00:00,Hacktool - EDR-Freeze Execution;UAC Bypass Using NTFS Reparse Point - Process,data/EVTX-ATTACK-SAMPLES/AutomatedTestingTools/PanacheSysmon_vs_AtomicRedTeam01.evtx,1,Microsoft-Windows-Sysmon,1,3870,MSEDGEWIN10,"Image: C:\Windows\System32\PING.EXE
RuleName: ''
Description: TCP/IP Ping Command
TerminalSessionId: 1
ParentCommandLine: '""C:\Windows\system32\cmd.exe"" /c ""for /l %i in (1,1,254) do ping -n 1 -w 100 192.168.1.%i""'
Product: Microsoft® Windows® Operating System
Company: Microsoft Corporation
ParentProcessId: 4528
LogonGuid: 747F3D96-D4B4-5D31-0000-002051090500
Hashes: SHA1=8757646428A176F76E6F38458A25902A8FEBA9C0,MD5=56633150D77AE242D07727B0564430BB,SHA256=741AD992403C78A8A7DBD97C74FDA06594A247E9E2FA05A40BB6945403A90056,IMPHASH=8C3BE1286CDAD6AC1136D0BB6C83FF41
ParentProcessGuid: 747F3D96-D8F6-5D31-0000-001091D13300
ProcessId: 1720
CurrentDirectory: C:\AtomicRedTeam\
ProcessGuid: 747F3D96-D927-5D31-0000-0010F24D3500
CommandLine: ping  -n 1 -w 100 192.168.1.97
FileVersion: 10.0.17763.1 (WinBuild.160101.0800)
User: MSEDGEWIN10\IEUser
LogonId: '0x50951'
IntegrityLevel: High
ParentImage: C:\Windows\System32\cmd.exe
UtcTime: 2019-07-19 14:52:23.023
"
2019-07-19T14:52:23.534354+00:00,Hacktool - EDR-Freeze Execution;UAC Bypass Using NTFS Reparse Point - Process,data/EVTX-ATTACK-SAMPLES/AutomatedTestingTools/PanacheSysmon_vs_AtomicRedTeam01.evtx,1,Microsoft-Windows-Sysmon,1,3871,MSEDGEWIN10,"Image: C:\Windows\System32\PING.EXE
RuleName: ''
Description: TCP/IP Ping Command
TerminalSessionId: 1
ParentCommandLine: '""C:\Windows\system32\cmd.exe"" /c ""for /l %i in (1,1,254) do ping -n 1 -w 100 192.168.1.%i""'
Product: Microsoft® Windows® Operating System
Company: Microsoft Corporation
ParentProcessId: 4528
LogonGuid: 747F3D96-D4B4-5D31-0000-002051090500
Hashes: SHA1=8757646428A176F76E6F38458A25902A8FEBA9C0,MD5=56633150D77AE242D07727B0564430BB,SHA256=741AD992403C78A8A7DBD97C74FDA06594A247E9E2FA05A40BB6945403A90056,IMPHASH=8C3BE1286CDAD6AC1136D0BB6C83FF41
ParentProcessGuid: 747F3D96-D8F6-5D31-0000-001091D13300
ProcessId: 752
CurrentDirectory: C:\AtomicRedTeam\
ProcessGuid: 747F3D96-D927-5D31-0000-0010DC503500
CommandLine: ping  -n 1 -w 100 192.168.1.98
FileVersion: 10.0.17763.1 (WinBuild.160101.0800)
User: MSEDGEWIN10\IEUser
LogonId: '0x50951'
IntegrityLevel: High
ParentImage: C:\Windows\System32\cmd.exe
UtcTime: 2019-07-19 14:52:23.516
"
2019-07-19T14:52:24.026847+00:00,Hacktool - EDR-Freeze Execution;UAC Bypass Using NTFS Reparse Point - Process,data/EVTX-ATTACK-SAMPLES/AutomatedTestingTools/PanacheSysmon_vs_AtomicRedTeam01.evtx,1,Microsoft-Windows-Sysmon,1,3872,MSEDGEWIN10,"Image: C:\Windows\System32\PING.EXE
RuleName: ''
Description: TCP/IP Ping Command
TerminalSessionId: 1
ParentCommandLine: '""C:\Windows\system32\cmd.exe"" /c ""for /l %i in (1,1,254) do ping -n 1 -w 100 192.168.1.%i""'
Product: Microsoft® Windows® Operating System
Company: Microsoft Corporation
ParentProcessId: 4528
LogonGuid: 747F3D96-D4B4-5D31-0000-002051090500
Hashes: SHA1=8757646428A176F76E6F38458A25902A8FEBA9C0,MD5=56633150D77AE242D07727B0564430BB,SHA256=741AD992403C78A8A7DBD97C74FDA06594A247E9E2FA05A40BB6945403A90056,IMPHASH=8C3BE1286CDAD6AC1136D0BB6C83FF41
ParentProcessGuid: 747F3D96-D8F6-5D31-0000-001091D13300
ProcessId: 3680
CurrentDirectory: C:\AtomicRedTeam\
ProcessGuid: 747F3D96-D928-5D31-0000-0010C7533500
CommandLine: ping  -n 1 -w 100 192.168.1.99
FileVersion: 10.0.17763.1 (WinBuild.160101.0800)
User: MSEDGEWIN10\IEUser
LogonId: '0x50951'
IntegrityLevel: High
ParentImage: C:\Windows\System32\cmd.exe
UtcTime: 2019-07-19 14:52:24.018
"
2019-07-19T14:52:24.521357+00:00,Hacktool - EDR-Freeze Execution;UAC Bypass Using NTFS Reparse Point - Process,data/EVTX-ATTACK-SAMPLES/AutomatedTestingTools/PanacheSysmon_vs_AtomicRedTeam01.evtx,1,Microsoft-Windows-Sysmon,1,3873,MSEDGEWIN10,"Image: C:\Windows\System32\PING.EXE
RuleName: ''
Description: TCP/IP Ping Command
TerminalSessionId: 1
ParentCommandLine: '""C:\Windows\system32\cmd.exe"" /c ""for /l %i in (1,1,254) do ping -n 1 -w 100 192.168.1.%i""'
Product: Microsoft® Windows® Operating System
Company: Microsoft Corporation
ParentProcessId: 4528
LogonGuid: 747F3D96-D4B4-5D31-0000-002051090500
Hashes: SHA1=8757646428A176F76E6F38458A25902A8FEBA9C0,MD5=56633150D77AE242D07727B0564430BB,SHA256=741AD992403C78A8A7DBD97C74FDA06594A247E9E2FA05A40BB6945403A90056,IMPHASH=8C3BE1286CDAD6AC1136D0BB6C83FF41
ParentProcessGuid: 747F3D96-D8F6-5D31-0000-001091D13300
ProcessId: 1880
CurrentDirectory: C:\AtomicRedTeam\
ProcessGuid: 747F3D96-D928-5D31-0000-0010B1563500
CommandLine: ping  -n 1 -w 100 192.168.1.100
FileVersion: 10.0.17763.1 (WinBuild.160101.0800)
User: MSEDGEWIN10\IEUser
LogonId: '0x50951'
IntegrityLevel: High
ParentImage: C:\Windows\System32\cmd.exe
UtcTime: 2019-07-19 14:52:24.516
"
2019-07-19T14:52:25.035420+00:00,Hacktool - EDR-Freeze Execution;UAC Bypass Using NTFS Reparse Point - Process,data/EVTX-ATTACK-SAMPLES/AutomatedTestingTools/PanacheSysmon_vs_AtomicRedTeam01.evtx,1,Microsoft-Windows-Sysmon,1,3874,MSEDGEWIN10,"Image: C:\Windows\System32\PING.EXE
RuleName: ''
Description: TCP/IP Ping Command
TerminalSessionId: 1
ParentCommandLine: '""C:\Windows\system32\cmd.exe"" /c ""for /l %i in (1,1,254) do ping -n 1 -w 100 192.168.1.%i""'
Product: Microsoft® Windows® Operating System
Company: Microsoft Corporation
ParentProcessId: 4528
LogonGuid: 747F3D96-D4B4-5D31-0000-002051090500
Hashes: SHA1=8757646428A176F76E6F38458A25902A8FEBA9C0,MD5=56633150D77AE242D07727B0564430BB,SHA256=741AD992403C78A8A7DBD97C74FDA06594A247E9E2FA05A40BB6945403A90056,IMPHASH=8C3BE1286CDAD6AC1136D0BB6C83FF41
ParentProcessGuid: 747F3D96-D8F6-5D31-0000-001091D13300
ProcessId: 7152
CurrentDirectory: C:\AtomicRedTeam\
ProcessGuid: 747F3D96-D929-5D31-0000-00109D593500
CommandLine: ping  -n 1 -w 100 192.168.1.101
FileVersion: 10.0.17763.1 (WinBuild.160101.0800)
User: MSEDGEWIN10\IEUser
LogonId: '0x50951'
IntegrityLevel: High
ParentImage: C:\Windows\System32\cmd.exe
UtcTime: 2019-07-19 14:52:25.027
"
2019-07-19T14:52:25.529053+00:00,Hacktool - EDR-Freeze Execution;UAC Bypass Using NTFS Reparse Point - Process,data/EVTX-ATTACK-SAMPLES/AutomatedTestingTools/PanacheSysmon_vs_AtomicRedTeam01.evtx,1,Microsoft-Windows-Sysmon,1,3875,MSEDGEWIN10,"Image: C:\Windows\System32\PING.EXE
RuleName: ''
Description: TCP/IP Ping Command
TerminalSessionId: 1
ParentCommandLine: '""C:\Windows\system32\cmd.exe"" /c ""for /l %i in (1,1,254) do ping -n 1 -w 100 192.168.1.%i""'
Product: Microsoft® Windows® Operating System
Company: Microsoft Corporation
ParentProcessId: 4528
LogonGuid: 747F3D96-D4B4-5D31-0000-002051090500
Hashes: SHA1=8757646428A176F76E6F38458A25902A8FEBA9C0,MD5=56633150D77AE242D07727B0564430BB,SHA256=741AD992403C78A8A7DBD97C74FDA06594A247E9E2FA05A40BB6945403A90056,IMPHASH=8C3BE1286CDAD6AC1136D0BB6C83FF41
ParentProcessGuid: 747F3D96-D8F6-5D31-0000-001091D13300
ProcessId: 4316
CurrentDirectory: C:\AtomicRedTeam\
ProcessGuid: 747F3D96-D929-5D31-0000-00108A5C3500
CommandLine: ping  -n 1 -w 100 192.168.1.102
FileVersion: 10.0.17763.1 (WinBuild.160101.0800)
User: MSEDGEWIN10\IEUser
LogonId: '0x50951'
IntegrityLevel: High
ParentImage: C:\Windows\System32\cmd.exe
UtcTime: 2019-07-19 14:52:25.524
"
2019-07-19T14:52:26.007576+00:00,Hacktool - EDR-Freeze Execution;UAC Bypass Using NTFS Reparse Point - Process,data/EVTX-ATTACK-SAMPLES/AutomatedTestingTools/PanacheSysmon_vs_AtomicRedTeam01.evtx,1,Microsoft-Windows-Sysmon,1,3876,MSEDGEWIN10,"Image: C:\Windows\System32\PING.EXE
RuleName: ''
Description: TCP/IP Ping Command
TerminalSessionId: 1
ParentCommandLine: '""C:\Windows\system32\cmd.exe"" /c ""for /l %i in (1,1,254) do ping -n 1 -w 100 192.168.1.%i""'
Product: Microsoft® Windows® Operating System
Company: Microsoft Corporation
ParentProcessId: 4528
LogonGuid: 747F3D96-D4B4-5D31-0000-002051090500
Hashes: SHA1=8757646428A176F76E6F38458A25902A8FEBA9C0,MD5=56633150D77AE242D07727B0564430BB,SHA256=741AD992403C78A8A7DBD97C74FDA06594A247E9E2FA05A40BB6945403A90056,IMPHASH=8C3BE1286CDAD6AC1136D0BB6C83FF41
ParentProcessGuid: 747F3D96-D8F6-5D31-0000-001091D13300
ProcessId: 6084
CurrentDirectory: C:\AtomicRedTeam\
ProcessGuid: 747F3D96-D929-5D31-0000-0010765F3500
CommandLine: ping  -n 1 -w 100 192.168.1.103
FileVersion: 10.0.17763.1 (WinBuild.160101.0800)
User: MSEDGEWIN10\IEUser
LogonId: '0x50951'
IntegrityLevel: High
ParentImage: C:\Windows\System32\cmd.exe
UtcTime: 2019-07-19 14:52:25.998
"
2019-07-19T14:52:26.534524+00:00,Hacktool - EDR-Freeze Execution;UAC Bypass Using NTFS Reparse Point - Process,data/EVTX-ATTACK-SAMPLES/AutomatedTestingTools/PanacheSysmon_vs_AtomicRedTeam01.evtx,1,Microsoft-Windows-Sysmon,1,3877,MSEDGEWIN10,"Image: C:\Windows\System32\PING.EXE
RuleName: ''
Description: TCP/IP Ping Command
TerminalSessionId: 1
ParentCommandLine: '""C:\Windows\system32\cmd.exe"" /c ""for /l %i in (1,1,254) do ping -n 1 -w 100 192.168.1.%i""'
Product: Microsoft® Windows® Operating System
Company: Microsoft Corporation
ParentProcessId: 4528
LogonGuid: 747F3D96-D4B4-5D31-0000-002051090500
Hashes: SHA1=8757646428A176F76E6F38458A25902A8FEBA9C0,MD5=56633150D77AE242D07727B0564430BB,SHA256=741AD992403C78A8A7DBD97C74FDA06594A247E9E2FA05A40BB6945403A90056,IMPHASH=8C3BE1286CDAD6AC1136D0BB6C83FF41
ParentProcessGuid: 747F3D96-D8F6-5D31-0000-001091D13300
ProcessId: 3700
CurrentDirectory: C:\AtomicRedTeam\
ProcessGuid: 747F3D96-D92A-5D31-0000-001062623500
CommandLine: ping  -n 1 -w 100 192.168.1.104
FileVersion: 10.0.17763.1 (WinBuild.160101.0800)
User: MSEDGEWIN10\IEUser
LogonId: '0x50951'
IntegrityLevel: High
ParentImage: C:\Windows\System32\cmd.exe
UtcTime: 2019-07-19 14:52:26.530
"
2019-07-19T14:52:27.040677+00:00,Hacktool - EDR-Freeze Execution;UAC Bypass Using NTFS Reparse Point - Process,data/EVTX-ATTACK-SAMPLES/AutomatedTestingTools/PanacheSysmon_vs_AtomicRedTeam01.evtx,1,Microsoft-Windows-Sysmon,1,3878,MSEDGEWIN10,"Image: C:\Windows\System32\PING.EXE
RuleName: ''
Description: TCP/IP Ping Command
TerminalSessionId: 1
ParentCommandLine: '""C:\Windows\system32\cmd.exe"" /c ""for /l %i in (1,1,254) do ping -n 1 -w 100 192.168.1.%i""'
Product: Microsoft® Windows® Operating System
Company: Microsoft Corporation
ParentProcessId: 4528
LogonGuid: 747F3D96-D4B4-5D31-0000-002051090500
Hashes: SHA1=8757646428A176F76E6F38458A25902A8FEBA9C0,MD5=56633150D77AE242D07727B0564430BB,SHA256=741AD992403C78A8A7DBD97C74FDA06594A247E9E2FA05A40BB6945403A90056,IMPHASH=8C3BE1286CDAD6AC1136D0BB6C83FF41
ParentProcessGuid: 747F3D96-D8F6-5D31-0000-001091D13300
ProcessId: 2852
CurrentDirectory: C:\AtomicRedTeam\
ProcessGuid: 747F3D96-D92B-5D31-0000-0010296B3500
CommandLine: ping  -n 1 -w 100 192.168.1.105
FileVersion: 10.0.17763.1 (WinBuild.160101.0800)
User: MSEDGEWIN10\IEUser
LogonId: '0x50951'
IntegrityLevel: High
ParentImage: C:\Windows\System32\cmd.exe
UtcTime: 2019-07-19 14:52:27.035
"
2019-07-19T14:52:27.493847+00:00,Hacktool - EDR-Freeze Execution;UAC Bypass Using NTFS Reparse Point - Process,data/EVTX-ATTACK-SAMPLES/AutomatedTestingTools/PanacheSysmon_vs_AtomicRedTeam01.evtx,1,Microsoft-Windows-Sysmon,1,3879,MSEDGEWIN10,"Image: C:\Windows\System32\PING.EXE
RuleName: ''
Description: TCP/IP Ping Command
TerminalSessionId: 1
ParentCommandLine: '""C:\Windows\system32\cmd.exe"" /c ""for /l %i in (1,1,254) do ping -n 1 -w 100 192.168.1.%i""'
Product: Microsoft® Windows® Operating System
Company: Microsoft Corporation
ParentProcessId: 4528
LogonGuid: 747F3D96-D4B4-5D31-0000-002051090500
Hashes: SHA1=8757646428A176F76E6F38458A25902A8FEBA9C0,MD5=56633150D77AE242D07727B0564430BB,SHA256=741AD992403C78A8A7DBD97C74FDA06594A247E9E2FA05A40BB6945403A90056,IMPHASH=8C3BE1286CDAD6AC1136D0BB6C83FF41
ParentProcessGuid: 747F3D96-D8F6-5D31-0000-001091D13300
ProcessId: 6484
CurrentDirectory: C:\AtomicRedTeam\
ProcessGuid: 747F3D96-D92B-5D31-0000-00108D6E3500
CommandLine: ping  -n 1 -w 100 192.168.1.106
FileVersion: 10.0.17763.1 (WinBuild.160101.0800)
User: MSEDGEWIN10\IEUser
LogonId: '0x50951'
IntegrityLevel: High
ParentImage: C:\Windows\System32\cmd.exe
UtcTime: 2019-07-19 14:52:27.487
"
2019-07-19T14:52:28.017253+00:00,Hacktool - EDR-Freeze Execution;UAC Bypass Using NTFS Reparse Point - Process,data/EVTX-ATTACK-SAMPLES/AutomatedTestingTools/PanacheSysmon_vs_AtomicRedTeam01.evtx,1,Microsoft-Windows-Sysmon,1,3880,MSEDGEWIN10,"Image: C:\Windows\System32\PING.EXE
RuleName: ''
Description: TCP/IP Ping Command
TerminalSessionId: 1
ParentCommandLine: '""C:\Windows\system32\cmd.exe"" /c ""for /l %i in (1,1,254) do ping -n 1 -w 100 192.168.1.%i""'
Product: Microsoft® Windows® Operating System
Company: Microsoft Corporation
ParentProcessId: 4528
LogonGuid: 747F3D96-D4B4-5D31-0000-002051090500
Hashes: SHA1=8757646428A176F76E6F38458A25902A8FEBA9C0,MD5=56633150D77AE242D07727B0564430BB,SHA256=741AD992403C78A8A7DBD97C74FDA06594A247E9E2FA05A40BB6945403A90056,IMPHASH=8C3BE1286CDAD6AC1136D0BB6C83FF41
ParentProcessGuid: 747F3D96-D8F6-5D31-0000-001091D13300
ProcessId: 5400
CurrentDirectory: C:\AtomicRedTeam\
ProcessGuid: 747F3D96-D92C-5D31-0000-00107A713500
CommandLine: ping  -n 1 -w 100 192.168.1.107
FileVersion: 10.0.17763.1 (WinBuild.160101.0800)
User: MSEDGEWIN10\IEUser
LogonId: '0x50951'
IntegrityLevel: High
ParentImage: C:\Windows\System32\cmd.exe
UtcTime: 2019-07-19 14:52:28.005
"
2019-07-19T14:52:28.537738+00:00,Hacktool - EDR-Freeze Execution;UAC Bypass Using NTFS Reparse Point - Process,data/EVTX-ATTACK-SAMPLES/AutomatedTestingTools/PanacheSysmon_vs_AtomicRedTeam01.evtx,1,Microsoft-Windows-Sysmon,1,3881,MSEDGEWIN10,"Image: C:\Windows\System32\PING.EXE
RuleName: ''
Description: TCP/IP Ping Command
TerminalSessionId: 1
ParentCommandLine: '""C:\Windows\system32\cmd.exe"" /c ""for /l %i in (1,1,254) do ping -n 1 -w 100 192.168.1.%i""'
Product: Microsoft® Windows® Operating System
Company: Microsoft Corporation
ParentProcessId: 4528
LogonGuid: 747F3D96-D4B4-5D31-0000-002051090500
Hashes: SHA1=8757646428A176F76E6F38458A25902A8FEBA9C0,MD5=56633150D77AE242D07727B0564430BB,SHA256=741AD992403C78A8A7DBD97C74FDA06594A247E9E2FA05A40BB6945403A90056,IMPHASH=8C3BE1286CDAD6AC1136D0BB6C83FF41
ParentProcessGuid: 747F3D96-D8F6-5D31-0000-001091D13300
ProcessId: 3452
CurrentDirectory: C:\AtomicRedTeam\
ProcessGuid: 747F3D96-D92C-5D31-0000-001072743500
CommandLine: ping  -n 1 -w 100 192.168.1.108
FileVersion: 10.0.17763.1 (WinBuild.160101.0800)
User: MSEDGEWIN10\IEUser
LogonId: '0x50951'
IntegrityLevel: High
ParentImage: C:\Windows\System32\cmd.exe
UtcTime: 2019-07-19 14:52:28.532
"
2019-07-19T14:52:29.110739+00:00,Hacktool - EDR-Freeze Execution;UAC Bypass Using NTFS Reparse Point - Process,data/EVTX-ATTACK-SAMPLES/AutomatedTestingTools/PanacheSysmon_vs_AtomicRedTeam01.evtx,1,Microsoft-Windows-Sysmon,1,3882,MSEDGEWIN10,"Image: C:\Windows\System32\PING.EXE
RuleName: ''
Description: TCP/IP Ping Command
TerminalSessionId: 1
ParentCommandLine: '""C:\Windows\system32\cmd.exe"" /c ""for /l %i in (1,1,254) do ping -n 1 -w 100 192.168.1.%i""'
Product: Microsoft® Windows® Operating System
Company: Microsoft Corporation
ParentProcessId: 4528
LogonGuid: 747F3D96-D4B4-5D31-0000-002051090500
Hashes: SHA1=8757646428A176F76E6F38458A25902A8FEBA9C0,MD5=56633150D77AE242D07727B0564430BB,SHA256=741AD992403C78A8A7DBD97C74FDA06594A247E9E2FA05A40BB6945403A90056,IMPHASH=8C3BE1286CDAD6AC1136D0BB6C83FF41
ParentProcessGuid: 747F3D96-D8F6-5D31-0000-001091D13300
ProcessId: 4468
CurrentDirectory: C:\AtomicRedTeam\
ProcessGuid: 747F3D96-D92D-5D31-0000-001068773500
CommandLine: ping  -n 1 -w 100 192.168.1.109
FileVersion: 10.0.17763.1 (WinBuild.160101.0800)
User: MSEDGEWIN10\IEUser
LogonId: '0x50951'
IntegrityLevel: High
ParentImage: C:\Windows\System32\cmd.exe
UtcTime: 2019-07-19 14:52:29.104
"
2019-07-19T14:52:29.561042+00:00,Hacktool - EDR-Freeze Execution;UAC Bypass Using NTFS Reparse Point - Process,data/EVTX-ATTACK-SAMPLES/AutomatedTestingTools/PanacheSysmon_vs_AtomicRedTeam01.evtx,1,Microsoft-Windows-Sysmon,1,3883,MSEDGEWIN10,"Image: C:\Windows\System32\PING.EXE
RuleName: ''
Description: TCP/IP Ping Command
TerminalSessionId: 1
ParentCommandLine: '""C:\Windows\system32\cmd.exe"" /c ""for /l %i in (1,1,254) do ping -n 1 -w 100 192.168.1.%i""'
Product: Microsoft® Windows® Operating System
Company: Microsoft Corporation
ParentProcessId: 4528
LogonGuid: 747F3D96-D4B4-5D31-0000-002051090500
Hashes: SHA1=8757646428A176F76E6F38458A25902A8FEBA9C0,MD5=56633150D77AE242D07727B0564430BB,SHA256=741AD992403C78A8A7DBD97C74FDA06594A247E9E2FA05A40BB6945403A90056,IMPHASH=8C3BE1286CDAD6AC1136D0BB6C83FF41
ParentProcessGuid: 747F3D96-D8F6-5D31-0000-001091D13300
ProcessId: 4320
CurrentDirectory: C:\AtomicRedTeam\
ProcessGuid: 747F3D96-D92D-5D31-0000-0010787A3500
CommandLine: ping  -n 1 -w 100 192.168.1.110
FileVersion: 10.0.17763.1 (WinBuild.160101.0800)
User: MSEDGEWIN10\IEUser
LogonId: '0x50951'
IntegrityLevel: High
ParentImage: C:\Windows\System32\cmd.exe
UtcTime: 2019-07-19 14:52:29.556
"
2019-07-19T14:52:30.054688+00:00,Hacktool - EDR-Freeze Execution;UAC Bypass Using NTFS Reparse Point - Process,data/EVTX-ATTACK-SAMPLES/AutomatedTestingTools/PanacheSysmon_vs_AtomicRedTeam01.evtx,1,Microsoft-Windows-Sysmon,1,3884,MSEDGEWIN10,"Image: C:\Windows\System32\PING.EXE
RuleName: ''
Description: TCP/IP Ping Command
TerminalSessionId: 1
ParentCommandLine: '""C:\Windows\system32\cmd.exe"" /c ""for /l %i in (1,1,254) do ping -n 1 -w 100 192.168.1.%i""'
Product: Microsoft® Windows® Operating System
Company: Microsoft Corporation
ParentProcessId: 4528
LogonGuid: 747F3D96-D4B4-5D31-0000-002051090500
Hashes: SHA1=8757646428A176F76E6F38458A25902A8FEBA9C0,MD5=56633150D77AE242D07727B0564430BB,SHA256=741AD992403C78A8A7DBD97C74FDA06594A247E9E2FA05A40BB6945403A90056,IMPHASH=8C3BE1286CDAD6AC1136D0BB6C83FF41
ParentProcessGuid: 747F3D96-D8F6-5D31-0000-001091D13300
ProcessId: 3952
CurrentDirectory: C:\AtomicRedTeam\
ProcessGuid: 747F3D96-D92E-5D31-0000-0010787D3500
CommandLine: ping  -n 1 -w 100 192.168.1.111
FileVersion: 10.0.17763.1 (WinBuild.160101.0800)
User: MSEDGEWIN10\IEUser
LogonId: '0x50951'
IntegrityLevel: High
ParentImage: C:\Windows\System32\cmd.exe
UtcTime: 2019-07-19 14:52:30.050
"
2019-07-19T14:52:30.526929+00:00,Hacktool - EDR-Freeze Execution;UAC Bypass Using NTFS Reparse Point - Process,data/EVTX-ATTACK-SAMPLES/AutomatedTestingTools/PanacheSysmon_vs_AtomicRedTeam01.evtx,1,Microsoft-Windows-Sysmon,1,3885,MSEDGEWIN10,"Image: C:\Windows\System32\PING.EXE
RuleName: ''
Description: TCP/IP Ping Command
TerminalSessionId: 1
ParentCommandLine: '""C:\Windows\system32\cmd.exe"" /c ""for /l %i in (1,1,254) do ping -n 1 -w 100 192.168.1.%i""'
Product: Microsoft® Windows® Operating System
Company: Microsoft Corporation
ParentProcessId: 4528
LogonGuid: 747F3D96-D4B4-5D31-0000-002051090500
Hashes: SHA1=8757646428A176F76E6F38458A25902A8FEBA9C0,MD5=56633150D77AE242D07727B0564430BB,SHA256=741AD992403C78A8A7DBD97C74FDA06594A247E9E2FA05A40BB6945403A90056,IMPHASH=8C3BE1286CDAD6AC1136D0BB6C83FF41
ParentProcessGuid: 747F3D96-D8F6-5D31-0000-001091D13300
ProcessId: 6148
CurrentDirectory: C:\AtomicRedTeam\
ProcessGuid: 747F3D96-D92E-5D31-0000-001091803500
CommandLine: ping  -n 1 -w 100 192.168.1.112
FileVersion: 10.0.17763.1 (WinBuild.160101.0800)
User: MSEDGEWIN10\IEUser
LogonId: '0x50951'
IntegrityLevel: High
ParentImage: C:\Windows\System32\cmd.exe
UtcTime: 2019-07-19 14:52:30.522
"
2019-07-19T14:52:31.015534+00:00,Hacktool - EDR-Freeze Execution;UAC Bypass Using NTFS Reparse Point - Process,data/EVTX-ATTACK-SAMPLES/AutomatedTestingTools/PanacheSysmon_vs_AtomicRedTeam01.evtx,1,Microsoft-Windows-Sysmon,1,3886,MSEDGEWIN10,"Image: C:\Windows\System32\PING.EXE
RuleName: ''
Description: TCP/IP Ping Command
TerminalSessionId: 1
ParentCommandLine: '""C:\Windows\system32\cmd.exe"" /c ""for /l %i in (1,1,254) do ping -n 1 -w 100 192.168.1.%i""'
Product: Microsoft® Windows® Operating System
Company: Microsoft Corporation
ParentProcessId: 4528
LogonGuid: 747F3D96-D4B4-5D31-0000-002051090500
Hashes: SHA1=8757646428A176F76E6F38458A25902A8FEBA9C0,MD5=56633150D77AE242D07727B0564430BB,SHA256=741AD992403C78A8A7DBD97C74FDA06594A247E9E2FA05A40BB6945403A90056,IMPHASH=8C3BE1286CDAD6AC1136D0BB6C83FF41
ParentProcessGuid: 747F3D96-D8F6-5D31-0000-001091D13300
ProcessId: 3800
CurrentDirectory: C:\AtomicRedTeam\
ProcessGuid: 747F3D96-D92F-5D31-0000-00109C833500
CommandLine: ping  -n 1 -w 100 192.168.1.113
FileVersion: 10.0.17763.1 (WinBuild.160101.0800)
User: MSEDGEWIN10\IEUser
LogonId: '0x50951'
IntegrityLevel: High
ParentImage: C:\Windows\System32\cmd.exe
UtcTime: 2019-07-19 14:52:31.002
"
2019-07-19T14:52:31.476374+00:00,Hacktool - EDR-Freeze Execution;UAC Bypass Using NTFS Reparse Point - Process,data/EVTX-ATTACK-SAMPLES/AutomatedTestingTools/PanacheSysmon_vs_AtomicRedTeam01.evtx,1,Microsoft-Windows-Sysmon,1,3887,MSEDGEWIN10,"Image: C:\Windows\System32\PING.EXE
RuleName: ''
Description: TCP/IP Ping Command
TerminalSessionId: 1
ParentCommandLine: '""C:\Windows\system32\cmd.exe"" /c ""for /l %i in (1,1,254) do ping -n 1 -w 100 192.168.1.%i""'
Product: Microsoft® Windows® Operating System
Company: Microsoft Corporation
ParentProcessId: 4528
LogonGuid: 747F3D96-D4B4-5D31-0000-002051090500
Hashes: SHA1=8757646428A176F76E6F38458A25902A8FEBA9C0,MD5=56633150D77AE242D07727B0564430BB,SHA256=741AD992403C78A8A7DBD97C74FDA06594A247E9E2FA05A40BB6945403A90056,IMPHASH=8C3BE1286CDAD6AC1136D0BB6C83FF41
ParentProcessGuid: 747F3D96-D8F6-5D31-0000-001091D13300
ProcessId: 1324
CurrentDirectory: C:\AtomicRedTeam\
ProcessGuid: 747F3D96-D92F-5D31-0000-0010478A3500
CommandLine: ping  -n 1 -w 100 192.168.1.114
FileVersion: 10.0.17763.1 (WinBuild.160101.0800)
User: MSEDGEWIN10\IEUser
LogonId: '0x50951'
IntegrityLevel: High
ParentImage: C:\Windows\System32\cmd.exe
UtcTime: 2019-07-19 14:52:31.432
"
2019-07-19T14:52:32.005406+00:00,Hacktool - EDR-Freeze Execution;UAC Bypass Using NTFS Reparse Point - Process,data/EVTX-ATTACK-SAMPLES/AutomatedTestingTools/PanacheSysmon_vs_AtomicRedTeam01.evtx,1,Microsoft-Windows-Sysmon,1,3888,MSEDGEWIN10,"Image: C:\Windows\System32\PING.EXE
RuleName: ''
Description: TCP/IP Ping Command
TerminalSessionId: 1
ParentCommandLine: '""C:\Windows\system32\cmd.exe"" /c ""for /l %i in (1,1,254) do ping -n 1 -w 100 192.168.1.%i""'
Product: Microsoft® Windows® Operating System
Company: Microsoft Corporation
ParentProcessId: 4528
LogonGuid: 747F3D96-D4B4-5D31-0000-002051090500
Hashes: SHA1=8757646428A176F76E6F38458A25902A8FEBA9C0,MD5=56633150D77AE242D07727B0564430BB,SHA256=741AD992403C78A8A7DBD97C74FDA06594A247E9E2FA05A40BB6945403A90056,IMPHASH=8C3BE1286CDAD6AC1136D0BB6C83FF41
ParentProcessGuid: 747F3D96-D8F6-5D31-0000-001091D13300
ProcessId: 3268
CurrentDirectory: C:\AtomicRedTeam\
ProcessGuid: 747F3D96-D92F-5D31-0000-00109A973500
CommandLine: ping  -n 1 -w 100 192.168.1.115
FileVersion: 10.0.17763.1 (WinBuild.160101.0800)
User: MSEDGEWIN10\IEUser
LogonId: '0x50951'
IntegrityLevel: High
ParentImage: C:\Windows\System32\cmd.exe
UtcTime: 2019-07-19 14:52:31.987
"
2019-07-19T14:52:32.515754+00:00,Hacktool - EDR-Freeze Execution;UAC Bypass Using NTFS Reparse Point - Process,data/EVTX-ATTACK-SAMPLES/AutomatedTestingTools/PanacheSysmon_vs_AtomicRedTeam01.evtx,1,Microsoft-Windows-Sysmon,1,3889,MSEDGEWIN10,"Image: C:\Windows\System32\PING.EXE
RuleName: ''
Description: TCP/IP Ping Command
TerminalSessionId: 1
ParentCommandLine: '""C:\Windows\system32\cmd.exe"" /c ""for /l %i in (1,1,254) do ping -n 1 -w 100 192.168.1.%i""'
Product: Microsoft® Windows® Operating System
Company: Microsoft Corporation
ParentProcessId: 4528
LogonGuid: 747F3D96-D4B4-5D31-0000-002051090500
Hashes: SHA1=8757646428A176F76E6F38458A25902A8FEBA9C0,MD5=56633150D77AE242D07727B0564430BB,SHA256=741AD992403C78A8A7DBD97C74FDA06594A247E9E2FA05A40BB6945403A90056,IMPHASH=8C3BE1286CDAD6AC1136D0BB6C83FF41
ParentProcessGuid: 747F3D96-D8F6-5D31-0000-001091D13300
ProcessId: 1860
CurrentDirectory: C:\AtomicRedTeam\
ProcessGuid: 747F3D96-D930-5D31-0000-0010879A3500
CommandLine: ping  -n 1 -w 100 192.168.1.116
FileVersion: 10.0.17763.1 (WinBuild.160101.0800)
User: MSEDGEWIN10\IEUser
LogonId: '0x50951'
IntegrityLevel: High
ParentImage: C:\Windows\System32\cmd.exe
UtcTime: 2019-07-19 14:52:32.499
"
2019-07-19T14:52:33.004824+00:00,Hacktool - EDR-Freeze Execution;UAC Bypass Using NTFS Reparse Point - Process,data/EVTX-ATTACK-SAMPLES/AutomatedTestingTools/PanacheSysmon_vs_AtomicRedTeam01.evtx,1,Microsoft-Windows-Sysmon,1,3890,MSEDGEWIN10,"Image: C:\Windows\System32\PING.EXE
RuleName: ''
Description: TCP/IP Ping Command
TerminalSessionId: 1
ParentCommandLine: '""C:\Windows\system32\cmd.exe"" /c ""for /l %i in (1,1,254) do ping -n 1 -w 100 192.168.1.%i""'
Product: Microsoft® Windows® Operating System
Company: Microsoft Corporation
ParentProcessId: 4528
LogonGuid: 747F3D96-D4B4-5D31-0000-002051090500
Hashes: SHA1=8757646428A176F76E6F38458A25902A8FEBA9C0,MD5=56633150D77AE242D07727B0564430BB,SHA256=741AD992403C78A8A7DBD97C74FDA06594A247E9E2FA05A40BB6945403A90056,IMPHASH=8C3BE1286CDAD6AC1136D0BB6C83FF41
ParentProcessGuid: 747F3D96-D8F6-5D31-0000-001091D13300
ProcessId: 4996
CurrentDirectory: C:\AtomicRedTeam\
ProcessGuid: 747F3D96-D931-5D31-0000-00108F9D3500
CommandLine: ping  -n 1 -w 100 192.168.1.117
FileVersion: 10.0.17763.1 (WinBuild.160101.0800)
User: MSEDGEWIN10\IEUser
LogonId: '0x50951'
IntegrityLevel: High
ParentImage: C:\Windows\System32\cmd.exe
UtcTime: 2019-07-19 14:52:33.000
"
2019-07-19T14:52:33.515261+00:00,Hacktool - EDR-Freeze Execution;UAC Bypass Using NTFS Reparse Point - Process,data/EVTX-ATTACK-SAMPLES/AutomatedTestingTools/PanacheSysmon_vs_AtomicRedTeam01.evtx,1,Microsoft-Windows-Sysmon,1,3891,MSEDGEWIN10,"Image: C:\Windows\System32\PING.EXE
RuleName: ''
Description: TCP/IP Ping Command
TerminalSessionId: 1
ParentCommandLine: '""C:\Windows\system32\cmd.exe"" /c ""for /l %i in (1,1,254) do ping -n 1 -w 100 192.168.1.%i""'
Product: Microsoft® Windows® Operating System
Company: Microsoft Corporation
ParentProcessId: 4528
LogonGuid: 747F3D96-D4B4-5D31-0000-002051090500
Hashes: SHA1=8757646428A176F76E6F38458A25902A8FEBA9C0,MD5=56633150D77AE242D07727B0564430BB,SHA256=741AD992403C78A8A7DBD97C74FDA06594A247E9E2FA05A40BB6945403A90056,IMPHASH=8C3BE1286CDAD6AC1136D0BB6C83FF41
ParentProcessGuid: 747F3D96-D8F6-5D31-0000-001091D13300
ProcessId: 2460
CurrentDirectory: C:\AtomicRedTeam\
ProcessGuid: 747F3D96-D931-5D31-0000-0010A9A03500
CommandLine: ping  -n 1 -w 100 192.168.1.118
FileVersion: 10.0.17763.1 (WinBuild.160101.0800)
User: MSEDGEWIN10\IEUser
LogonId: '0x50951'
IntegrityLevel: High
ParentImage: C:\Windows\System32\cmd.exe
UtcTime: 2019-07-19 14:52:33.494
"
2019-07-19T14:52:33.900604+00:00,Hacktool - EDR-Freeze Execution;UAC Bypass Using NTFS Reparse Point - Process,data/EVTX-ATTACK-SAMPLES/AutomatedTestingTools/PanacheSysmon_vs_AtomicRedTeam01.evtx,1,Microsoft-Windows-Sysmon,1,3892,MSEDGEWIN10,"Image: C:\Windows\System32\PING.EXE
RuleName: ''
Description: TCP/IP Ping Command
TerminalSessionId: 1
ParentCommandLine: '""C:\Windows\system32\cmd.exe"" /c ""for /l %i in (1,1,254) do ping -n 1 -w 100 192.168.1.%i""'
Product: Microsoft® Windows® Operating System
Company: Microsoft Corporation
ParentProcessId: 4528
LogonGuid: 747F3D96-D4B4-5D31-0000-002051090500
Hashes: SHA1=8757646428A176F76E6F38458A25902A8FEBA9C0,MD5=56633150D77AE242D07727B0564430BB,SHA256=741AD992403C78A8A7DBD97C74FDA06594A247E9E2FA05A40BB6945403A90056,IMPHASH=8C3BE1286CDAD6AC1136D0BB6C83FF41
ParentProcessGuid: 747F3D96-D8F6-5D31-0000-001091D13300
ProcessId: 6156
CurrentDirectory: C:\AtomicRedTeam\
ProcessGuid: 747F3D96-D931-5D31-0000-00105CA63500
CommandLine: ping  -n 1 -w 100 192.168.1.119
FileVersion: 10.0.17763.1 (WinBuild.160101.0800)
User: MSEDGEWIN10\IEUser
LogonId: '0x50951'
IntegrityLevel: High
ParentImage: C:\Windows\System32\cmd.exe
UtcTime: 2019-07-19 14:52:33.896
"
2019-07-19T14:52:34.490131+00:00,Hacktool - EDR-Freeze Execution;UAC Bypass Using NTFS Reparse Point - Process,data/EVTX-ATTACK-SAMPLES/AutomatedTestingTools/PanacheSysmon_vs_AtomicRedTeam01.evtx,1,Microsoft-Windows-Sysmon,1,3893,MSEDGEWIN10,"Image: C:\Windows\System32\PING.EXE
RuleName: ''
Description: TCP/IP Ping Command
TerminalSessionId: 1
ParentCommandLine: '""C:\Windows\system32\cmd.exe"" /c ""for /l %i in (1,1,254) do ping -n 1 -w 100 192.168.1.%i""'
Product: Microsoft® Windows® Operating System
Company: Microsoft Corporation
ParentProcessId: 4528
LogonGuid: 747F3D96-D4B4-5D31-0000-002051090500
Hashes: SHA1=8757646428A176F76E6F38458A25902A8FEBA9C0,MD5=56633150D77AE242D07727B0564430BB,SHA256=741AD992403C78A8A7DBD97C74FDA06594A247E9E2FA05A40BB6945403A90056,IMPHASH=8C3BE1286CDAD6AC1136D0BB6C83FF41
ParentProcessGuid: 747F3D96-D8F6-5D31-0000-001091D13300
ProcessId: 7140
CurrentDirectory: C:\AtomicRedTeam\
ProcessGuid: 747F3D96-D932-5D31-0000-001057A93500
CommandLine: ping  -n 1 -w 100 192.168.1.120
FileVersion: 10.0.17763.1 (WinBuild.160101.0800)
User: MSEDGEWIN10\IEUser
LogonId: '0x50951'
IntegrityLevel: High
ParentImage: C:\Windows\System32\cmd.exe
UtcTime: 2019-07-19 14:52:34.476
"
2019-07-19T14:52:35.031006+00:00,Hacktool - EDR-Freeze Execution;UAC Bypass Using NTFS Reparse Point - Process,data/EVTX-ATTACK-SAMPLES/AutomatedTestingTools/PanacheSysmon_vs_AtomicRedTeam01.evtx,1,Microsoft-Windows-Sysmon,1,3894,MSEDGEWIN10,"Image: C:\Windows\System32\PING.EXE
RuleName: ''
Description: TCP/IP Ping Command
TerminalSessionId: 1
ParentCommandLine: '""C:\Windows\system32\cmd.exe"" /c ""for /l %i in (1,1,254) do ping -n 1 -w 100 192.168.1.%i""'
Product: Microsoft® Windows® Operating System
Company: Microsoft Corporation
ParentProcessId: 4528
LogonGuid: 747F3D96-D4B4-5D31-0000-002051090500
Hashes: SHA1=8757646428A176F76E6F38458A25902A8FEBA9C0,MD5=56633150D77AE242D07727B0564430BB,SHA256=741AD992403C78A8A7DBD97C74FDA06594A247E9E2FA05A40BB6945403A90056,IMPHASH=8C3BE1286CDAD6AC1136D0BB6C83FF41
ParentProcessGuid: 747F3D96-D8F6-5D31-0000-001091D13300
ProcessId: 5832
CurrentDirectory: C:\AtomicRedTeam\
ProcessGuid: 747F3D96-D933-5D31-0000-001062AC3500
CommandLine: ping  -n 1 -w 100 192.168.1.121
FileVersion: 10.0.17763.1 (WinBuild.160101.0800)
User: MSEDGEWIN10\IEUser
LogonId: '0x50951'
IntegrityLevel: High
ParentImage: C:\Windows\System32\cmd.exe
UtcTime: 2019-07-19 14:52:35.024
"
2019-07-19T14:52:35.411333+00:00,Hacktool - EDR-Freeze Execution;UAC Bypass Using NTFS Reparse Point - Process,data/EVTX-ATTACK-SAMPLES/AutomatedTestingTools/PanacheSysmon_vs_AtomicRedTeam01.evtx,1,Microsoft-Windows-Sysmon,1,3895,MSEDGEWIN10,"Image: C:\Windows\System32\PING.EXE
RuleName: ''
Description: TCP/IP Ping Command
TerminalSessionId: 1
ParentCommandLine: '""C:\Windows\system32\cmd.exe"" /c ""for /l %i in (1,1,254) do ping -n 1 -w 100 192.168.1.%i""'
Product: Microsoft® Windows® Operating System
Company: Microsoft Corporation
ParentProcessId: 4528
LogonGuid: 747F3D96-D4B4-5D31-0000-002051090500
Hashes: SHA1=8757646428A176F76E6F38458A25902A8FEBA9C0,MD5=56633150D77AE242D07727B0564430BB,SHA256=741AD992403C78A8A7DBD97C74FDA06594A247E9E2FA05A40BB6945403A90056,IMPHASH=8C3BE1286CDAD6AC1136D0BB6C83FF41
ParentProcessGuid: 747F3D96-D8F6-5D31-0000-001091D13300
ProcessId: 3684
CurrentDirectory: C:\AtomicRedTeam\
ProcessGuid: 747F3D96-D933-5D31-0000-001098AF3500
CommandLine: ping  -n 1 -w 100 192.168.1.122
FileVersion: 10.0.17763.1 (WinBuild.160101.0800)
User: MSEDGEWIN10\IEUser
LogonId: '0x50951'
IntegrityLevel: High
ParentImage: C:\Windows\System32\cmd.exe
UtcTime: 2019-07-19 14:52:35.400
"
2019-07-19T14:52:35.999053+00:00,Hacktool - EDR-Freeze Execution;UAC Bypass Using NTFS Reparse Point - Process,data/EVTX-ATTACK-SAMPLES/AutomatedTestingTools/PanacheSysmon_vs_AtomicRedTeam01.evtx,1,Microsoft-Windows-Sysmon,1,3896,MSEDGEWIN10,"Image: C:\Windows\System32\PING.EXE
RuleName: ''
Description: TCP/IP Ping Command
TerminalSessionId: 1
ParentCommandLine: '""C:\Windows\system32\cmd.exe"" /c ""for /l %i in (1,1,254) do ping -n 1 -w 100 192.168.1.%i""'
Product: Microsoft® Windows® Operating System
Company: Microsoft Corporation
ParentProcessId: 4528
LogonGuid: 747F3D96-D4B4-5D31-0000-002051090500
Hashes: SHA1=8757646428A176F76E6F38458A25902A8FEBA9C0,MD5=56633150D77AE242D07727B0564430BB,SHA256=741AD992403C78A8A7DBD97C74FDA06594A247E9E2FA05A40BB6945403A90056,IMPHASH=8C3BE1286CDAD6AC1136D0BB6C83FF41
ParentProcessGuid: 747F3D96-D8F6-5D31-0000-001091D13300
ProcessId: 208
CurrentDirectory: C:\AtomicRedTeam\
ProcessGuid: 747F3D96-D933-5D31-0000-0010B6B23500
CommandLine: ping  -n 1 -w 100 192.168.1.123
FileVersion: 10.0.17763.1 (WinBuild.160101.0800)
User: MSEDGEWIN10\IEUser
LogonId: '0x50951'
IntegrityLevel: High
ParentImage: C:\Windows\System32\cmd.exe
UtcTime: 2019-07-19 14:52:35.983
"
