2019-03-17T20:17:44.797385+00:00,Suspicious Double Extension Files;UAC Bypass Using Windows Media Player - File,data/EVTX-ATTACK-SAMPLES/Defense Evasion/sysmon_13_rdp_settings_tampering.evtx,1,Microsoft-Windows-Sysmon,11,5254,PC04.example.corp,"ProcessGuid: 365ABB72-A965-5C8E-0000-0010D9100400
CreationUtcTime: 2019-03-17 20:17:44.777
UtcTime: 2019-03-17 20:17:44.777
ProcessId: 3884
RuleName: ''
TargetFilename: C:\Users\IEUser\Desktop\RDPWRA~1.2\RDPConf.exe
Image: C:\Windows\Explorer.EXE
"
2019-03-17T20:17:45.478364+00:00,Suspicious Double Extension Files;UAC Bypass Using Windows Media Player - File,data/EVTX-ATTACK-SAMPLES/Defense Evasion/sysmon_13_rdp_settings_tampering.evtx,1,Microsoft-Windows-Sysmon,11,5255,PC04.example.corp,"ProcessGuid: 365ABB72-A965-5C8E-0000-0010D9100400
CreationUtcTime: 2019-03-17 20:17:45.458
UtcTime: 2019-03-17 20:17:45.458
ProcessId: 3884
RuleName: ''
TargetFilename: C:\Users\IEUser\Desktop\RDPWRA~1.2\RDPWInst.exe
Image: C:\Windows\Explorer.EXE
"
2019-03-17T20:17:45.628580+00:00,UAC Bypass Using Windows Media Player - File,data/EVTX-ATTACK-SAMPLES/Defense Evasion/sysmon_13_rdp_settings_tampering.evtx,1,Microsoft-Windows-Sysmon,11,5256,PC04.example.corp,"ProcessGuid: 365ABB72-A965-5C8E-0000-0010D9100400
CreationUtcTime: 2019-03-17 20:17:45.618
UtcTime: 2019-03-17 20:17:45.618
ProcessId: 3884
RuleName: ''
TargetFilename: C:\Users\IEUser\Desktop\RDPWRA~1.2\uninstall.bat
Image: C:\Windows\Explorer.EXE
"
2019-03-17T20:17:45.648609+00:00,UAC Bypass Using Windows Media Player - File,data/EVTX-ATTACK-SAMPLES/Defense Evasion/sysmon_13_rdp_settings_tampering.evtx,1,Microsoft-Windows-Sysmon,11,5257,PC04.example.corp,"ProcessGuid: 365ABB72-A965-5C8E-0000-0010D9100400
CreationUtcTime: 2019-03-17 20:17:45.648
UtcTime: 2019-03-17 20:17:45.648
ProcessId: 3884
RuleName: ''
TargetFilename: C:\Users\IEUser\Desktop\RDPWRA~1.2\update.bat
Image: C:\Windows\Explorer.EXE
"
2019-03-17T20:17:52.949107+00:00,Hacktool - EDR-Freeze Execution;UAC Bypass Using NTFS Reparse Point - Process,data/EVTX-ATTACK-SAMPLES/Defense Evasion/sysmon_13_rdp_settings_tampering.evtx,1,Microsoft-Windows-Sysmon,1,5260,PC04.example.corp,"Image: C:\Windows\System32\cmd.exe
RuleName: ''
Description: Windows Command Processor
TerminalSessionId: 1
ParentCommandLine: C:\Windows\Explorer.EXE
Product: Microsoft® Windows® Operating System
Company: Microsoft Corporation
ParentProcessId: 3884
LogonGuid: 365ABB72-A960-5C8E-0000-002004C00300
Hashes: MD5=AD7B9C14083B52BC532FBA5948342B98,IMPHASH=CEEFB55F764020CC5C5F8F23349AB163
ParentProcessGuid: 365ABB72-A965-5C8E-0000-0010D9100400
ProcessId: 3272
CurrentDirectory: C:\Users\IEUser\Desktop\RDPWrap-v1.6.2\
ProcessGuid: 365ABB72-AB70-5C8E-0000-0010781D0A00
CommandLine: '""C:\Windows\System32\cmd.exe"" /C ""C:\Users\IEUser\Desktop\RDPWrap-v1.6.2\install.bat"" '
FileVersion: 6.1.7601.17514 (win7sp1_rtm.101119-1850)
User: PC04\IEUser
LogonId: '0x3c004'
IntegrityLevel: High
ParentImage: C:\Windows\explorer.exe
UtcTime: 2019-03-17 20:17:52.899
"
2019-03-17T20:17:52.979150+00:00,Hacktool - EDR-Freeze Execution;UAC Bypass Using NTFS Reparse Point - Process,data/EVTX-ATTACK-SAMPLES/Defense Evasion/sysmon_13_rdp_settings_tampering.evtx,1,Microsoft-Windows-Sysmon,1,5261,PC04.example.corp,"Image: C:\Users\IEUser\Desktop\RDPWrap-v1.6.2\RDPWInst.exe
RuleName: ''
Description: RDP Wrapper Library Installer
TerminalSessionId: 1
ParentCommandLine: '""C:\Windows\System32\cmd.exe"" /C ""C:\Users\IEUser\Desktop\RDPWrap-v1.6.2\install.bat"" '
Product: RDP Host Support
Company: Stas'M Corp.
ParentProcessId: 3272
LogonGuid: 365ABB72-A960-5C8E-0000-002004C00300
Hashes: MD5=3288C284561055044C489567FD630AC2,IMPHASH=A89655FAA2B6840E801BE1E1C779FC67
ParentProcessGuid: 365ABB72-AB70-5C8E-0000-0010781D0A00
ProcessId: 3700
CurrentDirectory: C:\Users\IEUser\Desktop\RDPWrap-v1.6.2\
ProcessGuid: 365ABB72-AB70-5C8E-0000-0010DF1F0A00
CommandLine: '""C:\Users\IEUser\Desktop\RDPWrap-v1.6.2\RDPWInst""  -i -o'
FileVersion: 2.5.0.0
User: PC04\IEUser
LogonId: '0x3c004'
IntegrityLevel: High
ParentImage: C:\Windows\System32\cmd.exe
UtcTime: 2019-03-17 20:17:52.929
"
2019-03-17T20:18:05.086560+00:00,RDP Sensitive Settings Changed;Service Binary in Suspicious Folder;ServiceDll Hijack,data/EVTX-ATTACK-SAMPLES/Defense Evasion/sysmon_13_rdp_settings_tampering.evtx,1,Microsoft-Windows-Sysmon,13,5265,PC04.example.corp,"Image: C:\Users\IEUser\Desktop\RDPWrap-v1.6.2\RDPWInst.exe
TargetObject: HKLM\System\CurrentControlSet\services\TermService\Parameters\ServiceDll
RuleName: ''
EventType: SetValue
ProcessId: 3700
ProcessGuid: 365ABB72-AB70-5C8E-0000-0010DF1F0A00
UtcTime: 2019-03-17 20:18:05.086
Details: '%%ProgramFiles%%\RDP Wrapper\rdpwrap.dll'
"
2019-03-17T20:18:09.282593+00:00,Service Binary in Suspicious Folder,data/EVTX-ATTACK-SAMPLES/Defense Evasion/sysmon_13_rdp_settings_tampering.evtx,1,Microsoft-Windows-Sysmon,13,5269,PC04.example.corp,"Image: C:\Users\IEUser\Desktop\RDPWrap-v1.6.2\RDPWInst.exe
TargetObject: HKLM\System\CurrentControlSet\Control\Terminal Server\Licensing Core\EnableConcurrentSessions
RuleName: ''
EventType: SetValue
ProcessId: 3700
ProcessGuid: 365ABB72-AB70-5C8E-0000-0010DF1F0A00
UtcTime: 2019-03-17 20:18:09.272
Details: DWORD (0x00000001)
"
2019-03-17T20:18:09.282593+00:00,RDP Sensitive Settings Changed to Zero;Service Binary in Suspicious Folder,data/EVTX-ATTACK-SAMPLES/Defense Evasion/sysmon_13_rdp_settings_tampering.evtx,1,Microsoft-Windows-Sysmon,13,5267,PC04.example.corp,"Image: C:\Users\IEUser\Desktop\RDPWrap-v1.6.2\RDPWInst.exe
TargetObject: HKLM\System\CurrentControlSet\Control\Terminal Server\fDenyTSConnections
RuleName: ''
EventType: SetValue
ProcessId: 3700
ProcessGuid: 365ABB72-AB70-5C8E-0000-0010DF1F0A00
UtcTime: 2019-03-17 20:18:09.272
Details: DWORD (0x00000000)
"
2019-03-17T20:18:09.312636+00:00,Firewall Configuration Discovery Via Netsh.EXE;Hacktool - EDR-Freeze Execution;New Firewall Rule Added Via Netsh.EXE;RDP Connection Allowed Via Netsh.EXE;UAC Bypass Using NTFS Reparse Point - Process,data/EVTX-ATTACK-SAMPLES/Defense Evasion/sysmon_13_rdp_settings_tampering.evtx,1,Microsoft-Windows-Sysmon,1,5270,PC04.example.corp,"Image: C:\Windows\System32\netsh.exe
RuleName: ''
Description: Network Command Shell
TerminalSessionId: 1
ParentCommandLine: '""C:\Users\IEUser\Desktop\RDPWrap-v1.6.2\RDPWInst""  -i -o'
Product: Microsoft® Windows® Operating System
Company: Microsoft Corporation
ParentProcessId: 3700
LogonGuid: 365ABB72-A960-5C8E-0000-002004C00300
Hashes: MD5=784A50A6A09C25F011C3143DDD68E729,IMPHASH=33B8120C37D7861778989FBFD16214E1
ParentProcessGuid: 365ABB72-AB70-5C8E-0000-0010DF1F0A00
ProcessId: 3696
CurrentDirectory: C:\Users\IEUser\Desktop\RDPWrap-v1.6.2\
ProcessGuid: 365ABB72-AB81-5C8E-0000-001024960C00
CommandLine: netsh advfirewall firewall add rule name=""Remote Desktop"" dir=in protocol=tcp localport=3389 profile=any action=allow
FileVersion: 6.1.7600.16385 (win7_rtm.090713-1255)
User: PC04\IEUser
LogonId: '0x3c004'
IntegrityLevel: High
ParentImage: C:\Users\IEUser\Desktop\RDPWrap-v1.6.2\RDPWInst.exe
UtcTime: 2019-03-17 20:18:09.272
"
2019-03-17T20:18:09.643112+00:00,CobaltStrike Load by Rundll32;Hacktool - EDR-Freeze Execution;Rundll32 Registered COM Objects;UAC Bypass Using NTFS Reparse Point - Process,data/EVTX-ATTACK-SAMPLES/Defense Evasion/sysmon_13_rdp_settings_tampering.evtx,1,Microsoft-Windows-Sysmon,1,5275,PC04.example.corp,"Image: C:\Windows\System32\rundll32.exe
RuleName: ''
Description: Windows host process (Rundll32)
TerminalSessionId: 1
ParentCommandLine: C:\Windows\system32\svchost.exe -k DcomLaunch
Product: Microsoft® Windows® Operating System
Company: Microsoft Corporation
ParentProcessId: 608
LogonGuid: 365ABB72-A960-5C8E-0000-002004C00300
Hashes: MD5=C648901695E275C8F2AD04B687A68CE2,IMPHASH=239D911DFA7551A8B735680BC39B2238
ParentProcessGuid: 365ABB72-173D-5C8F-0000-00102A6A0000
ProcessId: 3892
CurrentDirectory: C:\Windows\system32\
ProcessGuid: 365ABB72-AB81-5C8E-0000-00102E9E0C00
CommandLine: C:\Windows\System32\rundll32.exe shell32.dll,SHCreateLocalServerRunDll {995C996E-D918-4a8c-A302-45719A6F4EA7} -Embedding
FileVersion: 6.1.7600.16385 (win7_rtm.090713-1255)
User: PC04\IEUser
LogonId: '0x3c004'
IntegrityLevel: High
ParentImage: C:\Windows\System32\svchost.exe
UtcTime: 2019-03-17 20:18:09.593
"
2019-03-17T20:18:12.096640+00:00,Hacktool - EDR-Freeze Execution;UAC Bypass Using NTFS Reparse Point - Process,data/EVTX-ATTACK-SAMPLES/Defense Evasion/sysmon_13_rdp_settings_tampering.evtx,1,Microsoft-Windows-Sysmon,1,5281,PC04.example.corp,"Image: C:\Windows\System32\UI0Detect.exe
RuleName: ''
Description: Interactive services detection
TerminalSessionId: 1
ParentCommandLine: C:\Windows\system32\UI0Detect.exe
Product: Microsoft® Windows® Operating System
Company: Microsoft Corporation
ParentProcessId: 1768
LogonGuid: 365ABB72-A960-5C8E-0000-002004C00300
Hashes: MD5=8344FD4FCE927880AA1AA7681D4927E5,IMPHASH=5DE0CABE853D959C3319B51C8EC562E6
ParentProcessGuid: 365ABB72-A6D3-5C8E-0000-0010126F0100
ProcessId: 600
CurrentDirectory: C:\Windows\system32\
ProcessGuid: 365ABB72-AB84-5C8E-0000-00109EAD0C00
CommandLine: UI0Detect.exe 220
FileVersion: 6.1.7600.16385 (win7_rtm.090713-1255)
User: PC04\IEUser
LogonId: '0x3c004'
IntegrityLevel: High
ParentImage: C:\Windows\System32\UI0Detect.exe
UtcTime: 2019-03-17 20:18:12.076
"
2019-03-17T20:20:14.512665+00:00,Hacktool - EDR-Freeze Execution;UAC Bypass Using NTFS Reparse Point - Process,data/EVTX-ATTACK-SAMPLES/Defense Evasion/sysmon_13_rdp_settings_tampering.evtx,1,Microsoft-Windows-Sysmon,1,5310,PC04.example.corp,"Image: C:\Users\IEUser\Desktop\UniversalTermsrvPatch_20090425\UniversalTermsrvPatch_20090425\UniversalTermsrvPatch-x86.exe
RuleName: ''
Description: Universal termsrv.dll Patch
TerminalSessionId: 1
ParentCommandLine: C:\Windows\Explorer.EXE
Product: Universal termsrv.dll Patch
Company: deepxw
ParentProcessId: 3884
LogonGuid: 365ABB72-A960-5C8E-0000-002004C00300
Hashes: MD5=2F866893CD6F2F42BC066E9C2A41AD07,IMPHASH=C670F21A3754EE6A335632AE9781B734
ParentProcessGuid: 365ABB72-A965-5C8E-0000-0010D9100400
ProcessId: 4024
CurrentDirectory: C:\Users\IEUser\Desktop\UniversalTermsrvPatch_20090425\UniversalTermsrvPatch_20090425\
ProcessGuid: 365ABB72-ABFE-5C8E-0000-00105A560D00
CommandLine: '""C:\Users\IEUser\Desktop\UniversalTermsrvPatch_20090425\UniversalTermsrvPatch_20090425\UniversalTermsrvPatch-x86.exe"" '
FileVersion: 1.0.0.5
User: PC04\IEUser
LogonId: '0x3c004'
IntegrityLevel: High
ParentImage: C:\Windows\explorer.exe
UtcTime: 2019-03-17 20:20:14.492
"
2019-03-17T20:20:17.907547+00:00,Hacktool - EDR-Freeze Execution;UAC Bypass Using NTFS Reparse Point - Process,data/EVTX-ATTACK-SAMPLES/Defense Evasion/sysmon_13_rdp_settings_tampering.evtx,1,Microsoft-Windows-Sysmon,1,5311,PC04.example.corp,"Image: C:\Windows\System32\takeown.exe
RuleName: ''
Description: Takes ownership of a file
TerminalSessionId: 1
ParentCommandLine: '""C:\Users\IEUser\Desktop\UniversalTermsrvPatch_20090425\UniversalTermsrvPatch_20090425\UniversalTermsrvPatch-x86.exe"" '
Product: Microsoft® Windows® Operating System
Company: Microsoft Corporation
ParentProcessId: 4024
LogonGuid: 365ABB72-A960-5C8E-0000-002004C00300
Hashes: MD5=8007508CEF6A5B10C24F7971DAF00F09,IMPHASH=06AAA17A234D9E965A577C00E3874CBA
ParentProcessGuid: 365ABB72-ABFE-5C8E-0000-00105A560D00
ProcessId: 3708
CurrentDirectory: C:\Users\IEUser\Desktop\UniversalTermsrvPatch_20090425\UniversalTermsrvPatch_20090425\
ProcessGuid: 365ABB72-AC01-5C8E-0000-001011690D00
CommandLine: '""C:\Windows\System32\takeown.exe"" /f  C:\Windows\System32\termsrv.dll'
FileVersion: 6.1.7600.16385 (win7_rtm.090713-1255)
User: PC04\IEUser
LogonId: '0x3c004'
IntegrityLevel: High
ParentImage: C:\Users\IEUser\Desktop\UniversalTermsrvPatch_20090425\UniversalTermsrvPatch_20090425\UniversalTermsrvPatch-x86.exe
UtcTime: 2019-03-17 20:20:17.827
"
2019-03-17T20:20:17.917561+00:00,Hacktool - EDR-Freeze Execution;UAC Bypass Using NTFS Reparse Point - Process,data/EVTX-ATTACK-SAMPLES/Defense Evasion/sysmon_13_rdp_settings_tampering.evtx,1,Microsoft-Windows-Sysmon,1,5312,PC04.example.corp,"Image: C:\Windows\System32\icacls.exe
RuleName: ''
Description: ''
TerminalSessionId: 1
ParentCommandLine: '""C:\Users\IEUser\Desktop\UniversalTermsrvPatch_20090425\UniversalTermsrvPatch_20090425\UniversalTermsrvPatch-x86.exe"" '
Product: Microsoft® Windows® Operating System
Company: Microsoft Corporation
ParentProcessId: 4024
LogonGuid: 365ABB72-A960-5C8E-0000-002004C00300
Hashes: MD5=1542A92D5C6F7E1E80613F3466C9CE7F,IMPHASH=A4B760A1A7F466099EAA530F2CC4EF63
ParentProcessGuid: 365ABB72-ABFE-5C8E-0000-00105A560D00
ProcessId: 3536
CurrentDirectory: C:\Users\IEUser\Desktop\UniversalTermsrvPatch_20090425\UniversalTermsrvPatch_20090425\
ProcessGuid: 365ABB72-AC01-5C8E-0000-0010296C0D00
CommandLine: '""C:\Windows\System32\icacls.exe"" C:\Windows\System32\termsrv.dll /grant %%username%%:F'
FileVersion: 6.1.7600.16385 (win7_rtm.090713-1255)
User: PC04\IEUser
LogonId: '0x3c004'
IntegrityLevel: High
ParentImage: C:\Users\IEUser\Desktop\UniversalTermsrvPatch_20090425\UniversalTermsrvPatch_20090425\UniversalTermsrvPatch-x86.exe
UtcTime: 2019-03-17 20:20:17.897
"
2019-03-17T20:20:17.927576+00:00,Hacktool - EDR-Freeze Execution;UAC Bypass Using NTFS Reparse Point - Process,data/EVTX-ATTACK-SAMPLES/Defense Evasion/sysmon_13_rdp_settings_tampering.evtx,1,Microsoft-Windows-Sysmon,1,5313,PC04.example.corp,"Image: C:\Windows\System32\icacls.exe
RuleName: ''
Description: ''
TerminalSessionId: 1
ParentCommandLine: '""C:\Users\IEUser\Desktop\UniversalTermsrvPatch_20090425\UniversalTermsrvPatch_20090425\UniversalTermsrvPatch-x86.exe"" '
Product: Microsoft® Windows® Operating System
Company: Microsoft Corporation
ParentProcessId: 4024
LogonGuid: 365ABB72-A960-5C8E-0000-002004C00300
Hashes: MD5=1542A92D5C6F7E1E80613F3466C9CE7F,IMPHASH=A4B760A1A7F466099EAA530F2CC4EF63
ParentProcessGuid: 365ABB72-ABFE-5C8E-0000-00105A560D00
ProcessId: 3652
CurrentDirectory: C:\Users\IEUser\Desktop\UniversalTermsrvPatch_20090425\UniversalTermsrvPatch_20090425\
ProcessGuid: 365ABB72-AC01-5C8E-0000-0010656E0D00
CommandLine: '""C:\Windows\System32\icacls.exe"" C:\Windows\System32\termsrv.dll /grant *S-1-1-0:(F)'
FileVersion: 6.1.7600.16385 (win7_rtm.090713-1255)
User: PC04\IEUser
LogonId: '0x3c004'
IntegrityLevel: High
ParentImage: C:\Users\IEUser\Desktop\UniversalTermsrvPatch_20090425\UniversalTermsrvPatch_20090425\UniversalTermsrvPatch-x86.exe
UtcTime: 2019-03-17 20:20:17.927
"
2019-03-17T20:22:59.399761+00:00,Default RDP Port Changed to Non Standard Port,data/EVTX-ATTACK-SAMPLES/Defense Evasion/sysmon_13_rdp_settings_tampering.evtx,1,Microsoft-Windows-Sysmon,13,5329,PC04.example.corp,"Image: C:\Windows\regedit.exe
TargetObject: HKLM\System\CurrentControlSet\Control\Terminal Server\WinStations\RDP-Tcp\PortNumber
RuleName: ''
EventType: SetValue
ProcessId: 2872
ProcessGuid: 365ABB72-AC79-5C8E-0000-0010E1B50D00
UtcTime: 2019-03-17 20:22:59.399
Details: DWORD (0x00000050)
"
2019-03-17T20:23:12.188150+00:00,Hacktool - EDR-Freeze Execution;UAC Bypass Using NTFS Reparse Point - Process,data/EVTX-ATTACK-SAMPLES/Defense Evasion/sysmon_13_rdp_settings_tampering.evtx,1,Microsoft-Windows-Sysmon,1,5333,PC04.example.corp,"Image: C:\Windows\System32\UI0Detect.exe
RuleName: ''
Description: Interactive services detection
TerminalSessionId: 1
ParentCommandLine: C:\Windows\system32\UI0Detect.exe
Product: Microsoft® Windows® Operating System
Company: Microsoft Corporation
ParentProcessId: 1768
LogonGuid: 365ABB72-A960-5C8E-0000-002004C00300
Hashes: MD5=8344FD4FCE927880AA1AA7681D4927E5,IMPHASH=5DE0CABE853D959C3319B51C8EC562E6
ParentProcessGuid: 365ABB72-A6D3-5C8E-0000-0010126F0100
ProcessId: 2972
CurrentDirectory: C:\Windows\system32\
ProcessGuid: 365ABB72-ACB0-5C8E-0000-001085D50D00
CommandLine: UI0Detect.exe 220
FileVersion: 6.1.7600.16385 (win7_rtm.090713-1255)
User: PC04\IEUser
LogonId: '0x3c004'
IntegrityLevel: High
ParentImage: C:\Windows\System32\UI0Detect.exe
UtcTime: 2019-03-17 20:23:12.178
"
2019-03-17T20:43:12.784659+00:00,Hacktool - EDR-Freeze Execution;UAC Bypass Using NTFS Reparse Point - Process,data/EVTX-ATTACK-SAMPLES/Credential Access/sysmon_13_keylogger_directx.evtx,1,Microsoft-Windows-Sysmon,1,5597,PC04.example.corp,"Image: C:\Windows\System32\UI0Detect.exe
RuleName: ''
Description: Interactive services detection
TerminalSessionId: 1
ParentCommandLine: C:\Windows\system32\UI0Detect.exe
Product: Microsoft® Windows® Operating System
Company: Microsoft Corporation
ParentProcessId: 1768
LogonGuid: 365ABB72-A960-5C8E-0000-002004C00300
Hashes: MD5=8344FD4FCE927880AA1AA7681D4927E5,IMPHASH=5DE0CABE853D959C3319B51C8EC562E6
ParentProcessGuid: 365ABB72-A6D3-5C8E-0000-0010126F0100
ProcessId: 136
CurrentDirectory: C:\Windows\system32\
ProcessGuid: 365ABB72-B160-5C8E-0000-0010253D1500
CommandLine: UI0Detect.exe 220
FileVersion: 6.1.7600.16385 (win7_rtm.090713-1255)
User: PC04\IEUser
LogonId: '0x3c004'
IntegrityLevel: High
ParentImage: C:\Windows\System32\UI0Detect.exe
UtcTime: 2019-03-17 20:43:12.774
"
2019-03-17T20:43:16.309727+00:00,Hacktool - EDR-Freeze Execution;UAC Bypass Using NTFS Reparse Point - Process,data/EVTX-ATTACK-SAMPLES/Credential Access/sysmon_13_keylogger_directx.evtx,1,Microsoft-Windows-Sysmon,1,5598,PC04.example.corp,"Image: C:\Windows\System32\slui.exe
RuleName: ''
Description: Windows Activation Client
TerminalSessionId: 1
ParentCommandLine: C:\Windows\system32\svchost.exe -k DcomLaunch
Product: Microsoft® Windows® Operating System
Company: Microsoft Corporation
ParentProcessId: 608
LogonGuid: 365ABB72-A960-5C8E-0000-002004C00300
Hashes: MD5=D861EB4D6719D6738270E6A376B87F18,IMPHASH=B54B63A98C9E12C1902D75D180ABBF38
ParentProcessGuid: 365ABB72-173D-5C8F-0000-00102A6A0000
ProcessId: 3312
CurrentDirectory: C:\Windows\system32\
ProcessGuid: 365ABB72-B164-5C8E-0000-0010543F1500
CommandLine: C:\Windows\System32\slui.exe -Embedding
FileVersion: 6.1.7600.16385 (win7_rtm.090713-1255)
User: PC04\IEUser
LogonId: '0x3c004'
IntegrityLevel: High
ParentImage: C:\Windows\System32\svchost.exe
UtcTime: 2019-03-17 20:43:16.279
"
2019-03-18T11:06:29.911579+00:00,Outgoing Logon with New Credentials;Pass the Hash Activity 2;Successful Overpass the Hash Attempt,data/EVTX-ATTACK-SAMPLES/Lateral Movement/LM_4624_mimikatz_sekurlsa_pth_source_machine.evtx,1,Microsoft-Windows-Security-Auditing,4624,432903,PC01.example.corp,"AuthenticationPackageName: Negotiate
LogonProcessName: seclogo
KeyLength: 0
TargetDomainName: EXAMPLE
SubjectLogonId: '0x18a7875'
TargetLogonId: '0x4530f0f'
LogonGuid: 00000000-0000-0000-0000-000000000000
SubjectDomainName: EXAMPLE
LogonType: 9
WorkstationName: ''
SubjectUserSid: S-1-5-21-1587066498-1489273250-1035260531-1106
TransmittedServices: '-'
ProcessId: '0x3ec'
IpPort: '0'
TargetUserName: user01
ProcessName: C:\Windows\System32\svchost.exe
LmPackageName: '-'
SubjectUserName: user01
TargetUserSid: S-1-5-21-1587066498-1489273250-1035260531-1106
IpAddress: ::1
"
2019-03-18T11:27:23.261267+00:00,Suspicious Remote Logon with Explicit Credentials,data/EVTX-ATTACK-SAMPLES/Lateral Movement/LM_WMIC_4648_rpcss.evtx,1,Microsoft-Windows-Security-Auditing,4648,433340,PC01.example.corp,"IpAddress: '-'
LogonGuid: 3523B8BE-1C1A-A740-A8C3-4CC91A5F3B14
SubjectDomainName: EXAMPLE
TargetDomainName: EXAMPLE.CORP
SubjectUserSid: S-1-5-21-1587066498-1489273250-1035260531-1106
TargetServerName: WIN-77LTAPHIQ1R.example.corp
ProcessId: '0x44c'
IpPort: '-'
TargetUserName: administrator
TargetLogonGuid: 50419E1A-1C62-023A-239E-78C43A7792AB
SubjectLogonId: '0x18a7875'
SubjectUserName: user01
ProcessName: C:\Windows\System32\wbem\WMIC.exe
TargetInfo: host/WIN-77LTAPHIQ1R.example.corp
"
2019-03-18T11:27:23.271281+00:00,Suspicious Remote Logon with Explicit Credentials,data/EVTX-ATTACK-SAMPLES/Lateral Movement/LM_WMIC_4648_rpcss.evtx,1,Microsoft-Windows-Security-Auditing,4648,433350,PC01.example.corp,"IpAddress: '-'
LogonGuid: 3523B8BE-1C1A-A740-A8C3-4CC91A5F3B14
SubjectDomainName: EXAMPLE
TargetDomainName: example
SubjectUserSid: S-1-5-21-1587066498-1489273250-1035260531-1106
TargetServerName: WIN-77LTAPHIQ1R.example.corp
ProcessId: '0x44c'
IpPort: '-'
TargetUserName: administrator
TargetLogonGuid: 00000000-0000-0000-0000-000000000000
SubjectLogonId: '0x18a7875'
SubjectUserName: user01
ProcessName: C:\Windows\System32\wbem\WMIC.exe
TargetInfo: WIN-77LTAPHIQ1R.example.corp
"
2019-03-18T22:15:36.036376+00:00,Win Susp Computer Name Containing Samtheadmin,data/EVTX-ATTACK-SAMPLES/Lateral Movement/LM_WMI_4624_4688_TargetHost.evtx,1,Microsoft-Windows-Security-Auditing,4624,563265,WIN-77LTAPHIQ1R.example.corp,"AuthenticationPackageName: Kerberos
LogonProcessName: Kerberos
IpAddress: fe80::79bf:8ee2:433c:2567
KeyLength: 0
TargetDomainName: EXAMPLE
SubjectLogonId: '0x0'
TargetLogonId: '0x10fac2'
LogonGuid: 5FDB15EE-2283-F23C-E23B-5E5DDB11BB9C
SubjectDomainName: '-'
LogonType: 3
WorkstationName: ''
SubjectUserSid: S-1-0-0
TransmittedServices: '-'
ProcessId: '0x0'
IpPort: '55585'
ImpersonationLevel: '%%1840'
TargetUserName: WIN-77LTAPHIQ1R$
ProcessName: '-'
LmPackageName: '-'
SubjectUserName: '-'
TargetUserSid: S-1-5-18
"
2019-03-18T22:16:19.989944+00:00,Win Susp Computer Name Containing Samtheadmin,data/EVTX-ATTACK-SAMPLES/Lateral Movement/LM_WMI_4624_4688_TargetHost.evtx,1,Microsoft-Windows-Security-Auditing,4624,563342,WIN-77LTAPHIQ1R.example.corp,"AuthenticationPackageName: Kerberos
LogonProcessName: Kerberos
IpAddress: ::1
KeyLength: 0
TargetDomainName: EXAMPLE
SubjectLogonId: '0x0'
TargetLogonId: '0x116c7b'
LogonGuid: 5FDB15EE-2283-F23C-E23B-5E5DDB11BB9C
SubjectDomainName: '-'
LogonType: 3
WorkstationName: ''
SubjectUserSid: S-1-0-0
TransmittedServices: '-'
ProcessId: '0x0'
IpPort: '55589'
ImpersonationLevel: '%%1833'
TargetUserName: WIN-77LTAPHIQ1R$
ProcessName: '-'
LmPackageName: '-'
SubjectUserName: '-'
TargetUserSid: S-1-5-18
"
2019-03-18T23:23:43.570212+00:00,Win Susp Computer Name Containing Samtheadmin,data/EVTX-ATTACK-SAMPLES/Discovery/dicovery_4661_net_group_domain_admins_target.evtx,1,Microsoft-Windows-Security-Auditing,4624,565596,WIN-77LTAPHIQ1R.example.corp,"AuthenticationPackageName: Kerberos
LogonProcessName: Kerberos
IpAddress: fe80::79bf:8ee2:433c:2567
KeyLength: 0
TargetDomainName: EXAMPLE
SubjectLogonId: '0x0'
TargetLogonId: '0x15e162'
LogonGuid: 5FDB15EE-2283-F23C-E23B-5E5DDB11BB9C
SubjectDomainName: '-'
LogonType: 3
WorkstationName: ''
SubjectUserSid: S-1-0-0
TransmittedServices: '-'
ProcessId: '0x0'
IpPort: '55872'
ImpersonationLevel: '%%1840'
TargetUserName: WIN-77LTAPHIQ1R$
ProcessName: '-'
LmPackageName: '-'
SubjectUserName: '-'
TargetUserSid: S-1-5-18
"
2019-03-18T23:23:52.522462+00:00,AD Privileged Users or Groups Reconnaissance;Reconnaissance Activity,data/EVTX-ATTACK-SAMPLES/Discovery/dicovery_4661_net_group_domain_admins_target.evtx,1,Microsoft-Windows-Security-Auditing,4661,565603,WIN-77LTAPHIQ1R.example.corp,"PrivilegeList: ""\x94\x02-""
ObjectName: S-1-5-21-1587066498-1489273250-1035260531-512
AccessMask: '0x2d'
SubjectLogonId: '0x15e1a7'
ObjectServer: Security Account Manager
ObjectType: SAM_GROUP
SubjectDomainName: EXAMPLE
RestrictedSidCount: 0
SubjectUserSid: S-1-5-21-1587066498-1489273250-1035260531-1106
HandleId: '0x14c7b1a90'
TransactionId: 00000000-0000-0000-0000-000000000000
Properties: ""---\r\n\t{bf967a9c-0de6-11d0-a285-00aa003049e2}\r\n%%1538\r\n%%5410\r\n%%5412\r\n%%5415\r\n\t\t\t{bf9679e8-0de6-11d0-a285-00aa003049e2}\r\n\t\t\t{3e0abfd0-126a-11d0-a060-00aa006c33ed}\r\n\t\t{bc0ac240-79a9-11d0-9020-00c04fc2d4cf}\r\n\t\t\t{bf9679c0-0de6-11d0-a285-00aa003049e2}\r\n\t\t{59ba2f42-79a2-11d0-9020-00c04fc2d3cf}\r\n""
ProcessId: '0x1c4'
AccessList: ""%%1538\r\n\t\t\t\t%%5410\r\n\t\t\t\t%%5412\r\n\t\t\t\t%%5415\r\n\t\t\t\t""
SubjectUserName: user01
ProcessName: C:\Windows\System32\lsass.exe
"
2019-03-18T23:23:52.538513+00:00,AD Privileged Users or Groups Reconnaissance;Reconnaissance Activity,data/EVTX-ATTACK-SAMPLES/Discovery/dicovery_4661_net_group_domain_admins_target.evtx,1,Microsoft-Windows-Security-Auditing,4661,565606,WIN-77LTAPHIQ1R.example.corp,"PrivilegeList: ""\x94\x02-""
ObjectName: S-1-5-21-1587066498-1489273250-1035260531-512
AccessMask: '0x2d'
SubjectLogonId: '0x15e1a7'
ObjectServer: Security Account Manager
ObjectType: SAM_GROUP
SubjectDomainName: EXAMPLE
RestrictedSidCount: 0
SubjectUserSid: S-1-5-21-1587066498-1489273250-1035260531-1106
HandleId: '0x14c7b2cd0'
TransactionId: 00000000-0000-0000-0000-000000000000
Properties: ""---\r\n\t{bf967a9c-0de6-11d0-a285-00aa003049e2}\r\n%%1538\r\n%%5410\r\n%%5412\r\n%%5415\r\n\t\t\t{bf9679e8-0de6-11d0-a285-00aa003049e2}\r\n\t\t\t{3e0abfd0-126a-11d0-a060-00aa006c33ed}\r\n\t\t{bc0ac240-79a9-11d0-9020-00c04fc2d4cf}\r\n\t\t\t{bf9679c0-0de6-11d0-a285-00aa003049e2}\r\n\t\t{59ba2f42-79a2-11d0-9020-00c04fc2d3cf}\r\n""
ProcessId: '0x1c4'
AccessList: ""%%1538\r\n\t\t\t\t%%5410\r\n\t\t\t\t%%5412\r\n\t\t\t\t%%5415\r\n\t\t\t\t""
SubjectUserName: user01
ProcessName: C:\Windows\System32\lsass.exe
"
2019-03-18T23:23:57.397648+00:00,Win Susp Computer Name Containing Samtheadmin,data/EVTX-ATTACK-SAMPLES/Discovery/dicovery_4661_net_group_domain_admins_target.evtx,1,Microsoft-Windows-Security-Auditing,4624,565611,WIN-77LTAPHIQ1R.example.corp,"AuthenticationPackageName: Kerberos
LogonProcessName: Kerberos
IpAddress: fe80::79bf:8ee2:433c:2567
KeyLength: 0
TargetDomainName: EXAMPLE
SubjectLogonId: '0x0'
TargetLogonId: '0x15e25f'
LogonGuid: 1054A084-EFFD-F992-9C74-63873C88272E
SubjectDomainName: '-'
LogonType: 3
WorkstationName: ''
SubjectUserSid: S-1-0-0
TransmittedServices: '-'
ProcessId: '0x0'
IpPort: '55873'
ImpersonationLevel: '%%1840'
TargetUserName: WIN-77LTAPHIQ1R$
ProcessName: '-'
LmPackageName: '-'
SubjectUserName: '-'
TargetUserSid: S-1-5-18
"
2019-03-18T23:24:07.584863+00:00,Password Policy Enumerated,data/EVTX-ATTACK-SAMPLES/Discovery/dicovery_4661_net_group_domain_admins_target.evtx,1,Microsoft-Windows-Security-Auditing,4661,565614,WIN-77LTAPHIQ1R.example.corp,"PrivilegeList: ""ǿ\x0F-""
ObjectName: DC=example,DC=corp
AccessMask: '0x2d'
SubjectLogonId: '0x4fd77'
ObjectServer: Security Account Manager
ObjectType: SAM_DOMAIN
SubjectDomainName: EXAMPLE
RestrictedSidCount: 0
SubjectUserSid: S-1-5-21-1587066498-1489273250-1035260531-500
HandleId: '0x14c7b2840'
TransactionId: 00000000-0000-0000-0000-000000000000
Properties: ""---\r\n\t{19195a5a-6da0-11d0-afd3-00c04fd930c9}\r\n%%1537\r\n%%1538\r\n%%1539\r\n%%1540\r\n%%5392\r\n%%5393\r\n%%5394\r\n%%5395\r\n%%5396\r\n%%5397\r\n%%5398\r\n%%5399\r\n%%5400\r\n\t\t{c7407360-20bf-11d0-a768-00aa006e0529}\r\n\t\t\t{bf9679a4-0de6-11d0-a285-00aa003049e2}\r\n\t\t\t{bf9679a5-0de6-11d0-a285-00aa003049e2}\r\n\t\t\t{bf9679a6-0de6-11d0-a285-00aa003049e2}\r\n\t\t\t{bf9679bb-0de6-11d0-a285-00aa003049e2}\r\n\t\t\t{bf9679c2-0de6-11d0-a285-00aa003049e2}\r\n\t\t\t{bf9679c3-0de6-11d0-a285-00aa003049e2}\r\n\t\t\t{bf967a09-0de6-11d0-a285-00aa003049e2}\r\n\t\t\t{bf967a0b-0de6-11d0-a285-00aa003049e2}\r\n\t\t{b8119fd0-04f6-4762-ab7a-4986c76b3f9a}\r\n\t\t\t{bf967a34-0de6-11d0-a285-00aa003049e2}\r\n\t\t\t{bf967a33-0de6-11d0-a285-00aa003049e2}\r\n\t\t\t{bf9679c5-0de6-11d0-a285-00aa003049e2}\r\n\t\t\t{bf967a61-0de6-11d0-a285-00aa003049e2}\r\n\t\t\t{bf967977-0de6-11d0-a285-00aa003049e2}\r\n\t\t\t{bf96795e-0de6-11d0-a285-00aa003049e2}\r\n\t\t\t{bf9679ea-0de6-11d0-a285-00aa003049e2}\r\n\t\t{ab721a52-1e2f-11d0-9819-00aa0040529b}\r\n""
ProcessId: '0x1c4'
AccessList: ""%%1537\r\n\t\t\t\t%%1538\r\n\t\t\t\t%%1539\r\n\t\t\t\t%%1540\r\n\t\t\t\t%%5392\r\n\t\t\t\t%%5393\r\n\t\t\t\t%%5394\r\n\t\t\t\t%%5395\r\n\t\t\t\t%%5396\r\n\t\t\t\t%%5397\r\n\t\t\t\t%%5398\r\n\t\t\t\t%%5399\r\n\t\t\t\t%%5400\r\n\t\t\t\t""
SubjectUserName: administrator
ProcessName: C:\Windows\System32\lsass.exe
"
2019-03-18T23:24:07.601241+00:00,AD Privileged Users or Groups Reconnaissance;Reconnaissance Activity,data/EVTX-ATTACK-SAMPLES/Discovery/dicovery_4661_net_group_domain_admins_target.evtx,1,Microsoft-Windows-Security-Auditing,4661,565619,WIN-77LTAPHIQ1R.example.corp,"PrivilegeList: ""ƿ\x0F-""
ObjectName: S-1-5-21-1587066498-1489273250-1035260531-500
AccessMask: '0x2d'
SubjectLogonId: '0x4fd77'
ObjectServer: Security Account Manager
ObjectType: SAM_USER
SubjectDomainName: EXAMPLE
RestrictedSidCount: 0
SubjectUserSid: S-1-5-21-1587066498-1489273250-1035260531-500
HandleId: '0x14c7b1a90'
TransactionId: 00000000-0000-0000-0000-000000000000
Properties: ""---\r\n\t{bf967aba-0de6-11d0-a285-00aa003049e2}\r\n%%1537\r\n%%1538\r\n%%1539\r\n%%1540\r\n%%5440\r\n%%5441\r\n%%5442\r\n%%5443\r\n%%5444\r\n%%5445\r\n%%5447\r\n%%5448\r\n\t\t{59ba2f42-79a2-11d0-9020-00c04fc2d3cf}\r\n\t\t\t{bf967938-0de6-11d0-a285-00aa003049e2}\r\n\t\t\t{5fd42471-1262-11d0-a060-00aa006c33ed}\r\n\t\t\t{bf9679e8-0de6-11d0-a285-00aa003049e2}\r\n\t\t\t{bf967a00-0de6-11d0-a285-00aa003049e2}\r\n\t\t\t{3e0abfd0-126a-11d0-a060-00aa006c33ed}\r\n\t\t\t{bf967a6a-0de6-11d0-a285-00aa003049e2}\r\n\t\t\t{bf967953-0de6-11d0-a285-00aa003049e2}\r\n\t\t{4c164200-20c0-11d0-a768-00aa006e0529}\r\n\t\t\t{bf967915-0de6-11d0-a285-00aa003049e2}\r\n\t\t\t{bf967a0a-0de6-11d0-a285-00aa003049e2}\r\n\t\t\t{bf967a68-0de6-11d0-a285-00aa003049e2}\r\n\t\t\t{bf967a6d-0de6-11d0-a285-00aa003049e2}\r\n\t\t{5f202010-79a5-11d0-9020-00c04fc2d4cf}\r\n\t\t\t{bf96792e-0de6-11d0-a285-00aa003049e2}\r\n\t\t\t{bf967985-0de6-11d0-a285-00aa003049e2}\r\n\t\t\t{bf967986-0de6-11d0-a285-00aa003049e2}\r\n\t\t\t{bf967996-0de6-11d0-a285-00aa003049e2}\r\n\t\t\t{bf967997-0de6-11d0-a285-00aa003049e2}\r\n\t\t\t{bf9679aa-0de6-11d0-a285-00aa003049e2}\r\n\t\t\t{bf9679ab-0de6-11d0-a285-00aa003049e2}\r\n\t\t\t{bf9679ac-0de6-11d0-a285-00aa003049e2}\r\n\t\t\t{bf967a05-0de6-11d0-a285-00aa003049e2}\r\n\t\t\t{bf9679a8-0de6-11d0-a285-00aa003049e2}\r\n\t\t{e48d0154-bcf8-11d1-8702-00c04fb96050}\r\n\t\t\t{bf967950-0de6-11d0-a285-00aa003049e2}\r\n\t\t{bc0ac240-79a9-11d0-9020-00c04fc2d4cf}\r\n\t\t\t{bf967991-0de6-11d0-a285-00aa003049e2}\r\n\t\t{ab721a53-1e2f-11d0-9819-00aa0040529b}\r\n\t\t{00299570-246d-11d0-a768-00aa006e0529}\r\n\t\t{7ed84960-ad10-11d0-8a92-00aa006e0529}\r\n""
ProcessId: '0x1c4'
AccessList: ""%%1537\r\n\t\t\t\t%%1538\r\n\t\t\t\t%%1539\r\n\t\t\t\t%%1540\r\n\t\t\t\t%%5440\r\n\t\t\t\t%%5441\r\n\t\t\t\t%%5442\r\n\t\t\t\t%%5443\r\n\t\t\t\t%%5444\r\n\t\t\t\t%%5445\r\n\t\t\t\t%%5447\r\n\t\t\t\t%%5448\r\n\t\t\t\t""
SubjectUserName: administrator
ProcessName: C:\Windows\System32\lsass.exe
"
2019-03-18T23:24:07.601241+00:00,Password Policy Enumerated,data/EVTX-ATTACK-SAMPLES/Discovery/dicovery_4661_net_group_domain_admins_target.evtx,1,Microsoft-Windows-Security-Auditing,4661,565618,WIN-77LTAPHIQ1R.example.corp,"PrivilegeList: ""ǿ\x0F-""
ObjectName: CN=Builtin,DC=example,DC=corp
AccessMask: '0x2d'
SubjectLogonId: '0x4fd77'
ObjectServer: Security Account Manager
ObjectType: SAM_DOMAIN
SubjectDomainName: EXAMPLE
RestrictedSidCount: 0
SubjectUserSid: S-1-5-21-1587066498-1489273250-1035260531-500
HandleId: '0x14c7b1600'
TransactionId: 00000000-0000-0000-0000-000000000000
Properties: ""---\r\n\t{19195a5a-6da0-11d0-afd3-00c04fd930c9}\r\n%%1537\r\n%%1538\r\n%%1539\r\n%%1540\r\n%%5392\r\n%%5393\r\n%%5394\r\n%%5395\r\n%%5396\r\n%%5397\r\n%%5398\r\n%%5399\r\n%%5400\r\n\t\t{c7407360-20bf-11d0-a768-00aa006e0529}\r\n\t\t\t{bf9679a4-0de6-11d0-a285-00aa003049e2}\r\n\t\t\t{bf9679a5-0de6-11d0-a285-00aa003049e2}\r\n\t\t\t{bf9679a6-0de6-11d0-a285-00aa003049e2}\r\n\t\t\t{bf9679bb-0de6-11d0-a285-00aa003049e2}\r\n\t\t\t{bf9679c2-0de6-11d0-a285-00aa003049e2}\r\n\t\t\t{bf9679c3-0de6-11d0-a285-00aa003049e2}\r\n\t\t\t{bf967a09-0de6-11d0-a285-00aa003049e2}\r\n\t\t\t{bf967a0b-0de6-11d0-a285-00aa003049e2}\r\n\t\t{b8119fd0-04f6-4762-ab7a-4986c76b3f9a}\r\n\t\t\t{bf967a34-0de6-11d0-a285-00aa003049e2}\r\n\t\t\t{bf967a33-0de6-11d0-a285-00aa003049e2}\r\n\t\t\t{bf9679c5-0de6-11d0-a285-00aa003049e2}\r\n\t\t\t{bf967a61-0de6-11d0-a285-00aa003049e2}\r\n\t\t\t{bf967977-0de6-11d0-a285-00aa003049e2}\r\n\t\t\t{bf96795e-0de6-11d0-a285-00aa003049e2}\r\n\t\t\t{bf9679ea-0de6-11d0-a285-00aa003049e2}\r\n\t\t{ab721a52-1e2f-11d0-9819-00aa0040529b}\r\n""
ProcessId: '0x1c4'
AccessList: ""%%1537\r\n\t\t\t\t%%1538\r\n\t\t\t\t%%1539\r\n\t\t\t\t%%1540\r\n\t\t\t\t%%5392\r\n\t\t\t\t%%5393\r\n\t\t\t\t%%5394\r\n\t\t\t\t%%5395\r\n\t\t\t\t%%5396\r\n\t\t\t\t%%5397\r\n\t\t\t\t%%5398\r\n\t\t\t\t%%5399\r\n\t\t\t\t%%5400\r\n\t\t\t\t""
SubjectUserName: administrator
ProcessName: C:\Windows\System32\lsass.exe
"
2019-03-18T23:24:11.413552+00:00,Password Policy Enumerated,data/EVTX-ATTACK-SAMPLES/Discovery/dicovery_4661_net_group_domain_admins_target.evtx,1,Microsoft-Windows-Security-Auditing,4661,565637,WIN-77LTAPHIQ1R.example.corp,"PrivilegeList: ""ǿ\x0F-""
ObjectName: CN=Builtin,DC=example,DC=corp
AccessMask: '0x2d'
SubjectLogonId: '0x4fd77'
ObjectServer: Security Account Manager
ObjectType: SAM_DOMAIN
SubjectDomainName: EXAMPLE
RestrictedSidCount: 0
SubjectUserSid: S-1-5-21-1587066498-1489273250-1035260531-500
HandleId: '0x14c7b23b0'
TransactionId: 00000000-0000-0000-0000-000000000000
Properties: ""---\r\n\t{19195a5a-6da0-11d0-afd3-00c04fd930c9}\r\n%%1537\r\n%%1538\r\n%%1539\r\n%%1540\r\n%%5392\r\n%%5393\r\n%%5394\r\n%%5395\r\n%%5396\r\n%%5397\r\n%%5398\r\n%%5399\r\n%%5400\r\n\t\t{c7407360-20bf-11d0-a768-00aa006e0529}\r\n\t\t\t{bf9679a4-0de6-11d0-a285-00aa003049e2}\r\n\t\t\t{bf9679a5-0de6-11d0-a285-00aa003049e2}\r\n\t\t\t{bf9679a6-0de6-11d0-a285-00aa003049e2}\r\n\t\t\t{bf9679bb-0de6-11d0-a285-00aa003049e2}\r\n\t\t\t{bf9679c2-0de6-11d0-a285-00aa003049e2}\r\n\t\t\t{bf9679c3-0de6-11d0-a285-00aa003049e2}\r\n\t\t\t{bf967a09-0de6-11d0-a285-00aa003049e2}\r\n\t\t\t{bf967a0b-0de6-11d0-a285-00aa003049e2}\r\n\t\t{b8119fd0-04f6-4762-ab7a-4986c76b3f9a}\r\n\t\t\t{bf967a34-0de6-11d0-a285-00aa003049e2}\r\n\t\t\t{bf967a33-0de6-11d0-a285-00aa003049e2}\r\n\t\t\t{bf9679c5-0de6-11d0-a285-00aa003049e2}\r\n\t\t\t{bf967a61-0de6-11d0-a285-00aa003049e2}\r\n\t\t\t{bf967977-0de6-11d0-a285-00aa003049e2}\r\n\t\t\t{bf96795e-0de6-11d0-a285-00aa003049e2}\r\n\t\t\t{bf9679ea-0de6-11d0-a285-00aa003049e2}\r\n\t\t{ab721a52-1e2f-11d0-9819-00aa0040529b}\r\n""
ProcessId: '0x1c4'
AccessList: ""%%1537\r\n\t\t\t\t%%1538\r\n\t\t\t\t%%1539\r\n\t\t\t\t%%1540\r\n\t\t\t\t%%5392\r\n\t\t\t\t%%5393\r\n\t\t\t\t%%5394\r\n\t\t\t\t%%5395\r\n\t\t\t\t%%5396\r\n\t\t\t\t%%5397\r\n\t\t\t\t%%5398\r\n\t\t\t\t%%5399\r\n\t\t\t\t%%5400\r\n\t\t\t\t""
SubjectUserName: administrator
ProcessName: C:\Windows\System32\lsass.exe
"
2019-03-18T23:24:11.413552+00:00,Password Policy Enumerated,data/EVTX-ATTACK-SAMPLES/Discovery/dicovery_4661_net_group_domain_admins_target.evtx,1,Microsoft-Windows-Security-Auditing,4661,565636,WIN-77LTAPHIQ1R.example.corp,"PrivilegeList: ""ǿ\x0F-""
ObjectName: DC=example,DC=corp
AccessMask: '0x2d'
SubjectLogonId: '0x4fd77'
ObjectServer: Security Account Manager
ObjectType: SAM_DOMAIN
SubjectDomainName: EXAMPLE
RestrictedSidCount: 0
SubjectUserSid: S-1-5-21-1587066498-1489273250-1035260531-500
HandleId: '0x14c7b1a90'
TransactionId: 00000000-0000-0000-0000-000000000000
Properties: ""---\r\n\t{19195a5a-6da0-11d0-afd3-00c04fd930c9}\r\n%%1537\r\n%%1538\r\n%%1539\r\n%%1540\r\n%%5392\r\n%%5393\r\n%%5394\r\n%%5395\r\n%%5396\r\n%%5397\r\n%%5398\r\n%%5399\r\n%%5400\r\n\t\t{c7407360-20bf-11d0-a768-00aa006e0529}\r\n\t\t\t{bf9679a4-0de6-11d0-a285-00aa003049e2}\r\n\t\t\t{bf9679a5-0de6-11d0-a285-00aa003049e2}\r\n\t\t\t{bf9679a6-0de6-11d0-a285-00aa003049e2}\r\n\t\t\t{bf9679bb-0de6-11d0-a285-00aa003049e2}\r\n\t\t\t{bf9679c2-0de6-11d0-a285-00aa003049e2}\r\n\t\t\t{bf9679c3-0de6-11d0-a285-00aa003049e2}\r\n\t\t\t{bf967a09-0de6-11d0-a285-00aa003049e2}\r\n\t\t\t{bf967a0b-0de6-11d0-a285-00aa003049e2}\r\n\t\t{b8119fd0-04f6-4762-ab7a-4986c76b3f9a}\r\n\t\t\t{bf967a34-0de6-11d0-a285-00aa003049e2}\r\n\t\t\t{bf967a33-0de6-11d0-a285-00aa003049e2}\r\n\t\t\t{bf9679c5-0de6-11d0-a285-00aa003049e2}\r\n\t\t\t{bf967a61-0de6-11d0-a285-00aa003049e2}\r\n\t\t\t{bf967977-0de6-11d0-a285-00aa003049e2}\r\n\t\t\t{bf96795e-0de6-11d0-a285-00aa003049e2}\r\n\t\t\t{bf9679ea-0de6-11d0-a285-00aa003049e2}\r\n\t\t{ab721a52-1e2f-11d0-9819-00aa0040529b}\r\n""
ProcessId: '0x1c4'
AccessList: ""%%1537\r\n\t\t\t\t%%1538\r\n\t\t\t\t%%1539\r\n\t\t\t\t%%1540\r\n\t\t\t\t%%5392\r\n\t\t\t\t%%5393\r\n\t\t\t\t%%5394\r\n\t\t\t\t%%5395\r\n\t\t\t\t%%5396\r\n\t\t\t\t%%5397\r\n\t\t\t\t%%5398\r\n\t\t\t\t%%5399\r\n\t\t\t\t%%5400\r\n\t\t\t\t""
SubjectUserName: administrator
ProcessName: C:\Windows\System32\lsass.exe
"
2019-03-18T23:24:11.413552+00:00,AD Privileged Users or Groups Reconnaissance;Reconnaissance Activity,data/EVTX-ATTACK-SAMPLES/Discovery/dicovery_4661_net_group_domain_admins_target.evtx,1,Microsoft-Windows-Security-Auditing,4661,565638,WIN-77LTAPHIQ1R.example.corp,"PrivilegeList: ""ƿ\x0F-""
ObjectName: S-1-5-21-1587066498-1489273250-1035260531-500
AccessMask: '0x2d'
SubjectLogonId: '0x4fd77'
ObjectServer: Security Account Manager
ObjectType: SAM_USER
SubjectDomainName: EXAMPLE
RestrictedSidCount: 0
SubjectUserSid: S-1-5-21-1587066498-1489273250-1035260531-500
HandleId: '0x14c7b2840'
TransactionId: 00000000-0000-0000-0000-000000000000
Properties: ""---\r\n\t{bf967aba-0de6-11d0-a285-00aa003049e2}\r\n%%1537\r\n%%1538\r\n%%1539\r\n%%1540\r\n%%5440\r\n%%5441\r\n%%5442\r\n%%5443\r\n%%5444\r\n%%5445\r\n%%5447\r\n%%5448\r\n\t\t{59ba2f42-79a2-11d0-9020-00c04fc2d3cf}\r\n\t\t\t{bf967938-0de6-11d0-a285-00aa003049e2}\r\n\t\t\t{5fd42471-1262-11d0-a060-00aa006c33ed}\r\n\t\t\t{bf9679e8-0de6-11d0-a285-00aa003049e2}\r\n\t\t\t{bf967a00-0de6-11d0-a285-00aa003049e2}\r\n\t\t\t{3e0abfd0-126a-11d0-a060-00aa006c33ed}\r\n\t\t\t{bf967a6a-0de6-11d0-a285-00aa003049e2}\r\n\t\t\t{bf967953-0de6-11d0-a285-00aa003049e2}\r\n\t\t{4c164200-20c0-11d0-a768-00aa006e0529}\r\n\t\t\t{bf967915-0de6-11d0-a285-00aa003049e2}\r\n\t\t\t{bf967a0a-0de6-11d0-a285-00aa003049e2}\r\n\t\t\t{bf967a68-0de6-11d0-a285-00aa003049e2}\r\n\t\t\t{bf967a6d-0de6-11d0-a285-00aa003049e2}\r\n\t\t{5f202010-79a5-11d0-9020-00c04fc2d4cf}\r\n\t\t\t{bf96792e-0de6-11d0-a285-00aa003049e2}\r\n\t\t\t{bf967985-0de6-11d0-a285-00aa003049e2}\r\n\t\t\t{bf967986-0de6-11d0-a285-00aa003049e2}\r\n\t\t\t{bf967996-0de6-11d0-a285-00aa003049e2}\r\n\t\t\t{bf967997-0de6-11d0-a285-00aa003049e2}\r\n\t\t\t{bf9679aa-0de6-11d0-a285-00aa003049e2}\r\n\t\t\t{bf9679ab-0de6-11d0-a285-00aa003049e2}\r\n\t\t\t{bf9679ac-0de6-11d0-a285-00aa003049e2}\r\n\t\t\t{bf967a05-0de6-11d0-a285-00aa003049e2}\r\n\t\t\t{bf9679a8-0de6-11d0-a285-00aa003049e2}\r\n\t\t{e48d0154-bcf8-11d1-8702-00c04fb96050}\r\n\t\t\t{bf967950-0de6-11d0-a285-00aa003049e2}\r\n\t\t{bc0ac240-79a9-11d0-9020-00c04fc2d4cf}\r\n\t\t\t{bf967991-0de6-11d0-a285-00aa003049e2}\r\n\t\t{ab721a53-1e2f-11d0-9819-00aa0040529b}\r\n\t\t{00299570-246d-11d0-a768-00aa006e0529}\r\n\t\t{7ed84960-ad10-11d0-8a92-00aa006e0529}\r\n""
ProcessId: '0x1c4'
AccessList: ""%%1537\r\n\t\t\t\t%%1538\r\n\t\t\t\t%%1539\r\n\t\t\t\t%%1540\r\n\t\t\t\t%%5440\r\n\t\t\t\t%%5441\r\n\t\t\t\t%%5442\r\n\t\t\t\t%%5443\r\n\t\t\t\t%%5444\r\n\t\t\t\t%%5445\r\n\t\t\t\t%%5447\r\n\t\t\t\t%%5448\r\n\t\t\t\t""
SubjectUserName: administrator
ProcessName: C:\Windows\System32\lsass.exe
"
2019-03-18T23:24:11.741725+00:00,AD Privileged Users or Groups Reconnaissance;Reconnaissance Activity,data/EVTX-ATTACK-SAMPLES/Discovery/dicovery_4661_net_group_domain_admins_target.evtx,1,Microsoft-Windows-Security-Auditing,4661,565641,WIN-77LTAPHIQ1R.example.corp,"PrivilegeList: ""ƿ\x0F-""
ObjectName: S-1-5-21-1587066498-1489273250-1035260531-500
AccessMask: '0x2d'
SubjectLogonId: '0x4fd77'
ObjectServer: Security Account Manager
ObjectType: SAM_USER
SubjectDomainName: EXAMPLE
RestrictedSidCount: 0
SubjectUserSid: S-1-5-21-1587066498-1489273250-1035260531-500
HandleId: '0x14c7b1a90'
TransactionId: 00000000-0000-0000-0000-000000000000
Properties: ""---\r\n\t{bf967aba-0de6-11d0-a285-00aa003049e2}\r\n%%1537\r\n%%1538\r\n%%1539\r\n%%1540\r\n%%5440\r\n%%5441\r\n%%5442\r\n%%5443\r\n%%5444\r\n%%5445\r\n%%5447\r\n%%5448\r\n\t\t{59ba2f42-79a2-11d0-9020-00c04fc2d3cf}\r\n\t\t\t{bf967938-0de6-11d0-a285-00aa003049e2}\r\n\t\t\t{5fd42471-1262-11d0-a060-00aa006c33ed}\r\n\t\t\t{bf9679e8-0de6-11d0-a285-00aa003049e2}\r\n\t\t\t{bf967a00-0de6-11d0-a285-00aa003049e2}\r\n\t\t\t{3e0abfd0-126a-11d0-a060-00aa006c33ed}\r\n\t\t\t{bf967a6a-0de6-11d0-a285-00aa003049e2}\r\n\t\t\t{bf967953-0de6-11d0-a285-00aa003049e2}\r\n\t\t{4c164200-20c0-11d0-a768-00aa006e0529}\r\n\t\t\t{bf967915-0de6-11d0-a285-00aa003049e2}\r\n\t\t\t{bf967a0a-0de6-11d0-a285-00aa003049e2}\r\n\t\t\t{bf967a68-0de6-11d0-a285-00aa003049e2}\r\n\t\t\t{bf967a6d-0de6-11d0-a285-00aa003049e2}\r\n\t\t{5f202010-79a5-11d0-9020-00c04fc2d4cf}\r\n\t\t\t{bf96792e-0de6-11d0-a285-00aa003049e2}\r\n\t\t\t{bf967985-0de6-11d0-a285-00aa003049e2}\r\n\t\t\t{bf967986-0de6-11d0-a285-00aa003049e2}\r\n\t\t\t{bf967996-0de6-11d0-a285-00aa003049e2}\r\n\t\t\t{bf967997-0de6-11d0-a285-00aa003049e2}\r\n\t\t\t{bf9679aa-0de6-11d0-a285-00aa003049e2}\r\n\t\t\t{bf9679ab-0de6-11d0-a285-00aa003049e2}\r\n\t\t\t{bf9679ac-0de6-11d0-a285-00aa003049e2}\r\n\t\t\t{bf967a05-0de6-11d0-a285-00aa003049e2}\r\n\t\t\t{bf9679a8-0de6-11d0-a285-00aa003049e2}\r\n\t\t{e48d0154-bcf8-11d1-8702-00c04fb96050}\r\n\t\t\t{bf967950-0de6-11d0-a285-00aa003049e2}\r\n\t\t{bc0ac240-79a9-11d0-9020-00c04fc2d4cf}\r\n\t\t\t{bf967991-0de6-11d0-a285-00aa003049e2}\r\n\t\t{ab721a53-1e2f-11d0-9819-00aa0040529b}\r\n\t\t{00299570-246d-11d0-a768-00aa006e0529}\r\n\t\t{7ed84960-ad10-11d0-8a92-00aa006e0529}\r\n""
ProcessId: '0x1c4'
AccessList: ""%%1537\r\n\t\t\t\t%%1538\r\n\t\t\t\t%%1539\r\n\t\t\t\t%%1540\r\n\t\t\t\t%%5440\r\n\t\t\t\t%%5441\r\n\t\t\t\t%%5442\r\n\t\t\t\t%%5443\r\n\t\t\t\t%%5444\r\n\t\t\t\t%%5445\r\n\t\t\t\t%%5447\r\n\t\t\t\t%%5448\r\n\t\t\t\t""
SubjectUserName: administrator
ProcessName: C:\Windows\System32\lsass.exe
"
2019-03-18T23:24:11.741725+00:00,Password Policy Enumerated,data/EVTX-ATTACK-SAMPLES/Discovery/dicovery_4661_net_group_domain_admins_target.evtx,1,Microsoft-Windows-Security-Auditing,4661,565639,WIN-77LTAPHIQ1R.example.corp,"PrivilegeList: ""ǿ\x0F-""
ObjectName: DC=example,DC=corp
AccessMask: '0x2d'
SubjectLogonId: '0x4fd77'
ObjectServer: Security Account Manager
ObjectType: SAM_DOMAIN
SubjectDomainName: EXAMPLE
RestrictedSidCount: 0
SubjectUserSid: S-1-5-21-1587066498-1489273250-1035260531-500
HandleId: '0x14c7b1f20'
TransactionId: 00000000-0000-0000-0000-000000000000
Properties: ""---\r\n\t{19195a5a-6da0-11d0-afd3-00c04fd930c9}\r\n%%1537\r\n%%1538\r\n%%1539\r\n%%1540\r\n%%5392\r\n%%5393\r\n%%5394\r\n%%5395\r\n%%5396\r\n%%5397\r\n%%5398\r\n%%5399\r\n%%5400\r\n\t\t{c7407360-20bf-11d0-a768-00aa006e0529}\r\n\t\t\t{bf9679a4-0de6-11d0-a285-00aa003049e2}\r\n\t\t\t{bf9679a5-0de6-11d0-a285-00aa003049e2}\r\n\t\t\t{bf9679a6-0de6-11d0-a285-00aa003049e2}\r\n\t\t\t{bf9679bb-0de6-11d0-a285-00aa003049e2}\r\n\t\t\t{bf9679c2-0de6-11d0-a285-00aa003049e2}\r\n\t\t\t{bf9679c3-0de6-11d0-a285-00aa003049e2}\r\n\t\t\t{bf967a09-0de6-11d0-a285-00aa003049e2}\r\n\t\t\t{bf967a0b-0de6-11d0-a285-00aa003049e2}\r\n\t\t{b8119fd0-04f6-4762-ab7a-4986c76b3f9a}\r\n\t\t\t{bf967a34-0de6-11d0-a285-00aa003049e2}\r\n\t\t\t{bf967a33-0de6-11d0-a285-00aa003049e2}\r\n\t\t\t{bf9679c5-0de6-11d0-a285-00aa003049e2}\r\n\t\t\t{bf967a61-0de6-11d0-a285-00aa003049e2}\r\n\t\t\t{bf967977-0de6-11d0-a285-00aa003049e2}\r\n\t\t\t{bf96795e-0de6-11d0-a285-00aa003049e2}\r\n\t\t\t{bf9679ea-0de6-11d0-a285-00aa003049e2}\r\n\t\t{ab721a52-1e2f-11d0-9819-00aa0040529b}\r\n""
ProcessId: '0x1c4'
AccessList: ""%%1537\r\n\t\t\t\t%%1538\r\n\t\t\t\t%%1539\r\n\t\t\t\t%%1540\r\n\t\t\t\t%%5392\r\n\t\t\t\t%%5393\r\n\t\t\t\t%%5394\r\n\t\t\t\t%%5395\r\n\t\t\t\t%%5396\r\n\t\t\t\t%%5397\r\n\t\t\t\t%%5398\r\n\t\t\t\t%%5399\r\n\t\t\t\t%%5400\r\n\t\t\t\t""
SubjectUserName: administrator
ProcessName: C:\Windows\System32\lsass.exe
"
2019-03-18T23:24:11.741725+00:00,Password Policy Enumerated,data/EVTX-ATTACK-SAMPLES/Discovery/dicovery_4661_net_group_domain_admins_target.evtx,1,Microsoft-Windows-Security-Auditing,4661,565640,WIN-77LTAPHIQ1R.example.corp,"PrivilegeList: ""ǿ\x0F-""
ObjectName: CN=Builtin,DC=example,DC=corp
AccessMask: '0x2d'
SubjectLogonId: '0x4fd77'
ObjectServer: Security Account Manager
ObjectType: SAM_DOMAIN
SubjectDomainName: EXAMPLE
RestrictedSidCount: 0
SubjectUserSid: S-1-5-21-1587066498-1489273250-1035260531-500
HandleId: '0x14c7b23b0'
TransactionId: 00000000-0000-0000-0000-000000000000
Properties: ""---\r\n\t{19195a5a-6da0-11d0-afd3-00c04fd930c9}\r\n%%1537\r\n%%1538\r\n%%1539\r\n%%1540\r\n%%5392\r\n%%5393\r\n%%5394\r\n%%5395\r\n%%5396\r\n%%5397\r\n%%5398\r\n%%5399\r\n%%5400\r\n\t\t{c7407360-20bf-11d0-a768-00aa006e0529}\r\n\t\t\t{bf9679a4-0de6-11d0-a285-00aa003049e2}\r\n\t\t\t{bf9679a5-0de6-11d0-a285-00aa003049e2}\r\n\t\t\t{bf9679a6-0de6-11d0-a285-00aa003049e2}\r\n\t\t\t{bf9679bb-0de6-11d0-a285-00aa003049e2}\r\n\t\t\t{bf9679c2-0de6-11d0-a285-00aa003049e2}\r\n\t\t\t{bf9679c3-0de6-11d0-a285-00aa003049e2}\r\n\t\t\t{bf967a09-0de6-11d0-a285-00aa003049e2}\r\n\t\t\t{bf967a0b-0de6-11d0-a285-00aa003049e2}\r\n\t\t{b8119fd0-04f6-4762-ab7a-4986c76b3f9a}\r\n\t\t\t{bf967a34-0de6-11d0-a285-00aa003049e2}\r\n\t\t\t{bf967a33-0de6-11d0-a285-00aa003049e2}\r\n\t\t\t{bf9679c5-0de6-11d0-a285-00aa003049e2}\r\n\t\t\t{bf967a61-0de6-11d0-a285-00aa003049e2}\r\n\t\t\t{bf967977-0de6-11d0-a285-00aa003049e2}\r\n\t\t\t{bf96795e-0de6-11d0-a285-00aa003049e2}\r\n\t\t\t{bf9679ea-0de6-11d0-a285-00aa003049e2}\r\n\t\t{ab721a52-1e2f-11d0-9819-00aa0040529b}\r\n""
ProcessId: '0x1c4'
AccessList: ""%%1537\r\n\t\t\t\t%%1538\r\n\t\t\t\t%%1539\r\n\t\t\t\t%%1540\r\n\t\t\t\t%%5392\r\n\t\t\t\t%%5393\r\n\t\t\t\t%%5394\r\n\t\t\t\t%%5395\r\n\t\t\t\t%%5396\r\n\t\t\t\t%%5397\r\n\t\t\t\t%%5398\r\n\t\t\t\t%%5399\r\n\t\t\t\t%%5400\r\n\t\t\t\t""
SubjectUserName: administrator
ProcessName: C:\Windows\System32\lsass.exe
"
2019-03-18T23:24:15.662977+00:00,AD Privileged Users or Groups Reconnaissance;Reconnaissance Activity,data/EVTX-ATTACK-SAMPLES/Discovery/dicovery_4661_net_group_domain_admins_target.evtx,1,Microsoft-Windows-Security-Auditing,4661,565648,WIN-77LTAPHIQ1R.example.corp,"PrivilegeList: ""ƿ\x0F-""
ObjectName: S-1-5-21-1587066498-1489273250-1035260531-500
AccessMask: '0x2d'
SubjectLogonId: '0x4fd77'
ObjectServer: Security Account Manager
ObjectType: SAM_USER
SubjectDomainName: EXAMPLE
RestrictedSidCount: 0
SubjectUserSid: S-1-5-21-1587066498-1489273250-1035260531-500
HandleId: '0x14c7b1600'
TransactionId: 00000000-0000-0000-0000-000000000000
Properties: ""---\r\n\t{bf967aba-0de6-11d0-a285-00aa003049e2}\r\n%%1537\r\n%%1538\r\n%%1539\r\n%%1540\r\n%%5440\r\n%%5441\r\n%%5442\r\n%%5443\r\n%%5444\r\n%%5445\r\n%%5447\r\n%%5448\r\n\t\t{59ba2f42-79a2-11d0-9020-00c04fc2d3cf}\r\n\t\t\t{bf967938-0de6-11d0-a285-00aa003049e2}\r\n\t\t\t{5fd42471-1262-11d0-a060-00aa006c33ed}\r\n\t\t\t{bf9679e8-0de6-11d0-a285-00aa003049e2}\r\n\t\t\t{bf967a00-0de6-11d0-a285-00aa003049e2}\r\n\t\t\t{3e0abfd0-126a-11d0-a060-00aa006c33ed}\r\n\t\t\t{bf967a6a-0de6-11d0-a285-00aa003049e2}\r\n\t\t\t{bf967953-0de6-11d0-a285-00aa003049e2}\r\n\t\t{4c164200-20c0-11d0-a768-00aa006e0529}\r\n\t\t\t{bf967915-0de6-11d0-a285-00aa003049e2}\r\n\t\t\t{bf967a0a-0de6-11d0-a285-00aa003049e2}\r\n\t\t\t{bf967a68-0de6-11d0-a285-00aa003049e2}\r\n\t\t\t{bf967a6d-0de6-11d0-a285-00aa003049e2}\r\n\t\t{5f202010-79a5-11d0-9020-00c04fc2d4cf}\r\n\t\t\t{bf96792e-0de6-11d0-a285-00aa003049e2}\r\n\t\t\t{bf967985-0de6-11d0-a285-00aa003049e2}\r\n\t\t\t{bf967986-0de6-11d0-a285-00aa003049e2}\r\n\t\t\t{bf967996-0de6-11d0-a285-00aa003049e2}\r\n\t\t\t{bf967997-0de6-11d0-a285-00aa003049e2}\r\n\t\t\t{bf9679aa-0de6-11d0-a285-00aa003049e2}\r\n\t\t\t{bf9679ab-0de6-11d0-a285-00aa003049e2}\r\n\t\t\t{bf9679ac-0de6-11d0-a285-00aa003049e2}\r\n\t\t\t{bf967a05-0de6-11d0-a285-00aa003049e2}\r\n\t\t\t{bf9679a8-0de6-11d0-a285-00aa003049e2}\r\n\t\t{e48d0154-bcf8-11d1-8702-00c04fb96050}\r\n\t\t\t{bf967950-0de6-11d0-a285-00aa003049e2}\r\n\t\t{bc0ac240-79a9-11d0-9020-00c04fc2d4cf}\r\n\t\t\t{bf967991-0de6-11d0-a285-00aa003049e2}\r\n\t\t{ab721a53-1e2f-11d0-9819-00aa0040529b}\r\n\t\t{00299570-246d-11d0-a768-00aa006e0529}\r\n\t\t{7ed84960-ad10-11d0-8a92-00aa006e0529}\r\n""
ProcessId: '0x1c4'
AccessList: ""%%1537\r\n\t\t\t\t%%1538\r\n\t\t\t\t%%1539\r\n\t\t\t\t%%1540\r\n\t\t\t\t%%5440\r\n\t\t\t\t%%5441\r\n\t\t\t\t%%5442\r\n\t\t\t\t%%5443\r\n\t\t\t\t%%5444\r\n\t\t\t\t%%5445\r\n\t\t\t\t%%5447\r\n\t\t\t\t%%5448\r\n\t\t\t\t""
SubjectUserName: administrator
ProcessName: C:\Windows\System32\lsass.exe
"
