2019-08-03T11:23:18.715586+00:00,Hacktool - EDR-Freeze Execution;UAC Bypass Using NTFS Reparse Point - Process,data/EVTX-ATTACK-SAMPLES/Privilege Escalation/Sysmon_UACME_30.evtx,1,Microsoft-Windows-Sysmon,1,5408,MSEDGEWIN10,"Image: C:\Windows\SysWOW64\WerFault.exe
RuleName: ''
Description: Windows Problem Reporting
TerminalSessionId: 1
ParentCommandLine: '""C:\Windows\syswow64\wusa.exe"" '
Product: Microsoft® Windows® Operating System
Company: Microsoft Corporation
ParentProcessId: 6312
LogonGuid: 747F3D96-56A3-5D45-0000-0020B3D31800
Hashes: SHA1=D8000328D7827A1C530EF27E46042D54CC1007D7,MD5=3CB8199FC84C371ECDE5D36C0C3934A6,SHA256=85F6C2C06213B05B649F98DDA99BE8ECCCF6DBBB6A849CD8C125CCFE9D887CE7,IMPHASH=8CA25EF4E2120830573EA5E06AD5B104
ParentProcessGuid: 747F3D96-6EA5-5D45-0000-0010C5C4E100
ProcessId: 4348
CurrentDirectory: C:\Windows\system32\
ProcessGuid: 747F3D96-6EA5-5D45-0000-00107CCEE100
CommandLine: C:\Windows\SysWOW64\WerFault.exe -u -p 6312 -s 80
FileVersion: 10.0.17763.503 (WinBuild.160101.0800)
User: MSEDGEWIN10\IEUser
LogonId: '0x18d3b3'
IntegrityLevel: High
ParentImage: C:\Windows\SysWOW64\wusa.exe
UtcTime: 2019-08-03 11:23:17.654
"
2019-08-03T11:23:18.803792+00:00,Potential DLL Sideloading Of Non-Existent DLLs From System Folders,data/EVTX-ATTACK-SAMPLES/Privilege Escalation/Sysmon_UACME_30.evtx,1,Microsoft-Windows-Sysmon,7,5409,MSEDGEWIN10,"Image: C:\Windows\SysWOW64\WerFault.exe
Signature: ''
Hashes: SHA1=F26AD3298954CE6C5D01DC0ACC2B4A516554B430,MD5=7B97BFB44F4B8163AC336B0C85F62763,SHA256=5B08DFA2FA7CC474632485F1EC66CDCC0EEC9560C3630C1A8588EE345153209D,IMPHASH=3432208F552ABE01A0293828CD0796BE
RuleName: PrivEsc - DLL Hijack - UACME 30
Description: UACMe WOW64 logger DLL
ProcessId: 4768
SignatureStatus: Unavailable
ProcessGuid: 747F3D96-6EA5-5D45-0000-0010EED0E100
Signed: 'false'
FileVersion: 3.1.8.1904
ImageLoaded: C:\Windows\System32\wow64log.dll
Product: UACMe
Company: Hazardous Environments
UtcTime: 2019-08-03 11:23:17.687
"
2019-08-03T11:23:18.824713+00:00,HackTool - CrackMapExec Process Patterns;Hacktool - EDR-Freeze Execution;UAC Bypass Using NTFS Reparse Point - Process;Unusual Parent Process For Cmd.EXE,data/EVTX-ATTACK-SAMPLES/Privilege Escalation/Sysmon_UACME_30.evtx,1,Microsoft-Windows-Sysmon,1,5410,MSEDGEWIN10,"Image: C:\Windows\System32\cmd.exe
RuleName: ''
Description: Windows Command Processor
TerminalSessionId: 1
ParentCommandLine: C:\Windows\SysWOW64\WerFault.exe -pss -s 512 -p 4348 -ip 4348
Product: Microsoft® Windows® Operating System
Company: Microsoft Corporation
ParentProcessId: 4768
LogonGuid: 747F3D96-D4E9-5D45-0000-0020E7030000
Hashes: SHA1=8C5437CD76A89EC983E3B364E219944DA3DAB464,MD5=975B45B669930B0CC773EAF2B414206F,SHA256=3656F37A1C6951EC4496FABB8EE957D3A6E3C276D5A3785476B482C9C0D32EA2,IMPHASH=272245E2988E1E430500B852C4FB5E18
ParentProcessGuid: 747F3D96-6EA5-5D45-0000-0010EED0E100
ProcessId: 7844
CurrentDirectory: C:\Windows\system32\
ProcessGuid: 747F3D96-6EA5-5D45-0000-00108FD3E100
CommandLine: '""C:\Windows\system32\cmd.exe""'
FileVersion: 10.0.17763.1 (WinBuild.160101.0800)
User: NT AUTHORITY\SYSTEM
LogonId: '0x3e7'
IntegrityLevel: System
ParentImage: C:\Windows\SysWOW64\WerFault.exe
UtcTime: 2019-08-03 11:23:17.702
"
2019-08-03T12:06:53.680435+00:00,HackTool - UACMe Akagi Execution;Hacktool - EDR-Freeze Execution,data/EVTX-ATTACK-SAMPLES/Privilege Escalation/Sysmon_UACME_23.evtx,1,Microsoft-Windows-Sysmon,1,5428,MSEDGEWIN10,"Image: C:\Users\IEUser\Desktop\UACME.exe
RuleName: ''
Description: UACMe main module
TerminalSessionId: 1
ParentCommandLine: '""C:\Windows\system32\cmd.exe"" '
Product: UACMe
Company: Hazardous Environments
ParentProcessId: 5780
LogonGuid: 747F3D96-56A3-5D45-0000-0020FBD31800
Hashes: SHA1=9E57914D39FBFE785C915E225011892613C4714C,MD5=D57E778DF10F801F47119A04BE990FFD,SHA256=D76815CE3F4B9FE7A611D6F536F65AF313E2AB2F8BB52EF0998487D89A6E7378,IMPHASH=B6789EDFE23DDA911AE37C87444D3DCB
ParentProcessGuid: 747F3D96-5A29-5D45-0000-0010DEB99000
ProcessId: 5080
CurrentDirectory: C:\Users\IEUser\Desktop\
ProcessGuid: 747F3D96-78DD-5D45-0000-0010B8A50301
CommandLine: UACME.exe  23
FileVersion: 3.1.9.1905
User: MSEDGEWIN10\IEUser
LogonId: '0x18d3fb'
IntegrityLevel: Medium
ParentImage: C:\Windows\System32\cmd.exe
UtcTime: 2019-08-03 12:06:53.665
"
2019-08-03T12:06:53.933988+00:00,UAC Bypass Using Windows Media Player - File,data/EVTX-ATTACK-SAMPLES/Privilege Escalation/Sysmon_UACME_23.evtx,1,Microsoft-Windows-Sysmon,11,5429,MSEDGEWIN10,"ProcessGuid: 747F3D96-78DD-5D45-0000-0010B8A50301
CreationUtcTime: 2019-08-03 12:06:53.846
UtcTime: 2019-08-03 12:06:53.846
ProcessId: 5080
RuleName: PrivEsc - UAC Bypass UACME 23
TargetFilename: C:\Users\IEUser\AppData\Local\Temp\dismcore.dll
Image: C:\Windows\explorer.exe
"
2019-08-03T12:06:53.943772+00:00,HackTool - CrackMapExec Process Patterns;Hacktool - EDR-Freeze Execution;UAC Bypass Using NTFS Reparse Point - Process,data/EVTX-ATTACK-SAMPLES/Privilege Escalation/Sysmon_UACME_23.evtx,1,Microsoft-Windows-Sysmon,1,5430,MSEDGEWIN10,"Image: C:\Windows\System32\consent.exe
RuleName: ''
Description: Consent UI for administrative applications
TerminalSessionId: 1
ParentCommandLine: C:\Windows\system32\svchost.exe -k netsvcs -p -s Appinfo
Product: Microsoft® Windows® Operating System
Company: Microsoft Corporation
ParentProcessId: 896
LogonGuid: 747F3D96-D4E9-5D45-0000-0020E7030000
Hashes: SHA1=9329B2362078DE27242DD4534F588AF3264BF0BF,MD5=27992D7EBE51AEC655A088DE88BAD5C9,SHA256=8F112431143A22BAAAFB448EEFD63BF90E7691C890AC69A296574FD07BA03EC6,IMPHASH=522D83761201075834F05037F5307949
ParentProcessGuid: 747F3D96-5769-5D45-0000-001044E83300
ProcessId: 7560
CurrentDirectory: C:\Windows\system32\
ProcessGuid: 747F3D96-78DD-5D45-0000-0010B7B10301
CommandLine: consent.exe 896 272 00000280644BCAF0
FileVersion: 10.0.17763.1 (WinBuild.160101.0800)
User: NT AUTHORITY\SYSTEM
LogonId: '0x3e7'
IntegrityLevel: System
ParentImage: C:\Windows\System32\svchost.exe
UtcTime: 2019-08-03 12:06:53.876
"
2019-08-03T12:06:54.900550+00:00,Hacktool - EDR-Freeze Execution,data/EVTX-ATTACK-SAMPLES/Privilege Escalation/Sysmon_UACME_23.evtx,1,Microsoft-Windows-Sysmon,1,5431,MSEDGEWIN10,"Image: C:\Windows\System32\PkgMgr.exe
RuleName: ''
Description: Windows Package Manager
TerminalSessionId: 1
ParentCommandLine: UACME.exe  23
Product: Microsoft® Windows® Operating System
Company: Microsoft Corporation
ParentProcessId: 5080
LogonGuid: 747F3D96-56A3-5D45-0000-0020FBD31800
Hashes: SHA1=6D3027D9187F38F4B10047A6E9194FC2B409B08C,MD5=DDE0B63F2E276B969C9C1E6983990CB2,SHA256=5BED2AA29ECB2AEF1A41E8B33A0CEFD32DDEFBFA1F7767430A311C064CF13D67,IMPHASH=BEE03492F0B5EDD4B94BB7DD6E56B8A1
ParentProcessGuid: 747F3D96-78DD-5D45-0000-0010B8A50301
ProcessId: 3876
CurrentDirectory: C:\Users\IEUser\Desktop\
ProcessGuid: 747F3D96-78DE-5D45-0000-0010B3F60301
CommandLine: '""C:\Windows\system32\pkgmgr.exe"" /n:C:\Users\IEUser\AppData\Local\Temp\oemsetup.xml'
FileVersion: 10.0.17763.1 (WinBuild.160101.0800)
User: MSEDGEWIN10\IEUser
LogonId: '0x18d3fb'
IntegrityLevel: Medium
ParentImage: C:\Users\IEUser\Desktop\UACME.exe
UtcTime: 2019-08-03 12:06:54.873
"
2019-08-03T12:06:54.972194+00:00,HackTool - CrackMapExec Process Patterns;Hacktool - EDR-Freeze Execution;UAC Bypass Using NTFS Reparse Point - Process,data/EVTX-ATTACK-SAMPLES/Privilege Escalation/Sysmon_UACME_23.evtx,1,Microsoft-Windows-Sysmon,1,5432,MSEDGEWIN10,"Image: C:\Windows\System32\consent.exe
RuleName: ''
Description: Consent UI for administrative applications
TerminalSessionId: 1
ParentCommandLine: C:\Windows\system32\svchost.exe -k netsvcs -p -s Appinfo
Product: Microsoft® Windows® Operating System
Company: Microsoft Corporation
ParentProcessId: 896
LogonGuid: 747F3D96-D4E9-5D45-0000-0020E7030000
Hashes: SHA1=9329B2362078DE27242DD4534F588AF3264BF0BF,MD5=27992D7EBE51AEC655A088DE88BAD5C9,SHA256=8F112431143A22BAAAFB448EEFD63BF90E7691C890AC69A296574FD07BA03EC6,IMPHASH=522D83761201075834F05037F5307949
ParentProcessGuid: 747F3D96-5769-5D45-0000-001044E83300
ProcessId: 2040
CurrentDirectory: C:\Windows\system32\
ProcessGuid: 747F3D96-78DE-5D45-0000-0010FFFE0301
CommandLine: consent.exe 896 406 000002806444C740
FileVersion: 10.0.17763.1 (WinBuild.160101.0800)
User: NT AUTHORITY\SYSTEM
LogonId: '0x3e7'
IntegrityLevel: System
ParentImage: C:\Windows\System32\svchost.exe
UtcTime: 2019-08-03 12:06:54.964
"
2019-08-03T12:06:55.455099+00:00,Hacktool - EDR-Freeze Execution;UAC Bypass Using NTFS Reparse Point - Process,data/EVTX-ATTACK-SAMPLES/Privilege Escalation/Sysmon_UACME_23.evtx,1,Microsoft-Windows-Sysmon,1,5433,MSEDGEWIN10,"Image: C:\Windows\System32\PkgMgr.exe
RuleName: ''
Description: Windows Package Manager
TerminalSessionId: 1
ParentCommandLine: UACME.exe  23
Product: Microsoft® Windows® Operating System
Company: Microsoft Corporation
ParentProcessId: 5080
LogonGuid: 747F3D96-56A3-5D45-0000-0020B3D31800
Hashes: SHA1=6D3027D9187F38F4B10047A6E9194FC2B409B08C,MD5=DDE0B63F2E276B969C9C1E6983990CB2,SHA256=5BED2AA29ECB2AEF1A41E8B33A0CEFD32DDEFBFA1F7767430A311C064CF13D67,IMPHASH=BEE03492F0B5EDD4B94BB7DD6E56B8A1
ParentProcessGuid: 747F3D96-78DD-5D45-0000-0010B8A50301
ProcessId: 216
CurrentDirectory: C:\Windows\system32\
ProcessGuid: 747F3D96-78DF-5D45-0000-0010622F0401
CommandLine: '""C:\Windows\system32\pkgmgr.exe"" /n:C:\Users\IEUser\AppData\Local\Temp\oemsetup.xml'
FileVersion: 10.0.17763.1 (WinBuild.160101.0800)
User: MSEDGEWIN10\IEUser
LogonId: '0x18d3b3'
IntegrityLevel: High
ParentImage: C:\Users\IEUser\Desktop\UACME.exe
UtcTime: 2019-08-03 12:06:55.305
"
2019-08-03T12:06:55.620600+00:00,Hacktool - EDR-Freeze Execution;UAC Bypass Using NTFS Reparse Point - Process;UAC Bypass Using PkgMgr and DISM,data/EVTX-ATTACK-SAMPLES/Privilege Escalation/Sysmon_UACME_23.evtx,1,Microsoft-Windows-Sysmon,1,5434,MSEDGEWIN10,"Image: C:\Windows\System32\Dism.exe
RuleName: ''
Description: Dism Image Servicing Utility
TerminalSessionId: 1
ParentCommandLine: '""C:\Windows\system32\pkgmgr.exe"" /n:C:\Users\IEUser\AppData\Local\Temp\oemsetup.xml'
Product: Microsoft® Windows® Operating System
Company: Microsoft Corporation
ParentProcessId: 216
LogonGuid: 747F3D96-56A3-5D45-0000-0020B3D31800
Hashes: SHA1=0E1605A2115AE2AF4D95CF4D613E9F4C35C2832B,MD5=5DA4BB31F15D76DBE31CE8C170A9930D,SHA256=34FEEB2ED81F9B52A03DD33A46A382883DA0B27CF1026F26C63DF8DB3814B196,IMPHASH=497B8A05ACC6B88AC41DD94255FC8AFF
ParentProcessGuid: 747F3D96-78DF-5D45-0000-0010622F0401
ProcessId: 5756
CurrentDirectory: C:\Windows\system32\
ProcessGuid: 747F3D96-78DF-5D45-0000-0010BD350401
CommandLine: '""C:\Windows\system32\dism.exe"" /online /norestart /apply-unattend:""C:\Users\IEUser\AppData\Local\Temp\oemsetup.xml""'
FileVersion: 10.0.17763.1 (WinBuild.160101.0800)
User: MSEDGEWIN10\IEUser
LogonId: '0x18d3b3'
IntegrityLevel: High
ParentImage: C:\Windows\System32\PkgMgr.exe
UtcTime: 2019-08-03 12:06:55.343
"
2019-08-03T12:06:55.820406+00:00,Hacktool - EDR-Freeze Execution;UAC Bypass Using NTFS Reparse Point - Process,data/EVTX-ATTACK-SAMPLES/Privilege Escalation/Sysmon_UACME_23.evtx,1,Microsoft-Windows-Sysmon,1,5435,MSEDGEWIN10,"Image: C:\Windows\System32\cmd.exe
RuleName: ''
Description: Windows Command Processor
TerminalSessionId: 1
ParentCommandLine: '""C:\Windows\system32\dism.exe"" /online /norestart /apply-unattend:""C:\Users\IEUser\AppData\Local\Temp\oemsetup.xml""'
Product: Microsoft® Windows® Operating System
Company: Microsoft Corporation
ParentProcessId: 5756
LogonGuid: 747F3D96-56A3-5D45-0000-0020B3D31800
Hashes: SHA1=8C5437CD76A89EC983E3B364E219944DA3DAB464,MD5=975B45B669930B0CC773EAF2B414206F,SHA256=3656F37A1C6951EC4496FABB8EE957D3A6E3C276D5A3785476B482C9C0D32EA2,IMPHASH=272245E2988E1E430500B852C4FB5E18
ParentProcessGuid: 747F3D96-78DF-5D45-0000-0010BD350401
ProcessId: 4320
CurrentDirectory: C:\Windows\system32\
ProcessGuid: 747F3D96-78DF-5D45-0000-0010EF400401
CommandLine: '""C:\Windows\system32\cmd.exe""'
FileVersion: 10.0.17763.1 (WinBuild.160101.0800)
User: MSEDGEWIN10\IEUser
LogonId: '0x18d3b3'
IntegrityLevel: High
ParentImage: C:\Windows\System32\Dism.exe
UtcTime: 2019-08-03 12:06:55.471
"
2019-08-03T12:08:13.636089+00:00,HackTool - UACMe Akagi Execution;Hacktool - EDR-Freeze Execution,data/EVTX-ATTACK-SAMPLES/Privilege Escalation/Sysmon_UACME_22.evtx,1,Microsoft-Windows-Sysmon,1,5437,MSEDGEWIN10,"Image: C:\Users\IEUser\Desktop\UACME.exe
RuleName: ''
Description: UACMe main module
TerminalSessionId: 1
ParentCommandLine: '""C:\Windows\system32\cmd.exe"" '
Product: UACMe
Company: Hazardous Environments
ParentProcessId: 5780
LogonGuid: 747F3D96-56A3-5D45-0000-0020FBD31800
Hashes: SHA1=9E57914D39FBFE785C915E225011892613C4714C,MD5=D57E778DF10F801F47119A04BE990FFD,SHA256=D76815CE3F4B9FE7A611D6F536F65AF313E2AB2F8BB52EF0998487D89A6E7378,IMPHASH=B6789EDFE23DDA911AE37C87444D3DCB
ParentProcessGuid: 747F3D96-5A29-5D45-0000-0010DEB99000
ProcessId: 5336
CurrentDirectory: C:\Users\IEUser\Desktop\
ProcessGuid: 747F3D96-792D-5D45-0000-00104F190601
CommandLine: UACME.exe  22
FileVersion: 3.1.9.1905
User: MSEDGEWIN10\IEUser
LogonId: '0x18d3fb'
IntegrityLevel: Medium
ParentImage: C:\Windows\System32\cmd.exe
UtcTime: 2019-08-03 12:08:13.624
"
2019-08-03T12:08:13.818381+00:00,UAC Bypass Using Windows Media Player - File,data/EVTX-ATTACK-SAMPLES/Privilege Escalation/Sysmon_UACME_22.evtx,1,Microsoft-Windows-Sysmon,11,5438,MSEDGEWIN10,"ProcessGuid: 747F3D96-792D-5D45-0000-00104F190601
CreationUtcTime: 2019-08-03 12:08:13.721
UtcTime: 2019-08-03 12:08:13.721
ProcessId: 5336
RuleName: PrivEsc - UAC Bypass UACME 22
TargetFilename: C:\Users\IEUser\AppData\Local\Temp\comctl32.dll
Image: C:\Windows\explorer.exe
"
2019-08-03T12:08:13.874888+00:00,HackTool - CrackMapExec Process Patterns;Hacktool - EDR-Freeze Execution;UAC Bypass Using NTFS Reparse Point - Process,data/EVTX-ATTACK-SAMPLES/Privilege Escalation/Sysmon_UACME_22.evtx,1,Microsoft-Windows-Sysmon,1,5439,MSEDGEWIN10,"Image: C:\Windows\System32\consent.exe
RuleName: ''
Description: Consent UI for administrative applications
TerminalSessionId: 1
ParentCommandLine: C:\Windows\system32\svchost.exe -k netsvcs -p -s Appinfo
Product: Microsoft® Windows® Operating System
Company: Microsoft Corporation
ParentProcessId: 896
LogonGuid: 747F3D96-D4E9-5D45-0000-0020E7030000
Hashes: SHA1=9329B2362078DE27242DD4534F588AF3264BF0BF,MD5=27992D7EBE51AEC655A088DE88BAD5C9,SHA256=8F112431143A22BAAAFB448EEFD63BF90E7691C890AC69A296574FD07BA03EC6,IMPHASH=522D83761201075834F05037F5307949
ParentProcessGuid: 747F3D96-5769-5D45-0000-001044E83300
ProcessId: 7472
CurrentDirectory: C:\Windows\system32\
ProcessGuid: 747F3D96-792D-5D45-0000-00107A250601
CommandLine: consent.exe 896 272 00000280644BC3D0
FileVersion: 10.0.17763.1 (WinBuild.160101.0800)
User: NT AUTHORITY\SYSTEM
LogonId: '0x3e7'
IntegrityLevel: System
ParentImage: C:\Windows\System32\svchost.exe
UtcTime: 2019-08-03 12:08:13.760
"
2019-08-03T12:08:14.372735+00:00,HackTool - CrackMapExec Process Patterns;Hacktool - EDR-Freeze Execution;UAC Bypass Using NTFS Reparse Point - Process,data/EVTX-ATTACK-SAMPLES/Privilege Escalation/Sysmon_UACME_22.evtx,1,Microsoft-Windows-Sysmon,1,5440,MSEDGEWIN10,"Image: C:\Windows\System32\consent.exe
RuleName: ''
Description: Consent UI for administrative applications
TerminalSessionId: 1
ParentCommandLine: C:\Windows\system32\svchost.exe -k netsvcs -p -s Appinfo
Product: Microsoft® Windows® Operating System
Company: Microsoft Corporation
ParentProcessId: 896
LogonGuid: 747F3D96-D4E9-5D45-0000-0020E7030000
Hashes: SHA1=9329B2362078DE27242DD4534F588AF3264BF0BF,MD5=27992D7EBE51AEC655A088DE88BAD5C9,SHA256=8F112431143A22BAAAFB448EEFD63BF90E7691C890AC69A296574FD07BA03EC6,IMPHASH=522D83761201075834F05037F5307949
ParentProcessGuid: 747F3D96-5769-5D45-0000-001044E83300
ProcessId: 6716
CurrentDirectory: C:\Windows\system32\
ProcessGuid: 747F3D96-792E-5D45-0000-001001560601
CommandLine: consent.exe 896 272 00000280644BC9C0
FileVersion: 10.0.17763.1 (WinBuild.160101.0800)
User: NT AUTHORITY\SYSTEM
LogonId: '0x3e7'
IntegrityLevel: System
ParentImage: C:\Windows\System32\svchost.exe
UtcTime: 2019-08-03 12:08:14.368
"
2019-08-03T12:08:14.977321+00:00,HackTool - CrackMapExec Process Patterns;Hacktool - EDR-Freeze Execution;UAC Bypass Using NTFS Reparse Point - Process,data/EVTX-ATTACK-SAMPLES/Privilege Escalation/Sysmon_UACME_22.evtx,1,Microsoft-Windows-Sysmon,1,5441,MSEDGEWIN10,"Image: C:\Windows\System32\consent.exe
RuleName: ''
Description: Consent UI for administrative applications
TerminalSessionId: 1
ParentCommandLine: C:\Windows\system32\svchost.exe -k netsvcs -p -s Appinfo
Product: Microsoft® Windows® Operating System
Company: Microsoft Corporation
ParentProcessId: 896
LogonGuid: 747F3D96-D4E9-5D45-0000-0020E7030000
Hashes: SHA1=9329B2362078DE27242DD4534F588AF3264BF0BF,MD5=27992D7EBE51AEC655A088DE88BAD5C9,SHA256=8F112431143A22BAAAFB448EEFD63BF90E7691C890AC69A296574FD07BA03EC6,IMPHASH=522D83761201075834F05037F5307949
ParentProcessGuid: 747F3D96-5769-5D45-0000-001044E83300
ProcessId: 8072
CurrentDirectory: C:\Windows\system32\
ProcessGuid: 747F3D96-792E-5D45-0000-00104A760601
CommandLine: consent.exe 896 272 00000280644BC890
FileVersion: 10.0.17763.1 (WinBuild.160101.0800)
User: NT AUTHORITY\SYSTEM
LogonId: '0x3e7'
IntegrityLevel: System
ParentImage: C:\Windows\System32\svchost.exe
UtcTime: 2019-08-03 12:08:14.972
"
2019-08-03T12:08:15.664607+00:00,HackTool - CrackMapExec Process Patterns;Hacktool - EDR-Freeze Execution;UAC Bypass Using NTFS Reparse Point - Process,data/EVTX-ATTACK-SAMPLES/Privilege Escalation/Sysmon_UACME_22.evtx,1,Microsoft-Windows-Sysmon,1,5442,MSEDGEWIN10,"Image: C:\Windows\System32\consent.exe
RuleName: ''
Description: Consent UI for administrative applications
TerminalSessionId: 1
ParentCommandLine: C:\Windows\system32\svchost.exe -k netsvcs -p -s Appinfo
Product: Microsoft® Windows® Operating System
Company: Microsoft Corporation
ParentProcessId: 896
LogonGuid: 747F3D96-D4E9-5D45-0000-0020E7030000
Hashes: SHA1=9329B2362078DE27242DD4534F588AF3264BF0BF,MD5=27992D7EBE51AEC655A088DE88BAD5C9,SHA256=8F112431143A22BAAAFB448EEFD63BF90E7691C890AC69A296574FD07BA03EC6,IMPHASH=522D83761201075834F05037F5307949
ParentProcessGuid: 747F3D96-5769-5D45-0000-001044E83300
ProcessId: 2388
CurrentDirectory: C:\Windows\system32\
ProcessGuid: 747F3D96-792F-5D45-0000-00103DA80601
CommandLine: consent.exe 896 272 00000280644BC170
FileVersion: 10.0.17763.1 (WinBuild.160101.0800)
User: NT AUTHORITY\SYSTEM
LogonId: '0x3e7'
IntegrityLevel: System
ParentImage: C:\Windows\System32\svchost.exe
UtcTime: 2019-08-03 12:08:15.660
"
2019-08-03T12:08:16.721580+00:00,Hacktool - EDR-Freeze Execution,data/EVTX-ATTACK-SAMPLES/Privilege Escalation/Sysmon_UACME_22.evtx,1,Microsoft-Windows-Sysmon,1,5443,MSEDGEWIN10,"Image: C:\Windows\System32\eventvwr.exe
RuleName: ''
Description: Event Viewer Snapin Launcher
TerminalSessionId: 1
ParentCommandLine: UACME.exe  22
Product: Microsoft® Windows® Operating System
Company: Microsoft Corporation
ParentProcessId: 5336
LogonGuid: 747F3D96-56A3-5D45-0000-0020FBD31800
Hashes: SHA1=1AF3BB8D63A0ED48DF1F1706B791404DEE28524F,MD5=43129C3BFC9746CE9FFE8E45D10FE050,SHA256=BC87E4F462F00B826EC09AC16B625D0F70439C48FC04A52A41B4CD9E78401F70,IMPHASH=5843AE9886BB500E05E07EE59BB5AD42
ParentProcessGuid: 747F3D96-792D-5D45-0000-00104F190601
ProcessId: 4604
CurrentDirectory: C:\Users\IEUser\Desktop\
ProcessGuid: 747F3D96-7930-5D45-0000-001027DC0601
CommandLine: '""C:\Windows\system32\eventvwr.exe"" '
FileVersion: 10.0.17763.1 (WinBuild.160101.0800)
User: MSEDGEWIN10\IEUser
LogonId: '0x18d3fb'
IntegrityLevel: Medium
ParentImage: C:\Users\IEUser\Desktop\UACME.exe
UtcTime: 2019-08-03 12:08:16.350
"
2019-08-03T12:08:16.753775+00:00,HackTool - CrackMapExec Process Patterns;Hacktool - EDR-Freeze Execution;UAC Bypass Using NTFS Reparse Point - Process,data/EVTX-ATTACK-SAMPLES/Privilege Escalation/Sysmon_UACME_22.evtx,1,Microsoft-Windows-Sysmon,1,5444,MSEDGEWIN10,"Image: C:\Windows\System32\consent.exe
RuleName: ''
Description: Consent UI for administrative applications
TerminalSessionId: 1
ParentCommandLine: C:\Windows\system32\svchost.exe -k netsvcs -p -s Appinfo
Product: Microsoft® Windows® Operating System
Company: Microsoft Corporation
ParentProcessId: 896
LogonGuid: 747F3D96-D4E9-5D45-0000-0020E7030000
Hashes: SHA1=9329B2362078DE27242DD4534F588AF3264BF0BF,MD5=27992D7EBE51AEC655A088DE88BAD5C9,SHA256=8F112431143A22BAAAFB448EEFD63BF90E7691C890AC69A296574FD07BA03EC6,IMPHASH=522D83761201075834F05037F5307949
ParentProcessGuid: 747F3D96-5769-5D45-0000-001044E83300
ProcessId: 4740
CurrentDirectory: C:\Windows\system32\
ProcessGuid: 747F3D96-7930-5D45-0000-001055DE0601
CommandLine: consent.exe 896 318 0000028064471300
FileVersion: 10.0.17763.1 (WinBuild.160101.0800)
User: NT AUTHORITY\SYSTEM
LogonId: '0x3e7'
IntegrityLevel: System
ParentImage: C:\Windows\System32\svchost.exe
UtcTime: 2019-08-03 12:08:16.399
"
2019-08-03T12:08:16.853765+00:00,HackTool - CrackMapExec Process Patterns;Hacktool - EDR-Freeze Execution;UAC Bypass Using Consent and Comctl32 - Process;UAC Bypass Using NTFS Reparse Point - Process,data/EVTX-ATTACK-SAMPLES/Privilege Escalation/Sysmon_UACME_22.evtx,1,Microsoft-Windows-Sysmon,1,5445,MSEDGEWIN10,"Image: C:\Windows\System32\WerFault.exe
RuleName: ''
Description: Windows Problem Reporting
TerminalSessionId: 1
ParentCommandLine: consent.exe 896 318 0000028064471300
Product: Microsoft® Windows® Operating System
Company: Microsoft Corporation
ParentProcessId: 4740
LogonGuid: 747F3D96-D4E9-5D45-0000-0020E7030000
Hashes: SHA1=1B59C8D752E031AF4C6B0B02F3780E7156AAEECF,MD5=603A88C6EC5CA36FC9C382F9A2EA9105,SHA256=DFAE5391EA274620F2B025976DC9787051EE416AEB360F68F20B108323924955,IMPHASH=3B9DE67ACC19291D79083D12452FA5BA
ParentProcessGuid: 747F3D96-7930-5D45-0000-001055DE0601
ProcessId: 6388
CurrentDirectory: C:\Windows\system32\
ProcessGuid: 747F3D96-7930-5D45-0000-001085EE0601
CommandLine: C:\Windows\system32\WerFault.exe -u -p 4740 -s 128
FileVersion: 10.0.17763.1 (WinBuild.160101.0800)
User: NT AUTHORITY\SYSTEM
LogonId: '0x3e7'
IntegrityLevel: System
ParentImage: C:\Windows\System32\consent.exe
UtcTime: 2019-08-03 12:08:16.578
"
2019-08-03T12:08:19.888068+00:00,Potential DLL Sideloading Via comctl32.dll,data/EVTX-ATTACK-SAMPLES/Privilege Escalation/Sysmon_UACME_22.evtx,1,Microsoft-Windows-Sysmon,7,5446,MSEDGEWIN10,"Image: C:\Windows\System32\consent.exe
Signature: ''
Hashes: SHA1=A309A622B9D4A62CFE59B73FDD32BD8384E66628,MD5=9E5AED3F57CEBC5154F9373B2BB9BA05,SHA256=FF40C2F8E6635F4D33997EB928C72C1293C5A844185DFDD3FD444FFD8C959E80,IMPHASH=1C6B5C991BBBDC2B578EA7DEEF4AFA1B
RuleName: PrivEsc - DLL Hijack - UACME 22
Description: UACMe proxy DLL
ProcessId: 4740
SignatureStatus: Unavailable
ProcessGuid: 747F3D96-7930-5D45-0000-001055DE0601
Signed: 'false'
FileVersion: 3.1.8.1904
ImageLoaded: C:\Windows\System32\consent.exe.local\amd64_microsoft.windows.common-controls_6595b64144ccf1df_6.0.17763.615_none_05b4414a072024d4\comctl32.dll
Product: UACMe
Company: Hazardous Environments
UtcTime: 2019-08-03 12:08:19.877
"
2019-08-03T12:08:19.915120+00:00,HackTool - CrackMapExec Process Patterns;Hacktool - EDR-Freeze Execution;UAC Bypass Using NTFS Reparse Point - Process,data/EVTX-ATTACK-SAMPLES/Privilege Escalation/Sysmon_UACME_22.evtx,1,Microsoft-Windows-Sysmon,1,5447,MSEDGEWIN10,"Image: C:\Windows\System32\cmd.exe
RuleName: ''
Description: Windows Command Processor
TerminalSessionId: 1
ParentCommandLine: consent.exe 896 318 0000028064471300
Product: Microsoft® Windows® Operating System
Company: Microsoft Corporation
ParentProcessId: 4740
LogonGuid: 747F3D96-D4E9-5D45-0000-0020E7030000
Hashes: SHA1=8C5437CD76A89EC983E3B364E219944DA3DAB464,MD5=975B45B669930B0CC773EAF2B414206F,SHA256=3656F37A1C6951EC4496FABB8EE957D3A6E3C276D5A3785476B482C9C0D32EA2,IMPHASH=272245E2988E1E430500B852C4FB5E18
ParentProcessGuid: 747F3D96-7930-5D45-0000-001055DE0601
ProcessId: 6000
CurrentDirectory: C:\Windows\system32\
ProcessGuid: 747F3D96-7933-5D45-0000-0010227E0701
CommandLine: '""C:\Windows\system32\cmd.exe""'
FileVersion: 10.0.17763.1 (WinBuild.160101.0800)
User: NT AUTHORITY\SYSTEM
LogonId: '0x3e7'
IntegrityLevel: System
ParentImage: C:\Windows\System32\consent.exe
UtcTime: 2019-08-03 12:08:19.888
"
2019-08-03T12:08:20.731416+00:00,Hacktool - EDR-Freeze Execution;UAC Bypass Using NTFS Reparse Point - Process,data/EVTX-ATTACK-SAMPLES/Privilege Escalation/Sysmon_UACME_22.evtx,1,Microsoft-Windows-Sysmon,1,5448,MSEDGEWIN10,"Image: C:\Windows\System32\eventvwr.exe
RuleName: ''
Description: Event Viewer Snapin Launcher
TerminalSessionId: 1
ParentCommandLine: UACME.exe  22
Product: Microsoft® Windows® Operating System
Company: Microsoft Corporation
ParentProcessId: 5336
LogonGuid: 747F3D96-56A3-5D45-0000-0020B3D31800
Hashes: SHA1=1AF3BB8D63A0ED48DF1F1706B791404DEE28524F,MD5=43129C3BFC9746CE9FFE8E45D10FE050,SHA256=BC87E4F462F00B826EC09AC16B625D0F70439C48FC04A52A41B4CD9E78401F70,IMPHASH=5843AE9886BB500E05E07EE59BB5AD42
ParentProcessGuid: 747F3D96-792D-5D45-0000-00104F190601
ProcessId: 4964
CurrentDirectory: C:\Windows\system32\
ProcessGuid: 747F3D96-7934-5D45-0000-0010A2A40701
CommandLine: '""C:\Windows\system32\eventvwr.exe"" '
FileVersion: 10.0.17763.1 (WinBuild.160101.0800)
User: MSEDGEWIN10\IEUser
LogonId: '0x18d3b3'
IntegrityLevel: High
ParentImage: C:\Users\IEUser\Desktop\UACME.exe
UtcTime: 2019-08-03 12:08:20.405
"
2019-08-03T12:08:21.128265+00:00,HackTool - CrackMapExec Process Patterns;Hacktool - EDR-Freeze Execution;UAC Bypass Using NTFS Reparse Point - Process,data/EVTX-ATTACK-SAMPLES/Privilege Escalation/Sysmon_UACME_22.evtx,1,Microsoft-Windows-Sysmon,1,5449,MSEDGEWIN10,"Image: C:\Windows\System32\consent.exe
RuleName: ''
Description: Consent UI for administrative applications
TerminalSessionId: 1
ParentCommandLine: C:\Windows\system32\svchost.exe -k netsvcs -p -s Appinfo
Product: Microsoft® Windows® Operating System
Company: Microsoft Corporation
ParentProcessId: 896
LogonGuid: 747F3D96-D4E9-5D45-0000-0020E7030000
Hashes: SHA1=9329B2362078DE27242DD4534F588AF3264BF0BF,MD5=27992D7EBE51AEC655A088DE88BAD5C9,SHA256=8F112431143A22BAAAFB448EEFD63BF90E7691C890AC69A296574FD07BA03EC6,IMPHASH=522D83761201075834F05037F5307949
ParentProcessGuid: 747F3D96-5769-5D45-0000-001044E83300
ProcessId: 7564
CurrentDirectory: C:\Windows\system32\
ProcessGuid: 747F3D96-7934-5D45-0000-0010CAB90701
CommandLine: consent.exe 896 272 00000280644BC500
FileVersion: 10.0.17763.1 (WinBuild.160101.0800)
User: NT AUTHORITY\SYSTEM
LogonId: '0x3e7'
IntegrityLevel: System
ParentImage: C:\Windows\System32\svchost.exe
UtcTime: 2019-08-03 12:08:20.686
"
2019-08-03T12:08:21.954597+00:00,HackTool - CrackMapExec Process Patterns;Hacktool - EDR-Freeze Execution;UAC Bypass Using Consent and Comctl32 - Process;UAC Bypass Using NTFS Reparse Point - Process,data/EVTX-ATTACK-SAMPLES/Privilege Escalation/Sysmon_UACME_22.evtx,1,Microsoft-Windows-Sysmon,1,5450,MSEDGEWIN10,"Image: C:\Windows\System32\WerFault.exe
RuleName: ''
Description: Windows Problem Reporting
TerminalSessionId: 1
ParentCommandLine: consent.exe 896 272 00000280644BC500
Product: Microsoft® Windows® Operating System
Company: Microsoft Corporation
ParentProcessId: 7564
LogonGuid: 747F3D96-D4E9-5D45-0000-0020E7030000
Hashes: SHA1=1B59C8D752E031AF4C6B0B02F3780E7156AAEECF,MD5=603A88C6EC5CA36FC9C382F9A2EA9105,SHA256=DFAE5391EA274620F2B025976DC9787051EE416AEB360F68F20B108323924955,IMPHASH=3B9DE67ACC19291D79083D12452FA5BA
ParentProcessGuid: 747F3D96-7934-5D45-0000-0010CAB90701
ProcessId: 7324
CurrentDirectory: C:\Windows\system32\
ProcessGuid: 747F3D96-7935-5D45-0000-001066CA0701
CommandLine: C:\Windows\system32\WerFault.exe -u -p 7564 -s 152
FileVersion: 10.0.17763.1 (WinBuild.160101.0800)
User: NT AUTHORITY\SYSTEM
LogonId: '0x3e7'
IntegrityLevel: System
ParentImage: C:\Windows\System32\consent.exe
UtcTime: 2019-08-03 12:08:21.036
"
2019-08-03T12:08:23.524314+00:00,Potential DLL Sideloading Via comctl32.dll,data/EVTX-ATTACK-SAMPLES/Privilege Escalation/Sysmon_UACME_22.evtx,1,Microsoft-Windows-Sysmon,7,5451,MSEDGEWIN10,"Image: C:\Windows\System32\consent.exe
Signature: ''
Hashes: SHA1=A309A622B9D4A62CFE59B73FDD32BD8384E66628,MD5=9E5AED3F57CEBC5154F9373B2BB9BA05,SHA256=FF40C2F8E6635F4D33997EB928C72C1293C5A844185DFDD3FD444FFD8C959E80,IMPHASH=1C6B5C991BBBDC2B578EA7DEEF4AFA1B
RuleName: PrivEsc - DLL Hijack - UACME 22
Description: UACMe proxy DLL
ProcessId: 7564
SignatureStatus: Unavailable
ProcessGuid: 747F3D96-7934-5D45-0000-0010CAB90701
Signed: 'false'
FileVersion: 3.1.8.1904
ImageLoaded: C:\Windows\System32\consent.exe.local\amd64_microsoft.windows.common-controls_6595b64144ccf1df_6.0.17763.615_none_05b4414a072024d4\comctl32.dll
Product: UACMe
Company: Hazardous Environments
UtcTime: 2019-08-03 12:08:23.363
"
2019-08-03T12:08:23.554778+00:00,HackTool - CrackMapExec Process Patterns;Hacktool - EDR-Freeze Execution;UAC Bypass Using NTFS Reparse Point - Process,data/EVTX-ATTACK-SAMPLES/Privilege Escalation/Sysmon_UACME_22.evtx,1,Microsoft-Windows-Sysmon,1,5452,MSEDGEWIN10,"Image: C:\Windows\System32\cmd.exe
RuleName: ''
Description: Windows Command Processor
TerminalSessionId: 1
ParentCommandLine: consent.exe 896 272 00000280644BC500
Product: Microsoft® Windows® Operating System
Company: Microsoft Corporation
ParentProcessId: 7564
LogonGuid: 747F3D96-D4E9-5D45-0000-0020E7030000
Hashes: SHA1=8C5437CD76A89EC983E3B364E219944DA3DAB464,MD5=975B45B669930B0CC773EAF2B414206F,SHA256=3656F37A1C6951EC4496FABB8EE957D3A6E3C276D5A3785476B482C9C0D32EA2,IMPHASH=272245E2988E1E430500B852C4FB5E18
ParentProcessGuid: 747F3D96-7934-5D45-0000-0010CAB90701
ProcessId: 4192
CurrentDirectory: C:\Windows\system32\
ProcessGuid: 747F3D96-7937-5D45-0000-00100D290801
CommandLine: '""C:\Windows\system32\cmd.exe""'
FileVersion: 10.0.17763.1 (WinBuild.160101.0800)
User: NT AUTHORITY\SYSTEM
LogonId: '0x3e7'
IntegrityLevel: System
ParentImage: C:\Windows\System32\consent.exe
UtcTime: 2019-08-03 12:08:23.391
"
2019-08-03T12:08:55.408922+00:00,HackTool - CrackMapExec Process Patterns;Hacktool - EDR-Freeze Execution;UAC Bypass Using NTFS Reparse Point - Process,data/EVTX-ATTACK-SAMPLES/Privilege Escalation/Sysmon_UACME_22.evtx,1,Microsoft-Windows-Sysmon,1,5455,MSEDGEWIN10,"Image: C:\Windows\System32\consent.exe
RuleName: ''
Description: Consent UI for administrative applications
TerminalSessionId: 1
ParentCommandLine: C:\Windows\system32\svchost.exe -k netsvcs -p -s Appinfo
Product: Microsoft® Windows® Operating System
Company: Microsoft Corporation
ParentProcessId: 896
LogonGuid: 747F3D96-D4E9-5D45-0000-0020E7030000
Hashes: SHA1=9329B2362078DE27242DD4534F588AF3264BF0BF,MD5=27992D7EBE51AEC655A088DE88BAD5C9,SHA256=8F112431143A22BAAAFB448EEFD63BF90E7691C890AC69A296574FD07BA03EC6,IMPHASH=522D83761201075834F05037F5307949
ParentProcessGuid: 747F3D96-5769-5D45-0000-001044E83300
ProcessId: 3116
CurrentDirectory: C:\Windows\system32\
ProcessGuid: 747F3D96-7957-5D45-0000-00100E620A01
CommandLine: consent.exe 896 272 00000280644BCAF0
FileVersion: 10.0.17763.1 (WinBuild.160101.0800)
User: NT AUTHORITY\SYSTEM
LogonId: '0x3e7'
IntegrityLevel: System
ParentImage: C:\Windows\System32\svchost.exe
UtcTime: 2019-08-03 12:08:55.376
"
2019-08-03T12:31:14.789735+00:00,HackTool - UACMe Akagi Execution;Hacktool - EDR-Freeze Execution,data/EVTX-ATTACK-SAMPLES/Privilege Escalation/Sysmon_UACME_37_FileCreate.evtx,1,Microsoft-Windows-Sysmon,1,5486,MSEDGEWIN10,"Image: C:\Users\IEUser\Desktop\UACME.exe
RuleName: ''
Description: UACMe main module
TerminalSessionId: 1
ParentCommandLine: '""C:\Windows\system32\cmd.exe"" '
Product: UACMe
Company: Hazardous Environments
ParentProcessId: 5780
LogonGuid: 747F3D96-56A3-5D45-0000-0020FBD31800
Hashes: SHA1=9E57914D39FBFE785C915E225011892613C4714C,MD5=D57E778DF10F801F47119A04BE990FFD,SHA256=D76815CE3F4B9FE7A611D6F536F65AF313E2AB2F8BB52EF0998487D89A6E7378,IMPHASH=B6789EDFE23DDA911AE37C87444D3DCB
ParentProcessGuid: 747F3D96-5A29-5D45-0000-0010DEB99000
ProcessId: 4884
CurrentDirectory: C:\Users\IEUser\Desktop\
ProcessGuid: 747F3D96-7E92-5D45-0000-0010FF472601
CommandLine: UACME.exe  37
FileVersion: 3.1.9.1905
User: MSEDGEWIN10\IEUser
LogonId: '0x18d3fb'
IntegrityLevel: Medium
ParentImage: C:\Windows\System32\cmd.exe
UtcTime: 2019-08-03 12:31:14.775
"
2019-08-03T12:31:15.096244+00:00,UAC Bypass Using Windows Media Player - File,data/EVTX-ATTACK-SAMPLES/Privilege Escalation/Sysmon_UACME_37_FileCreate.evtx,1,Microsoft-Windows-Sysmon,11,5487,MSEDGEWIN10,"ProcessGuid: 747F3D96-7E92-5D45-0000-0010FF472601
CreationUtcTime: 2019-08-03 12:31:14.985
UtcTime: 2019-08-03 12:31:14.986
ProcessId: 4884
RuleName: ''
TargetFilename: C:\Users\IEUser\AppData\Local\Temp\GdiPlus.dll
Image: C:\Windows\explorer.exe
"
2019-08-03T12:31:15.354147+00:00,Hacktool - EDR-Freeze Execution;UAC Bypass Using NTFS Reparse Point - Process,data/EVTX-ATTACK-SAMPLES/Privilege Escalation/Sysmon_UACME_37_FileCreate.evtx,1,Microsoft-Windows-Sysmon,1,5488,MSEDGEWIN10,"Image: C:\Windows\System32\wusa.exe
RuleName: ''
Description: Windows Update Standalone Installer
TerminalSessionId: 1
ParentCommandLine: UACME.exe  37
Product: Microsoft® Windows® Operating System
Company: Microsoft Corporation
ParentProcessId: 4884
LogonGuid: 747F3D96-56A3-5D45-0000-0020FBD31800
Hashes: SHA1=41C0812B0BE63153F3B68EA76C8B985D69DDCFBB,MD5=59701FE9C8BA85BCEB73A9B1B3E8E1C4,SHA256=E0438C5594A4EEB8515518989EE3A773581F414273B857B885D2201F66A95B06,IMPHASH=D5E97853B4CD1F8376A7D9FDA250C21E
ParentProcessGuid: 747F3D96-7E92-5D45-0000-0010FF472601
ProcessId: 932
CurrentDirectory: C:\Users\IEUser\Desktop\
ProcessGuid: 747F3D96-7E93-5D45-0000-0010AA622601
CommandLine: '""C:\Windows\system32\wusa.exe""  /quiet C:\Users\IEUser\AppData\Local\Temp\update.msu'
FileVersion: 10.0.17763.1 (WinBuild.160101.0800)
User: MSEDGEWIN10\IEUser
LogonId: '0x18d3fb'
IntegrityLevel: Medium
ParentImage: C:\Users\IEUser\Desktop\UACME.exe
UtcTime: 2019-08-03 12:31:15.202
"
2019-08-03T12:31:15.364929+00:00,HackTool - CrackMapExec Process Patterns;Hacktool - EDR-Freeze Execution;UAC Bypass Using NTFS Reparse Point - Process,data/EVTX-ATTACK-SAMPLES/Privilege Escalation/Sysmon_UACME_37_FileCreate.evtx,1,Microsoft-Windows-Sysmon,1,5489,MSEDGEWIN10,"Image: C:\Windows\System32\consent.exe
RuleName: ''
Description: Consent UI for administrative applications
TerminalSessionId: 1
ParentCommandLine: C:\Windows\system32\svchost.exe -k netsvcs -p -s Appinfo
Product: Microsoft® Windows® Operating System
Company: Microsoft Corporation
ParentProcessId: 896
LogonGuid: 747F3D96-D4E9-5D45-0000-0020E7030000
Hashes: SHA1=9329B2362078DE27242DD4534F588AF3264BF0BF,MD5=27992D7EBE51AEC655A088DE88BAD5C9,SHA256=8F112431143A22BAAAFB448EEFD63BF90E7691C890AC69A296574FD07BA03EC6,IMPHASH=522D83761201075834F05037F5307949
ParentProcessGuid: 747F3D96-5769-5D45-0000-001044E83300
ProcessId: 3796
CurrentDirectory: C:\Windows\system32\
ProcessGuid: 747F3D96-7E93-5D45-0000-001008652601
CommandLine: consent.exe 896 400 00000280644220C0
FileVersion: 10.0.17763.1 (WinBuild.160101.0800)
User: NT AUTHORITY\SYSTEM
LogonId: '0x3e7'
IntegrityLevel: System
ParentImage: C:\Windows\System32\svchost.exe
UtcTime: 2019-08-03 12:31:15.230
"
2019-08-03T12:31:15.779750+00:00,Hacktool - EDR-Freeze Execution;UAC Bypass Using NTFS Reparse Point - Process,data/EVTX-ATTACK-SAMPLES/Privilege Escalation/Sysmon_UACME_37_FileCreate.evtx,1,Microsoft-Windows-Sysmon,1,5490,MSEDGEWIN10,"Image: C:\Windows\System32\wusa.exe
RuleName: ''
Description: Windows Update Standalone Installer
TerminalSessionId: 1
ParentCommandLine: UACME.exe  37
Product: Microsoft® Windows® Operating System
Company: Microsoft Corporation
ParentProcessId: 4884
LogonGuid: 747F3D96-56A3-5D45-0000-0020B3D31800
Hashes: SHA1=41C0812B0BE63153F3B68EA76C8B985D69DDCFBB,MD5=59701FE9C8BA85BCEB73A9B1B3E8E1C4,SHA256=E0438C5594A4EEB8515518989EE3A773581F414273B857B885D2201F66A95B06,IMPHASH=D5E97853B4CD1F8376A7D9FDA250C21E
ParentProcessGuid: 747F3D96-7E92-5D45-0000-0010FF472601
ProcessId: 6576
CurrentDirectory: C:\Windows\system32\
ProcessGuid: 747F3D96-7E93-5D45-0000-0010AA8A2601
CommandLine: '""C:\Windows\system32\wusa.exe""  /quiet C:\Users\IEUser\AppData\Local\Temp\update.msu'
FileVersion: 10.0.17763.1 (WinBuild.160101.0800)
User: MSEDGEWIN10\IEUser
LogonId: '0x18d3b3'
IntegrityLevel: High
ParentImage: C:\Users\IEUser\Desktop\UACME.exe
UtcTime: 2019-08-03 12:31:15.555
"
2019-08-03T12:31:27.049699+00:00,HackTool - CrackMapExec Process Patterns;Hacktool - EDR-Freeze Execution;UAC Bypass Using NTFS Reparse Point - Process,data/EVTX-ATTACK-SAMPLES/Privilege Escalation/Sysmon_UACME_37_FileCreate.evtx,1,Microsoft-Windows-Sysmon,1,5491,MSEDGEWIN10,"Image: C:\Windows\System32\consent.exe
RuleName: ''
Description: Consent UI for administrative applications
TerminalSessionId: 1
ParentCommandLine: C:\Windows\system32\svchost.exe -k netsvcs -p -s Appinfo
Product: Microsoft® Windows® Operating System
Company: Microsoft Corporation
ParentProcessId: 896
LogonGuid: 747F3D96-D4E9-5D45-0000-0020E7030000
Hashes: SHA1=9329B2362078DE27242DD4534F588AF3264BF0BF,MD5=27992D7EBE51AEC655A088DE88BAD5C9,SHA256=8F112431143A22BAAAFB448EEFD63BF90E7691C890AC69A296574FD07BA03EC6,IMPHASH=522D83761201075834F05037F5307949
ParentProcessGuid: 747F3D96-5769-5D45-0000-001044E83300
ProcessId: 2352
CurrentDirectory: C:\Windows\system32\
ProcessGuid: 747F3D96-7E9E-5D45-0000-001080D92601
CommandLine: consent.exe 896 272 00000280644BC040
FileVersion: 10.0.17763.1 (WinBuild.160101.0800)
User: NT AUTHORITY\SYSTEM
LogonId: '0x3e7'
IntegrityLevel: System
ParentImage: C:\Windows\System32\svchost.exe
UtcTime: 2019-08-03 12:31:26.969
"
2019-08-03T12:32:34.577607+00:00,HackTool - UACMe Akagi Execution;Hacktool - EDR-Freeze Execution,data/EVTX-ATTACK-SAMPLES/Privilege Escalation/Sysmon_UACME_36_FileCreate.evtx,1,Microsoft-Windows-Sysmon,1,5493,MSEDGEWIN10,"Image: C:\Users\IEUser\Desktop\UACME.exe
RuleName: ''
Description: UACMe main module
TerminalSessionId: 1
ParentCommandLine: '""C:\Windows\system32\cmd.exe"" '
Product: UACMe
Company: Hazardous Environments
ParentProcessId: 5780
LogonGuid: 747F3D96-56A3-5D45-0000-0020FBD31800
Hashes: SHA1=9E57914D39FBFE785C915E225011892613C4714C,MD5=D57E778DF10F801F47119A04BE990FFD,SHA256=D76815CE3F4B9FE7A611D6F536F65AF313E2AB2F8BB52EF0998487D89A6E7378,IMPHASH=B6789EDFE23DDA911AE37C87444D3DCB
ParentProcessGuid: 747F3D96-5A29-5D45-0000-0010DEB99000
ProcessId: 5284
CurrentDirectory: C:\Users\IEUser\Desktop\
ProcessGuid: 747F3D96-7EE2-5D45-0000-00104E852801
CommandLine: UACME.exe  36
FileVersion: 3.1.9.1905
User: MSEDGEWIN10\IEUser
LogonId: '0x18d3fb'
IntegrityLevel: Medium
ParentImage: C:\Windows\System32\cmd.exe
UtcTime: 2019-08-03 12:32:34.504
"
2019-08-03T12:32:34.875974+00:00,UAC Bypass Using Windows Media Player - File,data/EVTX-ATTACK-SAMPLES/Privilege Escalation/Sysmon_UACME_36_FileCreate.evtx,1,Microsoft-Windows-Sysmon,11,5494,MSEDGEWIN10,"ProcessGuid: 747F3D96-7EE2-5D45-0000-00104E852801
CreationUtcTime: 2019-08-03 12:32:34.721
UtcTime: 2019-08-03 12:32:34.721
ProcessId: 5284
RuleName: ''
TargetFilename: C:\Users\IEUser\AppData\Local\Temp\MSCOREE.DLL
Image: C:\Windows\explorer.exe
"
2019-08-03T12:32:35.085975+00:00,Hacktool - EDR-Freeze Execution;UAC Bypass Using NTFS Reparse Point - Process,data/EVTX-ATTACK-SAMPLES/Privilege Escalation/Sysmon_UACME_36_FileCreate.evtx,1,Microsoft-Windows-Sysmon,1,5495,MSEDGEWIN10,"Image: C:\Windows\System32\wusa.exe
RuleName: ''
Description: Windows Update Standalone Installer
TerminalSessionId: 1
ParentCommandLine: UACME.exe  36
Product: Microsoft® Windows® Operating System
Company: Microsoft Corporation
ParentProcessId: 5284
LogonGuid: 747F3D96-56A3-5D45-0000-0020FBD31800
Hashes: SHA1=41C0812B0BE63153F3B68EA76C8B985D69DDCFBB,MD5=59701FE9C8BA85BCEB73A9B1B3E8E1C4,SHA256=E0438C5594A4EEB8515518989EE3A773581F414273B857B885D2201F66A95B06,IMPHASH=D5E97853B4CD1F8376A7D9FDA250C21E
ParentProcessGuid: 747F3D96-7EE2-5D45-0000-00104E852801
ProcessId: 2740
CurrentDirectory: C:\Users\IEUser\Desktop\
ProcessGuid: 747F3D96-7EE2-5D45-0000-0010E49C2801
CommandLine: '""C:\Windows\system32\wusa.exe""  /quiet C:\Users\IEUser\AppData\Local\Temp\update.msu'
FileVersion: 10.0.17763.1 (WinBuild.160101.0800)
User: MSEDGEWIN10\IEUser
LogonId: '0x18d3fb'
IntegrityLevel: Medium
ParentImage: C:\Users\IEUser\Desktop\UACME.exe
UtcTime: 2019-08-03 12:32:34.905
"
2019-08-03T12:32:35.137612+00:00,HackTool - CrackMapExec Process Patterns;Hacktool - EDR-Freeze Execution;UAC Bypass Using NTFS Reparse Point - Process,data/EVTX-ATTACK-SAMPLES/Privilege Escalation/Sysmon_UACME_36_FileCreate.evtx,1,Microsoft-Windows-Sysmon,1,5496,MSEDGEWIN10,"Image: C:\Windows\System32\consent.exe
RuleName: ''
Description: Consent UI for administrative applications
TerminalSessionId: 1
ParentCommandLine: C:\Windows\system32\svchost.exe -k netsvcs -p -s Appinfo
Product: Microsoft® Windows® Operating System
Company: Microsoft Corporation
ParentProcessId: 896
LogonGuid: 747F3D96-D4E9-5D45-0000-0020E7030000
Hashes: SHA1=9329B2362078DE27242DD4534F588AF3264BF0BF,MD5=27992D7EBE51AEC655A088DE88BAD5C9,SHA256=8F112431143A22BAAAFB448EEFD63BF90E7691C890AC69A296574FD07BA03EC6,IMPHASH=522D83761201075834F05037F5307949
ParentProcessGuid: 747F3D96-5769-5D45-0000-001044E83300
ProcessId: 3652
CurrentDirectory: C:\Windows\system32\
ProcessGuid: 747F3D96-7EE2-5D45-0000-0010F19E2801
CommandLine: consent.exe 896 400 00000280644220C0
FileVersion: 10.0.17763.1 (WinBuild.160101.0800)
User: NT AUTHORITY\SYSTEM
LogonId: '0x3e7'
IntegrityLevel: System
ParentImage: C:\Windows\System32\svchost.exe
UtcTime: 2019-08-03 12:32:34.924
"
2019-08-03T12:32:35.531644+00:00,Hacktool - EDR-Freeze Execution;UAC Bypass Using NTFS Reparse Point - Process,data/EVTX-ATTACK-SAMPLES/Privilege Escalation/Sysmon_UACME_36_FileCreate.evtx,1,Microsoft-Windows-Sysmon,1,5497,MSEDGEWIN10,"Image: C:\Windows\System32\wusa.exe
RuleName: ''
Description: Windows Update Standalone Installer
TerminalSessionId: 1
ParentCommandLine: UACME.exe  36
Product: Microsoft® Windows® Operating System
Company: Microsoft Corporation
ParentProcessId: 5284
LogonGuid: 747F3D96-56A3-5D45-0000-0020B3D31800
Hashes: SHA1=41C0812B0BE63153F3B68EA76C8B985D69DDCFBB,MD5=59701FE9C8BA85BCEB73A9B1B3E8E1C4,SHA256=E0438C5594A4EEB8515518989EE3A773581F414273B857B885D2201F66A95B06,IMPHASH=D5E97853B4CD1F8376A7D9FDA250C21E
ParentProcessGuid: 747F3D96-7EE2-5D45-0000-00104E852801
ProcessId: 2348
CurrentDirectory: C:\Windows\system32\
ProcessGuid: 747F3D96-7EE3-5D45-0000-0010AFC12801
CommandLine: '""C:\Windows\system32\wusa.exe""  /quiet C:\Users\IEUser\AppData\Local\Temp\update.msu'
FileVersion: 10.0.17763.1 (WinBuild.160101.0800)
User: MSEDGEWIN10\IEUser
LogonId: '0x18d3b3'
IntegrityLevel: High
ParentImage: C:\Users\IEUser\Desktop\UACME.exe
UtcTime: 2019-08-03 12:32:35.218
"
2019-08-03T12:32:36.794793+00:00,Hacktool - EDR-Freeze Execution,data/EVTX-ATTACK-SAMPLES/Privilege Escalation/Sysmon_UACME_36_FileCreate.evtx,1,Microsoft-Windows-Sysmon,1,5498,MSEDGEWIN10,"Image: C:\Windows\System32\dcomcnfg.exe
RuleName: ''
Description: COM+
TerminalSessionId: 1
ParentCommandLine: UACME.exe  36
Product: Microsoft® Windows® Operating System
Company: Microsoft Corporation
ParentProcessId: 5284
LogonGuid: 747F3D96-56A3-5D45-0000-0020FBD31800
Hashes: SHA1=3A43D052EAB26653625DE7165759DB5B562391B9,MD5=2230E122EB447CBC9EAAE68AF853F3B7,SHA256=3D81ACA24167405433617B364C23C51393C31597DA36A48476FD59549A2D0A99,IMPHASH=4C7F165DA8DA80935D61C0512A3469C1
ParentProcessGuid: 747F3D96-7EE2-5D45-0000-00104E852801
ProcessId: 7180
CurrentDirectory: C:\Users\IEUser\Desktop\
ProcessGuid: 747F3D96-7EE4-5D45-0000-001015F72801
CommandLine: '""C:\Windows\system32\dcomcnfg.exe"" '
FileVersion: 2001.12.10941.16384 (WinBuild.160101.0800)
User: MSEDGEWIN10\IEUser
LogonId: '0x18d3fb'
IntegrityLevel: Medium
ParentImage: C:\Users\IEUser\Desktop\UACME.exe
UtcTime: 2019-08-03 12:32:36.766
"
2019-08-03T12:32:36.812510+00:00,HackTool - CrackMapExec Process Patterns;Hacktool - EDR-Freeze Execution;UAC Bypass Using NTFS Reparse Point - Process,data/EVTX-ATTACK-SAMPLES/Privilege Escalation/Sysmon_UACME_36_FileCreate.evtx,1,Microsoft-Windows-Sysmon,1,5499,MSEDGEWIN10,"Image: C:\Windows\System32\consent.exe
RuleName: ''
Description: Consent UI for administrative applications
TerminalSessionId: 1
ParentCommandLine: C:\Windows\system32\svchost.exe -k netsvcs -p -s Appinfo
Product: Microsoft® Windows® Operating System
Company: Microsoft Corporation
ParentProcessId: 896
LogonGuid: 747F3D96-D4E9-5D45-0000-0020E7030000
Hashes: SHA1=9329B2362078DE27242DD4534F588AF3264BF0BF,MD5=27992D7EBE51AEC655A088DE88BAD5C9,SHA256=8F112431143A22BAAAFB448EEFD63BF90E7691C890AC69A296574FD07BA03EC6,IMPHASH=522D83761201075834F05037F5307949
ParentProcessGuid: 747F3D96-5769-5D45-0000-001044E83300
ProcessId: 1708
CurrentDirectory: C:\Windows\system32\
ProcessGuid: 747F3D96-7EE4-5D45-0000-001029F92801
CommandLine: consent.exe 896 318 0000028064471E00
FileVersion: 10.0.17763.1 (WinBuild.160101.0800)
User: NT AUTHORITY\SYSTEM
LogonId: '0x3e7'
IntegrityLevel: System
ParentImage: C:\Windows\System32\svchost.exe
UtcTime: 2019-08-03 12:32:36.809
"
2019-08-03T12:32:37.160948+00:00,Hacktool - EDR-Freeze Execution;UAC Bypass Using NTFS Reparse Point - Process,data/EVTX-ATTACK-SAMPLES/Privilege Escalation/Sysmon_UACME_36_FileCreate.evtx,1,Microsoft-Windows-Sysmon,1,5500,MSEDGEWIN10,"Image: C:\Windows\System32\dcomcnfg.exe
RuleName: ''
Description: COM+
TerminalSessionId: 1
ParentCommandLine: UACME.exe  36
Product: Microsoft® Windows® Operating System
Company: Microsoft Corporation
ParentProcessId: 5284
LogonGuid: 747F3D96-56A3-5D45-0000-0020B3D31800
Hashes: SHA1=3A43D052EAB26653625DE7165759DB5B562391B9,MD5=2230E122EB447CBC9EAAE68AF853F3B7,SHA256=3D81ACA24167405433617B364C23C51393C31597DA36A48476FD59549A2D0A99,IMPHASH=4C7F165DA8DA80935D61C0512A3469C1
ParentProcessGuid: 747F3D96-7EE2-5D45-0000-00104E852801
ProcessId: 1240
CurrentDirectory: C:\Windows\system32\
ProcessGuid: 747F3D96-7EE4-5D45-0000-001091122901
CommandLine: '""C:\Windows\system32\dcomcnfg.exe"" '
FileVersion: 2001.12.10941.16384 (WinBuild.160101.0800)
User: MSEDGEWIN10\IEUser
LogonId: '0x18d3b3'
IntegrityLevel: High
ParentImage: C:\Users\IEUser\Desktop\UACME.exe
UtcTime: 2019-08-03 12:32:36.996
"
2019-08-03T12:32:37.184555+00:00,Hacktool - EDR-Freeze Execution;UAC Bypass Using NTFS Reparse Point - Process,data/EVTX-ATTACK-SAMPLES/Privilege Escalation/Sysmon_UACME_36_FileCreate.evtx,1,Microsoft-Windows-Sysmon,1,5501,MSEDGEWIN10,"Image: C:\Windows\System32\mmc.exe
RuleName: ''
Description: Microsoft Management Console
TerminalSessionId: 1
ParentCommandLine: '""C:\Windows\system32\dcomcnfg.exe"" '
Product: Microsoft® Windows® Operating System
Company: Microsoft Corporation
ParentProcessId: 1240
LogonGuid: 747F3D96-56A3-5D45-0000-0020B3D31800
Hashes: SHA1=7150AD53ECDA6DA136F56A41A97F4442F4C3A195,MD5=0ED2577AA82A30B1C1C55843F23B7C69,SHA256=5DC0EFC7CF971F9DA9BD183F4BC5707176F7F829133B3EF90FFBB603516AF921,IMPHASH=B8EE2D6252332A68B70B22E3D6E377D2
ParentProcessGuid: 747F3D96-7EE4-5D45-0000-001091122901
ProcessId: 7636
CurrentDirectory: C:\Windows\system32\
ProcessGuid: 747F3D96-7EE5-5D45-0000-001076162901
CommandLine: C:\Windows\system32\mmc.exe C:\Windows\system32\comexp.msc
FileVersion: 10.0.17763.1 (WinBuild.160101.0800)
User: MSEDGEWIN10\IEUser
LogonId: '0x18d3b3'
IntegrityLevel: High
ParentImage: C:\Windows\System32\dcomcnfg.exe
UtcTime: 2019-08-03 12:32:37.026
"
2019-08-03T12:32:37.261043+00:00,HackTool - CrackMapExec Process Patterns;Hacktool - EDR-Freeze Execution;UAC Bypass Using NTFS Reparse Point - Process,data/EVTX-ATTACK-SAMPLES/Privilege Escalation/Sysmon_UACME_36_FileCreate.evtx,1,Microsoft-Windows-Sysmon,1,5502,MSEDGEWIN10,"Image: C:\Windows\System32\consent.exe
RuleName: ''
Description: Consent UI for administrative applications
TerminalSessionId: 1
ParentCommandLine: C:\Windows\system32\svchost.exe -k netsvcs -p -s Appinfo
Product: Microsoft® Windows® Operating System
Company: Microsoft Corporation
ParentProcessId: 896
LogonGuid: 747F3D96-D4E9-5D45-0000-0020E7030000
Hashes: SHA1=9329B2362078DE27242DD4534F588AF3264BF0BF,MD5=27992D7EBE51AEC655A088DE88BAD5C9,SHA256=8F112431143A22BAAAFB448EEFD63BF90E7691C890AC69A296574FD07BA03EC6,IMPHASH=522D83761201075834F05037F5307949
ParentProcessGuid: 747F3D96-5769-5D45-0000-001044E83300
ProcessId: 344
CurrentDirectory: C:\Windows\system32\
ProcessGuid: 747F3D96-7EE5-5D45-0000-0010B71B2901
CommandLine: consent.exe 896 272 00000280644BCAF0
FileVersion: 10.0.17763.1 (WinBuild.160101.0800)
User: NT AUTHORITY\SYSTEM
LogonId: '0x3e7'
IntegrityLevel: System
ParentImage: C:\Windows\System32\svchost.exe
UtcTime: 2019-08-03 12:32:37.072
"
2019-08-03T12:32:49.013517+00:00,HackTool - CrackMapExec Process Patterns;Hacktool - EDR-Freeze Execution;UAC Bypass Using NTFS Reparse Point - Process,data/EVTX-ATTACK-SAMPLES/Privilege Escalation/Sysmon_UACME_36_FileCreate.evtx,1,Microsoft-Windows-Sysmon,1,5504,MSEDGEWIN10,"Image: C:\Windows\System32\consent.exe
RuleName: ''
Description: Consent UI for administrative applications
TerminalSessionId: 1
ParentCommandLine: C:\Windows\system32\svchost.exe -k netsvcs -p -s Appinfo
Product: Microsoft® Windows® Operating System
Company: Microsoft Corporation
ParentProcessId: 896
LogonGuid: 747F3D96-D4E9-5D45-0000-0020E7030000
Hashes: SHA1=9329B2362078DE27242DD4534F588AF3264BF0BF,MD5=27992D7EBE51AEC655A088DE88BAD5C9,SHA256=8F112431143A22BAAAFB448EEFD63BF90E7691C890AC69A296574FD07BA03EC6,IMPHASH=522D83761201075834F05037F5307949
ParentProcessGuid: 747F3D96-5769-5D45-0000-001044E83300
ProcessId: 796
CurrentDirectory: C:\Windows\system32\
ProcessGuid: 747F3D96-7EF1-5D45-0000-0010DDBF2901
CommandLine: consent.exe 896 272 00000280644BC3D0
FileVersion: 10.0.17763.1 (WinBuild.160101.0800)
User: NT AUTHORITY\SYSTEM
LogonId: '0x3e7'
IntegrityLevel: System
ParentImage: C:\Windows\System32\svchost.exe
UtcTime: 2019-08-03 12:32:49.006
"
