2019-07-19T14:51:35.038554+00:00,Hacktool - EDR-Freeze Execution;UAC Bypass Using NTFS Reparse Point - Process,data/EVTX-ATTACK-SAMPLES/AutomatedTestingTools/PanacheSysmon_vs_AtomicRedTeam01.evtx,1,Microsoft-Windows-Sysmon,1,3774,MSEDGEWIN10,"Image: C:\Windows\System32\PING.EXE
RuleName: ''
Description: TCP/IP Ping Command
TerminalSessionId: 1
ParentCommandLine: '""C:\Windows\system32\cmd.exe"" /c ""for /l %i in (1,1,254) do ping -n 1 -w 100 192.168.1.%i""'
Product: Microsoft® Windows® Operating System
Company: Microsoft Corporation
ParentProcessId: 4528
LogonGuid: 747F3D96-D4B4-5D31-0000-002051090500
Hashes: SHA1=8757646428A176F76E6F38458A25902A8FEBA9C0,MD5=56633150D77AE242D07727B0564430BB,SHA256=741AD992403C78A8A7DBD97C74FDA06594A247E9E2FA05A40BB6945403A90056,IMPHASH=8C3BE1286CDAD6AC1136D0BB6C83FF41
ParentProcessGuid: 747F3D96-D8F6-5D31-0000-001091D13300
ProcessId: 3876
CurrentDirectory: C:\AtomicRedTeam\
ProcessGuid: 747F3D96-D8F7-5D31-0000-0010EDD33300
CommandLine: ping  -n 1 -w 100 192.168.1.1
FileVersion: 10.0.17763.1 (WinBuild.160101.0800)
User: MSEDGEWIN10\IEUser
LogonId: '0x50951'
IntegrityLevel: High
ParentImage: C:\Windows\System32\cmd.exe
UtcTime: 2019-07-19 14:51:35.024
"
2019-07-19T14:51:35.579748+00:00,Hacktool - EDR-Freeze Execution;UAC Bypass Using NTFS Reparse Point - Process,data/EVTX-ATTACK-SAMPLES/AutomatedTestingTools/PanacheSysmon_vs_AtomicRedTeam01.evtx,1,Microsoft-Windows-Sysmon,1,3775,MSEDGEWIN10,"Image: C:\Windows\System32\PING.EXE
RuleName: ''
Description: TCP/IP Ping Command
TerminalSessionId: 1
ParentCommandLine: '""C:\Windows\system32\cmd.exe"" /c ""for /l %i in (1,1,254) do ping -n 1 -w 100 192.168.1.%i""'
Product: Microsoft® Windows® Operating System
Company: Microsoft Corporation
ParentProcessId: 4528
LogonGuid: 747F3D96-D4B4-5D31-0000-002051090500
Hashes: SHA1=8757646428A176F76E6F38458A25902A8FEBA9C0,MD5=56633150D77AE242D07727B0564430BB,SHA256=741AD992403C78A8A7DBD97C74FDA06594A247E9E2FA05A40BB6945403A90056,IMPHASH=8C3BE1286CDAD6AC1136D0BB6C83FF41
ParentProcessGuid: 747F3D96-D8F6-5D31-0000-001091D13300
ProcessId: 2084
CurrentDirectory: C:\AtomicRedTeam\
ProcessGuid: 747F3D96-D8F7-5D31-0000-0010E3D83300
CommandLine: ping  -n 1 -w 100 192.168.1.2
FileVersion: 10.0.17763.1 (WinBuild.160101.0800)
User: MSEDGEWIN10\IEUser
LogonId: '0x50951'
IntegrityLevel: High
ParentImage: C:\Windows\System32\cmd.exe
UtcTime: 2019-07-19 14:51:35.575
"
2019-07-19T14:51:35.988889+00:00,Hacktool - EDR-Freeze Execution;UAC Bypass Using NTFS Reparse Point - Process,data/EVTX-ATTACK-SAMPLES/AutomatedTestingTools/PanacheSysmon_vs_AtomicRedTeam01.evtx,1,Microsoft-Windows-Sysmon,1,3776,MSEDGEWIN10,"Image: C:\Windows\System32\PING.EXE
RuleName: ''
Description: TCP/IP Ping Command
TerminalSessionId: 1
ParentCommandLine: '""C:\Windows\system32\cmd.exe"" /c ""for /l %i in (1,1,254) do ping -n 1 -w 100 192.168.1.%i""'
Product: Microsoft® Windows® Operating System
Company: Microsoft Corporation
ParentProcessId: 4528
LogonGuid: 747F3D96-D4B4-5D31-0000-002051090500
Hashes: SHA1=8757646428A176F76E6F38458A25902A8FEBA9C0,MD5=56633150D77AE242D07727B0564430BB,SHA256=741AD992403C78A8A7DBD97C74FDA06594A247E9E2FA05A40BB6945403A90056,IMPHASH=8C3BE1286CDAD6AC1136D0BB6C83FF41
ParentProcessGuid: 747F3D96-D8F6-5D31-0000-001091D13300
ProcessId: 3068
CurrentDirectory: C:\AtomicRedTeam\
ProcessGuid: 747F3D96-D8F7-5D31-0000-0010A7E13300
CommandLine: ping  -n 1 -w 100 192.168.1.3
FileVersion: 10.0.17763.1 (WinBuild.160101.0800)
User: MSEDGEWIN10\IEUser
LogonId: '0x50951'
IntegrityLevel: High
ParentImage: C:\Windows\System32\cmd.exe
UtcTime: 2019-07-19 14:51:35.985
"
2019-07-19T14:51:36.549351+00:00,Hacktool - EDR-Freeze Execution;UAC Bypass Using NTFS Reparse Point - Process,data/EVTX-ATTACK-SAMPLES/AutomatedTestingTools/PanacheSysmon_vs_AtomicRedTeam01.evtx,1,Microsoft-Windows-Sysmon,1,3777,MSEDGEWIN10,"Image: C:\Windows\System32\PING.EXE
RuleName: ''
Description: TCP/IP Ping Command
TerminalSessionId: 1
ParentCommandLine: '""C:\Windows\system32\cmd.exe"" /c ""for /l %i in (1,1,254) do ping -n 1 -w 100 192.168.1.%i""'
Product: Microsoft® Windows® Operating System
Company: Microsoft Corporation
ParentProcessId: 4528
LogonGuid: 747F3D96-D4B4-5D31-0000-002051090500
Hashes: SHA1=8757646428A176F76E6F38458A25902A8FEBA9C0,MD5=56633150D77AE242D07727B0564430BB,SHA256=741AD992403C78A8A7DBD97C74FDA06594A247E9E2FA05A40BB6945403A90056,IMPHASH=8C3BE1286CDAD6AC1136D0BB6C83FF41
ParentProcessGuid: 747F3D96-D8F6-5D31-0000-001091D13300
ProcessId: 4376
CurrentDirectory: C:\AtomicRedTeam\
ProcessGuid: 747F3D96-D8F8-5D31-0000-00108FE43300
CommandLine: ping  -n 1 -w 100 192.168.1.4
FileVersion: 10.0.17763.1 (WinBuild.160101.0800)
User: MSEDGEWIN10\IEUser
LogonId: '0x50951'
IntegrityLevel: High
ParentImage: C:\Windows\System32\cmd.exe
UtcTime: 2019-07-19 14:51:36.543
"
2019-07-19T14:51:37.034213+00:00,Hacktool - EDR-Freeze Execution;UAC Bypass Using NTFS Reparse Point - Process,data/EVTX-ATTACK-SAMPLES/AutomatedTestingTools/PanacheSysmon_vs_AtomicRedTeam01.evtx,1,Microsoft-Windows-Sysmon,1,3778,MSEDGEWIN10,"Image: C:\Windows\System32\PING.EXE
RuleName: ''
Description: TCP/IP Ping Command
TerminalSessionId: 1
ParentCommandLine: '""C:\Windows\system32\cmd.exe"" /c ""for /l %i in (1,1,254) do ping -n 1 -w 100 192.168.1.%i""'
Product: Microsoft® Windows® Operating System
Company: Microsoft Corporation
ParentProcessId: 4528
LogonGuid: 747F3D96-D4B4-5D31-0000-002051090500
Hashes: SHA1=8757646428A176F76E6F38458A25902A8FEBA9C0,MD5=56633150D77AE242D07727B0564430BB,SHA256=741AD992403C78A8A7DBD97C74FDA06594A247E9E2FA05A40BB6945403A90056,IMPHASH=8C3BE1286CDAD6AC1136D0BB6C83FF41
ParentProcessGuid: 747F3D96-D8F6-5D31-0000-001091D13300
ProcessId: 3116
CurrentDirectory: C:\AtomicRedTeam\
ProcessGuid: 747F3D96-D8F9-5D31-0000-00108BE73300
CommandLine: ping  -n 1 -w 100 192.168.1.5
FileVersion: 10.0.17763.1 (WinBuild.160101.0800)
User: MSEDGEWIN10\IEUser
LogonId: '0x50951'
IntegrityLevel: High
ParentImage: C:\Windows\System32\cmd.exe
UtcTime: 2019-07-19 14:51:37.025
"
2019-07-19T14:51:37.513801+00:00,Hacktool - EDR-Freeze Execution;UAC Bypass Using NTFS Reparse Point - Process,data/EVTX-ATTACK-SAMPLES/AutomatedTestingTools/PanacheSysmon_vs_AtomicRedTeam01.evtx,1,Microsoft-Windows-Sysmon,1,3779,MSEDGEWIN10,"Image: C:\Windows\System32\PING.EXE
RuleName: ''
Description: TCP/IP Ping Command
TerminalSessionId: 1
ParentCommandLine: '""C:\Windows\system32\cmd.exe"" /c ""for /l %i in (1,1,254) do ping -n 1 -w 100 192.168.1.%i""'
Product: Microsoft® Windows® Operating System
Company: Microsoft Corporation
ParentProcessId: 4528
LogonGuid: 747F3D96-D4B4-5D31-0000-002051090500
Hashes: SHA1=8757646428A176F76E6F38458A25902A8FEBA9C0,MD5=56633150D77AE242D07727B0564430BB,SHA256=741AD992403C78A8A7DBD97C74FDA06594A247E9E2FA05A40BB6945403A90056,IMPHASH=8C3BE1286CDAD6AC1136D0BB6C83FF41
ParentProcessGuid: 747F3D96-D8F6-5D31-0000-001091D13300
ProcessId: 3868
CurrentDirectory: C:\AtomicRedTeam\
ProcessGuid: 747F3D96-D8F9-5D31-0000-001073EA3300
CommandLine: ping  -n 1 -w 100 192.168.1.6
FileVersion: 10.0.17763.1 (WinBuild.160101.0800)
User: MSEDGEWIN10\IEUser
LogonId: '0x50951'
IntegrityLevel: High
ParentImage: C:\Windows\System32\cmd.exe
UtcTime: 2019-07-19 14:51:37.509
"
2019-07-19T14:51:38.020925+00:00,Hacktool - EDR-Freeze Execution;UAC Bypass Using NTFS Reparse Point - Process,data/EVTX-ATTACK-SAMPLES/AutomatedTestingTools/PanacheSysmon_vs_AtomicRedTeam01.evtx,1,Microsoft-Windows-Sysmon,1,3780,MSEDGEWIN10,"Image: C:\Windows\System32\PING.EXE
RuleName: ''
Description: TCP/IP Ping Command
TerminalSessionId: 1
ParentCommandLine: '""C:\Windows\system32\cmd.exe"" /c ""for /l %i in (1,1,254) do ping -n 1 -w 100 192.168.1.%i""'
Product: Microsoft® Windows® Operating System
Company: Microsoft Corporation
ParentProcessId: 4528
LogonGuid: 747F3D96-D4B4-5D31-0000-002051090500
Hashes: SHA1=8757646428A176F76E6F38458A25902A8FEBA9C0,MD5=56633150D77AE242D07727B0564430BB,SHA256=741AD992403C78A8A7DBD97C74FDA06594A247E9E2FA05A40BB6945403A90056,IMPHASH=8C3BE1286CDAD6AC1136D0BB6C83FF41
ParentProcessGuid: 747F3D96-D8F6-5D31-0000-001091D13300
ProcessId: 1020
CurrentDirectory: C:\AtomicRedTeam\
ProcessGuid: 747F3D96-D8FA-5D31-0000-00105BED3300
CommandLine: ping  -n 1 -w 100 192.168.1.7
FileVersion: 10.0.17763.1 (WinBuild.160101.0800)
User: MSEDGEWIN10\IEUser
LogonId: '0x50951'
IntegrityLevel: High
ParentImage: C:\Windows\System32\cmd.exe
UtcTime: 2019-07-19 14:51:38.016
"
2019-07-19T14:51:38.517291+00:00,Hacktool - EDR-Freeze Execution;UAC Bypass Using NTFS Reparse Point - Process,data/EVTX-ATTACK-SAMPLES/AutomatedTestingTools/PanacheSysmon_vs_AtomicRedTeam01.evtx,1,Microsoft-Windows-Sysmon,1,3781,MSEDGEWIN10,"Image: C:\Windows\System32\PING.EXE
RuleName: ''
Description: TCP/IP Ping Command
TerminalSessionId: 1
ParentCommandLine: '""C:\Windows\system32\cmd.exe"" /c ""for /l %i in (1,1,254) do ping -n 1 -w 100 192.168.1.%i""'
Product: Microsoft® Windows® Operating System
Company: Microsoft Corporation
ParentProcessId: 4528
LogonGuid: 747F3D96-D4B4-5D31-0000-002051090500
Hashes: SHA1=8757646428A176F76E6F38458A25902A8FEBA9C0,MD5=56633150D77AE242D07727B0564430BB,SHA256=741AD992403C78A8A7DBD97C74FDA06594A247E9E2FA05A40BB6945403A90056,IMPHASH=8C3BE1286CDAD6AC1136D0BB6C83FF41
ParentProcessGuid: 747F3D96-D8F6-5D31-0000-001091D13300
ProcessId: 2292
CurrentDirectory: C:\AtomicRedTeam\
ProcessGuid: 747F3D96-D8FA-5D31-0000-001043F03300
CommandLine: ping  -n 1 -w 100 192.168.1.8
FileVersion: 10.0.17763.1 (WinBuild.160101.0800)
User: MSEDGEWIN10\IEUser
LogonId: '0x50951'
IntegrityLevel: High
ParentImage: C:\Windows\System32\cmd.exe
UtcTime: 2019-07-19 14:51:38.508
"
2019-07-19T14:51:39.028527+00:00,Hacktool - EDR-Freeze Execution;UAC Bypass Using NTFS Reparse Point - Process,data/EVTX-ATTACK-SAMPLES/AutomatedTestingTools/PanacheSysmon_vs_AtomicRedTeam01.evtx,1,Microsoft-Windows-Sysmon,1,3782,MSEDGEWIN10,"Image: C:\Windows\System32\PING.EXE
RuleName: ''
Description: TCP/IP Ping Command
TerminalSessionId: 1
ParentCommandLine: '""C:\Windows\system32\cmd.exe"" /c ""for /l %i in (1,1,254) do ping -n 1 -w 100 192.168.1.%i""'
Product: Microsoft® Windows® Operating System
Company: Microsoft Corporation
ParentProcessId: 4528
LogonGuid: 747F3D96-D4B4-5D31-0000-002051090500
Hashes: SHA1=8757646428A176F76E6F38458A25902A8FEBA9C0,MD5=56633150D77AE242D07727B0564430BB,SHA256=741AD992403C78A8A7DBD97C74FDA06594A247E9E2FA05A40BB6945403A90056,IMPHASH=8C3BE1286CDAD6AC1136D0BB6C83FF41
ParentProcessGuid: 747F3D96-D8F6-5D31-0000-001091D13300
ProcessId: 3612
CurrentDirectory: C:\AtomicRedTeam\
ProcessGuid: 747F3D96-D8FB-5D31-0000-00108BF33300
CommandLine: ping  -n 1 -w 100 192.168.1.9
FileVersion: 10.0.17763.1 (WinBuild.160101.0800)
User: MSEDGEWIN10\IEUser
LogonId: '0x50951'
IntegrityLevel: High
ParentImage: C:\Windows\System32\cmd.exe
UtcTime: 2019-07-19 14:51:39.021
"
2019-07-19T14:51:39.537548+00:00,Hacktool - EDR-Freeze Execution;UAC Bypass Using NTFS Reparse Point - Process,data/EVTX-ATTACK-SAMPLES/AutomatedTestingTools/PanacheSysmon_vs_AtomicRedTeam01.evtx,1,Microsoft-Windows-Sysmon,1,3783,MSEDGEWIN10,"Image: C:\Windows\System32\PING.EXE
RuleName: ''
Description: TCP/IP Ping Command
TerminalSessionId: 1
ParentCommandLine: '""C:\Windows\system32\cmd.exe"" /c ""for /l %i in (1,1,254) do ping -n 1 -w 100 192.168.1.%i""'
Product: Microsoft® Windows® Operating System
Company: Microsoft Corporation
ParentProcessId: 4528
LogonGuid: 747F3D96-D4B4-5D31-0000-002051090500
Hashes: SHA1=8757646428A176F76E6F38458A25902A8FEBA9C0,MD5=56633150D77AE242D07727B0564430BB,SHA256=741AD992403C78A8A7DBD97C74FDA06594A247E9E2FA05A40BB6945403A90056,IMPHASH=8C3BE1286CDAD6AC1136D0BB6C83FF41
ParentProcessGuid: 747F3D96-D8F6-5D31-0000-001091D13300
ProcessId: 5852
CurrentDirectory: C:\AtomicRedTeam\
ProcessGuid: 747F3D96-D8FB-5D31-0000-001073F63300
CommandLine: ping  -n 1 -w 100 192.168.1.10
FileVersion: 10.0.17763.1 (WinBuild.160101.0800)
User: MSEDGEWIN10\IEUser
LogonId: '0x50951'
IntegrityLevel: High
ParentImage: C:\Windows\System32\cmd.exe
UtcTime: 2019-07-19 14:51:39.527
"
2019-07-19T14:51:40.027416+00:00,Hacktool - EDR-Freeze Execution;UAC Bypass Using NTFS Reparse Point - Process,data/EVTX-ATTACK-SAMPLES/AutomatedTestingTools/PanacheSysmon_vs_AtomicRedTeam01.evtx,1,Microsoft-Windows-Sysmon,1,3784,MSEDGEWIN10,"Image: C:\Windows\System32\PING.EXE
RuleName: ''
Description: TCP/IP Ping Command
TerminalSessionId: 1
ParentCommandLine: '""C:\Windows\system32\cmd.exe"" /c ""for /l %i in (1,1,254) do ping -n 1 -w 100 192.168.1.%i""'
Product: Microsoft® Windows® Operating System
Company: Microsoft Corporation
ParentProcessId: 4528
LogonGuid: 747F3D96-D4B4-5D31-0000-002051090500
Hashes: SHA1=8757646428A176F76E6F38458A25902A8FEBA9C0,MD5=56633150D77AE242D07727B0564430BB,SHA256=741AD992403C78A8A7DBD97C74FDA06594A247E9E2FA05A40BB6945403A90056,IMPHASH=8C3BE1286CDAD6AC1136D0BB6C83FF41
ParentProcessGuid: 747F3D96-D8F6-5D31-0000-001091D13300
ProcessId: 2412
CurrentDirectory: C:\AtomicRedTeam\
ProcessGuid: 747F3D96-D8FC-5D31-0000-001070F93300
CommandLine: ping  -n 1 -w 100 192.168.1.11
FileVersion: 10.0.17763.1 (WinBuild.160101.0800)
User: MSEDGEWIN10\IEUser
LogonId: '0x50951'
IntegrityLevel: High
ParentImage: C:\Windows\System32\cmd.exe
UtcTime: 2019-07-19 14:51:40.022
"
2019-07-19T14:51:40.431642+00:00,Hacktool - EDR-Freeze Execution;UAC Bypass Using NTFS Reparse Point - Process,data/EVTX-ATTACK-SAMPLES/AutomatedTestingTools/PanacheSysmon_vs_AtomicRedTeam01.evtx,1,Microsoft-Windows-Sysmon,1,3785,MSEDGEWIN10,"Image: C:\Windows\System32\PING.EXE
RuleName: ''
Description: TCP/IP Ping Command
TerminalSessionId: 1
ParentCommandLine: '""C:\Windows\system32\cmd.exe"" /c ""for /l %i in (1,1,254) do ping -n 1 -w 100 192.168.1.%i""'
Product: Microsoft® Windows® Operating System
Company: Microsoft Corporation
ParentProcessId: 4528
LogonGuid: 747F3D96-D4B4-5D31-0000-002051090500
Hashes: SHA1=8757646428A176F76E6F38458A25902A8FEBA9C0,MD5=56633150D77AE242D07727B0564430BB,SHA256=741AD992403C78A8A7DBD97C74FDA06594A247E9E2FA05A40BB6945403A90056,IMPHASH=8C3BE1286CDAD6AC1136D0BB6C83FF41
ParentProcessGuid: 747F3D96-D8F6-5D31-0000-001091D13300
ProcessId: 3736
CurrentDirectory: C:\AtomicRedTeam\
ProcessGuid: 747F3D96-D8FC-5D31-0000-00105AFC3300
CommandLine: ping  -n 1 -w 100 192.168.1.12
FileVersion: 10.0.17763.1 (WinBuild.160101.0800)
User: MSEDGEWIN10\IEUser
LogonId: '0x50951'
IntegrityLevel: High
ParentImage: C:\Windows\System32\cmd.exe
UtcTime: 2019-07-19 14:51:40.418
"
2019-07-19T14:51:41.066184+00:00,Hacktool - EDR-Freeze Execution;UAC Bypass Using NTFS Reparse Point - Process,data/EVTX-ATTACK-SAMPLES/AutomatedTestingTools/PanacheSysmon_vs_AtomicRedTeam01.evtx,1,Microsoft-Windows-Sysmon,1,3786,MSEDGEWIN10,"Image: C:\Windows\System32\PING.EXE
RuleName: ''
Description: TCP/IP Ping Command
TerminalSessionId: 1
ParentCommandLine: '""C:\Windows\system32\cmd.exe"" /c ""for /l %i in (1,1,254) do ping -n 1 -w 100 192.168.1.%i""'
Product: Microsoft® Windows® Operating System
Company: Microsoft Corporation
ParentProcessId: 4528
LogonGuid: 747F3D96-D4B4-5D31-0000-002051090500
Hashes: SHA1=8757646428A176F76E6F38458A25902A8FEBA9C0,MD5=56633150D77AE242D07727B0564430BB,SHA256=741AD992403C78A8A7DBD97C74FDA06594A247E9E2FA05A40BB6945403A90056,IMPHASH=8C3BE1286CDAD6AC1136D0BB6C83FF41
ParentProcessGuid: 747F3D96-D8F6-5D31-0000-001091D13300
ProcessId: 1720
CurrentDirectory: C:\AtomicRedTeam\
ProcessGuid: 747F3D96-D8FD-5D31-0000-0010650E3400
CommandLine: ping  -n 1 -w 100 192.168.1.13
FileVersion: 10.0.17763.1 (WinBuild.160101.0800)
User: MSEDGEWIN10\IEUser
LogonId: '0x50951'
IntegrityLevel: High
ParentImage: C:\Windows\System32\cmd.exe
UtcTime: 2019-07-19 14:51:41.056
"
2019-07-19T14:51:41.408155+00:00,Hacktool - EDR-Freeze Execution;UAC Bypass Using NTFS Reparse Point - Process,data/EVTX-ATTACK-SAMPLES/AutomatedTestingTools/PanacheSysmon_vs_AtomicRedTeam01.evtx,1,Microsoft-Windows-Sysmon,1,3787,MSEDGEWIN10,"Image: C:\Windows\System32\PING.EXE
RuleName: ''
Description: TCP/IP Ping Command
TerminalSessionId: 1
ParentCommandLine: '""C:\Windows\system32\cmd.exe"" /c ""for /l %i in (1,1,254) do ping -n 1 -w 100 192.168.1.%i""'
Product: Microsoft® Windows® Operating System
Company: Microsoft Corporation
ParentProcessId: 4528
LogonGuid: 747F3D96-D4B4-5D31-0000-002051090500
Hashes: SHA1=8757646428A176F76E6F38458A25902A8FEBA9C0,MD5=56633150D77AE242D07727B0564430BB,SHA256=741AD992403C78A8A7DBD97C74FDA06594A247E9E2FA05A40BB6945403A90056,IMPHASH=8C3BE1286CDAD6AC1136D0BB6C83FF41
ParentProcessGuid: 747F3D96-D8F6-5D31-0000-001091D13300
ProcessId: 752
CurrentDirectory: C:\AtomicRedTeam\
ProcessGuid: 747F3D96-D8FD-5D31-0000-00104F113400
CommandLine: ping  -n 1 -w 100 192.168.1.14
FileVersion: 10.0.17763.1 (WinBuild.160101.0800)
User: MSEDGEWIN10\IEUser
LogonId: '0x50951'
IntegrityLevel: High
ParentImage: C:\Windows\System32\cmd.exe
UtcTime: 2019-07-19 14:51:41.403
"
2019-07-19T14:51:41.894761+00:00,Hacktool - EDR-Freeze Execution;UAC Bypass Using NTFS Reparse Point - Process,data/EVTX-ATTACK-SAMPLES/AutomatedTestingTools/PanacheSysmon_vs_AtomicRedTeam01.evtx,1,Microsoft-Windows-Sysmon,1,3788,MSEDGEWIN10,"Image: C:\Windows\System32\PING.EXE
RuleName: ''
Description: TCP/IP Ping Command
TerminalSessionId: 1
ParentCommandLine: '""C:\Windows\system32\cmd.exe"" /c ""for /l %i in (1,1,254) do ping -n 1 -w 100 192.168.1.%i""'
Product: Microsoft® Windows® Operating System
Company: Microsoft Corporation
ParentProcessId: 4528
LogonGuid: 747F3D96-D4B4-5D31-0000-002051090500
Hashes: SHA1=8757646428A176F76E6F38458A25902A8FEBA9C0,MD5=56633150D77AE242D07727B0564430BB,SHA256=741AD992403C78A8A7DBD97C74FDA06594A247E9E2FA05A40BB6945403A90056,IMPHASH=8C3BE1286CDAD6AC1136D0BB6C83FF41
ParentProcessGuid: 747F3D96-D8F6-5D31-0000-001091D13300
ProcessId: 4588
CurrentDirectory: C:\AtomicRedTeam\
ProcessGuid: 747F3D96-D8FD-5D31-0000-001039143400
CommandLine: ping  -n 1 -w 100 192.168.1.15
FileVersion: 10.0.17763.1 (WinBuild.160101.0800)
User: MSEDGEWIN10\IEUser
LogonId: '0x50951'
IntegrityLevel: High
ParentImage: C:\Windows\System32\cmd.exe
UtcTime: 2019-07-19 14:51:41.890
"
2019-07-19T14:51:42.466303+00:00,Hacktool - EDR-Freeze Execution;UAC Bypass Using NTFS Reparse Point - Process,data/EVTX-ATTACK-SAMPLES/AutomatedTestingTools/PanacheSysmon_vs_AtomicRedTeam01.evtx,1,Microsoft-Windows-Sysmon,1,3789,MSEDGEWIN10,"Image: C:\Windows\System32\PING.EXE
RuleName: ''
Description: TCP/IP Ping Command
TerminalSessionId: 1
ParentCommandLine: '""C:\Windows\system32\cmd.exe"" /c ""for /l %i in (1,1,254) do ping -n 1 -w 100 192.168.1.%i""'
Product: Microsoft® Windows® Operating System
Company: Microsoft Corporation
ParentProcessId: 4528
LogonGuid: 747F3D96-D4B4-5D31-0000-002051090500
Hashes: SHA1=8757646428A176F76E6F38458A25902A8FEBA9C0,MD5=56633150D77AE242D07727B0564430BB,SHA256=741AD992403C78A8A7DBD97C74FDA06594A247E9E2FA05A40BB6945403A90056,IMPHASH=8C3BE1286CDAD6AC1136D0BB6C83FF41
ParentProcessGuid: 747F3D96-D8F6-5D31-0000-001091D13300
ProcessId: 1880
CurrentDirectory: C:\AtomicRedTeam\
ProcessGuid: 747F3D96-D8FE-5D31-0000-001023173400
CommandLine: ping  -n 1 -w 100 192.168.1.16
FileVersion: 10.0.17763.1 (WinBuild.160101.0800)
User: MSEDGEWIN10\IEUser
LogonId: '0x50951'
IntegrityLevel: High
ParentImage: C:\Windows\System32\cmd.exe
UtcTime: 2019-07-19 14:51:42.458
"
2019-07-19T14:51:43.036824+00:00,Hacktool - EDR-Freeze Execution;UAC Bypass Using NTFS Reparse Point - Process,data/EVTX-ATTACK-SAMPLES/AutomatedTestingTools/PanacheSysmon_vs_AtomicRedTeam01.evtx,1,Microsoft-Windows-Sysmon,1,3790,MSEDGEWIN10,"Image: C:\Windows\System32\PING.EXE
RuleName: ''
Description: TCP/IP Ping Command
TerminalSessionId: 1
ParentCommandLine: '""C:\Windows\system32\cmd.exe"" /c ""for /l %i in (1,1,254) do ping -n 1 -w 100 192.168.1.%i""'
Product: Microsoft® Windows® Operating System
Company: Microsoft Corporation
ParentProcessId: 4528
LogonGuid: 747F3D96-D4B4-5D31-0000-002051090500
Hashes: SHA1=8757646428A176F76E6F38458A25902A8FEBA9C0,MD5=56633150D77AE242D07727B0564430BB,SHA256=741AD992403C78A8A7DBD97C74FDA06594A247E9E2FA05A40BB6945403A90056,IMPHASH=8C3BE1286CDAD6AC1136D0BB6C83FF41
ParentProcessGuid: 747F3D96-D8F6-5D31-0000-001091D13300
ProcessId: 6172
CurrentDirectory: C:\AtomicRedTeam\
ProcessGuid: 747F3D96-D8FF-5D31-0000-00100E1A3400
CommandLine: ping  -n 1 -w 100 192.168.1.17
FileVersion: 10.0.17763.1 (WinBuild.160101.0800)
User: MSEDGEWIN10\IEUser
LogonId: '0x50951'
IntegrityLevel: High
ParentImage: C:\Windows\System32\cmd.exe
UtcTime: 2019-07-19 14:51:43.032
"
2019-07-19T14:51:43.503724+00:00,Hacktool - EDR-Freeze Execution;UAC Bypass Using NTFS Reparse Point - Process,data/EVTX-ATTACK-SAMPLES/AutomatedTestingTools/PanacheSysmon_vs_AtomicRedTeam01.evtx,1,Microsoft-Windows-Sysmon,1,3791,MSEDGEWIN10,"Image: C:\Windows\System32\PING.EXE
RuleName: ''
Description: TCP/IP Ping Command
TerminalSessionId: 1
ParentCommandLine: '""C:\Windows\system32\cmd.exe"" /c ""for /l %i in (1,1,254) do ping -n 1 -w 100 192.168.1.%i""'
Product: Microsoft® Windows® Operating System
Company: Microsoft Corporation
ParentProcessId: 4528
LogonGuid: 747F3D96-D4B4-5D31-0000-002051090500
Hashes: SHA1=8757646428A176F76E6F38458A25902A8FEBA9C0,MD5=56633150D77AE242D07727B0564430BB,SHA256=741AD992403C78A8A7DBD97C74FDA06594A247E9E2FA05A40BB6945403A90056,IMPHASH=8C3BE1286CDAD6AC1136D0BB6C83FF41
ParentProcessGuid: 747F3D96-D8F6-5D31-0000-001091D13300
ProcessId: 4316
CurrentDirectory: C:\AtomicRedTeam\
ProcessGuid: 747F3D96-D8FF-5D31-0000-0010C5203400
CommandLine: ping  -n 1 -w 100 192.168.1.18
FileVersion: 10.0.17763.1 (WinBuild.160101.0800)
User: MSEDGEWIN10\IEUser
LogonId: '0x50951'
IntegrityLevel: High
ParentImage: C:\Windows\System32\cmd.exe
UtcTime: 2019-07-19 14:51:43.499
"
2019-07-19T14:51:44.030206+00:00,Hacktool - EDR-Freeze Execution;UAC Bypass Using NTFS Reparse Point - Process,data/EVTX-ATTACK-SAMPLES/AutomatedTestingTools/PanacheSysmon_vs_AtomicRedTeam01.evtx,1,Microsoft-Windows-Sysmon,1,3792,MSEDGEWIN10,"Image: C:\Windows\System32\PING.EXE
RuleName: ''
Description: TCP/IP Ping Command
TerminalSessionId: 1
ParentCommandLine: '""C:\Windows\system32\cmd.exe"" /c ""for /l %i in (1,1,254) do ping -n 1 -w 100 192.168.1.%i""'
Product: Microsoft® Windows® Operating System
Company: Microsoft Corporation
ParentProcessId: 4528
LogonGuid: 747F3D96-D4B4-5D31-0000-002051090500
Hashes: SHA1=8757646428A176F76E6F38458A25902A8FEBA9C0,MD5=56633150D77AE242D07727B0564430BB,SHA256=741AD992403C78A8A7DBD97C74FDA06594A247E9E2FA05A40BB6945403A90056,IMPHASH=8C3BE1286CDAD6AC1136D0BB6C83FF41
ParentProcessGuid: 747F3D96-D8F6-5D31-0000-001091D13300
ProcessId: 6084
CurrentDirectory: C:\AtomicRedTeam\
ProcessGuid: 747F3D96-D900-5D31-0000-0010B0233400
CommandLine: ping  -n 1 -w 100 192.168.1.19
FileVersion: 10.0.17763.1 (WinBuild.160101.0800)
User: MSEDGEWIN10\IEUser
LogonId: '0x50951'
IntegrityLevel: High
ParentImage: C:\Windows\System32\cmd.exe
UtcTime: 2019-07-19 14:51:44.025
"
2019-07-19T14:51:44.507584+00:00,Hacktool - EDR-Freeze Execution;UAC Bypass Using NTFS Reparse Point - Process,data/EVTX-ATTACK-SAMPLES/AutomatedTestingTools/PanacheSysmon_vs_AtomicRedTeam01.evtx,1,Microsoft-Windows-Sysmon,1,3793,MSEDGEWIN10,"Image: C:\Windows\System32\PING.EXE
RuleName: ''
Description: TCP/IP Ping Command
TerminalSessionId: 1
ParentCommandLine: '""C:\Windows\system32\cmd.exe"" /c ""for /l %i in (1,1,254) do ping -n 1 -w 100 192.168.1.%i""'
Product: Microsoft® Windows® Operating System
Company: Microsoft Corporation
ParentProcessId: 4528
LogonGuid: 747F3D96-D4B4-5D31-0000-002051090500
Hashes: SHA1=8757646428A176F76E6F38458A25902A8FEBA9C0,MD5=56633150D77AE242D07727B0564430BB,SHA256=741AD992403C78A8A7DBD97C74FDA06594A247E9E2FA05A40BB6945403A90056,IMPHASH=8C3BE1286CDAD6AC1136D0BB6C83FF41
ParentProcessGuid: 747F3D96-D8F6-5D31-0000-001091D13300
ProcessId: 2416
CurrentDirectory: C:\AtomicRedTeam\
ProcessGuid: 747F3D96-D900-5D31-0000-00109C263400
CommandLine: ping  -n 1 -w 100 192.168.1.20
FileVersion: 10.0.17763.1 (WinBuild.160101.0800)
User: MSEDGEWIN10\IEUser
LogonId: '0x50951'
IntegrityLevel: High
ParentImage: C:\Windows\System32\cmd.exe
UtcTime: 2019-07-19 14:51:44.503
"
2019-07-19T14:51:45.011023+00:00,Hacktool - EDR-Freeze Execution;UAC Bypass Using NTFS Reparse Point - Process,data/EVTX-ATTACK-SAMPLES/AutomatedTestingTools/PanacheSysmon_vs_AtomicRedTeam01.evtx,1,Microsoft-Windows-Sysmon,1,3794,MSEDGEWIN10,"Image: C:\Windows\System32\PING.EXE
RuleName: ''
Description: TCP/IP Ping Command
TerminalSessionId: 1
ParentCommandLine: '""C:\Windows\system32\cmd.exe"" /c ""for /l %i in (1,1,254) do ping -n 1 -w 100 192.168.1.%i""'
Product: Microsoft® Windows® Operating System
Company: Microsoft Corporation
ParentProcessId: 4528
LogonGuid: 747F3D96-D4B4-5D31-0000-002051090500
Hashes: SHA1=8757646428A176F76E6F38458A25902A8FEBA9C0,MD5=56633150D77AE242D07727B0564430BB,SHA256=741AD992403C78A8A7DBD97C74FDA06594A247E9E2FA05A40BB6945403A90056,IMPHASH=8C3BE1286CDAD6AC1136D0BB6C83FF41
ParentProcessGuid: 747F3D96-D8F6-5D31-0000-001091D13300
ProcessId: 4104
CurrentDirectory: C:\AtomicRedTeam\
ProcessGuid: 747F3D96-D901-5D31-0000-001086293400
CommandLine: ping  -n 1 -w 100 192.168.1.21
FileVersion: 10.0.17763.1 (WinBuild.160101.0800)
User: MSEDGEWIN10\IEUser
LogonId: '0x50951'
IntegrityLevel: High
ParentImage: C:\Windows\System32\cmd.exe
UtcTime: 2019-07-19 14:51:45.000
"
2019-07-19T14:51:45.501103+00:00,Hacktool - EDR-Freeze Execution;UAC Bypass Using NTFS Reparse Point - Process,data/EVTX-ATTACK-SAMPLES/AutomatedTestingTools/PanacheSysmon_vs_AtomicRedTeam01.evtx,1,Microsoft-Windows-Sysmon,1,3795,MSEDGEWIN10,"Image: C:\Windows\System32\PING.EXE
RuleName: ''
Description: TCP/IP Ping Command
TerminalSessionId: 1
ParentCommandLine: '""C:\Windows\system32\cmd.exe"" /c ""for /l %i in (1,1,254) do ping -n 1 -w 100 192.168.1.%i""'
Product: Microsoft® Windows® Operating System
Company: Microsoft Corporation
ParentProcessId: 4528
LogonGuid: 747F3D96-D4B4-5D31-0000-002051090500
Hashes: SHA1=8757646428A176F76E6F38458A25902A8FEBA9C0,MD5=56633150D77AE242D07727B0564430BB,SHA256=741AD992403C78A8A7DBD97C74FDA06594A247E9E2FA05A40BB6945403A90056,IMPHASH=8C3BE1286CDAD6AC1136D0BB6C83FF41
ParentProcessGuid: 747F3D96-D8F6-5D31-0000-001091D13300
ProcessId: 5112
CurrentDirectory: C:\AtomicRedTeam\
ProcessGuid: 747F3D96-D901-5D31-0000-0010712C3400
CommandLine: ping  -n 1 -w 100 192.168.1.22
FileVersion: 10.0.17763.1 (WinBuild.160101.0800)
User: MSEDGEWIN10\IEUser
LogonId: '0x50951'
IntegrityLevel: High
ParentImage: C:\Windows\System32\cmd.exe
UtcTime: 2019-07-19 14:51:45.496
"
2019-07-19T14:51:46.007997+00:00,Hacktool - EDR-Freeze Execution;UAC Bypass Using NTFS Reparse Point - Process,data/EVTX-ATTACK-SAMPLES/AutomatedTestingTools/PanacheSysmon_vs_AtomicRedTeam01.evtx,1,Microsoft-Windows-Sysmon,1,3796,MSEDGEWIN10,"Image: C:\Windows\System32\PING.EXE
RuleName: ''
Description: TCP/IP Ping Command
TerminalSessionId: 1
ParentCommandLine: '""C:\Windows\system32\cmd.exe"" /c ""for /l %i in (1,1,254) do ping -n 1 -w 100 192.168.1.%i""'
Product: Microsoft® Windows® Operating System
Company: Microsoft Corporation
ParentProcessId: 4528
LogonGuid: 747F3D96-D4B4-5D31-0000-002051090500
Hashes: SHA1=8757646428A176F76E6F38458A25902A8FEBA9C0,MD5=56633150D77AE242D07727B0564430BB,SHA256=741AD992403C78A8A7DBD97C74FDA06594A247E9E2FA05A40BB6945403A90056,IMPHASH=8C3BE1286CDAD6AC1136D0BB6C83FF41
ParentProcessGuid: 747F3D96-D8F6-5D31-0000-001091D13300
ProcessId: 1104
CurrentDirectory: C:\AtomicRedTeam\
ProcessGuid: 747F3D96-D902-5D31-0000-00105B2F3400
CommandLine: ping  -n 1 -w 100 192.168.1.23
FileVersion: 10.0.17763.1 (WinBuild.160101.0800)
User: MSEDGEWIN10\IEUser
LogonId: '0x50951'
IntegrityLevel: High
ParentImage: C:\Windows\System32\cmd.exe
UtcTime: 2019-07-19 14:51:46.003
"
2019-07-19T14:51:46.500643+00:00,Hacktool - EDR-Freeze Execution;UAC Bypass Using NTFS Reparse Point - Process,data/EVTX-ATTACK-SAMPLES/AutomatedTestingTools/PanacheSysmon_vs_AtomicRedTeam01.evtx,1,Microsoft-Windows-Sysmon,1,3797,MSEDGEWIN10,"Image: C:\Windows\System32\PING.EXE
RuleName: ''
Description: TCP/IP Ping Command
TerminalSessionId: 1
ParentCommandLine: '""C:\Windows\system32\cmd.exe"" /c ""for /l %i in (1,1,254) do ping -n 1 -w 100 192.168.1.%i""'
Product: Microsoft® Windows® Operating System
Company: Microsoft Corporation
ParentProcessId: 4528
LogonGuid: 747F3D96-D4B4-5D31-0000-002051090500
Hashes: SHA1=8757646428A176F76E6F38458A25902A8FEBA9C0,MD5=56633150D77AE242D07727B0564430BB,SHA256=741AD992403C78A8A7DBD97C74FDA06594A247E9E2FA05A40BB6945403A90056,IMPHASH=8C3BE1286CDAD6AC1136D0BB6C83FF41
ParentProcessGuid: 747F3D96-D8F6-5D31-0000-001091D13300
ProcessId: 4700
CurrentDirectory: C:\AtomicRedTeam\
ProcessGuid: 747F3D96-D902-5D31-0000-0010B2393400
CommandLine: ping  -n 1 -w 100 192.168.1.24
FileVersion: 10.0.17763.1 (WinBuild.160101.0800)
User: MSEDGEWIN10\IEUser
LogonId: '0x50951'
IntegrityLevel: High
ParentImage: C:\Windows\System32\cmd.exe
UtcTime: 2019-07-19 14:51:46.493
"
2019-07-19T14:51:47.022477+00:00,Hacktool - EDR-Freeze Execution;UAC Bypass Using NTFS Reparse Point - Process,data/EVTX-ATTACK-SAMPLES/AutomatedTestingTools/PanacheSysmon_vs_AtomicRedTeam01.evtx,1,Microsoft-Windows-Sysmon,1,3798,MSEDGEWIN10,"Image: C:\Windows\System32\PING.EXE
RuleName: ''
Description: TCP/IP Ping Command
TerminalSessionId: 1
ParentCommandLine: '""C:\Windows\system32\cmd.exe"" /c ""for /l %i in (1,1,254) do ping -n 1 -w 100 192.168.1.%i""'
Product: Microsoft® Windows® Operating System
Company: Microsoft Corporation
ParentProcessId: 4528
LogonGuid: 747F3D96-D4B4-5D31-0000-002051090500
Hashes: SHA1=8757646428A176F76E6F38458A25902A8FEBA9C0,MD5=56633150D77AE242D07727B0564430BB,SHA256=741AD992403C78A8A7DBD97C74FDA06594A247E9E2FA05A40BB6945403A90056,IMPHASH=8C3BE1286CDAD6AC1136D0BB6C83FF41
ParentProcessGuid: 747F3D96-D8F6-5D31-0000-001091D13300
ProcessId: 6104
CurrentDirectory: C:\AtomicRedTeam\
ProcessGuid: 747F3D96-D903-5D31-0000-00109D3C3400
CommandLine: ping  -n 1 -w 100 192.168.1.25
FileVersion: 10.0.17763.1 (WinBuild.160101.0800)
User: MSEDGEWIN10\IEUser
LogonId: '0x50951'
IntegrityLevel: High
ParentImage: C:\Windows\System32\cmd.exe
UtcTime: 2019-07-19 14:51:47.017
"
2019-07-19T14:51:47.546212+00:00,Hacktool - EDR-Freeze Execution;UAC Bypass Using NTFS Reparse Point - Process,data/EVTX-ATTACK-SAMPLES/AutomatedTestingTools/PanacheSysmon_vs_AtomicRedTeam01.evtx,1,Microsoft-Windows-Sysmon,1,3799,MSEDGEWIN10,"Image: C:\Windows\System32\PING.EXE
RuleName: ''
Description: TCP/IP Ping Command
TerminalSessionId: 1
ParentCommandLine: '""C:\Windows\system32\cmd.exe"" /c ""for /l %i in (1,1,254) do ping -n 1 -w 100 192.168.1.%i""'
Product: Microsoft® Windows® Operating System
Company: Microsoft Corporation
ParentProcessId: 4528
LogonGuid: 747F3D96-D4B4-5D31-0000-002051090500
Hashes: SHA1=8757646428A176F76E6F38458A25902A8FEBA9C0,MD5=56633150D77AE242D07727B0564430BB,SHA256=741AD992403C78A8A7DBD97C74FDA06594A247E9E2FA05A40BB6945403A90056,IMPHASH=8C3BE1286CDAD6AC1136D0BB6C83FF41
ParentProcessGuid: 747F3D96-D8F6-5D31-0000-001091D13300
ProcessId: 3216
CurrentDirectory: C:\AtomicRedTeam\
ProcessGuid: 747F3D96-D903-5D31-0000-0010873F3400
CommandLine: ping  -n 1 -w 100 192.168.1.26
FileVersion: 10.0.17763.1 (WinBuild.160101.0800)
User: MSEDGEWIN10\IEUser
LogonId: '0x50951'
IntegrityLevel: High
ParentImage: C:\Windows\System32\cmd.exe
UtcTime: 2019-07-19 14:51:47.541
"
2019-07-19T14:51:48.044107+00:00,Hacktool - EDR-Freeze Execution;UAC Bypass Using NTFS Reparse Point - Process,data/EVTX-ATTACK-SAMPLES/AutomatedTestingTools/PanacheSysmon_vs_AtomicRedTeam01.evtx,1,Microsoft-Windows-Sysmon,1,3800,MSEDGEWIN10,"Image: C:\Windows\System32\PING.EXE
RuleName: ''
Description: TCP/IP Ping Command
TerminalSessionId: 1
ParentCommandLine: '""C:\Windows\system32\cmd.exe"" /c ""for /l %i in (1,1,254) do ping -n 1 -w 100 192.168.1.%i""'
Product: Microsoft® Windows® Operating System
Company: Microsoft Corporation
ParentProcessId: 4528
LogonGuid: 747F3D96-D4B4-5D31-0000-002051090500
Hashes: SHA1=8757646428A176F76E6F38458A25902A8FEBA9C0,MD5=56633150D77AE242D07727B0564430BB,SHA256=741AD992403C78A8A7DBD97C74FDA06594A247E9E2FA05A40BB6945403A90056,IMPHASH=8C3BE1286CDAD6AC1136D0BB6C83FF41
ParentProcessGuid: 747F3D96-D8F6-5D31-0000-001091D13300
ProcessId: 1492
CurrentDirectory: C:\AtomicRedTeam\
ProcessGuid: 747F3D96-D904-5D31-0000-001084423400
CommandLine: ping  -n 1 -w 100 192.168.1.27
FileVersion: 10.0.17763.1 (WinBuild.160101.0800)
User: MSEDGEWIN10\IEUser
LogonId: '0x50951'
IntegrityLevel: High
ParentImage: C:\Windows\System32\cmd.exe
UtcTime: 2019-07-19 14:51:48.039
"
2019-07-19T14:51:48.507060+00:00,Hacktool - EDR-Freeze Execution;UAC Bypass Using NTFS Reparse Point - Process,data/EVTX-ATTACK-SAMPLES/AutomatedTestingTools/PanacheSysmon_vs_AtomicRedTeam01.evtx,1,Microsoft-Windows-Sysmon,1,3801,MSEDGEWIN10,"Image: C:\Windows\System32\PING.EXE
RuleName: ''
Description: TCP/IP Ping Command
TerminalSessionId: 1
ParentCommandLine: '""C:\Windows\system32\cmd.exe"" /c ""for /l %i in (1,1,254) do ping -n 1 -w 100 192.168.1.%i""'
Product: Microsoft® Windows® Operating System
Company: Microsoft Corporation
ParentProcessId: 4528
LogonGuid: 747F3D96-D4B4-5D31-0000-002051090500
Hashes: SHA1=8757646428A176F76E6F38458A25902A8FEBA9C0,MD5=56633150D77AE242D07727B0564430BB,SHA256=741AD992403C78A8A7DBD97C74FDA06594A247E9E2FA05A40BB6945403A90056,IMPHASH=8C3BE1286CDAD6AC1136D0BB6C83FF41
ParentProcessGuid: 747F3D96-D8F6-5D31-0000-001091D13300
ProcessId: 1316
CurrentDirectory: C:\AtomicRedTeam\
ProcessGuid: 747F3D96-D904-5D31-0000-00106E453400
CommandLine: ping  -n 1 -w 100 192.168.1.28
FileVersion: 10.0.17763.1 (WinBuild.160101.0800)
User: MSEDGEWIN10\IEUser
LogonId: '0x50951'
IntegrityLevel: High
ParentImage: C:\Windows\System32\cmd.exe
UtcTime: 2019-07-19 14:51:48.502
"
2019-07-19T14:51:49.010847+00:00,Hacktool - EDR-Freeze Execution;UAC Bypass Using NTFS Reparse Point - Process,data/EVTX-ATTACK-SAMPLES/AutomatedTestingTools/PanacheSysmon_vs_AtomicRedTeam01.evtx,1,Microsoft-Windows-Sysmon,1,3802,MSEDGEWIN10,"Image: C:\Windows\System32\PING.EXE
RuleName: ''
Description: TCP/IP Ping Command
TerminalSessionId: 1
ParentCommandLine: '""C:\Windows\system32\cmd.exe"" /c ""for /l %i in (1,1,254) do ping -n 1 -w 100 192.168.1.%i""'
Product: Microsoft® Windows® Operating System
Company: Microsoft Corporation
ParentProcessId: 4528
LogonGuid: 747F3D96-D4B4-5D31-0000-002051090500
Hashes: SHA1=8757646428A176F76E6F38458A25902A8FEBA9C0,MD5=56633150D77AE242D07727B0564430BB,SHA256=741AD992403C78A8A7DBD97C74FDA06594A247E9E2FA05A40BB6945403A90056,IMPHASH=8C3BE1286CDAD6AC1136D0BB6C83FF41
ParentProcessGuid: 747F3D96-D8F6-5D31-0000-001091D13300
ProcessId: 5640
CurrentDirectory: C:\AtomicRedTeam\
ProcessGuid: 747F3D96-D905-5D31-0000-001058483400
CommandLine: ping  -n 1 -w 100 192.168.1.29
FileVersion: 10.0.17763.1 (WinBuild.160101.0800)
User: MSEDGEWIN10\IEUser
LogonId: '0x50951'
IntegrityLevel: High
ParentImage: C:\Windows\System32\cmd.exe
UtcTime: 2019-07-19 14:51:49.000
"
2019-07-19T14:51:49.550572+00:00,Hacktool - EDR-Freeze Execution;UAC Bypass Using NTFS Reparse Point - Process,data/EVTX-ATTACK-SAMPLES/AutomatedTestingTools/PanacheSysmon_vs_AtomicRedTeam01.evtx,1,Microsoft-Windows-Sysmon,1,3803,MSEDGEWIN10,"Image: C:\Windows\System32\PING.EXE
RuleName: ''
Description: TCP/IP Ping Command
TerminalSessionId: 1
ParentCommandLine: '""C:\Windows\system32\cmd.exe"" /c ""for /l %i in (1,1,254) do ping -n 1 -w 100 192.168.1.%i""'
Product: Microsoft® Windows® Operating System
Company: Microsoft Corporation
ParentProcessId: 4528
LogonGuid: 747F3D96-D4B4-5D31-0000-002051090500
Hashes: SHA1=8757646428A176F76E6F38458A25902A8FEBA9C0,MD5=56633150D77AE242D07727B0564430BB,SHA256=741AD992403C78A8A7DBD97C74FDA06594A247E9E2FA05A40BB6945403A90056,IMPHASH=8C3BE1286CDAD6AC1136D0BB6C83FF41
ParentProcessGuid: 747F3D96-D8F6-5D31-0000-001091D13300
ProcessId: 2928
CurrentDirectory: C:\AtomicRedTeam\
ProcessGuid: 747F3D96-D905-5D31-0000-0010554B3400
CommandLine: ping  -n 1 -w 100 192.168.1.30
FileVersion: 10.0.17763.1 (WinBuild.160101.0800)
User: MSEDGEWIN10\IEUser
LogonId: '0x50951'
IntegrityLevel: High
ParentImage: C:\Windows\System32\cmd.exe
UtcTime: 2019-07-19 14:51:49.545
"
2019-07-19T14:51:50.021861+00:00,Hacktool - EDR-Freeze Execution;UAC Bypass Using NTFS Reparse Point - Process,data/EVTX-ATTACK-SAMPLES/AutomatedTestingTools/PanacheSysmon_vs_AtomicRedTeam01.evtx,1,Microsoft-Windows-Sysmon,1,3804,MSEDGEWIN10,"Image: C:\Windows\System32\PING.EXE
RuleName: ''
Description: TCP/IP Ping Command
TerminalSessionId: 1
ParentCommandLine: '""C:\Windows\system32\cmd.exe"" /c ""for /l %i in (1,1,254) do ping -n 1 -w 100 192.168.1.%i""'
Product: Microsoft® Windows® Operating System
Company: Microsoft Corporation
ParentProcessId: 4528
LogonGuid: 747F3D96-D4B4-5D31-0000-002051090500
Hashes: SHA1=8757646428A176F76E6F38458A25902A8FEBA9C0,MD5=56633150D77AE242D07727B0564430BB,SHA256=741AD992403C78A8A7DBD97C74FDA06594A247E9E2FA05A40BB6945403A90056,IMPHASH=8C3BE1286CDAD6AC1136D0BB6C83FF41
ParentProcessGuid: 747F3D96-D8F6-5D31-0000-001091D13300
ProcessId: 1952
CurrentDirectory: C:\AtomicRedTeam\
ProcessGuid: 747F3D96-D906-5D31-0000-00103F4E3400
CommandLine: ping  -n 1 -w 100 192.168.1.31
FileVersion: 10.0.17763.1 (WinBuild.160101.0800)
User: MSEDGEWIN10\IEUser
LogonId: '0x50951'
IntegrityLevel: High
ParentImage: C:\Windows\System32\cmd.exe
UtcTime: 2019-07-19 14:51:50.015
"
2019-07-19T14:51:50.507309+00:00,Hacktool - EDR-Freeze Execution;UAC Bypass Using NTFS Reparse Point - Process,data/EVTX-ATTACK-SAMPLES/AutomatedTestingTools/PanacheSysmon_vs_AtomicRedTeam01.evtx,1,Microsoft-Windows-Sysmon,1,3805,MSEDGEWIN10,"Image: C:\Windows\System32\PING.EXE
RuleName: ''
Description: TCP/IP Ping Command
TerminalSessionId: 1
ParentCommandLine: '""C:\Windows\system32\cmd.exe"" /c ""for /l %i in (1,1,254) do ping -n 1 -w 100 192.168.1.%i""'
Product: Microsoft® Windows® Operating System
Company: Microsoft Corporation
ParentProcessId: 4528
LogonGuid: 747F3D96-D4B4-5D31-0000-002051090500
Hashes: SHA1=8757646428A176F76E6F38458A25902A8FEBA9C0,MD5=56633150D77AE242D07727B0564430BB,SHA256=741AD992403C78A8A7DBD97C74FDA06594A247E9E2FA05A40BB6945403A90056,IMPHASH=8C3BE1286CDAD6AC1136D0BB6C83FF41
ParentProcessGuid: 747F3D96-D8F6-5D31-0000-001091D13300
ProcessId: 3760
CurrentDirectory: C:\AtomicRedTeam\
ProcessGuid: 747F3D96-D906-5D31-0000-001029513400
CommandLine: ping  -n 1 -w 100 192.168.1.32
FileVersion: 10.0.17763.1 (WinBuild.160101.0800)
User: MSEDGEWIN10\IEUser
LogonId: '0x50951'
IntegrityLevel: High
ParentImage: C:\Windows\System32\cmd.exe
UtcTime: 2019-07-19 14:51:50.498
"
2019-07-19T14:51:51.013865+00:00,Hacktool - EDR-Freeze Execution;UAC Bypass Using NTFS Reparse Point - Process,data/EVTX-ATTACK-SAMPLES/AutomatedTestingTools/PanacheSysmon_vs_AtomicRedTeam01.evtx,1,Microsoft-Windows-Sysmon,1,3806,MSEDGEWIN10,"Image: C:\Windows\System32\PING.EXE
RuleName: ''
Description: TCP/IP Ping Command
TerminalSessionId: 1
ParentCommandLine: '""C:\Windows\system32\cmd.exe"" /c ""for /l %i in (1,1,254) do ping -n 1 -w 100 192.168.1.%i""'
Product: Microsoft® Windows® Operating System
Company: Microsoft Corporation
ParentProcessId: 4528
LogonGuid: 747F3D96-D4B4-5D31-0000-002051090500
Hashes: SHA1=8757646428A176F76E6F38458A25902A8FEBA9C0,MD5=56633150D77AE242D07727B0564430BB,SHA256=741AD992403C78A8A7DBD97C74FDA06594A247E9E2FA05A40BB6945403A90056,IMPHASH=8C3BE1286CDAD6AC1136D0BB6C83FF41
ParentProcessGuid: 747F3D96-D8F6-5D31-0000-001091D13300
ProcessId: 1992
CurrentDirectory: C:\AtomicRedTeam\
ProcessGuid: 747F3D96-D907-5D31-0000-001013543400
CommandLine: ping  -n 1 -w 100 192.168.1.33
FileVersion: 10.0.17763.1 (WinBuild.160101.0800)
User: MSEDGEWIN10\IEUser
LogonId: '0x50951'
IntegrityLevel: High
ParentImage: C:\Windows\System32\cmd.exe
UtcTime: 2019-07-19 14:51:51.008
"
2019-07-19T14:51:51.520524+00:00,Hacktool - EDR-Freeze Execution;UAC Bypass Using NTFS Reparse Point - Process,data/EVTX-ATTACK-SAMPLES/AutomatedTestingTools/PanacheSysmon_vs_AtomicRedTeam01.evtx,1,Microsoft-Windows-Sysmon,1,3807,MSEDGEWIN10,"Image: C:\Windows\System32\PING.EXE
RuleName: ''
Description: TCP/IP Ping Command
TerminalSessionId: 1
ParentCommandLine: '""C:\Windows\system32\cmd.exe"" /c ""for /l %i in (1,1,254) do ping -n 1 -w 100 192.168.1.%i""'
Product: Microsoft® Windows® Operating System
Company: Microsoft Corporation
ParentProcessId: 4528
LogonGuid: 747F3D96-D4B4-5D31-0000-002051090500
Hashes: SHA1=8757646428A176F76E6F38458A25902A8FEBA9C0,MD5=56633150D77AE242D07727B0564430BB,SHA256=741AD992403C78A8A7DBD97C74FDA06594A247E9E2FA05A40BB6945403A90056,IMPHASH=8C3BE1286CDAD6AC1136D0BB6C83FF41
ParentProcessGuid: 747F3D96-D8F6-5D31-0000-001091D13300
ProcessId: 4788
CurrentDirectory: C:\AtomicRedTeam\
ProcessGuid: 747F3D96-D907-5D31-0000-0010DA5C3400
CommandLine: ping  -n 1 -w 100 192.168.1.34
FileVersion: 10.0.17763.1 (WinBuild.160101.0800)
User: MSEDGEWIN10\IEUser
LogonId: '0x50951'
IntegrityLevel: High
ParentImage: C:\Windows\System32\cmd.exe
UtcTime: 2019-07-19 14:51:51.516
"
2019-07-19T14:51:52.008685+00:00,Hacktool - EDR-Freeze Execution;UAC Bypass Using NTFS Reparse Point - Process,data/EVTX-ATTACK-SAMPLES/AutomatedTestingTools/PanacheSysmon_vs_AtomicRedTeam01.evtx,1,Microsoft-Windows-Sysmon,1,3808,MSEDGEWIN10,"Image: C:\Windows\System32\PING.EXE
RuleName: ''
Description: TCP/IP Ping Command
TerminalSessionId: 1
ParentCommandLine: '""C:\Windows\system32\cmd.exe"" /c ""for /l %i in (1,1,254) do ping -n 1 -w 100 192.168.1.%i""'
Product: Microsoft® Windows® Operating System
Company: Microsoft Corporation
ParentProcessId: 4528
LogonGuid: 747F3D96-D4B4-5D31-0000-002051090500
Hashes: SHA1=8757646428A176F76E6F38458A25902A8FEBA9C0,MD5=56633150D77AE242D07727B0564430BB,SHA256=741AD992403C78A8A7DBD97C74FDA06594A247E9E2FA05A40BB6945403A90056,IMPHASH=8C3BE1286CDAD6AC1136D0BB6C83FF41
ParentProcessGuid: 747F3D96-D8F6-5D31-0000-001091D13300
ProcessId: 3212
CurrentDirectory: C:\AtomicRedTeam\
ProcessGuid: 747F3D96-D908-5D31-0000-0010C45F3400
CommandLine: ping  -n 1 -w 100 192.168.1.35
FileVersion: 10.0.17763.1 (WinBuild.160101.0800)
User: MSEDGEWIN10\IEUser
LogonId: '0x50951'
IntegrityLevel: High
ParentImage: C:\Windows\System32\cmd.exe
UtcTime: 2019-07-19 14:51:52.003
"
2019-07-19T14:51:52.448024+00:00,Hacktool - EDR-Freeze Execution;UAC Bypass Using NTFS Reparse Point - Process,data/EVTX-ATTACK-SAMPLES/AutomatedTestingTools/PanacheSysmon_vs_AtomicRedTeam01.evtx,1,Microsoft-Windows-Sysmon,1,3809,MSEDGEWIN10,"Image: C:\Windows\System32\PING.EXE
RuleName: ''
Description: TCP/IP Ping Command
TerminalSessionId: 1
ParentCommandLine: '""C:\Windows\system32\cmd.exe"" /c ""for /l %i in (1,1,254) do ping -n 1 -w 100 192.168.1.%i""'
Product: Microsoft® Windows® Operating System
Company: Microsoft Corporation
ParentProcessId: 4528
LogonGuid: 747F3D96-D4B4-5D31-0000-002051090500
Hashes: SHA1=8757646428A176F76E6F38458A25902A8FEBA9C0,MD5=56633150D77AE242D07727B0564430BB,SHA256=741AD992403C78A8A7DBD97C74FDA06594A247E9E2FA05A40BB6945403A90056,IMPHASH=8C3BE1286CDAD6AC1136D0BB6C83FF41
ParentProcessGuid: 747F3D96-D8F6-5D31-0000-001091D13300
ProcessId: 2552
CurrentDirectory: C:\AtomicRedTeam\
ProcessGuid: 747F3D96-D908-5D31-0000-0010B2623400
CommandLine: ping  -n 1 -w 100 192.168.1.36
FileVersion: 10.0.17763.1 (WinBuild.160101.0800)
User: MSEDGEWIN10\IEUser
LogonId: '0x50951'
IntegrityLevel: High
ParentImage: C:\Windows\System32\cmd.exe
UtcTime: 2019-07-19 14:51:52.442
"
2019-07-19T14:51:53.019662+00:00,Hacktool - EDR-Freeze Execution;UAC Bypass Using NTFS Reparse Point - Process,data/EVTX-ATTACK-SAMPLES/AutomatedTestingTools/PanacheSysmon_vs_AtomicRedTeam01.evtx,1,Microsoft-Windows-Sysmon,1,3810,MSEDGEWIN10,"Image: C:\Windows\System32\PING.EXE
RuleName: ''
Description: TCP/IP Ping Command
TerminalSessionId: 1
ParentCommandLine: '""C:\Windows\system32\cmd.exe"" /c ""for /l %i in (1,1,254) do ping -n 1 -w 100 192.168.1.%i""'
Product: Microsoft® Windows® Operating System
Company: Microsoft Corporation
ParentProcessId: 4528
LogonGuid: 747F3D96-D4B4-5D31-0000-002051090500
Hashes: SHA1=8757646428A176F76E6F38458A25902A8FEBA9C0,MD5=56633150D77AE242D07727B0564430BB,SHA256=741AD992403C78A8A7DBD97C74FDA06594A247E9E2FA05A40BB6945403A90056,IMPHASH=8C3BE1286CDAD6AC1136D0BB6C83FF41
ParentProcessGuid: 747F3D96-D8F6-5D31-0000-001091D13300
ProcessId: 2932
CurrentDirectory: C:\AtomicRedTeam\
ProcessGuid: 747F3D96-D909-5D31-0000-00109E653400
CommandLine: ping  -n 1 -w 100 192.168.1.37
FileVersion: 10.0.17763.1 (WinBuild.160101.0800)
User: MSEDGEWIN10\IEUser
LogonId: '0x50951'
IntegrityLevel: High
ParentImage: C:\Windows\System32\cmd.exe
UtcTime: 2019-07-19 14:51:53.015
"
2019-07-19T14:51:53.546069+00:00,Hacktool - EDR-Freeze Execution;UAC Bypass Using NTFS Reparse Point - Process,data/EVTX-ATTACK-SAMPLES/AutomatedTestingTools/PanacheSysmon_vs_AtomicRedTeam01.evtx,1,Microsoft-Windows-Sysmon,1,3811,MSEDGEWIN10,"Image: C:\Windows\System32\PING.EXE
RuleName: ''
Description: TCP/IP Ping Command
TerminalSessionId: 1
ParentCommandLine: '""C:\Windows\system32\cmd.exe"" /c ""for /l %i in (1,1,254) do ping -n 1 -w 100 192.168.1.%i""'
Product: Microsoft® Windows® Operating System
Company: Microsoft Corporation
ParentProcessId: 4528
LogonGuid: 747F3D96-D4B4-5D31-0000-002051090500
Hashes: SHA1=8757646428A176F76E6F38458A25902A8FEBA9C0,MD5=56633150D77AE242D07727B0564430BB,SHA256=741AD992403C78A8A7DBD97C74FDA06594A247E9E2FA05A40BB6945403A90056,IMPHASH=8C3BE1286CDAD6AC1136D0BB6C83FF41
ParentProcessGuid: 747F3D96-D8F6-5D31-0000-001091D13300
ProcessId: 6616
CurrentDirectory: C:\AtomicRedTeam\
ProcessGuid: 747F3D96-D909-5D31-0000-001088683400
CommandLine: ping  -n 1 -w 100 192.168.1.38
FileVersion: 10.0.17763.1 (WinBuild.160101.0800)
User: MSEDGEWIN10\IEUser
LogonId: '0x50951'
IntegrityLevel: High
ParentImage: C:\Windows\System32\cmd.exe
UtcTime: 2019-07-19 14:51:53.537
"
2019-07-19T14:51:54.036268+00:00,Hacktool - EDR-Freeze Execution;UAC Bypass Using NTFS Reparse Point - Process,data/EVTX-ATTACK-SAMPLES/AutomatedTestingTools/PanacheSysmon_vs_AtomicRedTeam01.evtx,1,Microsoft-Windows-Sysmon,1,3812,MSEDGEWIN10,"Image: C:\Windows\System32\PING.EXE
RuleName: ''
Description: TCP/IP Ping Command
TerminalSessionId: 1
ParentCommandLine: '""C:\Windows\system32\cmd.exe"" /c ""for /l %i in (1,1,254) do ping -n 1 -w 100 192.168.1.%i""'
Product: Microsoft® Windows® Operating System
Company: Microsoft Corporation
ParentProcessId: 4528
LogonGuid: 747F3D96-D4B4-5D31-0000-002051090500
Hashes: SHA1=8757646428A176F76E6F38458A25902A8FEBA9C0,MD5=56633150D77AE242D07727B0564430BB,SHA256=741AD992403C78A8A7DBD97C74FDA06594A247E9E2FA05A40BB6945403A90056,IMPHASH=8C3BE1286CDAD6AC1136D0BB6C83FF41
ParentProcessGuid: 747F3D96-D8F6-5D31-0000-001091D13300
ProcessId: 4312
CurrentDirectory: C:\AtomicRedTeam\
ProcessGuid: 747F3D96-D90A-5D31-0000-0010726B3400
CommandLine: ping  -n 1 -w 100 192.168.1.39
FileVersion: 10.0.17763.1 (WinBuild.160101.0800)
User: MSEDGEWIN10\IEUser
LogonId: '0x50951'
IntegrityLevel: High
ParentImage: C:\Windows\System32\cmd.exe
UtcTime: 2019-07-19 14:51:54.032
"
2019-07-19T14:51:54.581397+00:00,Hacktool - EDR-Freeze Execution;UAC Bypass Using NTFS Reparse Point - Process,data/EVTX-ATTACK-SAMPLES/AutomatedTestingTools/PanacheSysmon_vs_AtomicRedTeam01.evtx,1,Microsoft-Windows-Sysmon,1,3813,MSEDGEWIN10,"Image: C:\Windows\System32\PING.EXE
RuleName: ''
Description: TCP/IP Ping Command
TerminalSessionId: 1
ParentCommandLine: '""C:\Windows\system32\cmd.exe"" /c ""for /l %i in (1,1,254) do ping -n 1 -w 100 192.168.1.%i""'
Product: Microsoft® Windows® Operating System
Company: Microsoft Corporation
ParentProcessId: 4528
LogonGuid: 747F3D96-D4B4-5D31-0000-002051090500
Hashes: SHA1=8757646428A176F76E6F38458A25902A8FEBA9C0,MD5=56633150D77AE242D07727B0564430BB,SHA256=741AD992403C78A8A7DBD97C74FDA06594A247E9E2FA05A40BB6945403A90056,IMPHASH=8C3BE1286CDAD6AC1136D0BB6C83FF41
ParentProcessGuid: 747F3D96-D8F6-5D31-0000-001091D13300
ProcessId: 3684
CurrentDirectory: C:\AtomicRedTeam\
ProcessGuid: 747F3D96-D90A-5D31-0000-00105C6E3400
CommandLine: ping  -n 1 -w 100 192.168.1.40
FileVersion: 10.0.17763.1 (WinBuild.160101.0800)
User: MSEDGEWIN10\IEUser
LogonId: '0x50951'
IntegrityLevel: High
ParentImage: C:\Windows\System32\cmd.exe
UtcTime: 2019-07-19 14:51:54.577
"
2019-07-19T14:51:55.015097+00:00,Hacktool - EDR-Freeze Execution;UAC Bypass Using NTFS Reparse Point - Process,data/EVTX-ATTACK-SAMPLES/AutomatedTestingTools/PanacheSysmon_vs_AtomicRedTeam01.evtx,1,Microsoft-Windows-Sysmon,1,3814,MSEDGEWIN10,"Image: C:\Windows\System32\PING.EXE
RuleName: ''
Description: TCP/IP Ping Command
TerminalSessionId: 1
ParentCommandLine: '""C:\Windows\system32\cmd.exe"" /c ""for /l %i in (1,1,254) do ping -n 1 -w 100 192.168.1.%i""'
Product: Microsoft® Windows® Operating System
Company: Microsoft Corporation
ParentProcessId: 4528
LogonGuid: 747F3D96-D4B4-5D31-0000-002051090500
Hashes: SHA1=8757646428A176F76E6F38458A25902A8FEBA9C0,MD5=56633150D77AE242D07727B0564430BB,SHA256=741AD992403C78A8A7DBD97C74FDA06594A247E9E2FA05A40BB6945403A90056,IMPHASH=8C3BE1286CDAD6AC1136D0BB6C83FF41
ParentProcessGuid: 747F3D96-D8F6-5D31-0000-001091D13300
ProcessId: 796
CurrentDirectory: C:\AtomicRedTeam\
ProcessGuid: 747F3D96-D90B-5D31-0000-001046713400
CommandLine: ping  -n 1 -w 100 192.168.1.41
FileVersion: 10.0.17763.1 (WinBuild.160101.0800)
User: MSEDGEWIN10\IEUser
LogonId: '0x50951'
IntegrityLevel: High
ParentImage: C:\Windows\System32\cmd.exe
UtcTime: 2019-07-19 14:51:55.009
"
