2019-03-19T23:18:54.793741+00:00,Hacktool - EDR-Freeze Execution;UAC Bypass Using NTFS Reparse Point - Process,data/EVTX-ATTACK-SAMPLES/Persistence/persistence_sysmon_11_13_1_shime_appfix.evtx,1,Microsoft-Windows-Sysmon,1,1966649,PC01.example.corp,"Image: C:\Windows\System32\AtBroker.exe
RuleName: ''
Description: Transitions Accessible technologies between desktops
TerminalSessionId: 1
ParentCommandLine: winlogon.exe
Product: Microsoft® Windows® Operating System
Company: Microsoft Corporation
ParentProcessId: 456
LogonGuid: 365ABB72-77C4-5C91-0000-0020AD7D0100
Hashes: MD5=3CA2BB895E204478C7A4C9BAF70970CE,IMPHASH=4B8AA723CCFC5B2FBA6ED3D8F3557DE3
ParentProcessGuid: 365ABB72-777F-5C91-0000-0010D8520000
ProcessId: 1972
CurrentDirectory: C:\Windows\system32\
ProcessGuid: 365ABB72-77C4-5C91-0000-001011860100
CommandLine: atbroker.exe
FileVersion: 6.1.7600.16385 (win7_rtm.090713-1255)
User: EXAMPLE\user01
LogonId: '0x17dad'
IntegrityLevel: High
ParentImage: C:\Windows\System32\winlogon.exe
UtcTime: 2019-03-19 23:14:12.539
"
2019-03-19T23:18:54.813770+00:00,Hacktool - EDR-Freeze Execution;UAC Bypass Using NTFS Reparse Point - Process,data/EVTX-ATTACK-SAMPLES/Persistence/persistence_sysmon_11_13_1_shime_appfix.evtx,1,Microsoft-Windows-Sysmon,1,1966650,PC01.example.corp,"Image: C:\Windows\System32\slui.exe
RuleName: ''
Description: Windows Activation Client
TerminalSessionId: 1
ParentCommandLine: winlogon.exe
Product: Microsoft® Windows® Operating System
Company: Microsoft Corporation
ParentProcessId: 456
LogonGuid: 365ABB72-77C4-5C91-0000-0020AD7D0100
Hashes: MD5=D861EB4D6719D6738270E6A376B87F18,IMPHASH=B54B63A98C9E12C1902D75D180ABBF38
ParentProcessGuid: 365ABB72-777F-5C91-0000-0010D8520000
ProcessId: 1988
CurrentDirectory: C:\Windows\system32\
ProcessGuid: 365ABB72-77C4-5C91-0000-0010EA870100
CommandLine: '""C:\Windows\system32\slui.exe""'
FileVersion: 6.1.7600.16385 (win7_rtm.090713-1255)
User: EXAMPLE\user01
LogonId: '0x17dad'
IntegrityLevel: High
ParentImage: C:\Windows\System32\winlogon.exe
UtcTime: 2019-03-19 23:14:12.559
"
2019-03-19T23:18:55.224360+00:00,HackTool - CrackMapExec Process Patterns;Hacktool - EDR-Freeze Execution;Suspicious SYSTEM User Process Creation;UAC Bypass Using NTFS Reparse Point - Process,data/EVTX-ATTACK-SAMPLES/Persistence/persistence_sysmon_11_13_1_shime_appfix.evtx,1,Microsoft-Windows-Sysmon,1,1966656,PC01.example.corp,"Image: C:\Windows\System32\calc.exe
RuleName: ''
Description: Windows Calculator
TerminalSessionId: 0
ParentCommandLine: C:\Windows\system32\services.exe
Product: Microsoft® Windows® Operating System
Company: Microsoft Corporation
ParentProcessId: 516
LogonGuid: 365ABB72-777F-5C91-0000-0020E7030000
Hashes: MD5=60B7C0FEAD45F2066E5B805A91F4F0FC,IMPHASH=F93B5D76132F6E6068946EC238813CE1
ParentProcessGuid: 365ABB72-777F-5C91-0000-00100B590000
ProcessId: 1100
CurrentDirectory: C:\Windows\system32\
ProcessGuid: 365ABB72-77DE-5C91-0000-00105EA30100
CommandLine: calc.exe
FileVersion: 6.1.7600.16385 (win7_rtm.090713-1255)
User: NT AUTHORITY\SYSTEM
LogonId: '0x3e7'
IntegrityLevel: System
ParentImage: C:\Windows\System32\services.exe
UtcTime: 2019-03-19 23:14:38.807
"
2019-03-19T23:18:55.404619+00:00,HackTool - CrackMapExec Process Patterns;Hacktool - EDR-Freeze Execution;Suspicious SYSTEM User Process Creation;UAC Bypass Using NTFS Reparse Point - Process,data/EVTX-ATTACK-SAMPLES/Persistence/persistence_sysmon_11_13_1_shime_appfix.evtx,1,Microsoft-Windows-Sysmon,1,1966657,PC01.example.corp,"Image: C:\Windows\System32\calc.exe
RuleName: ''
Description: Windows Calculator
TerminalSessionId: 0
ParentCommandLine: C:\Windows\system32\services.exe
Product: Microsoft® Windows® Operating System
Company: Microsoft Corporation
ParentProcessId: 516
LogonGuid: 365ABB72-777F-5C91-0000-0020E7030000
Hashes: MD5=60B7C0FEAD45F2066E5B805A91F4F0FC,IMPHASH=F93B5D76132F6E6068946EC238813CE1
ParentProcessGuid: 365ABB72-777F-5C91-0000-00100B590000
ProcessId: 1308
CurrentDirectory: C:\Windows\system32\
ProcessGuid: 365ABB72-77FC-5C91-0000-0010E8C10100
CommandLine: calc.exe
FileVersion: 6.1.7600.16385 (win7_rtm.090713-1255)
User: NT AUTHORITY\SYSTEM
LogonId: '0x3e7'
IntegrityLevel: System
ParentImage: C:\Windows\System32\services.exe
UtcTime: 2019-03-19 23:15:08.817
"
2019-03-19T23:18:55.514778+00:00,HackTool - CrackMapExec Process Patterns;Hacktool - EDR-Freeze Execution;Suspicious SYSTEM User Process Creation;UAC Bypass Using NTFS Reparse Point - Process,data/EVTX-ATTACK-SAMPLES/Persistence/persistence_sysmon_11_13_1_shime_appfix.evtx,1,Microsoft-Windows-Sysmon,1,1966660,PC01.example.corp,"Image: C:\Windows\System32\calc.exe
RuleName: ''
Description: Windows Calculator
TerminalSessionId: 0
ParentCommandLine: C:\Windows\system32\services.exe
Product: Microsoft® Windows® Operating System
Company: Microsoft Corporation
ParentProcessId: 516
LogonGuid: 365ABB72-777F-5C91-0000-0020E7030000
Hashes: MD5=60B7C0FEAD45F2066E5B805A91F4F0FC,IMPHASH=F93B5D76132F6E6068946EC238813CE1
ParentProcessGuid: 365ABB72-777F-5C91-0000-00100B590000
ProcessId: 1560
CurrentDirectory: C:\Windows\system32\
ProcessGuid: 365ABB72-781A-5C91-0000-001013CD0100
CommandLine: calc.exe
FileVersion: 6.1.7600.16385 (win7_rtm.090713-1255)
User: NT AUTHORITY\SYSTEM
LogonId: '0x3e7'
IntegrityLevel: System
ParentImage: C:\Windows\System32\services.exe
UtcTime: 2019-03-19 23:15:38.818
"
2019-03-19T23:18:55.544821+00:00,HackTool - CrackMapExec Process Patterns;Hacktool - EDR-Freeze Execution;Suspicious SYSTEM User Process Creation;UAC Bypass Using NTFS Reparse Point - Process,data/EVTX-ATTACK-SAMPLES/Persistence/persistence_sysmon_11_13_1_shime_appfix.evtx,1,Microsoft-Windows-Sysmon,1,1966661,PC01.example.corp,"Image: C:\Windows\System32\calc.exe
RuleName: ''
Description: Windows Calculator
TerminalSessionId: 0
ParentCommandLine: C:\Windows\system32\services.exe
Product: Microsoft® Windows® Operating System
Company: Microsoft Corporation
ParentProcessId: 516
LogonGuid: 365ABB72-777F-5C91-0000-0020E7030000
Hashes: MD5=60B7C0FEAD45F2066E5B805A91F4F0FC,IMPHASH=F93B5D76132F6E6068946EC238813CE1
ParentProcessGuid: 365ABB72-777F-5C91-0000-00100B590000
ProcessId: 1696
CurrentDirectory: C:\Windows\system32\
ProcessGuid: 365ABB72-7838-5C91-0000-0010E0D60100
CommandLine: calc.exe
FileVersion: 6.1.7600.16385 (win7_rtm.090713-1255)
User: NT AUTHORITY\SYSTEM
LogonId: '0x3e7'
IntegrityLevel: System
ParentImage: C:\Windows\System32\services.exe
UtcTime: 2019-03-19 23:16:08.828
"
2019-03-19T23:18:55.594893+00:00,HackTool - CrackMapExec Process Patterns;Hacktool - EDR-Freeze Execution;Suspicious SYSTEM User Process Creation;UAC Bypass Using NTFS Reparse Point - Process,data/EVTX-ATTACK-SAMPLES/Persistence/persistence_sysmon_11_13_1_shime_appfix.evtx,1,Microsoft-Windows-Sysmon,1,1966664,PC01.example.corp,"Image: C:\Windows\System32\calc.exe
RuleName: ''
Description: Windows Calculator
TerminalSessionId: 0
ParentCommandLine: C:\Windows\system32\services.exe
Product: Microsoft® Windows® Operating System
Company: Microsoft Corporation
ParentProcessId: 516
LogonGuid: 365ABB72-777F-5C91-0000-0020E7030000
Hashes: MD5=60B7C0FEAD45F2066E5B805A91F4F0FC,IMPHASH=F93B5D76132F6E6068946EC238813CE1
ParentProcessGuid: 365ABB72-777F-5C91-0000-00100B590000
ProcessId: 316
CurrentDirectory: C:\Windows\system32\
ProcessGuid: 365ABB72-7856-5C91-0000-00109FE20100
CommandLine: calc.exe
FileVersion: 6.1.7600.16385 (win7_rtm.090713-1255)
User: NT AUTHORITY\SYSTEM
LogonId: '0x3e7'
IntegrityLevel: System
ParentImage: C:\Windows\System32\services.exe
UtcTime: 2019-03-19 23:16:38.849
"
2019-03-19T23:18:55.654979+00:00,Hacktool - EDR-Freeze Execution;UAC Bypass Using NTFS Reparse Point - Process,data/EVTX-ATTACK-SAMPLES/Persistence/persistence_sysmon_11_13_1_shime_appfix.evtx,1,Microsoft-Windows-Sysmon,1,1966670,PC01.example.corp,"Image: C:\Windows\System32\userinit.exe
RuleName: ''
Description: Userinit Logon Application
TerminalSessionId: 1
ParentCommandLine: winlogon.exe
Product: Microsoft® Windows® Operating System
Company: Microsoft Corporation
ParentProcessId: 456
LogonGuid: 365ABB72-77C4-5C91-0000-0020AD7D0100
Hashes: MD5=61AC3EFDFACFDD3F0F11DD4FD4044223,IMPHASH=DA2666D3347F129193AB91A0EAB85C0C
ParentProcessGuid: 365ABB72-777F-5C91-0000-0010D8520000
ProcessId: 1152
CurrentDirectory: C:\Windows\system32\
ProcessGuid: 365ABB72-785E-5C91-0000-0010C5E60100
CommandLine: C:\Windows\system32\userinit.exe
FileVersion: 6.1.7600.16385 (win7_rtm.090713-1255)
User: EXAMPLE\user01
LogonId: '0x17dad'
IntegrityLevel: High
ParentImage: C:\Windows\System32\winlogon.exe
UtcTime: 2019-03-19 23:16:46.687
"
2019-03-19T23:18:55.654979+00:00,Gpscript Execution;Hacktool - EDR-Freeze Execution;UAC Bypass Using NTFS Reparse Point - Process,data/EVTX-ATTACK-SAMPLES/Persistence/persistence_sysmon_11_13_1_shime_appfix.evtx,1,Microsoft-Windows-Sysmon,1,1966669,PC01.example.corp,"Image: C:\Windows\System32\gpscript.exe
RuleName: ''
Description: Group Policy Script Application
TerminalSessionId: 1
ParentCommandLine: C:\Windows\system32\svchost.exe -k GPSvcGroup
Product: Microsoft® Windows® Operating System
Company: Microsoft Corporation
ParentProcessId: 1140
LogonGuid: 365ABB72-77C4-5C91-0000-0020AD7D0100
Hashes: MD5=C0DC9F7398238C17E480BCBF2C080B25,IMPHASH=EA27F796BAA77700F4D97A01CA10AD24
ParentProcessGuid: 365ABB72-7782-5C91-0000-00102D0B0100
ProcessId: 1028
CurrentDirectory: C:\Windows\system32\
ProcessGuid: 365ABB72-785E-5C91-0000-001031E60100
CommandLine: gpscript.exe /Logon
FileVersion: 6.1.7601.23452 (win7sp1_ldr.160512-0600)
User: EXAMPLE\user01
LogonId: '0x17dad'
IntegrityLevel: High
ParentImage: C:\Windows\System32\svchost.exe
UtcTime: 2019-03-19 23:16:46.677
"
2019-03-19T23:18:55.725080+00:00,Hacktool - EDR-Freeze Execution;UAC Bypass Using NTFS Reparse Point - Process,data/EVTX-ATTACK-SAMPLES/Persistence/persistence_sysmon_11_13_1_shime_appfix.evtx,1,Microsoft-Windows-Sysmon,1,1966671,PC01.example.corp,"Image: C:\Windows\explorer.exe
RuleName: ''
Description: Windows Explorer
TerminalSessionId: 1
ParentCommandLine: C:\Windows\system32\userinit.exe
Product: Microsoft® Windows® Operating System
Company: Microsoft Corporation
ParentProcessId: 1152
LogonGuid: 365ABB72-77C4-5C91-0000-0020AD7D0100
Hashes: MD5=6DDCA324434FFA506CF7DC4E51DB7935,IMPHASH=F0EE25FD4D9035DAD1913FAFFD4A4B87
ParentProcessGuid: 365ABB72-785E-5C91-0000-0010C5E60100
ProcessId: 1928
CurrentDirectory: C:\Windows\system32\
ProcessGuid: 365ABB72-785E-5C91-0000-00103FEA0100
CommandLine: C:\Windows\Explorer.EXE
FileVersion: 6.1.7600.16385 (win7_rtm.090713-1255)
User: EXAMPLE\user01
LogonId: '0x17dad'
IntegrityLevel: High
ParentImage: C:\Windows\System32\userinit.exe
UtcTime: 2019-03-19 23:16:46.787
"
2019-03-19T23:18:55.805195+00:00,HackTool - CrackMapExec Process Patterns;Hacktool - EDR-Freeze Execution;UAC Bypass Using NTFS Reparse Point - Process,data/EVTX-ATTACK-SAMPLES/Persistence/persistence_sysmon_11_13_1_shime_appfix.evtx,1,Microsoft-Windows-Sysmon,1,1966672,PC01.example.corp,"Image: C:\Windows\System32\taskhost.exe
RuleName: ''
Description: Host Process for Windows Tasks
TerminalSessionId: 0
ParentCommandLine: C:\Windows\system32\services.exe
Product: Microsoft® Windows® Operating System
Company: Microsoft Corporation
ParentProcessId: 516
LogonGuid: 365ABB72-7780-5C91-0000-0020E5030000
Hashes: MD5=72E953215CADE1A726C04AAFDF6B463D,IMPHASH=5220133EC95DDFD6117BEE60F87837A2
ParentProcessGuid: 365ABB72-777F-5C91-0000-00100B590000
ProcessId: 256
CurrentDirectory: C:\Windows\system32\
ProcessGuid: 365ABB72-7874-5C91-0000-0010F1020200
CommandLine: taskhost.exe $(Arg0)
FileVersion: 6.1.7600.16385 (win7_rtm.090713-1255)
User: NT AUTHORITY\LOCAL SERVICE
LogonId: '0x3e5'
IntegrityLevel: System
ParentImage: C:\Windows\System32\services.exe
UtcTime: 2019-03-19 23:17:08.248
"
2019-03-19T23:18:55.835238+00:00,HackTool - CrackMapExec Process Patterns;Hacktool - EDR-Freeze Execution;Suspicious SYSTEM User Process Creation;UAC Bypass Using NTFS Reparse Point - Process,data/EVTX-ATTACK-SAMPLES/Persistence/persistence_sysmon_11_13_1_shime_appfix.evtx,1,Microsoft-Windows-Sysmon,1,1966673,PC01.example.corp,"Image: C:\Windows\System32\calc.exe
RuleName: ''
Description: Windows Calculator
TerminalSessionId: 0
ParentCommandLine: C:\Windows\system32\services.exe
Product: Microsoft® Windows® Operating System
Company: Microsoft Corporation
ParentProcessId: 516
LogonGuid: 365ABB72-777F-5C91-0000-0020E7030000
Hashes: MD5=60B7C0FEAD45F2066E5B805A91F4F0FC,IMPHASH=F93B5D76132F6E6068946EC238813CE1
ParentProcessGuid: 365ABB72-777F-5C91-0000-00100B590000
ProcessId: 1264
CurrentDirectory: C:\Windows\system32\
ProcessGuid: 365ABB72-7874-5C91-0000-0010130B0200
CommandLine: calc.exe
FileVersion: 6.1.7600.16385 (win7_rtm.090713-1255)
User: NT AUTHORITY\SYSTEM
LogonId: '0x3e7'
IntegrityLevel: System
ParentImage: C:\Windows\System32\services.exe
UtcTime: 2019-03-19 23:17:08.849
"
2019-03-19T23:18:55.965426+00:00,HackTool - CrackMapExec Process Patterns;Hacktool - EDR-Freeze Execution;UAC Bypass Using NTFS Reparse Point - Process,data/EVTX-ATTACK-SAMPLES/Persistence/persistence_sysmon_11_13_1_shime_appfix.evtx,1,Microsoft-Windows-Sysmon,1,1966676,PC01.example.corp,"Image: C:\Windows\Sysmon.exe
RuleName: ''
Description: System activity monitor
TerminalSessionId: 0
ParentCommandLine: C:\Windows\system32\services.exe
Product: Sysinternals Sysmon
Company: Sysinternals - www.sysinternals.com
ParentProcessId: 516
LogonGuid: 365ABB72-777F-5C91-0000-0020E7030000
Hashes: MD5=BB075FF44504C8B59FF0AD1A8311DDBF,IMPHASH=99D9920F81355D14D898A62304B93503
ParentProcessGuid: 365ABB72-777F-5C91-0000-00100B590000
ProcessId: 988
CurrentDirectory: C:\Windows\system32\
ProcessGuid: 365ABB72-7892-5C91-0000-0010DE160200
CommandLine: C:\Windows\Sysmon.exe
FileVersion: '8.00'
User: NT AUTHORITY\SYSTEM
LogonId: '0x3e7'
IntegrityLevel: System
ParentImage: C:\Windows\System32\services.exe
UtcTime: 2019-03-19 23:17:38.960
"
2019-03-19T23:18:56.055555+00:00,HackTool - CrackMapExec Process Patterns;Hacktool - EDR-Freeze Execution;Suspicious SYSTEM User Process Creation;UAC Bypass Using NTFS Reparse Point - Process,data/EVTX-ATTACK-SAMPLES/Persistence/persistence_sysmon_11_13_1_shime_appfix.evtx,1,Microsoft-Windows-Sysmon,1,1966677,PC01.example.corp,"Image: C:\Windows\System32\calc.exe
RuleName: ''
Description: Windows Calculator
TerminalSessionId: 0
ParentCommandLine: C:\Windows\system32\services.exe
Product: Microsoft® Windows® Operating System
Company: Microsoft Corporation
ParentProcessId: 516
LogonGuid: 365ABB72-777F-5C91-0000-0020E7030000
Hashes: MD5=60B7C0FEAD45F2066E5B805A91F4F0FC,IMPHASH=F93B5D76132F6E6068946EC238813CE1
ParentProcessGuid: 365ABB72-777F-5C91-0000-00100B590000
ProcessId: 584
CurrentDirectory: C:\Windows\system32\
ProcessGuid: 365ABB72-7893-5C91-0000-0010441C0200
CommandLine: calc.exe
FileVersion: 6.1.7600.16385 (win7_rtm.090713-1255)
User: NT AUTHORITY\SYSTEM
LogonId: '0x3e7'
IntegrityLevel: System
ParentImage: C:\Windows\System32\services.exe
UtcTime: 2019-03-19 23:17:39.080
"
2019-03-19T23:18:56.376016+00:00,HackTool - CrackMapExec Process Patterns;Hacktool - EDR-Freeze Execution;Suspicious SYSTEM User Process Creation;UAC Bypass Using NTFS Reparse Point - Process,data/EVTX-ATTACK-SAMPLES/Persistence/persistence_sysmon_11_13_1_shime_appfix.evtx,1,Microsoft-Windows-Sysmon,1,1966679,PC01.example.corp,"Image: C:\Windows\System32\calc.exe
RuleName: ''
Description: Windows Calculator
TerminalSessionId: 0
ParentCommandLine: C:\Windows\system32\services.exe
Product: Microsoft® Windows® Operating System
Company: Microsoft Corporation
ParentProcessId: 516
LogonGuid: 365ABB72-777F-5C91-0000-0020E7030000
Hashes: MD5=60B7C0FEAD45F2066E5B805A91F4F0FC,IMPHASH=F93B5D76132F6E6068946EC238813CE1
ParentProcessGuid: 365ABB72-777F-5C91-0000-00100B590000
ProcessId: 832
CurrentDirectory: C:\Windows\system32\
ProcessGuid: 365ABB72-78B1-5C91-0000-001001300200
CommandLine: calc.exe
FileVersion: 6.1.7600.16385 (win7_rtm.090713-1255)
User: NT AUTHORITY\SYSTEM
LogonId: '0x3e7'
IntegrityLevel: System
ParentImage: C:\Windows\System32\services.exe
UtcTime: 2019-03-19 23:18:09.100
"
2019-03-19T23:18:56.406059+00:00,HackTool - CrackMapExec Process Patterns;Hacktool - EDR-Freeze Execution;UAC Bypass Using NTFS Reparse Point - Process,data/EVTX-ATTACK-SAMPLES/Persistence/persistence_sysmon_11_13_1_shime_appfix.evtx,1,Microsoft-Windows-Sysmon,1,1966680,PC01.example.corp,"Image: C:\Windows\System32\wlms\wlms.exe
RuleName: ''
Description: Windows License Monitoring Service
TerminalSessionId: 0
ParentCommandLine: C:\Windows\system32\services.exe
Product: Microsoft® Windows® Operating System
Company: Microsoft Corporation
ParentProcessId: 516
LogonGuid: 365ABB72-777F-5C91-0000-0020E7030000
Hashes: MD5=5A0859CC41ED4598D9AAFD688AB873A8,IMPHASH=A24508508C276AB05C01E4965878D2F9
ParentProcessGuid: 365ABB72-777F-5C91-0000-00100B590000
ProcessId: 1736
CurrentDirectory: C:\Windows\system32\
ProcessGuid: 365ABB72-78CF-5C91-0000-0010F23A0200
CommandLine: C:\Windows\system32\wlms\wlms.exe
FileVersion: 6.1.7600.16385 (win7_rtm.090713-1255)
User: NT AUTHORITY\SYSTEM
LogonId: '0x3e7'
IntegrityLevel: System
ParentImage: C:\Windows\System32\services.exe
UtcTime: 2019-03-19 23:18:39.111
"
2019-03-19T23:18:56.626376+00:00,HackTool - CrackMapExec Process Patterns;Hacktool - EDR-Freeze Execution;UAC Bypass Using NTFS Reparse Point - Process,data/EVTX-ATTACK-SAMPLES/Persistence/persistence_sysmon_11_13_1_shime_appfix.evtx,1,Microsoft-Windows-Sysmon,1,1966688,PC01.example.corp,"Image: C:\Windows\System32\wbem\unsecapp.exe
RuleName: ''
Description: Sink to receive asynchronous callbacks for WMI client application
TerminalSessionId: 0
ParentCommandLine: C:\Windows\system32\svchost.exe -k DcomLaunch
Product: Microsoft® Windows® Operating System
Company: Microsoft Corporation
ParentProcessId: 640
LogonGuid: 365ABB72-777F-5C91-0000-0020E7030000
Hashes: MD5=B042D6B383FEC85D73D09DB92F807713,IMPHASH=227D81C5224C7437AE46E793D9114B4D
ParentProcessGuid: 365ABB72-7780-5C91-0000-00103C730000
ProcessId: 1596
CurrentDirectory: C:\Windows\system32\
ProcessGuid: 365ABB72-78CF-5C91-0000-0010BE4B0200
CommandLine: C:\Windows\system32\wbem\unsecapp.exe -Embedding
FileVersion: 6.1.7600.16385 (win7_rtm.090713-1255)
User: NT AUTHORITY\SYSTEM
LogonId: '0x3e7'
IntegrityLevel: System
ParentImage: C:\Windows\System32\svchost.exe
UtcTime: 2019-03-19 23:18:39.441
"
2019-03-19T23:18:57.237254+00:00,HackTool - CrackMapExec Process Patterns;Hacktool - EDR-Freeze Execution;UAC Bypass Using NTFS Reparse Point - Process,data/EVTX-ATTACK-SAMPLES/Persistence/persistence_sysmon_11_13_1_shime_appfix.evtx,1,Microsoft-Windows-Sysmon,1,1966693,PC01.example.corp,"Image: C:\Windows\System32\UI0Detect.exe
RuleName: ''
Description: Interactive services detection
TerminalSessionId: 0
ParentCommandLine: C:\Windows\system32\services.exe
Product: Microsoft® Windows® Operating System
Company: Microsoft Corporation
ParentProcessId: 516
LogonGuid: 365ABB72-777F-5C91-0000-0020E7030000
Hashes: MD5=8344FD4FCE927880AA1AA7681D4927E5,IMPHASH=5DE0CABE853D959C3319B51C8EC562E6
ParentProcessGuid: 365ABB72-777F-5C91-0000-00100B590000
ProcessId: 2180
CurrentDirectory: C:\Windows\system32\
ProcessGuid: 365ABB72-78D0-5C91-0000-00108A650200
CommandLine: C:\Windows\system32\UI0Detect.exe
FileVersion: 6.1.7600.16385 (win7_rtm.090713-1255)
User: NT AUTHORITY\SYSTEM
LogonId: '0x3e7'
IntegrityLevel: System
ParentImage: C:\Windows\System32\services.exe
UtcTime: 2019-03-19 23:18:40.362
"
2019-03-19T23:18:57.627816+00:00,Hacktool - EDR-Freeze Execution;UAC Bypass Using NTFS Reparse Point - Process,data/EVTX-ATTACK-SAMPLES/Persistence/persistence_sysmon_11_13_1_shime_appfix.evtx,1,Microsoft-Windows-Sysmon,1,1966694,PC01.example.corp,"Image: C:\Windows\System32\UI0Detect.exe
RuleName: ''
Description: Interactive services detection
TerminalSessionId: 1
ParentCommandLine: C:\Windows\system32\UI0Detect.exe
Product: Microsoft® Windows® Operating System
Company: Microsoft Corporation
ParentProcessId: 2180
LogonGuid: 365ABB72-77C4-5C91-0000-0020AD7D0100
Hashes: MD5=8344FD4FCE927880AA1AA7681D4927E5,IMPHASH=5DE0CABE853D959C3319B51C8EC562E6
ParentProcessGuid: 365ABB72-78D0-5C91-0000-00108A650200
ProcessId: 2332
CurrentDirectory: C:\Windows\system32\
ProcessGuid: 365ABB72-78D0-5C91-0000-0010F6710200
CommandLine: UI0Detect.exe 224
FileVersion: 6.1.7600.16385 (win7_rtm.090713-1255)
User: EXAMPLE\user01
LogonId: '0x17dad'
IntegrityLevel: High
ParentImage: C:\Windows\System32\UI0Detect.exe
UtcTime: 2019-03-19 23:18:40.873
"
2019-03-19T23:18:58.278752+00:00,Hacktool - EDR-Freeze Execution;UAC Bypass Using NTFS Reparse Point - Process,data/EVTX-ATTACK-SAMPLES/Persistence/persistence_sysmon_11_13_1_shime_appfix.evtx,1,Microsoft-Windows-Sysmon,1,1966704,PC01.example.corp,"Image: C:\Windows\System32\cmd.exe
RuleName: ''
Description: Windows Command Processor
TerminalSessionId: 1
ParentCommandLine: C:\Windows\Explorer.EXE
Product: Microsoft® Windows® Operating System
Company: Microsoft Corporation
ParentProcessId: 1928
LogonGuid: 365ABB72-77C4-5C91-0000-0020AD7D0100
Hashes: MD5=AD7B9C14083B52BC532FBA5948342B98,IMPHASH=CEEFB55F764020CC5C5F8F23349AB163
ParentProcessGuid: 365ABB72-785E-5C91-0000-00103FEA0100
ProcessId: 2572
CurrentDirectory: C:\Windows\system32\
ProcessGuid: 365ABB72-78D2-5C91-0000-0010D8A50200
CommandLine: '""C:\Windows\System32\cmd.exe"" /c msg *  ""hello from run key""'
FileVersion: 6.1.7601.17514 (win7sp1_rtm.101119-1850)
User: EXAMPLE\user01
LogonId: '0x17dad'
IntegrityLevel: High
ParentImage: C:\Windows\explorer.exe
UtcTime: 2019-03-19 23:18:42.516
"
2019-03-19T23:18:58.288766+00:00,Hacktool - EDR-Freeze Execution;PsExec Service Execution;UAC Bypass Using NTFS Reparse Point - Process,data/EVTX-ATTACK-SAMPLES/Persistence/persistence_sysmon_11_13_1_shime_appfix.evtx,1,Microsoft-Windows-Sysmon,1,1966705,PC01.example.corp,"Image: C:\Windows\PSEXESVC.exe
RuleName: ''
Description: PsExec Service
TerminalSessionId: 1
ParentCommandLine: C:\Windows\Explorer.EXE
Product: Sysinternals PsExec
Company: Sysinternals
ParentProcessId: 1928
LogonGuid: 365ABB72-77C4-5C91-0000-0020AD7D0100
Hashes: MD5=75B55BB34DAC9D02740B9AD6B6820360,IMPHASH=67012475995FB9027F4511245B57DDEA
ParentProcessGuid: 365ABB72-785E-5C91-0000-00103FEA0100
ProcessId: 2584
CurrentDirectory: C:\Windows\
ProcessGuid: 365ABB72-78D2-5C91-0000-0010FFAB0200
CommandLine: '""C:\Windows\PSEXESVC.exe"" '
FileVersion: '2.2'
User: EXAMPLE\user01
LogonId: '0x17dad'
IntegrityLevel: High
ParentImage: C:\Windows\explorer.exe
UtcTime: 2019-03-19 23:18:42.536
"
2019-03-19T23:18:58.489054+00:00,Hacktool - EDR-Freeze Execution;UAC Bypass Using NTFS Reparse Point - Process,data/EVTX-ATTACK-SAMPLES/Persistence/persistence_sysmon_11_13_1_shime_appfix.evtx,1,Microsoft-Windows-Sysmon,1,1966706,PC01.example.corp,"Image: C:\Windows\System32\msg.exe
RuleName: ''
Description: Message Utility
TerminalSessionId: 1
ParentCommandLine: '""C:\Windows\System32\cmd.exe"" /c msg *  ""hello from run key""'
Product: Microsoft® Windows® Operating System
Company: Microsoft Corporation
ParentProcessId: 2572
LogonGuid: 365ABB72-77C4-5C91-0000-0020AD7D0100
Hashes: MD5=835982D4DB80A9CC114E34E34E90E2A0,IMPHASH=D2A41E798CB449E3A47E2C828BFD33EC
ParentProcessGuid: 365ABB72-78D2-5C91-0000-0010D8A50200
ProcessId: 2692
CurrentDirectory: C:\Windows\system32\
ProcessGuid: 365ABB72-78D3-5C91-0000-0010B0D30200
CommandLine: msg  *  ""hello from run key""
FileVersion: 6.1.7600.16385 (win7_rtm.090713-1255)
User: EXAMPLE\user01
LogonId: '0x17dad'
IntegrityLevel: High
ParentImage: C:\Windows\System32\cmd.exe
UtcTime: 2019-03-19 23:18:43.467
"
2019-03-19T23:18:58.989774+00:00,Hacktool - EDR-Freeze Execution;UAC Bypass Using NTFS Reparse Point - Process,data/EVTX-ATTACK-SAMPLES/Persistence/persistence_sysmon_11_13_1_shime_appfix.evtx,1,Microsoft-Windows-Sysmon,1,1966707,PC01.example.corp,"Image: C:\Windows\System32\slui.exe
RuleName: ''
Description: Windows Activation Client
TerminalSessionId: 1
ParentCommandLine: C:\Windows\system32\svchost.exe -k DcomLaunch
Product: Microsoft® Windows® Operating System
Company: Microsoft Corporation
ParentProcessId: 640
LogonGuid: 365ABB72-77C4-5C91-0000-0020AD7D0100
Hashes: MD5=D861EB4D6719D6738270E6A376B87F18,IMPHASH=B54B63A98C9E12C1902D75D180ABBF38
ParentProcessGuid: 365ABB72-7780-5C91-0000-00103C730000
ProcessId: 2844
CurrentDirectory: C:\Windows\system32\
ProcessGuid: 365ABB72-78D6-5C91-0000-0010CE170300
CommandLine: C:\Windows\System32\slui.exe -Embedding
FileVersion: 6.1.7600.16385 (win7_rtm.090713-1255)
User: EXAMPLE\user01
LogonId: '0x17dad'
IntegrityLevel: High
ParentImage: C:\Windows\System32\svchost.exe
UtcTime: 2019-03-19 23:18:46.281
"
2019-03-19T23:19:04.187248+00:00,HackTool - CrackMapExec Process Patterns;Hacktool - EDR-Freeze Execution;UAC Bypass Using NTFS Reparse Point - Process,data/EVTX-ATTACK-SAMPLES/Persistence/persistence_sysmon_11_13_1_shime_appfix.evtx,1,Microsoft-Windows-Sysmon,1,1966718,PC01.example.corp,"Image: C:\Windows\System32\taskhost.exe
RuleName: ''
Description: Host Process for Windows Tasks
TerminalSessionId: 0
ParentCommandLine: C:\Windows\system32\services.exe
Product: Microsoft® Windows® Operating System
Company: Microsoft Corporation
ParentProcessId: 516
LogonGuid: 365ABB72-777F-5C91-0000-0020E7030000
Hashes: MD5=72E953215CADE1A726C04AAFDF6B463D,IMPHASH=5220133EC95DDFD6117BEE60F87837A2
ParentProcessGuid: 365ABB72-777F-5C91-0000-00100B590000
ProcessId: 3188
CurrentDirectory: C:\Windows\system32\
ProcessGuid: 365ABB72-78E8-5C91-0000-001054030400
CommandLine: taskhost.exe SYSTEM
FileVersion: 6.1.7600.16385 (win7_rtm.090713-1255)
User: NT AUTHORITY\SYSTEM
LogonId: '0x3e7'
IntegrityLevel: System
ParentImage: C:\Windows\System32\services.exe
UtcTime: 2019-03-19 23:19:04.177
"
2019-03-19T23:19:10.796752+00:00,Hacktool - EDR-Freeze Execution;UAC Bypass Using NTFS Reparse Point - Process,data/EVTX-ATTACK-SAMPLES/Persistence/persistence_sysmon_11_13_1_shime_appfix.evtx,1,Microsoft-Windows-Sysmon,1,1966722,PC01.example.corp,"Image: C:\Windows\System32\mmc.exe
RuleName: ''
Description: Microsoft Management Console
TerminalSessionId: 1
ParentCommandLine: C:\Windows\Explorer.EXE
Product: Microsoft® Windows® Operating System
Company: Microsoft Corporation
ParentProcessId: 1928
LogonGuid: 365ABB72-77C4-5C91-0000-0020AD7D0100
Hashes: MD5=A2A5D487D0C3D55739A0491B6872480D,IMPHASH=6D2ED4ADDAC7EBAE62381320D82AC4C1
ParentProcessGuid: 365ABB72-785E-5C91-0000-00103FEA0100
ProcessId: 3328
CurrentDirectory: C:\Users\user01\
ProcessGuid: 365ABB72-78EE-5C91-0000-0010273F0400
CommandLine: '""C:\Windows\system32\mmc.exe"" ""C:\Windows\system32\eventvwr.msc"" '
FileVersion: 6.1.7600.16385 (win7_rtm.090713-1255)
User: EXAMPLE\user01
LogonId: '0x17dad'
IntegrityLevel: High
ParentImage: C:\Windows\explorer.exe
UtcTime: 2019-03-19 23:19:10.726
"
2019-03-19T23:20:19.155046+00:00,Hacktool - EDR-Freeze Execution;UAC Bypass Using NTFS Reparse Point - Process,data/EVTX-ATTACK-SAMPLES/Persistence/persistence_sysmon_11_13_1_shime_appfix.evtx,1,Microsoft-Windows-Sysmon,1,1966725,PC01.example.corp,"Image: C:\Windows\System32\osk.exe
RuleName: ''
Description: Accessibility On-Screen Keyboard
TerminalSessionId: 1
ParentCommandLine: C:\Windows\Explorer.EXE
Product: Microsoft® Windows® Operating System
Company: Microsoft Corporation
ParentProcessId: 1928
LogonGuid: 365ABB72-77C4-5C91-0000-0020AD7D0100
Hashes: MD5=C6A991D7DF17EBD8DE4739CD1F283133,IMPHASH=F9815E29854683EF4F5A668C9D2A24F9
ParentProcessGuid: 365ABB72-785E-5C91-0000-00103FEA0100
ProcessId: 3496
CurrentDirectory: C:\Users\user01\
ProcessGuid: 365ABB72-7933-5C91-0000-00100AD30600
CommandLine: '""C:\Windows\system32\osk.exe"" '
FileVersion: 6.1.7600.16385 (win7_rtm.090713-1255)
User: EXAMPLE\user01
LogonId: '0x17dad'
IntegrityLevel: High
ParentImage: C:\Windows\explorer.exe
UtcTime: 2019-03-19 23:20:19.014
"
2019-03-19T23:20:19.205118+00:00,Hacktool - EDR-Freeze Execution;UAC Bypass Using NTFS Reparse Point - Process,data/EVTX-ATTACK-SAMPLES/Persistence/persistence_sysmon_11_13_1_shime_appfix.evtx,1,Microsoft-Windows-Sysmon,1,1966726,PC01.example.corp,"Image: C:\Windows\System32\Utilman.exe
RuleName: ''
Description: Utility Manager
TerminalSessionId: 1
ParentCommandLine: winlogon.exe
Product: Microsoft® Windows® Operating System
Company: Microsoft Corporation
ParentProcessId: 456
LogonGuid: 365ABB72-77C4-5C91-0000-0020AD7D0100
Hashes: MD5=7B9602D3475967F149C1A2C3E2B75A79,IMPHASH=DCF0CD9257282658699A95E5364092B8
ParentProcessGuid: 365ABB72-777F-5C91-0000-0010D8520000
ProcessId: 3508
CurrentDirectory: C:\Windows\system32\
ProcessGuid: 365ABB72-7933-5C91-0000-0010B7D40600
CommandLine: utilman.exe /debug
FileVersion: 6.1.7600.16385 (win7_rtm.090713-1255)
User: EXAMPLE\user01
LogonId: '0x17dad'
IntegrityLevel: High
ParentImage: C:\Windows\System32\winlogon.exe
UtcTime: 2019-03-19 23:20:19.084
"
2019-03-19T23:20:19.295248+00:00,Hacktool - EDR-Freeze Execution;UAC Bypass Using NTFS Reparse Point - Process,data/EVTX-ATTACK-SAMPLES/Persistence/persistence_sysmon_11_13_1_shime_appfix.evtx,1,Microsoft-Windows-Sysmon,1,1966728,PC01.example.corp,"Image: C:\osk.exe
RuleName: ''
Description: Windows Command Processor
TerminalSessionId: 1
ParentCommandLine: utilman.exe /debug
Product: Microsoft® Windows® Operating System
Company: Microsoft Corporation
ParentProcessId: 3508
LogonGuid: 365ABB72-77C4-5C91-0000-0020AD7D0100
Hashes: MD5=AD7B9C14083B52BC532FBA5948342B98,IMPHASH=CEEFB55F764020CC5C5F8F23349AB163
ParentProcessGuid: 365ABB72-7933-5C91-0000-0010B7D40600
ProcessId: 3520
CurrentDirectory: C:\Windows\system32\
ProcessGuid: 365ABB72-7933-5C91-0000-00103CDB0600
CommandLine: '""c:\osk.exe"" '
FileVersion: 6.1.7601.17514 (win7sp1_rtm.101119-1850)
User: EXAMPLE\user01
LogonId: '0x17dad'
IntegrityLevel: High
ParentImage: C:\Windows\System32\Utilman.exe
UtcTime: 2019-03-19 23:20:19.245
"
2019-03-19T23:21:01.325685+00:00,HackTool - CrackMapExec Process Patterns;Hacktool - EDR-Freeze Execution;UAC Bypass Using NTFS Reparse Point - Process,data/EVTX-ATTACK-SAMPLES/Persistence/persistence_sysmon_11_13_1_shime_appfix.evtx,1,Microsoft-Windows-Sysmon,1,1966733,PC01.example.corp,"Image: C:\Program Files\Windows Media Player\wmpnetwk.exe
RuleName: ''
Description: Windows Media Player Network Sharing Service
TerminalSessionId: 0
ParentCommandLine: C:\Windows\system32\services.exe
Product: Microsoft® Windows® Operating System
Company: Microsoft Corporation
ParentProcessId: 516
LogonGuid: 365ABB72-7780-5C91-0000-0020E4030000
Hashes: MD5=3B40D3A61AA8C21B88AE57C58AB3122E,IMPHASH=28FFC92B79B90D5AA1A2E825E4235296
ParentProcessGuid: 365ABB72-777F-5C91-0000-00100B590000
ProcessId: 3836
CurrentDirectory: C:\Windows\system32\
ProcessGuid: 365ABB72-795D-5C91-0000-00105C070700
CommandLine: '""C:\Program Files\Windows Media Player\wmpnetwk.exe""'
FileVersion: 12.0.7600.16385 (win7_rtm.090713-1255)
User: NT AUTHORITY\NETWORK SERVICE
LogonId: '0x3e4'
IntegrityLevel: System
ParentImage: C:\Windows\System32\services.exe
UtcTime: 2019-03-19 23:21:01.275
"
2019-03-19T23:21:48.323264+00:00,Hacktool - EDR-Freeze Execution;UAC Bypass Using NTFS Reparse Point - Process,data/EVTX-ATTACK-SAMPLES/Persistence/persistence_sysmon_11_13_1_shime_appfix.evtx,1,Microsoft-Windows-Sysmon,1,1966745,PC01.example.corp,"Image: C:\Windows\System32\slui.exe
RuleName: ''
Description: Windows Activation Client
TerminalSessionId: 1
ParentCommandLine: C:\Windows\system32\svchost.exe -k DcomLaunch
Product: Microsoft® Windows® Operating System
Company: Microsoft Corporation
ParentProcessId: 640
LogonGuid: 365ABB72-77C4-5C91-0000-0020AD7D0100
Hashes: MD5=D861EB4D6719D6738270E6A376B87F18,IMPHASH=B54B63A98C9E12C1902D75D180ABBF38
ParentProcessGuid: 365ABB72-7780-5C91-0000-00103C730000
ProcessId: 2004
CurrentDirectory: C:\Windows\system32\
ProcessGuid: 365ABB72-798B-5C91-0000-0010C8550A00
CommandLine: C:\Windows\System32\slui.exe -Embedding
FileVersion: 6.1.7600.16385 (win7_rtm.090713-1255)
User: EXAMPLE\user01
LogonId: '0x17dad'
IntegrityLevel: High
ParentImage: C:\Windows\System32\svchost.exe
UtcTime: 2019-03-19 23:21:47.952
"
