2019-07-19T14:57:04.361122+00:00,Hacktool - EDR-Freeze Execution;Operator Bloopers Cobalt Strike Commands;Potentially Suspicious CMD Shell Output Redirect;UAC Bypass Using NTFS Reparse Point - Process,data/EVTX-ATTACK-SAMPLES/AutomatedTestingTools/PanacheSysmon_vs_AtomicRedTeam01.evtx,1,Microsoft-Windows-Sysmon,1,4069,MSEDGEWIN10,"Image: C:\Windows\System32\cmd.exe
RuleName: ''
Description: Windows Command Processor
TerminalSessionId: 1
ParentCommandLine: '""C:\Windows\system32\cmd.exe"" /c ""cmd.exe /c %temp%tcm.tmp -decode c:\file.exe file.txt""'
Product: Microsoft® Windows® Operating System
Company: Microsoft Corporation
ParentProcessId: 4336
LogonGuid: 747F3D96-D4B4-5D31-0000-002051090500
Hashes: SHA1=8C5437CD76A89EC983E3B364E219944DA3DAB464,MD5=975B45B669930B0CC773EAF2B414206F,SHA256=3656F37A1C6951EC4496FABB8EE957D3A6E3C276D5A3785476B482C9C0D32EA2,IMPHASH=272245E2988E1E430500B852C4FB5E18
ParentProcessGuid: 747F3D96-DA40-5D31-0000-0010CF5A3C00
ProcessId: 3932
CurrentDirectory: C:\AtomicRedTeam\
ProcessGuid: 747F3D96-DA40-5D31-0000-0010565D3C00
CommandLine: cmd.exe  /c C:\Users\IEUser\AppData\Local\Temptcm.tmp -decode c:\file.exe file.txt
FileVersion: 10.0.17763.1 (WinBuild.160101.0800)
User: MSEDGEWIN10\IEUser
LogonId: '0x50951'
IntegrityLevel: High
ParentImage: C:\Windows\System32\cmd.exe
UtcTime: 2019-07-19 14:57:04.346
"
2019-07-19T14:57:04.412850+00:00,UAC Bypass Using NTFS Reparse Point - Process,data/EVTX-ATTACK-SAMPLES/AutomatedTestingTools/PanacheSysmon_vs_AtomicRedTeam01.evtx,1,Microsoft-Windows-Sysmon,1,4070,MSEDGEWIN10,"Image: C:\Users\IEUser\AppData\Local\Temptcm.tmp
RuleName: ''
Description: CertUtil.exe
TerminalSessionId: 1
ParentCommandLine: cmd.exe  /c C:\Users\IEUser\AppData\Local\Temptcm.tmp -decode c:\file.exe file.txt
Product: Microsoft® Windows® Operating System
Company: Microsoft Corporation
ParentProcessId: 3932
LogonGuid: 747F3D96-D4B4-5D31-0000-002051090500
Hashes: SHA1=459D928381CDDFDC31D03C3DA5C28E63B1190194,MD5=535CF1F8E8CF3382AB8F62013F967DD8,SHA256=85DD6F8EDF142F53746A51D11DCBA853104BB0207CDF2D6C3529917C3C0FC8DF,IMPHASH=683B8A445B00A271FC57848D893BD6C4
ParentProcessGuid: 747F3D96-DA40-5D31-0000-0010565D3C00
ProcessId: 6260
CurrentDirectory: C:\AtomicRedTeam\
ProcessGuid: 747F3D96-DA40-5D31-0000-0010AB5F3C00
CommandLine: C:\Users\IEUser\AppData\Local\Temptcm.tmp  -decode c:\file.exe file.txt
FileVersion: 10.0.17763.1 (WinBuild.160101.0800)
User: MSEDGEWIN10\IEUser
LogonId: '0x50951'
IntegrityLevel: High
ParentImage: C:\Windows\System32\cmd.exe
UtcTime: 2019-07-19 14:57:04.381
"
2019-07-19T14:57:04.643015+00:00,Hacktool - EDR-Freeze Execution;UAC Bypass Using NTFS Reparse Point - Process,data/EVTX-ATTACK-SAMPLES/AutomatedTestingTools/PanacheSysmon_vs_AtomicRedTeam01.evtx,1,Microsoft-Windows-Sysmon,1,4073,MSEDGEWIN10,"Image: C:\Windows\System32\cmd.exe
RuleName: ''
Description: Windows Command Processor
TerminalSessionId: 1
ParentCommandLine: powershell
Product: Microsoft® Windows® Operating System
Company: Microsoft Corporation
ParentProcessId: 3912
LogonGuid: 747F3D96-D4B4-5D31-0000-002051090500
Hashes: SHA1=8C5437CD76A89EC983E3B364E219944DA3DAB464,MD5=975B45B669930B0CC773EAF2B414206F,SHA256=3656F37A1C6951EC4496FABB8EE957D3A6E3C276D5A3785476B482C9C0D32EA2,IMPHASH=272245E2988E1E430500B852C4FB5E18
ParentProcessGuid: 747F3D96-D6F7-5D31-0000-00104ACE2500
ProcessId: 264
CurrentDirectory: C:\AtomicRedTeam\
ProcessGuid: 747F3D96-DA40-5D31-0000-0010E16B3C00
CommandLine: '""C:\Windows\system32\cmd.exe"" /c '
FileVersion: 10.0.17763.1 (WinBuild.160101.0800)
User: MSEDGEWIN10\IEUser
LogonId: '0x50951'
IntegrityLevel: High
ParentImage: C:\Windows\System32\WindowsPowerShell\v1.0\powershell.exe
UtcTime: 2019-07-19 14:57:04.529
"
2019-07-19T14:57:14.715974+00:00,Hacktool - EDR-Freeze Execution;UAC Bypass Using NTFS Reparse Point - Process,data/EVTX-ATTACK-SAMPLES/AutomatedTestingTools/PanacheSysmon_vs_AtomicRedTeam01.evtx,1,Microsoft-Windows-Sysmon,1,4074,MSEDGEWIN10,"Image: C:\Windows\System32\cmd.exe
RuleName: ''
Description: Windows Command Processor
TerminalSessionId: 1
ParentCommandLine: powershell
Product: Microsoft® Windows® Operating System
Company: Microsoft Corporation
ParentProcessId: 3912
LogonGuid: 747F3D96-D4B4-5D31-0000-002051090500
Hashes: SHA1=8C5437CD76A89EC983E3B364E219944DA3DAB464,MD5=975B45B669930B0CC773EAF2B414206F,SHA256=3656F37A1C6951EC4496FABB8EE957D3A6E3C276D5A3785476B482C9C0D32EA2,IMPHASH=272245E2988E1E430500B852C4FB5E18
ParentProcessGuid: 747F3D96-D6F7-5D31-0000-00104ACE2500
ProcessId: 3976
CurrentDirectory: C:\AtomicRedTeam\
ProcessGuid: 747F3D96-DA4A-5D31-0000-0010C21F3D00
CommandLine: '""C:\Windows\system32\cmd.exe"" /c ""fltmc.exe unload SysmonDrv""'
FileVersion: 10.0.17763.1 (WinBuild.160101.0800)
User: MSEDGEWIN10\IEUser
LogonId: '0x50951'
IntegrityLevel: High
ParentImage: C:\Windows\System32\WindowsPowerShell\v1.0\powershell.exe
UtcTime: 2019-07-19 14:57:14.696
"
2019-07-19T14:57:14.758535+00:00,Hacktool - EDR-Freeze Execution;UAC Bypass Using NTFS Reparse Point - Process,data/EVTX-ATTACK-SAMPLES/AutomatedTestingTools/PanacheSysmon_vs_AtomicRedTeam01.evtx,1,Microsoft-Windows-Sysmon,1,4075,MSEDGEWIN10,"Image: C:\Windows\System32\cmd.exe
RuleName: ''
Description: Windows Command Processor
TerminalSessionId: 1
ParentCommandLine: powershell
Product: Microsoft® Windows® Operating System
Company: Microsoft Corporation
ParentProcessId: 3912
LogonGuid: 747F3D96-D4B4-5D31-0000-002051090500
Hashes: SHA1=8C5437CD76A89EC983E3B364E219944DA3DAB464,MD5=975B45B669930B0CC773EAF2B414206F,SHA256=3656F37A1C6951EC4496FABB8EE957D3A6E3C276D5A3785476B482C9C0D32EA2,IMPHASH=272245E2988E1E430500B852C4FB5E18
ParentProcessGuid: 747F3D96-D6F7-5D31-0000-00104ACE2500
ProcessId: 1012
CurrentDirectory: C:\AtomicRedTeam\
ProcessGuid: 747F3D96-DA4A-5D31-0000-0010EE223D00
CommandLine: '""C:\Windows\system32\cmd.exe"" /c '
FileVersion: 10.0.17763.1 (WinBuild.160101.0800)
User: MSEDGEWIN10\IEUser
LogonId: '0x50951'
IntegrityLevel: High
ParentImage: C:\Windows\System32\WindowsPowerShell\v1.0\powershell.exe
UtcTime: 2019-07-19 14:57:14.745
"
2019-07-19T14:57:14.944276+00:00,Hacktool - EDR-Freeze Execution;UAC Bypass Using NTFS Reparse Point - Process,data/EVTX-ATTACK-SAMPLES/AutomatedTestingTools/PanacheSysmon_vs_AtomicRedTeam01.evtx,1,Microsoft-Windows-Sysmon,1,4076,MSEDGEWIN10,"Image: C:\Windows\System32\cmd.exe
RuleName: ''
Description: Windows Command Processor
TerminalSessionId: 1
ParentCommandLine: powershell
Product: Microsoft® Windows® Operating System
Company: Microsoft Corporation
ParentProcessId: 3912
LogonGuid: 747F3D96-D4B4-5D31-0000-002051090500
Hashes: SHA1=8C5437CD76A89EC983E3B364E219944DA3DAB464,MD5=975B45B669930B0CC773EAF2B414206F,SHA256=3656F37A1C6951EC4496FABB8EE957D3A6E3C276D5A3785476B482C9C0D32EA2,IMPHASH=272245E2988E1E430500B852C4FB5E18
ParentProcessGuid: 747F3D96-D6F7-5D31-0000-00104ACE2500
ProcessId: 4056
CurrentDirectory: C:\AtomicRedTeam\
ProcessGuid: 747F3D96-DA4A-5D31-0000-00106C293D00
CommandLine: '""C:\Windows\system32\cmd.exe"" /c ""C:\Windows\System32\inetsrv\appcmd.exe set config "" ""Default /section:httplogging /dontLog:true""'
FileVersion: 10.0.17763.1 (WinBuild.160101.0800)
User: MSEDGEWIN10\IEUser
LogonId: '0x50951'
IntegrityLevel: High
ParentImage: C:\Windows\System32\WindowsPowerShell\v1.0\powershell.exe
UtcTime: 2019-07-19 14:57:14.928
"
2019-07-19T14:57:14.991615+00:00,Hacktool - EDR-Freeze Execution;UAC Bypass Using NTFS Reparse Point - Process,data/EVTX-ATTACK-SAMPLES/AutomatedTestingTools/PanacheSysmon_vs_AtomicRedTeam01.evtx,1,Microsoft-Windows-Sysmon,1,4077,MSEDGEWIN10,"Image: C:\Windows\System32\cmd.exe
RuleName: ''
Description: Windows Command Processor
TerminalSessionId: 1
ParentCommandLine: powershell
Product: Microsoft® Windows® Operating System
Company: Microsoft Corporation
ParentProcessId: 3912
LogonGuid: 747F3D96-D4B4-5D31-0000-002051090500
Hashes: SHA1=8C5437CD76A89EC983E3B364E219944DA3DAB464,MD5=975B45B669930B0CC773EAF2B414206F,SHA256=3656F37A1C6951EC4496FABB8EE957D3A6E3C276D5A3785476B482C9C0D32EA2,IMPHASH=272245E2988E1E430500B852C4FB5E18
ParentProcessGuid: 747F3D96-D6F7-5D31-0000-00104ACE2500
ProcessId: 2584
CurrentDirectory: C:\AtomicRedTeam\
ProcessGuid: 747F3D96-DA4A-5D31-0000-00107A2C3D00
CommandLine: '""C:\Windows\system32\cmd.exe"" /c '
FileVersion: 10.0.17763.1 (WinBuild.160101.0800)
User: MSEDGEWIN10\IEUser
LogonId: '0x50951'
IntegrityLevel: High
ParentImage: C:\Windows\System32\WindowsPowerShell\v1.0\powershell.exe
UtcTime: 2019-07-19 14:57:14.972
"
2019-07-19T14:57:15.776993+00:00,Hacktool - EDR-Freeze Execution;Mavinject Inject DLL Into Running Process;UAC Bypass Using NTFS Reparse Point - Process,data/EVTX-ATTACK-SAMPLES/AutomatedTestingTools/PanacheSysmon_vs_AtomicRedTeam01.evtx,1,Microsoft-Windows-Sysmon,1,4078,MSEDGEWIN10,"Image: C:\Windows\System32\mavinject.exe
RuleName: ''
Description: Microsoft Application Virtualization Injector
TerminalSessionId: 1
ParentCommandLine: powershell
Product: Microsoft® Windows® Operating System
Company: Microsoft Corporation
ParentProcessId: 3912
LogonGuid: 747F3D96-D4B4-5D31-0000-002051090500
Hashes: SHA1=3627AD593F3A956FA07382914B52AAB5CE98C817,MD5=72D5E2A3FF5D88C891E0DF1AA28B6422,SHA256=ABB99F7CFD3E9EB294501AAFA082A8D4841278CC39A4FB3DFF9942CA1F71A139,IMPHASH=96A5873241D90136570C05E55F0B5B2A
ParentProcessGuid: 747F3D96-D6F7-5D31-0000-00104ACE2500
ProcessId: 2604
CurrentDirectory: C:\AtomicRedTeam\
ProcessGuid: 747F3D96-DA4B-5D31-0000-0010CB413D00
CommandLine: '""C:\Windows\system32\mavinject.exe"" 3912 /INJECTRUNNING C:\AtomicRedTeam\atomics\T1055\src\x64\T1055.dll'
FileVersion: 10.0.17763.1 (WinBuild.160101.0800)
User: MSEDGEWIN10\IEUser
LogonId: '0x50951'
IntegrityLevel: High
ParentImage: C:\Windows\System32\WindowsPowerShell\v1.0\powershell.exe
UtcTime: 2019-07-19 14:57:15.754
"
2019-07-19T14:57:16.496455+00:00,Hacktool - EDR-Freeze Execution;UAC Bypass Using NTFS Reparse Point - Process,data/EVTX-ATTACK-SAMPLES/AutomatedTestingTools/PanacheSysmon_vs_AtomicRedTeam01.evtx,1,Microsoft-Windows-Sysmon,1,4079,MSEDGEWIN10,"Image: C:\Windows\System32\cmd.exe
RuleName: ''
Description: Windows Command Processor
TerminalSessionId: 1
ParentCommandLine: powershell
Product: Microsoft® Windows® Operating System
Company: Microsoft Corporation
ParentProcessId: 3912
LogonGuid: 747F3D96-D4B4-5D31-0000-002051090500
Hashes: SHA1=8C5437CD76A89EC983E3B364E219944DA3DAB464,MD5=975B45B669930B0CC773EAF2B414206F,SHA256=3656F37A1C6951EC4496FABB8EE957D3A6E3C276D5A3785476B482C9C0D32EA2,IMPHASH=272245E2988E1E430500B852C4FB5E18
ParentProcessGuid: 747F3D96-D6F7-5D31-0000-00104ACE2500
ProcessId: 2596
CurrentDirectory: C:\AtomicRedTeam\
ProcessGuid: 747F3D96-DA4C-5D31-0000-0010655D3D00
CommandLine: '""C:\Windows\system32\cmd.exe"" /c .\bin\T1055.exe'
FileVersion: 10.0.17763.1 (WinBuild.160101.0800)
User: MSEDGEWIN10\IEUser
LogonId: '0x50951'
IntegrityLevel: High
ParentImage: C:\Windows\System32\WindowsPowerShell\v1.0\powershell.exe
UtcTime: 2019-07-19 14:57:16.477
"
2019-07-19T14:57:16.552097+00:00,Hacktool - EDR-Freeze Execution;UAC Bypass Using NTFS Reparse Point - Process,data/EVTX-ATTACK-SAMPLES/AutomatedTestingTools/PanacheSysmon_vs_AtomicRedTeam01.evtx,1,Microsoft-Windows-Sysmon,1,4080,MSEDGEWIN10,"Image: C:\Windows\System32\cmd.exe
RuleName: ''
Description: Windows Command Processor
TerminalSessionId: 1
ParentCommandLine: powershell
Product: Microsoft® Windows® Operating System
Company: Microsoft Corporation
ParentProcessId: 3912
LogonGuid: 747F3D96-D4B4-5D31-0000-002051090500
Hashes: SHA1=8C5437CD76A89EC983E3B364E219944DA3DAB464,MD5=975B45B669930B0CC773EAF2B414206F,SHA256=3656F37A1C6951EC4496FABB8EE957D3A6E3C276D5A3785476B482C9C0D32EA2,IMPHASH=272245E2988E1E430500B852C4FB5E18
ParentProcessGuid: 747F3D96-D6F7-5D31-0000-00104ACE2500
ProcessId: 6172
CurrentDirectory: C:\AtomicRedTeam\
ProcessGuid: 747F3D96-DA4C-5D31-0000-001077603D00
CommandLine: '""C:\Windows\system32\cmd.exe"" /c '
FileVersion: 10.0.17763.1 (WinBuild.160101.0800)
User: MSEDGEWIN10\IEUser
LogonId: '0x50951'
IntegrityLevel: High
ParentImage: C:\Windows\System32\WindowsPowerShell\v1.0\powershell.exe
UtcTime: 2019-07-19 14:57:16.531
"
2019-07-19T14:57:44.283188+00:00,HackTool - CrackMapExec Process Patterns;Hacktool - EDR-Freeze Execution;UAC Bypass Using NTFS Reparse Point - Process,data/EVTX-ATTACK-SAMPLES/AutomatedTestingTools/PanacheSysmon_vs_AtomicRedTeam01.evtx,1,Microsoft-Windows-Sysmon,1,4081,MSEDGEWIN10,"Image: C:\Windows\System32\svchost.exe
RuleName: ''
Description: Host Process for Windows Services
TerminalSessionId: 0
ParentCommandLine: C:\Windows\system32\services.exe
Product: Microsoft® Windows® Operating System
Company: Microsoft Corporation
ParentProcessId: 572
LogonGuid: 747F3D96-D4A4-5D31-0000-0020E7030000
Hashes: SHA1=A1385CE20AD79F55DF235EFFD9780C31442AA234,MD5=8A0A29438052FAED8A2532DA50455756,SHA256=7FD065BAC18C5278777AE44908101CDFED72D26FA741367F0AD4D02020787AB6,IMPHASH=247B9220E5D9B720A82B2C8B5069AD69
ParentProcessGuid: 747F3D96-D4A4-5D31-0000-00100F520000
ProcessId: 3536
CurrentDirectory: C:\Windows\system32\
ProcessGuid: 747F3D96-DA68-5D31-0000-001025713E00
CommandLine: C:\Windows\System32\svchost.exe -k netsvcs -p -s NetSetupSvc
FileVersion: 10.0.17763.1 (WinBuild.160101.0800)
User: NT AUTHORITY\SYSTEM
LogonId: '0x3e7'
IntegrityLevel: System
ParentImage: C:\Windows\System32\services.exe
UtcTime: 2019-07-19 14:57:44.279
"
2019-07-19T14:57:46.073651+00:00,Hacktool - EDR-Freeze Execution;UAC Bypass Using NTFS Reparse Point - Process,data/EVTX-ATTACK-SAMPLES/AutomatedTestingTools/PanacheSysmon_vs_AtomicRedTeam01.evtx,1,Microsoft-Windows-Sysmon,1,4082,MSEDGEWIN10,"Image: C:\Windows\System32\cmd.exe
RuleName: ''
Description: Windows Command Processor
TerminalSessionId: 1
ParentCommandLine: powershell
Product: Microsoft® Windows® Operating System
Company: Microsoft Corporation
ParentProcessId: 3912
LogonGuid: 747F3D96-D4B4-5D31-0000-002051090500
Hashes: SHA1=8C5437CD76A89EC983E3B364E219944DA3DAB464,MD5=975B45B669930B0CC773EAF2B414206F,SHA256=3656F37A1C6951EC4496FABB8EE957D3A6E3C276D5A3785476B482C9C0D32EA2,IMPHASH=272245E2988E1E430500B852C4FB5E18
ParentProcessGuid: 747F3D96-D6F7-5D31-0000-00104ACE2500
ProcessId: 5036
CurrentDirectory: C:\AtomicRedTeam\
ProcessGuid: 747F3D96-DA6A-5D31-0000-0010B2953E00
CommandLine: '""C:\Windows\system32\cmd.exe"" /c ""at 13:20 /interactive cmd""'
FileVersion: 10.0.17763.1 (WinBuild.160101.0800)
User: MSEDGEWIN10\IEUser
LogonId: '0x50951'
IntegrityLevel: High
ParentImage: C:\Windows\System32\WindowsPowerShell\v1.0\powershell.exe
UtcTime: 2019-07-19 14:57:46.051
"
2019-07-19T14:57:46.094355+00:00,Hacktool - EDR-Freeze Execution;Interactive AT Job;UAC Bypass Using NTFS Reparse Point - Process,data/EVTX-ATTACK-SAMPLES/AutomatedTestingTools/PanacheSysmon_vs_AtomicRedTeam01.evtx,1,Microsoft-Windows-Sysmon,1,4083,MSEDGEWIN10,"Image: C:\Windows\System32\at.exe
RuleName: Persistence - Scheduled Task Management AT
Description: Schedule service command line interface
TerminalSessionId: 1
ParentCommandLine: '""C:\Windows\system32\cmd.exe"" /c ""at 13:20 /interactive cmd""'
Product: Microsoft® Windows® Operating System
Company: Microsoft Corporation
ParentProcessId: 5036
LogonGuid: 747F3D96-D4B4-5D31-0000-002051090500
Hashes: SHA1=EC6F04AA61D8F0FA0945EBFC58F6CC7CEBB1377A,MD5=F4416891D11BBA6975E5067FA10507C8,SHA256=73A9A6A4C9CF19FCD117EB3C430E1C9ACADED31B42875BA4F02FA61DA1B8A6DC,IMPHASH=FA9A9B0D471E4B5F3683C346C3D880BD
ParentProcessGuid: 747F3D96-DA6A-5D31-0000-0010B2953E00
ProcessId: 3864
CurrentDirectory: C:\AtomicRedTeam\
ProcessGuid: 747F3D96-DA6A-5D31-0000-001004983E00
CommandLine: at  13:20 /interactive cmd
FileVersion: 10.0.17763.1 (WinBuild.160101.0800)
User: MSEDGEWIN10\IEUser
LogonId: '0x50951'
IntegrityLevel: High
ParentImage: C:\Windows\System32\cmd.exe
UtcTime: 2019-07-19 14:57:46.087
"
2019-07-19T14:57:46.207200+00:00,Hacktool - EDR-Freeze Execution;UAC Bypass Using NTFS Reparse Point - Process,data/EVTX-ATTACK-SAMPLES/AutomatedTestingTools/PanacheSysmon_vs_AtomicRedTeam01.evtx,1,Microsoft-Windows-Sysmon,1,4084,MSEDGEWIN10,"Image: C:\Windows\System32\cmd.exe
RuleName: ''
Description: Windows Command Processor
TerminalSessionId: 1
ParentCommandLine: powershell
Product: Microsoft® Windows® Operating System
Company: Microsoft Corporation
ParentProcessId: 3912
LogonGuid: 747F3D96-D4B4-5D31-0000-002051090500
Hashes: SHA1=8C5437CD76A89EC983E3B364E219944DA3DAB464,MD5=975B45B669930B0CC773EAF2B414206F,SHA256=3656F37A1C6951EC4496FABB8EE957D3A6E3C276D5A3785476B482C9C0D32EA2,IMPHASH=272245E2988E1E430500B852C4FB5E18
ParentProcessGuid: 747F3D96-D6F7-5D31-0000-00104ACE2500
ProcessId: 3224
CurrentDirectory: C:\AtomicRedTeam\
ProcessGuid: 747F3D96-DA6A-5D31-0000-0010C09D3E00
CommandLine: '""C:\Windows\system32\cmd.exe"" /c '
FileVersion: 10.0.17763.1 (WinBuild.160101.0800)
User: MSEDGEWIN10\IEUser
LogonId: '0x50951'
IntegrityLevel: High
ParentImage: C:\Windows\System32\WindowsPowerShell\v1.0\powershell.exe
UtcTime: 2019-07-19 14:57:46.174
"
2019-07-19T14:57:46.422427+00:00,Hacktool - EDR-Freeze Execution;UAC Bypass Using NTFS Reparse Point - Process,data/EVTX-ATTACK-SAMPLES/AutomatedTestingTools/PanacheSysmon_vs_AtomicRedTeam01.evtx,1,Microsoft-Windows-Sysmon,1,4085,MSEDGEWIN10,"Image: C:\Windows\System32\cmd.exe
RuleName: ''
Description: Windows Command Processor
TerminalSessionId: 1
ParentCommandLine: powershell
Product: Microsoft® Windows® Operating System
Company: Microsoft Corporation
ParentProcessId: 3912
LogonGuid: 747F3D96-D4B4-5D31-0000-002051090500
Hashes: SHA1=8C5437CD76A89EC983E3B364E219944DA3DAB464,MD5=975B45B669930B0CC773EAF2B414206F,SHA256=3656F37A1C6951EC4496FABB8EE957D3A6E3C276D5A3785476B482C9C0D32EA2,IMPHASH=272245E2988E1E430500B852C4FB5E18
ParentProcessGuid: 747F3D96-D6F7-5D31-0000-00104ACE2500
ProcessId: 4276
CurrentDirectory: C:\AtomicRedTeam\
ProcessGuid: 747F3D96-DA6A-5D31-0000-001072A63E00
CommandLine: '""C:\Windows\system32\cmd.exe"" /c ""SCHTASKS /Create /SC ONCE /TN spawn /TR C:\windows\system32\cmd.exe /ST 20:10""'
FileVersion: 10.0.17763.1 (WinBuild.160101.0800)
User: MSEDGEWIN10\IEUser
LogonId: '0x50951'
IntegrityLevel: High
ParentImage: C:\Windows\System32\WindowsPowerShell\v1.0\powershell.exe
UtcTime: 2019-07-19 14:57:46.411
"
2019-07-19T14:57:46.459733+00:00,Hacktool - EDR-Freeze Execution;Scheduled Task Creation Via Schtasks.EXE;Suspicious Schtasks Schedule Types;UAC Bypass Using NTFS Reparse Point - Process,data/EVTX-ATTACK-SAMPLES/AutomatedTestingTools/PanacheSysmon_vs_AtomicRedTeam01.evtx,1,Microsoft-Windows-Sysmon,1,4086,MSEDGEWIN10,"Image: C:\Windows\System32\schtasks.exe
RuleName: Persistence - Scheduled Task Management
Description: Task Scheduler Configuration Tool
TerminalSessionId: 1
ParentCommandLine: '""C:\Windows\system32\cmd.exe"" /c ""SCHTASKS /Create /SC ONCE /TN spawn /TR C:\windows\system32\cmd.exe /ST 20:10""'
Product: Microsoft® Windows® Operating System
Company: Microsoft Corporation
ParentProcessId: 4276
LogonGuid: 747F3D96-D4B4-5D31-0000-002051090500
Hashes: SHA1=112C8FFA1C0934ACAAD2C58B3C7E81F3FB8E4A2C,MD5=3F9FD6D3B3E96B8F576DB72035DB38A7,SHA256=D6BA2CD73799477C051D9D864C47FCF5108064CDE07D3565871AFA10FC548086,IMPHASH=7EE4BC5589713B3470B8A950256E2E69
ParentProcessGuid: 747F3D96-DA6A-5D31-0000-001072A63E00
ProcessId: 1408
CurrentDirectory: C:\AtomicRedTeam\
ProcessGuid: 747F3D96-DA6A-5D31-0000-0010C4A83E00
CommandLine: SCHTASKS  /Create /SC ONCE /TN spawn /TR C:\windows\system32\cmd.exe /ST 20:10
FileVersion: 10.0.17763.1 (WinBuild.160101.0800)
User: MSEDGEWIN10\IEUser
LogonId: '0x50951'
IntegrityLevel: High
ParentImage: C:\Windows\System32\cmd.exe
UtcTime: 2019-07-19 14:57:46.443
"
2019-07-19T14:57:46.640159+00:00,Hacktool - EDR-Freeze Execution;UAC Bypass Using NTFS Reparse Point - Process,data/EVTX-ATTACK-SAMPLES/AutomatedTestingTools/PanacheSysmon_vs_AtomicRedTeam01.evtx,1,Microsoft-Windows-Sysmon,1,4088,MSEDGEWIN10,"Image: C:\Windows\System32\cmd.exe
RuleName: ''
Description: Windows Command Processor
TerminalSessionId: 1
ParentCommandLine: powershell
Product: Microsoft® Windows® Operating System
Company: Microsoft Corporation
ParentProcessId: 3912
LogonGuid: 747F3D96-D4B4-5D31-0000-002051090500
Hashes: SHA1=8C5437CD76A89EC983E3B364E219944DA3DAB464,MD5=975B45B669930B0CC773EAF2B414206F,SHA256=3656F37A1C6951EC4496FABB8EE957D3A6E3C276D5A3785476B482C9C0D32EA2,IMPHASH=272245E2988E1E430500B852C4FB5E18
ParentProcessGuid: 747F3D96-D6F7-5D31-0000-00104ACE2500
ProcessId: 4552
CurrentDirectory: C:\AtomicRedTeam\
ProcessGuid: 747F3D96-DA6A-5D31-0000-001025AD3E00
CommandLine: '""C:\Windows\system32\cmd.exe"" /c '
FileVersion: 10.0.17763.1 (WinBuild.160101.0800)
User: MSEDGEWIN10\IEUser
LogonId: '0x50951'
IntegrityLevel: High
ParentImage: C:\Windows\System32\WindowsPowerShell\v1.0\powershell.exe
UtcTime: 2019-07-19 14:57:46.531
"
2019-07-19T14:57:46.828722+00:00,Hacktool - EDR-Freeze Execution;UAC Bypass Using NTFS Reparse Point - Process,data/EVTX-ATTACK-SAMPLES/AutomatedTestingTools/PanacheSysmon_vs_AtomicRedTeam01.evtx,1,Microsoft-Windows-Sysmon,1,4089,MSEDGEWIN10,"Image: C:\Windows\System32\cmd.exe
RuleName: ''
Description: Windows Command Processor
TerminalSessionId: 1
ParentCommandLine: powershell
Product: Microsoft® Windows® Operating System
Company: Microsoft Corporation
ParentProcessId: 3912
LogonGuid: 747F3D96-D4B4-5D31-0000-002051090500
Hashes: SHA1=8C5437CD76A89EC983E3B364E219944DA3DAB464,MD5=975B45B669930B0CC773EAF2B414206F,SHA256=3656F37A1C6951EC4496FABB8EE957D3A6E3C276D5A3785476B482C9C0D32EA2,IMPHASH=272245E2988E1E430500B852C4FB5E18
ParentProcessGuid: 747F3D96-D6F7-5D31-0000-00104ACE2500
ProcessId: 3872
CurrentDirectory: C:\AtomicRedTeam\
ProcessGuid: 747F3D96-DA6A-5D31-0000-001074C23E00
CommandLine: '""C:\Windows\system32\cmd.exe"" /c ""SCHTASKS /Create /S localhost /RU DOMAIN\user /RP At0micStrong /TN "" Atomic ""task /TR C:\windows\system32\cmd.exe /SC daily /ST 20:10""'
FileVersion: 10.0.17763.1 (WinBuild.160101.0800)
User: MSEDGEWIN10\IEUser
LogonId: '0x50951'
IntegrityLevel: High
ParentImage: C:\Windows\System32\WindowsPowerShell\v1.0\powershell.exe
UtcTime: 2019-07-19 14:57:46.814
"
2019-07-19T14:57:46.849870+00:00,Hacktool - EDR-Freeze Execution;Scheduled Task Creation Via Schtasks.EXE;UAC Bypass Using NTFS Reparse Point - Process,data/EVTX-ATTACK-SAMPLES/AutomatedTestingTools/PanacheSysmon_vs_AtomicRedTeam01.evtx,1,Microsoft-Windows-Sysmon,1,4090,MSEDGEWIN10,"Image: C:\Windows\System32\schtasks.exe
RuleName: Persistence - Scheduled Task Management
Description: Task Scheduler Configuration Tool
TerminalSessionId: 1
ParentCommandLine: '""C:\Windows\system32\cmd.exe"" /c ""SCHTASKS /Create /S localhost /RU DOMAIN\user /RP At0micStrong /TN "" Atomic ""task /TR C:\windows\system32\cmd.exe /SC daily /ST 20:10""'
Product: Microsoft® Windows® Operating System
Company: Microsoft Corporation
ParentProcessId: 3872
LogonGuid: 747F3D96-D4B4-5D31-0000-002051090500
Hashes: SHA1=112C8FFA1C0934ACAAD2C58B3C7E81F3FB8E4A2C,MD5=3F9FD6D3B3E96B8F576DB72035DB38A7,SHA256=D6BA2CD73799477C051D9D864C47FCF5108064CDE07D3565871AFA10FC548086,IMPHASH=7EE4BC5589713B3470B8A950256E2E69
ParentProcessGuid: 747F3D96-DA6A-5D31-0000-001074C23E00
ProcessId: 3352
CurrentDirectory: C:\AtomicRedTeam\
ProcessGuid: 747F3D96-DA6A-5D31-0000-0010C5C43E00
CommandLine: SCHTASKS  /Create /S localhost /RU DOMAIN\user /RP At0micStrong /TN "" Atomic ""task /TR C:\windows\system32\cmd.exe /SC daily /ST 20:10
FileVersion: 10.0.17763.1 (WinBuild.160101.0800)
User: MSEDGEWIN10\IEUser
LogonId: '0x50951'
IntegrityLevel: High
ParentImage: C:\Windows\System32\cmd.exe
UtcTime: 2019-07-19 14:57:46.845
"
2019-07-19T14:57:46.927290+00:00,Hacktool - EDR-Freeze Execution;UAC Bypass Using NTFS Reparse Point - Process,data/EVTX-ATTACK-SAMPLES/AutomatedTestingTools/PanacheSysmon_vs_AtomicRedTeam01.evtx,1,Microsoft-Windows-Sysmon,1,4091,MSEDGEWIN10,"Image: C:\Windows\System32\cmd.exe
RuleName: ''
Description: Windows Command Processor
TerminalSessionId: 1
ParentCommandLine: powershell
Product: Microsoft® Windows® Operating System
Company: Microsoft Corporation
ParentProcessId: 3912
LogonGuid: 747F3D96-D4B4-5D31-0000-002051090500
Hashes: SHA1=8C5437CD76A89EC983E3B364E219944DA3DAB464,MD5=975B45B669930B0CC773EAF2B414206F,SHA256=3656F37A1C6951EC4496FABB8EE957D3A6E3C276D5A3785476B482C9C0D32EA2,IMPHASH=272245E2988E1E430500B852C4FB5E18
ParentProcessGuid: 747F3D96-D6F7-5D31-0000-00104ACE2500
ProcessId: 888
CurrentDirectory: C:\AtomicRedTeam\
ProcessGuid: 747F3D96-DA6A-5D31-0000-00104BC83E00
CommandLine: '""C:\Windows\system32\cmd.exe"" /c '
FileVersion: 10.0.17763.1 (WinBuild.160101.0800)
User: MSEDGEWIN10\IEUser
LogonId: '0x50951'
IntegrityLevel: High
ParentImage: C:\Windows\System32\WindowsPowerShell\v1.0\powershell.exe
UtcTime: 2019-07-19 14:57:46.915
"
2019-07-19T14:57:47.218345+00:00,Hacktool - EDR-Freeze Execution;UAC Bypass Using NTFS Reparse Point - Process,data/EVTX-ATTACK-SAMPLES/AutomatedTestingTools/PanacheSysmon_vs_AtomicRedTeam01.evtx,1,Microsoft-Windows-Sysmon,1,4092,MSEDGEWIN10,"Image: C:\Windows\System32\cmd.exe
RuleName: ''
Description: Windows Command Processor
TerminalSessionId: 1
ParentCommandLine: powershell
Product: Microsoft® Windows® Operating System
Company: Microsoft Corporation
ParentProcessId: 3912
LogonGuid: 747F3D96-D4B4-5D31-0000-002051090500
Hashes: SHA1=8C5437CD76A89EC983E3B364E219944DA3DAB464,MD5=975B45B669930B0CC773EAF2B414206F,SHA256=3656F37A1C6951EC4496FABB8EE957D3A6E3C276D5A3785476B482C9C0D32EA2,IMPHASH=272245E2988E1E430500B852C4FB5E18
ParentProcessGuid: 747F3D96-D6F7-5D31-0000-00104ACE2500
ProcessId: 5332
CurrentDirectory: C:\AtomicRedTeam\
ProcessGuid: 747F3D96-DA6B-5D31-0000-0010CCD03E00
CommandLine: '""C:\Windows\system32\cmd.exe"" /c ""pcalua.exe -a -c""'
FileVersion: 10.0.17763.1 (WinBuild.160101.0800)
User: MSEDGEWIN10\IEUser
LogonId: '0x50951'
IntegrityLevel: High
ParentImage: C:\Windows\System32\WindowsPowerShell\v1.0\powershell.exe
UtcTime: 2019-07-19 14:57:47.195
"
2019-07-19T14:57:47.238555+00:00,Hacktool - EDR-Freeze Execution;UAC Bypass Using NTFS Reparse Point - Process;Use of Pcalua For Execution,data/EVTX-ATTACK-SAMPLES/AutomatedTestingTools/PanacheSysmon_vs_AtomicRedTeam01.evtx,1,Microsoft-Windows-Sysmon,1,4093,MSEDGEWIN10,"Image: C:\Windows\System32\pcalua.exe
RuleName: ''
Description: Program Compatibility Assistant
TerminalSessionId: 1
ParentCommandLine: '""C:\Windows\system32\cmd.exe"" /c ""pcalua.exe -a -c""'
Product: Microsoft® Windows® Operating System
Company: Microsoft Corporation
ParentProcessId: 5332
LogonGuid: 747F3D96-D4B4-5D31-0000-002051090500
Hashes: SHA1=E6A15B8FF17F8656458581FC0B97B0852F69F362,MD5=1E9E8B2CFCFDA570B5E07C014770A1B3,SHA256=36EF04735ADFFF417AE761BF6595BADB54A4CCEB3550ABA7CFD4F7234C90EE7D,IMPHASH=9580FB84ACAA83C6D353A5A1F7F5E653
ParentProcessGuid: 747F3D96-DA6B-5D31-0000-0010CCD03E00
ProcessId: 5348
CurrentDirectory: C:\AtomicRedTeam\
ProcessGuid: 747F3D96-DA6B-5D31-0000-00102DD33E00
CommandLine: pcalua.exe  -a -c
FileVersion: 10.0.17763.1 (WinBuild.160101.0800)
User: MSEDGEWIN10\IEUser
LogonId: '0x50951'
IntegrityLevel: High
ParentImage: C:\Windows\System32\cmd.exe
UtcTime: 2019-07-19 14:57:47.232
"
2019-07-19T14:57:50.398446+00:00,Hacktool - EDR-Freeze Execution;UAC Bypass Using NTFS Reparse Point - Process,data/EVTX-ATTACK-SAMPLES/AutomatedTestingTools/PanacheSysmon_vs_AtomicRedTeam01.evtx,1,Microsoft-Windows-Sysmon,1,4094,MSEDGEWIN10,"Image: C:\Windows\System32\cmd.exe
RuleName: ''
Description: Windows Command Processor
TerminalSessionId: 1
ParentCommandLine: powershell
Product: Microsoft® Windows® Operating System
Company: Microsoft Corporation
ParentProcessId: 3912
LogonGuid: 747F3D96-D4B4-5D31-0000-002051090500
Hashes: SHA1=8C5437CD76A89EC983E3B364E219944DA3DAB464,MD5=975B45B669930B0CC773EAF2B414206F,SHA256=3656F37A1C6951EC4496FABB8EE957D3A6E3C276D5A3785476B482C9C0D32EA2,IMPHASH=272245E2988E1E430500B852C4FB5E18
ParentProcessGuid: 747F3D96-D6F7-5D31-0000-00104ACE2500
ProcessId: 3316
CurrentDirectory: C:\AtomicRedTeam\
ProcessGuid: 747F3D96-DA6E-5D31-0000-0010D8F63E00
CommandLine: '""C:\Windows\system32\cmd.exe"" /c ""pcalua.exe -a Java""'
FileVersion: 10.0.17763.1 (WinBuild.160101.0800)
User: MSEDGEWIN10\IEUser
LogonId: '0x50951'
IntegrityLevel: High
ParentImage: C:\Windows\System32\WindowsPowerShell\v1.0\powershell.exe
UtcTime: 2019-07-19 14:57:50.198
"
2019-07-19T14:57:50.453840+00:00,Hacktool - EDR-Freeze Execution;UAC Bypass Using NTFS Reparse Point - Process;Use of Pcalua For Execution,data/EVTX-ATTACK-SAMPLES/AutomatedTestingTools/PanacheSysmon_vs_AtomicRedTeam01.evtx,1,Microsoft-Windows-Sysmon,1,4095,MSEDGEWIN10,"Image: C:\Windows\System32\pcalua.exe
RuleName: ''
Description: Program Compatibility Assistant
TerminalSessionId: 1
ParentCommandLine: '""C:\Windows\system32\cmd.exe"" /c ""pcalua.exe -a Java""'
Product: Microsoft® Windows® Operating System
Company: Microsoft Corporation
ParentProcessId: 3316
LogonGuid: 747F3D96-D4B4-5D31-0000-002051090500
Hashes: SHA1=E6A15B8FF17F8656458581FC0B97B0852F69F362,MD5=1E9E8B2CFCFDA570B5E07C014770A1B3,SHA256=36EF04735ADFFF417AE761BF6595BADB54A4CCEB3550ABA7CFD4F7234C90EE7D,IMPHASH=9580FB84ACAA83C6D353A5A1F7F5E653
ParentProcessGuid: 747F3D96-DA6E-5D31-0000-0010D8F63E00
ProcessId: 1284
CurrentDirectory: C:\AtomicRedTeam\
ProcessGuid: 747F3D96-DA6E-5D31-0000-001081F93E00
CommandLine: pcalua.exe  -a Java
FileVersion: 10.0.17763.1 (WinBuild.160101.0800)
User: MSEDGEWIN10\IEUser
LogonId: '0x50951'
IntegrityLevel: High
ParentImage: C:\Windows\System32\cmd.exe
UtcTime: 2019-07-19 14:57:50.232
"
2019-07-19T14:57:52.923610+00:00,Hacktool - EDR-Freeze Execution;UAC Bypass Using NTFS Reparse Point - Process,data/EVTX-ATTACK-SAMPLES/AutomatedTestingTools/PanacheSysmon_vs_AtomicRedTeam01.evtx,1,Microsoft-Windows-Sysmon,1,4096,MSEDGEWIN10,"Image: C:\Windows\System32\cmd.exe
RuleName: ''
Description: Windows Command Processor
TerminalSessionId: 1
ParentCommandLine: powershell
Product: Microsoft® Windows® Operating System
Company: Microsoft Corporation
ParentProcessId: 3912
LogonGuid: 747F3D96-D4B4-5D31-0000-002051090500
Hashes: SHA1=8C5437CD76A89EC983E3B364E219944DA3DAB464,MD5=975B45B669930B0CC773EAF2B414206F,SHA256=3656F37A1C6951EC4496FABB8EE957D3A6E3C276D5A3785476B482C9C0D32EA2,IMPHASH=272245E2988E1E430500B852C4FB5E18
ParentProcessGuid: 747F3D96-D6F7-5D31-0000-00104ACE2500
ProcessId: 608
CurrentDirectory: C:\AtomicRedTeam\
ProcessGuid: 747F3D96-DA70-5D31-0000-001007293F00
CommandLine: '""C:\Windows\system32\cmd.exe"" /c ""pcalua.exe -a C:\Windows\system32\javacpl.cpl""'
FileVersion: 10.0.17763.1 (WinBuild.160101.0800)
User: MSEDGEWIN10\IEUser
LogonId: '0x50951'
IntegrityLevel: High
ParentImage: C:\Windows\System32\WindowsPowerShell\v1.0\powershell.exe
UtcTime: 2019-07-19 14:57:52.784
"
2019-07-19T14:57:52.982726+00:00,Hacktool - EDR-Freeze Execution;UAC Bypass Using NTFS Reparse Point - Process;Use of Pcalua For Execution,data/EVTX-ATTACK-SAMPLES/AutomatedTestingTools/PanacheSysmon_vs_AtomicRedTeam01.evtx,1,Microsoft-Windows-Sysmon,1,4097,MSEDGEWIN10,"Image: C:\Windows\System32\pcalua.exe
RuleName: ''
Description: Program Compatibility Assistant
TerminalSessionId: 1
ParentCommandLine: '""C:\Windows\system32\cmd.exe"" /c ""pcalua.exe -a C:\Windows\system32\javacpl.cpl""'
Product: Microsoft® Windows® Operating System
Company: Microsoft Corporation
ParentProcessId: 608
LogonGuid: 747F3D96-D4B4-5D31-0000-002051090500
Hashes: SHA1=E6A15B8FF17F8656458581FC0B97B0852F69F362,MD5=1E9E8B2CFCFDA570B5E07C014770A1B3,SHA256=36EF04735ADFFF417AE761BF6595BADB54A4CCEB3550ABA7CFD4F7234C90EE7D,IMPHASH=9580FB84ACAA83C6D353A5A1F7F5E653
ParentProcessGuid: 747F3D96-DA70-5D31-0000-001007293F00
ProcessId: 112
CurrentDirectory: C:\AtomicRedTeam\
ProcessGuid: 747F3D96-DA70-5D31-0000-00100E2C3F00
CommandLine: pcalua.exe  -a C:\Windows\system32\javacpl.cpl
FileVersion: 10.0.17763.1 (WinBuild.160101.0800)
User: MSEDGEWIN10\IEUser
LogonId: '0x50951'
IntegrityLevel: High
ParentImage: C:\Windows\System32\cmd.exe
UtcTime: 2019-07-19 14:57:52.816
"
2019-07-19T14:57:53.882434+00:00,Hacktool - EDR-Freeze Execution;UAC Bypass Using NTFS Reparse Point - Process,data/EVTX-ATTACK-SAMPLES/AutomatedTestingTools/PanacheSysmon_vs_AtomicRedTeam01.evtx,1,Microsoft-Windows-Sysmon,1,4098,MSEDGEWIN10,"Image: C:\Windows\System32\cmd.exe
RuleName: ''
Description: Windows Command Processor
TerminalSessionId: 1
ParentCommandLine: powershell
Product: Microsoft® Windows® Operating System
Company: Microsoft Corporation
ParentProcessId: 3912
LogonGuid: 747F3D96-D4B4-5D31-0000-002051090500
Hashes: SHA1=8C5437CD76A89EC983E3B364E219944DA3DAB464,MD5=975B45B669930B0CC773EAF2B414206F,SHA256=3656F37A1C6951EC4496FABB8EE957D3A6E3C276D5A3785476B482C9C0D32EA2,IMPHASH=272245E2988E1E430500B852C4FB5E18
ParentProcessGuid: 747F3D96-D6F7-5D31-0000-00104ACE2500
ProcessId: 6168
CurrentDirectory: C:\AtomicRedTeam\
ProcessGuid: 747F3D96-DA71-5D31-0000-00101A463F00
CommandLine: '""C:\Windows\system32\cmd.exe"" /c '
FileVersion: 10.0.17763.1 (WinBuild.160101.0800)
User: MSEDGEWIN10\IEUser
LogonId: '0x50951'
IntegrityLevel: High
ParentImage: C:\Windows\System32\WindowsPowerShell\v1.0\powershell.exe
UtcTime: 2019-07-19 14:57:53.815
"
2019-07-19T14:57:54.099318+00:00,Hacktool - EDR-Freeze Execution;UAC Bypass Using NTFS Reparse Point - Process,data/EVTX-ATTACK-SAMPLES/AutomatedTestingTools/PanacheSysmon_vs_AtomicRedTeam01.evtx,1,Microsoft-Windows-Sysmon,1,4099,MSEDGEWIN10,"Image: C:\Windows\System32\cmd.exe
RuleName: ''
Description: Windows Command Processor
TerminalSessionId: 1
ParentCommandLine: powershell
Product: Microsoft® Windows® Operating System
Company: Microsoft Corporation
ParentProcessId: 3912
LogonGuid: 747F3D96-D4B4-5D31-0000-002051090500
Hashes: SHA1=8C5437CD76A89EC983E3B364E219944DA3DAB464,MD5=975B45B669930B0CC773EAF2B414206F,SHA256=3656F37A1C6951EC4496FABB8EE957D3A6E3C276D5A3785476B482C9C0D32EA2,IMPHASH=272245E2988E1E430500B852C4FB5E18
ParentProcessGuid: 747F3D96-D6F7-5D31-0000-00104ACE2500
ProcessId: 1300
CurrentDirectory: C:\AtomicRedTeam\
ProcessGuid: 747F3D96-DA72-5D31-0000-0010044F3F00
CommandLine: '""C:\Windows\system32\cmd.exe"" /c ""forfiles /p c:\windows\system32 /m notepad.exe /c calc.exe""'
FileVersion: 10.0.17763.1 (WinBuild.160101.0800)
User: MSEDGEWIN10\IEUser
LogonId: '0x50951'
IntegrityLevel: High
ParentImage: C:\Windows\System32\WindowsPowerShell\v1.0\powershell.exe
UtcTime: 2019-07-19 14:57:54.080
"
2019-07-19T14:57:54.129841+00:00,Hacktool - EDR-Freeze Execution;UAC Bypass Using NTFS Reparse Point - Process,data/EVTX-ATTACK-SAMPLES/AutomatedTestingTools/PanacheSysmon_vs_AtomicRedTeam01.evtx,1,Microsoft-Windows-Sysmon,1,4100,MSEDGEWIN10,"Image: C:\Windows\System32\forfiles.exe
RuleName: ''
Description: ForFiles - Executes a command on selected files
TerminalSessionId: 1
ParentCommandLine: '""C:\Windows\system32\cmd.exe"" /c ""forfiles /p c:\windows\system32 /m notepad.exe /c calc.exe""'
Product: Microsoft® Windows® Operating System
Company: Microsoft Corporation
ParentProcessId: 1300
LogonGuid: 747F3D96-D4B4-5D31-0000-002051090500
Hashes: SHA1=B7002C1601C326ED60C38E23366E5E8C919F326A,MD5=6E9F3CBB041D0670E2AC3378C3360045,SHA256=FA84D5B043EAD140FE304CBC71A9BFB3D24D3542FAB45DB65606C47808BD9272,IMPHASH=BB3BC1A3FEF88F916302D61DDC886F80
ParentProcessGuid: 747F3D96-DA72-5D31-0000-0010044F3F00
ProcessId: 3680
CurrentDirectory: C:\AtomicRedTeam\
ProcessGuid: 747F3D96-DA72-5D31-0000-001056513F00
CommandLine: forfiles  /p c:\windows\system32 /m notepad.exe /c calc.exe
FileVersion: 10.0.17763.1 (WinBuild.160101.0800)
User: MSEDGEWIN10\IEUser
LogonId: '0x50951'
IntegrityLevel: High
ParentImage: C:\Windows\System32\cmd.exe
UtcTime: 2019-07-19 14:57:54.123
"
2019-07-19T14:57:54.165319+00:00,Hacktool - EDR-Freeze Execution;UAC Bypass Using NTFS Reparse Point - Process,data/EVTX-ATTACK-SAMPLES/AutomatedTestingTools/PanacheSysmon_vs_AtomicRedTeam01.evtx,1,Microsoft-Windows-Sysmon,1,4101,MSEDGEWIN10,"Image: C:\Windows\System32\calc.exe
RuleName: ''
Description: Windows Calculator
TerminalSessionId: 1
ParentCommandLine: forfiles  /p c:\windows\system32 /m notepad.exe /c calc.exe
Product: Microsoft® Windows® Operating System
Company: Microsoft Corporation
ParentProcessId: 3680
LogonGuid: 747F3D96-D4B4-5D31-0000-002051090500
Hashes: SHA1=F5ED372FD8EC7C455FF66BCE73F16CA51CBC0302,MD5=DEAD69D07BC33B762ABD466FB6F53E11,SHA256=3091E2ABFB55D05D6284B6C4B058B62C8C28AFC1D883B699E9A2B5482EC6FD51,IMPHASH=8EEAA9499666119D13B3F44ECD77A729
ParentProcessGuid: 747F3D96-DA72-5D31-0000-001056513F00
ProcessId: 3160
CurrentDirectory: c:\windows\system32\
ProcessGuid: 747F3D96-DA72-5D31-0000-0010B1543F00
CommandLine: '""C:\Windows\system32\calc.exe""'
FileVersion: 10.0.17763.1 (WinBuild.160101.0800)
User: MSEDGEWIN10\IEUser
LogonId: '0x50951'
IntegrityLevel: High
ParentImage: C:\Windows\System32\forfiles.exe
UtcTime: 2019-07-19 14:57:54.160
"
2019-07-19T14:57:55.069079+00:00,Hacktool - EDR-Freeze Execution;UAC Bypass Using NTFS Reparse Point - Process,data/EVTX-ATTACK-SAMPLES/AutomatedTestingTools/PanacheSysmon_vs_AtomicRedTeam01.evtx,1,Microsoft-Windows-Sysmon,1,4102,MSEDGEWIN10,"Image: C:\Windows\System32\cmd.exe
RuleName: ''
Description: Windows Command Processor
TerminalSessionId: 1
ParentCommandLine: powershell
Product: Microsoft® Windows® Operating System
Company: Microsoft Corporation
ParentProcessId: 3912
LogonGuid: 747F3D96-D4B4-5D31-0000-002051090500
Hashes: SHA1=8C5437CD76A89EC983E3B364E219944DA3DAB464,MD5=975B45B669930B0CC773EAF2B414206F,SHA256=3656F37A1C6951EC4496FABB8EE957D3A6E3C276D5A3785476B482C9C0D32EA2,IMPHASH=272245E2988E1E430500B852C4FB5E18
ParentProcessGuid: 747F3D96-D6F7-5D31-0000-00104ACE2500
ProcessId: 1052
CurrentDirectory: C:\AtomicRedTeam\
ProcessGuid: 747F3D96-DA73-5D31-0000-00106A8D3F00
CommandLine: '""C:\Windows\system32\cmd.exe"" /c ""forfiles /p c:\windows\system32 /m notepad.exe /c "" c:\folder\normal.dll:evil.exe'
FileVersion: 10.0.17763.1 (WinBuild.160101.0800)
User: MSEDGEWIN10\IEUser
LogonId: '0x50951'
IntegrityLevel: High
ParentImage: C:\Windows\System32\WindowsPowerShell\v1.0\powershell.exe
UtcTime: 2019-07-19 14:57:55.024
"
2019-07-19T14:57:55.138826+00:00,Hacktool - EDR-Freeze Execution;UAC Bypass Using NTFS Reparse Point - Process,data/EVTX-ATTACK-SAMPLES/AutomatedTestingTools/PanacheSysmon_vs_AtomicRedTeam01.evtx,1,Microsoft-Windows-Sysmon,1,4103,MSEDGEWIN10,"Image: C:\Windows\System32\forfiles.exe
RuleName: ''
Description: ForFiles - Executes a command on selected files
TerminalSessionId: 1
ParentCommandLine: '""C:\Windows\system32\cmd.exe"" /c ""forfiles /p c:\windows\system32 /m notepad.exe /c "" c:\folder\normal.dll:evil.exe'
Product: Microsoft® Windows® Operating System
Company: Microsoft Corporation
ParentProcessId: 1052
LogonGuid: 747F3D96-D4B4-5D31-0000-002051090500
Hashes: SHA1=B7002C1601C326ED60C38E23366E5E8C919F326A,MD5=6E9F3CBB041D0670E2AC3378C3360045,SHA256=FA84D5B043EAD140FE304CBC71A9BFB3D24D3542FAB45DB65606C47808BD9272,IMPHASH=BB3BC1A3FEF88F916302D61DDC886F80
ParentProcessGuid: 747F3D96-DA73-5D31-0000-00106A8D3F00
ProcessId: 4092
CurrentDirectory: C:\AtomicRedTeam\
ProcessGuid: 747F3D96-DA73-5D31-0000-0010918F3F00
CommandLine: forfiles  /p c:\windows\system32 /m notepad.exe /c  c:\folder\normal.dll:evil.exe
FileVersion: 10.0.17763.1 (WinBuild.160101.0800)
User: MSEDGEWIN10\IEUser
LogonId: '0x50951'
IntegrityLevel: High
ParentImage: C:\Windows\System32\cmd.exe
UtcTime: 2019-07-19 14:57:55.056
"
2019-07-19T14:57:55.236766+00:00,Hacktool - EDR-Freeze Execution;UAC Bypass Using NTFS Reparse Point - Process,data/EVTX-ATTACK-SAMPLES/AutomatedTestingTools/PanacheSysmon_vs_AtomicRedTeam01.evtx,1,Microsoft-Windows-Sysmon,1,4104,MSEDGEWIN10,"Image: C:\Windows\System32\cmd.exe
RuleName: ''
Description: Windows Command Processor
TerminalSessionId: 1
ParentCommandLine: powershell
Product: Microsoft® Windows® Operating System
Company: Microsoft Corporation
ParentProcessId: 3912
LogonGuid: 747F3D96-D4B4-5D31-0000-002051090500
Hashes: SHA1=8C5437CD76A89EC983E3B364E219944DA3DAB464,MD5=975B45B669930B0CC773EAF2B414206F,SHA256=3656F37A1C6951EC4496FABB8EE957D3A6E3C276D5A3785476B482C9C0D32EA2,IMPHASH=272245E2988E1E430500B852C4FB5E18
ParentProcessGuid: 747F3D96-D6F7-5D31-0000-00104ACE2500
ProcessId: 1724
CurrentDirectory: C:\AtomicRedTeam\
ProcessGuid: 747F3D96-DA73-5D31-0000-001061933F00
CommandLine: '""C:\Windows\system32\cmd.exe"" /c '
FileVersion: 10.0.17763.1 (WinBuild.160101.0800)
User: MSEDGEWIN10\IEUser
LogonId: '0x50951'
IntegrityLevel: High
ParentImage: C:\Windows\System32\WindowsPowerShell\v1.0\powershell.exe
UtcTime: 2019-07-19 14:57:55.181
"
2019-07-19T15:09:40.973075+00:00,HackTool - CrackMapExec Process Patterns;Hacktool - EDR-Freeze Execution;UAC Bypass Using NTFS Reparse Point - Process,data/EVTX-ATTACK-SAMPLES/AutomatedTestingTools/PanacheSysmon_vs_AtomicRedTeam01.evtx,1,Microsoft-Windows-Sysmon,1,4106,MSEDGEWIN10,"Image: C:\Windows\System32\consent.exe
RuleName: ''
Description: Consent UI for administrative applications
TerminalSessionId: 1
ParentCommandLine: C:\Windows\system32\svchost.exe -k netsvcs -p -s Appinfo
Product: Microsoft® Windows® Operating System
Company: Microsoft Corporation
ParentProcessId: 4516
LogonGuid: 747F3D96-D4A4-5D31-0000-0020E7030000
Hashes: SHA1=9329B2362078DE27242DD4534F588AF3264BF0BF,MD5=27992D7EBE51AEC655A088DE88BAD5C9,SHA256=8F112431143A22BAAAFB448EEFD63BF90E7691C890AC69A296574FD07BA03EC6,IMPHASH=522D83761201075834F05037F5307949
ParentProcessGuid: 747F3D96-D4B9-5D31-0000-0010F70B0700
ProcessId: 3496
CurrentDirectory: C:\Windows\system32\
ProcessGuid: 747F3D96-DD34-5D31-0000-0010FCC64800
CommandLine: consent.exe 4516 288 0000023C0CA1FA70
FileVersion: 10.0.17763.1 (WinBuild.160101.0800)
User: NT AUTHORITY\SYSTEM
LogonId: '0x3e7'
IntegrityLevel: System
ParentImage: C:\Windows\System32\svchost.exe
UtcTime: 2019-07-19 15:09:40.692
"
2019-07-19T15:09:43.329083+00:00,Hacktool - EDR-Freeze Execution;UAC Bypass Using NTFS Reparse Point - Process,data/EVTX-ATTACK-SAMPLES/AutomatedTestingTools/PanacheSysmon_vs_AtomicRedTeam01.evtx,1,Microsoft-Windows-Sysmon,1,4107,MSEDGEWIN10,"Image: C:\Windows\System32\cmd.exe
RuleName: ''
Description: Windows Command Processor
TerminalSessionId: 1
ParentCommandLine: C:\Windows\Explorer.EXE
Product: Microsoft® Windows® Operating System
Company: Microsoft Corporation
ParentProcessId: 4416
LogonGuid: 747F3D96-D4B4-5D31-0000-002051090500
Hashes: SHA1=8C5437CD76A89EC983E3B364E219944DA3DAB464,MD5=975B45B669930B0CC773EAF2B414206F,SHA256=3656F37A1C6951EC4496FABB8EE957D3A6E3C276D5A3785476B482C9C0D32EA2,IMPHASH=272245E2988E1E430500B852C4FB5E18
ParentProcessGuid: 747F3D96-D4B8-5D31-0000-0010A8CE0600
ProcessId: 5632
CurrentDirectory: C:\Windows\system32\
ProcessGuid: 747F3D96-DD37-5D31-0000-00109D4C4900
CommandLine: '""C:\Windows\system32\cmd.exe"" '
FileVersion: 10.0.17763.1 (WinBuild.160101.0800)
User: MSEDGEWIN10\IEUser
LogonId: '0x50951'
IntegrityLevel: High
ParentImage: C:\Windows\explorer.exe
UtcTime: 2019-07-19 15:09:43.301
"
2019-07-19T15:09:59.931135+00:00,Hacktool - EDR-Freeze Execution;Non Interactive PowerShell Process Spawned;UAC Bypass Using NTFS Reparse Point - Process,data/EVTX-ATTACK-SAMPLES/AutomatedTestingTools/PanacheSysmon_vs_AtomicRedTeam01.evtx,1,Microsoft-Windows-Sysmon,1,4108,MSEDGEWIN10,"Image: C:\Windows\System32\WindowsPowerShell\v1.0\powershell.exe
RuleName: ''
Description: Windows PowerShell
TerminalSessionId: 1
ParentCommandLine: '""C:\Windows\system32\cmd.exe"" '
Product: Microsoft® Windows® Operating System
Company: Microsoft Corporation
ParentProcessId: 5632
LogonGuid: 747F3D96-D4B4-5D31-0000-002051090500
Hashes: SHA1=6CBCE4A295C163791B60FC23D285E6D84F28EE4C,MD5=7353F60B1739074EB17C5F4DDDEFE239,SHA256=DE96A6E69944335375DC1AC238336066889D9FFC7D73628EF4FE1B1B160AB32C,IMPHASH=741776AACCFC5B71FF59832DCDCACE0F
ParentProcessGuid: 747F3D96-DD37-5D31-0000-00109D4C4900
ProcessId: 5840
CurrentDirectory: c:\AtomicRedTeam\
ProcessGuid: 747F3D96-DD47-5D31-0000-001015874900
CommandLine: powershell
FileVersion: 10.0.17763.1 (WinBuild.160101.0800)
User: MSEDGEWIN10\IEUser
LogonId: '0x50951'
IntegrityLevel: High
ParentImage: C:\Windows\System32\cmd.exe
UtcTime: 2019-07-19 15:09:59.829
"
2019-07-19T15:10:52.700901+00:00,UAC Bypass Using Windows Media Player - File,data/EVTX-ATTACK-SAMPLES/AutomatedTestingTools/PanacheSysmon_vs_AtomicRedTeam01.evtx,1,Microsoft-Windows-Sysmon,11,4109,MSEDGEWIN10,"ProcessGuid: 747F3D96-DD47-5D31-0000-001015874900
CreationUtcTime: 2019-07-19 15:10:52.699
UtcTime: 2019-07-19 15:10:52.699
ProcessId: 5840
RuleName: ''
TargetFilename: C:\Users\IEUser\AppData\Local\Temp\3ivx11ib\3ivx11ib.dll
Image: C:\Windows\System32\WindowsPowerShell\v1.0\powershell.exe
"
2019-07-19T15:11:07.994501+00:00,Hacktool - EDR-Freeze Execution;Local Accounts Discovery;UAC Bypass Using NTFS Reparse Point - Process,data/EVTX-ATTACK-SAMPLES/AutomatedTestingTools/PanacheSysmon_vs_AtomicRedTeam01.evtx,1,Microsoft-Windows-Sysmon,1,4110,MSEDGEWIN10,"Image: C:\Windows\System32\whoami.exe
RuleName: ''
Description: whoami - displays logged on user information
TerminalSessionId: 1
ParentCommandLine: powershell
Product: Microsoft® Windows® Operating System
Company: Microsoft Corporation
ParentProcessId: 5840
LogonGuid: 747F3D96-D4B4-5D31-0000-002051090500
Hashes: SHA1=47D7864D26FC67E0D60391CBF170D33DA518C322,MD5=43C2D3293AD939241DF61B3630A9D3B6,SHA256=1D5491E3C468EE4B4EF6EDFF4BBC7D06EE83180F6F0B1576763EA2EFE049493A,IMPHASH=7FF0758B766F747CE57DFAC70743FB88
ParentProcessGuid: 747F3D96-DD47-5D31-0000-001015874900
ProcessId: 5792
CurrentDirectory: C:\AtomicRedTeam\
ProcessGuid: 747F3D96-DD8B-5D31-0000-001094584A00
CommandLine: '""C:\Windows\system32\whoami.exe"" /user'
FileVersion: 10.0.17763.1 (WinBuild.160101.0800)
User: MSEDGEWIN10\IEUser
LogonId: '0x50951'
IntegrityLevel: High
ParentImage: C:\Windows\System32\WindowsPowerShell\v1.0\powershell.exe
UtcTime: 2019-07-19 15:11:07.987
"
2019-07-19T15:11:16.986676+00:00,HackTool - HandleKatz LSASS Dumper Execution;Hacktool - EDR-Freeze Execution;UAC Bypass Using NTFS Reparse Point - Process,data/EVTX-ATTACK-SAMPLES/AutomatedTestingTools/PanacheSysmon_vs_AtomicRedTeam01.evtx,1,Microsoft-Windows-Sysmon,1,4113,MSEDGEWIN10,"Image: C:\Windows\System32\cmd.exe
RuleName: ''
Description: Windows Command Processor
TerminalSessionId: 1
ParentCommandLine: powershell
Product: Microsoft® Windows® Operating System
Company: Microsoft Corporation
ParentProcessId: 5840
LogonGuid: 747F3D96-D4B4-5D31-0000-002051090500
Hashes: SHA1=8C5437CD76A89EC983E3B364E219944DA3DAB464,MD5=975B45B669930B0CC773EAF2B414206F,SHA256=3656F37A1C6951EC4496FABB8EE957D3A6E3C276D5A3785476B482C9C0D32EA2,IMPHASH=272245E2988E1E430500B852C4FB5E18
ParentProcessGuid: 747F3D96-DD47-5D31-0000-001015874900
ProcessId: 3920
CurrentDirectory: C:\AtomicRedTeam\
ProcessGuid: 747F3D96-DD94-5D31-0000-0010F4864A00
CommandLine: '""C:\Windows\system32\cmd.exe"" /c ""gsecdump -a""'
FileVersion: 10.0.17763.1 (WinBuild.160101.0800)
User: MSEDGEWIN10\IEUser
LogonId: '0x50951'
IntegrityLevel: High
ParentImage: C:\Windows\System32\WindowsPowerShell\v1.0\powershell.exe
UtcTime: 2019-07-19 15:11:16.975
"
2019-07-19T15:11:17.027188+00:00,Hacktool - EDR-Freeze Execution;UAC Bypass Using NTFS Reparse Point - Process,data/EVTX-ATTACK-SAMPLES/AutomatedTestingTools/PanacheSysmon_vs_AtomicRedTeam01.evtx,1,Microsoft-Windows-Sysmon,1,4114,MSEDGEWIN10,"Image: C:\Windows\System32\cmd.exe
RuleName: ''
Description: Windows Command Processor
TerminalSessionId: 1
ParentCommandLine: powershell
Product: Microsoft® Windows® Operating System
Company: Microsoft Corporation
ParentProcessId: 5840
LogonGuid: 747F3D96-D4B4-5D31-0000-002051090500
Hashes: SHA1=8C5437CD76A89EC983E3B364E219944DA3DAB464,MD5=975B45B669930B0CC773EAF2B414206F,SHA256=3656F37A1C6951EC4496FABB8EE957D3A6E3C276D5A3785476B482C9C0D32EA2,IMPHASH=272245E2988E1E430500B852C4FB5E18
ParentProcessGuid: 747F3D96-DD47-5D31-0000-001015874900
ProcessId: 5476
CurrentDirectory: C:\AtomicRedTeam\
ProcessGuid: 747F3D96-DD95-5D31-0000-0010148A4A00
CommandLine: '""C:\Windows\system32\cmd.exe"" /c '
FileVersion: 10.0.17763.1 (WinBuild.160101.0800)
User: MSEDGEWIN10\IEUser
LogonId: '0x50951'
IntegrityLevel: High
ParentImage: C:\Windows\System32\WindowsPowerShell\v1.0\powershell.exe
UtcTime: 2019-07-19 15:11:17.016
"
2019-07-19T15:11:17.107912+00:00,Hacktool - EDR-Freeze Execution;UAC Bypass Using NTFS Reparse Point - Process,data/EVTX-ATTACK-SAMPLES/AutomatedTestingTools/PanacheSysmon_vs_AtomicRedTeam01.evtx,1,Microsoft-Windows-Sysmon,1,4115,MSEDGEWIN10,"Image: C:\Windows\System32\cmd.exe
RuleName: ''
Description: Windows Command Processor
TerminalSessionId: 1
ParentCommandLine: powershell
Product: Microsoft® Windows® Operating System
Company: Microsoft Corporation
ParentProcessId: 5840
LogonGuid: 747F3D96-D4B4-5D31-0000-002051090500
Hashes: SHA1=8C5437CD76A89EC983E3B364E219944DA3DAB464,MD5=975B45B669930B0CC773EAF2B414206F,SHA256=3656F37A1C6951EC4496FABB8EE957D3A6E3C276D5A3785476B482C9C0D32EA2,IMPHASH=272245E2988E1E430500B852C4FB5E18
ParentProcessGuid: 747F3D96-DD47-5D31-0000-001015874900
ProcessId: 5216
CurrentDirectory: C:\AtomicRedTeam\
ProcessGuid: 747F3D96-DD95-5D31-0000-0010B38E4A00
CommandLine: '""C:\Windows\system32\cmd.exe"" /c ""wce -o output.txt""'
FileVersion: 10.0.17763.1 (WinBuild.160101.0800)
User: MSEDGEWIN10\IEUser
LogonId: '0x50951'
IntegrityLevel: High
ParentImage: C:\Windows\System32\WindowsPowerShell\v1.0\powershell.exe
UtcTime: 2019-07-19 15:11:17.097
"
