2019-07-19T14:52:36.510405+00:00,Hacktool - EDR-Freeze Execution;UAC Bypass Using NTFS Reparse Point - Process,data/EVTX-ATTACK-SAMPLES/AutomatedTestingTools/PanacheSysmon_vs_AtomicRedTeam01.evtx,1,Microsoft-Windows-Sysmon,1,3897,MSEDGEWIN10,"Image: C:\Windows\System32\PING.EXE
RuleName: ''
Description: TCP/IP Ping Command
TerminalSessionId: 1
ParentCommandLine: '""C:\Windows\system32\cmd.exe"" /c ""for /l %i in (1,1,254) do ping -n 1 -w 100 192.168.1.%i""'
Product: Microsoft® Windows® Operating System
Company: Microsoft Corporation
ParentProcessId: 4528
LogonGuid: 747F3D96-D4B4-5D31-0000-002051090500
Hashes: SHA1=8757646428A176F76E6F38458A25902A8FEBA9C0,MD5=56633150D77AE242D07727B0564430BB,SHA256=741AD992403C78A8A7DBD97C74FDA06594A247E9E2FA05A40BB6945403A90056,IMPHASH=8C3BE1286CDAD6AC1136D0BB6C83FF41
ParentProcessGuid: 747F3D96-D8F6-5D31-0000-001091D13300
ProcessId: 2600
CurrentDirectory: C:\AtomicRedTeam\
ProcessGuid: 747F3D96-D934-5D31-0000-0010A3B53500
CommandLine: ping  -n 1 -w 100 192.168.1.124
FileVersion: 10.0.17763.1 (WinBuild.160101.0800)
User: MSEDGEWIN10\IEUser
LogonId: '0x50951'
IntegrityLevel: High
ParentImage: C:\Windows\System32\cmd.exe
UtcTime: 2019-07-19 14:52:36.505
"
2019-07-19T14:52:36.905558+00:00,Hacktool - EDR-Freeze Execution;UAC Bypass Using NTFS Reparse Point - Process,data/EVTX-ATTACK-SAMPLES/AutomatedTestingTools/PanacheSysmon_vs_AtomicRedTeam01.evtx,1,Microsoft-Windows-Sysmon,1,3898,MSEDGEWIN10,"Image: C:\Windows\System32\PING.EXE
RuleName: ''
Description: TCP/IP Ping Command
TerminalSessionId: 1
ParentCommandLine: '""C:\Windows\system32\cmd.exe"" /c ""for /l %i in (1,1,254) do ping -n 1 -w 100 192.168.1.%i""'
Product: Microsoft® Windows® Operating System
Company: Microsoft Corporation
ParentProcessId: 4528
LogonGuid: 747F3D96-D4B4-5D31-0000-002051090500
Hashes: SHA1=8757646428A176F76E6F38458A25902A8FEBA9C0,MD5=56633150D77AE242D07727B0564430BB,SHA256=741AD992403C78A8A7DBD97C74FDA06594A247E9E2FA05A40BB6945403A90056,IMPHASH=8C3BE1286CDAD6AC1136D0BB6C83FF41
ParentProcessGuid: 747F3D96-D8F6-5D31-0000-001091D13300
ProcessId: 2596
CurrentDirectory: C:\AtomicRedTeam\
ProcessGuid: 747F3D96-D934-5D31-0000-00106ABE3500
CommandLine: ping  -n 1 -w 100 192.168.1.125
FileVersion: 10.0.17763.1 (WinBuild.160101.0800)
User: MSEDGEWIN10\IEUser
LogonId: '0x50951'
IntegrityLevel: High
ParentImage: C:\Windows\System32\cmd.exe
UtcTime: 2019-07-19 14:52:36.901
"
2019-07-19T14:52:37.449513+00:00,Hacktool - EDR-Freeze Execution;UAC Bypass Using NTFS Reparse Point - Process,data/EVTX-ATTACK-SAMPLES/AutomatedTestingTools/PanacheSysmon_vs_AtomicRedTeam01.evtx,1,Microsoft-Windows-Sysmon,1,3899,MSEDGEWIN10,"Image: C:\Windows\System32\PING.EXE
RuleName: ''
Description: TCP/IP Ping Command
TerminalSessionId: 1
ParentCommandLine: '""C:\Windows\system32\cmd.exe"" /c ""for /l %i in (1,1,254) do ping -n 1 -w 100 192.168.1.%i""'
Product: Microsoft® Windows® Operating System
Company: Microsoft Corporation
ParentProcessId: 4528
LogonGuid: 747F3D96-D4B4-5D31-0000-002051090500
Hashes: SHA1=8757646428A176F76E6F38458A25902A8FEBA9C0,MD5=56633150D77AE242D07727B0564430BB,SHA256=741AD992403C78A8A7DBD97C74FDA06594A247E9E2FA05A40BB6945403A90056,IMPHASH=8C3BE1286CDAD6AC1136D0BB6C83FF41
ParentProcessGuid: 747F3D96-D8F6-5D31-0000-001091D13300
ProcessId: 3356
CurrentDirectory: C:\AtomicRedTeam\
ProcessGuid: 747F3D96-D935-5D31-0000-001056C13500
CommandLine: ping  -n 1 -w 100 192.168.1.126
FileVersion: 10.0.17763.1 (WinBuild.160101.0800)
User: MSEDGEWIN10\IEUser
LogonId: '0x50951'
IntegrityLevel: High
ParentImage: C:\Windows\System32\cmd.exe
UtcTime: 2019-07-19 14:52:37.441
"
2019-07-19T14:52:37.947398+00:00,Hacktool - EDR-Freeze Execution;UAC Bypass Using NTFS Reparse Point - Process,data/EVTX-ATTACK-SAMPLES/AutomatedTestingTools/PanacheSysmon_vs_AtomicRedTeam01.evtx,1,Microsoft-Windows-Sysmon,1,3900,MSEDGEWIN10,"Image: C:\Windows\System32\PING.EXE
RuleName: ''
Description: TCP/IP Ping Command
TerminalSessionId: 1
ParentCommandLine: '""C:\Windows\system32\cmd.exe"" /c ""for /l %i in (1,1,254) do ping -n 1 -w 100 192.168.1.%i""'
Product: Microsoft® Windows® Operating System
Company: Microsoft Corporation
ParentProcessId: 4528
LogonGuid: 747F3D96-D4B4-5D31-0000-002051090500
Hashes: SHA1=8757646428A176F76E6F38458A25902A8FEBA9C0,MD5=56633150D77AE242D07727B0564430BB,SHA256=741AD992403C78A8A7DBD97C74FDA06594A247E9E2FA05A40BB6945403A90056,IMPHASH=8C3BE1286CDAD6AC1136D0BB6C83FF41
ParentProcessGuid: 747F3D96-D8F6-5D31-0000-001091D13300
ProcessId: 5004
CurrentDirectory: C:\AtomicRedTeam\
ProcessGuid: 747F3D96-D935-5D31-0000-001042C43500
CommandLine: ping  -n 1 -w 100 192.168.1.127
FileVersion: 10.0.17763.1 (WinBuild.160101.0800)
User: MSEDGEWIN10\IEUser
LogonId: '0x50951'
IntegrityLevel: High
ParentImage: C:\Windows\System32\cmd.exe
UtcTime: 2019-07-19 14:52:37.939
"
2019-07-19T14:52:38.514037+00:00,Hacktool - EDR-Freeze Execution;UAC Bypass Using NTFS Reparse Point - Process,data/EVTX-ATTACK-SAMPLES/AutomatedTestingTools/PanacheSysmon_vs_AtomicRedTeam01.evtx,1,Microsoft-Windows-Sysmon,1,3901,MSEDGEWIN10,"Image: C:\Windows\System32\PING.EXE
RuleName: ''
Description: TCP/IP Ping Command
TerminalSessionId: 1
ParentCommandLine: '""C:\Windows\system32\cmd.exe"" /c ""for /l %i in (1,1,254) do ping -n 1 -w 100 192.168.1.%i""'
Product: Microsoft® Windows® Operating System
Company: Microsoft Corporation
ParentProcessId: 4528
LogonGuid: 747F3D96-D4B4-5D31-0000-002051090500
Hashes: SHA1=8757646428A176F76E6F38458A25902A8FEBA9C0,MD5=56633150D77AE242D07727B0564430BB,SHA256=741AD992403C78A8A7DBD97C74FDA06594A247E9E2FA05A40BB6945403A90056,IMPHASH=8C3BE1286CDAD6AC1136D0BB6C83FF41
ParentProcessGuid: 747F3D96-D8F6-5D31-0000-001091D13300
ProcessId: 3964
CurrentDirectory: C:\AtomicRedTeam\
ProcessGuid: 747F3D96-D936-5D31-0000-00102EC73500
CommandLine: ping  -n 1 -w 100 192.168.1.128
FileVersion: 10.0.17763.1 (WinBuild.160101.0800)
User: MSEDGEWIN10\IEUser
LogonId: '0x50951'
IntegrityLevel: High
ParentImage: C:\Windows\System32\cmd.exe
UtcTime: 2019-07-19 14:52:38.490
"
2019-07-19T14:52:38.992109+00:00,Hacktool - EDR-Freeze Execution;UAC Bypass Using NTFS Reparse Point - Process,data/EVTX-ATTACK-SAMPLES/AutomatedTestingTools/PanacheSysmon_vs_AtomicRedTeam01.evtx,1,Microsoft-Windows-Sysmon,1,3902,MSEDGEWIN10,"Image: C:\Windows\System32\PING.EXE
RuleName: ''
Description: TCP/IP Ping Command
TerminalSessionId: 1
ParentCommandLine: '""C:\Windows\system32\cmd.exe"" /c ""for /l %i in (1,1,254) do ping -n 1 -w 100 192.168.1.%i""'
Product: Microsoft® Windows® Operating System
Company: Microsoft Corporation
ParentProcessId: 4528
LogonGuid: 747F3D96-D4B4-5D31-0000-002051090500
Hashes: SHA1=8757646428A176F76E6F38458A25902A8FEBA9C0,MD5=56633150D77AE242D07727B0564430BB,SHA256=741AD992403C78A8A7DBD97C74FDA06594A247E9E2FA05A40BB6945403A90056,IMPHASH=8C3BE1286CDAD6AC1136D0BB6C83FF41
ParentProcessGuid: 747F3D96-D8F6-5D31-0000-001091D13300
ProcessId: 6540
CurrentDirectory: C:\AtomicRedTeam\
ProcessGuid: 747F3D96-D936-5D31-0000-001075CA3500
CommandLine: ping  -n 1 -w 100 192.168.1.129
FileVersion: 10.0.17763.1 (WinBuild.160101.0800)
User: MSEDGEWIN10\IEUser
LogonId: '0x50951'
IntegrityLevel: High
ParentImage: C:\Windows\System32\cmd.exe
UtcTime: 2019-07-19 14:52:38.973
"
2019-07-19T14:52:39.508768+00:00,Hacktool - EDR-Freeze Execution;UAC Bypass Using NTFS Reparse Point - Process,data/EVTX-ATTACK-SAMPLES/AutomatedTestingTools/PanacheSysmon_vs_AtomicRedTeam01.evtx,1,Microsoft-Windows-Sysmon,1,3903,MSEDGEWIN10,"Image: C:\Windows\System32\PING.EXE
RuleName: ''
Description: TCP/IP Ping Command
TerminalSessionId: 1
ParentCommandLine: '""C:\Windows\system32\cmd.exe"" /c ""for /l %i in (1,1,254) do ping -n 1 -w 100 192.168.1.%i""'
Product: Microsoft® Windows® Operating System
Company: Microsoft Corporation
ParentProcessId: 4528
LogonGuid: 747F3D96-D4B4-5D31-0000-002051090500
Hashes: SHA1=8757646428A176F76E6F38458A25902A8FEBA9C0,MD5=56633150D77AE242D07727B0564430BB,SHA256=741AD992403C78A8A7DBD97C74FDA06594A247E9E2FA05A40BB6945403A90056,IMPHASH=8C3BE1286CDAD6AC1136D0BB6C83FF41
ParentProcessGuid: 747F3D96-D8F6-5D31-0000-001091D13300
ProcessId: 4324
CurrentDirectory: C:\AtomicRedTeam\
ProcessGuid: 747F3D96-D937-5D31-0000-001066CD3500
CommandLine: ping  -n 1 -w 100 192.168.1.130
FileVersion: 10.0.17763.1 (WinBuild.160101.0800)
User: MSEDGEWIN10\IEUser
LogonId: '0x50951'
IntegrityLevel: High
ParentImage: C:\Windows\System32\cmd.exe
UtcTime: 2019-07-19 14:52:39.500
"
2019-07-19T14:52:40.034157+00:00,Hacktool - EDR-Freeze Execution;UAC Bypass Using NTFS Reparse Point - Process,data/EVTX-ATTACK-SAMPLES/AutomatedTestingTools/PanacheSysmon_vs_AtomicRedTeam01.evtx,1,Microsoft-Windows-Sysmon,1,3904,MSEDGEWIN10,"Image: C:\Windows\System32\PING.EXE
RuleName: ''
Description: TCP/IP Ping Command
TerminalSessionId: 1
ParentCommandLine: '""C:\Windows\system32\cmd.exe"" /c ""for /l %i in (1,1,254) do ping -n 1 -w 100 192.168.1.%i""'
Product: Microsoft® Windows® Operating System
Company: Microsoft Corporation
ParentProcessId: 4528
LogonGuid: 747F3D96-D4B4-5D31-0000-002051090500
Hashes: SHA1=8757646428A176F76E6F38458A25902A8FEBA9C0,MD5=56633150D77AE242D07727B0564430BB,SHA256=741AD992403C78A8A7DBD97C74FDA06594A247E9E2FA05A40BB6945403A90056,IMPHASH=8C3BE1286CDAD6AC1136D0BB6C83FF41
ParentProcessGuid: 747F3D96-D8F6-5D31-0000-001091D13300
ProcessId: 3560
CurrentDirectory: C:\AtomicRedTeam\
ProcessGuid: 747F3D96-D938-5D31-0000-001072D03500
CommandLine: ping  -n 1 -w 100 192.168.1.131
FileVersion: 10.0.17763.1 (WinBuild.160101.0800)
User: MSEDGEWIN10\IEUser
LogonId: '0x50951'
IntegrityLevel: High
ParentImage: C:\Windows\System32\cmd.exe
UtcTime: 2019-07-19 14:52:40.028
"
2019-07-19T14:52:40.520116+00:00,Hacktool - EDR-Freeze Execution;UAC Bypass Using NTFS Reparse Point - Process,data/EVTX-ATTACK-SAMPLES/AutomatedTestingTools/PanacheSysmon_vs_AtomicRedTeam01.evtx,1,Microsoft-Windows-Sysmon,1,3905,MSEDGEWIN10,"Image: C:\Windows\System32\PING.EXE
RuleName: ''
Description: TCP/IP Ping Command
TerminalSessionId: 1
ParentCommandLine: '""C:\Windows\system32\cmd.exe"" /c ""for /l %i in (1,1,254) do ping -n 1 -w 100 192.168.1.%i""'
Product: Microsoft® Windows® Operating System
Company: Microsoft Corporation
ParentProcessId: 4528
LogonGuid: 747F3D96-D4B4-5D31-0000-002051090500
Hashes: SHA1=8757646428A176F76E6F38458A25902A8FEBA9C0,MD5=56633150D77AE242D07727B0564430BB,SHA256=741AD992403C78A8A7DBD97C74FDA06594A247E9E2FA05A40BB6945403A90056,IMPHASH=8C3BE1286CDAD6AC1136D0BB6C83FF41
ParentProcessGuid: 747F3D96-D8F6-5D31-0000-001091D13300
ProcessId: 5224
CurrentDirectory: C:\AtomicRedTeam\
ProcessGuid: 747F3D96-D938-5D31-0000-00105ED33500
CommandLine: ping  -n 1 -w 100 192.168.1.132
FileVersion: 10.0.17763.1 (WinBuild.160101.0800)
User: MSEDGEWIN10\IEUser
LogonId: '0x50951'
IntegrityLevel: High
ParentImage: C:\Windows\System32\cmd.exe
UtcTime: 2019-07-19 14:52:40.513
"
2019-07-19T14:52:40.960737+00:00,Hacktool - EDR-Freeze Execution;UAC Bypass Using NTFS Reparse Point - Process,data/EVTX-ATTACK-SAMPLES/AutomatedTestingTools/PanacheSysmon_vs_AtomicRedTeam01.evtx,1,Microsoft-Windows-Sysmon,1,3906,MSEDGEWIN10,"Image: C:\Windows\System32\PING.EXE
RuleName: ''
Description: TCP/IP Ping Command
TerminalSessionId: 1
ParentCommandLine: '""C:\Windows\system32\cmd.exe"" /c ""for /l %i in (1,1,254) do ping -n 1 -w 100 192.168.1.%i""'
Product: Microsoft® Windows® Operating System
Company: Microsoft Corporation
ParentProcessId: 4528
LogonGuid: 747F3D96-D4B4-5D31-0000-002051090500
Hashes: SHA1=8757646428A176F76E6F38458A25902A8FEBA9C0,MD5=56633150D77AE242D07727B0564430BB,SHA256=741AD992403C78A8A7DBD97C74FDA06594A247E9E2FA05A40BB6945403A90056,IMPHASH=8C3BE1286CDAD6AC1136D0BB6C83FF41
ParentProcessGuid: 747F3D96-D8F6-5D31-0000-001091D13300
ProcessId: 4380
CurrentDirectory: C:\AtomicRedTeam\
ProcessGuid: 747F3D96-D938-5D31-0000-00101EDC3500
CommandLine: ping  -n 1 -w 100 192.168.1.133
FileVersion: 10.0.17763.1 (WinBuild.160101.0800)
User: MSEDGEWIN10\IEUser
LogonId: '0x50951'
IntegrityLevel: High
ParentImage: C:\Windows\System32\cmd.exe
UtcTime: 2019-07-19 14:52:40.895
"
2019-07-19T14:52:41.512132+00:00,Hacktool - EDR-Freeze Execution;UAC Bypass Using NTFS Reparse Point - Process,data/EVTX-ATTACK-SAMPLES/AutomatedTestingTools/PanacheSysmon_vs_AtomicRedTeam01.evtx,1,Microsoft-Windows-Sysmon,1,3907,MSEDGEWIN10,"Image: C:\Windows\System32\PING.EXE
RuleName: ''
Description: TCP/IP Ping Command
TerminalSessionId: 1
ParentCommandLine: '""C:\Windows\system32\cmd.exe"" /c ""for /l %i in (1,1,254) do ping -n 1 -w 100 192.168.1.%i""'
Product: Microsoft® Windows® Operating System
Company: Microsoft Corporation
ParentProcessId: 4528
LogonGuid: 747F3D96-D4B4-5D31-0000-002051090500
Hashes: SHA1=8757646428A176F76E6F38458A25902A8FEBA9C0,MD5=56633150D77AE242D07727B0564430BB,SHA256=741AD992403C78A8A7DBD97C74FDA06594A247E9E2FA05A40BB6945403A90056,IMPHASH=8C3BE1286CDAD6AC1136D0BB6C83FF41
ParentProcessGuid: 747F3D96-D8F6-5D31-0000-001091D13300
ProcessId: 1816
CurrentDirectory: C:\AtomicRedTeam\
ProcessGuid: 747F3D96-D939-5D31-0000-001090E23500
CommandLine: ping  -n 1 -w 100 192.168.1.134
FileVersion: 10.0.17763.1 (WinBuild.160101.0800)
User: MSEDGEWIN10\IEUser
LogonId: '0x50951'
IntegrityLevel: High
ParentImage: C:\Windows\System32\cmd.exe
UtcTime: 2019-07-19 14:52:41.507
"
2019-07-19T14:52:41.967753+00:00,Hacktool - EDR-Freeze Execution;UAC Bypass Using NTFS Reparse Point - Process,data/EVTX-ATTACK-SAMPLES/AutomatedTestingTools/PanacheSysmon_vs_AtomicRedTeam01.evtx,1,Microsoft-Windows-Sysmon,1,3908,MSEDGEWIN10,"Image: C:\Windows\System32\PING.EXE
RuleName: ''
Description: TCP/IP Ping Command
TerminalSessionId: 1
ParentCommandLine: '""C:\Windows\system32\cmd.exe"" /c ""for /l %i in (1,1,254) do ping -n 1 -w 100 192.168.1.%i""'
Product: Microsoft® Windows® Operating System
Company: Microsoft Corporation
ParentProcessId: 4528
LogonGuid: 747F3D96-D4B4-5D31-0000-002051090500
Hashes: SHA1=8757646428A176F76E6F38458A25902A8FEBA9C0,MD5=56633150D77AE242D07727B0564430BB,SHA256=741AD992403C78A8A7DBD97C74FDA06594A247E9E2FA05A40BB6945403A90056,IMPHASH=8C3BE1286CDAD6AC1136D0BB6C83FF41
ParentProcessGuid: 747F3D96-D8F6-5D31-0000-001091D13300
ProcessId: 3320
CurrentDirectory: C:\AtomicRedTeam\
ProcessGuid: 747F3D96-D939-5D31-0000-001072EB3500
CommandLine: ping  -n 1 -w 100 192.168.1.135
FileVersion: 10.0.17763.1 (WinBuild.160101.0800)
User: MSEDGEWIN10\IEUser
LogonId: '0x50951'
IntegrityLevel: High
ParentImage: C:\Windows\System32\cmd.exe
UtcTime: 2019-07-19 14:52:41.946
"
2019-07-19T14:52:42.436452+00:00,Hacktool - EDR-Freeze Execution;UAC Bypass Using NTFS Reparse Point - Process,data/EVTX-ATTACK-SAMPLES/AutomatedTestingTools/PanacheSysmon_vs_AtomicRedTeam01.evtx,1,Microsoft-Windows-Sysmon,1,3909,MSEDGEWIN10,"Image: C:\Windows\System32\PING.EXE
RuleName: ''
Description: TCP/IP Ping Command
TerminalSessionId: 1
ParentCommandLine: '""C:\Windows\system32\cmd.exe"" /c ""for /l %i in (1,1,254) do ping -n 1 -w 100 192.168.1.%i""'
Product: Microsoft® Windows® Operating System
Company: Microsoft Corporation
ParentProcessId: 4528
LogonGuid: 747F3D96-D4B4-5D31-0000-002051090500
Hashes: SHA1=8757646428A176F76E6F38458A25902A8FEBA9C0,MD5=56633150D77AE242D07727B0564430BB,SHA256=741AD992403C78A8A7DBD97C74FDA06594A247E9E2FA05A40BB6945403A90056,IMPHASH=8C3BE1286CDAD6AC1136D0BB6C83FF41
ParentProcessGuid: 747F3D96-D8F6-5D31-0000-001091D13300
ProcessId: 4540
CurrentDirectory: C:\AtomicRedTeam\
ProcessGuid: 747F3D96-D93A-5D31-0000-001073EE3500
CommandLine: ping  -n 1 -w 100 192.168.1.136
FileVersion: 10.0.17763.1 (WinBuild.160101.0800)
User: MSEDGEWIN10\IEUser
LogonId: '0x50951'
IntegrityLevel: High
ParentImage: C:\Windows\System32\cmd.exe
UtcTime: 2019-07-19 14:52:42.428
"
2019-07-19T14:52:42.881147+00:00,Hacktool - EDR-Freeze Execution;UAC Bypass Using NTFS Reparse Point - Process,data/EVTX-ATTACK-SAMPLES/AutomatedTestingTools/PanacheSysmon_vs_AtomicRedTeam01.evtx,1,Microsoft-Windows-Sysmon,1,3910,MSEDGEWIN10,"Image: C:\Windows\System32\PING.EXE
RuleName: ''
Description: TCP/IP Ping Command
TerminalSessionId: 1
ParentCommandLine: '""C:\Windows\system32\cmd.exe"" /c ""for /l %i in (1,1,254) do ping -n 1 -w 100 192.168.1.%i""'
Product: Microsoft® Windows® Operating System
Company: Microsoft Corporation
ParentProcessId: 4528
LogonGuid: 747F3D96-D4B4-5D31-0000-002051090500
Hashes: SHA1=8757646428A176F76E6F38458A25902A8FEBA9C0,MD5=56633150D77AE242D07727B0564430BB,SHA256=741AD992403C78A8A7DBD97C74FDA06594A247E9E2FA05A40BB6945403A90056,IMPHASH=8C3BE1286CDAD6AC1136D0BB6C83FF41
ParentProcessGuid: 747F3D96-D8F6-5D31-0000-001091D13300
ProcessId: 5036
CurrentDirectory: C:\AtomicRedTeam\
ProcessGuid: 747F3D96-D93A-5D31-0000-00105FF83500
CommandLine: ping  -n 1 -w 100 192.168.1.137
FileVersion: 10.0.17763.1 (WinBuild.160101.0800)
User: MSEDGEWIN10\IEUser
LogonId: '0x50951'
IntegrityLevel: High
ParentImage: C:\Windows\System32\cmd.exe
UtcTime: 2019-07-19 14:52:42.877
"
2019-07-19T14:52:43.478228+00:00,Hacktool - EDR-Freeze Execution;UAC Bypass Using NTFS Reparse Point - Process,data/EVTX-ATTACK-SAMPLES/AutomatedTestingTools/PanacheSysmon_vs_AtomicRedTeam01.evtx,1,Microsoft-Windows-Sysmon,1,3911,MSEDGEWIN10,"Image: C:\Windows\System32\PING.EXE
RuleName: ''
Description: TCP/IP Ping Command
TerminalSessionId: 1
ParentCommandLine: '""C:\Windows\system32\cmd.exe"" /c ""for /l %i in (1,1,254) do ping -n 1 -w 100 192.168.1.%i""'
Product: Microsoft® Windows® Operating System
Company: Microsoft Corporation
ParentProcessId: 4528
LogonGuid: 747F3D96-D4B4-5D31-0000-002051090500
Hashes: SHA1=8757646428A176F76E6F38458A25902A8FEBA9C0,MD5=56633150D77AE242D07727B0564430BB,SHA256=741AD992403C78A8A7DBD97C74FDA06594A247E9E2FA05A40BB6945403A90056,IMPHASH=8C3BE1286CDAD6AC1136D0BB6C83FF41
ParentProcessGuid: 747F3D96-D8F6-5D31-0000-001091D13300
ProcessId: 1248
CurrentDirectory: C:\AtomicRedTeam\
ProcessGuid: 747F3D96-D93B-5D31-0000-001085FB3500
CommandLine: ping  -n 1 -w 100 192.168.1.138
FileVersion: 10.0.17763.1 (WinBuild.160101.0800)
User: MSEDGEWIN10\IEUser
LogonId: '0x50951'
IntegrityLevel: High
ParentImage: C:\Windows\System32\cmd.exe
UtcTime: 2019-07-19 14:52:43.469
"
2019-07-19T14:52:43.951491+00:00,Hacktool - EDR-Freeze Execution;UAC Bypass Using NTFS Reparse Point - Process,data/EVTX-ATTACK-SAMPLES/AutomatedTestingTools/PanacheSysmon_vs_AtomicRedTeam01.evtx,1,Microsoft-Windows-Sysmon,1,3912,MSEDGEWIN10,"Image: C:\Windows\System32\PING.EXE
RuleName: ''
Description: TCP/IP Ping Command
TerminalSessionId: 1
ParentCommandLine: '""C:\Windows\system32\cmd.exe"" /c ""for /l %i in (1,1,254) do ping -n 1 -w 100 192.168.1.%i""'
Product: Microsoft® Windows® Operating System
Company: Microsoft Corporation
ParentProcessId: 4528
LogonGuid: 747F3D96-D4B4-5D31-0000-002051090500
Hashes: SHA1=8757646428A176F76E6F38458A25902A8FEBA9C0,MD5=56633150D77AE242D07727B0564430BB,SHA256=741AD992403C78A8A7DBD97C74FDA06594A247E9E2FA05A40BB6945403A90056,IMPHASH=8C3BE1286CDAD6AC1136D0BB6C83FF41
ParentProcessGuid: 747F3D96-D8F6-5D31-0000-001091D13300
ProcessId: 6740
CurrentDirectory: C:\AtomicRedTeam\
ProcessGuid: 747F3D96-D93B-5D31-0000-001092FE3500
CommandLine: ping  -n 1 -w 100 192.168.1.139
FileVersion: 10.0.17763.1 (WinBuild.160101.0800)
User: MSEDGEWIN10\IEUser
LogonId: '0x50951'
IntegrityLevel: High
ParentImage: C:\Windows\System32\cmd.exe
UtcTime: 2019-07-19 14:52:43.944
"
2019-07-19T14:52:44.408570+00:00,Hacktool - EDR-Freeze Execution;UAC Bypass Using NTFS Reparse Point - Process,data/EVTX-ATTACK-SAMPLES/AutomatedTestingTools/PanacheSysmon_vs_AtomicRedTeam01.evtx,1,Microsoft-Windows-Sysmon,1,3913,MSEDGEWIN10,"Image: C:\Windows\System32\PING.EXE
RuleName: ''
Description: TCP/IP Ping Command
TerminalSessionId: 1
ParentCommandLine: '""C:\Windows\system32\cmd.exe"" /c ""for /l %i in (1,1,254) do ping -n 1 -w 100 192.168.1.%i""'
Product: Microsoft® Windows® Operating System
Company: Microsoft Corporation
ParentProcessId: 4528
LogonGuid: 747F3D96-D4B4-5D31-0000-002051090500
Hashes: SHA1=8757646428A176F76E6F38458A25902A8FEBA9C0,MD5=56633150D77AE242D07727B0564430BB,SHA256=741AD992403C78A8A7DBD97C74FDA06594A247E9E2FA05A40BB6945403A90056,IMPHASH=8C3BE1286CDAD6AC1136D0BB6C83FF41
ParentProcessGuid: 747F3D96-D8F6-5D31-0000-001091D13300
ProcessId: 4792
CurrentDirectory: C:\AtomicRedTeam\
ProcessGuid: 747F3D96-D93C-5D31-0000-0010B5053600
CommandLine: ping  -n 1 -w 100 192.168.1.140
FileVersion: 10.0.17763.1 (WinBuild.160101.0800)
User: MSEDGEWIN10\IEUser
LogonId: '0x50951'
IntegrityLevel: High
ParentImage: C:\Windows\System32\cmd.exe
UtcTime: 2019-07-19 14:52:44.404
"
2019-07-19T14:52:44.926709+00:00,Hacktool - EDR-Freeze Execution;UAC Bypass Using NTFS Reparse Point - Process,data/EVTX-ATTACK-SAMPLES/AutomatedTestingTools/PanacheSysmon_vs_AtomicRedTeam01.evtx,1,Microsoft-Windows-Sysmon,1,3914,MSEDGEWIN10,"Image: C:\Windows\System32\PING.EXE
RuleName: ''
Description: TCP/IP Ping Command
TerminalSessionId: 1
ParentCommandLine: '""C:\Windows\system32\cmd.exe"" /c ""for /l %i in (1,1,254) do ping -n 1 -w 100 192.168.1.%i""'
Product: Microsoft® Windows® Operating System
Company: Microsoft Corporation
ParentProcessId: 4528
LogonGuid: 747F3D96-D4B4-5D31-0000-002051090500
Hashes: SHA1=8757646428A176F76E6F38458A25902A8FEBA9C0,MD5=56633150D77AE242D07727B0564430BB,SHA256=741AD992403C78A8A7DBD97C74FDA06594A247E9E2FA05A40BB6945403A90056,IMPHASH=8C3BE1286CDAD6AC1136D0BB6C83FF41
ParentProcessGuid: 747F3D96-D8F6-5D31-0000-001091D13300
ProcessId: 5676
CurrentDirectory: C:\AtomicRedTeam\
ProcessGuid: 747F3D96-D93C-5D31-0000-0010B1083600
CommandLine: ping  -n 1 -w 100 192.168.1.141
FileVersion: 10.0.17763.1 (WinBuild.160101.0800)
User: MSEDGEWIN10\IEUser
LogonId: '0x50951'
IntegrityLevel: High
ParentImage: C:\Windows\System32\cmd.exe
UtcTime: 2019-07-19 14:52:44.922
"
2019-07-19T14:52:45.532341+00:00,Hacktool - EDR-Freeze Execution;UAC Bypass Using NTFS Reparse Point - Process,data/EVTX-ATTACK-SAMPLES/AutomatedTestingTools/PanacheSysmon_vs_AtomicRedTeam01.evtx,1,Microsoft-Windows-Sysmon,1,3915,MSEDGEWIN10,"Image: C:\Windows\System32\PING.EXE
RuleName: ''
Description: TCP/IP Ping Command
TerminalSessionId: 1
ParentCommandLine: '""C:\Windows\system32\cmd.exe"" /c ""for /l %i in (1,1,254) do ping -n 1 -w 100 192.168.1.%i""'
Product: Microsoft® Windows® Operating System
Company: Microsoft Corporation
ParentProcessId: 4528
LogonGuid: 747F3D96-D4B4-5D31-0000-002051090500
Hashes: SHA1=8757646428A176F76E6F38458A25902A8FEBA9C0,MD5=56633150D77AE242D07727B0564430BB,SHA256=741AD992403C78A8A7DBD97C74FDA06594A247E9E2FA05A40BB6945403A90056,IMPHASH=8C3BE1286CDAD6AC1136D0BB6C83FF41
ParentProcessGuid: 747F3D96-D8F6-5D31-0000-001091D13300
ProcessId: 5800
CurrentDirectory: C:\AtomicRedTeam\
ProcessGuid: 747F3D96-D93D-5D31-0000-0010A20B3600
CommandLine: ping  -n 1 -w 100 192.168.1.142
FileVersion: 10.0.17763.1 (WinBuild.160101.0800)
User: MSEDGEWIN10\IEUser
LogonId: '0x50951'
IntegrityLevel: High
ParentImage: C:\Windows\System32\cmd.exe
UtcTime: 2019-07-19 14:52:45.527
"
2019-07-19T14:52:45.970701+00:00,Hacktool - EDR-Freeze Execution;UAC Bypass Using NTFS Reparse Point - Process,data/EVTX-ATTACK-SAMPLES/AutomatedTestingTools/PanacheSysmon_vs_AtomicRedTeam01.evtx,1,Microsoft-Windows-Sysmon,1,3916,MSEDGEWIN10,"Image: C:\Windows\System32\PING.EXE
RuleName: ''
Description: TCP/IP Ping Command
TerminalSessionId: 1
ParentCommandLine: '""C:\Windows\system32\cmd.exe"" /c ""for /l %i in (1,1,254) do ping -n 1 -w 100 192.168.1.%i""'
Product: Microsoft® Windows® Operating System
Company: Microsoft Corporation
ParentProcessId: 4528
LogonGuid: 747F3D96-D4B4-5D31-0000-002051090500
Hashes: SHA1=8757646428A176F76E6F38458A25902A8FEBA9C0,MD5=56633150D77AE242D07727B0564430BB,SHA256=741AD992403C78A8A7DBD97C74FDA06594A247E9E2FA05A40BB6945403A90056,IMPHASH=8C3BE1286CDAD6AC1136D0BB6C83FF41
ParentProcessGuid: 747F3D96-D8F6-5D31-0000-001091D13300
ProcessId: 7156
CurrentDirectory: C:\AtomicRedTeam\
ProcessGuid: 747F3D96-D93D-5D31-0000-0010910E3600
CommandLine: ping  -n 1 -w 100 192.168.1.143
FileVersion: 10.0.17763.1 (WinBuild.160101.0800)
User: MSEDGEWIN10\IEUser
LogonId: '0x50951'
IntegrityLevel: High
ParentImage: C:\Windows\System32\cmd.exe
UtcTime: 2019-07-19 14:52:45.950
"
2019-07-19T14:52:46.405595+00:00,Hacktool - EDR-Freeze Execution;UAC Bypass Using NTFS Reparse Point - Process,data/EVTX-ATTACK-SAMPLES/AutomatedTestingTools/PanacheSysmon_vs_AtomicRedTeam01.evtx,1,Microsoft-Windows-Sysmon,1,3917,MSEDGEWIN10,"Image: C:\Windows\System32\PING.EXE
RuleName: ''
Description: TCP/IP Ping Command
TerminalSessionId: 1
ParentCommandLine: '""C:\Windows\system32\cmd.exe"" /c ""for /l %i in (1,1,254) do ping -n 1 -w 100 192.168.1.%i""'
Product: Microsoft® Windows® Operating System
Company: Microsoft Corporation
ParentProcessId: 4528
LogonGuid: 747F3D96-D4B4-5D31-0000-002051090500
Hashes: SHA1=8757646428A176F76E6F38458A25902A8FEBA9C0,MD5=56633150D77AE242D07727B0564430BB,SHA256=741AD992403C78A8A7DBD97C74FDA06594A247E9E2FA05A40BB6945403A90056,IMPHASH=8C3BE1286CDAD6AC1136D0BB6C83FF41
ParentProcessGuid: 747F3D96-D8F6-5D31-0000-001091D13300
ProcessId: 4172
CurrentDirectory: C:\AtomicRedTeam\
ProcessGuid: 747F3D96-D93E-5D31-0000-00107E113600
CommandLine: ping  -n 1 -w 100 192.168.1.144
FileVersion: 10.0.17763.1 (WinBuild.160101.0800)
User: MSEDGEWIN10\IEUser
LogonId: '0x50951'
IntegrityLevel: High
ParentImage: C:\Windows\System32\cmd.exe
UtcTime: 2019-07-19 14:52:46.399
"
2019-07-19T14:52:46.879626+00:00,Hacktool - EDR-Freeze Execution;UAC Bypass Using NTFS Reparse Point - Process,data/EVTX-ATTACK-SAMPLES/AutomatedTestingTools/PanacheSysmon_vs_AtomicRedTeam01.evtx,1,Microsoft-Windows-Sysmon,1,3918,MSEDGEWIN10,"Image: C:\Windows\System32\PING.EXE
RuleName: ''
Description: TCP/IP Ping Command
TerminalSessionId: 1
ParentCommandLine: '""C:\Windows\system32\cmd.exe"" /c ""for /l %i in (1,1,254) do ping -n 1 -w 100 192.168.1.%i""'
Product: Microsoft® Windows® Operating System
Company: Microsoft Corporation
ParentProcessId: 4528
LogonGuid: 747F3D96-D4B4-5D31-0000-002051090500
Hashes: SHA1=8757646428A176F76E6F38458A25902A8FEBA9C0,MD5=56633150D77AE242D07727B0564430BB,SHA256=741AD992403C78A8A7DBD97C74FDA06594A247E9E2FA05A40BB6945403A90056,IMPHASH=8C3BE1286CDAD6AC1136D0BB6C83FF41
ParentProcessGuid: 747F3D96-D8F6-5D31-0000-001091D13300
ProcessId: 1628
CurrentDirectory: C:\AtomicRedTeam\
ProcessGuid: 747F3D96-D93E-5D31-0000-0010FC153600
CommandLine: ping  -n 1 -w 100 192.168.1.145
FileVersion: 10.0.17763.1 (WinBuild.160101.0800)
User: MSEDGEWIN10\IEUser
LogonId: '0x50951'
IntegrityLevel: High
ParentImage: C:\Windows\System32\cmd.exe
UtcTime: 2019-07-19 14:52:46.875
"
2019-07-19T14:52:47.411270+00:00,Hacktool - EDR-Freeze Execution;UAC Bypass Using NTFS Reparse Point - Process,data/EVTX-ATTACK-SAMPLES/AutomatedTestingTools/PanacheSysmon_vs_AtomicRedTeam01.evtx,1,Microsoft-Windows-Sysmon,1,3919,MSEDGEWIN10,"Image: C:\Windows\System32\PING.EXE
RuleName: ''
Description: TCP/IP Ping Command
TerminalSessionId: 1
ParentCommandLine: '""C:\Windows\system32\cmd.exe"" /c ""for /l %i in (1,1,254) do ping -n 1 -w 100 192.168.1.%i""'
Product: Microsoft® Windows® Operating System
Company: Microsoft Corporation
ParentProcessId: 4528
LogonGuid: 747F3D96-D4B4-5D31-0000-002051090500
Hashes: SHA1=8757646428A176F76E6F38458A25902A8FEBA9C0,MD5=56633150D77AE242D07727B0564430BB,SHA256=741AD992403C78A8A7DBD97C74FDA06594A247E9E2FA05A40BB6945403A90056,IMPHASH=8C3BE1286CDAD6AC1136D0BB6C83FF41
ParentProcessGuid: 747F3D96-D8F6-5D31-0000-001091D13300
ProcessId: 680
CurrentDirectory: C:\AtomicRedTeam\
ProcessGuid: 747F3D96-D93F-5D31-0000-001041203600
CommandLine: ping  -n 1 -w 100 192.168.1.146
FileVersion: 10.0.17763.1 (WinBuild.160101.0800)
User: MSEDGEWIN10\IEUser
LogonId: '0x50951'
IntegrityLevel: High
ParentImage: C:\Windows\System32\cmd.exe
UtcTime: 2019-07-19 14:52:47.407
"
2019-07-19T14:52:47.993060+00:00,Hacktool - EDR-Freeze Execution;UAC Bypass Using NTFS Reparse Point - Process,data/EVTX-ATTACK-SAMPLES/AutomatedTestingTools/PanacheSysmon_vs_AtomicRedTeam01.evtx,1,Microsoft-Windows-Sysmon,1,3920,MSEDGEWIN10,"Image: C:\Windows\System32\PING.EXE
RuleName: ''
Description: TCP/IP Ping Command
TerminalSessionId: 1
ParentCommandLine: '""C:\Windows\system32\cmd.exe"" /c ""for /l %i in (1,1,254) do ping -n 1 -w 100 192.168.1.%i""'
Product: Microsoft® Windows® Operating System
Company: Microsoft Corporation
ParentProcessId: 4528
LogonGuid: 747F3D96-D4B4-5D31-0000-002051090500
Hashes: SHA1=8757646428A176F76E6F38458A25902A8FEBA9C0,MD5=56633150D77AE242D07727B0564430BB,SHA256=741AD992403C78A8A7DBD97C74FDA06594A247E9E2FA05A40BB6945403A90056,IMPHASH=8C3BE1286CDAD6AC1136D0BB6C83FF41
ParentProcessGuid: 747F3D96-D8F6-5D31-0000-001091D13300
ProcessId: 6600
CurrentDirectory: C:\AtomicRedTeam\
ProcessGuid: 747F3D96-D93F-5D31-0000-001061233600
CommandLine: ping  -n 1 -w 100 192.168.1.147
FileVersion: 10.0.17763.1 (WinBuild.160101.0800)
User: MSEDGEWIN10\IEUser
LogonId: '0x50951'
IntegrityLevel: High
ParentImage: C:\Windows\System32\cmd.exe
UtcTime: 2019-07-19 14:52:47.987
"
2019-07-19T14:52:48.567661+00:00,Hacktool - EDR-Freeze Execution;UAC Bypass Using NTFS Reparse Point - Process,data/EVTX-ATTACK-SAMPLES/AutomatedTestingTools/PanacheSysmon_vs_AtomicRedTeam01.evtx,1,Microsoft-Windows-Sysmon,1,3921,MSEDGEWIN10,"Image: C:\Windows\System32\PING.EXE
RuleName: ''
Description: TCP/IP Ping Command
TerminalSessionId: 1
ParentCommandLine: '""C:\Windows\system32\cmd.exe"" /c ""for /l %i in (1,1,254) do ping -n 1 -w 100 192.168.1.%i""'
Product: Microsoft® Windows® Operating System
Company: Microsoft Corporation
ParentProcessId: 4528
LogonGuid: 747F3D96-D4B4-5D31-0000-002051090500
Hashes: SHA1=8757646428A176F76E6F38458A25902A8FEBA9C0,MD5=56633150D77AE242D07727B0564430BB,SHA256=741AD992403C78A8A7DBD97C74FDA06594A247E9E2FA05A40BB6945403A90056,IMPHASH=8C3BE1286CDAD6AC1136D0BB6C83FF41
ParentProcessGuid: 747F3D96-D8F6-5D31-0000-001091D13300
ProcessId: 948
CurrentDirectory: C:\AtomicRedTeam\
ProcessGuid: 747F3D96-D940-5D31-0000-00104E263600
CommandLine: ping  -n 1 -w 100 192.168.1.148
FileVersion: 10.0.17763.1 (WinBuild.160101.0800)
User: MSEDGEWIN10\IEUser
LogonId: '0x50951'
IntegrityLevel: High
ParentImage: C:\Windows\System32\cmd.exe
UtcTime: 2019-07-19 14:52:48.563
"
2019-07-19T14:52:49.026358+00:00,Hacktool - EDR-Freeze Execution;UAC Bypass Using NTFS Reparse Point - Process,data/EVTX-ATTACK-SAMPLES/AutomatedTestingTools/PanacheSysmon_vs_AtomicRedTeam01.evtx,1,Microsoft-Windows-Sysmon,1,3922,MSEDGEWIN10,"Image: C:\Windows\System32\PING.EXE
RuleName: ''
Description: TCP/IP Ping Command
TerminalSessionId: 1
ParentCommandLine: '""C:\Windows\system32\cmd.exe"" /c ""for /l %i in (1,1,254) do ping -n 1 -w 100 192.168.1.%i""'
Product: Microsoft® Windows® Operating System
Company: Microsoft Corporation
ParentProcessId: 4528
LogonGuid: 747F3D96-D4B4-5D31-0000-002051090500
Hashes: SHA1=8757646428A176F76E6F38458A25902A8FEBA9C0,MD5=56633150D77AE242D07727B0564430BB,SHA256=741AD992403C78A8A7DBD97C74FDA06594A247E9E2FA05A40BB6945403A90056,IMPHASH=8C3BE1286CDAD6AC1136D0BB6C83FF41
ParentProcessGuid: 747F3D96-D8F6-5D31-0000-001091D13300
ProcessId: 2136
CurrentDirectory: C:\AtomicRedTeam\
ProcessGuid: 747F3D96-D941-5D31-0000-00103C293600
CommandLine: ping  -n 1 -w 100 192.168.1.149
FileVersion: 10.0.17763.1 (WinBuild.160101.0800)
User: MSEDGEWIN10\IEUser
LogonId: '0x50951'
IntegrityLevel: High
ParentImage: C:\Windows\System32\cmd.exe
UtcTime: 2019-07-19 14:52:49.020
"
2019-07-19T14:52:49.408183+00:00,Hacktool - EDR-Freeze Execution;UAC Bypass Using NTFS Reparse Point - Process,data/EVTX-ATTACK-SAMPLES/AutomatedTestingTools/PanacheSysmon_vs_AtomicRedTeam01.evtx,1,Microsoft-Windows-Sysmon,1,3923,MSEDGEWIN10,"Image: C:\Windows\System32\PING.EXE
RuleName: ''
Description: TCP/IP Ping Command
TerminalSessionId: 1
ParentCommandLine: '""C:\Windows\system32\cmd.exe"" /c ""for /l %i in (1,1,254) do ping -n 1 -w 100 192.168.1.%i""'
Product: Microsoft® Windows® Operating System
Company: Microsoft Corporation
ParentProcessId: 4528
LogonGuid: 747F3D96-D4B4-5D31-0000-002051090500
Hashes: SHA1=8757646428A176F76E6F38458A25902A8FEBA9C0,MD5=56633150D77AE242D07727B0564430BB,SHA256=741AD992403C78A8A7DBD97C74FDA06594A247E9E2FA05A40BB6945403A90056,IMPHASH=8C3BE1286CDAD6AC1136D0BB6C83FF41
ParentProcessGuid: 747F3D96-D8F6-5D31-0000-001091D13300
ProcessId: 868
CurrentDirectory: C:\AtomicRedTeam\
ProcessGuid: 747F3D96-D941-5D31-0000-0010282C3600
CommandLine: ping  -n 1 -w 100 192.168.1.150
FileVersion: 10.0.17763.1 (WinBuild.160101.0800)
User: MSEDGEWIN10\IEUser
LogonId: '0x50951'
IntegrityLevel: High
ParentImage: C:\Windows\System32\cmd.exe
UtcTime: 2019-07-19 14:52:49.401
"
2019-07-19T14:52:50.047133+00:00,Hacktool - EDR-Freeze Execution;UAC Bypass Using NTFS Reparse Point - Process,data/EVTX-ATTACK-SAMPLES/AutomatedTestingTools/PanacheSysmon_vs_AtomicRedTeam01.evtx,1,Microsoft-Windows-Sysmon,1,3924,MSEDGEWIN10,"Image: C:\Windows\System32\PING.EXE
RuleName: ''
Description: TCP/IP Ping Command
TerminalSessionId: 1
ParentCommandLine: '""C:\Windows\system32\cmd.exe"" /c ""for /l %i in (1,1,254) do ping -n 1 -w 100 192.168.1.%i""'
Product: Microsoft® Windows® Operating System
Company: Microsoft Corporation
ParentProcessId: 4528
LogonGuid: 747F3D96-D4B4-5D31-0000-002051090500
Hashes: SHA1=8757646428A176F76E6F38458A25902A8FEBA9C0,MD5=56633150D77AE242D07727B0564430BB,SHA256=741AD992403C78A8A7DBD97C74FDA06594A247E9E2FA05A40BB6945403A90056,IMPHASH=8C3BE1286CDAD6AC1136D0BB6C83FF41
ParentProcessGuid: 747F3D96-D8F6-5D31-0000-001091D13300
ProcessId: 5380
CurrentDirectory: C:\AtomicRedTeam\
ProcessGuid: 747F3D96-D942-5D31-0000-0010142F3600
CommandLine: ping  -n 1 -w 100 192.168.1.151
FileVersion: 10.0.17763.1 (WinBuild.160101.0800)
User: MSEDGEWIN10\IEUser
LogonId: '0x50951'
IntegrityLevel: High
ParentImage: C:\Windows\System32\cmd.exe
UtcTime: 2019-07-19 14:52:50.042
"
2019-07-19T14:52:50.521467+00:00,Hacktool - EDR-Freeze Execution;UAC Bypass Using NTFS Reparse Point - Process,data/EVTX-ATTACK-SAMPLES/AutomatedTestingTools/PanacheSysmon_vs_AtomicRedTeam01.evtx,1,Microsoft-Windows-Sysmon,1,3925,MSEDGEWIN10,"Image: C:\Windows\System32\PING.EXE
RuleName: ''
Description: TCP/IP Ping Command
TerminalSessionId: 1
ParentCommandLine: '""C:\Windows\system32\cmd.exe"" /c ""for /l %i in (1,1,254) do ping -n 1 -w 100 192.168.1.%i""'
Product: Microsoft® Windows® Operating System
Company: Microsoft Corporation
ParentProcessId: 4528
LogonGuid: 747F3D96-D4B4-5D31-0000-002051090500
Hashes: SHA1=8757646428A176F76E6F38458A25902A8FEBA9C0,MD5=56633150D77AE242D07727B0564430BB,SHA256=741AD992403C78A8A7DBD97C74FDA06594A247E9E2FA05A40BB6945403A90056,IMPHASH=8C3BE1286CDAD6AC1136D0BB6C83FF41
ParentProcessGuid: 747F3D96-D8F6-5D31-0000-001091D13300
ProcessId: 3712
CurrentDirectory: C:\AtomicRedTeam\
ProcessGuid: 747F3D96-D942-5D31-0000-001013323600
CommandLine: ping  -n 1 -w 100 192.168.1.152
FileVersion: 10.0.17763.1 (WinBuild.160101.0800)
User: MSEDGEWIN10\IEUser
LogonId: '0x50951'
IntegrityLevel: High
ParentImage: C:\Windows\System32\cmd.exe
UtcTime: 2019-07-19 14:52:50.517
"
2019-07-19T14:52:51.038098+00:00,Hacktool - EDR-Freeze Execution;UAC Bypass Using NTFS Reparse Point - Process,data/EVTX-ATTACK-SAMPLES/AutomatedTestingTools/PanacheSysmon_vs_AtomicRedTeam01.evtx,1,Microsoft-Windows-Sysmon,1,3926,MSEDGEWIN10,"Image: C:\Windows\System32\PING.EXE
RuleName: ''
Description: TCP/IP Ping Command
TerminalSessionId: 1
ParentCommandLine: '""C:\Windows\system32\cmd.exe"" /c ""for /l %i in (1,1,254) do ping -n 1 -w 100 192.168.1.%i""'
Product: Microsoft® Windows® Operating System
Company: Microsoft Corporation
ParentProcessId: 4528
LogonGuid: 747F3D96-D4B4-5D31-0000-002051090500
Hashes: SHA1=8757646428A176F76E6F38458A25902A8FEBA9C0,MD5=56633150D77AE242D07727B0564430BB,SHA256=741AD992403C78A8A7DBD97C74FDA06594A247E9E2FA05A40BB6945403A90056,IMPHASH=8C3BE1286CDAD6AC1136D0BB6C83FF41
ParentProcessGuid: 747F3D96-D8F6-5D31-0000-001091D13300
ProcessId: 640
CurrentDirectory: C:\AtomicRedTeam\
ProcessGuid: 747F3D96-D943-5D31-0000-0010FF343600
CommandLine: ping  -n 1 -w 100 192.168.1.153
FileVersion: 10.0.17763.1 (WinBuild.160101.0800)
User: MSEDGEWIN10\IEUser
LogonId: '0x50951'
IntegrityLevel: High
ParentImage: C:\Windows\System32\cmd.exe
UtcTime: 2019-07-19 14:52:51.033
"
2019-07-19T14:52:51.517311+00:00,Hacktool - EDR-Freeze Execution;UAC Bypass Using NTFS Reparse Point - Process,data/EVTX-ATTACK-SAMPLES/AutomatedTestingTools/PanacheSysmon_vs_AtomicRedTeam01.evtx,1,Microsoft-Windows-Sysmon,1,3927,MSEDGEWIN10,"Image: C:\Windows\System32\PING.EXE
RuleName: ''
Description: TCP/IP Ping Command
TerminalSessionId: 1
ParentCommandLine: '""C:\Windows\system32\cmd.exe"" /c ""for /l %i in (1,1,254) do ping -n 1 -w 100 192.168.1.%i""'
Product: Microsoft® Windows® Operating System
Company: Microsoft Corporation
ParentProcessId: 4528
LogonGuid: 747F3D96-D4B4-5D31-0000-002051090500
Hashes: SHA1=8757646428A176F76E6F38458A25902A8FEBA9C0,MD5=56633150D77AE242D07727B0564430BB,SHA256=741AD992403C78A8A7DBD97C74FDA06594A247E9E2FA05A40BB6945403A90056,IMPHASH=8C3BE1286CDAD6AC1136D0BB6C83FF41
ParentProcessGuid: 747F3D96-D8F6-5D31-0000-001091D13300
ProcessId: 1680
CurrentDirectory: C:\AtomicRedTeam\
ProcessGuid: 747F3D96-D943-5D31-0000-0010EB373600
CommandLine: ping  -n 1 -w 100 192.168.1.154
FileVersion: 10.0.17763.1 (WinBuild.160101.0800)
User: MSEDGEWIN10\IEUser
LogonId: '0x50951'
IntegrityLevel: High
ParentImage: C:\Windows\System32\cmd.exe
UtcTime: 2019-07-19 14:52:51.513
"
2019-07-19T14:52:52.009583+00:00,Hacktool - EDR-Freeze Execution;UAC Bypass Using NTFS Reparse Point - Process,data/EVTX-ATTACK-SAMPLES/AutomatedTestingTools/PanacheSysmon_vs_AtomicRedTeam01.evtx,1,Microsoft-Windows-Sysmon,1,3928,MSEDGEWIN10,"Image: C:\Windows\System32\PING.EXE
RuleName: ''
Description: TCP/IP Ping Command
TerminalSessionId: 1
ParentCommandLine: '""C:\Windows\system32\cmd.exe"" /c ""for /l %i in (1,1,254) do ping -n 1 -w 100 192.168.1.%i""'
Product: Microsoft® Windows® Operating System
Company: Microsoft Corporation
ParentProcessId: 4528
LogonGuid: 747F3D96-D4B4-5D31-0000-002051090500
Hashes: SHA1=8757646428A176F76E6F38458A25902A8FEBA9C0,MD5=56633150D77AE242D07727B0564430BB,SHA256=741AD992403C78A8A7DBD97C74FDA06594A247E9E2FA05A40BB6945403A90056,IMPHASH=8C3BE1286CDAD6AC1136D0BB6C83FF41
ParentProcessGuid: 747F3D96-D8F6-5D31-0000-001091D13300
ProcessId: 4532
CurrentDirectory: C:\AtomicRedTeam\
ProcessGuid: 747F3D96-D944-5D31-0000-0010D73A3600
CommandLine: ping  -n 1 -w 100 192.168.1.155
FileVersion: 10.0.17763.1 (WinBuild.160101.0800)
User: MSEDGEWIN10\IEUser
LogonId: '0x50951'
IntegrityLevel: High
ParentImage: C:\Windows\System32\cmd.exe
UtcTime: 2019-07-19 14:52:52.004
"
2019-07-19T14:52:52.553984+00:00,Hacktool - EDR-Freeze Execution;UAC Bypass Using NTFS Reparse Point - Process,data/EVTX-ATTACK-SAMPLES/AutomatedTestingTools/PanacheSysmon_vs_AtomicRedTeam01.evtx,1,Microsoft-Windows-Sysmon,1,3929,MSEDGEWIN10,"Image: C:\Windows\System32\PING.EXE
RuleName: ''
Description: TCP/IP Ping Command
TerminalSessionId: 1
ParentCommandLine: '""C:\Windows\system32\cmd.exe"" /c ""for /l %i in (1,1,254) do ping -n 1 -w 100 192.168.1.%i""'
Product: Microsoft® Windows® Operating System
Company: Microsoft Corporation
ParentProcessId: 4528
LogonGuid: 747F3D96-D4B4-5D31-0000-002051090500
Hashes: SHA1=8757646428A176F76E6F38458A25902A8FEBA9C0,MD5=56633150D77AE242D07727B0564430BB,SHA256=741AD992403C78A8A7DBD97C74FDA06594A247E9E2FA05A40BB6945403A90056,IMPHASH=8C3BE1286CDAD6AC1136D0BB6C83FF41
ParentProcessGuid: 747F3D96-D8F6-5D31-0000-001091D13300
ProcessId: 5024
CurrentDirectory: C:\AtomicRedTeam\
ProcessGuid: 747F3D96-D944-5D31-0000-00109E433600
CommandLine: ping  -n 1 -w 100 192.168.1.156
FileVersion: 10.0.17763.1 (WinBuild.160101.0800)
User: MSEDGEWIN10\IEUser
LogonId: '0x50951'
IntegrityLevel: High
ParentImage: C:\Windows\System32\cmd.exe
UtcTime: 2019-07-19 14:52:52.536
"
2019-07-19T14:52:53.037944+00:00,Hacktool - EDR-Freeze Execution;UAC Bypass Using NTFS Reparse Point - Process,data/EVTX-ATTACK-SAMPLES/AutomatedTestingTools/PanacheSysmon_vs_AtomicRedTeam01.evtx,1,Microsoft-Windows-Sysmon,1,3930,MSEDGEWIN10,"Image: C:\Windows\System32\PING.EXE
RuleName: ''
Description: TCP/IP Ping Command
TerminalSessionId: 1
ParentCommandLine: '""C:\Windows\system32\cmd.exe"" /c ""for /l %i in (1,1,254) do ping -n 1 -w 100 192.168.1.%i""'
Product: Microsoft® Windows® Operating System
Company: Microsoft Corporation
ParentProcessId: 4528
LogonGuid: 747F3D96-D4B4-5D31-0000-002051090500
Hashes: SHA1=8757646428A176F76E6F38458A25902A8FEBA9C0,MD5=56633150D77AE242D07727B0564430BB,SHA256=741AD992403C78A8A7DBD97C74FDA06594A247E9E2FA05A40BB6945403A90056,IMPHASH=8C3BE1286CDAD6AC1136D0BB6C83FF41
ParentProcessGuid: 747F3D96-D8F6-5D31-0000-001091D13300
ProcessId: 2180
CurrentDirectory: C:\AtomicRedTeam\
ProcessGuid: 747F3D96-D945-5D31-0000-0010A2463600
CommandLine: ping  -n 1 -w 100 192.168.1.157
FileVersion: 10.0.17763.1 (WinBuild.160101.0800)
User: MSEDGEWIN10\IEUser
LogonId: '0x50951'
IntegrityLevel: High
ParentImage: C:\Windows\System32\cmd.exe
UtcTime: 2019-07-19 14:52:53.032
"
2019-07-19T14:52:53.555450+00:00,Hacktool - EDR-Freeze Execution;UAC Bypass Using NTFS Reparse Point - Process,data/EVTX-ATTACK-SAMPLES/AutomatedTestingTools/PanacheSysmon_vs_AtomicRedTeam01.evtx,1,Microsoft-Windows-Sysmon,1,3931,MSEDGEWIN10,"Image: C:\Windows\System32\PING.EXE
RuleName: ''
Description: TCP/IP Ping Command
TerminalSessionId: 1
ParentCommandLine: '""C:\Windows\system32\cmd.exe"" /c ""for /l %i in (1,1,254) do ping -n 1 -w 100 192.168.1.%i""'
Product: Microsoft® Windows® Operating System
Company: Microsoft Corporation
ParentProcessId: 4528
LogonGuid: 747F3D96-D4B4-5D31-0000-002051090500
Hashes: SHA1=8757646428A176F76E6F38458A25902A8FEBA9C0,MD5=56633150D77AE242D07727B0564430BB,SHA256=741AD992403C78A8A7DBD97C74FDA06594A247E9E2FA05A40BB6945403A90056,IMPHASH=8C3BE1286CDAD6AC1136D0BB6C83FF41
ParentProcessGuid: 747F3D96-D8F6-5D31-0000-001091D13300
ProcessId: 2168
CurrentDirectory: C:\AtomicRedTeam\
ProcessGuid: 747F3D96-D945-5D31-0000-0010A2493600
CommandLine: ping  -n 1 -w 100 192.168.1.158
FileVersion: 10.0.17763.1 (WinBuild.160101.0800)
User: MSEDGEWIN10\IEUser
LogonId: '0x50951'
IntegrityLevel: High
ParentImage: C:\Windows\System32\cmd.exe
UtcTime: 2019-07-19 14:52:53.550
"
2019-07-19T14:52:54.026605+00:00,Hacktool - EDR-Freeze Execution;UAC Bypass Using NTFS Reparse Point - Process,data/EVTX-ATTACK-SAMPLES/AutomatedTestingTools/PanacheSysmon_vs_AtomicRedTeam01.evtx,1,Microsoft-Windows-Sysmon,1,3932,MSEDGEWIN10,"Image: C:\Windows\System32\PING.EXE
RuleName: ''
Description: TCP/IP Ping Command
TerminalSessionId: 1
ParentCommandLine: '""C:\Windows\system32\cmd.exe"" /c ""for /l %i in (1,1,254) do ping -n 1 -w 100 192.168.1.%i""'
Product: Microsoft® Windows® Operating System
Company: Microsoft Corporation
ParentProcessId: 4528
LogonGuid: 747F3D96-D4B4-5D31-0000-002051090500
Hashes: SHA1=8757646428A176F76E6F38458A25902A8FEBA9C0,MD5=56633150D77AE242D07727B0564430BB,SHA256=741AD992403C78A8A7DBD97C74FDA06594A247E9E2FA05A40BB6945403A90056,IMPHASH=8C3BE1286CDAD6AC1136D0BB6C83FF41
ParentProcessGuid: 747F3D96-D8F6-5D31-0000-001091D13300
ProcessId: 1664
CurrentDirectory: C:\AtomicRedTeam\
ProcessGuid: 747F3D96-D946-5D31-0000-0010904C3600
CommandLine: ping  -n 1 -w 100 192.168.1.159
FileVersion: 10.0.17763.1 (WinBuild.160101.0800)
User: MSEDGEWIN10\IEUser
LogonId: '0x50951'
IntegrityLevel: High
ParentImage: C:\Windows\System32\cmd.exe
UtcTime: 2019-07-19 14:52:54.022
"
2019-07-19T14:52:54.529328+00:00,Hacktool - EDR-Freeze Execution;UAC Bypass Using NTFS Reparse Point - Process,data/EVTX-ATTACK-SAMPLES/AutomatedTestingTools/PanacheSysmon_vs_AtomicRedTeam01.evtx,1,Microsoft-Windows-Sysmon,1,3933,MSEDGEWIN10,"Image: C:\Windows\System32\PING.EXE
RuleName: ''
Description: TCP/IP Ping Command
TerminalSessionId: 1
ParentCommandLine: '""C:\Windows\system32\cmd.exe"" /c ""for /l %i in (1,1,254) do ping -n 1 -w 100 192.168.1.%i""'
Product: Microsoft® Windows® Operating System
Company: Microsoft Corporation
ParentProcessId: 4528
LogonGuid: 747F3D96-D4B4-5D31-0000-002051090500
Hashes: SHA1=8757646428A176F76E6F38458A25902A8FEBA9C0,MD5=56633150D77AE242D07727B0564430BB,SHA256=741AD992403C78A8A7DBD97C74FDA06594A247E9E2FA05A40BB6945403A90056,IMPHASH=8C3BE1286CDAD6AC1136D0BB6C83FF41
ParentProcessGuid: 747F3D96-D8F6-5D31-0000-001091D13300
ProcessId: 4016
CurrentDirectory: C:\AtomicRedTeam\
ProcessGuid: 747F3D96-D946-5D31-0000-00107C4F3600
CommandLine: ping  -n 1 -w 100 192.168.1.160
FileVersion: 10.0.17763.1 (WinBuild.160101.0800)
User: MSEDGEWIN10\IEUser
LogonId: '0x50951'
IntegrityLevel: High
ParentImage: C:\Windows\System32\cmd.exe
UtcTime: 2019-07-19 14:52:54.525
"
2019-07-19T14:52:54.999070+00:00,Hacktool - EDR-Freeze Execution;UAC Bypass Using NTFS Reparse Point - Process,data/EVTX-ATTACK-SAMPLES/AutomatedTestingTools/PanacheSysmon_vs_AtomicRedTeam01.evtx,1,Microsoft-Windows-Sysmon,1,3934,MSEDGEWIN10,"Image: C:\Windows\System32\PING.EXE
RuleName: ''
Description: TCP/IP Ping Command
TerminalSessionId: 1
ParentCommandLine: '""C:\Windows\system32\cmd.exe"" /c ""for /l %i in (1,1,254) do ping -n 1 -w 100 192.168.1.%i""'
Product: Microsoft® Windows® Operating System
Company: Microsoft Corporation
ParentProcessId: 4528
LogonGuid: 747F3D96-D4B4-5D31-0000-002051090500
Hashes: SHA1=8757646428A176F76E6F38458A25902A8FEBA9C0,MD5=56633150D77AE242D07727B0564430BB,SHA256=741AD992403C78A8A7DBD97C74FDA06594A247E9E2FA05A40BB6945403A90056,IMPHASH=8C3BE1286CDAD6AC1136D0BB6C83FF41
ParentProcessGuid: 747F3D96-D8F6-5D31-0000-001091D13300
ProcessId: 2780
CurrentDirectory: C:\AtomicRedTeam\
ProcessGuid: 747F3D96-D946-5D31-0000-001068523600
CommandLine: ping  -n 1 -w 100 192.168.1.161
FileVersion: 10.0.17763.1 (WinBuild.160101.0800)
User: MSEDGEWIN10\IEUser
LogonId: '0x50951'
IntegrityLevel: High
ParentImage: C:\Windows\System32\cmd.exe
UtcTime: 2019-07-19 14:52:54.988
"
2019-07-19T14:52:55.533231+00:00,Hacktool - EDR-Freeze Execution;UAC Bypass Using NTFS Reparse Point - Process,data/EVTX-ATTACK-SAMPLES/AutomatedTestingTools/PanacheSysmon_vs_AtomicRedTeam01.evtx,1,Microsoft-Windows-Sysmon,1,3935,MSEDGEWIN10,"Image: C:\Windows\System32\PING.EXE
RuleName: ''
Description: TCP/IP Ping Command
TerminalSessionId: 1
ParentCommandLine: '""C:\Windows\system32\cmd.exe"" /c ""for /l %i in (1,1,254) do ping -n 1 -w 100 192.168.1.%i""'
Product: Microsoft® Windows® Operating System
Company: Microsoft Corporation
ParentProcessId: 4528
LogonGuid: 747F3D96-D4B4-5D31-0000-002051090500
Hashes: SHA1=8757646428A176F76E6F38458A25902A8FEBA9C0,MD5=56633150D77AE242D07727B0564430BB,SHA256=741AD992403C78A8A7DBD97C74FDA06594A247E9E2FA05A40BB6945403A90056,IMPHASH=8C3BE1286CDAD6AC1136D0BB6C83FF41
ParentProcessGuid: 747F3D96-D8F6-5D31-0000-001091D13300
ProcessId: 4036
CurrentDirectory: C:\AtomicRedTeam\
ProcessGuid: 747F3D96-D947-5D31-0000-001068553600
CommandLine: ping  -n 1 -w 100 192.168.1.162
FileVersion: 10.0.17763.1 (WinBuild.160101.0800)
User: MSEDGEWIN10\IEUser
LogonId: '0x50951'
IntegrityLevel: High
ParentImage: C:\Windows\System32\cmd.exe
UtcTime: 2019-07-19 14:52:55.528
"
2019-07-19T14:52:56.017146+00:00,Hacktool - EDR-Freeze Execution;UAC Bypass Using NTFS Reparse Point - Process,data/EVTX-ATTACK-SAMPLES/AutomatedTestingTools/PanacheSysmon_vs_AtomicRedTeam01.evtx,1,Microsoft-Windows-Sysmon,1,3936,MSEDGEWIN10,"Image: C:\Windows\System32\PING.EXE
RuleName: ''
Description: TCP/IP Ping Command
TerminalSessionId: 1
ParentCommandLine: '""C:\Windows\system32\cmd.exe"" /c ""for /l %i in (1,1,254) do ping -n 1 -w 100 192.168.1.%i""'
Product: Microsoft® Windows® Operating System
Company: Microsoft Corporation
ParentProcessId: 4528
LogonGuid: 747F3D96-D4B4-5D31-0000-002051090500
Hashes: SHA1=8757646428A176F76E6F38458A25902A8FEBA9C0,MD5=56633150D77AE242D07727B0564430BB,SHA256=741AD992403C78A8A7DBD97C74FDA06594A247E9E2FA05A40BB6945403A90056,IMPHASH=8C3BE1286CDAD6AC1136D0BB6C83FF41
ParentProcessGuid: 747F3D96-D8F6-5D31-0000-001091D13300
ProcessId: 6332
CurrentDirectory: C:\AtomicRedTeam\
ProcessGuid: 747F3D96-D948-5D31-0000-001054583600
CommandLine: ping  -n 1 -w 100 192.168.1.163
FileVersion: 10.0.17763.1 (WinBuild.160101.0800)
User: MSEDGEWIN10\IEUser
LogonId: '0x50951'
IntegrityLevel: High
ParentImage: C:\Windows\System32\cmd.exe
UtcTime: 2019-07-19 14:52:56.012
"
2019-07-19T14:52:56.507837+00:00,Hacktool - EDR-Freeze Execution;UAC Bypass Using NTFS Reparse Point - Process,data/EVTX-ATTACK-SAMPLES/AutomatedTestingTools/PanacheSysmon_vs_AtomicRedTeam01.evtx,1,Microsoft-Windows-Sysmon,1,3937,MSEDGEWIN10,"Image: C:\Windows\System32\PING.EXE
RuleName: ''
Description: TCP/IP Ping Command
TerminalSessionId: 1
ParentCommandLine: '""C:\Windows\system32\cmd.exe"" /c ""for /l %i in (1,1,254) do ping -n 1 -w 100 192.168.1.%i""'
Product: Microsoft® Windows® Operating System
Company: Microsoft Corporation
ParentProcessId: 4528
LogonGuid: 747F3D96-D4B4-5D31-0000-002051090500
Hashes: SHA1=8757646428A176F76E6F38458A25902A8FEBA9C0,MD5=56633150D77AE242D07727B0564430BB,SHA256=741AD992403C78A8A7DBD97C74FDA06594A247E9E2FA05A40BB6945403A90056,IMPHASH=8C3BE1286CDAD6AC1136D0BB6C83FF41
ParentProcessGuid: 747F3D96-D8F6-5D31-0000-001091D13300
ProcessId: 4368
CurrentDirectory: C:\AtomicRedTeam\
ProcessGuid: 747F3D96-D948-5D31-0000-0010405B3600
CommandLine: ping  -n 1 -w 100 192.168.1.164
FileVersion: 10.0.17763.1 (WinBuild.160101.0800)
User: MSEDGEWIN10\IEUser
LogonId: '0x50951'
IntegrityLevel: High
ParentImage: C:\Windows\System32\cmd.exe
UtcTime: 2019-07-19 14:52:56.503
"
