2019-08-03T13:50:26.614415+00:00,HackTool - UACMe Akagi Execution;Hacktool - EDR-Freeze Execution,data/EVTX-ATTACK-SAMPLES/Privilege Escalation/Sysmon_UACME_38.evtx,1,Microsoft-Windows-Sysmon,1,5517,MSEDGEWIN10,"Image: C:\Users\IEUser\Desktop\UACME.exe
RuleName: ''
Description: UACMe main module
TerminalSessionId: 1
ParentCommandLine: '""C:\Windows\system32\cmd.exe"" '
Product: UACMe
Company: Hazardous Environments
ParentProcessId: 5780
LogonGuid: 747F3D96-56A3-5D45-0000-0020FBD31800
Hashes: SHA1=9E57914D39FBFE785C915E225011892613C4714C,MD5=D57E778DF10F801F47119A04BE990FFD,SHA256=D76815CE3F4B9FE7A611D6F536F65AF313E2AB2F8BB52EF0998487D89A6E7378,IMPHASH=B6789EDFE23DDA911AE37C87444D3DCB
ParentProcessGuid: 747F3D96-5A29-5D45-0000-0010DEB99000
ProcessId: 3508
CurrentDirectory: C:\Users\IEUser\Desktop\
ProcessGuid: 747F3D96-9122-5D45-0000-0010710D6101
CommandLine: UACME.exe  38
FileVersion: 3.1.9.1905
User: MSEDGEWIN10\IEUser
LogonId: '0x18d3fb'
IntegrityLevel: Medium
ParentImage: C:\Windows\System32\cmd.exe
UtcTime: 2019-08-03 13:50:26.603
"
2019-08-03T13:50:26.782725+00:00,Suspicious Double Extension Files;UAC Bypass Using Windows Media Player - File,data/EVTX-ATTACK-SAMPLES/Privilege Escalation/Sysmon_UACME_38.evtx,1,Microsoft-Windows-Sysmon,11,5518,MSEDGEWIN10,"ProcessGuid: 747F3D96-9122-5D45-0000-0010710D6101
CreationUtcTime: 2019-08-03 13:50:26.727
UtcTime: 2019-08-03 13:50:26.727
ProcessId: 3508
RuleName: ''
TargetFilename: C:\Users\IEUser\AppData\Local\Temp\Fubuki.exe
Image: C:\Windows\explorer.exe
"
2019-08-03T13:50:27.060244+00:00,HackTool - CrackMapExec Process Patterns;Hacktool - EDR-Freeze Execution;UAC Bypass Using NTFS Reparse Point - Process,data/EVTX-ATTACK-SAMPLES/Privilege Escalation/Sysmon_UACME_38.evtx,1,Microsoft-Windows-Sysmon,1,5519,MSEDGEWIN10,"Image: C:\Windows\System32\consent.exe
RuleName: ''
Description: Consent UI for administrative applications
TerminalSessionId: 1
ParentCommandLine: C:\Windows\system32\svchost.exe -k netsvcs -p -s Appinfo
Product: Microsoft® Windows® Operating System
Company: Microsoft Corporation
ParentProcessId: 896
LogonGuid: 747F3D96-D4E9-5D45-0000-0020E7030000
Hashes: SHA1=9329B2362078DE27242DD4534F588AF3264BF0BF,MD5=27992D7EBE51AEC655A088DE88BAD5C9,SHA256=8F112431143A22BAAAFB448EEFD63BF90E7691C890AC69A296574FD07BA03EC6,IMPHASH=522D83761201075834F05037F5307949
ParentProcessGuid: 747F3D96-5769-5D45-0000-001044E83300
ProcessId: 5128
CurrentDirectory: C:\Windows\system32\
ProcessGuid: 747F3D96-9122-5D45-0000-001042326101
CommandLine: consent.exe 896 398 000002806443AF40
FileVersion: 10.0.17763.1 (WinBuild.160101.0800)
User: NT AUTHORITY\SYSTEM
LogonId: '0x3e7'
IntegrityLevel: System
ParentImage: C:\Windows\System32\svchost.exe
UtcTime: 2019-08-03 13:50:26.960
"
2019-08-03T13:50:27.356587+00:00,Hacktool - EDR-Freeze Execution;UAC Bypass Using NTFS Reparse Point - Process,data/EVTX-ATTACK-SAMPLES/Privilege Escalation/Sysmon_UACME_38.evtx,1,Microsoft-Windows-Sysmon,1,5520,MSEDGEWIN10,"Image: C:\Windows\System32\mmc.exe
RuleName: ''
Description: Microsoft Management Console
TerminalSessionId: 1
ParentCommandLine: UACME.exe  38
Product: Microsoft® Windows® Operating System
Company: Microsoft Corporation
ParentProcessId: 3508
LogonGuid: 747F3D96-56A3-5D45-0000-0020B3D31800
Hashes: SHA1=7150AD53ECDA6DA136F56A41A97F4442F4C3A195,MD5=0ED2577AA82A30B1C1C55843F23B7C69,SHA256=5DC0EFC7CF971F9DA9BD183F4BC5707176F7F829133B3EF90FFBB603516AF921,IMPHASH=B8EE2D6252332A68B70B22E3D6E377D2
ParentProcessGuid: 747F3D96-9122-5D45-0000-0010710D6101
ProcessId: 4372
CurrentDirectory: C:\Windows\system32\
ProcessGuid: 747F3D96-9123-5D45-0000-001087596101
CommandLine: huy32,wf.msc ""C:\Users\IEUser\AppData\Local\Temp\kmkze.msc""
FileVersion: 10.0.17763.1 (WinBuild.160101.0800)
User: MSEDGEWIN10\IEUser
LogonId: '0x18d3b3'
IntegrityLevel: High
ParentImage: C:\Users\IEUser\Desktop\UACME.exe
UtcTime: 2019-08-03 13:50:27.336
"
2019-08-03T13:50:29.424081+00:00,HackTool - UACMe Akagi Execution;Hacktool - EDR-Freeze Execution;UAC Bypass Using NTFS Reparse Point - Process;UAC Bypass via Windows Firewall Snap-In Hijack,data/EVTX-ATTACK-SAMPLES/Privilege Escalation/Sysmon_UACME_38.evtx,1,Microsoft-Windows-Sysmon,1,5522,MSEDGEWIN10,"Image: C:\Users\IEUser\AppData\Local\Temp\Fubuki.exe
RuleName: ''
Description: UACMe proxy DLL
TerminalSessionId: 1
ParentCommandLine: huy32,wf.msc ""C:\Users\IEUser\AppData\Local\Temp\kmkze.msc""
Product: UACMe
Company: Hazardous Environments
ParentProcessId: 4372
LogonGuid: 747F3D96-56A3-5D45-0000-0020B3D31800
Hashes: SHA1=C2558B74F5273E7AC7AD1D11B0A8591EFE73E088,MD5=C960E3BB9D2A99573DB7D5576AD5F3C3,SHA256=8A20DBB729093D3BD3E5A9F6541895DC6F4B1899ABA4B66160B5F6A1D0CD33CA,IMPHASH=069E5461D2FBAD8D4C3909C4E0340847
ParentProcessGuid: 747F3D96-9123-5D45-0000-001087596101
ProcessId: 3180
CurrentDirectory: C:\Windows\system32\
ProcessGuid: 747F3D96-9124-5D45-0000-001022926101
CommandLine: '""C:\Users\IEUser\AppData\Local\Temp\fubuki.exe"" '
FileVersion: 3.1.9.1905
User: MSEDGEWIN10\IEUser
LogonId: '0x18d3b3'
IntegrityLevel: High
ParentImage: C:\Windows\System32\mmc.exe
UtcTime: 2019-08-03 13:50:28.562
"
2019-08-03T13:50:29.459513+00:00,Hacktool - EDR-Freeze Execution;UAC Bypass Using NTFS Reparse Point - Process,data/EVTX-ATTACK-SAMPLES/Privilege Escalation/Sysmon_UACME_38.evtx,1,Microsoft-Windows-Sysmon,1,5523,MSEDGEWIN10,"Image: C:\Windows\System32\cmd.exe
RuleName: ''
Description: Windows Command Processor
TerminalSessionId: 1
ParentCommandLine: '""C:\Users\IEUser\AppData\Local\Temp\fubuki.exe"" '
Product: Microsoft® Windows® Operating System
Company: Microsoft Corporation
ParentProcessId: 3180
LogonGuid: 747F3D96-56A3-5D45-0000-0020B3D31800
Hashes: SHA1=8C5437CD76A89EC983E3B364E219944DA3DAB464,MD5=975B45B669930B0CC773EAF2B414206F,SHA256=3656F37A1C6951EC4496FABB8EE957D3A6E3C276D5A3785476B482C9C0D32EA2,IMPHASH=272245E2988E1E430500B852C4FB5E18
ParentProcessGuid: 747F3D96-9124-5D45-0000-001022926101
ProcessId: 6236
CurrentDirectory: C:\Windows\system32\
ProcessGuid: 747F3D96-9124-5D45-0000-00103B986101
CommandLine: '""C:\Windows\system32\cmd.exe""'
FileVersion: 10.0.17763.1 (WinBuild.160101.0800)
User: MSEDGEWIN10\IEUser
LogonId: '0x18d3b3'
IntegrityLevel: High
ParentImage: C:\Users\IEUser\AppData\Local\Temp\Fubuki.exe
UtcTime: 2019-08-03 13:50:28.662
"
2019-08-03T15:08:06.262500+00:00,HackTool - UACMe Akagi Execution;Hacktool - EDR-Freeze Execution,data/EVTX-ATTACK-SAMPLES/Privilege Escalation/Sysmon_UACME_39.evtx,1,Microsoft-Windows-Sysmon,1,5526,MSEDGEWIN10,"Image: C:\Users\IEUser\Desktop\UACME.exe
RuleName: ''
Description: UACMe main module
TerminalSessionId: 1
ParentCommandLine: '""C:\Windows\system32\cmd.exe"" '
Product: UACMe
Company: Hazardous Environments
ParentProcessId: 5780
LogonGuid: 747F3D96-56A3-5D45-0000-0020FBD31800
Hashes: SHA1=9E57914D39FBFE785C915E225011892613C4714C,MD5=D57E778DF10F801F47119A04BE990FFD,SHA256=D76815CE3F4B9FE7A611D6F536F65AF313E2AB2F8BB52EF0998487D89A6E7378,IMPHASH=B6789EDFE23DDA911AE37C87444D3DCB
ParentProcessGuid: 747F3D96-5A29-5D45-0000-0010DEB99000
ProcessId: 4480
CurrentDirectory: C:\Users\IEUser\Desktop\
ProcessGuid: 747F3D96-A356-5D45-0000-001029AA9901
CommandLine: UACME.exe  39
FileVersion: 3.1.9.1905
User: MSEDGEWIN10\IEUser
LogonId: '0x18d3fb'
IntegrityLevel: Medium
ParentImage: C:\Windows\System32\cmd.exe
UtcTime: 2019-08-03 15:08:06.244
"
2019-08-03T15:08:06.419322+00:00,UAC Bypass Using .NET Code Profiler on MMC;UAC Bypass Using Windows Media Player - File,data/EVTX-ATTACK-SAMPLES/Privilege Escalation/Sysmon_UACME_39.evtx,1,Microsoft-Windows-Sysmon,11,5527,MSEDGEWIN10,"ProcessGuid: 747F3D96-A356-5D45-0000-001029AA9901
CreationUtcTime: 2019-08-03 15:08:06.372
UtcTime: 2019-08-03 15:08:06.372
ProcessId: 4480
RuleName: ''
TargetFilename: C:\Users\IEUser\AppData\Local\Temp\pe386.dll
Image: C:\Windows\explorer.exe
"
2019-08-03T15:08:06.730201+00:00,Hacktool - EDR-Freeze Execution,data/EVTX-ATTACK-SAMPLES/Privilege Escalation/Sysmon_UACME_39.evtx,1,Microsoft-Windows-Sysmon,1,5528,MSEDGEWIN10,"Image: C:\Windows\System32\mmc.exe
RuleName: ''
Description: Microsoft Management Console
TerminalSessionId: 1
ParentCommandLine: UACME.exe  39
Product: Microsoft® Windows® Operating System
Company: Microsoft Corporation
ParentProcessId: 4480
LogonGuid: 747F3D96-56A3-5D45-0000-0020FBD31800
Hashes: SHA1=7150AD53ECDA6DA136F56A41A97F4442F4C3A195,MD5=0ED2577AA82A30B1C1C55843F23B7C69,SHA256=5DC0EFC7CF971F9DA9BD183F4BC5707176F7F829133B3EF90FFBB603516AF921,IMPHASH=B8EE2D6252332A68B70B22E3D6E377D2
ParentProcessGuid: 747F3D96-A356-5D45-0000-001029AA9901
ProcessId: 1492
CurrentDirectory: C:\Users\IEUser\Desktop\
ProcessGuid: 747F3D96-A356-5D45-0000-0010C5C59901
CommandLine: '""C:\Windows\System32\mmc.exe"" eventvwr.msc'
FileVersion: 10.0.17763.1 (WinBuild.160101.0800)
User: MSEDGEWIN10\IEUser
LogonId: '0x18d3fb'
IntegrityLevel: Medium
ParentImage: C:\Users\IEUser\Desktop\UACME.exe
UtcTime: 2019-08-03 15:08:06.553
"
2019-08-03T15:08:06.796975+00:00,HackTool - CrackMapExec Process Patterns;Hacktool - EDR-Freeze Execution;UAC Bypass Using NTFS Reparse Point - Process,data/EVTX-ATTACK-SAMPLES/Privilege Escalation/Sysmon_UACME_39.evtx,1,Microsoft-Windows-Sysmon,1,5529,MSEDGEWIN10,"Image: C:\Windows\System32\consent.exe
RuleName: ''
Description: Consent UI for administrative applications
TerminalSessionId: 1
ParentCommandLine: C:\Windows\system32\svchost.exe -k netsvcs -p -s Appinfo
Product: Microsoft® Windows® Operating System
Company: Microsoft Corporation
ParentProcessId: 896
LogonGuid: 747F3D96-D4E9-5D45-0000-0020E7030000
Hashes: SHA1=9329B2362078DE27242DD4534F588AF3264BF0BF,MD5=27992D7EBE51AEC655A088DE88BAD5C9,SHA256=8F112431143A22BAAAFB448EEFD63BF90E7691C890AC69A296574FD07BA03EC6,IMPHASH=522D83761201075834F05037F5307949
ParentProcessGuid: 747F3D96-5769-5D45-0000-001044E83300
ProcessId: 7840
CurrentDirectory: C:\Windows\system32\
ProcessGuid: 747F3D96-A356-5D45-0000-001006D49901
CommandLine: consent.exe 896 376 0000028064463A00
FileVersion: 10.0.17763.1 (WinBuild.160101.0800)
User: NT AUTHORITY\SYSTEM
LogonId: '0x3e7'
IntegrityLevel: System
ParentImage: C:\Windows\System32\svchost.exe
UtcTime: 2019-08-03 15:08:06.660
"
2019-08-03T15:08:07.144865+00:00,Hacktool - EDR-Freeze Execution;UAC Bypass Using NTFS Reparse Point - Process,data/EVTX-ATTACK-SAMPLES/Privilege Escalation/Sysmon_UACME_39.evtx,1,Microsoft-Windows-Sysmon,1,5530,MSEDGEWIN10,"Image: C:\Windows\System32\mmc.exe
RuleName: ''
Description: Microsoft Management Console
TerminalSessionId: 1
ParentCommandLine: UACME.exe  39
Product: Microsoft® Windows® Operating System
Company: Microsoft Corporation
ParentProcessId: 4480
LogonGuid: 747F3D96-56A3-5D45-0000-0020B3D31800
Hashes: SHA1=7150AD53ECDA6DA136F56A41A97F4442F4C3A195,MD5=0ED2577AA82A30B1C1C55843F23B7C69,SHA256=5DC0EFC7CF971F9DA9BD183F4BC5707176F7F829133B3EF90FFBB603516AF921,IMPHASH=B8EE2D6252332A68B70B22E3D6E377D2
ParentProcessGuid: 747F3D96-A356-5D45-0000-001029AA9901
ProcessId: 4056
CurrentDirectory: C:\Windows\system32\
ProcessGuid: 747F3D96-A356-5D45-0000-001014F99901
CommandLine: '""C:\Windows\System32\mmc.exe"" eventvwr.msc'
FileVersion: 10.0.17763.1 (WinBuild.160101.0800)
User: MSEDGEWIN10\IEUser
LogonId: '0x18d3b3'
IntegrityLevel: High
ParentImage: C:\Users\IEUser\Desktop\UACME.exe
UtcTime: 2019-08-03 15:08:06.981
"
2019-08-03T15:08:07.558917+00:00,Hacktool - EDR-Freeze Execution;MMC Spawning Windows Shell;UAC Bypass Using NTFS Reparse Point - Process,data/EVTX-ATTACK-SAMPLES/Privilege Escalation/Sysmon_UACME_39.evtx,1,Microsoft-Windows-Sysmon,1,5532,MSEDGEWIN10,"Image: C:\Windows\System32\cmd.exe
RuleName: ''
Description: Windows Command Processor
TerminalSessionId: 1
ParentCommandLine: '""C:\Windows\System32\mmc.exe"" eventvwr.msc'
Product: Microsoft® Windows® Operating System
Company: Microsoft Corporation
ParentProcessId: 4056
LogonGuid: 747F3D96-56A3-5D45-0000-0020B3D31800
Hashes: SHA1=8C5437CD76A89EC983E3B364E219944DA3DAB464,MD5=975B45B669930B0CC773EAF2B414206F,SHA256=3656F37A1C6951EC4496FABB8EE957D3A6E3C276D5A3785476B482C9C0D32EA2,IMPHASH=272245E2988E1E430500B852C4FB5E18
ParentProcessGuid: 747F3D96-A356-5D45-0000-001014F99901
ProcessId: 5396
CurrentDirectory: C:\Windows\system32\
ProcessGuid: 747F3D96-A357-5D45-0000-0010BD149A01
CommandLine: '""C:\Windows\system32\cmd.exe""'
FileVersion: 10.0.17763.1 (WinBuild.160101.0800)
User: MSEDGEWIN10\IEUser
LogonId: '0x18d3b3'
IntegrityLevel: High
ParentImage: C:\Windows\System32\mmc.exe
UtcTime: 2019-08-03 15:08:07.355
"
2019-08-03T15:16:30.389233+00:00,HackTool - UACMe Akagi Execution;Hacktool - EDR-Freeze Execution,data/EVTX-ATTACK-SAMPLES/Privilege Escalation/Sysmon_UACME_41.evtx,1,Microsoft-Windows-Sysmon,1,5534,MSEDGEWIN10,"Image: C:\Users\IEUser\Desktop\UACME.exe
RuleName: ''
Description: UACMe main module
TerminalSessionId: 1
ParentCommandLine: '""C:\Windows\system32\cmd.exe"" '
Product: UACMe
Company: Hazardous Environments
ParentProcessId: 5780
LogonGuid: 747F3D96-56A3-5D45-0000-0020FBD31800
Hashes: SHA1=9E57914D39FBFE785C915E225011892613C4714C,MD5=D57E778DF10F801F47119A04BE990FFD,SHA256=D76815CE3F4B9FE7A611D6F536F65AF313E2AB2F8BB52EF0998487D89A6E7378,IMPHASH=B6789EDFE23DDA911AE37C87444D3DCB
ParentProcessGuid: 747F3D96-5A29-5D45-0000-0010DEB99000
ProcessId: 8100
CurrentDirectory: C:\Users\IEUser\Desktop\
ProcessGuid: 747F3D96-A54E-5D45-0000-001080F2A001
CommandLine: UACME.exe  41
FileVersion: 3.1.9.1905
User: MSEDGEWIN10\IEUser
LogonId: '0x18d3fb'
IntegrityLevel: Medium
ParentImage: C:\Windows\System32\cmd.exe
UtcTime: 2019-08-03 15:16:30.329
"
2019-08-03T15:16:31.012035+00:00,HackTool - CrackMapExec Process Patterns;Hacktool - EDR-Freeze Execution;UAC Bypass Using NTFS Reparse Point - Process,data/EVTX-ATTACK-SAMPLES/Privilege Escalation/Sysmon_UACME_41.evtx,1,Microsoft-Windows-Sysmon,1,5535,MSEDGEWIN10,"Image: C:\Windows\System32\consent.exe
RuleName: ''
Description: Consent UI for administrative applications
TerminalSessionId: 1
ParentCommandLine: C:\Windows\system32\svchost.exe -k netsvcs -p -s Appinfo
Product: Microsoft® Windows® Operating System
Company: Microsoft Corporation
ParentProcessId: 896
LogonGuid: 747F3D96-D4E9-5D45-0000-0020E7030000
Hashes: SHA1=9329B2362078DE27242DD4534F588AF3264BF0BF,MD5=27992D7EBE51AEC655A088DE88BAD5C9,SHA256=8F112431143A22BAAAFB448EEFD63BF90E7691C890AC69A296574FD07BA03EC6,IMPHASH=522D83761201075834F05037F5307949
ParentProcessGuid: 747F3D96-5769-5D45-0000-001044E83300
ProcessId: 1080
CurrentDirectory: C:\Windows\system32\
ProcessGuid: 747F3D96-A54E-5D45-0000-0010D507A101
CommandLine: consent.exe 896 342 00000280644BB040
FileVersion: 10.0.17763.1 (WinBuild.160101.0800)
User: NT AUTHORITY\SYSTEM
LogonId: '0x3e7'
IntegrityLevel: System
ParentImage: C:\Windows\System32\svchost.exe
UtcTime: 2019-08-03 15:16:30.980
"
2019-08-03T15:16:31.779226+00:00,CMSTP UAC Bypass via COM Object Access;Hacktool - EDR-Freeze Execution;UAC Bypass Using NTFS Reparse Point - Process;UAC Bypass via ICMLuaUtil;Unusual Parent Process For Cmd.EXE,data/EVTX-ATTACK-SAMPLES/Privilege Escalation/Sysmon_UACME_41.evtx,1,Microsoft-Windows-Sysmon,1,5536,MSEDGEWIN10,"Image: C:\Windows\System32\cmd.exe
RuleName: ''
Description: Windows Command Processor
TerminalSessionId: 1
ParentCommandLine: C:\Windows\system32\DllHost.exe /Processid:{3E5FC7F9-9A51-4367-9063-A120244FBEC7}
Product: Microsoft® Windows® Operating System
Company: Microsoft Corporation
ParentProcessId: 6080
LogonGuid: 747F3D96-56A3-5D45-0000-0020B3D31800
Hashes: SHA1=8C5437CD76A89EC983E3B364E219944DA3DAB464,MD5=975B45B669930B0CC773EAF2B414206F,SHA256=3656F37A1C6951EC4496FABB8EE957D3A6E3C276D5A3785476B482C9C0D32EA2,IMPHASH=272245E2988E1E430500B852C4FB5E18
ParentProcessGuid: 747F3D96-A54F-5D45-0000-0010C429A101
ProcessId: 1716
CurrentDirectory: C:\Windows\system32\
ProcessGuid: 747F3D96-A54F-5D45-0000-0010D83FA101
CommandLine: '""C:\Windows\system32\cmd.exe"" '
FileVersion: 10.0.17763.1 (WinBuild.160101.0800)
User: MSEDGEWIN10\IEUser
LogonId: '0x18d3b3'
IntegrityLevel: High
ParentImage: C:\Windows\System32\dllhost.exe
UtcTime: 2019-08-03 15:16:31.676
"
2019-08-04T07:26:33.984754+00:00,HackTool - UACMe Akagi Execution;Hacktool - EDR-Freeze Execution,data/EVTX-ATTACK-SAMPLES/Privilege Escalation/Sysmon_UACME_43.evtx,1,Microsoft-Windows-Sysmon,1,5634,MSEDGEWIN10,"Image: C:\Users\IEUser\Desktop\UACME.exe
RuleName: ''
Description: UACMe main module
TerminalSessionId: 1
ParentCommandLine: '""C:\Windows\system32\cmd.exe"" '
Product: UACMe
Company: Hazardous Environments
ParentProcessId: 5780
LogonGuid: 747F3D96-56A3-5D45-0000-0020FBD31800
Hashes: SHA1=9E57914D39FBFE785C915E225011892613C4714C,MD5=D57E778DF10F801F47119A04BE990FFD,SHA256=D76815CE3F4B9FE7A611D6F536F65AF313E2AB2F8BB52EF0998487D89A6E7378,IMPHASH=B6789EDFE23DDA911AE37C87444D3DCB
ParentProcessGuid: 747F3D96-5A29-5D45-0000-0010DEB99000
ProcessId: 7436
CurrentDirectory: C:\Users\IEUser\Desktop\
ProcessGuid: 747F3D96-88A9-5D46-0000-0010EC927D03
CommandLine: UACME.exe  43
FileVersion: 3.1.9.1905
User: MSEDGEWIN10\IEUser
LogonId: '0x18d3fb'
IntegrityLevel: Medium
ParentImage: C:\Windows\System32\cmd.exe
UtcTime: 2019-08-04 07:26:33.973
"
2019-08-04T07:26:34.302722+00:00,HackTool - CrackMapExec Process Patterns;Hacktool - EDR-Freeze Execution;UAC Bypass Using NTFS Reparse Point - Process,data/EVTX-ATTACK-SAMPLES/Privilege Escalation/Sysmon_UACME_43.evtx,1,Microsoft-Windows-Sysmon,1,5635,MSEDGEWIN10,"Image: C:\Windows\System32\consent.exe
RuleName: ''
Description: Consent UI for administrative applications
TerminalSessionId: 1
ParentCommandLine: C:\Windows\system32\svchost.exe -k netsvcs -p -s Appinfo
Product: Microsoft® Windows® Operating System
Company: Microsoft Corporation
ParentProcessId: 896
LogonGuid: 747F3D96-D4E9-5D45-0000-0020E7030000
Hashes: SHA1=9329B2362078DE27242DD4534F588AF3264BF0BF,MD5=27992D7EBE51AEC655A088DE88BAD5C9,SHA256=8F112431143A22BAAAFB448EEFD63BF90E7691C890AC69A296574FD07BA03EC6,IMPHASH=522D83761201075834F05037F5307949
ParentProcessGuid: 747F3D96-5769-5D45-0000-001044E83300
ProcessId: 1412
CurrentDirectory: C:\Windows\system32\
ProcessGuid: 747F3D96-88AA-5D46-0000-00101C9F7D03
CommandLine: consent.exe 896 342 0000028064468040
FileVersion: 10.0.17763.1 (WinBuild.160101.0800)
User: NT AUTHORITY\SYSTEM
LogonId: '0x3e7'
IntegrityLevel: System
ParentImage: C:\Windows\System32\svchost.exe
UtcTime: 2019-08-04 07:26:34.240
"
2019-08-04T07:26:34.689746+00:00,HackTool - CrackMapExec Process Patterns;Hacktool - EDR-Freeze Execution;UAC Bypass Using NTFS Reparse Point - Process,data/EVTX-ATTACK-SAMPLES/Privilege Escalation/Sysmon_UACME_43.evtx,1,Microsoft-Windows-Sysmon,1,5636,MSEDGEWIN10,"Image: C:\Windows\System32\consent.exe
RuleName: ''
Description: Consent UI for administrative applications
TerminalSessionId: 1
ParentCommandLine: C:\Windows\system32\svchost.exe -k netsvcs -p -s Appinfo
Product: Microsoft® Windows® Operating System
Company: Microsoft Corporation
ParentProcessId: 896
LogonGuid: 747F3D96-D4E9-5D45-0000-0020E7030000
Hashes: SHA1=9329B2362078DE27242DD4534F588AF3264BF0BF,MD5=27992D7EBE51AEC655A088DE88BAD5C9,SHA256=8F112431143A22BAAAFB448EEFD63BF90E7691C890AC69A296574FD07BA03EC6,IMPHASH=522D83761201075834F05037F5307949
ParentProcessGuid: 747F3D96-5769-5D45-0000-001044E83300
ProcessId: 6488
CurrentDirectory: C:\Windows\system32\
ProcessGuid: 747F3D96-88AA-5D46-0000-001059C57D03
CommandLine: consent.exe 896 330 000002806444C490
FileVersion: 10.0.17763.1 (WinBuild.160101.0800)
User: NT AUTHORITY\SYSTEM
LogonId: '0x3e7'
IntegrityLevel: System
ParentImage: C:\Windows\System32\svchost.exe
UtcTime: 2019-08-04 07:26:34.672
"
2019-08-04T07:26:35.182896+00:00,CMSTP UAC Bypass via COM Object Access;Hacktool - EDR-Freeze Execution;UAC Bypass Using NTFS Reparse Point - Process;UAC Bypass via ICMLuaUtil;Unusual Parent Process For Cmd.EXE,data/EVTX-ATTACK-SAMPLES/Privilege Escalation/Sysmon_UACME_43.evtx,1,Microsoft-Windows-Sysmon,1,5637,MSEDGEWIN10,"Image: C:\Windows\System32\cmd.exe
RuleName: ''
Description: Windows Command Processor
TerminalSessionId: 1
ParentCommandLine: C:\Windows\system32\DllHost.exe /Processid:{D2E7041B-2927-42FB-8E9F-7CE93B6DC937}
Product: Microsoft® Windows® Operating System
Company: Microsoft Corporation
ParentProcessId: 4644
LogonGuid: 747F3D96-56A3-5D45-0000-0020B3D31800
Hashes: SHA1=8C5437CD76A89EC983E3B364E219944DA3DAB464,MD5=975B45B669930B0CC773EAF2B414206F,SHA256=3656F37A1C6951EC4496FABB8EE957D3A6E3C276D5A3785476B482C9C0D32EA2,IMPHASH=272245E2988E1E430500B852C4FB5E18
ParentProcessGuid: 747F3D96-88AA-5D46-0000-001093E37D03
ProcessId: 4300
CurrentDirectory: C:\Windows\system32\
ProcessGuid: 747F3D96-88AB-5D46-0000-001081ED7D03
CommandLine: '""C:\Windows\system32\cmd.exe"" '
FileVersion: 10.0.17763.1 (WinBuild.160101.0800)
User: MSEDGEWIN10\IEUser
LogonId: '0x18d3b3'
IntegrityLevel: High
ParentImage: C:\Windows\System32\dllhost.exe
UtcTime: 2019-08-04 07:26:35.116
"
2019-08-04T08:56:16.228363+00:00,HackTool - UACMe Akagi Execution;Hacktool - EDR-Freeze Execution,data/EVTX-ATTACK-SAMPLES/Privilege Escalation/Sysmon_UACME_45.evtx,1,Microsoft-Windows-Sysmon,1,5663,MSEDGEWIN10,"Image: C:\Users\IEUser\Desktop\UACME.exe
RuleName: ''
Description: UACMe main module
TerminalSessionId: 1
ParentCommandLine: '""C:\Windows\system32\cmd.exe"" '
Product: UACMe
Company: Hazardous Environments
ParentProcessId: 5780
LogonGuid: 747F3D96-56A3-5D45-0000-0020FBD31800
Hashes: SHA1=9E57914D39FBFE785C915E225011892613C4714C,MD5=D57E778DF10F801F47119A04BE990FFD,SHA256=D76815CE3F4B9FE7A611D6F536F65AF313E2AB2F8BB52EF0998487D89A6E7378,IMPHASH=B6789EDFE23DDA911AE37C87444D3DCB
ParentProcessGuid: 747F3D96-5A29-5D45-0000-0010DEB99000
ProcessId: 3580
CurrentDirectory: C:\Users\IEUser\Desktop\
ProcessGuid: 747F3D96-9DB0-5D46-0000-00108243AF03
CommandLine: UACME.exe  45 c:\Windows\SysWOW64\notepad.exe
FileVersion: 3.1.9.1905
User: MSEDGEWIN10\IEUser
LogonId: '0x18d3fb'
IntegrityLevel: Medium
ParentImage: C:\Windows\System32\cmd.exe
UtcTime: 2019-08-04 08:56:16.214
"
2019-08-04T08:56:16.650581+00:00,Potential Persistence Using DebugPath;Shell Open Registry Keys Manipulation,data/EVTX-ATTACK-SAMPLES/Privilege Escalation/Sysmon_UACME_45.evtx,1,Microsoft-Windows-Sysmon,13,5664,MSEDGEWIN10,"Image: C:\Windows\explorer.exe
TargetObject: HKU\S-1-5-21-3461203602-4096304019-2269080069-1000_Classes\exefile\shell\open\command\(Default)
RuleName: PrivEsc - UAC bypass UACME-45
EventType: SetValue
ProcessId: 3580
ProcessGuid: 747F3D96-9DB0-5D46-0000-00108243AF03
UtcTime: 2019-08-04 08:56:16.635
Details: c:\Windows\SysWOW64\notepad.exe
"
2019-08-04T08:56:16.967768+00:00,HackTool - CrackMapExec Process Patterns;Hacktool - EDR-Freeze Execution;UAC Bypass Using NTFS Reparse Point - Process,data/EVTX-ATTACK-SAMPLES/Privilege Escalation/Sysmon_UACME_45.evtx,1,Microsoft-Windows-Sysmon,1,5665,MSEDGEWIN10,"Image: C:\Windows\System32\consent.exe
RuleName: ''
Description: Consent UI for administrative applications
TerminalSessionId: 1
ParentCommandLine: C:\Windows\system32\svchost.exe -k netsvcs -p -s Appinfo
Product: Microsoft® Windows® Operating System
Company: Microsoft Corporation
ParentProcessId: 896
LogonGuid: 747F3D96-D4E9-5D45-0000-0020E7030000
Hashes: SHA1=9329B2362078DE27242DD4534F588AF3264BF0BF,MD5=27992D7EBE51AEC655A088DE88BAD5C9,SHA256=8F112431143A22BAAAFB448EEFD63BF90E7691C890AC69A296574FD07BA03EC6,IMPHASH=522D83761201075834F05037F5307949
ParentProcessGuid: 747F3D96-5769-5D45-0000-001044E83300
ProcessId: 5980
CurrentDirectory: C:\Windows\system32\
ProcessGuid: 747F3D96-9DB0-5D46-0000-0010AE65AF03
CommandLine: consent.exe 896 294 0000028064421EA0
FileVersion: 10.0.17763.1 (WinBuild.160101.0800)
User: NT AUTHORITY\SYSTEM
LogonId: '0x3e7'
IntegrityLevel: System
ParentImage: C:\Windows\System32\svchost.exe
UtcTime: 2019-08-04 08:56:16.841
"
2019-08-04T08:56:18.321764+00:00,Hacktool - EDR-Freeze Execution;UAC Bypass Using ChangePK and SLUI;UAC Bypass Using NTFS Reparse Point - Process,data/EVTX-ATTACK-SAMPLES/Privilege Escalation/Sysmon_UACME_45.evtx,1,Microsoft-Windows-Sysmon,1,5666,MSEDGEWIN10,"Image: C:\Windows\System32\changepk.exe
RuleName: ''
Description: Windows Activation
TerminalSessionId: 1
ParentCommandLine: '""C:\Windows\system32\slui.exe"" 0x03'
Product: Microsoft® Windows® Operating System
Company: Microsoft Corporation
ParentProcessId: 7260
LogonGuid: 747F3D96-56A3-5D45-0000-0020B3D31800
Hashes: SHA1=38F033D14EFD15DCBA2387656B3099141B6E8261,MD5=712C2F1E1A8AC13E7DB69B2253294484,SHA256=0D07EC1EB0FF9DCABE175C93E5F354484FF2BA1FF5ACCE13ED3872A31E7FE22A,IMPHASH=EE22AD7AC89E2E7EACBAF51750A69C27
ParentProcessGuid: 747F3D96-9DB1-5D46-0000-00100FA2AF03
ProcessId: 2364
CurrentDirectory: C:\Windows\system32\
ProcessGuid: 747F3D96-9DB2-5D46-0000-00106DBDAF03
CommandLine: '""C:\Windows\system32\ChangePk.exe"" '
FileVersion: 10.0.17763.1 (WinBuild.160101.0800)
User: MSEDGEWIN10\IEUser
LogonId: '0x18d3b3'
IntegrityLevel: High
ParentImage: C:\Windows\System32\slui.exe
UtcTime: 2019-08-04 08:56:18.158
"
2019-08-04T08:56:20.446159+00:00,HackTool - CrackMapExec Process Patterns;Hacktool - EDR-Freeze Execution;UAC Bypass Using NTFS Reparse Point - Process,data/EVTX-ATTACK-SAMPLES/Privilege Escalation/Sysmon_UACME_45.evtx,1,Microsoft-Windows-Sysmon,1,5667,MSEDGEWIN10,"Image: C:\Windows\System32\consent.exe
RuleName: ''
Description: Consent UI for administrative applications
TerminalSessionId: 1
ParentCommandLine: C:\Windows\system32\svchost.exe -k netsvcs -p -s Appinfo
Product: Microsoft® Windows® Operating System
Company: Microsoft Corporation
ParentProcessId: 896
LogonGuid: 747F3D96-D4E9-5D45-0000-0020E7030000
Hashes: SHA1=9329B2362078DE27242DD4534F588AF3264BF0BF,MD5=27992D7EBE51AEC655A088DE88BAD5C9,SHA256=8F112431143A22BAAAFB448EEFD63BF90E7691C890AC69A296574FD07BA03EC6,IMPHASH=522D83761201075834F05037F5307949
ParentProcessGuid: 747F3D96-5769-5D45-0000-001044E83300
ProcessId: 5208
CurrentDirectory: C:\Windows\system32\
ProcessGuid: 747F3D96-9DB4-5D46-0000-0010F825B003
CommandLine: consent.exe 896 444 00000280644250C0
FileVersion: 10.0.17763.1 (WinBuild.160101.0800)
User: NT AUTHORITY\SYSTEM
LogonId: '0x3e7'
IntegrityLevel: System
ParentImage: C:\Windows\System32\svchost.exe
UtcTime: 2019-08-04 08:56:20.441
"
2019-08-04T08:56:20.937952+00:00,Hacktool - EDR-Freeze Execution;UAC Bypass Using NTFS Reparse Point - Process,data/EVTX-ATTACK-SAMPLES/Privilege Escalation/Sysmon_UACME_45.evtx,1,Microsoft-Windows-Sysmon,1,5668,MSEDGEWIN10,"Image: C:\Windows\System32\SystemSettingsAdminFlows.exe
RuleName: ''
Description: Settings
TerminalSessionId: 1
ParentCommandLine: '""C:\Windows\ImmersiveControlPanel\SystemSettings.exe"" -ServerName:microsoft.windows.immersivecontrolpanel'
Product: Microsoft® Windows® Operating System
Company: Microsoft Corporation
ParentProcessId: 4872
LogonGuid: 747F3D96-56A3-5D45-0000-0020B3D31800
Hashes: SHA1=8C92D7EEEEAE62D39687F0E6303D1219021D3424,MD5=6195981D03AB0BEEF044FD2F4CF60BEE,SHA256=800CFDB1883B3A4C3AE46AA9CDAD81AD792D5BFA504827EF5696EC0B21907E9A,IMPHASH=B769F162070BAF857E5B12E34A7DE2C8
ParentProcessGuid: 747F3D96-9CCF-5D46-0000-00100FCCAB03
ProcessId: 7880
CurrentDirectory: C:\Windows\system32\
ProcessGuid: 747F3D96-9DB4-5D46-0000-00105E3CB003
CommandLine: '""C:\Windows\system32\SystemSettingsAdminFlows.exe"" EnterProductKey'
FileVersion: 10.0.17763.1 (WinBuild.160101.0800)
User: MSEDGEWIN10\IEUser
LogonId: '0x18d3b3'
IntegrityLevel: High
ParentImage: C:\Windows\ImmersiveControlPanel\SystemSettings.exe
UtcTime: 2019-08-04 08:56:20.701
"
2019-08-04T09:10:28.612995+00:00,HackTool - UACMe Akagi Execution;Hacktool - EDR-Freeze Execution,data/EVTX-ATTACK-SAMPLES/Privilege Escalation/Sysmon_UACME_53.evtx,1,Microsoft-Windows-Sysmon,1,5694,MSEDGEWIN10,"Image: C:\Users\IEUser\Desktop\UACME.exe
RuleName: ''
Description: UACMe main module
TerminalSessionId: 1
ParentCommandLine: '""C:\Windows\system32\cmd.exe"" '
Product: UACMe
Company: Hazardous Environments
ParentProcessId: 5780
LogonGuid: 747F3D96-56A3-5D45-0000-0020FBD31800
Hashes: SHA1=9E57914D39FBFE785C915E225011892613C4714C,MD5=D57E778DF10F801F47119A04BE990FFD,SHA256=D76815CE3F4B9FE7A611D6F536F65AF313E2AB2F8BB52EF0998487D89A6E7378,IMPHASH=B6789EDFE23DDA911AE37C87444D3DCB
ParentProcessGuid: 747F3D96-5A29-5D45-0000-0010DEB99000
ProcessId: 7616
CurrentDirectory: C:\Users\IEUser\Desktop\
ProcessGuid: 747F3D96-A104-5D46-0000-00102B92BC03
CommandLine: UACME.exe  53
FileVersion: 3.1.9.1905
User: MSEDGEWIN10\IEUser
LogonId: '0x18d3fb'
IntegrityLevel: Medium
ParentImage: C:\Windows\System32\cmd.exe
UtcTime: 2019-08-04 09:10:28.568
"
2019-08-04T09:10:28.807910+00:00,Hacktool - EDR-Freeze Execution,data/EVTX-ATTACK-SAMPLES/Privilege Escalation/Sysmon_UACME_53.evtx,1,Microsoft-Windows-Sysmon,1,5695,MSEDGEWIN10,"Image: C:\Windows\System32\reg.exe
RuleName: ''
Description: Registry Console Tool
TerminalSessionId: 1
ParentCommandLine: sihost.exe
Product: Microsoft® Windows® Operating System
Company: Microsoft Corporation
ParentProcessId: 4772
LogonGuid: 747F3D96-56A3-5D45-0000-0020FBD31800
Hashes: SHA1=429DF8371B437209D79DC97978C33157D1A71C4B,MD5=8A93ACAC33151793F8D52000071C0B06,SHA256=19316D4266D0B776D9B2A05D5903D8CBC8F0EA1520E9C2A7E6D5960B6FA4DCAF,IMPHASH=BE482BE427FE212CFEF2CDA0E61F19AC
ParentProcessGuid: 747F3D96-56A4-5D45-0000-0010A5FA1800
ProcessId: 7312
CurrentDirectory: C:\Users\IEUser\Desktop\
ProcessGuid: 747F3D96-A104-5D46-0000-0010C79CBC03
CommandLine: C:\Windows\system32\reg.exe add HKEY_CURRENT_USER\Software\Classes\Folder\shell\open\command /v ""DelegateExecute"" /t REG_SZ /d """" /f
FileVersion: 10.0.17763.1 (WinBuild.160101.0800)
User: MSEDGEWIN10\IEUser
LogonId: '0x18d3fb'
IntegrityLevel: Medium
ParentImage: C:\Windows\System32\sihost.exe
UtcTime: 2019-08-04 09:10:28.756
"
2019-08-04T09:10:28.893194+00:00,Bypass UAC Using DelegateExecute,data/EVTX-ATTACK-SAMPLES/Privilege Escalation/Sysmon_UACME_53.evtx,1,Microsoft-Windows-Sysmon,13,5696,MSEDGEWIN10,"Image: C:\Windows\system32\reg.exe
TargetObject: HKU\S-1-5-21-3461203602-4096304019-2269080069-1000_Classes\Folder\shell\open\command\DelegateExecute
RuleName: ''
EventType: SetValue
ProcessId: 7312
ProcessGuid: 747F3D96-A104-5D46-0000-0010C79CBC03
UtcTime: 2019-08-04 09:10:28.869
Details: (Empty)
"
2019-08-04T09:10:28.925643+00:00,Hacktool - EDR-Freeze Execution,data/EVTX-ATTACK-SAMPLES/Privilege Escalation/Sysmon_UACME_53.evtx,1,Microsoft-Windows-Sysmon,1,5697,MSEDGEWIN10,"Image: C:\Windows\System32\reg.exe
RuleName: ''
Description: Registry Console Tool
TerminalSessionId: 1
ParentCommandLine: sihost.exe
Product: Microsoft® Windows® Operating System
Company: Microsoft Corporation
ParentProcessId: 4772
LogonGuid: 747F3D96-56A3-5D45-0000-0020FBD31800
Hashes: SHA1=429DF8371B437209D79DC97978C33157D1A71C4B,MD5=8A93ACAC33151793F8D52000071C0B06,SHA256=19316D4266D0B776D9B2A05D5903D8CBC8F0EA1520E9C2A7E6D5960B6FA4DCAF,IMPHASH=BE482BE427FE212CFEF2CDA0E61F19AC
ParentProcessGuid: 747F3D96-56A4-5D45-0000-0010A5FA1800
ProcessId: 2576
CurrentDirectory: C:\Users\IEUser\Desktop\
ProcessGuid: 747F3D96-A104-5D46-0000-001092A6BC03
CommandLine: C:\Windows\system32\reg.exe add HKEY_CURRENT_USER\Software\Classes\Folder\shell\open\command /v """" /t REG_SZ /d ""C:\Windows\system32\cmd.exe"" /f
FileVersion: 10.0.17763.1 (WinBuild.160101.0800)
User: MSEDGEWIN10\IEUser
LogonId: '0x18d3fb'
IntegrityLevel: Medium
ParentImage: C:\Windows\System32\sihost.exe
UtcTime: 2019-08-04 09:10:28.917
"
2019-08-04T09:10:29.060588+00:00,Potential Persistence Using DebugPath,data/EVTX-ATTACK-SAMPLES/Privilege Escalation/Sysmon_UACME_53.evtx,1,Microsoft-Windows-Sysmon,13,5698,MSEDGEWIN10,"Image: C:\Windows\system32\reg.exe
TargetObject: HKU\S-1-5-21-3461203602-4096304019-2269080069-1000_Classes\Folder\shell\open\command\(Default)
RuleName: PrivEsc - UAC bypass UACME-53
EventType: SetValue
ProcessId: 2576
ProcessGuid: 747F3D96-A104-5D46-0000-001092A6BC03
UtcTime: 2019-08-04 09:10:29.025
Details: C:\Windows\system32\cmd.exe
"
2019-08-04T09:10:29.409804+00:00,Hacktool - EDR-Freeze Execution,data/EVTX-ATTACK-SAMPLES/Privilege Escalation/Sysmon_UACME_53.evtx,1,Microsoft-Windows-Sysmon,1,5699,MSEDGEWIN10,"Image: C:\Windows\System32\sdclt.exe
RuleName: ''
Description: Microsoft® Windows Backup
TerminalSessionId: 1
ParentCommandLine: UACME.exe  53
Product: Microsoft® Windows® Operating System
Company: Microsoft Corporation
ParentProcessId: 7616
LogonGuid: 747F3D96-56A3-5D45-0000-0020FBD31800
Hashes: SHA1=99C4ECC452300FD9E29CD009814E75BA29F0F71F,MD5=BEA1DCD574DE36E43D618373AEBFFEA8,SHA256=801DD9B98F263862E076461217FC2C774AA514E5482D0EA0ACCE6ED31BB4731B,IMPHASH=AACB1F271E52307A5D3490C6FC19417E
ParentProcessGuid: 747F3D96-A104-5D46-0000-00102B92BC03
ProcessId: 4512
CurrentDirectory: C:\Users\IEUser\Desktop\
ProcessGuid: 747F3D96-A105-5D46-0000-001071B8BC03
CommandLine: '""C:\Windows\system32\sdclt.exe"" '
FileVersion: 10.0.17763.1 (WinBuild.160101.0800)
User: MSEDGEWIN10\IEUser
LogonId: '0x18d3fb'
IntegrityLevel: Medium
ParentImage: C:\Users\IEUser\Desktop\UACME.exe
UtcTime: 2019-08-04 09:10:29.199
"
2019-08-04T09:10:29.431166+00:00,HackTool - CrackMapExec Process Patterns;Hacktool - EDR-Freeze Execution;UAC Bypass Using NTFS Reparse Point - Process,data/EVTX-ATTACK-SAMPLES/Privilege Escalation/Sysmon_UACME_53.evtx,1,Microsoft-Windows-Sysmon,1,5700,MSEDGEWIN10,"Image: C:\Windows\System32\consent.exe
RuleName: ''
Description: Consent UI for administrative applications
TerminalSessionId: 1
ParentCommandLine: C:\Windows\system32\svchost.exe -k netsvcs -p -s Appinfo
Product: Microsoft® Windows® Operating System
Company: Microsoft Corporation
ParentProcessId: 896
LogonGuid: 747F3D96-D4E9-5D45-0000-0020E7030000
Hashes: SHA1=9329B2362078DE27242DD4534F588AF3264BF0BF,MD5=27992D7EBE51AEC655A088DE88BAD5C9,SHA256=8F112431143A22BAAAFB448EEFD63BF90E7691C890AC69A296574FD07BA03EC6,IMPHASH=522D83761201075834F05037F5307949
ParentProcessGuid: 747F3D96-5769-5D45-0000-001044E83300
ProcessId: 7604
CurrentDirectory: C:\Windows\system32\
ProcessGuid: 747F3D96-A105-5D46-0000-001020C0BC03
CommandLine: consent.exe 896 300 000002806445E5C0
FileVersion: 10.0.17763.1 (WinBuild.160101.0800)
User: NT AUTHORITY\SYSTEM
LogonId: '0x3e7'
IntegrityLevel: System
ParentImage: C:\Windows\System32\svchost.exe
UtcTime: 2019-08-04 09:10:29.311
"
2019-08-04T09:10:30.395225+00:00,Hacktool - EDR-Freeze Execution;Potential UAC Bypass Via Sdclt.EXE;UAC Bypass Using NTFS Reparse Point - Process,data/EVTX-ATTACK-SAMPLES/Privilege Escalation/Sysmon_UACME_53.evtx,1,Microsoft-Windows-Sysmon,1,5701,MSEDGEWIN10,"Image: C:\Windows\System32\sdclt.exe
RuleName: ''
Description: Microsoft® Windows Backup
TerminalSessionId: 1
ParentCommandLine: UACME.exe  53
Product: Microsoft® Windows® Operating System
Company: Microsoft Corporation
ParentProcessId: 7616
LogonGuid: 747F3D96-56A3-5D45-0000-0020B3D31800
Hashes: SHA1=99C4ECC452300FD9E29CD009814E75BA29F0F71F,MD5=BEA1DCD574DE36E43D618373AEBFFEA8,SHA256=801DD9B98F263862E076461217FC2C774AA514E5482D0EA0ACCE6ED31BB4731B,IMPHASH=AACB1F271E52307A5D3490C6FC19417E
ParentProcessGuid: 747F3D96-A104-5D46-0000-00102B92BC03
ProcessId: 4532
CurrentDirectory: C:\Windows\system32\
ProcessGuid: 747F3D96-A105-5D46-0000-00103BEBBC03
CommandLine: '""C:\Windows\system32\sdclt.exe"" '
FileVersion: 10.0.17763.1 (WinBuild.160101.0800)
User: MSEDGEWIN10\IEUser
LogonId: '0x18d3b3'
IntegrityLevel: High
ParentImage: C:\Users\IEUser\Desktop\UACME.exe
UtcTime: 2019-08-04 09:10:29.934
"
2019-08-04T09:10:30.752830+00:00,Hacktool - EDR-Freeze Execution;Sdclt Child Processes;UAC Bypass Using NTFS Reparse Point - Process,data/EVTX-ATTACK-SAMPLES/Privilege Escalation/Sysmon_UACME_53.evtx,1,Microsoft-Windows-Sysmon,1,5702,MSEDGEWIN10,"Image: C:\Windows\System32\control.exe
RuleName: ''
Description: Windows Control Panel
TerminalSessionId: 1
ParentCommandLine: '""C:\Windows\system32\sdclt.exe"" '
Product: Microsoft® Windows® Operating System
Company: Microsoft Corporation
ParentProcessId: 4532
LogonGuid: 747F3D96-56A3-5D45-0000-0020B3D31800
Hashes: SHA1=391FF1F690C0912C217B3CF625900D4F50128867,MD5=88EA810385F455C74306D71C4879C61C,SHA256=4774A931C9D97828323C9E829917D82C27A05DAB9FEA6A0CEF9EBBA59942231F,IMPHASH=7A8EC2645C24D85DE8216D63022623C0
ParentProcessGuid: 747F3D96-A105-5D46-0000-00103BEBBC03
ProcessId: 1380
CurrentDirectory: C:\Windows\system32\
ProcessGuid: 747F3D96-A106-5D46-0000-00107201BD03
CommandLine: '""C:\Windows\System32\control.exe""  /name Microsoft.BackupAndRestoreCenter'
FileVersion: 10.0.17763.1 (WinBuild.160101.0800)
User: MSEDGEWIN10\IEUser
LogonId: '0x18d3b3'
IntegrityLevel: High
ParentImage: C:\Windows\System32\sdclt.exe
UtcTime: 2019-08-04 09:10:30.346
"
2019-08-04T09:10:30.972590+00:00,Hacktool - EDR-Freeze Execution;UAC Bypass Using NTFS Reparse Point - Process,data/EVTX-ATTACK-SAMPLES/Privilege Escalation/Sysmon_UACME_53.evtx,1,Microsoft-Windows-Sysmon,1,5703,MSEDGEWIN10,"Image: C:\Windows\System32\cmd.exe
RuleName: ''
Description: Windows Command Processor
TerminalSessionId: 1
ParentCommandLine: '""C:\Windows\System32\control.exe""  /name Microsoft.BackupAndRestoreCenter'
Product: Microsoft® Windows® Operating System
Company: Microsoft Corporation
ParentProcessId: 1380
LogonGuid: 747F3D96-56A3-5D45-0000-0020B3D31800
Hashes: SHA1=8C5437CD76A89EC983E3B364E219944DA3DAB464,MD5=975B45B669930B0CC773EAF2B414206F,SHA256=3656F37A1C6951EC4496FABB8EE957D3A6E3C276D5A3785476B482C9C0D32EA2,IMPHASH=272245E2988E1E430500B852C4FB5E18
ParentProcessGuid: 747F3D96-A106-5D46-0000-00107201BD03
ProcessId: 6604
CurrentDirectory: C:\Windows\system32\
ProcessGuid: 747F3D96-A106-5D46-0000-00102425BD03
CommandLine: '""C:\Windows\system32\cmd.exe"" '
FileVersion: 10.0.17763.1 (WinBuild.160101.0800)
User: MSEDGEWIN10\IEUser
LogonId: '0x18d3b3'
IntegrityLevel: High
ParentImage: C:\Windows\System32\control.exe
UtcTime: 2019-08-04 09:10:30.702
"
2019-08-04T09:33:57.582769+00:00,HackTool - UACMe Akagi Execution;Hacktool - EDR-Freeze Execution,data/EVTX-ATTACK-SAMPLES/Privilege Escalation/Sysmon_UACME_54.evtx,1,Microsoft-Windows-Sysmon,1,5762,MSEDGEWIN10,"Image: C:\Users\IEUser\Desktop\UACME.exe
RuleName: ''
Description: UACMe main module
TerminalSessionId: 1
ParentCommandLine: '""C:\Windows\system32\cmd.exe"" '
Product: UACMe
Company: Hazardous Environments
ParentProcessId: 5780
LogonGuid: 747F3D96-56A3-5D45-0000-0020FBD31800
Hashes: SHA1=9E57914D39FBFE785C915E225011892613C4714C,MD5=D57E778DF10F801F47119A04BE990FFD,SHA256=D76815CE3F4B9FE7A611D6F536F65AF313E2AB2F8BB52EF0998487D89A6E7378,IMPHASH=B6789EDFE23DDA911AE37C87444D3DCB
ParentProcessGuid: 747F3D96-5A29-5D45-0000-0010DEB99000
ProcessId: 3916
CurrentDirectory: C:\Users\IEUser\Desktop\
ProcessGuid: 747F3D96-A685-5D46-0000-00109B2AD703
CommandLine: UACME.exe  55 c:\Windows\SysWOW64\notepad.exe
FileVersion: 3.1.9.1905
User: MSEDGEWIN10\IEUser
LogonId: '0x18d3fb'
IntegrityLevel: Medium
ParentImage: C:\Windows\System32\cmd.exe
UtcTime: 2019-08-04 09:33:57.561
"
2019-08-04T09:33:57.800853+00:00,Suspicious Double Extension Files;UAC Bypass Using Windows Media Player - File,data/EVTX-ATTACK-SAMPLES/Privilege Escalation/Sysmon_UACME_54.evtx,1,Microsoft-Windows-Sysmon,11,5763,MSEDGEWIN10,"ProcessGuid: 747F3D96-A685-5D46-0000-00109B2AD703
CreationUtcTime: 2019-08-04 09:33:57.716
UtcTime: 2019-08-04 09:33:57.716
ProcessId: 3916
RuleName: ''
TargetFilename: C:\Users\IEUser\AppData\Local\Temp\Fubuki.exe
Image: C:\Windows\explorer.exe
"
2019-08-04T09:33:58.087775+00:00,Hacktool - EDR-Freeze Execution;Operator Bloopers Cobalt Strike Commands,data/EVTX-ATTACK-SAMPLES/Privilege Escalation/Sysmon_UACME_54.evtx,1,Microsoft-Windows-Sysmon,1,5764,MSEDGEWIN10,"Image: C:\Windows\System32\cmd.exe
RuleName: ''
Description: Windows Command Processor
TerminalSessionId: 1
ParentCommandLine: UACME.exe  55 c:\Windows\SysWOW64\notepad.exe
Product: Microsoft® Windows® Operating System
Company: Microsoft Corporation
ParentProcessId: 3916
LogonGuid: 747F3D96-56A3-5D45-0000-0020FBD31800
Hashes: SHA1=8C5437CD76A89EC983E3B364E219944DA3DAB464,MD5=975B45B669930B0CC773EAF2B414206F,SHA256=3656F37A1C6951EC4496FABB8EE957D3A6E3C276D5A3785476B482C9C0D32EA2,IMPHASH=272245E2988E1E430500B852C4FB5E18
ParentProcessGuid: 747F3D96-A685-5D46-0000-00109B2AD703
ProcessId: 3296
CurrentDirectory: C:\Users\IEUser\Desktop\
ProcessGuid: 747F3D96-A685-5D46-0000-00100D41D703
CommandLine: 'C:\windows\system32\cmd.exe ""C:\Windows\system32\osk.exe"" '
FileVersion: 10.0.17763.1 (WinBuild.160101.0800)
User: MSEDGEWIN10\IEUser
LogonId: '0x18d3fb'
IntegrityLevel: Medium
ParentImage: C:\Users\IEUser\Desktop\UACME.exe
UtcTime: 2019-08-04 09:33:57.876
"
2019-08-04T09:33:58.127145+00:00,HackTool - UACMe Akagi Execution;Hacktool - EDR-Freeze Execution,data/EVTX-ATTACK-SAMPLES/Privilege Escalation/Sysmon_UACME_54.evtx,1,Microsoft-Windows-Sysmon,1,5765,MSEDGEWIN10,"Image: C:\Users\IEUser\AppData\Local\Temp\Fubuki.exe
RuleName: ''
Description: UACMe proxy DLL
TerminalSessionId: 1
ParentCommandLine: UACME.exe  55 c:\Windows\SysWOW64\notepad.exe
Product: UACMe
Company: Hazardous Environments
ParentProcessId: 3916
LogonGuid: 747F3D96-56A3-5D45-0000-0020FBD31800
Hashes: SHA1=C50F499E4A12FF13798CBEC913BDC22EA9A759D5,MD5=FA8D0ABFD4FB49ACBE10A9F8BDA709EE,SHA256=3118CFAE7455ABECDF19C696E7E5E64B0F238E180F28F8B3EEF983A9A43487DC,IMPHASH=069E5461D2FBAD8D4C3909C4E0340847
ParentProcessGuid: 747F3D96-A685-5D46-0000-00109B2AD703
ProcessId: 5860
CurrentDirectory: C:\Users\IEUser\Desktop\
ProcessGuid: 747F3D96-A685-5D46-0000-00106442D703
CommandLine: c:\Windows\SysWOW64\notepad.exe
FileVersion: 3.1.9.1905
User: MSEDGEWIN10\IEUser
LogonId: '0x18d3fb'
IntegrityLevel: Medium
ParentImage: C:\Users\IEUser\Desktop\UACME.exe
UtcTime: 2019-08-04 09:33:57.891
"
2019-08-04T09:33:58.713954+00:00,Hacktool - EDR-Freeze Execution,data/EVTX-ATTACK-SAMPLES/Privilege Escalation/Sysmon_UACME_54.evtx,1,Microsoft-Windows-Sysmon,1,5766,MSEDGEWIN10,"Image: C:\Windows\System32\msconfig.exe
RuleName: ''
Description: System Configuration Utility
TerminalSessionId: 1
ParentCommandLine: c:\Windows\SysWOW64\notepad.exe
Product: Microsoft® Windows® Operating System
Company: Microsoft Corporation
ParentProcessId: 5860
LogonGuid: 747F3D96-56A3-5D45-0000-0020FBD31800
Hashes: SHA1=E5BA6703A3F6DA5C6B80A890CD78A9F909F3A9C3,MD5=FA81544250A477790C003D6D88256078,SHA256=2782A7F6336DAF4CC25A88995456678F02AFE0F01C86D24EF75CF54996710A75,IMPHASH=1100993220365A868FFB68CDD3511FBE
ParentProcessGuid: 747F3D96-A685-5D46-0000-00106442D703
ProcessId: 3020
CurrentDirectory: C:\Users\IEUser\Desktop\
ProcessGuid: 747F3D96-A686-5D46-0000-00108F56D703
CommandLine: '""C:\Windows\system32\msconfig.exe"" -5'
FileVersion: 10.0.17763.1 (WinBuild.160101.0800)
User: MSEDGEWIN10\IEUser
LogonId: '0x18d3fb'
IntegrityLevel: Medium
ParentImage: C:\Users\IEUser\AppData\Local\Temp\Fubuki.exe
UtcTime: 2019-08-04 09:33:58.078
"
2019-08-04T09:33:58.774476+00:00,HackTool - CrackMapExec Process Patterns;Hacktool - EDR-Freeze Execution;UAC Bypass Using NTFS Reparse Point - Process,data/EVTX-ATTACK-SAMPLES/Privilege Escalation/Sysmon_UACME_54.evtx,1,Microsoft-Windows-Sysmon,1,5768,MSEDGEWIN10,"Image: C:\Windows\System32\consent.exe
RuleName: ''
Description: Consent UI for administrative applications
TerminalSessionId: 1
ParentCommandLine: C:\Windows\system32\svchost.exe -k netsvcs -p -s Appinfo
Product: Microsoft® Windows® Operating System
Company: Microsoft Corporation
ParentProcessId: 896
LogonGuid: 747F3D96-D4E9-5D45-0000-0020E7030000
Hashes: SHA1=9329B2362078DE27242DD4534F588AF3264BF0BF,MD5=27992D7EBE51AEC655A088DE88BAD5C9,SHA256=8F112431143A22BAAAFB448EEFD63BF90E7691C890AC69A296574FD07BA03EC6,IMPHASH=522D83761201075834F05037F5307949
ParentProcessGuid: 747F3D96-5769-5D45-0000-001044E83300
ProcessId: 4660
CurrentDirectory: C:\Windows\system32\
ProcessGuid: 747F3D96-A686-5D46-0000-00100958D703
CommandLine: consent.exe 896 322 000002806447A490
FileVersion: 10.0.17763.1 (WinBuild.160101.0800)
User: NT AUTHORITY\SYSTEM
LogonId: '0x3e7'
IntegrityLevel: System
ParentImage: C:\Windows\System32\svchost.exe
UtcTime: 2019-08-04 09:33:58.090
"
2019-08-04T09:33:59.225171+00:00,Hacktool - EDR-Freeze Execution;UAC Bypass Using NTFS Reparse Point - Process,data/EVTX-ATTACK-SAMPLES/Privilege Escalation/Sysmon_UACME_54.evtx,1,Microsoft-Windows-Sysmon,1,5769,MSEDGEWIN10,"Image: C:\Windows\System32\msconfig.exe
RuleName: ''
Description: System Configuration Utility
TerminalSessionId: 1
ParentCommandLine: c:\Windows\SysWOW64\notepad.exe
Product: Microsoft® Windows® Operating System
Company: Microsoft Corporation
ParentProcessId: 5860
LogonGuid: 747F3D96-56A3-5D45-0000-0020B3D31800
Hashes: SHA1=E5BA6703A3F6DA5C6B80A890CD78A9F909F3A9C3,MD5=FA81544250A477790C003D6D88256078,SHA256=2782A7F6336DAF4CC25A88995456678F02AFE0F01C86D24EF75CF54996710A75,IMPHASH=1100993220365A868FFB68CDD3511FBE
ParentProcessGuid: 747F3D96-A685-5D46-0000-00106442D703
ProcessId: 4544
CurrentDirectory: C:\Windows\system32\
ProcessGuid: 747F3D96-A686-5D46-0000-0010EA77D703
CommandLine: '""C:\Windows\system32\msconfig.exe"" -5'
FileVersion: 10.0.17763.1 (WinBuild.160101.0800)
User: MSEDGEWIN10\IEUser
LogonId: '0x18d3b3'
IntegrityLevel: High
ParentImage: C:\Users\IEUser\AppData\Local\Temp\Fubuki.exe
UtcTime: 2019-08-04 09:33:58.629
"
2019-08-04T10:16:29.676336+00:00,HackTool - UACMe Akagi Execution;Hacktool - EDR-Freeze Execution,data/EVTX-ATTACK-SAMPLES/Privilege Escalation/Sysmon_UACME_56.evtx,1,Microsoft-Windows-Sysmon,1,5942,MSEDGEWIN10,"Image: C:\Users\IEUser\Desktop\UACME.exe
RuleName: ''
Description: UACMe main module
TerminalSessionId: 1
ParentCommandLine: '""C:\Windows\system32\cmd.exe"" '
Product: UACMe
Company: Hazardous Environments
ParentProcessId: 5780
LogonGuid: 747F3D96-56A3-5D45-0000-0020FBD31800
Hashes: SHA1=9E57914D39FBFE785C915E225011892613C4714C,MD5=D57E778DF10F801F47119A04BE990FFD,SHA256=D76815CE3F4B9FE7A611D6F536F65AF313E2AB2F8BB52EF0998487D89A6E7378,IMPHASH=B6789EDFE23DDA911AE37C87444D3DCB
ParentProcessGuid: 747F3D96-5A29-5D45-0000-0010DEB99000
ProcessId: 7588
CurrentDirectory: C:\Users\IEUser\Desktop\
ProcessGuid: 747F3D96-B07D-5D46-0000-00103C8C0F04
CommandLine: UACME.exe  56
FileVersion: 3.1.9.1905
User: MSEDGEWIN10\IEUser
LogonId: '0x18d3fb'
IntegrityLevel: Medium
ParentImage: C:\Windows\System32\cmd.exe
UtcTime: 2019-08-04 10:16:29.630
"
2019-08-04T10:16:31.175295+00:00,Hacktool - EDR-Freeze Execution,data/EVTX-ATTACK-SAMPLES/Privilege Escalation/Sysmon_UACME_56.evtx,1,Microsoft-Windows-Sysmon,1,5943,MSEDGEWIN10,"Image: C:\Windows\System32\reg.exe
RuleName: ''
Description: Registry Console Tool
TerminalSessionId: 1
ParentCommandLine: sihost.exe
Product: Microsoft® Windows® Operating System
Company: Microsoft Corporation
ParentProcessId: 4772
LogonGuid: 747F3D96-56A3-5D45-0000-0020FBD31800
Hashes: SHA1=429DF8371B437209D79DC97978C33157D1A71C4B,MD5=8A93ACAC33151793F8D52000071C0B06,SHA256=19316D4266D0B776D9B2A05D5903D8CBC8F0EA1520E9C2A7E6D5960B6FA4DCAF,IMPHASH=BE482BE427FE212CFEF2CDA0E61F19AC
ParentProcessGuid: 747F3D96-56A4-5D45-0000-0010A5FA1800
ProcessId: 1768
CurrentDirectory: C:\Users\IEUser\Desktop\
ProcessGuid: 747F3D96-B07F-5D46-0000-001031A90F04
CommandLine: C:\Windows\system32\reg.exe add HKEY_CURRENT_USER\Software\Classes\AppX82a6gwre4fdg3bt635tn5ctqjf8msdd2\shell\open\command /v ""DelegateExecute"" /t REG_SZ /d """" /f
FileVersion: 10.0.17763.1 (WinBuild.160101.0800)
User: MSEDGEWIN10\IEUser
LogonId: '0x18d3fb'
IntegrityLevel: Medium
ParentImage: C:\Windows\System32\sihost.exe
UtcTime: 2019-08-04 10:16:31.109
"
2019-08-04T10:16:31.476803+00:00,Bypass UAC Using DelegateExecute,data/EVTX-ATTACK-SAMPLES/Privilege Escalation/Sysmon_UACME_56.evtx,1,Microsoft-Windows-Sysmon,13,5944,MSEDGEWIN10,"Image: C:\Windows\system32\reg.exe
TargetObject: HKU\S-1-5-21-3461203602-4096304019-2269080069-1000_Classes\AppX82a6gwre4fdg3bt635tn5ctqjf8msdd2\Shell\open\command\DelegateExecute
RuleName: PrivEsc - UAC bypass UACME-56
EventType: SetValue
ProcessId: 1768
ProcessGuid: 747F3D96-B07F-5D46-0000-001031A90F04
UtcTime: 2019-08-04 10:16:31.415
Details: (Empty)
"
2019-08-04T10:16:31.485931+00:00,HackTool - CrackMapExec Process Patterns;Hacktool - EDR-Freeze Execution,data/EVTX-ATTACK-SAMPLES/Privilege Escalation/Sysmon_UACME_56.evtx,1,Microsoft-Windows-Sysmon,1,5945,MSEDGEWIN10,"Image: C:\Windows\System32\reg.exe
RuleName: ''
Description: Registry Console Tool
TerminalSessionId: 1
ParentCommandLine: sihost.exe
Product: Microsoft® Windows® Operating System
Company: Microsoft Corporation
ParentProcessId: 4772
LogonGuid: 747F3D96-56A3-5D45-0000-0020FBD31800
Hashes: SHA1=429DF8371B437209D79DC97978C33157D1A71C4B,MD5=8A93ACAC33151793F8D52000071C0B06,SHA256=19316D4266D0B776D9B2A05D5903D8CBC8F0EA1520E9C2A7E6D5960B6FA4DCAF,IMPHASH=BE482BE427FE212CFEF2CDA0E61F19AC
ParentProcessGuid: 747F3D96-56A4-5D45-0000-0010A5FA1800
ProcessId: 2444
CurrentDirectory: C:\Users\IEUser\Desktop\
ProcessGuid: 747F3D96-B07F-5D46-0000-0010F1B20F04
CommandLine: C:\Windows\system32\reg.exe add HKEY_CURRENT_USER\Software\Classes\AppX82a6gwre4fdg3bt635tn5ctqjf8msdd2\shell\open\command /v """" /t REG_SZ /d ""C:\Windows\system32\cmd.exe /c start C:\Windows\system32\cmd.exe"" /f
FileVersion: 10.0.17763.1 (WinBuild.160101.0800)
User: MSEDGEWIN10\IEUser
LogonId: '0x18d3fb'
IntegrityLevel: Medium
ParentImage: C:\Windows\System32\sihost.exe
UtcTime: 2019-08-04 10:16:31.458
"
2019-08-04T10:16:31.609571+00:00,Potential Persistence Using DebugPath,data/EVTX-ATTACK-SAMPLES/Privilege Escalation/Sysmon_UACME_56.evtx,1,Microsoft-Windows-Sysmon,13,5946,MSEDGEWIN10,"Image: C:\Windows\system32\reg.exe
TargetObject: HKU\S-1-5-21-3461203602-4096304019-2269080069-1000_Classes\AppX82a6gwre4fdg3bt635tn5ctqjf8msdd2\Shell\open\command\(Default)
RuleName: PrivEsc - UAC bypass UACME-56
EventType: SetValue
ProcessId: 2444
ProcessGuid: 747F3D96-B07F-5D46-0000-0010F1B20F04
UtcTime: 2019-08-04 10:16:31.572
Details: C:\Windows\system32\cmd.exe /c start C:\Windows\system32\cmd.exe
"
