2019-03-19T20:58:44.237867+00:00,HackTool - CrackMapExec Process Patterns;Hacktool - EDR-Freeze Execution;Local Accounts Discovery;UAC Bypass Using NTFS Reparse Point - Process;Whoami.EXE Execution Anomaly;Whoami.EXE Execution From Privileged Process,data/EVTX-ATTACK-SAMPLES/Persistence/persistence_sysmon_11_13_1_shime_appfix.evtx,1,Microsoft-Windows-Sysmon,1,1966501,PC01.example.corp,"Image: C:\Windows\System32\whoami.exe
RuleName: ''
Description: whoami - displays logged on user information
TerminalSessionId: 2
ParentCommandLine: '""c:\osk.exe"" '
Product: Microsoft® Windows® Operating System
Company: Microsoft Corporation
ParentProcessId: 2128
LogonGuid: 365ABB72-528D-5C91-0000-0020E7030000
Hashes: MD5=0EBF71E33EF09CA65D9683AFA999C473,IMPHASH=C5352B949915AB8CD5E1844790D19274
ParentProcessGuid: 365ABB72-57FB-5C91-0000-00104FD40900
ProcessId: 2456
CurrentDirectory: C:\Windows\system32\
ProcessGuid: 365ABB72-5804-5C91-0000-001044DE0900
CommandLine: whoami
FileVersion: 6.1.7600.16385 (win7_rtm.090713-1255)
User: NT AUTHORITY\SYSTEM
LogonId: '0x3e7'
IntegrityLevel: System
ParentImage: C:\osk.exe
UtcTime: 2019-03-19 20:58:44.187
"
2019-03-19T21:00:01.518992+00:00,HackTool - CrackMapExec Process Patterns;Hacktool - EDR-Freeze Execution;UAC Bypass Using NTFS Reparse Point - Process,data/EVTX-ATTACK-SAMPLES/Persistence/persistence_sysmon_11_13_1_shime_appfix.evtx,1,Microsoft-Windows-Sysmon,1,1966502,PC01.example.corp,"Image: C:\Windows\System32\wsqmcons.exe
RuleName: ''
Description: Windows SQM Consolidator
TerminalSessionId: 0
ParentCommandLine: C:\Windows\system32\services.exe
Product: Microsoft® Windows® Operating System
Company: Microsoft Corporation
ParentProcessId: 484
LogonGuid: 365ABB72-528D-5C91-0000-0020E7030000
Hashes: MD5=22DE9DFF5565B00F230EAC0C635DAEB7,IMPHASH=6199B3F7B851154BC163FE8A178B52CD
ParentProcessGuid: 365ABB72-528D-5C91-0000-001062560000
ProcessId: 2772
CurrentDirectory: C:\Windows\system32\
ProcessGuid: 365ABB72-5851-5C91-0000-0010E1030A00
CommandLine: 'C:\Windows\System32\wsqmcons.exe '
FileVersion: 6.1.7600.16385 (win7_rtm.090713-1255)
User: NT AUTHORITY\SYSTEM
LogonId: '0x3e7'
IntegrityLevel: System
ParentImage: C:\Windows\System32\services.exe
UtcTime: 2019-03-19 21:00:01.448
"
2019-03-19T21:00:01.539020+00:00,HackTool - CrackMapExec Process Patterns;Hacktool - EDR-Freeze Execution;UAC Bypass Using NTFS Reparse Point - Process,data/EVTX-ATTACK-SAMPLES/Persistence/persistence_sysmon_11_13_1_shime_appfix.evtx,1,Microsoft-Windows-Sysmon,1,1966503,PC01.example.corp,"Image: C:\Windows\System32\schtasks.exe
RuleName: ''
Description: Manages scheduled tasks
TerminalSessionId: 0
ParentCommandLine: 'C:\Windows\System32\wsqmcons.exe '
Product: Microsoft® Windows® Operating System
Company: Microsoft Corporation
ParentProcessId: 2772
LogonGuid: 365ABB72-528D-5C91-0000-0020E7030000
Hashes: MD5=2003E9B15E1C502B146DAD2E383AC1E3,IMPHASH=D92C80D49382091310FB8DB089F856A9
ParentProcessGuid: 365ABB72-5851-5C91-0000-0010E1030A00
ProcessId: 2716
CurrentDirectory: C:\Windows\system32\
ProcessGuid: 365ABB72-5851-5C91-0000-00107D050A00
CommandLine: C:\Windows\system32\schtasks.exe /delete /f /TN ""Microsoft\Windows\Customer Experience Improvement Program\Uploader""
FileVersion: 6.1.7600.16385 (win7_rtm.090713-1255)
User: NT AUTHORITY\SYSTEM
LogonId: '0x3e7'
IntegrityLevel: System
ParentImage: C:\Windows\System32\wsqmcons.exe
UtcTime: 2019-03-19 21:00:01.529
"
2019-03-19T21:10:34.489158+00:00,HackTool - CrackMapExec Process Patterns;Hacktool - EDR-Freeze Execution;UAC Bypass Using NTFS Reparse Point - Process,data/EVTX-ATTACK-SAMPLES/Persistence/persistence_sysmon_11_13_1_shime_appfix.evtx,1,Microsoft-Windows-Sysmon,1,1966506,PC01.example.corp,"Image: C:\Windows\System32\taskhost.exe
RuleName: ''
Description: Host Process for Windows Tasks
TerminalSessionId: 0
ParentCommandLine: C:\Windows\system32\services.exe
Product: Microsoft® Windows® Operating System
Company: Microsoft Corporation
ParentProcessId: 484
LogonGuid: 365ABB72-528F-5C91-0000-0020E5030000
Hashes: MD5=72E953215CADE1A726C04AAFDF6B463D,IMPHASH=5220133EC95DDFD6117BEE60F87837A2
ParentProcessGuid: 365ABB72-528D-5C91-0000-001062560000
ProcessId: 792
CurrentDirectory: C:\Windows\system32\
ProcessGuid: 365ABB72-5ACA-5C91-0000-0010DC1E0B00
CommandLine: taskhost.exe $(Arg0)
FileVersion: 6.1.7600.16385 (win7_rtm.090713-1255)
User: NT AUTHORITY\LOCAL SERVICE
LogonId: '0x3e5'
IntegrityLevel: System
ParentImage: C:\Windows\System32\services.exe
UtcTime: 2019-03-19 21:10:34.449
"
2019-03-19T21:18:54.257790+00:00,Hacktool - EDR-Freeze Execution;UAC Bypass Using NTFS Reparse Point - Process,data/EVTX-ATTACK-SAMPLES/Persistence/persistence_sysmon_11_13_1_shime_appfix.evtx,1,Microsoft-Windows-Sysmon,1,1966513,PC01.example.corp,"Image: C:\Windows\System32\AtBroker.exe
RuleName: ''
Description: Transitions Accessible technologies between desktops
TerminalSessionId: 1
ParentCommandLine: winlogon.exe
Product: Microsoft® Windows® Operating System
Company: Microsoft Corporation
ParentProcessId: 516
LogonGuid: 365ABB72-5417-5C91-0000-002035340300
Hashes: MD5=3CA2BB895E204478C7A4C9BAF70970CE,IMPHASH=4B8AA723CCFC5B2FBA6ED3D8F3557DE3
ParentProcessGuid: 365ABB72-528D-5C91-0000-00100C580000
ProcessId: 2884
CurrentDirectory: C:\Windows\system32\
ProcessGuid: 365ABB72-5CBE-5C91-0000-001017150C00
CommandLine: atbroker.exe
FileVersion: 6.1.7600.16385 (win7_rtm.090713-1255)
User: EXAMPLE\user01
LogonId: '0x33435'
IntegrityLevel: High
ParentImage: C:\Windows\System32\winlogon.exe
UtcTime: 2019-03-19 21:18:54.167
"
2019-03-19T21:18:57.202024+00:00,Hacktool - EDR-Freeze Execution;UAC Bypass Using NTFS Reparse Point - Process,data/EVTX-ATTACK-SAMPLES/Persistence/persistence_sysmon_11_13_1_shime_appfix.evtx,1,Microsoft-Windows-Sysmon,1,1966514,PC01.example.corp,"Image: C:\Windows\System32\mmc.exe
RuleName: ''
Description: Microsoft Management Console
TerminalSessionId: 1
ParentCommandLine: C:\Windows\Explorer.EXE
Product: Microsoft® Windows® Operating System
Company: Microsoft Corporation
ParentProcessId: 2984
LogonGuid: 365ABB72-5417-5C91-0000-002035340300
Hashes: MD5=A2A5D487D0C3D55739A0491B6872480D,IMPHASH=6D2ED4ADDAC7EBAE62381320D82AC4C1
ParentProcessGuid: 365ABB72-543D-5C91-0000-001099A60300
ProcessId: 3856
CurrentDirectory: C:\Users\user01\
ProcessGuid: 365ABB72-5CC1-5C91-0000-0010DD2F0C00
CommandLine: '""C:\Windows\system32\mmc.exe"" ""C:\Windows\system32\eventvwr.msc"" '
FileVersion: 6.1.7600.16385 (win7_rtm.090713-1255)
User: EXAMPLE\user01
LogonId: '0x33435'
IntegrityLevel: High
ParentImage: C:\Windows\explorer.exe
UtcTime: 2019-03-19 21:18:57.111
"
2019-03-19T21:20:32.298766+00:00,Registry Modification to Hidden File Extension;Service Binary in Suspicious Folder,data/EVTX-ATTACK-SAMPLES/Persistence/persistence_sysmon_11_13_1_shime_appfix.evtx,1,Microsoft-Windows-Sysmon,13,1966533,PC01.example.corp,"Image: C:\Windows\Explorer.EXE
TargetObject: HKU\S-1-5-21-1587066498-1489273250-1035260531-1106\Software\Microsoft\Windows\CurrentVersion\Explorer\Advanced\Hidden
RuleName: ''
EventType: SetValue
ProcessId: 2984
ProcessGuid: 365ABB72-543D-5C91-0000-001099A60300
UtcTime: 2019-03-19 21:20:32.238
Details: DWORD (0x00000002)
"
2019-03-19T21:20:32.298766+00:00,Registry Modification to Hidden File Extension;Service Binary in Suspicious Folder,data/EVTX-ATTACK-SAMPLES/Persistence/persistence_sysmon_11_13_1_shime_appfix.evtx,1,Microsoft-Windows-Sysmon,13,1966534,PC01.example.corp,"Image: C:\Windows\Explorer.EXE
TargetObject: HKU\S-1-5-21-1587066498-1489273250-1035260531-1106\Software\Microsoft\Windows\CurrentVersion\Explorer\Advanced\HideFileExt
RuleName: ''
EventType: SetValue
ProcessId: 2984
ProcessGuid: 365ABB72-543D-5C91-0000-001099A60300
UtcTime: 2019-03-19 21:20:32.238
Details: DWORD (0x00000001)
"
2019-03-19T21:20:35.603518+00:00,Service Binary in Suspicious Folder,data/EVTX-ATTACK-SAMPLES/Persistence/persistence_sysmon_11_13_1_shime_appfix.evtx,1,Microsoft-Windows-Sysmon,13,1966535,PC01.example.corp,"Image: C:\Windows\Explorer.EXE
TargetObject: HKU\S-1-5-21-1587066498-1489273250-1035260531-1106\Software\Microsoft\Windows\CurrentVersion\Explorer\Advanced\Hidden
RuleName: ''
EventType: SetValue
ProcessId: 2984
ProcessGuid: 365ABB72-543D-5C91-0000-001099A60300
UtcTime: 2019-03-19 21:20:35.172
Details: DWORD (0x00000001)
"
2019-03-19T21:21:05.306228+00:00,Hacktool - EDR-Freeze Execution;UAC Bypass Using NTFS Reparse Point - Process,data/EVTX-ATTACK-SAMPLES/Persistence/persistence_sysmon_11_13_1_shime_appfix.evtx,1,Microsoft-Windows-Sysmon,1,1966536,PC01.example.corp,"Image: C:\Windows\System32\UI0Detect.exe
RuleName: ''
Description: Interactive services detection
TerminalSessionId: 1
ParentCommandLine: C:\Windows\system32\UI0Detect.exe
Product: Microsoft® Windows® Operating System
Company: Microsoft Corporation
ParentProcessId: 2040
LogonGuid: 365ABB72-5417-5C91-0000-002035340300
Hashes: MD5=8344FD4FCE927880AA1AA7681D4927E5,IMPHASH=5DE0CABE853D959C3319B51C8EC562E6
ParentProcessGuid: 365ABB72-53DF-5C91-0000-0010452D0200
ProcessId: 3568
CurrentDirectory: C:\Windows\system32\
ProcessGuid: 365ABB72-5D41-5C91-0000-0010D9080F00
CommandLine: UI0Detect.exe 224
FileVersion: 6.1.7600.16385 (win7_rtm.090713-1255)
User: EXAMPLE\user01
LogonId: '0x33435'
IntegrityLevel: High
ParentImage: C:\Windows\System32\UI0Detect.exe
UtcTime: 2019-03-19 21:21:05.226
"
2019-03-19T21:22:28.886411+00:00,CobaltStrike Load by Rundll32;Hacktool - EDR-Freeze Execution;Rundll32 Registered COM Objects;UAC Bypass Using NTFS Reparse Point - Process,data/EVTX-ATTACK-SAMPLES/Persistence/persistence_sysmon_11_13_1_shime_appfix.evtx,1,Microsoft-Windows-Sysmon,1,1966541,PC01.example.corp,"Image: C:\Windows\System32\rundll32.exe
RuleName: ''
Description: Windows host process (Rundll32)
TerminalSessionId: 1
ParentCommandLine: C:\Windows\Explorer.EXE
Product: Microsoft® Windows® Operating System
Company: Microsoft Corporation
ParentProcessId: 2984
LogonGuid: 365ABB72-5417-5C91-0000-002035340300
Hashes: MD5=C648901695E275C8F2AD04B687A68CE2,IMPHASH=239D911DFA7551A8B735680BC39B2238
ParentProcessGuid: 365ABB72-543D-5C91-0000-001099A60300
ProcessId: 3840
CurrentDirectory: C:\Windows\AppPatch\Custom\
ProcessGuid: 365ABB72-5D94-5C91-0000-001080E90F00
CommandLine: '""C:\Windows\system32\rundll32.exe"" C:\Windows\system32\shell32.dll,OpenAs_RunDLL C:\Windows\AppPatch\Custom\{3ad6ed23-adf8-4bc1-a898-4d695f482c64}.sdb'
FileVersion: 6.1.7600.16385 (win7_rtm.090713-1255)
User: EXAMPLE\user01
LogonId: '0x33435'
IntegrityLevel: High
ParentImage: C:\Windows\explorer.exe
UtcTime: 2019-03-19 21:22:28.806
"
2019-03-19T21:22:33.202617+00:00,Potential Persistence Using DebugPath,data/EVTX-ATTACK-SAMPLES/Persistence/persistence_sysmon_11_13_1_shime_appfix.evtx,1,Microsoft-Windows-Sysmon,13,1966543,PC01.example.corp,"Image: C:\Windows\system32\rundll32.exe
TargetObject: HKU\S-1-5-21-1587066498-1489273250-1035260531-1106_CLASSES\sdb_auto_file\shell\open\command\(Default)
RuleName: ''
EventType: SetValue
ProcessId: 3840
ProcessGuid: 365ABB72-5D94-5C91-0000-001080E90F00
UtcTime: 2019-03-19 21:22:33.182
Details: '""%%ProgramFiles%%\Windows NT\Accessories\WORDPAD.EXE"" ""%%1""'
"
2019-03-19T21:22:33.593179+00:00,Hacktool - EDR-Freeze Execution;UAC Bypass Using NTFS Reparse Point - Process,data/EVTX-ATTACK-SAMPLES/Persistence/persistence_sysmon_11_13_1_shime_appfix.evtx,1,Microsoft-Windows-Sysmon,1,1966545,PC01.example.corp,"Image: C:\Program Files\Windows NT\Accessories\wordpad.exe
RuleName: ''
Description: Windows Wordpad Application
TerminalSessionId: 1
ParentCommandLine: '""C:\Windows\system32\rundll32.exe"" C:\Windows\system32\shell32.dll,OpenAs_RunDLL C:\Windows\AppPatch\Custom\{3ad6ed23-adf8-4bc1-a898-4d695f482c64}.sdb'
Product: Microsoft® Windows® Operating System
Company: Microsoft Corporation
ParentProcessId: 3840
LogonGuid: 365ABB72-5417-5C91-0000-002035340300
Hashes: MD5=3EF0F65993A2C0C95A702584C1541E8C,IMPHASH=82531FA8343CB5307BF18EBFA96309F1
ParentProcessGuid: 365ABB72-5D94-5C91-0000-001080E90F00
ProcessId: 900
CurrentDirectory: C:\Windows\AppPatch\Custom\
ProcessGuid: 365ABB72-5D99-5C91-0000-001051FA0F00
CommandLine: '""C:\Program Files\Windows NT\Accessories\WORDPAD.EXE"" ""C:\Windows\AppPatch\Custom\{3ad6ed23-adf8-4bc1-a898-4d695f482c64}.sdb""'
FileVersion: 6.1.7600.16385 (win7_rtm.090713-1255)
User: EXAMPLE\user01
LogonId: '0x33435'
IntegrityLevel: High
ParentImage: C:\Windows\System32\rundll32.exe
UtcTime: 2019-03-19 21:22:33.212
"
2019-03-19T21:26:05.397739+00:00,Hacktool - EDR-Freeze Execution;UAC Bypass Using NTFS Reparse Point - Process,data/EVTX-ATTACK-SAMPLES/Persistence/persistence_sysmon_11_13_1_shime_appfix.evtx,1,Microsoft-Windows-Sysmon,1,1966552,PC01.example.corp,"Image: C:\Windows\System32\UI0Detect.exe
RuleName: ''
Description: Interactive services detection
TerminalSessionId: 1
ParentCommandLine: C:\Windows\system32\UI0Detect.exe
Product: Microsoft® Windows® Operating System
Company: Microsoft Corporation
ParentProcessId: 2040
LogonGuid: 365ABB72-5417-5C91-0000-002035340300
Hashes: MD5=8344FD4FCE927880AA1AA7681D4927E5,IMPHASH=5DE0CABE853D959C3319B51C8EC562E6
ParentProcessGuid: 365ABB72-53DF-5C91-0000-0010452D0200
ProcessId: 2600
CurrentDirectory: C:\Windows\system32\
ProcessGuid: 365ABB72-5E6D-5C91-0000-001073BA1000
CommandLine: UI0Detect.exe 224
FileVersion: 6.1.7600.16385 (win7_rtm.090713-1255)
User: EXAMPLE\user01
LogonId: '0x33435'
IntegrityLevel: High
ParentImage: C:\Windows\System32\UI0Detect.exe
UtcTime: 2019-03-19 21:26:05.367
"
2019-03-19T21:26:08.852707+00:00,Hacktool - EDR-Freeze Execution;UAC Bypass Using NTFS Reparse Point - Process,data/EVTX-ATTACK-SAMPLES/Persistence/persistence_sysmon_11_13_1_shime_appfix.evtx,1,Microsoft-Windows-Sysmon,1,1966553,PC01.example.corp,"Image: C:\Windows\System32\slui.exe
RuleName: ''
Description: Windows Activation Client
TerminalSessionId: 1
ParentCommandLine: C:\Windows\system32\svchost.exe -k DcomLaunch
Product: Microsoft® Windows® Operating System
Company: Microsoft Corporation
ParentProcessId: 632
LogonGuid: 365ABB72-5417-5C91-0000-002035340300
Hashes: MD5=D861EB4D6719D6738270E6A376B87F18,IMPHASH=B54B63A98C9E12C1902D75D180ABBF38
ParentProcessGuid: 365ABB72-528F-5C91-0000-001073780000
ProcessId: 2760
CurrentDirectory: C:\Windows\system32\
ProcessGuid: 365ABB72-5E70-5C91-0000-00107EBE1000
CommandLine: C:\Windows\System32\slui.exe -Embedding
FileVersion: 6.1.7600.16385 (win7_rtm.090713-1255)
User: EXAMPLE\user01
LogonId: '0x33435'
IntegrityLevel: High
ParentImage: C:\Windows\System32\svchost.exe
UtcTime: 2019-03-19 21:26:08.802
"
2019-03-19T21:31:05.509278+00:00,Hacktool - EDR-Freeze Execution;UAC Bypass Using NTFS Reparse Point - Process,data/EVTX-ATTACK-SAMPLES/Persistence/persistence_sysmon_11_13_1_shime_appfix.evtx,1,Microsoft-Windows-Sysmon,1,1966557,PC01.example.corp,"Image: C:\Windows\System32\UI0Detect.exe
RuleName: ''
Description: Interactive services detection
TerminalSessionId: 1
ParentCommandLine: C:\Windows\system32\UI0Detect.exe
Product: Microsoft® Windows® Operating System
Company: Microsoft Corporation
ParentProcessId: 2040
LogonGuid: 365ABB72-5417-5C91-0000-002035340300
Hashes: MD5=8344FD4FCE927880AA1AA7681D4927E5,IMPHASH=5DE0CABE853D959C3319B51C8EC562E6
ParentProcessGuid: 365ABB72-53DF-5C91-0000-0010452D0200
ProcessId: 572
CurrentDirectory: C:\Windows\system32\
ProcessGuid: 365ABB72-5F99-5C91-0000-0010B5421100
CommandLine: UI0Detect.exe 224
FileVersion: 6.1.7600.16385 (win7_rtm.090713-1255)
User: EXAMPLE\user01
LogonId: '0x33435'
IntegrityLevel: High
ParentImage: C:\Windows\System32\UI0Detect.exe
UtcTime: 2019-03-19 21:31:05.469
"
2019-03-19T21:36:05.610803+00:00,Hacktool - EDR-Freeze Execution;UAC Bypass Using NTFS Reparse Point - Process,data/EVTX-ATTACK-SAMPLES/Persistence/persistence_sysmon_11_13_1_shime_appfix.evtx,1,Microsoft-Windows-Sysmon,1,1966558,PC01.example.corp,"Image: C:\Windows\System32\UI0Detect.exe
RuleName: ''
Description: Interactive services detection
TerminalSessionId: 1
ParentCommandLine: C:\Windows\system32\UI0Detect.exe
Product: Microsoft® Windows® Operating System
Company: Microsoft Corporation
ParentProcessId: 2040
LogonGuid: 365ABB72-5417-5C91-0000-002035340300
Hashes: MD5=8344FD4FCE927880AA1AA7681D4927E5,IMPHASH=5DE0CABE853D959C3319B51C8EC562E6
ParentProcessGuid: 365ABB72-53DF-5C91-0000-0010452D0200
ProcessId: 1748
CurrentDirectory: C:\Windows\system32\
ProcessGuid: 365ABB72-60C5-5C91-0000-001061C31100
CommandLine: UI0Detect.exe 224
FileVersion: 6.1.7600.16385 (win7_rtm.090713-1255)
User: EXAMPLE\user01
LogonId: '0x33435'
IntegrityLevel: High
ParentImage: C:\Windows\System32\UI0Detect.exe
UtcTime: 2019-03-19 21:36:05.570
"
2019-03-19T21:41:05.702313+00:00,Hacktool - EDR-Freeze Execution;UAC Bypass Using NTFS Reparse Point - Process,data/EVTX-ATTACK-SAMPLES/Persistence/persistence_sysmon_11_13_1_shime_appfix.evtx,1,Microsoft-Windows-Sysmon,1,1966561,PC01.example.corp,"Image: C:\Windows\System32\UI0Detect.exe
RuleName: ''
Description: Interactive services detection
TerminalSessionId: 1
ParentCommandLine: C:\Windows\system32\UI0Detect.exe
Product: Microsoft® Windows® Operating System
Company: Microsoft Corporation
ParentProcessId: 2040
LogonGuid: 365ABB72-5417-5C91-0000-002035340300
Hashes: MD5=8344FD4FCE927880AA1AA7681D4927E5,IMPHASH=5DE0CABE853D959C3319B51C8EC562E6
ParentProcessGuid: 365ABB72-53DF-5C91-0000-0010452D0200
ProcessId: 2400
CurrentDirectory: C:\Windows\system32\
ProcessGuid: 365ABB72-61F1-5C91-0000-0010554C1200
CommandLine: UI0Detect.exe 224
FileVersion: 6.1.7600.16385 (win7_rtm.090713-1255)
User: EXAMPLE\user01
LogonId: '0x33435'
IntegrityLevel: High
ParentImage: C:\Windows\System32\UI0Detect.exe
UtcTime: 2019-03-19 21:41:05.672
"
2019-03-19T21:41:11.440564+00:00,HackTool - CrackMapExec Process Patterns;Hacktool - EDR-Freeze Execution;UAC Bypass Using NTFS Reparse Point - Process,data/EVTX-ATTACK-SAMPLES/Persistence/persistence_sysmon_11_13_1_shime_appfix.evtx,1,Microsoft-Windows-Sysmon,1,1966562,PC01.example.corp,"Image: C:\Windows\System32\LogonUI.exe
RuleName: ''
Description: Windows Logon User Interface Host
TerminalSessionId: 1
ParentCommandLine: winlogon.exe
Product: Microsoft® Windows® Operating System
Company: Microsoft Corporation
ParentProcessId: 516
LogonGuid: 365ABB72-528D-5C91-0000-0020E7030000
Hashes: MD5=3EF0D8AB08385AAB5802E773511A2E6A,IMPHASH=B8FCE86F8F679B9FC7368F8F47778678
ParentProcessGuid: 365ABB72-528D-5C91-0000-00100C580000
ProcessId: 3364
CurrentDirectory: C:\Windows\system32\
ProcessGuid: 365ABB72-61F7-5C91-0000-001032511200
CommandLine: '""LogonUI.exe"" /flags:0x0'
FileVersion: 6.1.7601.17514 (win7sp1_rtm.101119-1850)
User: NT AUTHORITY\SYSTEM
LogonId: '0x3e7'
IntegrityLevel: System
ParentImage: C:\Windows\System32\winlogon.exe
UtcTime: 2019-03-19 21:41:11.160
"
2019-03-19T21:41:17.339046+00:00,HackTool - CrackMapExec Process Patterns;Hacktool - EDR-Freeze Execution;Operator Bloopers Cobalt Strike Commands;Potential Meterpreter/CobaltStrike Activity;UAC Bypass Using NTFS Reparse Point - Process,data/EVTX-ATTACK-SAMPLES/Persistence/persistence_sysmon_11_13_1_shime_appfix.evtx,1,Microsoft-Windows-Sysmon,1,1966563,PC01.example.corp,"Image: C:\Windows\System32\cmd.exe
RuleName: ''
Description: Windows Command Processor
TerminalSessionId: 1
ParentCommandLine: C:\Windows\system32\services.exe
Product: Microsoft® Windows® Operating System
Company: Microsoft Corporation
ParentProcessId: 484
LogonGuid: 365ABB72-5417-5C91-0000-002035340300
Hashes: MD5=AD7B9C14083B52BC532FBA5948342B98,IMPHASH=CEEFB55F764020CC5C5F8F23349AB163
ParentProcessGuid: 365ABB72-528D-5C91-0000-001062560000
ProcessId: 2340
CurrentDirectory: C:\Windows\system32\
ProcessGuid: 365ABB72-61FD-5C91-0000-0010536A1200
CommandLine: C:\Windows\system32\cmd.EXE /c malwr.vbs
FileVersion: 6.1.7601.17514 (win7sp1_rtm.101119-1850)
User: EXAMPLE\user01
LogonId: '0x33435'
IntegrityLevel: High
ParentImage: C:\Windows\System32\services.exe
UtcTime: 2019-03-19 21:41:17.288
"
2019-03-19T21:41:17.339046+00:00,Hacktool - EDR-Freeze Execution;UAC Bypass Using NTFS Reparse Point - Process,data/EVTX-ATTACK-SAMPLES/Persistence/persistence_sysmon_11_13_1_shime_appfix.evtx,1,Microsoft-Windows-Sysmon,1,1966564,PC01.example.corp,"Image: C:\Windows\System32\gpscript.exe
RuleName: ''
Description: Group Policy Script Application
TerminalSessionId: 1
ParentCommandLine: C:\Windows\system32\svchost.exe -k GPSvcGroup
Product: Microsoft® Windows® Operating System
Company: Microsoft Corporation
ParentProcessId: 1136
LogonGuid: 365ABB72-5417-5C91-0000-002035340300
Hashes: MD5=C0DC9F7398238C17E480BCBF2C080B25,IMPHASH=EA27F796BAA77700F4D97A01CA10AD24
ParentProcessGuid: 365ABB72-5290-5C91-0000-00104C100100
ProcessId: 3668
CurrentDirectory: C:\Windows\system32\
ProcessGuid: 365ABB72-61FD-5C91-0000-0010E26A1200
CommandLine: gpscript.exe /Logoff
FileVersion: 6.1.7601.23452 (win7sp1_ldr.160512-0600)
User: EXAMPLE\user01
LogonId: '0x33435'
IntegrityLevel: High
ParentImage: C:\Windows\System32\svchost.exe
UtcTime: 2019-03-19 21:41:17.309
"
2019-03-19T21:41:18.290414+00:00,HackTool - CrackMapExec Process Patterns;Hacktool - EDR-Freeze Execution;UAC Bypass Using NTFS Reparse Point - Process,data/EVTX-ATTACK-SAMPLES/Persistence/persistence_sysmon_11_13_1_shime_appfix.evtx,1,Microsoft-Windows-Sysmon,1,1966569,PC01.example.corp,"Image: C:\Windows\System32\LogonUI.exe
RuleName: ''
Description: Windows Logon User Interface Host
TerminalSessionId: 0
ParentCommandLine: wininit.exe
Product: Microsoft® Windows® Operating System
Company: Microsoft Corporation
ParentProcessId: 416
LogonGuid: 365ABB72-528D-5C91-0000-0020E7030000
Hashes: MD5=3EF0D8AB08385AAB5802E773511A2E6A,IMPHASH=B8FCE86F8F679B9FC7368F8F47778678
ParentProcessGuid: 365ABB72-528D-5C91-0000-001056500000
ProcessId: 2952
CurrentDirectory: C:\Windows\system32\
ProcessGuid: 365ABB72-61FE-5C91-0000-001035771200
CommandLine: '""LogonUI.exe"" /flags:0x1'
FileVersion: 6.1.7601.17514 (win7sp1_rtm.101119-1850)
User: NT AUTHORITY\SYSTEM
LogonId: '0x3e7'
IntegrityLevel: System
ParentImage: C:\Windows\System32\wininit.exe
UtcTime: 2019-03-19 21:41:18.150
"
2019-03-19T21:41:18.410587+00:00,HackTool - CrackMapExec Process Patterns;Hacktool - EDR-Freeze Execution;UAC Bypass Using NTFS Reparse Point - Process,data/EVTX-ATTACK-SAMPLES/Persistence/persistence_sysmon_11_13_1_shime_appfix.evtx,1,Microsoft-Windows-Sysmon,1,1966570,PC01.example.corp,"Image: C:\Windows\servicing\TrustedInstaller.exe
RuleName: ''
Description: Windows Modules Installer
TerminalSessionId: 0
ParentCommandLine: C:\Windows\system32\services.exe
Product: Microsoft® Windows® Operating System
Company: Microsoft Corporation
ParentProcessId: 484
LogonGuid: 365ABB72-528D-5C91-0000-0020E7030000
Hashes: MD5=2C49B175AEE1D4364B91B531417FE583,IMPHASH=EB3D4B4843183A5B71EAED184F4ED764
ParentProcessGuid: 365ABB72-528D-5C91-0000-001062560000
ProcessId: 1892
CurrentDirectory: C:\Windows\system32\
ProcessGuid: 365ABB72-61FE-5C91-0000-0010DF7F1200
CommandLine: C:\Windows\servicing\TrustedInstaller.exe
FileVersion: 6.1.7600.16385 (win7_rtm.090713-1255)
User: NT AUTHORITY\SYSTEM
LogonId: '0x3e7'
IntegrityLevel: System
ParentImage: C:\Windows\System32\services.exe
UtcTime: 2019-03-19 21:41:18.360
"
2019-03-19T23:18:49.576238+00:00,HackTool - CrackMapExec Process Patterns;Hacktool - EDR-Freeze Execution;UAC Bypass Using NTFS Reparse Point - Process,data/EVTX-ATTACK-SAMPLES/Persistence/persistence_sysmon_11_13_1_shime_appfix.evtx,1,Microsoft-Windows-Sysmon,1,1966578,PC01.example.corp,"Image: C:\Windows\System32\smss.exe
RuleName: ''
Description: Windows Session Manager
TerminalSessionId: 0
ParentCommandLine: \SystemRoot\System32\smss.exe
Product: Microsoft® Windows® Operating System
Company: Microsoft Corporation
ParentProcessId: 292
LogonGuid: 365ABB72-777F-5C91-0000-0020E7030000
Hashes: MD5=87BABA506DAAAE49729DFFCDFA99D12F,IMPHASH=263C3FFA2FD990E9BAE492989A61AF52
ParentProcessGuid: 365ABB72-777A-5C91-0000-0010E72A0000
ProcessId: 360
CurrentDirectory: C:\Windows\
ProcessGuid: 365ABB72-777E-5C91-0000-00102B4B0000
CommandLine: '\SystemRoot\System32\smss.exe 00000000 0000003c '
FileVersion: 6.1.7600.16385 (win7_rtm.090713-1255)
User: NT AUTHORITY\SYSTEM
LogonId: '0x3e7'
IntegrityLevel: System
ParentImage: C:\Windows\System32\smss.exe
UtcTime: 2019-03-19 23:13:02.819
"
2019-03-19T23:18:49.856642+00:00,HackTool - CrackMapExec Process Patterns;Hacktool - EDR-Freeze Execution;UAC Bypass Using NTFS Reparse Point - Process,data/EVTX-ATTACK-SAMPLES/Persistence/persistence_sysmon_11_13_1_shime_appfix.evtx,1,Microsoft-Windows-Sysmon,1,1966579,PC01.example.corp,"Image: C:\Windows\System32\csrss.exe
RuleName: ''
Description: Client Server Runtime Process
TerminalSessionId: 0
ParentCommandLine: '\SystemRoot\System32\smss.exe 00000000 0000003c '
Product: Microsoft® Windows® Operating System
Company: Microsoft Corporation
ParentProcessId: 360
LogonGuid: 365ABB72-777F-5C91-0000-0020E7030000
Hashes: MD5=342271F6142E7C70805B8A81E1BA5F5C,IMPHASH=A801AE60E0B3E5643B92C006DA96F0E0
ParentProcessGuid: 365ABB72-777E-5C91-0000-00102B4B0000
ProcessId: 368
CurrentDirectory: C:\Windows\system32
ProcessGuid: 365ABB72-777E-5C91-0000-0010864D0000
CommandLine: '%%SystemRoot%%\system32\csrss.exe ObjectDirectory=\Windows SharedSection=1024,12288,512 Windows=On SubSystemType=Windows ServerDll=basesrv,1 ServerDll=winsrv:UserServerDllInitialization,3 ServerDll=winsrv:ConServerDllInitialization,2 ServerDll=sxssrv,4 ProfileControl=Off MaxRequestThreads=16'
FileVersion: 6.1.7600.16385 (win7_rtm.090713-1255)
User: NT AUTHORITY\SYSTEM
LogonId: '0x3e7'
IntegrityLevel: System
ParentImage: C:\Windows\System32\smss.exe
UtcTime: 2019-03-19 23:13:02.939
"
2019-03-19T23:18:50.157074+00:00,HackTool - CrackMapExec Process Patterns;Hacktool - EDR-Freeze Execution;UAC Bypass Using NTFS Reparse Point - Process,data/EVTX-ATTACK-SAMPLES/Persistence/persistence_sysmon_11_13_1_shime_appfix.evtx,1,Microsoft-Windows-Sysmon,1,1966580,PC01.example.corp,"Image: C:\Windows\System32\smss.exe
RuleName: ''
Description: Windows Session Manager
TerminalSessionId: 1
ParentCommandLine: \SystemRoot\System32\smss.exe
Product: Microsoft® Windows® Operating System
Company: Microsoft Corporation
ParentProcessId: 292
LogonGuid: 365ABB72-777F-5C91-0000-0020E7030000
Hashes: MD5=87BABA506DAAAE49729DFFCDFA99D12F,IMPHASH=263C3FFA2FD990E9BAE492989A61AF52
ParentProcessGuid: 365ABB72-777A-5C91-0000-0010E72A0000
ProcessId: 408
CurrentDirectory: C:\Windows\
ProcessGuid: 365ABB72-777F-5C91-0000-00105E500000
CommandLine: '\SystemRoot\System32\smss.exe 00000001 0000003c '
FileVersion: 6.1.7600.16385 (win7_rtm.090713-1255)
User: NT AUTHORITY\SYSTEM
LogonId: '0x3e7'
IntegrityLevel: System
ParentImage: C:\Windows\System32\smss.exe
UtcTime: 2019-03-19 23:13:03.319
"
2019-03-19T23:18:50.217160+00:00,HackTool - CrackMapExec Process Patterns;Hacktool - EDR-Freeze Execution;UAC Bypass Using NTFS Reparse Point - Process,data/EVTX-ATTACK-SAMPLES/Persistence/persistence_sysmon_11_13_1_shime_appfix.evtx,1,Microsoft-Windows-Sysmon,1,1966581,PC01.example.corp,"Image: C:\Windows\System32\wininit.exe
RuleName: ''
Description: Windows Start-Up Application
TerminalSessionId: 0
ParentCommandLine: '\SystemRoot\System32\smss.exe 00000000 0000003c '
Product: Microsoft® Windows® Operating System
Company: Microsoft Corporation
ParentProcessId: 360
LogonGuid: 365ABB72-777F-5C91-0000-0020E7030000
Hashes: MD5=B5C5DCAD3899512020D135600129D665,IMPHASH=3A03523373D4A10171106AA80AA91C50
ParentProcessGuid: 365ABB72-777E-5C91-0000-00102B4B0000
ProcessId: 416
CurrentDirectory: C:\Windows\system32
ProcessGuid: 365ABB72-777F-5C91-0000-001079500000
CommandLine: wininit.exe
FileVersion: 6.1.7600.16385 (win7_rtm.090713-1255)
User: NT AUTHORITY\SYSTEM
LogonId: '0x3e7'
IntegrityLevel: System
ParentImage: C:\Windows\System32\smss.exe
UtcTime: 2019-03-19 23:13:03.319
"
2019-03-19T23:18:50.217160+00:00,HackTool - CrackMapExec Process Patterns;Hacktool - EDR-Freeze Execution;UAC Bypass Using NTFS Reparse Point - Process,data/EVTX-ATTACK-SAMPLES/Persistence/persistence_sysmon_11_13_1_shime_appfix.evtx,1,Microsoft-Windows-Sysmon,1,1966582,PC01.example.corp,"Image: C:\Windows\System32\csrss.exe
RuleName: ''
Description: Client Server Runtime Process
TerminalSessionId: 1
ParentCommandLine: '\SystemRoot\System32\smss.exe 00000001 0000003c '
Product: Microsoft® Windows® Operating System
Company: Microsoft Corporation
ParentProcessId: 408
LogonGuid: 365ABB72-777F-5C91-0000-0020E7030000
Hashes: MD5=342271F6142E7C70805B8A81E1BA5F5C,IMPHASH=A801AE60E0B3E5643B92C006DA96F0E0
ParentProcessGuid: 365ABB72-777F-5C91-0000-00105E500000
ProcessId: 428
CurrentDirectory: C:\Windows\system32
ProcessGuid: 365ABB72-777F-5C91-0000-0010BF500000
CommandLine: '%%SystemRoot%%\system32\csrss.exe ObjectDirectory=\Windows SharedSection=1024,12288,512 Windows=On SubSystemType=Windows ServerDll=basesrv,1 ServerDll=winsrv:UserServerDllInitialization,3 ServerDll=winsrv:ConServerDllInitialization,2 ServerDll=sxssrv,4 ProfileControl=Off MaxRequestThreads=16'
FileVersion: 6.1.7600.16385 (win7_rtm.090713-1255)
User: NT AUTHORITY\SYSTEM
LogonId: '0x3e7'
IntegrityLevel: System
ParentImage: C:\Windows\System32\smss.exe
UtcTime: 2019-03-19 23:13:03.329
"
2019-03-19T23:18:50.387405+00:00,HackTool - CrackMapExec Process Patterns;Hacktool - EDR-Freeze Execution;UAC Bypass Using NTFS Reparse Point - Process,data/EVTX-ATTACK-SAMPLES/Persistence/persistence_sysmon_11_13_1_shime_appfix.evtx,1,Microsoft-Windows-Sysmon,1,1966583,PC01.example.corp,"Image: C:\Windows\System32\winlogon.exe
RuleName: ''
Description: Windows Logon Application
TerminalSessionId: 1
ParentCommandLine: '\SystemRoot\System32\smss.exe 00000001 0000003c '
Product: Microsoft® Windows® Operating System
Company: Microsoft Corporation
ParentProcessId: 408
LogonGuid: 365ABB72-777F-5C91-0000-0020E7030000
Hashes: MD5=52449FD429D6053B78AE564DEF303870,IMPHASH=017962B1BE2C625ABB0F1195D008BD45
ParentProcessGuid: 365ABB72-777F-5C91-0000-00105E500000
ProcessId: 456
CurrentDirectory: C:\Windows\system32
ProcessGuid: 365ABB72-777F-5C91-0000-0010D8520000
CommandLine: winlogon.exe
FileVersion: 6.1.7601.17514 (win7sp1_rtm.101119-1850)
User: NT AUTHORITY\SYSTEM
LogonId: '0x3e7'
IntegrityLevel: System
ParentImage: C:\Windows\System32\smss.exe
UtcTime: 2019-03-19 23:13:03.449
"
2019-03-19T23:18:50.427462+00:00,HackTool - CrackMapExec Process Patterns;Hacktool - EDR-Freeze Execution;UAC Bypass Using NTFS Reparse Point - Process,data/EVTX-ATTACK-SAMPLES/Persistence/persistence_sysmon_11_13_1_shime_appfix.evtx,1,Microsoft-Windows-Sysmon,1,1966586,PC01.example.corp,"Image: C:\Windows\System32\services.exe
RuleName: ''
Description: Services and Controller app
TerminalSessionId: 0
ParentCommandLine: wininit.exe
Product: Microsoft® Windows® Operating System
Company: Microsoft Corporation
ParentProcessId: 416
LogonGuid: 365ABB72-777F-5C91-0000-0020E7030000
Hashes: MD5=0780A42DBD7D9969F9BF4A19AA4285B5,IMPHASH=7554E509802EA52A1D02BBB4506CAE72
ParentProcessGuid: 365ABB72-777F-5C91-0000-001079500000
ProcessId: 516
CurrentDirectory: C:\Windows\system32\
ProcessGuid: 365ABB72-777F-5C91-0000-00100B590000
CommandLine: C:\Windows\system32\services.exe
FileVersion: 6.1.7600.16385 (win7_rtm.090713-1255)
User: NT AUTHORITY\SYSTEM
LogonId: '0x3e7'
IntegrityLevel: System
ParentImage: C:\Windows\System32\wininit.exe
UtcTime: 2019-03-19 23:13:03.610
"
2019-03-19T23:18:50.467520+00:00,HackTool - CrackMapExec Process Patterns;HackTool - HandleKatz LSASS Dumper Execution;Hacktool - EDR-Freeze Execution;Potential SysInternals ProcDump Evasion;UAC Bypass Using NTFS Reparse Point - Process,data/EVTX-ATTACK-SAMPLES/Persistence/persistence_sysmon_11_13_1_shime_appfix.evtx,1,Microsoft-Windows-Sysmon,1,1966587,PC01.example.corp,"Image: C:\Windows\System32\lsass.exe
RuleName: ''
Description: Local Security Authority Process
TerminalSessionId: 0
ParentCommandLine: wininit.exe
Product: Microsoft® Windows® Operating System
Company: Microsoft Corporation
ParentProcessId: 416
LogonGuid: 365ABB72-777F-5C91-0000-0020E7030000
Hashes: MD5=81D6A42F7DC98B70BE27CE7AE0DF93E3,IMPHASH=CD34303891171FB5835B5BD38EEA5EC5
ParentProcessGuid: 365ABB72-777F-5C91-0000-001079500000
ProcessId: 524
CurrentDirectory: C:\Windows\system32\
ProcessGuid: 365ABB72-777F-5C91-0000-0010B95B0000
CommandLine: C:\Windows\system32\lsass.exe
FileVersion: 6.1.7601.24335 (win7sp1_ldr_escrow.181228-0954)
User: NT AUTHORITY\SYSTEM
LogonId: '0x3e7'
IntegrityLevel: System
ParentImage: C:\Windows\System32\wininit.exe
UtcTime: 2019-03-19 23:13:03.760
"
2019-03-19T23:18:50.497563+00:00,HackTool - CrackMapExec Process Patterns;Hacktool - EDR-Freeze Execution;UAC Bypass Using NTFS Reparse Point - Process,data/EVTX-ATTACK-SAMPLES/Persistence/persistence_sysmon_11_13_1_shime_appfix.evtx,1,Microsoft-Windows-Sysmon,1,1966588,PC01.example.corp,"Image: C:\Windows\System32\lsm.exe
RuleName: ''
Description: Local Session Manager Service
TerminalSessionId: 0
ParentCommandLine: wininit.exe
Product: Microsoft® Windows® Operating System
Company: Microsoft Corporation
ParentProcessId: 416
LogonGuid: 365ABB72-777F-5C91-0000-0020E7030000
Hashes: MD5=8AEA9A37C1A3565A204D37C5E72AB791,IMPHASH=4533246FC4C9744F5C769C6A867C5B8D
ParentProcessGuid: 365ABB72-777F-5C91-0000-001079500000
ProcessId: 532
CurrentDirectory: C:\Windows\system32\
ProcessGuid: 365ABB72-777F-5C91-0000-0010EA5B0000
CommandLine: C:\Windows\system32\lsm.exe
FileVersion: 6.1.7600.16385 (win7_rtm.090713-1255)
User: NT AUTHORITY\SYSTEM
LogonId: '0x3e7'
IntegrityLevel: System
ParentImage: C:\Windows\System32\wininit.exe
UtcTime: 2019-03-19 23:13:03.770
"
2019-03-19T23:18:51.308730+00:00,HackTool - CrackMapExec Process Patterns;Hacktool - EDR-Freeze Execution;UAC Bypass Using NTFS Reparse Point - Process,data/EVTX-ATTACK-SAMPLES/Persistence/persistence_sysmon_11_13_1_shime_appfix.evtx,1,Microsoft-Windows-Sysmon,1,1966601,PC01.example.corp,"Image: C:\Windows\System32\svchost.exe
RuleName: ''
Description: Host Process for Windows Services
TerminalSessionId: 0
ParentCommandLine: C:\Windows\system32\services.exe
Product: Microsoft® Windows® Operating System
Company: Microsoft Corporation
ParentProcessId: 516
LogonGuid: 365ABB72-777F-5C91-0000-0020E7030000
Hashes: MD5=54A47F6B5E09A77E61649109C6A08866,IMPHASH=58E185299ECCA757FE68BA83A6495FDE
ParentProcessGuid: 365ABB72-777F-5C91-0000-00100B590000
ProcessId: 640
CurrentDirectory: C:\Windows\system32\
ProcessGuid: 365ABB72-7780-5C91-0000-00103C730000
CommandLine: C:\Windows\system32\svchost.exe -k DcomLaunch
FileVersion: 6.1.7600.16385 (win7_rtm.090713-1255)
User: NT AUTHORITY\SYSTEM
LogonId: '0x3e7'
IntegrityLevel: System
ParentImage: C:\Windows\System32\services.exe
UtcTime: 2019-03-19 23:13:04.391
"
2019-03-19T23:18:51.599147+00:00,HackTool - CrackMapExec Process Patterns;Hacktool - EDR-Freeze Execution;UAC Bypass Using NTFS Reparse Point - Process,data/EVTX-ATTACK-SAMPLES/Persistence/persistence_sysmon_11_13_1_shime_appfix.evtx,1,Microsoft-Windows-Sysmon,1,1966604,PC01.example.corp,"Image: C:\Windows\System32\VBoxService.exe
RuleName: ''
Description: VirtualBox Guest Additions Service
TerminalSessionId: 0
ParentCommandLine: C:\Windows\system32\services.exe
Product: Oracle VM VirtualBox Guest Additions
Company: Oracle Corporation
ParentProcessId: 516
LogonGuid: 365ABB72-777F-5C91-0000-0020E7030000
Hashes: MD5=3F87EFB2C320E63709E74E1319014A13,IMPHASH=9CE131623198BDA84F30B5C170B8A642
ParentProcessGuid: 365ABB72-777F-5C91-0000-00100B590000
ProcessId: 704
CurrentDirectory: C:\Windows\system32\
ProcessGuid: 365ABB72-7780-5C91-0000-0010CFB00000
CommandLine: C:\Windows\System32\VBoxService.exe
FileVersion: 5.1.30.118389
User: NT AUTHORITY\SYSTEM
LogonId: '0x3e7'
IntegrityLevel: System
ParentImage: C:\Windows\System32\services.exe
UtcTime: 2019-03-19 23:13:04.651
"
2019-03-19T23:18:51.679262+00:00,HackTool - CrackMapExec Process Patterns;Hacktool - EDR-Freeze Execution;UAC Bypass Using NTFS Reparse Point - Process,data/EVTX-ATTACK-SAMPLES/Persistence/persistence_sysmon_11_13_1_shime_appfix.evtx,1,Microsoft-Windows-Sysmon,1,1966611,PC01.example.corp,"Image: C:\Windows\System32\LogonUI.exe
RuleName: ''
Description: Windows Logon User Interface Host
TerminalSessionId: 1
ParentCommandLine: winlogon.exe
Product: Microsoft® Windows® Operating System
Company: Microsoft Corporation
ParentProcessId: 456
LogonGuid: 365ABB72-777F-5C91-0000-0020E7030000
Hashes: MD5=3EF0D8AB08385AAB5802E773511A2E6A,IMPHASH=B8FCE86F8F679B9FC7368F8F47778678
ParentProcessGuid: 365ABB72-777F-5C91-0000-0010D8520000
ProcessId: 904
CurrentDirectory: C:\Windows\system32\
ProcessGuid: 365ABB72-7781-5C91-0000-001040B90000
CommandLine: '""LogonUI.exe"" /flags:0x0'
FileVersion: 6.1.7601.17514 (win7sp1_rtm.101119-1850)
User: NT AUTHORITY\SYSTEM
LogonId: '0x3e7'
IntegrityLevel: System
ParentImage: C:\Windows\System32\winlogon.exe
UtcTime: 2019-03-19 23:13:05.061
"
2019-03-19T23:18:51.789421+00:00,HackTool - CrackMapExec Process Patterns;Hacktool - EDR-Freeze Execution;UAC Bypass Using NTFS Reparse Point - Process,data/EVTX-ATTACK-SAMPLES/Persistence/persistence_sysmon_11_13_1_shime_appfix.evtx,1,Microsoft-Windows-Sysmon,1,1966615,PC01.example.corp,"Image: C:\Windows\System32\svchost.exe
RuleName: ''
Description: Host Process for Windows Services
TerminalSessionId: 0
ParentCommandLine: C:\Windows\system32\services.exe
Product: Microsoft® Windows® Operating System
Company: Microsoft Corporation
ParentProcessId: 516
LogonGuid: 365ABB72-7780-5C91-0000-0020E5030000
Hashes: MD5=54A47F6B5E09A77E61649109C6A08866,IMPHASH=58E185299ECCA757FE68BA83A6495FDE
ParentProcessGuid: 365ABB72-777F-5C91-0000-00100B590000
ProcessId: 1016
CurrentDirectory: C:\Windows\system32\
ProcessGuid: 365ABB72-7781-5C91-0000-001036CB0000
CommandLine: C:\Windows\system32\svchost.exe -k LocalService
FileVersion: 6.1.7600.16385 (win7_rtm.090713-1255)
User: NT AUTHORITY\LOCAL SERVICE
LogonId: '0x3e5'
IntegrityLevel: System
ParentImage: C:\Windows\System32\services.exe
UtcTime: 2019-03-19 23:13:05.744
"
2019-03-19T23:18:53.111322+00:00,HackTool - CrackMapExec Process Patterns;Hacktool - EDR-Freeze Execution;UAC Bypass Using NTFS Reparse Point - Process,data/EVTX-ATTACK-SAMPLES/Persistence/persistence_sysmon_11_13_1_shime_appfix.evtx,1,Microsoft-Windows-Sysmon,1,1966616,PC01.example.corp,"Image: C:\Windows\System32\svchost.exe
RuleName: ''
Description: Host Process for Windows Services
TerminalSessionId: 0
ParentCommandLine: C:\Windows\system32\services.exe
Product: Microsoft® Windows® Operating System
Company: Microsoft Corporation
ParentProcessId: 516
LogonGuid: 365ABB72-777F-5C91-0000-0020E7030000
Hashes: MD5=54A47F6B5E09A77E61649109C6A08866,IMPHASH=58E185299ECCA757FE68BA83A6495FDE
ParentProcessGuid: 365ABB72-777F-5C91-0000-00100B590000
ProcessId: 1140
CurrentDirectory: C:\Windows\system32\
ProcessGuid: 365ABB72-7782-5C91-0000-00102D0B0100
CommandLine: C:\Windows\system32\svchost.exe -k GPSvcGroup
FileVersion: 6.1.7600.16385 (win7_rtm.090713-1255)
User: NT AUTHORITY\SYSTEM
LogonId: '0x3e7'
IntegrityLevel: System
ParentImage: C:\Windows\System32\services.exe
UtcTime: 2019-03-19 23:13:06.295
"
2019-03-19T23:18:53.571984+00:00,HackTool - CrackMapExec Process Patterns;Hacktool - EDR-Freeze Execution;UAC Bypass Using NTFS Reparse Point - Process,data/EVTX-ATTACK-SAMPLES/Persistence/persistence_sysmon_11_13_1_shime_appfix.evtx,1,Microsoft-Windows-Sysmon,1,1966622,PC01.example.corp,"Image: C:\Windows\System32\spoolsv.exe
RuleName: ''
Description: Spooler SubSystem App
TerminalSessionId: 0
ParentCommandLine: C:\Windows\system32\services.exe
Product: Microsoft® Windows® Operating System
Company: Microsoft Corporation
ParentProcessId: 516
LogonGuid: 365ABB72-777F-5C91-0000-0020E7030000
Hashes: MD5=E3A9C44EB94D3821AD752CD7C7A8AE8F,IMPHASH=4AB5A5DC61428D5E45DFADC7CA601E03
ParentProcessGuid: 365ABB72-777F-5C91-0000-00100B590000
ProcessId: 1412
CurrentDirectory: C:\Windows\system32\
ProcessGuid: 365ABB72-7783-5C91-0000-0010DB2C0100
CommandLine: C:\Windows\System32\spoolsv.exe
FileVersion: 6.1.7600.16385 (win7_rtm.090713-1255)
User: NT AUTHORITY\SYSTEM
LogonId: '0x3e7'
IntegrityLevel: System
ParentImage: C:\Windows\System32\services.exe
UtcTime: 2019-03-19 23:13:07.451
"
2019-03-19T23:18:53.922488+00:00,HackTool - CrackMapExec Process Patterns;Hacktool - EDR-Freeze Execution;Suspicious SYSTEM User Process Creation;UAC Bypass Using NTFS Reparse Point - Process,data/EVTX-ATTACK-SAMPLES/Persistence/persistence_sysmon_11_13_1_shime_appfix.evtx,1,Microsoft-Windows-Sysmon,1,1966628,PC01.example.corp,"Image: C:\Windows\System32\calc.exe
RuleName: ''
Description: Windows Calculator
TerminalSessionId: 0
ParentCommandLine: C:\Windows\system32\services.exe
Product: Microsoft® Windows® Operating System
Company: Microsoft Corporation
ParentProcessId: 516
LogonGuid: 365ABB72-777F-5C91-0000-0020E7030000
Hashes: MD5=60B7C0FEAD45F2066E5B805A91F4F0FC,IMPHASH=F93B5D76132F6E6068946EC238813CE1
ParentProcessGuid: 365ABB72-777F-5C91-0000-00100B590000
ProcessId: 1536
CurrentDirectory: C:\Windows\system32\
ProcessGuid: 365ABB72-7783-5C91-0000-001025410100
CommandLine: calc.exe
FileVersion: 6.1.7600.16385 (win7_rtm.090713-1255)
User: NT AUTHORITY\SYSTEM
LogonId: '0x3e7'
IntegrityLevel: System
ParentImage: C:\Windows\System32\services.exe
UtcTime: 2019-03-19 23:13:07.848
"
2019-03-19T23:18:54.102747+00:00,Gpscript Execution;HackTool - CrackMapExec Process Patterns;Hacktool - EDR-Freeze Execution;UAC Bypass Using NTFS Reparse Point - Process,data/EVTX-ATTACK-SAMPLES/Persistence/persistence_sysmon_11_13_1_shime_appfix.evtx,1,Microsoft-Windows-Sysmon,1,1966632,PC01.example.corp,"Image: C:\Windows\System32\gpscript.exe
RuleName: ''
Description: Group Policy Script Application
TerminalSessionId: 0
ParentCommandLine: C:\Windows\system32\svchost.exe -k GPSvcGroup
Product: Microsoft® Windows® Operating System
Company: Microsoft Corporation
ParentProcessId: 1140
LogonGuid: 365ABB72-777F-5C91-0000-0020E7030000
Hashes: MD5=C0DC9F7398238C17E480BCBF2C080B25,IMPHASH=EA27F796BAA77700F4D97A01CA10AD24
ParentProcessGuid: 365ABB72-7782-5C91-0000-00102D0B0100
ProcessId: 1616
CurrentDirectory: C:\Windows\system32\
ProcessGuid: 365ABB72-7794-5C91-0000-0010DF510100
CommandLine: gpscript.exe /Startup
FileVersion: 6.1.7601.23452 (win7sp1_ldr.160512-0600)
User: NT AUTHORITY\SYSTEM
LogonId: '0x3e7'
IntegrityLevel: System
ParentImage: C:\Windows\System32\svchost.exe
UtcTime: 2019-03-19 23:13:24.376
"
2019-03-19T23:18:54.172848+00:00,Abused Debug Privilege by Arbitrary Parent Processes;HackTool - CrackMapExec Process Patterns;Hacktool - EDR-Freeze Execution;Operator Bloopers Cobalt Strike Commands;Potential Meterpreter/CobaltStrike Activity;UAC Bypass Using NTFS Reparse Point - Process,data/EVTX-ATTACK-SAMPLES/Persistence/persistence_sysmon_11_13_1_shime_appfix.evtx,1,Microsoft-Windows-Sysmon,1,1966633,PC01.example.corp,"Image: C:\Windows\System32\cmd.exe
RuleName: ''
Description: Windows Command Processor
TerminalSessionId: 0
ParentCommandLine: C:\Windows\system32\services.exe
Product: Microsoft® Windows® Operating System
Company: Microsoft Corporation
ParentProcessId: 516
LogonGuid: 365ABB72-777F-5C91-0000-0020E7030000
Hashes: MD5=AD7B9C14083B52BC532FBA5948342B98,IMPHASH=CEEFB55F764020CC5C5F8F23349AB163
ParentProcessGuid: 365ABB72-777F-5C91-0000-00100B590000
ProcessId: 1628
CurrentDirectory: C:\Windows\system32\
ProcessGuid: 365ABB72-77A2-5C91-0000-00106D560100
CommandLine: cmd.exe
FileVersion: 6.1.7601.17514 (win7sp1_rtm.101119-1850)
User: NT AUTHORITY\SYSTEM
LogonId: '0x3e7'
IntegrityLevel: System
ParentImage: C:\Windows\System32\services.exe
UtcTime: 2019-03-19 23:13:38.576
"
2019-03-19T23:18:54.172848+00:00,Abused Debug Privilege by Arbitrary Parent Processes;HackTool - CrackMapExec Process Patterns;Hacktool - EDR-Freeze Execution;Operator Bloopers Cobalt Strike Commands;Potential Meterpreter/CobaltStrike Activity;UAC Bypass Using NTFS Reparse Point - Process,data/EVTX-ATTACK-SAMPLES/Persistence/persistence_sysmon_11_13_1_shime_appfix.evtx,1,Microsoft-Windows-Sysmon,1,1966634,PC01.example.corp,"Image: C:\Windows\System32\cmd.exe
RuleName: ''
Description: Windows Command Processor
TerminalSessionId: 0
ParentCommandLine: C:\Windows\system32\services.exe
Product: Microsoft® Windows® Operating System
Company: Microsoft Corporation
ParentProcessId: 516
LogonGuid: 365ABB72-777F-5C91-0000-0020E7030000
Hashes: MD5=AD7B9C14083B52BC532FBA5948342B98,IMPHASH=CEEFB55F764020CC5C5F8F23349AB163
ParentProcessGuid: 365ABB72-777F-5C91-0000-00100B590000
ProcessId: 1636
CurrentDirectory: C:\Windows\system32\
ProcessGuid: 365ABB72-77A2-5C91-0000-00100A570100
CommandLine: cmd.exe
FileVersion: 6.1.7601.17514 (win7sp1_rtm.101119-1850)
User: NT AUTHORITY\SYSTEM
LogonId: '0x3e7'
IntegrityLevel: System
ParentImage: C:\Windows\System32\services.exe
UtcTime: 2019-03-19 23:13:38.586
"
2019-03-19T23:18:54.182862+00:00,HackTool - CrackMapExec Process Patterns;Hacktool - EDR-Freeze Execution;Suspicious SYSTEM User Process Creation;UAC Bypass Using NTFS Reparse Point - Process,data/EVTX-ATTACK-SAMPLES/Persistence/persistence_sysmon_11_13_1_shime_appfix.evtx,1,Microsoft-Windows-Sysmon,1,1966635,PC01.example.corp,"Image: C:\Windows\System32\calc.exe
RuleName: ''
Description: Windows Calculator
TerminalSessionId: 0
ParentCommandLine: C:\Windows\system32\services.exe
Product: Microsoft® Windows® Operating System
Company: Microsoft Corporation
ParentProcessId: 516
LogonGuid: 365ABB72-777F-5C91-0000-0020E7030000
Hashes: MD5=60B7C0FEAD45F2066E5B805A91F4F0FC,IMPHASH=F93B5D76132F6E6068946EC238813CE1
ParentProcessGuid: 365ABB72-777F-5C91-0000-00100B590000
ProcessId: 1676
CurrentDirectory: C:\Windows\system32\
ProcessGuid: 365ABB72-77A2-5C91-0000-001006590100
CommandLine: calc.exe
FileVersion: 6.1.7600.16385 (win7_rtm.090713-1255)
User: NT AUTHORITY\SYSTEM
LogonId: '0x3e7'
IntegrityLevel: System
ParentImage: C:\Windows\System32\services.exe
UtcTime: 2019-03-19 23:13:38.706
"
2019-03-19T23:18:54.593453+00:00,HackTool - CrackMapExec Process Patterns;Hacktool - EDR-Freeze Execution;UAC Bypass Using NTFS Reparse Point - Process,data/EVTX-ATTACK-SAMPLES/Persistence/persistence_sysmon_11_13_1_shime_appfix.evtx,1,Microsoft-Windows-Sysmon,1,1966641,PC01.example.corp,"Image: C:\Program Files\freeSSHd\FreeSSHDService.exe
RuleName: ''
Description: FreeSSHDService Module
TerminalSessionId: 0
ParentCommandLine: C:\Windows\system32\services.exe
Product: FreeSSHDService Module
Company: '?'
ParentProcessId: 516
LogonGuid: 365ABB72-777F-5C91-0000-0020E7030000
Hashes: MD5=A25C33FB549D90018DBEEC40BB07D543,IMPHASH=7F9889AF456EB5817D1D8BF79A7AD2AB
ParentProcessGuid: 365ABB72-777F-5C91-0000-00100B590000
ProcessId: 1788
CurrentDirectory: C:\Windows\system32\
ProcessGuid: 365ABB72-77C0-5C91-0000-001044720100
CommandLine: '""C:\Program Files\freeSSHd\FreeSSHDService.exe""'
FileVersion: 1, 3, 1, 26
User: NT AUTHORITY\SYSTEM
LogonId: '0x3e7'
IntegrityLevel: System
ParentImage: C:\Windows\System32\services.exe
UtcTime: 2019-03-19 23:14:08.737
"
2019-03-19T23:18:54.603467+00:00,HackTool - CrackMapExec Process Patterns;Hacktool - EDR-Freeze Execution;Suspicious SYSTEM User Process Creation;UAC Bypass Using NTFS Reparse Point - Process,data/EVTX-ATTACK-SAMPLES/Persistence/persistence_sysmon_11_13_1_shime_appfix.evtx,1,Microsoft-Windows-Sysmon,1,1966642,PC01.example.corp,"Image: C:\Windows\System32\calc.exe
RuleName: ''
Description: Windows Calculator
TerminalSessionId: 0
ParentCommandLine: C:\Windows\system32\services.exe
Product: Microsoft® Windows® Operating System
Company: Microsoft Corporation
ParentProcessId: 516
LogonGuid: 365ABB72-777F-5C91-0000-0020E7030000
Hashes: MD5=60B7C0FEAD45F2066E5B805A91F4F0FC,IMPHASH=F93B5D76132F6E6068946EC238813CE1
ParentProcessGuid: 365ABB72-777F-5C91-0000-00100B590000
ProcessId: 1820
CurrentDirectory: C:\Windows\system32\
ProcessGuid: 365ABB72-77C0-5C91-0000-00106C740100
CommandLine: calc.exe
FileVersion: 6.1.7600.16385 (win7_rtm.090713-1255)
User: NT AUTHORITY\SYSTEM
LogonId: '0x3e7'
IntegrityLevel: System
ParentImage: C:\Windows\System32\services.exe
UtcTime: 2019-03-19 23:14:08.807
"
2019-03-19T23:18:54.623496+00:00,Suspicious Double Extension Files,data/EVTX-ATTACK-SAMPLES/Persistence/persistence_sysmon_11_13_1_shime_appfix.evtx,1,Microsoft-Windows-Sysmon,11,1966643,PC01.example.corp,"ProcessGuid: 365ABB72-77C0-5C91-0000-001044720100
CreationUtcTime: 2019-02-13 12:42:37.010
UtcTime: 2019-03-19 23:14:08.880
ProcessId: 1788
RuleName: ''
TargetFilename: C:\Windows\Temp\wodCmdTerm.exe
Image: C:\Program Files\freeSSHd\FreeSSHDService.exe
"
2019-03-19T23:18:54.783726+00:00,Hacktool - EDR-Freeze Execution;UAC Bypass Using NTFS Reparse Point - Process,data/EVTX-ATTACK-SAMPLES/Persistence/persistence_sysmon_11_13_1_shime_appfix.evtx,1,Microsoft-Windows-Sysmon,1,1966648,PC01.example.corp,"Image: C:\Windows\System32\taskhost.exe
RuleName: ''
Description: Host Process for Windows Tasks
TerminalSessionId: 1
ParentCommandLine: C:\Windows\system32\services.exe
Product: Microsoft® Windows® Operating System
Company: Microsoft Corporation
ParentProcessId: 516
LogonGuid: 365ABB72-77C4-5C91-0000-0020AD7D0100
Hashes: MD5=72E953215CADE1A726C04AAFDF6B463D,IMPHASH=5220133EC95DDFD6117BEE60F87837A2
ParentProcessGuid: 365ABB72-777F-5C91-0000-00100B590000
ProcessId: 1960
CurrentDirectory: C:\Windows\system32\
ProcessGuid: 365ABB72-77C4-5C91-0000-001013850100
CommandLine: '""taskhost.exe""'
FileVersion: 6.1.7600.16385 (win7_rtm.090713-1255)
User: EXAMPLE\user01
LogonId: '0x17dad'
IntegrityLevel: High
ParentImage: C:\Windows\System32\services.exe
UtcTime: 2019-03-19 23:14:12.529
"
