timestamp,detections,path,count,Event.System.Provider,Event ID,Record ID,Computer,Event Data
2017-06-09T19:21:26.968669+00:00,Password Change on Directory Service Restore Mode (DSRM) Account,data/EVTX-ATTACK-SAMPLES/Credential Access/4794_DSRM_password_change_t1098.evtx,1,Microsoft-Windows-Security-Auditing,4794,3139859,2016dc.hqcorp.local,"Status: '0x0'
SubjectDomainName: HQCORP
SubjectUserName: administrator
SubjectLogonId: '0x2f336f'
SubjectUserSid: S-1-5-21-1913345275-1711810662-261465553-500
Workstation: 2016DC
"
2017-06-12T23:39:43.512986+00:00,Password Policy Enumerated,data/EVTX-ATTACK-SAMPLES/Privilege Escalation/4765_sidhistory_add_t1178.evtx,1,Microsoft-Windows-Security-Auditing,4661,8068,2012r2srv.maincorp.local,"PrivilegeList: ""ǿ\x0F-""
ObjectName: DC=maincorp,DC=local
AccessMask: '0x2d'
SubjectLogonId: '0x432c8'
ObjectServer: Security Account Manager
ObjectType: SAM_DOMAIN
SubjectDomainName: MAINCORP
RestrictedSidCount: 0
SubjectUserSid: S-1-5-21-2634088540-571122920-1382659128-500
HandleId: '0xc9774b43b0'
TransactionId: 00000000-0000-0000-0000-000000000000
Properties: ""---\r\n\t{19195a5a-6da0-11d0-afd3-00c04fd930c9}\r\n%%1537\r\n%%1538\r\n%%1539\r\n%%1540\r\n%%5392\r\n%%5393\r\n%%5394\r\n%%5395\r\n%%5396\r\n%%5397\r\n%%5398\r\n%%5399\r\n%%5400\r\n\t\t{c7407360-20bf-11d0-a768-00aa006e0529}\r\n\t\t\t{bf9679a4-0de6-11d0-a285-00aa003049e2}\r\n\t\t\t{bf9679a5-0de6-11d0-a285-00aa003049e2}\r\n\t\t\t{bf9679a6-0de6-11d0-a285-00aa003049e2}\r\n\t\t\t{bf9679bb-0de6-11d0-a285-00aa003049e2}\r\n\t\t\t{bf9679c2-0de6-11d0-a285-00aa003049e2}\r\n\t\t\t{bf9679c3-0de6-11d0-a285-00aa003049e2}\r\n\t\t\t{bf967a09-0de6-11d0-a285-00aa003049e2}\r\n\t\t\t{bf967a0b-0de6-11d0-a285-00aa003049e2}\r\n\t\t{b8119fd0-04f6-4762-ab7a-4986c76b3f9a}\r\n\t\t\t{bf967a34-0de6-11d0-a285-00aa003049e2}\r\n\t\t\t{bf967a33-0de6-11d0-a285-00aa003049e2}\r\n\t\t\t{bf9679c5-0de6-11d0-a285-00aa003049e2}\r\n\t\t\t{bf967a61-0de6-11d0-a285-00aa003049e2}\r\n\t\t\t{bf967977-0de6-11d0-a285-00aa003049e2}\r\n\t\t\t{bf96795e-0de6-11d0-a285-00aa003049e2}\r\n\t\t\t{bf9679ea-0de6-11d0-a285-00aa003049e2}\r\n\t\t{ab721a52-1e2f-11d0-9819-00aa0040529b}\r\n""
ProcessId: '0x1f0'
AccessList: ""%%1537\r\n\t\t\t\t%%1538\r\n\t\t\t\t%%1539\r\n\t\t\t\t%%1540\r\n\t\t\t\t%%5392\r\n\t\t\t\t%%5393\r\n\t\t\t\t%%5394\r\n\t\t\t\t%%5395\r\n\t\t\t\t%%5396\r\n\t\t\t\t%%5397\r\n\t\t\t\t%%5398\r\n\t\t\t\t%%5399\r\n\t\t\t\t%%5400\r\n\t\t\t\t""
SubjectUserName: Administrator
ProcessName: C:\Windows\System32\lsass.exe
"
2017-06-12T23:39:43.512986+00:00,Addition of SID History to Active Directory Object,data/EVTX-ATTACK-SAMPLES/Privilege Escalation/4765_sidhistory_add_t1178.evtx,1,Microsoft-Windows-Security-Auditing,4765,8075,2012r2srv.maincorp.local,"SourceUserName: maincorp.local\Domain Admins
SourceSid: S-1-5-21-2634088540-571122920-1382659128-512
PrivilegeList: '-'
SubjectDomainName: MAINCORP
TargetDomainName: MAINCORP
SubjectUserSid: S-1-5-21-2634088540-571122920-1382659128-500
TargetUserName: Andrei
TargetSid: S-1-5-21-2634088540-571122920-1382659128-1104
SubjectLogonId: '0x432c8'
SubjectUserName: Administrator
SidList: '-'
"
2019-02-02T09:16:58.787262+00:00,Win Susp Computer Name Containing Samtheadmin,data/EVTX-ATTACK-SAMPLES/Privilege Escalation/privexchange_dirkjan.evtx,1,Microsoft-Windows-Security-Auditing,4624,65967,ICORP-DC.internal.corp,"AuthenticationPackageName: Kerberos
LogonProcessName: Kerberos
TargetOutboundDomainName: '-'
TargetLinkedLogonId: '0x0'
LmPackageName: '-'
TargetDomainName: INTERNAL.CORP
SubjectUserName: '-'
TargetUserSid: S-1-5-18
IpAddress: 127.0.0.1
KeyLength: 0
SubjectLogonId: '0x0'
TargetLogonId: '0x24c879'
ElevatedToken: '%%1842'
LogonGuid: 94BA67EA-8490-3C86-6DB7-DF74C9AA4449
RestrictedAdminMode: '-'
SubjectDomainName: '-'
LogonType: 3
VirtualAccount: '%%1843'
TargetOutboundUserName: '-'
WorkstationName: '-'
IpPort: '50151'
ImpersonationLevel: '%%1833'
SubjectUserSid: S-1-0-0
TransmittedServices: '-'
ProcessId: '0x0'
TargetUserName: ICORP-DC$
ProcessName: '-'
"
2019-02-02T09:17:22.562534+00:00,Win Susp Computer Name Containing Samtheadmin,data/EVTX-ATTACK-SAMPLES/Privilege Escalation/privexchange_dirkjan.evtx,1,Microsoft-Windows-Security-Auditing,4776,65968,ICORP-DC.internal.corp,"Status: '0x0'
PackageName: MICROSOFT_AUTHENTICATION_PACKAGE_V1_0
TargetUserName: EXCHANGE$
Workstation: EXCHANGE
"
2019-02-02T09:17:22.563018+00:00,Win Susp Computer Name Containing Samtheadmin,data/EVTX-ATTACK-SAMPLES/Privilege Escalation/privexchange_dirkjan.evtx,1,Microsoft-Windows-Security-Auditing,4624,65969,ICORP-DC.internal.corp,"AuthenticationPackageName: NTLM
LogonProcessName: 'NtLmSsp '
TargetOutboundDomainName: '-'
TargetLinkedLogonId: '0x0'
LmPackageName: NTLM V2
TargetDomainName: ICORP
SubjectUserName: '-'
TargetUserSid: S-1-5-21-2895268558-4179327395-2773671012-1108
IpAddress: 192.168.111.87
KeyLength: 0
SubjectLogonId: '0x0'
TargetLogonId: '0x24daa6'
ElevatedToken: '%%1842'
LogonGuid: 00000000-0000-0000-0000-000000000000
RestrictedAdminMode: '-'
SubjectDomainName: '-'
LogonType: 3
VirtualAccount: '%%1843'
TargetOutboundUserName: '-'
WorkstationName: EXCHANGE
IpPort: '58128'
ImpersonationLevel: '%%1833'
SubjectUserSid: S-1-0-0
TransmittedServices: '-'
ProcessId: '0x0'
TargetUserName: EXCHANGE$
ProcessName: '-'
"
2019-02-02T09:17:23.206182+00:00,Win Susp Computer Name Containing Samtheadmin,data/EVTX-ATTACK-SAMPLES/Privilege Escalation/privexchange_dirkjan.evtx,1,Microsoft-Windows-Security-Auditing,4624,65971,ICORP-DC.internal.corp,"AuthenticationPackageName: Kerberos
LogonProcessName: Kerberos
TargetOutboundDomainName: '-'
TargetLinkedLogonId: '0x0'
LmPackageName: '-'
TargetDomainName: INTERNAL.CORP
SubjectUserName: '-'
TargetUserSid: S-1-5-18
IpAddress: ::1
KeyLength: 0
SubjectLogonId: '0x0'
TargetLogonId: '0x24db24'
ElevatedToken: '%%1842'
LogonGuid: 5A66FDFF-B4E8-5133-53A9-72A5DE1C31FB
RestrictedAdminMode: '-'
SubjectDomainName: '-'
LogonType: 3
VirtualAccount: '%%1843'
TargetOutboundUserName: '-'
WorkstationName: '-'
IpPort: '50152'
ImpersonationLevel: '%%1840'
SubjectUserSid: S-1-0-0
TransmittedServices: '-'
ProcessId: '0x0'
TargetUserName: ICORP-DC$
ProcessName: '-'
"
2019-02-02T09:17:27.629413+00:00,Powerview Add-DomainObjectAcl DCSync AD Extend Right,data/EVTX-ATTACK-SAMPLES/Privilege Escalation/privexchange_dirkjan.evtx,1,Microsoft-Windows-Security-Auditing,5136,65972,ICORP-DC.internal.corp,"OpCorrelationID: 3D862A5C-0FD6-444B-8897-323F778893D8
AppCorrelationID: '-'
AttributeSyntaxOID: 2.5.5.15
ObjectDN: DC=internal,DC=corp
SubjectLogonId: '0x24daa6'
DSType: '%%14676'
ObjectGUID: 77F4548A-5E9D-4649-89F9-A0177C722361
AttributeLDAPDisplayName: nTSecurityDescriptor
SubjectDomainName: ICORP
SubjectUserSid: S-1-5-21-2895268558-4179327395-2773671012-1108
ObjectClass: domainDNS
DSName: internal.corp
AttributeValue: O:BAG:BAD:AI(D;;DC;;;WD)(OA;CI;CR;ab721a53-1e2f-11d0-9819-00aa0040529b;bf967aba-0de6-11d0-a285-00aa003049e2;S-1-5-21-2895268558-4179327395-2773671012-1126)(OA;CI;CR;00299570-246d-11d0-a768-00aa006e0529;bf967aba-0de6-11d0-a285-00aa003049e2;S-1-5-21-2895268558-4179327395-2773671012-1126)(OA;CIIO;CCDCLC;c975c901-6cea-4b6f-8319-d67f45449506;4828cc14-1437-45bc-9b07-ad6f015e5f28;S-1-5-21-2895268558-4179327395-2773671012-1123)(OA;CIIO;CCDCLC;c975c901-6cea-4b6f-8319-d67f45449506;bf967aba-0de6-11d0-a285-00aa003049e2;S-1-5-21-2895268558-4179327395-2773671012-1123)(OA;;CR;3e0f7e18-2c7a-4c10-ba82-4d926db99a3e;;S-1-5-21-2895268558-4179327395-2773671012-522)(OA;;CR;1131f6aa-9c07-11d1-f79f-00c04fc2dcd2;;S-1-5-21-2895268558-4179327395-2773671012-498)(OA;;CR;1131f6ab-9c07-11d1-f79f-00c04fc2dcd2;;S-1-5-21-2895268558-4179327395-2773671012-1123)(OA;;CR;1131f6ad-9c07-11d1-f79f-00c04fc2dcd2;;DD)(OA;CI;CC;4828cc14-1437-45bc-9b07-ad6f015e5f28;;S-1-5-21-2895268558-4179327395-2773671012-1126)(OA;CI;CC;bf967a86-0de6-11d0-a285-00aa003049e2;;S-1-5-21-2895268558-4179327395-2773671012-1126)(OA;CI;CC;bf967a9c-0de6-11d0-a285-00aa003049e2;;S-1-5-21-2895268558-4179327395-2773671012-1126)(OA;CI;CC;bf967aa5-0de6-11d0-a285-00aa003049e2;;S-1-5-21-2895268558-4179327395-2773671012-1126)(OA;CI;CC;bf967aba-0de6-11d0-a285-00aa003049e2;;S-1-5-21-2895268558-4179327395-2773671012-1126)(OA;CI;CC;5cb41ed0-0e4c-11d0-a286-00aa003049e2;;S-1-5-21-2895268558-4179327395-2773671012-1126)(OA;CI;RP;4c164200-20c0-11d0-a768-00aa006e0529;;S-1-5-21-2895268558-4179327395-2773671012-1118)(OA;CI;RP;b1b3a417-ec55-4191-b327-b72e33e38af2;;S-1-5-21-2895268558-4179327395-2773671012-1123)(OA;CI;RP;9a7ad945-ca53-11d1-bbd0-0080c76670c0;;S-1-5-21-2895268558-4179327395-2773671012-1123)(OA;CI;RP;bf967a68-0de6-11d0-a285-00aa003049e2;;S-1-5-21-2895268558-4179327395-2773671012-1123)(OA;CI;RP;1f298a89-de98-47b8-b5cd-572ad53d267e;;S-1-5-21-2895268558-4179327395-2773671012-1123)(OA;CI;RP;bf967991-0de6-11d0-a285-00aa003049e2;;S-1-5-21-2895268558-4179327395-2773671012-1123)(OA;CI;RP;5fd424a1-1262-11d0-a060-00aa006c33ed;;S-1-5-21-2895268558-4179327395-2773671012-1123)(OA;CI;WP;bf967a06-0de6-11d0-a285-00aa003049e2;;S-1-5-21-2895268558-4179327395-2773671012-1109)(OA;CI;WP;bf967a06-0de6-11d0-a285-00aa003049e2;;S-1-5-21-2895268558-4179327395-2773671012-1124)(OA;CI;WP;bf967a0a-0de6-11d0-a285-00aa003049e2;;S-1-5-21-2895268558-4179327395-2773671012-1126)(OA;CI;WP;3e74f60e-3e73-11d1-a9c0-0000f80367c1;;S-1-5-21-2895268558-4179327395-2773671012-1109)(OA;CI;WP;3e74f60e-3e73-11d1-a9c0-0000f80367c1;;S-1-5-21-2895268558-4179327395-2773671012-1124)(OA;CI;WP;b1b3a417-ec55-4191-b327-b72e33e38af2;;S-1-5-21-2895268558-4179327395-2773671012-1109)(OA;CI;WP;b1b3a417-ec55-4191-b327-b72e33e38af2;;S-1-5-21-2895268558-4179327395-2773671012-1124)(OA;CI;WP;bf96791a-0de6-11d0-a285-00aa003049e2;;S-1-5-21-2895268558-4179327395-2773671012-1109)(OA;CI;WP;bf96791a-0de6-11d0-a285-00aa003049e2;;S-1-5-21-2895268558-4179327395-2773671012-1124)(OA;CI;WP;9a9a021e-4a5b-11d1-a9c3-0000f80367c1;;S-1-5-21-2895268558-4179327395-2773671012-1123)(OA;CI;WP;0296c120-40da-11d1-a9c0-0000f80367c1;;S-1-5-21-2895268558-4179327395-2773671012-1126)(OA;CI;WP;934de926-b09e-11d2-aa06-00c04f8eedd8;;S-1-5-21-2895268558-4179327395-2773671012-1123)(OA;CI;WP;5e353847-f36c-48be-a7f7-49685402503c;;S-1-5-21-2895268558-4179327395-2773671012-1123)(OA;CI;WP;8d3bca50-1d7e-11d0-a081-00aa006c33ed;;S-1-5-21-2895268558-4179327395-2773671012-1123)(OA;CI;WP;bf967953-0de6-11d0-a285-00aa003049e2;;S-1-5-21-2895268558-4179327395-2773671012-1109)(OA;CI;WP;bf967953-0de6-11d0-a285-00aa003049e2;;S-1-5-21-2895268558-4179327395-2773671012-1124)(OA;CI;WP;e48d0154-bcf8-11d1-8702-00c04fb96050;;S-1-5-21-2895268558-4179327395-2773671012-1124)(OA;CI;WP;275b2f54-982d-4dcd-b0ad-e53501445efb;;S-1-5-21-2895268558-4179327395-2773671012-1123)(OA;CI;WP;bf967954-0de6-11d0-a285-00aa003049e2;;S-1-5-21-2895268558-4179327395-2773671012-1109)(OA;CI;WP;bf967954-0de6-11d0-a285-00aa003049e2;;S-1-5-21-2895268558-4179327395-2773671012-1124)(OA;CI;WP;bf967961-0de6-11d0-a285-00aa003049e2;;S-1-5-21-2895268558-4179327395-2773671012-1109)(OA;CI;WP;bf967961-0de6-11d0-a285-00aa003049e2;;S-1-5-21-2895268558-4179327395-2773671012-1124)(OA;CI;WP;bf967a68-0de6-11d0-a285-00aa003049e2;;S-1-5-21-2895268558-4179327395-2773671012-1126)(OA;CI;WP;5fd42471-1262-11d0-a060-00aa006c33ed;;S-1-5-21-2895268558-4179327395-2773671012-1126)(OA;CI;WP;5430e777-c3ea-4024-902e-dde192204669;;S-1-5-21-2895268558-4179327395-2773671012-1123)(OA;CI;WP;6f606079-3a82-4c1b-8efb-dcc8c91d26fe;;S-1-5-21-2895268558-4179327395-2773671012-1123)(OA;CI;WP;bf967a7a-0de6-11d0-a285-00aa003049e2;;S-1-5-21-2895268558-4179327395-2773671012-1126)(OA;CI;WP;bf967a7f-0de6-11d0-a285-00aa003049e2;;S-1-5-21-2895268558-4179327395-2773671012-1123)(OA;CI;WP;614aea82-abc6-4dd0-a148-d67a59c72816;;S-1-5-21-2895268558-4179327395-2773671012-1123)(OA;CI;WP;66437984-c3c5-498f-b269-987819ef484b;;S-1-5-21-2895268558-4179327395-2773671012-1123)(OA;CI;WP;77b5b886-944a-11d1-aebd-0000f80367c1;;S-1-5-21-2895268558-4179327395-2773671012-1124)(OA;CI;WP;a8df7489-c5ea-11d1-bbcb-0080c76670c0;;S-1-5-21-2895268558-4179327395-2773671012-1109)(OA;CI;WP;a8df7489-c5ea-11d1-bbcb-0080c76670c0;;S-1-5-21-2895268558-4179327395-2773671012-1124)(OA;CI;WP;1f298a89-de98-47b8-b5cd-572ad53d267e;;S-1-5-21-2895268558-4179327395-2773671012-1109)(OA;CI;WP;1f298a89-de98-47b8-b5cd-572ad53d267e;;S-1-5-21-2895268558-4179327395-2773671012-1124)(OA;CI;WP;f0f8ff9a-1191-11d0-a060-00aa006c33ed;;S-1-5-21-2895268558-4179327395-2773671012-1109)(OA;CI;WP;f0f8ff9a-1191-11d0-a060-00aa006c33ed;;S-1-5-21-2895268558-4179327395-2773671012-1123)(OA;CI;WP;f0f8ff9a-1191-11d0-a060-00aa006c33ed;;S-1-5-21-2895268558-4179327395-2773671012-1124)(OA;CI;WP;2cc06e9d-6f7e-426a-8825-0215de176e11;;S-1-5-21-2895268558-4179327395-2773671012-1123)(OA;CI;WP;5fd424a1-1262-11d0-a060-00aa006c33ed;;S-1-5-21-2895268558-4179327395-2773671012-1109)(OA;CI;WP;5fd424a1-1262-11d0-a060-00aa006c33ed;;S-1-5-21-2895268558-4179327395-2773671012-1124)(OA;CI;WP;3263e3b8-fd6b-4c60-87f2-34bdaa9d69eb;;S-1-5-21-2895268558-4179327395-2773671012-1123)(OA;CI;WP;28630ebc-41d5-11d1-a9c1-0000f80367c1;;S-1-5-21-2895268558-4179327395-2773671012-1109)(OA;CI;WP;28630ebc-41d5-11d1-a9c1-0000f80367c1;;S-1-5-21-2895268558-4179327395-2773671012-1124)(OA;CI;WP;bf9679c0-0de6-11d0-a285-00aa003049e2;;S-1-5-21-2895268558-4179327395-2773671012-1126)(OA;CI;WP;3e0abfd0-126a-11d0-a060-00aa006c33ed;;S-1-5-21-2895268558-4179327395-2773671012-1126)(OA;CI;WP;7cb4c7d3-8787-42b0-b438-3c5d479ad31e;;S-1-5-21-2895268558-4179327395-2773671012-1123)(OA;CI;RPWP;5b47d60f-6090-40b2-9f37-2a4de88f3063;;S-1-5-21-2895268558-4179327395-2773671012-526)(OA;CI;RPWP;5b47d60f-6090-40b2-9f37-2a4de88f3063;;S-1-5-21-2895268558-4179327395-2773671012-527)(OA;CI;DTWD;;4828cc14-1437-45bc-9b07-ad6f015e5f28;S-1-5-21-2895268558-4179327395-2773671012-1126)(OA;CI;DTWD;;bf967aba-0de6-11d0-a285-00aa003049e2;S-1-5-21-2895268558-4179327395-2773671012-1126)(OA;CI;CCDCLCRPWPLO;f0f8ffac-1191-11d0-a060-00aa006c33ed;;S-1-5-21-2895268558-4179327395-2773671012-1124)(OA;CI;CCDCLCRPWPLO;e8b2aff2-59a7-4eac-9a70-819adef701dd;;S-1-5-21-2895268558-4179327395-2773671012-1123)(OA;CI;CCDCLCSWRPWPDTLOCRSDRCWDWO;018849b0-a981-11d2-a9ff-00c04f8eedd8;;S-1-5-21-2895268558-4179327395-2773671012-1109)(OA;CI;CCDCLCSWRPWPDTLOCRSDRCWDWO;018849b0-a981-11d2-a9ff-00c04f8eedd8;;S-1-5-21-2895268558-4179327395-2773671012-1124)(OA;CIIO;SD;;4828cc14-1437-45bc-9b07-ad6f015e5f28;S-1-5-21-2895268558-4179327395-2773671012-1126)(OA;CIIO;SD;;bf967a86-0de6-11d0-a285-00aa003049e2;S-1-5-21-2895268558-4179327395-2773671012-1126)(OA;CIIO;SD;;bf967a9c-0de6-11d0-a285-00aa003049e2;S-1-5-21-2895268558-4179327395-2773671012-1126)(OA;CIIO;SD;;bf967aa5-0de6-11d0-a285-00aa003049e2;S-1-5-21-2895268558-4179327395-2773671012-1126)(OA;CIIO;SD;;bf967aba-0de6-11d0-a285-00aa003049e2;S-1-5-21-2895268558-4179327395-2773671012-1126)(OA;CIIO;SD;;5cb41ed0-0e4c-11d0-a286-00aa003049e2;S-1-5-21-2895268558-4179327395-2773671012-1126)(OA;CIIO;WD;;bf967a9c-0de6-11d0-a285-00aa003049e2;S-1-5-21-2895268558-4179327395-2773671012-1124)(OA;CIIO;SW;9b026da6-0d3c-465c-8bee-5199d7165cba;bf967a86-0de6-11d0-a285-00aa003049e2;CO)(OA;CIIO;SW;9b026da6-0d3c-465c-8bee-5199d7165cba;bf967a86-0de6-11d0-a285-00aa003049e2;PS)(OA;CIIO;RP;b7c69e6d-2cc7-11d2-854e-00a0c983f608;bf967a86-0de6-11d0-a285-00aa003049e2;ED)(OA;CIIO;RP;b7c69e6d-2cc7-11d2-854e-00a0c983f608;bf967a9c-0de6-11d0-a285-00aa003049e2;ED)(OA;CIIO;RP;b7c69e6d-2cc7-11d2-854e-00a0c983f608;bf967aba-0de6-11d0-a285-00aa003049e2;ED)(OA;CIIO;WP;ea1b7b93-5e48-46d5-bc6c-4df4fda78a35;bf967a86-0de6-11d0-a285-00aa003049e2;PS)(OA;CIIO;CCDCLCSWRPWPDTLOCRSDRCWDWO;;c975c901-6cea-4b6f-8319-d67f45449506;S-1-5-21-2895268558-4179327395-2773671012-1124)(OA;CIIO;CCDCLCSWRPWPDTLOCRSDRCWDWO;;f0f8ffac-1191-11d0-a060-00aa006c33ed;S-1-5-21-2895268558-4179327395-2773671012-1124)(OA;CINPIO;RPWPLOSD;;e8b2aff2-59a7-4eac-9a70-819adef701dd;S-1-5-21-2895268558-4179327395-2773671012-1123)(OA;;CR;89e95b76-444d-4c62-991a-0facbeda640c;;BA)(OA;;CR;1131f6aa-9c07-11d1-f79f-00c04fc2dcd2;;BA)(OA;;CR;1131f6ab-9c07-11d1-f79f-00c04fc2dcd2;;BA)(OA;;CR;1131f6ac-9c07-11d1-f79f-00c04fc2dcd2;;BA)(OA;;CR;1131f6ad-9c07-11d1-f79f-00c04fc2dcd2;;BA)(OA;;CR;1131f6ae-9c07-11d1-f79f-00c04fc2dcd2;;BA)(OA;;CR;e2a36dc9-ae17-47c3-b58b-be34c55ba633;;S-1-5-32-557)(OA;CIIO;LCRPLORC;;4828cc14-1437-45bc-9b07-ad6f015e5f28;RU)(OA;CIIO;LCRPLORC;;bf967a9c-0de6-11d0-a285-00aa003049e2;RU)(OA;CIIO;LCRPLORC;;bf967aba-0de6-11d0-a285-00aa003049e2;RU)(OA;;CR;05c74c5e-4deb-43b4-bd9f-86664c2a7fd5;;AU)(OA;;CR;89e95b76-444d-4c62-991a-0facbeda640c;;ED)(OA;;CR;ccc2dc7d-a6ad-4a7a-8846-c04e3cc53501;;AU)(OA;;CR;280f369c-67c7-438e-ae98-1d46f3c6f541;;AU)(OA;;CR;1131f6aa-9c07-11d1-f79f-00c04fc2dcd2;;ED)(OA;;CR;1131f6ab-9c07-11d1-f79f-00c04fc2dcd2;;ED)(OA;;CR;1131f6ac-9c07-11d1-f79f-00c04fc2dcd2;;ED)(OA;;CR;1131f6ae-9c07-11d1-f79f-00c04fc2dcd2;;ED)(OA;CI;RP;b1b3a417-ec55-4191-b327-b72e33e38af2;;NS)(OA;CI;RP;1f298a89-de98-47b8-b5cd-572ad53d267e;;AU)(OA;CI;RPWP;3f78c3e5-f79a-46bd-a0b8-9d18116ddc79;;PS)(OA;CIIO;RPWPCR;91e647de-d96f-4b70-9557-d63ff4f3ccd8;;PS)(A;;CCLCSWRPWPLOCRRCWDWO;;;DA)(A;CI;LCRPLORC;;;S-1-5-21-2895268558-4179327395-2773671012-1109)(A;CI;LCRPLORC;;;S-1-5-21-2895268558-4179327395-2773671012-1124)(A;CI;CCDCLCSWRPWPDTLOCRSDRCWDWO;;;S-1-5-21-2895268558-4179327395-2773671012-519)(A;;RPRC;;;RU)(A;CI;LC;;;RU)(A;CI;CCLCSWRPWPLOCRSDRCWDWO;;;BA)(A;;RP;;;WD)(A;;LCRPLORC;;;ED)(A;;LCRPLORC;;;AU)(A;;CCDCLCSWRPWPDTLOCRSDRCWDWO;;;SY)S:(OU;CISA;WP;f30e3bbe-9ff0-11d1-b603-0000f80367c1;bf967aa5-0de6-11d0-a285-00aa003049e2;WD)(OU;CISA;WP;f30e3bbf-9ff0-11d1-b603-0000f80367c1;bf967aa5-0de6-11d0-a285-00aa003049e2;WD)(AU;SA;CR;;;DU)(AU;SA;CR;;;BA)(AU;SA;WPWDWO;;;WD)
OperationType: '%%14675'
SubjectUserName: EXCHANGE$
"
2019-02-02T09:17:27.629830+00:00,Powerview Add-DomainObjectAcl DCSync AD Extend Right,data/EVTX-ATTACK-SAMPLES/Privilege Escalation/privexchange_dirkjan.evtx,1,Microsoft-Windows-Security-Auditing,5136,65973,ICORP-DC.internal.corp,"OpCorrelationID: 3D862A5C-0FD6-444B-8897-323F778893D8
AppCorrelationID: '-'
AttributeSyntaxOID: 2.5.5.15
ObjectDN: DC=internal,DC=corp
SubjectLogonId: '0x24daa6'
DSType: '%%14676'
ObjectGUID: 77F4548A-5E9D-4649-89F9-A0177C722361
AttributeLDAPDisplayName: nTSecurityDescriptor
SubjectDomainName: ICORP
SubjectUserSid: S-1-5-21-2895268558-4179327395-2773671012-1108
ObjectClass: domainDNS
DSName: internal.corp
AttributeValue: O:BAG:BAD:AI(D;;DC;;;WD)(OA;CI;CR;ab721a53-1e2f-11d0-9819-00aa0040529b;bf967aba-0de6-11d0-a285-00aa003049e2;S-1-5-21-2895268558-4179327395-2773671012-1126)(OA;CI;CR;00299570-246d-11d0-a768-00aa006e0529;bf967aba-0de6-11d0-a285-00aa003049e2;S-1-5-21-2895268558-4179327395-2773671012-1126)(OA;CIIO;CCDCLC;c975c901-6cea-4b6f-8319-d67f45449506;4828cc14-1437-45bc-9b07-ad6f015e5f28;S-1-5-21-2895268558-4179327395-2773671012-1123)(OA;CIIO;CCDCLC;c975c901-6cea-4b6f-8319-d67f45449506;bf967aba-0de6-11d0-a285-00aa003049e2;S-1-5-21-2895268558-4179327395-2773671012-1123)(OA;;CR;3e0f7e18-2c7a-4c10-ba82-4d926db99a3e;;S-1-5-21-2895268558-4179327395-2773671012-522)(OA;;CR;1131f6aa-9c07-11d1-f79f-00c04fc2dcd2;;S-1-5-21-2895268558-4179327395-2773671012-1151)(OA;;CR;1131f6aa-9c07-11d1-f79f-00c04fc2dcd2;;S-1-5-21-2895268558-4179327395-2773671012-498)(OA;;CR;1131f6ab-9c07-11d1-f79f-00c04fc2dcd2;;S-1-5-21-2895268558-4179327395-2773671012-1123)(OA;;CR;1131f6ad-9c07-11d1-f79f-00c04fc2dcd2;;DD)(OA;;CR;1131f6ad-9c07-11d1-f79f-00c04fc2dcd2;;S-1-5-21-2895268558-4179327395-2773671012-1151)(OA;CI;CC;4828cc14-1437-45bc-9b07-ad6f015e5f28;;S-1-5-21-2895268558-4179327395-2773671012-1126)(OA;CI;CC;bf967a86-0de6-11d0-a285-00aa003049e2;;S-1-5-21-2895268558-4179327395-2773671012-1126)(OA;CI;CC;bf967a9c-0de6-11d0-a285-00aa003049e2;;S-1-5-21-2895268558-4179327395-2773671012-1126)(OA;CI;CC;bf967aa5-0de6-11d0-a285-00aa003049e2;;S-1-5-21-2895268558-4179327395-2773671012-1126)(OA;CI;CC;bf967aba-0de6-11d0-a285-00aa003049e2;;S-1-5-21-2895268558-4179327395-2773671012-1126)(OA;CI;CC;5cb41ed0-0e4c-11d0-a286-00aa003049e2;;S-1-5-21-2895268558-4179327395-2773671012-1126)(OA;CI;RP;4c164200-20c0-11d0-a768-00aa006e0529;;S-1-5-21-2895268558-4179327395-2773671012-1118)(OA;CI;RP;b1b3a417-ec55-4191-b327-b72e33e38af2;;S-1-5-21-2895268558-4179327395-2773671012-1123)(OA;CI;RP;9a7ad945-ca53-11d1-bbd0-0080c76670c0;;S-1-5-21-2895268558-4179327395-2773671012-1123)(OA;CI;RP;bf967a68-0de6-11d0-a285-00aa003049e2;;S-1-5-21-2895268558-4179327395-2773671012-1123)(OA;CI;RP;1f298a89-de98-47b8-b5cd-572ad53d267e;;S-1-5-21-2895268558-4179327395-2773671012-1123)(OA;CI;RP;bf967991-0de6-11d0-a285-00aa003049e2;;S-1-5-21-2895268558-4179327395-2773671012-1123)(OA;CI;RP;5fd424a1-1262-11d0-a060-00aa006c33ed;;S-1-5-21-2895268558-4179327395-2773671012-1123)(OA;CI;WP;bf967a06-0de6-11d0-a285-00aa003049e2;;S-1-5-21-2895268558-4179327395-2773671012-1109)(OA;CI;WP;bf967a06-0de6-11d0-a285-00aa003049e2;;S-1-5-21-2895268558-4179327395-2773671012-1124)(OA;CI;WP;bf967a0a-0de6-11d0-a285-00aa003049e2;;S-1-5-21-2895268558-4179327395-2773671012-1126)(OA;CI;WP;3e74f60e-3e73-11d1-a9c0-0000f80367c1;;S-1-5-21-2895268558-4179327395-2773671012-1109)(OA;CI;WP;3e74f60e-3e73-11d1-a9c0-0000f80367c1;;S-1-5-21-2895268558-4179327395-2773671012-1124)(OA;CI;WP;b1b3a417-ec55-4191-b327-b72e33e38af2;;S-1-5-21-2895268558-4179327395-2773671012-1109)(OA;CI;WP;b1b3a417-ec55-4191-b327-b72e33e38af2;;S-1-5-21-2895268558-4179327395-2773671012-1124)(OA;CI;WP;bf96791a-0de6-11d0-a285-00aa003049e2;;S-1-5-21-2895268558-4179327395-2773671012-1109)(OA;CI;WP;bf96791a-0de6-11d0-a285-00aa003049e2;;S-1-5-21-2895268558-4179327395-2773671012-1124)(OA;CI;WP;9a9a021e-4a5b-11d1-a9c3-0000f80367c1;;S-1-5-21-2895268558-4179327395-2773671012-1123)(OA;CI;WP;0296c120-40da-11d1-a9c0-0000f80367c1;;S-1-5-21-2895268558-4179327395-2773671012-1126)(OA;CI;WP;934de926-b09e-11d2-aa06-00c04f8eedd8;;S-1-5-21-2895268558-4179327395-2773671012-1123)(OA;CI;WP;5e353847-f36c-48be-a7f7-49685402503c;;S-1-5-21-2895268558-4179327395-2773671012-1123)(OA;CI;WP;8d3bca50-1d7e-11d0-a081-00aa006c33ed;;S-1-5-21-2895268558-4179327395-2773671012-1123)(OA;CI;WP;bf967953-0de6-11d0-a285-00aa003049e2;;S-1-5-21-2895268558-4179327395-2773671012-1109)(OA;CI;WP;bf967953-0de6-11d0-a285-00aa003049e2;;S-1-5-21-2895268558-4179327395-2773671012-1124)(OA;CI;WP;e48d0154-bcf8-11d1-8702-00c04fb96050;;S-1-5-21-2895268558-4179327395-2773671012-1124)(OA;CI;WP;275b2f54-982d-4dcd-b0ad-e53501445efb;;S-1-5-21-2895268558-4179327395-2773671012-1123)(OA;CI;WP;bf967954-0de6-11d0-a285-00aa003049e2;;S-1-5-21-2895268558-4179327395-2773671012-1109)(OA;CI;WP;bf967954-0de6-11d0-a285-00aa003049e2;;S-1-5-21-2895268558-4179327395-2773671012-1124)(OA;CI;WP;bf967961-0de6-11d0-a285-00aa003049e2;;S-1-5-21-2895268558-4179327395-2773671012-1109)(OA;CI;WP;bf967961-0de6-11d0-a285-00aa003049e2;;S-1-5-21-2895268558-4179327395-2773671012-1124)(OA;CI;WP;bf967a68-0de6-11d0-a285-00aa003049e2;;S-1-5-21-2895268558-4179327395-2773671012-1126)(OA;CI;WP;5fd42471-1262-11d0-a060-00aa006c33ed;;S-1-5-21-2895268558-4179327395-2773671012-1126)(OA;CI;WP;5430e777-c3ea-4024-902e-dde192204669;;S-1-5-21-2895268558-4179327395-2773671012-1123)(OA;CI;WP;6f606079-3a82-4c1b-8efb-dcc8c91d26fe;;S-1-5-21-2895268558-4179327395-2773671012-1123)(OA;CI;WP;bf967a7a-0de6-11d0-a285-00aa003049e2;;S-1-5-21-2895268558-4179327395-2773671012-1126)(OA;CI;WP;bf967a7f-0de6-11d0-a285-00aa003049e2;;S-1-5-21-2895268558-4179327395-2773671012-1123)(OA;CI;WP;614aea82-abc6-4dd0-a148-d67a59c72816;;S-1-5-21-2895268558-4179327395-2773671012-1123)(OA;CI;WP;66437984-c3c5-498f-b269-987819ef484b;;S-1-5-21-2895268558-4179327395-2773671012-1123)(OA;CI;WP;77b5b886-944a-11d1-aebd-0000f80367c1;;S-1-5-21-2895268558-4179327395-2773671012-1124)(OA;CI;WP;a8df7489-c5ea-11d1-bbcb-0080c76670c0;;S-1-5-21-2895268558-4179327395-2773671012-1109)(OA;CI;WP;a8df7489-c5ea-11d1-bbcb-0080c76670c0;;S-1-5-21-2895268558-4179327395-2773671012-1124)(OA;CI;WP;1f298a89-de98-47b8-b5cd-572ad53d267e;;S-1-5-21-2895268558-4179327395-2773671012-1109)(OA;CI;WP;1f298a89-de98-47b8-b5cd-572ad53d267e;;S-1-5-21-2895268558-4179327395-2773671012-1124)(OA;CI;WP;f0f8ff9a-1191-11d0-a060-00aa006c33ed;;S-1-5-21-2895268558-4179327395-2773671012-1109)(OA;CI;WP;f0f8ff9a-1191-11d0-a060-00aa006c33ed;;S-1-5-21-2895268558-4179327395-2773671012-1123)(OA;CI;WP;f0f8ff9a-1191-11d0-a060-00aa006c33ed;;S-1-5-21-2895268558-4179327395-2773671012-1124)(OA;CI;WP;2cc06e9d-6f7e-426a-8825-0215de176e11;;S-1-5-21-2895268558-4179327395-2773671012-1123)(OA;CI;WP;5fd424a1-1262-11d0-a060-00aa006c33ed;;S-1-5-21-2895268558-4179327395-2773671012-1109)(OA;CI;WP;5fd424a1-1262-11d0-a060-00aa006c33ed;;S-1-5-21-2895268558-4179327395-2773671012-1124)(OA;CI;WP;3263e3b8-fd6b-4c60-87f2-34bdaa9d69eb;;S-1-5-21-2895268558-4179327395-2773671012-1123)(OA;CI;WP;28630ebc-41d5-11d1-a9c1-0000f80367c1;;S-1-5-21-2895268558-4179327395-2773671012-1109)(OA;CI;WP;28630ebc-41d5-11d1-a9c1-0000f80367c1;;S-1-5-21-2895268558-4179327395-2773671012-1124)(OA;CI;WP;bf9679c0-0de6-11d0-a285-00aa003049e2;;S-1-5-21-2895268558-4179327395-2773671012-1126)(OA;CI;WP;3e0abfd0-126a-11d0-a060-00aa006c33ed;;S-1-5-21-2895268558-4179327395-2773671012-1126)(OA;CI;WP;7cb4c7d3-8787-42b0-b438-3c5d479ad31e;;S-1-5-21-2895268558-4179327395-2773671012-1123)(OA;CI;RPWP;5b47d60f-6090-40b2-9f37-2a4de88f3063;;S-1-5-21-2895268558-4179327395-2773671012-526)(OA;CI;RPWP;5b47d60f-6090-40b2-9f37-2a4de88f3063;;S-1-5-21-2895268558-4179327395-2773671012-527)(OA;CI;DTWD;;4828cc14-1437-45bc-9b07-ad6f015e5f28;S-1-5-21-2895268558-4179327395-2773671012-1126)(OA;CI;DTWD;;bf967aba-0de6-11d0-a285-00aa003049e2;S-1-5-21-2895268558-4179327395-2773671012-1126)(OA;CI;CCDCLCRPWPLO;f0f8ffac-1191-11d0-a060-00aa006c33ed;;S-1-5-21-2895268558-4179327395-2773671012-1124)(OA;CI;CCDCLCRPWPLO;e8b2aff2-59a7-4eac-9a70-819adef701dd;;S-1-5-21-2895268558-4179327395-2773671012-1123)(OA;CI;CCDCLCSWRPWPDTLOCRSDRCWDWO;018849b0-a981-11d2-a9ff-00c04f8eedd8;;S-1-5-21-2895268558-4179327395-2773671012-1109)(OA;CI;CCDCLCSWRPWPDTLOCRSDRCWDWO;018849b0-a981-11d2-a9ff-00c04f8eedd8;;S-1-5-21-2895268558-4179327395-2773671012-1124)(OA;CIIO;SD;;4828cc14-1437-45bc-9b07-ad6f015e5f28;S-1-5-21-2895268558-4179327395-2773671012-1126)(OA;CIIO;SD;;bf967a86-0de6-11d0-a285-00aa003049e2;S-1-5-21-2895268558-4179327395-2773671012-1126)(OA;CIIO;SD;;bf967a9c-0de6-11d0-a285-00aa003049e2;S-1-5-21-2895268558-4179327395-2773671012-1126)(OA;CIIO;SD;;bf967aa5-0de6-11d0-a285-00aa003049e2;S-1-5-21-2895268558-4179327395-2773671012-1126)(OA;CIIO;SD;;bf967aba-0de6-11d0-a285-00aa003049e2;S-1-5-21-2895268558-4179327395-2773671012-1126)(OA;CIIO;SD;;5cb41ed0-0e4c-11d0-a286-00aa003049e2;S-1-5-21-2895268558-4179327395-2773671012-1126)(OA;CIIO;WD;;bf967a9c-0de6-11d0-a285-00aa003049e2;S-1-5-21-2895268558-4179327395-2773671012-1124)(OA;CIIO;SW;9b026da6-0d3c-465c-8bee-5199d7165cba;bf967a86-0de6-11d0-a285-00aa003049e2;CO)(OA;CIIO;SW;9b026da6-0d3c-465c-8bee-5199d7165cba;bf967a86-0de6-11d0-a285-00aa003049e2;PS)(OA;CIIO;RP;b7c69e6d-2cc7-11d2-854e-00a0c983f608;bf967a86-0de6-11d0-a285-00aa003049e2;ED)(OA;CIIO;RP;b7c69e6d-2cc7-11d2-854e-00a0c983f608;bf967a9c-0de6-11d0-a285-00aa003049e2;ED)(OA;CIIO;RP;b7c69e6d-2cc7-11d2-854e-00a0c983f608;bf967aba-0de6-11d0-a285-00aa003049e2;ED)(OA;CIIO;WP;ea1b7b93-5e48-46d5-bc6c-4df4fda78a35;bf967a86-0de6-11d0-a285-00aa003049e2;PS)(OA;CIIO;CCDCLCSWRPWPDTLOCRSDRCWDWO;;c975c901-6cea-4b6f-8319-d67f45449506;S-1-5-21-2895268558-4179327395-2773671012-1124)(OA;CIIO;CCDCLCSWRPWPDTLOCRSDRCWDWO;;f0f8ffac-1191-11d0-a060-00aa006c33ed;S-1-5-21-2895268558-4179327395-2773671012-1124)(OA;CINPIO;RPWPLOSD;;e8b2aff2-59a7-4eac-9a70-819adef701dd;S-1-5-21-2895268558-4179327395-2773671012-1123)(OA;;CR;89e95b76-444d-4c62-991a-0facbeda640c;;BA)(OA;;CR;1131f6aa-9c07-11d1-f79f-00c04fc2dcd2;;BA)(OA;;CR;1131f6ab-9c07-11d1-f79f-00c04fc2dcd2;;BA)(OA;;CR;1131f6ac-9c07-11d1-f79f-00c04fc2dcd2;;BA)(OA;;CR;1131f6ad-9c07-11d1-f79f-00c04fc2dcd2;;BA)(OA;;CR;1131f6ae-9c07-11d1-f79f-00c04fc2dcd2;;BA)(OA;;CR;e2a36dc9-ae17-47c3-b58b-be34c55ba633;;S-1-5-32-557)(OA;CIIO;LCRPLORC;;4828cc14-1437-45bc-9b07-ad6f015e5f28;RU)(OA;CIIO;LCRPLORC;;bf967a9c-0de6-11d0-a285-00aa003049e2;RU)(OA;CIIO;LCRPLORC;;bf967aba-0de6-11d0-a285-00aa003049e2;RU)(OA;;CR;05c74c5e-4deb-43b4-bd9f-86664c2a7fd5;;AU)(OA;;CR;89e95b76-444d-4c62-991a-0facbeda640c;;ED)(OA;;CR;ccc2dc7d-a6ad-4a7a-8846-c04e3cc53501;;AU)(OA;;CR;280f369c-67c7-438e-ae98-1d46f3c6f541;;AU)(OA;;CR;1131f6aa-9c07-11d1-f79f-00c04fc2dcd2;;ED)(OA;;CR;1131f6ab-9c07-11d1-f79f-00c04fc2dcd2;;ED)(OA;;CR;1131f6ac-9c07-11d1-f79f-00c04fc2dcd2;;ED)(OA;;CR;1131f6ae-9c07-11d1-f79f-00c04fc2dcd2;;ED)(OA;CI;RP;b1b3a417-ec55-4191-b327-b72e33e38af2;;NS)(OA;CI;RP;1f298a89-de98-47b8-b5cd-572ad53d267e;;AU)(OA;CI;RPWP;3f78c3e5-f79a-46bd-a0b8-9d18116ddc79;;PS)(OA;CIIO;RPWPCR;91e647de-d96f-4b70-9557-d63ff4f3ccd8;;PS)(A;;CCLCSWRPWPLOCRRCWDWO;;;DA)(A;CI;LCRPLORC;;;S-1-5-21-2895268558-4179327395-2773671012-1109)(A;CI;LCRPLORC;;;S-1-5-21-2895268558-4179327395-2773671012-1124)(A;CI;CCDCLCSWRPWPDTLOCRSDRCWDWO;;;S-1-5-21-2895268558-4179327395-2773671012-519)(A;;RPRC;;;RU)(A;CI;LC;;;RU)(A;CI;CCLCSWRPWPLOCRSDRCWDWO;;;BA)(A;;RP;;;WD)(A;;LCRPLORC;;;ED)(A;;LCRPLORC;;;AU)(A;;CCDCLCSWRPWPDTLOCRSDRCWDWO;;;SY)S:(OU;CISA;WP;f30e3bbe-9ff0-11d1-b603-0000f80367c1;bf967aa5-0de6-11d0-a285-00aa003049e2;WD)(OU;CISA;WP;f30e3bbf-9ff0-11d1-b603-0000f80367c1;bf967aa5-0de6-11d0-a285-00aa003049e2;WD)(AU;SA;CR;;;DU)(AU;SA;CR;;;BA)(AU;SA;WPWDWO;;;WD)
OperationType: '%%14674'
SubjectUserName: EXCHANGE$
"
2019-02-13T15:26:53.356780+00:00,RDP Login from Localhost,data/EVTX-ATTACK-SAMPLES/Command and Control/DE_RDP_Tunneling_4624.evtx,1,Microsoft-Windows-Security-Auditing,4624,5315,PC02.example.corp,"AuthenticationPackageName: Negotiate
LogonProcessName: 'User32 '
KeyLength: 0
TargetDomainName: PC02
SubjectLogonId: '0x3e7'
TargetLogonId: '0x45120'
LogonGuid: 00000000-0000-0000-0000-000000000000
SubjectDomainName: EXAMPLE
LogonType: 10
WorkstationName: PC02
SubjectUserSid: S-1-5-18
TransmittedServices: '-'
ProcessId: '0x658'
IpPort: '49164'
TargetUserName: IEUser
ProcessName: C:\Windows\System32\winlogon.exe
LmPackageName: '-'
SubjectUserName: PC02$
TargetUserSid: S-1-5-21-3583694148-1414552638-2922671848-1000
IpAddress: 127.0.0.1
"
2019-02-13T18:04:58.363696+00:00,Admin User Remote Logon;RDP Login from Localhost,data/EVTX-ATTACK-SAMPLES/Command and Control/DE_RDP_Tunnel_5156.evtx,1,Microsoft-Windows-Security-Auditing,4624,227762,PC01.example.corp,"AuthenticationPackageName: Negotiate
LogonProcessName: 'User32 '
KeyLength: 0
TargetDomainName: EXAMPLE
SubjectLogonId: '0x3e7'
TargetLogonId: '0x14a321'
LogonGuid: AF83A89C-C68A-5397-5AC6-24A0C4D2BAF6
SubjectDomainName: EXAMPLE
LogonType: 10
WorkstationName: PC01
SubjectUserSid: S-1-5-18
TransmittedServices: '-'
ProcessId: '0x4b8'
IpPort: '49274'
TargetUserName: admin01
ProcessName: C:\Windows\System32\winlogon.exe
LmPackageName: '-'
SubjectUserName: PC01$
TargetUserSid: S-1-5-21-1587066498-1489273250-1035260531-1108
IpAddress: 127.0.0.1
"
2019-02-16T10:02:21.934438+00:00,Hacktool - EDR-Freeze Execution;Potential Remote Desktop Tunneling;Suspicious Plink Port Forwarding;UAC Bypass Using NTFS Reparse Point - Process,data/EVTX-ATTACK-SAMPLES/Command and Control/DE_sysmon-3-rdp-tun.evtx,1,Microsoft-Windows-Sysmon,1,1940899,PC01.example.corp,"Image: C:\Users\IEUser\Desktop\plink.exe
RuleName: ''
Description: Command-line SSH, Telnet, and Rlogin client
TerminalSessionId: 1
ParentCommandLine: '""C:\Windows\system32\cmd.exe"" '
Product: PuTTY suite
Company: Simon Tatham
ParentProcessId: 3904
LogonGuid: 365ABB72-D6AB-5C67-0000-002056660200
Hashes: SHA1=7806AD24F669CD8BB9EBE16F87E90173047F8EE4
ParentProcessGuid: 365ABB72-D92A-5C67-0000-0010CB580900
ProcessId: 2312
CurrentDirectory: C:\Users\IEUser\Desktop\
ProcessGuid: 365ABB72-DFAD-5C67-0000-0010E0811500
CommandLine: plink.exe  10.0.2.18 -P 80 -C -R 127.0.0.3:4444:127.0.0.2:3389 -l test -pw test
FileVersion: Release 0.70
User: PC01\IEUser
LogonId: '0x26656'
IntegrityLevel: High
ParentImage: C:\Windows\System32\cmd.exe
UtcTime: 2019-02-16 10:02:21.934
"
2019-02-16T10:03:48.058278+00:00,Hacktool - EDR-Freeze Execution;UAC Bypass Using NTFS Reparse Point - Process,data/EVTX-ATTACK-SAMPLES/Command and Control/DE_sysmon-3-rdp-tun.evtx,1,Microsoft-Windows-Sysmon,1,1940906,PC01.example.corp,"Image: C:\Windows\System32\UI0Detect.exe
RuleName: ''
Description: Interactive services detection
TerminalSessionId: 1
ParentCommandLine: C:\Windows\system32\UI0Detect.exe
Product: Microsoft® Windows® Operating System
Company: Microsoft Corporation
ParentProcessId: 2324
LogonGuid: 365ABB72-D6AB-5C67-0000-002056660200
Hashes: SHA1=4C0D16BD7C0C13D4D279DCFD3A7BC8B790DA35F7
ParentProcessGuid: 365ABB72-D6A2-5C67-0000-0010BC390200
ProcessId: 2504
CurrentDirectory: C:\Windows\system32\
ProcessGuid: 365ABB72-E004-5C67-0000-00107C9B1500
CommandLine: UI0Detect.exe 224
FileVersion: 6.1.7600.16385 (win7_rtm.090713-1255)
User: PC01\IEUser
LogonId: '0x26656'
IntegrityLevel: High
ParentImage: C:\Windows\System32\UI0Detect.exe
UtcTime: 2019-02-16 10:03:48.048
"
2019-02-16T10:04:04.141404+00:00,HackTool - CrackMapExec Process Patterns;Hacktool - EDR-Freeze Execution;UAC Bypass Using NTFS Reparse Point - Process,data/EVTX-ATTACK-SAMPLES/Command and Control/DE_sysmon-3-rdp-tun.evtx,1,Microsoft-Windows-Sysmon,1,1940908,PC01.example.corp,"Image: C:\Windows\System32\smss.exe
RuleName: ''
Description: Windows Session Manager
TerminalSessionId: 2
ParentCommandLine: \SystemRoot\System32\smss.exe
Product: Microsoft® Windows® Operating System
Company: Microsoft Corporation
ParentProcessId: 292
LogonGuid: 365ABB72-551F-5C68-0000-0020E7030000
Hashes: SHA1=3F71807933F1BC000D4D0AD6C1FA7393987516E9
ParentProcessGuid: 365ABB72-5517-5C68-0000-0010732A0000
ProcessId: 3444
CurrentDirectory: C:\Windows\
ProcessGuid: 365ABB72-E014-5C67-0000-0010FCA01500
CommandLine: '\SystemRoot\System32\smss.exe 00000000 0000003c '
FileVersion: 6.1.7600.16385 (win7_rtm.090713-1255)
User: NT AUTHORITY\SYSTEM
LogonId: '0x3e7'
IntegrityLevel: System
ParentImage: C:\Windows\System32\smss.exe
UtcTime: 2019-02-16 10:04:04.141
"
2019-02-16T10:04:04.151419+00:00,HackTool - CrackMapExec Process Patterns;Hacktool - EDR-Freeze Execution;UAC Bypass Using NTFS Reparse Point - Process,data/EVTX-ATTACK-SAMPLES/Command and Control/DE_sysmon-3-rdp-tun.evtx,1,Microsoft-Windows-Sysmon,1,1940909,PC01.example.corp,"Image: C:\Windows\System32\csrss.exe
RuleName: ''
Description: Client Server Runtime Process
TerminalSessionId: 2
ParentCommandLine: '\SystemRoot\System32\smss.exe 00000000 0000003c '
Product: Microsoft® Windows® Operating System
Company: Microsoft Corporation
ParentProcessId: 3444
LogonGuid: 365ABB72-551F-5C68-0000-0020E7030000
Hashes: SHA1=53BC9B2AE89FCAD6197EC519AE588F926C88E460
ParentProcessGuid: 365ABB72-E014-5C67-0000-0010FCA01500
ProcessId: 3344
CurrentDirectory: C:\Windows\system32
ProcessGuid: 365ABB72-E014-5C67-0000-00104AA11500
CommandLine: '%%SystemRoot%%\system32\csrss.exe ObjectDirectory=\Windows SharedSection=1024,12288,512 Windows=On SubSystemType=Windows ServerDll=basesrv,1 ServerDll=winsrv:UserServerDllInitialization,3 ServerDll=winsrv:ConServerDllInitialization,2 ServerDll=sxssrv,4 ProfileControl=Off MaxRequestThreads=16'
FileVersion: 6.1.7600.16385 (win7_rtm.090713-1255)
User: NT AUTHORITY\SYSTEM
LogonId: '0x3e7'
IntegrityLevel: System
ParentImage: C:\Windows\System32\smss.exe
UtcTime: 2019-02-16 10:04:04.151
"
2019-02-16T10:04:04.221520+00:00,HackTool - CrackMapExec Process Patterns;Hacktool - EDR-Freeze Execution;UAC Bypass Using NTFS Reparse Point - Process,data/EVTX-ATTACK-SAMPLES/Command and Control/DE_sysmon-3-rdp-tun.evtx,1,Microsoft-Windows-Sysmon,1,1940910,PC01.example.corp,"Image: C:\Windows\System32\winlogon.exe
RuleName: ''
Description: Windows Logon Application
TerminalSessionId: 2
ParentCommandLine: '\SystemRoot\System32\smss.exe 00000000 0000003c '
Product: Microsoft® Windows® Operating System
Company: Microsoft Corporation
ParentProcessId: 3444
LogonGuid: 365ABB72-551F-5C68-0000-0020E7030000
Hashes: SHA1=B7F3D71BD568CBD15C6C3445042FCBEB322E8072
ParentProcessGuid: 365ABB72-E014-5C67-0000-0010FCA01500
ProcessId: 2516
CurrentDirectory: C:\Windows\system32
ProcessGuid: 365ABB72-E014-5C67-0000-001013A21500
CommandLine: winlogon.exe
FileVersion: 6.1.7601.17514 (win7sp1_rtm.101119-1850)
User: NT AUTHORITY\SYSTEM
LogonId: '0x3e7'
IntegrityLevel: System
ParentImage: C:\Windows\System32\smss.exe
UtcTime: 2019-02-16 10:04:04.211
"
2019-02-16T10:04:04.351707+00:00,HackTool - CrackMapExec Process Patterns;Hacktool - EDR-Freeze Execution;UAC Bypass Using NTFS Reparse Point - Process,data/EVTX-ATTACK-SAMPLES/Command and Control/DE_sysmon-3-rdp-tun.evtx,1,Microsoft-Windows-Sysmon,1,1940914,PC01.example.corp,"Image: C:\Windows\System32\LogonUI.exe
RuleName: ''
Description: Windows Logon User Interface Host
TerminalSessionId: 2
ParentCommandLine: winlogon.exe
Product: Microsoft® Windows® Operating System
Company: Microsoft Corporation
ParentProcessId: 2516
LogonGuid: 365ABB72-551F-5C68-0000-0020E7030000
Hashes: SHA1=6FCAD4F6BB71049744D25F2B53A651AC5AA79187
ParentProcessGuid: 365ABB72-E014-5C67-0000-001013A21500
ProcessId: 3780
CurrentDirectory: C:\Windows\system32\
ProcessGuid: 365ABB72-E014-5C67-0000-001023A71500
CommandLine: '""LogonUI.exe"" /flags:0x0'
FileVersion: 6.1.7601.17514 (win7sp1_rtm.101119-1850)
User: NT AUTHORITY\SYSTEM
LogonId: '0x3e7'
IntegrityLevel: System
ParentImage: C:\Windows\System32\winlogon.exe
UtcTime: 2019-02-16 10:04:04.331
"
2019-02-16T10:04:04.892484+00:00,HackTool - CrackMapExec Process Patterns;Hacktool - EDR-Freeze Execution;UAC Bypass Using NTFS Reparse Point - Process,data/EVTX-ATTACK-SAMPLES/Command and Control/DE_sysmon-3-rdp-tun.evtx,1,Microsoft-Windows-Sysmon,1,1940916,PC01.example.corp,"Image: C:\Windows\System32\csrss.exe
RuleName: ''
Description: Client Server Runtime Process
TerminalSessionId: 3
ParentCommandLine: '\SystemRoot\System32\smss.exe 00000000 0000003c '
Product: Microsoft® Windows® Operating System
Company: Microsoft Corporation
ParentProcessId: 3064
LogonGuid: 365ABB72-551F-5C68-0000-0020E7030000
Hashes: SHA1=53BC9B2AE89FCAD6197EC519AE588F926C88E460
ParentProcessGuid: 365ABB72-E014-5C67-0000-001024B71500
ProcessId: 3204
CurrentDirectory: C:\Windows\system32
ProcessGuid: 365ABB72-E014-5C67-0000-001090B71500
CommandLine: '%%SystemRoot%%\system32\csrss.exe ObjectDirectory=\Windows SharedSection=1024,12288,512 Windows=On SubSystemType=Windows ServerDll=basesrv,1 ServerDll=winsrv:UserServerDllInitialization,3 ServerDll=winsrv:ConServerDllInitialization,2 ServerDll=sxssrv,4 ProfileControl=Off MaxRequestThreads=16'
FileVersion: 6.1.7600.16385 (win7_rtm.090713-1255)
User: NT AUTHORITY\SYSTEM
LogonId: '0x3e7'
IntegrityLevel: System
ParentImage: C:\Windows\System32\smss.exe
UtcTime: 2019-02-16 10:04:04.892
"
2019-02-16T10:04:04.892484+00:00,HackTool - CrackMapExec Process Patterns;Hacktool - EDR-Freeze Execution;UAC Bypass Using NTFS Reparse Point - Process,data/EVTX-ATTACK-SAMPLES/Command and Control/DE_sysmon-3-rdp-tun.evtx,1,Microsoft-Windows-Sysmon,1,1940915,PC01.example.corp,"Image: C:\Windows\System32\smss.exe
RuleName: ''
Description: Windows Session Manager
TerminalSessionId: 3
ParentCommandLine: \SystemRoot\System32\smss.exe
Product: Microsoft® Windows® Operating System
Company: Microsoft Corporation
ParentProcessId: 292
LogonGuid: 365ABB72-551F-5C68-0000-0020E7030000
Hashes: SHA1=3F71807933F1BC000D4D0AD6C1FA7393987516E9
ParentProcessGuid: 365ABB72-5517-5C68-0000-0010732A0000
ProcessId: 3064
CurrentDirectory: C:\Windows\
ProcessGuid: 365ABB72-E014-5C67-0000-001024B71500
CommandLine: '\SystemRoot\System32\smss.exe 00000000 0000003c '
FileVersion: 6.1.7600.16385 (win7_rtm.090713-1255)
User: NT AUTHORITY\SYSTEM
LogonId: '0x3e7'
IntegrityLevel: System
ParentImage: C:\Windows\System32\smss.exe
UtcTime: 2019-02-16 10:04:04.882
"
2019-02-16T10:04:04.962585+00:00,HackTool - CrackMapExec Process Patterns;Hacktool - EDR-Freeze Execution;UAC Bypass Using NTFS Reparse Point - Process,data/EVTX-ATTACK-SAMPLES/Command and Control/DE_sysmon-3-rdp-tun.evtx,1,Microsoft-Windows-Sysmon,1,1940917,PC01.example.corp,"Image: C:\Windows\System32\winlogon.exe
RuleName: ''
Description: Windows Logon Application
TerminalSessionId: 3
ParentCommandLine: '\SystemRoot\System32\smss.exe 00000000 0000003c '
Product: Microsoft® Windows® Operating System
Company: Microsoft Corporation
ParentProcessId: 3064
LogonGuid: 365ABB72-551F-5C68-0000-0020E7030000
Hashes: SHA1=B7F3D71BD568CBD15C6C3445042FCBEB322E8072
ParentProcessGuid: 365ABB72-E014-5C67-0000-001024B71500
ProcessId: 2988
CurrentDirectory: C:\Windows\system32
ProcessGuid: 365ABB72-E014-5C67-0000-001094B81500
CommandLine: winlogon.exe
FileVersion: 6.1.7601.17514 (win7sp1_rtm.101119-1850)
User: NT AUTHORITY\SYSTEM
LogonId: '0x3e7'
IntegrityLevel: System
ParentImage: C:\Windows\System32\smss.exe
UtcTime: 2019-02-16 10:04:04.952
"
2019-02-16T10:04:05.283046+00:00,HackTool - CrackMapExec Process Patterns;Hacktool - EDR-Freeze Execution;UAC Bypass Using NTFS Reparse Point - Process,data/EVTX-ATTACK-SAMPLES/Command and Control/DE_sysmon-3-rdp-tun.evtx,1,Microsoft-Windows-Sysmon,1,1940924,PC01.example.corp,"Image: C:\Windows\System32\LogonUI.exe
RuleName: ''
Description: Windows Logon User Interface Host
TerminalSessionId: 3
ParentCommandLine: winlogon.exe
Product: Microsoft® Windows® Operating System
Company: Microsoft Corporation
ParentProcessId: 2988
LogonGuid: 365ABB72-551F-5C68-0000-0020E7030000
Hashes: SHA1=6FCAD4F6BB71049744D25F2B53A651AC5AA79187
ParentProcessGuid: 365ABB72-E014-5C67-0000-001094B81500
ProcessId: 2920
CurrentDirectory: C:\Windows\system32\
ProcessGuid: 365ABB72-E015-5C67-0000-00103FC01500
CommandLine: '""LogonUI.exe"" /flags:0x0'
FileVersion: 6.1.7601.17514 (win7sp1_rtm.101119-1850)
User: NT AUTHORITY\SYSTEM
LogonId: '0x3e7'
IntegrityLevel: System
ParentImage: C:\Windows\System32\winlogon.exe
UtcTime: 2019-02-16 10:04:05.232
"
2019-02-16T10:04:05.563449+00:00,Hacktool - EDR-Freeze Execution;UAC Bypass Using NTFS Reparse Point - Process,data/EVTX-ATTACK-SAMPLES/Command and Control/DE_sysmon-3-rdp-tun.evtx,1,Microsoft-Windows-Sysmon,1,1940925,PC01.example.corp,"Image: C:\Windows\System32\TSTheme.exe
RuleName: ''
Description: TSTheme Server Module
TerminalSessionId: 1
ParentCommandLine: C:\Windows\system32\svchost.exe -k DcomLaunch
Product: Microsoft® Windows® Operating System
Company: Microsoft Corporation
ParentProcessId: 624
LogonGuid: 365ABB72-D6AB-5C67-0000-002056660200
Hashes: SHA1=9F071CE21298C2BA5E47E77A198E3C694EEA9A85
ParentProcessGuid: 365ABB72-551F-5C68-0000-001079710000
ProcessId: 3712
CurrentDirectory: C:\Windows\system32\
ProcessGuid: 365ABB72-E015-5C67-0000-0010D0C61500
CommandLine: C:\Windows\system32\TSTheme.exe -Embedding
FileVersion: 6.1.7600.16385 (win7_rtm.090713-1255)
User: PC01\IEUser
LogonId: '0x26656'
IntegrityLevel: High
ParentImage: C:\Windows\System32\svchost.exe
UtcTime: 2019-02-16 10:04:05.453
"
2019-02-16T10:05:26.499830+00:00,Hacktool - EDR-Freeze Execution;UAC Bypass Using NTFS Reparse Point - Process,data/EVTX-ATTACK-SAMPLES/Command and Control/DE_sysmon-3-rdp-tun.evtx,1,Microsoft-Windows-Sysmon,1,1940939,PC01.example.corp,"Image: C:\Windows\System32\AtBroker.exe
RuleName: ''
Description: Transitions Accessible technologies between desktops
TerminalSessionId: 1
ParentCommandLine: winlogon.exe
Product: Microsoft® Windows® Operating System
Company: Microsoft Corporation
ParentProcessId: 456
LogonGuid: 365ABB72-D6AB-5C67-0000-002056660200
Hashes: SHA1=1B376C177C5629C0E620431AF1A9E8C16BF23D53
ParentProcessGuid: 365ABB72-551E-5C68-0000-001073510000
ProcessId: 1908
CurrentDirectory: C:\Windows\system32\
ProcessGuid: 365ABB72-E066-5C67-0000-00107A001600
CommandLine: atbroker.exe
FileVersion: 6.1.7600.16385 (win7_rtm.090713-1255)
User: PC01\IEUser
LogonId: '0x26656'
IntegrityLevel: High
ParentImage: C:\Windows\System32\winlogon.exe
UtcTime: 2019-02-16 10:05:26.459
"
2019-02-16T10:06:38.843856+00:00,HackTool - CrackMapExec Process Patterns;Hacktool - EDR-Freeze Execution;UAC Bypass Using NTFS Reparse Point - Process,data/EVTX-ATTACK-SAMPLES/Command and Control/DE_sysmon-3-rdp-tun.evtx,1,Microsoft-Windows-Sysmon,1,1940969,PC01.example.corp,"Image: C:\Windows\System32\taskhost.exe
RuleName: ''
Description: Host Process for Windows Tasks
TerminalSessionId: 0
ParentCommandLine: C:\Windows\system32\services.exe
Product: Microsoft® Windows® Operating System
Company: Microsoft Corporation
ParentProcessId: 516
LogonGuid: 365ABB72-D691-5C67-0000-0020E5030000
Hashes: SHA1=D37708435E6F6CF2FD69B791FA4BE3460329B47D
ParentProcessGuid: 365ABB72-551E-5C68-0000-001048590000
ProcessId: 3820
CurrentDirectory: C:\Windows\system32\
ProcessGuid: 365ABB72-E0AE-5C67-0000-0010C9B81700
CommandLine: taskhost.exe $(Arg0)
FileVersion: 6.1.7600.16385 (win7_rtm.090713-1255)
User: NT AUTHORITY\LOCAL SERVICE
LogonId: '0x3e5'
IntegrityLevel: System
ParentImage: C:\Windows\System32\services.exe
UtcTime: 2019-02-16 10:06:38.833
"
2019-03-03T09:20:28.621489+00:00,Meterpreter or Cobalt Strike Getsystem Service Installation - System,data/EVTX-ATTACK-SAMPLES/Lateral Movement/LM_Remote_Service02_7045.evtx,1,Service Control Manager,7045,4480,WIN-77LTAPHIQ1R.example.corp,"ServiceName: spoolfool
ImagePath: cmd.exe
StartType: auto start
AccountName: LocalSystem
ServiceType: user mode service
"
2019-03-03T09:24:24.699653+00:00,Meterpreter or Cobalt Strike Getsystem Service Installation - System,data/EVTX-ATTACK-SAMPLES/Lateral Movement/LM_Remote_Service02_7045.evtx,1,Service Control Manager,7045,4482,WIN-77LTAPHIQ1R.example.corp,"ServiceName: spoolsv
ImagePath: cmd.exe
StartType: auto start
AccountName: LocalSystem
ServiceType: user mode service
"
2019-03-17T19:09:41.328868+00:00,LSASS Process Memory Dump Files;UAC Bypass Using Windows Media Player - File,data/EVTX-ATTACK-SAMPLES/Credential Access/sysmon_10_11_lsass_memdump.evtx,1,Microsoft-Windows-Sysmon,11,4433,PC04.example.corp,"ProcessGuid: 365ABB72-9B75-5C8E-0000-0010013F1200
CreationUtcTime: 2019-03-17 19:09:41.318
UtcTime: 2019-03-17 19:09:41.318
ProcessId: 1856
RuleName: ''
TargetFilename: C:\Users\IEUser\Desktop\lsass.exe_190317_120941.dmp
Image: C:\Users\IEUser\Desktop\procdump.exe
"
2019-03-17T19:09:41.328868+00:00,LSASS Memory Access by Tool With Dump Keyword In Name;Suspicious Process Access to LSASS with Dbgcore/Dbghelp DLLs,data/EVTX-ATTACK-SAMPLES/Credential Access/sysmon_10_11_lsass_memdump.evtx,1,Microsoft-Windows-Sysmon,10,4434,PC04.example.corp,"TargetProcessId: 476
TargetImage: C:\Windows\system32\lsass.exe
SourceThreadId: 980
RuleName: ''
GrantedAccess: '0x1fffff'
SourceProcessGUID: 365ABB72-9B75-5C8E-0000-0010013F1200
SourceProcessId: 1856
TargetProcessGUID: 365ABB72-0886-5C8F-0000-001030560000
CallTrace: C:\Windows\SYSTEM32\ntdll.dll+4595c|C:\Windows\SYSTEM32\ntdll.dll+1d4da|C:\Windows\system32\kernel32.dll+3cc47|C:\Windows\system32\kernel32.dll+3ff99|C:\Windows\system32\dbghelp.dll+4c791|C:\Windows\system32\dbghelp.dll+4dcab|C:\Windows\system32\dbghelp.dll+4a1b8|C:\Windows\system32\dbghelp.dll+45b81|C:\Windows\system32\dbghelp.dll+45e2a|C:\Users\IEUser\Desktop\procdump.exe+11a8d|C:\Users\IEUser\Desktop\procdump.exe+116a6|C:\Users\IEUser\Desktop\procdump.exe+11610|C:\Users\IEUser\Desktop\procdump.exe+11356|C:\Windows\system32\kernel32.dll+4ef8c|C:\Windows\SYSTEM32\ntdll.dll+6367a|C:\Windows\SYSTEM32\ntdll.dll+6364d
UtcTime: 2019-03-17 19:09:41.328
SourceImage: C:\Users\IEUser\Desktop\procdump.exe
"
2019-03-17T19:10:03.991455+00:00,LSASS Process Memory Dump Creation Via Taskmgr.EXE;LSASS Process Memory Dump Files;UAC Bypass Using Windows Media Player - File,data/EVTX-ATTACK-SAMPLES/Credential Access/sysmon_10_11_lsass_memdump.evtx,1,Microsoft-Windows-Sysmon,11,4441,PC04.example.corp,"ProcessGuid: 365ABB72-9B85-5C8E-0000-0010C4CC1200
CreationUtcTime: 2019-03-17 19:10:02.058
UtcTime: 2019-03-17 19:10:02.058
ProcessId: 3576
RuleName: ''
TargetFilename: C:\Users\IEUser\AppData\Local\Temp\lsass (2).DMP
Image: C:\Windows\system32\taskmgr.exe
"
2019-03-17T19:37:11.661930+00:00,HackTool - Generic Process Access,data/EVTX-ATTACK-SAMPLES/Credential Access/sysmon_10_lsass_mimikatz_sekurlsa_logonpasswords.evtx,1,Microsoft-Windows-Sysmon,10,4807,PC04.example.corp,"TargetProcessId: 476
TargetImage: C:\Windows\system32\lsass.exe
SourceThreadId: 2272
RuleName: ''
GrantedAccess: '0x1010'
SourceProcessGUID: 365ABB72-A1E3-5C8E-0000-0010CEF72200
SourceProcessId: 3588
TargetProcessGUID: 365ABB72-0886-5C8F-0000-001030560000
CallTrace: C:\Windows\SYSTEM32\ntdll.dll+4595c|C:\Windows\system32\KERNELBASE.dll+8185|C:\Users\IEUser\Desktop\mimikatz_trunk\Win32\mimikatz.exe+5c5a9|C:\Users\IEUser\Desktop\mimikatz_trunk\Win32\mimikatz.exe+5c86c|C:\Users\IEUser\Desktop\mimikatz_trunk\Win32\mimikatz.exe+5cbd2|C:\Users\IEUser\Desktop\mimikatz_trunk\Win32\mimikatz.exe+5c4ff|C:\Users\IEUser\Desktop\mimikatz_trunk\Win32\mimikatz.exe+3b3d3
UtcTime: 2019-03-17 19:37:11.641
SourceImage: C:\Users\IEUser\Desktop\mimikatz_trunk\Win32\mimikatz.exe
"
2019-03-17T20:17:44.537011+00:00,UAC Bypass Using Windows Media Player - File,data/EVTX-ATTACK-SAMPLES/Defense Evasion/sysmon_13_rdp_settings_tampering.evtx,1,Microsoft-Windows-Sysmon,11,5252,PC04.example.corp,"ProcessGuid: 365ABB72-A965-5C8E-0000-0010D9100400
CreationUtcTime: 2019-03-17 20:17:44.526
UtcTime: 2019-03-17 20:17:44.526
ProcessId: 3884
RuleName: ''
TargetFilename: C:\Users\IEUser\Desktop\RDPWRA~1.2\install.bat
Image: C:\Windows\Explorer.EXE
"
2019-03-17T20:17:44.637155+00:00,Suspicious Double Extension Files;UAC Bypass Using Windows Media Player - File,data/EVTX-ATTACK-SAMPLES/Defense Evasion/sysmon_13_rdp_settings_tampering.evtx,1,Microsoft-Windows-Sysmon,11,5253,PC04.example.corp,"ProcessGuid: 365ABB72-A965-5C8E-0000-0010D9100400
CreationUtcTime: 2019-03-17 20:17:44.607
UtcTime: 2019-03-17 20:17:44.607
ProcessId: 3884
RuleName: ''
TargetFilename: C:\Users\IEUser\Desktop\RDPWRA~1.2\RDPCheck.exe
Image: C:\Windows\Explorer.EXE
"
