{"group":"Sigma","kind":"individual","document":{"kind":"evtx","path":"data/EVTX-ATTACK-SAMPLES/Defense Evasion/sysmon_10_1_ppid_spoofing.evtx","data":{"Event":{"EventData":{"Image":"C:\\Windows\\System32\\svchost.exe","RuleName":"","Description":"Host Process for Windows Services","OriginalFileName":"svchost.exe","TerminalSessionId":0,"ParentCommandLine":"C:\\Windows\\system32\\services.exe","Product":"Microsoft® Windows® Operating System","Company":"Microsoft Corporation","ParentProcessId":584,"LogonGuid":"747F3D96-069D-5E76-0000-0020E5030000","Hashes":"SHA1=A1385CE20AD79F55DF235EFFD9780C31442AA234,MD5=8A0A29438052FAED8A2532DA50455756,SHA256=7FD065BAC18C5278777AE44908101CDFED72D26FA741367F0AD4D02020787AB6,IMPHASH=247B9220E5D9B720A82B2C8B5069AD69","ParentProcessGuid":"747F3D96-069C-5E76-0000-00109F520000","ProcessId":4792,"CurrentDirectory":"C:\\Windows\\system32\\","ProcessGuid":"747F3D96-8AEC-5E76-0000-0010AAE38003","CommandLine":"C:\\Windows\\system32\\svchost.exe -k LocalService -p -s fdPHost","FileVersion":"10.0.17763.1 (WinBuild.160101.0800)","User":"NT AUTHORITY\\LOCAL SERVICE","LogonId":"0x3e5","IntegrityLevel":"System","ParentImage":"C:\\Windows\\System32\\services.exe","UtcTime":"2020-03-21 21:45:16.756"},"System":{"EventID":1,"Level":4,"Provider_attributes":{"Name":"Microsoft-Windows-Sysmon","Guid":"5770385F-C22A-43E0-BF4C-06F5698FFBD9"},"Version":5,"Task":1,"Opcode":0,"TimeCreated_attributes":{"SystemTime":"2020-03-21T21:45:16.765207Z"},"Execution_attributes":{"ProcessID":2844,"ThreadID":3648},"Correlation":null,"Keywords":"0x8000000000000000","Security_attributes":{"UserID":"S-1-5-18"},"EventRecordID":244869,"Channel":"Microsoft-Windows-Sysmon/Operational","Computer":"MSEDGEWIN10"}},"Event_attributes":{"xmlns":"http://schemas.microsoft.com/win/2004/08/events/event"}}},"name":"HackTool - CrackMapExec Process Patterns","timestamp":"2020-03-21T21:45:16.765207+00:00","authors":["Florian Roth (Nextron Systems)"],"level":"high","source":"sigma","status":"experimental","falsepositives":["Unknown"],"id":"f26307d8-14cd-47e3-a26b-4b4769f24af6","logsource":{"category":"process_creation","product":"windows"},"references":["https://mpgn.gitbook.io/crackmapexec/smb-protocol/obtaining-credentials/dump-lsass"],"tags":["attack.credential-access","attack.t1003.001"]},{"group":"Sigma","kind":"individual","document":{"kind":"evtx","path":"data/EVTX-ATTACK-SAMPLES/Privilege Escalation/privesc_unquoted_svc_sysmon_1_11.evtx","data":{"Event":{"EventData":{"Image":"C:\\Windows\\System32\\LogonUI.exe","RuleName":"","Description":"Windows Logon User Interface Host","OriginalFileName":"logonui.exe","TerminalSessionId":1,"ParentCommandLine":"?","Product":"Microsoft® Windows® Operating System","Company":"Microsoft Corporation","ParentProcessId":572,"LogonGuid":"747F3D96-3384-5EA5-0000-0020E7030000","Hashes":"SHA1=E1AB36E5C3C1453C592E2901330EB13C5D29B351,MD5=33F89DD9629CB0422A2C17268376232D,SHA256=9358EF8CB7FB08581D74274005263BD8FA2E6E0FC443930B25FD345CF6CE9071,IMPHASH=B9B0B64B08B38276711093CA94348D39","ParentProcessGuid":"00000000-0000-0000-0000-000000000000","ProcessId":6244,"CurrentDirectory":"C:\\Windows\\system32\\","ProcessGuid":"747F3D96-B754-5EA4-0000-00104F0A2500","CommandLine":"\"LogonUI.exe\" /flags:0x4 /state0:0xa38bd055 /state1:0x41c64e6d","FileVersion":"10.0.17763.1 (WinBuild.160101.0800)","User":"NT AUTHORITY\\SYSTEM","LogonId":"0x3e7","IntegrityLevel":"System","ParentImage":"?","UtcTime":"2020-04-25 22:19:00.127"},"System":{"EventID":1,"Level":4,"Provider_attributes":{"Name":"Microsoft-Windows-Sysmon","Guid":"5770385F-C22A-43E0-BF4C-06F5698FFBD9"},"Version":5,"Task":1,"Opcode":0,"TimeCreated_attributes":{"SystemTime":"2020-04-25T22:19:00.308479Z"},"Execution_attributes":{"ProcessID":2752,"ThreadID":3576},"Correlation":null,"Keywords":"0x8000000000000000","Security_attributes":{"UserID":"S-1-5-18"},"EventRecordID":27322,"Channel":"Microsoft-Windows-Sysmon/Operational","Computer":"MSEDGEWIN10"}},"Event_attributes":{"xmlns":"http://schemas.microsoft.com/win/2004/08/events/event"}}},"name":"HackTool - CrackMapExec Process Patterns","timestamp":"2020-04-25T22:19:00.308479+00:00","authors":["Florian Roth (Nextron Systems)"],"level":"high","source":"sigma","status":"experimental","falsepositives":["Unknown"],"id":"f26307d8-14cd-47e3-a26b-4b4769f24af6","logsource":{"category":"process_creation","product":"windows"},"references":["https://mpgn.gitbook.io/crackmapexec/smb-protocol/obtaining-credentials/dump-lsass"],"tags":["attack.credential-access","attack.t1003.001"]},{"group":"Sigma","kind":"individual","document":{"kind":"evtx","path":"data/EVTX-ATTACK-SAMPLES/Privilege Escalation/privesc_unquoted_svc_sysmon_1_11.evtx","data":{"Event":{"EventData":{"Image":"C:\\Windows\\System32\\svchost.exe","RuleName":"","Description":"Host Process for Windows Services","OriginalFileName":"svchost.exe","TerminalSessionId":0,"ParentCommandLine":"?","Product":"Microsoft® Windows® Operating System","Company":"Microsoft Corporation","ParentProcessId":596,"LogonGuid":"747F3D96-3384-5EA5-0000-0020E7030000","Hashes":"SHA1=A1385CE20AD79F55DF235EFFD9780C31442AA234,MD5=8A0A29438052FAED8A2532DA50455756,SHA256=7FD065BAC18C5278777AE44908101CDFED72D26FA741367F0AD4D02020787AB6,IMPHASH=247B9220E5D9B720A82B2C8B5069AD69","ParentProcessGuid":"00000000-0000-0000-0000-000000000000","ProcessId":4484,"CurrentDirectory":"C:\\Windows\\system32\\","ProcessGuid":"747F3D96-B755-5EA4-0000-0010D06E2500","CommandLine":"C:\\Windows\\system32\\svchost.exe -k netsvcs -p -s gpsvc","FileVersion":"10.0.17763.1 (WinBuild.160101.0800)","User":"NT AUTHORITY\\SYSTEM","LogonId":"0x3e7","IntegrityLevel":"System","ParentImage":"?","UtcTime":"2020-04-25 22:19:01.724"},"System":{"EventID":1,"Level":4,"Provider_attributes":{"Name":"Microsoft-Windows-Sysmon","Guid":"5770385F-C22A-43E0-BF4C-06F5698FFBD9"},"Version":5,"Task":1,"Opcode":0,"TimeCreated_attributes":{"SystemTime":"2020-04-25T22:19:02.057201Z"},"Execution_attributes":{"ProcessID":2752,"ThreadID":3576},"Correlation":null,"Keywords":"0x8000000000000000","Security_attributes":{"UserID":"S-1-5-18"},"EventRecordID":27334,"Channel":"Microsoft-Windows-Sysmon/Operational","Computer":"MSEDGEWIN10"}},"Event_attributes":{"xmlns":"http://schemas.microsoft.com/win/2004/08/events/event"}}},"name":"HackTool - CrackMapExec Process Patterns","timestamp":"2020-04-25T22:19:02.057201+00:00","authors":["Florian Roth (Nextron Systems)"],"level":"high","source":"sigma","status":"experimental","falsepositives":["Unknown"],"id":"f26307d8-14cd-47e3-a26b-4b4769f24af6","logsource":{"category":"process_creation","product":"windows"},"references":["https://mpgn.gitbook.io/crackmapexec/smb-protocol/obtaining-credentials/dump-lsass"],"tags":["attack.credential-access","attack.t1003.001"]},{"group":"Sigma","kind":"individual","document":{"kind":"evtx","path":"data/EVTX-ATTACK-SAMPLES/Privilege Escalation/privesc_unquoted_svc_sysmon_1_11.evtx","data":{"Event":{"EventData":{"Image":"C:\\Windows\\System32\\smss.exe","RuleName":"","Description":"Windows Session Manager","OriginalFileName":"smss.exe","TerminalSessionId":0,"ParentCommandLine":"?","Product":"Microsoft® Windows® Operating System","Company":"Microsoft Corporation","ParentProcessId":4,"LogonGuid":"747F3D96-B764-5EA4-0000-0020E7030000","Hashes":"SHA1=5B61A25931437D4210EE3CBC8AE3A337B62F3DF0,MD5=38E6700BAA0E5484D2E00EC980FDD2E0,SHA256=B6E357B520478920810317B363AA539595D386BC5EF3D5CF9581F325026BA397,IMPHASH=BC32B6662261DE8469D6EB034C62A6A5","ParentProcessGuid":"747F3D96-B75F-5EA4-0000-0010EB030000","ProcessId":300,"CurrentDirectory":"C:\\Windows","ProcessGuid":"747F3D96-B75F-5EA4-0000-0010622C0000","CommandLine":"\\SystemRoot\\System32\\smss.exe","FileVersion":"10.0.17763.1131 (WinBuild.160101.0800)","User":"NT AUTHORITY\\SYSTEM","LogonId":"0x3e7","IntegrityLevel":"System","ParentImage":"System","UtcTime":"2020-04-25 22:19:11.037"},"System":{"EventID":1,"Level":4,"Provider_attributes":{"Name":"Microsoft-Windows-Sysmon","Guid":"5770385F-C22A-43E0-BF4C-06F5698FFBD9"},"Version":5,"Task":1,"Opcode":0,"TimeCreated_attributes":{"SystemTime":"2020-04-25T22:19:20.134560Z"},"Execution_attributes":{"ProcessID":2796,"ThreadID":3572},"Correlation":null,"Keywords":"0x8000000000000000","Security_attributes":{"UserID":"S-1-5-18"},"EventRecordID":27372,"Channel":"Microsoft-Windows-Sysmon/Operational","Computer":"MSEDGEWIN10"}},"Event_attributes":{"xmlns":"http://schemas.microsoft.com/win/2004/08/events/event"}}},"name":"HackTool - CrackMapExec Process Patterns","timestamp":"2020-04-25T22:19:20.134560+00:00","authors":["Florian Roth (Nextron Systems)"],"level":"high","source":"sigma","status":"experimental","falsepositives":["Unknown"],"id":"f26307d8-14cd-47e3-a26b-4b4769f24af6","logsource":{"category":"process_creation","product":"windows"},"references":["https://mpgn.gitbook.io/crackmapexec/smb-protocol/obtaining-credentials/dump-lsass"],"tags":["attack.credential-access","attack.t1003.001"]},{"group":"Sigma","kind":"individual","document":{"kind":"evtx","path":"data/EVTX-ATTACK-SAMPLES/Privilege Escalation/privesc_unquoted_svc_sysmon_1_11.evtx","data":{"Event":{"EventData":{"Image":"C:\\Windows\\System32\\autochk.exe","RuleName":"","Description":"Auto Check Utility","OriginalFileName":"AutoChk.Exe","TerminalSessionId":0,"ParentCommandLine":"\\SystemRoot\\System32\\smss.exe","Product":"Microsoft® Windows® Operating System","Company":"Microsoft Corporation","ParentProcessId":300,"LogonGuid":"747F3D96-B764-5EA4-0000-0020E7030000","Hashes":"SHA1=2E6C38958917FB86F09026D41337C7460EFBE5F5,MD5=990D01F2A6D10A33C382191A24BBAAAF,SHA256=644417B839762A3325920A87C3D955CA974A4EC1D6F008216910267435921255,IMPHASH=262DAC4DB20D08B06C59A7F5DBE43E61","ParentProcessGuid":"747F3D96-B75F-5EA4-0000-0010622C0000","ProcessId":328,"CurrentDirectory":"C:\\Windows\\system32\\","ProcessGuid":"747F3D96-B762-5EA4-0000-00108B3C0000","CommandLine":"\\??\\C:\\Windows\\system32\\autochk.exe *","FileVersion":"10.0.17763.1 (WinBuild.160101.0800)","User":"NT AUTHORITY\\SYSTEM","LogonId":"0x3e7","IntegrityLevel":"System","ParentImage":"C:\\Windows\\System32\\smss.exe","UtcTime":"2020-04-25 22:19:14.321"},"System":{"EventID":1,"Level":4,"Provider_attributes":{"Name":"Microsoft-Windows-Sysmon","Guid":"5770385F-C22A-43E0-BF4C-06F5698FFBD9"},"Version":5,"Task":1,"Opcode":0,"TimeCreated_attributes":{"SystemTime":"2020-04-25T22:19:22.312741Z"},"Execution_attributes":{"ProcessID":2796,"ThreadID":3572},"Correlation":null,"Keywords":"0x8000000000000000","Security_attributes":{"UserID":"S-1-5-18"},"EventRecordID":27373,"Channel":"Microsoft-Windows-Sysmon/Operational","Computer":"MSEDGEWIN10"}},"Event_attributes":{"xmlns":"http://schemas.microsoft.com/win/2004/08/events/event"}}},"name":"HackTool - CrackMapExec Process Patterns","timestamp":"2020-04-25T22:19:22.312741+00:00","authors":["Florian Roth (Nextron Systems)"],"level":"high","source":"sigma","status":"experimental","falsepositives":["Unknown"],"id":"f26307d8-14cd-47e3-a26b-4b4769f24af6","logsource":{"category":"process_creation","product":"windows"},"references":["https://mpgn.gitbook.io/crackmapexec/smb-protocol/obtaining-credentials/dump-lsass"],"tags":["attack.credential-access","attack.t1003.001"]},{"group":"Sigma","kind":"individual","document":{"kind":"evtx","path":"data/EVTX-ATTACK-SAMPLES/Privilege Escalation/privesc_unquoted_svc_sysmon_1_11.evtx","data":{"Event":{"EventData":{"Image":"C:\\Windows\\System32\\smss.exe","RuleName":"","Description":"Windows Session Manager","OriginalFileName":"smss.exe","TerminalSessionId":0,"ParentCommandLine":"\\SystemRoot\\System32\\smss.exe","Product":"Microsoft® Windows® Operating System","Company":"Microsoft Corporation","ParentProcessId":300,"LogonGuid":"747F3D96-B764-5EA4-0000-0020E7030000","Hashes":"SHA1=5B61A25931437D4210EE3CBC8AE3A337B62F3DF0,MD5=38E6700BAA0E5484D2E00EC980FDD2E0,SHA256=B6E357B520478920810317B363AA539595D386BC5EF3D5CF9581F325026BA397,IMPHASH=BC32B6662261DE8469D6EB034C62A6A5","ParentProcessGuid":"747F3D96-B75F-5EA4-0000-0010622C0000","ProcessId":388,"CurrentDirectory":"C:\\Windows\\","ProcessGuid":"747F3D96-B763-5EA4-0000-00106A480000","CommandLine":"\\SystemRoot\\System32\\smss.exe 000000cc 00000084 ","FileVersion":"10.0.17763.1131 (WinBuild.160101.0800)","User":"NT AUTHORITY\\SYSTEM","LogonId":"0x3e7","IntegrityLevel":"System","ParentImage":"C:\\Windows\\System32\\smss.exe","UtcTime":"2020-04-25 22:19:15.727"},"System":{"EventID":1,"Level":4,"Provider_attributes":{"Name":"Microsoft-Windows-Sysmon","Guid":"5770385F-C22A-43E0-BF4C-06F5698FFBD9"},"Version":5,"Task":1,"Opcode":0,"TimeCreated_attributes":{"SystemTime":"2020-04-25T22:19:22.596352Z"},"Execution_attributes":{"ProcessID":2796,"ThreadID":3572},"Correlation":null,"Keywords":"0x8000000000000000","Security_attributes":{"UserID":"S-1-5-18"},"EventRecordID":27374,"Channel":"Microsoft-Windows-Sysmon/Operational","Computer":"MSEDGEWIN10"}},"Event_attributes":{"xmlns":"http://schemas.microsoft.com/win/2004/08/events/event"}}},"name":"HackTool - CrackMapExec Process Patterns","timestamp":"2020-04-25T22:19:22.596352+00:00","authors":["Florian Roth (Nextron Systems)"],"level":"high","source":"sigma","status":"experimental","falsepositives":["Unknown"],"id":"f26307d8-14cd-47e3-a26b-4b4769f24af6","logsource":{"category":"process_creation","product":"windows"},"references":["https://mpgn.gitbook.io/crackmapexec/smb-protocol/obtaining-credentials/dump-lsass"],"tags":["attack.credential-access","attack.t1003.001"]},{"group":"Sigma","kind":"individual","document":{"kind":"evtx","path":"data/EVTX-ATTACK-SAMPLES/Privilege Escalation/privesc_unquoted_svc_sysmon_1_11.evtx","data":{"Event":{"EventData":{"Image":"C:\\Windows\\System32\\csrss.exe","RuleName":"","Description":"Client Server Runtime Process","OriginalFileName":"CSRSS.Exe","TerminalSessionId":0,"ParentCommandLine":"\\SystemRoot\\System32\\smss.exe 000000cc 00000084 ","Product":"Microsoft® Windows® Operating System","Company":"Microsoft Corporation","ParentProcessId":388,"LogonGuid":"747F3D96-B764-5EA4-0000-0020E7030000","Hashes":"SHA1=779B8AFC3FA2528B090F400EF3D592E0E2775955,MD5=7D64128BC1EECE41196858897596EBC8,SHA256=FB40ED0FFA6BC795923A941DAB6B7D6B43583D0F152A6DF4D8953D2C1A0CB417,IMPHASH=A96FA9912E09E361274AD77F1A4B252C","ParentProcessGuid":"747F3D96-B763-5EA4-0000-00106A480000","ProcessId":396,"CurrentDirectory":"C:\\Windows\\system32\\","ProcessGuid":"747F3D96-B763-5EA4-0000-001034490000","CommandLine":"%%SystemRoot%%\\system32\\csrss.exe ObjectDirectory=\\Windows SharedSection=1024,20480,768 Windows=On SubSystemType=Windows ServerDll=basesrv,1 ServerDll=winsrv:UserServerDllInitialization,3 ServerDll=sxssrv,4 ProfileControl=Off MaxRequestThreads=16","FileVersion":"10.0.17763.1 (WinBuild.160101.0800)","User":"NT AUTHORITY\\SYSTEM","LogonId":"0x3e7","IntegrityLevel":"System","ParentImage":"C:\\Windows\\System32\\smss.exe","UtcTime":"2020-04-25 22:19:15.990"},"System":{"EventID":1,"Level":4,"Provider_attributes":{"Name":"Microsoft-Windows-Sysmon","Guid":"5770385F-C22A-43E0-BF4C-06F5698FFBD9"},"Version":5,"Task":1,"Opcode":0,"TimeCreated_attributes":{"SystemTime":"2020-04-25T22:19:22.630819Z"},"Execution_attributes":{"ProcessID":2796,"ThreadID":3572},"Correlation":null,"Keywords":"0x8000000000000000","Security_attributes":{"UserID":"S-1-5-18"},"EventRecordID":27377,"Channel":"Microsoft-Windows-Sysmon/Operational","Computer":"MSEDGEWIN10"}},"Event_attributes":{"xmlns":"http://schemas.microsoft.com/win/2004/08/events/event"}}},"name":"HackTool - CrackMapExec Process Patterns","timestamp":"2020-04-25T22:19:22.630819+00:00","authors":["Florian Roth (Nextron Systems)"],"level":"high","source":"sigma","status":"experimental","falsepositives":["Unknown"],"id":"f26307d8-14cd-47e3-a26b-4b4769f24af6","logsource":{"category":"process_creation","product":"windows"},"references":["https://mpgn.gitbook.io/crackmapexec/smb-protocol/obtaining-credentials/dump-lsass"],"tags":["attack.credential-access","attack.t1003.001"]},{"group":"Sigma","kind":"individual","document":{"kind":"evtx","path":"data/EVTX-ATTACK-SAMPLES/Privilege Escalation/privesc_unquoted_svc_sysmon_1_11.evtx","data":{"Event":{"EventData":{"Image":"C:\\Windows\\System32\\smss.exe","RuleName":"","Description":"Windows Session Manager","OriginalFileName":"smss.exe","TerminalSessionId":1,"ParentCommandLine":"\\SystemRoot\\System32\\smss.exe","Product":"Microsoft® Windows® Operating System","Company":"Microsoft Corporation","ParentProcessId":300,"LogonGuid":"747F3D96-B764-5EA4-0000-0020E7030000","Hashes":"SHA1=5B61A25931437D4210EE3CBC8AE3A337B62F3DF0,MD5=38E6700BAA0E5484D2E00EC980FDD2E0,SHA256=B6E357B520478920810317B363AA539595D386BC5EF3D5CF9581F325026BA397,IMPHASH=BC32B6662261DE8469D6EB034C62A6A5","ParentProcessGuid":"747F3D96-B75F-5EA4-0000-0010622C0000","ProcessId":460,"CurrentDirectory":"C:\\Windows\\","ProcessGuid":"747F3D96-B764-5EA4-0000-0010794D0000","CommandLine":"\\SystemRoot\\System32\\smss.exe 000000d8 00000084 ","FileVersion":"10.0.17763.1131 (WinBuild.160101.0800)","User":"NT AUTHORITY\\SYSTEM","LogonId":"0x3e7","IntegrityLevel":"System","ParentImage":"C:\\Windows\\System32\\smss.exe","UtcTime":"2020-04-25 22:19:16.128"},"System":{"EventID":1,"Level":4,"Provider_attributes":{"Name":"Microsoft-Windows-Sysmon","Guid":"5770385F-C22A-43E0-BF4C-06F5698FFBD9"},"Version":5,"Task":1,"Opcode":0,"TimeCreated_attributes":{"SystemTime":"2020-04-25T22:19:23.220481Z"},"Execution_attributes":{"ProcessID":2796,"ThreadID":3572},"Correlation":null,"Keywords":"0x8000000000000000","Security_attributes":{"UserID":"S-1-5-18"},"EventRecordID":27380,"Channel":"Microsoft-Windows-Sysmon/Operational","Computer":"MSEDGEWIN10"}},"Event_attributes":{"xmlns":"http://schemas.microsoft.com/win/2004/08/events/event"}}},"name":"HackTool - CrackMapExec Process Patterns","timestamp":"2020-04-25T22:19:23.220481+00:00","authors":["Florian Roth (Nextron Systems)"],"level":"high","source":"sigma","status":"experimental","falsepositives":["Unknown"],"id":"f26307d8-14cd-47e3-a26b-4b4769f24af6","logsource":{"category":"process_creation","product":"windows"},"references":["https://mpgn.gitbook.io/crackmapexec/smb-protocol/obtaining-credentials/dump-lsass"],"tags":["attack.credential-access","attack.t1003.001"]},{"group":"Sigma","kind":"individual","document":{"kind":"evtx","path":"data/EVTX-ATTACK-SAMPLES/Privilege Escalation/privesc_unquoted_svc_sysmon_1_11.evtx","data":{"Event":{"EventData":{"Image":"C:\\Windows\\System32\\wininit.exe","RuleName":"","Description":"Windows Start-Up Application","OriginalFileName":"WinInit.exe","TerminalSessionId":0,"ParentCommandLine":"\\SystemRoot\\System32\\smss.exe 000000cc 00000084 ","Product":"Microsoft® Windows® Operating System","Company":"Microsoft Corporation","ParentProcessId":388,"LogonGuid":"747F3D96-B764-5EA4-0000-0020E7030000","Hashes":"SHA1=389E257A924EA521E830C31712494D33B38841A8,MD5=4E20895E641F2C3E68AB3DB91A1A16F1,SHA256=13AD43EE6D19DFC9709C3106D796BC3F21791A564E443D042A5AA117F2680649,IMPHASH=C2F90ACB28AF147D0D0C3408B9EE38C5","ParentProcessGuid":"747F3D96-B763-5EA4-0000-00106A480000","ProcessId":468,"CurrentDirectory":"C:\\Windows\\system32\\","ProcessGuid":"747F3D96-B764-5EA4-0000-0010904D0000","CommandLine":"wininit.exe","FileVersion":"10.0.17763.1 (WinBuild.160101.0800)","User":"NT AUTHORITY\\SYSTEM","LogonId":"0x3e7","IntegrityLevel":"System","ParentImage":"C:\\Windows\\System32\\smss.exe","UtcTime":"2020-04-25 22:19:16.130"},"System":{"EventID":1,"Level":4,"Provider_attributes":{"Name":"Microsoft-Windows-Sysmon","Guid":"5770385F-C22A-43E0-BF4C-06F5698FFBD9"},"Version":5,"Task":1,"Opcode":0,"TimeCreated_attributes":{"SystemTime":"2020-04-25T22:19:23.222519Z"},"Execution_attributes":{"ProcessID":2796,"ThreadID":3572},"Correlation":null,"Keywords":"0x8000000000000000","Security_attributes":{"UserID":"S-1-5-18"},"EventRecordID":27383,"Channel":"Microsoft-Windows-Sysmon/Operational","Computer":"MSEDGEWIN10"}},"Event_attributes":{"xmlns":"http://schemas.microsoft.com/win/2004/08/events/event"}}},"name":"HackTool - CrackMapExec Process Patterns","timestamp":"2020-04-25T22:19:23.222519+00:00","authors":["Florian Roth (Nextron Systems)"],"level":"high","source":"sigma","status":"experimental","falsepositives":["Unknown"],"id":"f26307d8-14cd-47e3-a26b-4b4769f24af6","logsource":{"category":"process_creation","product":"windows"},"references":["https://mpgn.gitbook.io/crackmapexec/smb-protocol/obtaining-credentials/dump-lsass"],"tags":["attack.credential-access","attack.t1003.001"]},{"group":"Sigma","kind":"individual","document":{"kind":"evtx","path":"data/EVTX-ATTACK-SAMPLES/Privilege Escalation/privesc_unquoted_svc_sysmon_1_11.evtx","data":{"Event":{"EventData":{"Image":"C:\\Windows\\System32\\csrss.exe","RuleName":"","Description":"Client Server Runtime Process","OriginalFileName":"CSRSS.Exe","TerminalSessionId":1,"ParentCommandLine":"\\SystemRoot\\System32\\smss.exe 000000d8 00000084 ","Product":"Microsoft® Windows® Operating System","Company":"Microsoft Corporation","ParentProcessId":460,"LogonGuid":"747F3D96-B764-5EA4-0000-0020E7030000","Hashes":"SHA1=779B8AFC3FA2528B090F400EF3D592E0E2775955,MD5=7D64128BC1EECE41196858897596EBC8,SHA256=FB40ED0FFA6BC795923A941DAB6B7D6B43583D0F152A6DF4D8953D2C1A0CB417,IMPHASH=A96FA9912E09E361274AD77F1A4B252C","ParentProcessGuid":"747F3D96-B764-5EA4-0000-0010794D0000","ProcessId":476,"CurrentDirectory":"C:\\Windows\\system32\\","ProcessGuid":"747F3D96-B764-5EA4-0000-0010714E0000","CommandLine":"%%SystemRoot%%\\system32\\csrss.exe ObjectDirectory=\\Windows SharedSection=1024,20480,768 Windows=On SubSystemType=Windows ServerDll=basesrv,1 ServerDll=winsrv:UserServerDllInitialization,3 ServerDll=sxssrv,4 ProfileControl=Off MaxRequestThreads=16","FileVersion":"10.0.17763.1 (WinBuild.160101.0800)","User":"NT AUTHORITY\\SYSTEM","LogonId":"0x3e7","IntegrityLevel":"System","ParentImage":"C:\\Windows\\System32\\smss.exe","UtcTime":"2020-04-25 22:19:16.143"},"System":{"EventID":1,"Level":4,"Provider_attributes":{"Name":"Microsoft-Windows-Sysmon","Guid":"5770385F-C22A-43E0-BF4C-06F5698FFBD9"},"Version":5,"Task":1,"Opcode":0,"TimeCreated_attributes":{"SystemTime":"2020-04-25T22:19:23.224528Z"},"Execution_attributes":{"ProcessID":2796,"ThreadID":3572},"Correlation":null,"Keywords":"0x8000000000000000","Security_attributes":{"UserID":"S-1-5-18"},"EventRecordID":27385,"Channel":"Microsoft-Windows-Sysmon/Operational","Computer":"MSEDGEWIN10"}},"Event_attributes":{"xmlns":"http://schemas.microsoft.com/win/2004/08/events/event"}}},"name":"HackTool - CrackMapExec Process Patterns","timestamp":"2020-04-25T22:19:23.224528+00:00","authors":["Florian Roth (Nextron Systems)"],"level":"high","source":"sigma","status":"experimental","falsepositives":["Unknown"],"id":"f26307d8-14cd-47e3-a26b-4b4769f24af6","logsource":{"category":"process_creation","product":"windows"},"references":["https://mpgn.gitbook.io/crackmapexec/smb-protocol/obtaining-credentials/dump-lsass"],"tags":["attack.credential-access","attack.t1003.001"]},{"group":"Sigma","kind":"individual","document":{"kind":"evtx","path":"data/EVTX-ATTACK-SAMPLES/Privilege Escalation/privesc_unquoted_svc_sysmon_1_11.evtx","data":{"Event":{"EventData":{"Image":"C:\\Windows\\System32\\winlogon.exe","RuleName":"","Description":"Windows Logon Application","OriginalFileName":"WINLOGON.EXE","TerminalSessionId":1,"ParentCommandLine":"\\SystemRoot\\System32\\smss.exe 000000d8 00000084 ","Product":"Microsoft® Windows® Operating System","Company":"Microsoft Corporation","ParentProcessId":460,"LogonGuid":"747F3D96-B764-5EA4-0000-0020E7030000","Hashes":"SHA1=573ED5AED255DCEC948BCEA8C28EC9F3802A2E64,MD5=E8B1A6B8C6EA5972C123A816DF237AF8,SHA256=290C8C4B387B669B3988938D0083AA4B210365FB0855EAE010F49062A9DDEB04,IMPHASH=A5F3EBEF8618DCA7C7ACCF623BABBB86","ParentProcessGuid":"747F3D96-B764-5EA4-0000-0010794D0000","ProcessId":568,"CurrentDirectory":"C:\\Windows\\system32\\","ProcessGuid":"747F3D96-B764-5EA4-0000-001096530000","CommandLine":"winlogon.exe","FileVersion":"10.0.17763.1075 (WinBuild.160101.0800)","User":"NT AUTHORITY\\SYSTEM","LogonId":"0x3e7","IntegrityLevel":"System","ParentImage":"C:\\Windows\\System32\\smss.exe","UtcTime":"2020-04-25 22:19:16.240"},"System":{"EventID":1,"Level":4,"Provider_attributes":{"Name":"Microsoft-Windows-Sysmon","Guid":"5770385F-C22A-43E0-BF4C-06F5698FFBD9"},"Version":5,"Task":1,"Opcode":0,"TimeCreated_attributes":{"SystemTime":"2020-04-25T22:19:23.876282Z"},"Execution_attributes":{"ProcessID":2796,"ThreadID":3572},"Correlation":null,"Keywords":"0x8000000000000000","Security_attributes":{"UserID":"S-1-5-18"},"EventRecordID":27388,"Channel":"Microsoft-Windows-Sysmon/Operational","Computer":"MSEDGEWIN10"}},"Event_attributes":{"xmlns":"http://schemas.microsoft.com/win/2004/08/events/event"}}},"name":"HackTool - CrackMapExec Process Patterns","timestamp":"2020-04-25T22:19:23.876282+00:00","authors":["Florian Roth (Nextron Systems)"],"level":"high","source":"sigma","status":"experimental","falsepositives":["Unknown"],"id":"f26307d8-14cd-47e3-a26b-4b4769f24af6","logsource":{"category":"process_creation","product":"windows"},"references":["https://mpgn.gitbook.io/crackmapexec/smb-protocol/obtaining-credentials/dump-lsass"],"tags":["attack.credential-access","attack.t1003.001"]},{"group":"Sigma","kind":"individual","document":{"kind":"evtx","path":"data/EVTX-ATTACK-SAMPLES/Privilege Escalation/privesc_unquoted_svc_sysmon_1_11.evtx","data":{"Event":{"EventData":{"Image":"C:\\Windows\\System32\\services.exe","RuleName":"","Description":"Services and Controller app","OriginalFileName":"services.exe","TerminalSessionId":0,"ParentCommandLine":"wininit.exe","Product":"Microsoft® Windows® Operating System","Company":"Microsoft Corporation","ParentProcessId":468,"LogonGuid":"747F3D96-B764-5EA4-0000-0020E7030000","Hashes":"SHA1=617A0A0BAAB180541DB739C4A6851D784943C317,MD5=DB896369FB58241ADF28515E3765C514,SHA256=A2E369DF26C88015FE1F97C7542D6023B5B1E4830C25F94819507EE5BCB1DFCC,IMPHASH=7D2820FC8CAF521DC2058168B480D204","ParentProcessGuid":"747F3D96-B764-5EA4-0000-0010904D0000","ProcessId":584,"CurrentDirectory":"C:\\Windows\\system32\\","ProcessGuid":"747F3D96-B764-5EA4-0000-00106F550000","CommandLine":"C:\\Windows\\system32\\services.exe","FileVersion":"10.0.17763.1075 (WinBuild.160101.0800)","User":"NT AUTHORITY\\SYSTEM","LogonId":"0x3e7","IntegrityLevel":"System","ParentImage":"C:\\Windows\\System32\\wininit.exe","UtcTime":"2020-04-25 22:19:16.295"},"System":{"EventID":1,"Level":4,"Provider_attributes":{"Name":"Microsoft-Windows-Sysmon","Guid":"5770385F-C22A-43E0-BF4C-06F5698FFBD9"},"Version":5,"Task":1,"Opcode":0,"TimeCreated_attributes":{"SystemTime":"2020-04-25T22:19:24.049688Z"},"Execution_attributes":{"ProcessID":2796,"ThreadID":3572},"Correlation":null,"Keywords":"0x8000000000000000","Security_attributes":{"UserID":"S-1-5-18"},"EventRecordID":27390,"Channel":"Microsoft-Windows-Sysmon/Operational","Computer":"MSEDGEWIN10"}},"Event_attributes":{"xmlns":"http://schemas.microsoft.com/win/2004/08/events/event"}}},"name":"HackTool - CrackMapExec Process Patterns","timestamp":"2020-04-25T22:19:24.049688+00:00","authors":["Florian Roth (Nextron Systems)"],"level":"high","source":"sigma","status":"experimental","falsepositives":["Unknown"],"id":"f26307d8-14cd-47e3-a26b-4b4769f24af6","logsource":{"category":"process_creation","product":"windows"},"references":["https://mpgn.gitbook.io/crackmapexec/smb-protocol/obtaining-credentials/dump-lsass"],"tags":["attack.credential-access","attack.t1003.001"]},{"group":"Sigma","kind":"individual","document":{"kind":"evtx","path":"data/EVTX-ATTACK-SAMPLES/Privilege Escalation/privesc_unquoted_svc_sysmon_1_11.evtx","data":{"Event":{"EventData":{"Image":"C:\\Windows\\System32\\lsass.exe","RuleName":"","Description":"Local Security Authority Process","OriginalFileName":"lsass.exe","TerminalSessionId":0,"ParentCommandLine":"wininit.exe","Product":"Microsoft® Windows® Operating System","Company":"Microsoft Corporation","ParentProcessId":468,"LogonGuid":"747F3D96-B764-5EA4-0000-0020E7030000","Hashes":"SHA1=0FB26350106C9BDD196D4E7D01EB30007663687C,MD5=568C5CBF9877F6B9E39D1E7CA0FF0A36,SHA256=BBC83E4759D4B82BAD31E371AD679AA414C72273BF97CEE5AED8337ED8A4D79F,IMPHASH=09FDE88C65E2BC5F1F90E96B673C52B1","ParentProcessGuid":"747F3D96-B764-5EA4-0000-0010904D0000","ProcessId":616,"CurrentDirectory":"C:\\Windows\\system32\\","ProcessGuid":"747F3D96-B764-5EA4-0000-001075590000","CommandLine":"C:\\Windows\\system32\\lsass.exe","FileVersion":"10.0.17763.1 (WinBuild.160101.0800)","User":"NT AUTHORITY\\SYSTEM","LogonId":"0x3e7","IntegrityLevel":"System","ParentImage":"C:\\Windows\\System32\\wininit.exe","UtcTime":"2020-04-25 22:19:16.341"},"System":{"EventID":1,"Level":4,"Provider_attributes":{"Name":"Microsoft-Windows-Sysmon","Guid":"5770385F-C22A-43E0-BF4C-06F5698FFBD9"},"Version":5,"Task":1,"Opcode":0,"TimeCreated_attributes":{"SystemTime":"2020-04-25T22:19:24.054185Z"},"Execution_attributes":{"ProcessID":2796,"ThreadID":3572},"Correlation":null,"Keywords":"0x8000000000000000","Security_attributes":{"UserID":"S-1-5-18"},"EventRecordID":27393,"Channel":"Microsoft-Windows-Sysmon/Operational","Computer":"MSEDGEWIN10"}},"Event_attributes":{"xmlns":"http://schemas.microsoft.com/win/2004/08/events/event"}}},"name":"HackTool - CrackMapExec Process Patterns","timestamp":"2020-04-25T22:19:24.054185+00:00","authors":["Florian Roth (Nextron Systems)"],"level":"high","source":"sigma","status":"experimental","falsepositives":["Unknown"],"id":"f26307d8-14cd-47e3-a26b-4b4769f24af6","logsource":{"category":"process_creation","product":"windows"},"references":["https://mpgn.gitbook.io/crackmapexec/smb-protocol/obtaining-credentials/dump-lsass"],"tags":["attack.credential-access","attack.t1003.001"]},{"group":"Sigma","kind":"individual","document":{"kind":"evtx","path":"data/EVTX-ATTACK-SAMPLES/Privilege Escalation/privesc_unquoted_svc_sysmon_1_11.evtx","data":{"Event":{"EventData":{"Image":"C:\\Windows\\System32\\svchost.exe","RuleName":"","Description":"Host Process for Windows Services","OriginalFileName":"svchost.exe","TerminalSessionId":0,"ParentCommandLine":"C:\\Windows\\system32\\services.exe","Product":"Microsoft® Windows® Operating System","Company":"Microsoft Corporation","ParentProcessId":584,"LogonGuid":"747F3D96-B764-5EA4-0000-0020E7030000","Hashes":"SHA1=A1385CE20AD79F55DF235EFFD9780C31442AA234,MD5=8A0A29438052FAED8A2532DA50455756,SHA256=7FD065BAC18C5278777AE44908101CDFED72D26FA741367F0AD4D02020787AB6,IMPHASH=247B9220E5D9B720A82B2C8B5069AD69","ParentProcessGuid":"747F3D96-B764-5EA4-0000-00106F550000","ProcessId":732,"CurrentDirectory":"C:\\Windows\\system32\\","ProcessGuid":"747F3D96-B764-5EA4-0000-00105B6C0000","CommandLine":"C:\\Windows\\system32\\svchost.exe -k DcomLaunch -p -s PlugPlay","FileVersion":"10.0.17763.1 (WinBuild.160101.0800)","User":"NT AUTHORITY\\SYSTEM","LogonId":"0x3e7","IntegrityLevel":"System","ParentImage":"C:\\Windows\\System32\\services.exe","UtcTime":"2020-04-25 22:19:16.555"},"System":{"EventID":1,"Level":4,"Provider_attributes":{"Name":"Microsoft-Windows-Sysmon","Guid":"5770385F-C22A-43E0-BF4C-06F5698FFBD9"},"Version":5,"Task":1,"Opcode":0,"TimeCreated_attributes":{"SystemTime":"2020-04-25T22:19:24.188398Z"},"Execution_attributes":{"ProcessID":2796,"ThreadID":3572},"Correlation":null,"Keywords":"0x8000000000000000","Security_attributes":{"UserID":"S-1-5-18"},"EventRecordID":27417,"Channel":"Microsoft-Windows-Sysmon/Operational","Computer":"MSEDGEWIN10"}},"Event_attributes":{"xmlns":"http://schemas.microsoft.com/win/2004/08/events/event"}}},"name":"HackTool - CrackMapExec Process Patterns","timestamp":"2020-04-25T22:19:24.188398+00:00","authors":["Florian Roth (Nextron Systems)"],"level":"high","source":"sigma","status":"experimental","falsepositives":["Unknown"],"id":"f26307d8-14cd-47e3-a26b-4b4769f24af6","logsource":{"category":"process_creation","product":"windows"},"references":["https://mpgn.gitbook.io/crackmapexec/smb-protocol/obtaining-credentials/dump-lsass"],"tags":["attack.credential-access","attack.t1003.001"]},{"group":"Sigma","kind":"individual","document":{"kind":"evtx","path":"data/EVTX-ATTACK-SAMPLES/Privilege Escalation/privesc_unquoted_svc_sysmon_1_11.evtx","data":{"Event":{"EventData":{"Image":"C:\\Windows\\System32\\svchost.exe","RuleName":"","Description":"Host Process for Windows Services","OriginalFileName":"svchost.exe","TerminalSessionId":0,"ParentCommandLine":"C:\\Windows\\system32\\services.exe","Product":"Microsoft® Windows® Operating System","Company":"Microsoft Corporation","ParentProcessId":584,"LogonGuid":"747F3D96-B764-5EA4-0000-0020E7030000","Hashes":"SHA1=A1385CE20AD79F55DF235EFFD9780C31442AA234,MD5=8A0A29438052FAED8A2532DA50455756,SHA256=7FD065BAC18C5278777AE44908101CDFED72D26FA741367F0AD4D02020787AB6,IMPHASH=247B9220E5D9B720A82B2C8B5069AD69","ParentProcessGuid":"747F3D96-B764-5EA4-0000-00106F550000","ProcessId":808,"CurrentDirectory":"C:\\Windows\\system32\\","ProcessGuid":"747F3D96-B764-5EA4-0000-0010FE6F0000","CommandLine":"C:\\Windows\\system32\\svchost.exe -k DcomLaunch -p","FileVersion":"10.0.17763.1 (WinBuild.160101.0800)","User":"NT AUTHORITY\\SYSTEM","LogonId":"0x3e7","IntegrityLevel":"System","ParentImage":"C:\\Windows\\System32\\services.exe","UtcTime":"2020-04-25 22:19:16.578"},"System":{"EventID":1,"Level":4,"Provider_attributes":{"Name":"Microsoft-Windows-Sysmon","Guid":"5770385F-C22A-43E0-BF4C-06F5698FFBD9"},"Version":5,"Task":1,"Opcode":0,"TimeCreated_attributes":{"SystemTime":"2020-04-25T22:19:24.194413Z"},"Execution_attributes":{"ProcessID":2796,"ThreadID":3572},"Correlation":null,"Keywords":"0x8000000000000000","Security_attributes":{"UserID":"S-1-5-18"},"EventRecordID":27420,"Channel":"Microsoft-Windows-Sysmon/Operational","Computer":"MSEDGEWIN10"}},"Event_attributes":{"xmlns":"http://schemas.microsoft.com/win/2004/08/events/event"}}},"name":"HackTool - CrackMapExec Process Patterns","timestamp":"2020-04-25T22:19:24.194413+00:00","authors":["Florian Roth (Nextron Systems)"],"level":"high","source":"sigma","status":"experimental","falsepositives":["Unknown"],"id":"f26307d8-14cd-47e3-a26b-4b4769f24af6","logsource":{"category":"process_creation","product":"windows"},"references":["https://mpgn.gitbook.io/crackmapexec/smb-protocol/obtaining-credentials/dump-lsass"],"tags":["attack.credential-access","attack.t1003.001"]},{"group":"Sigma","kind":"individual","document":{"kind":"evtx","path":"data/EVTX-ATTACK-SAMPLES/Privilege Escalation/privesc_unquoted_svc_sysmon_1_11.evtx","data":{"Event":{"EventData":{"Image":"C:\\Windows\\System32\\LogonUI.exe","RuleName":"","Description":"Windows Logon User Interface Host","OriginalFileName":"logonui.exe","TerminalSessionId":1,"ParentCommandLine":"winlogon.exe","Product":"Microsoft® Windows® Operating System","Company":"Microsoft Corporation","ParentProcessId":568,"LogonGuid":"747F3D96-B764-5EA4-0000-0020E7030000","Hashes":"SHA1=E1AB36E5C3C1453C592E2901330EB13C5D29B351,MD5=33F89DD9629CB0422A2C17268376232D,SHA256=9358EF8CB7FB08581D74274005263BD8FA2E6E0FC443930B25FD345CF6CE9071,IMPHASH=B9B0B64B08B38276711093CA94348D39","ParentProcessGuid":"747F3D96-B764-5EA4-0000-001096530000","ProcessId":992,"CurrentDirectory":"C:\\Windows\\system32\\","ProcessGuid":"747F3D96-B764-5EA4-0000-0010DEBF0000","CommandLine":"\"LogonUI.exe\" /flags:0x2 /state0:0xa3b08855 /state1:0x41c64e6d","FileVersion":"10.0.17763.1 (WinBuild.160101.0800)","User":"NT AUTHORITY\\SYSTEM","LogonId":"0x3e7","IntegrityLevel":"System","ParentImage":"C:\\Windows\\System32\\winlogon.exe","UtcTime":"2020-04-25 22:19:16.783"},"System":{"EventID":1,"Level":4,"Provider_attributes":{"Name":"Microsoft-Windows-Sysmon","Guid":"5770385F-C22A-43E0-BF4C-06F5698FFBD9"},"Version":5,"Task":1,"Opcode":0,"TimeCreated_attributes":{"SystemTime":"2020-04-25T22:19:25.198770Z"},"Execution_attributes":{"ProcessID":2796,"ThreadID":3572},"Correlation":null,"Keywords":"0x8000000000000000","Security_attributes":{"UserID":"S-1-5-18"},"EventRecordID":27438,"Channel":"Microsoft-Windows-Sysmon/Operational","Computer":"MSEDGEWIN10"}},"Event_attributes":{"xmlns":"http://schemas.microsoft.com/win/2004/08/events/event"}}},"name":"HackTool - CrackMapExec Process Patterns","timestamp":"2020-04-25T22:19:25.198770+00:00","authors":["Florian Roth (Nextron Systems)"],"level":"high","source":"sigma","status":"experimental","falsepositives":["Unknown"],"id":"f26307d8-14cd-47e3-a26b-4b4769f24af6","logsource":{"category":"process_creation","product":"windows"},"references":["https://mpgn.gitbook.io/crackmapexec/smb-protocol/obtaining-credentials/dump-lsass"],"tags":["attack.credential-access","attack.t1003.001"]},{"group":"Sigma","kind":"individual","document":{"kind":"evtx","path":"data/EVTX-ATTACK-SAMPLES/Privilege Escalation/privesc_unquoted_svc_sysmon_1_11.evtx","data":{"Event":{"EventData":{"Image":"C:\\Windows\\System32\\svchost.exe","RuleName":"","Description":"Host Process for Windows Services","OriginalFileName":"svchost.exe","TerminalSessionId":0,"ParentCommandLine":"C:\\Windows\\system32\\services.exe","Product":"Microsoft® Windows® Operating System","Company":"Microsoft Corporation","ParentProcessId":584,"LogonGuid":"747F3D96-B764-5EA4-0000-0020E7030000","Hashes":"SHA1=A1385CE20AD79F55DF235EFFD9780C31442AA234,MD5=8A0A29438052FAED8A2532DA50455756,SHA256=7FD065BAC18C5278777AE44908101CDFED72D26FA741367F0AD4D02020787AB6,IMPHASH=247B9220E5D9B720A82B2C8B5069AD69","ParentProcessGuid":"747F3D96-B764-5EA4-0000-00106F550000","ProcessId":1020,"CurrentDirectory":"C:\\Windows\\system32\\","ProcessGuid":"747F3D96-B764-5EA4-0000-00105FC20000","CommandLine":"C:\\Windows\\system32\\svchost.exe -k netsvcs -p -s gpsvc","FileVersion":"10.0.17763.1 (WinBuild.160101.0800)","User":"NT AUTHORITY\\SYSTEM","LogonId":"0x3e7","IntegrityLevel":"System","ParentImage":"C:\\Windows\\System32\\services.exe","UtcTime":"2020-04-25 22:19:16.801"},"System":{"EventID":1,"Level":4,"Provider_attributes":{"Name":"Microsoft-Windows-Sysmon","Guid":"5770385F-C22A-43E0-BF4C-06F5698FFBD9"},"Version":5,"Task":1,"Opcode":0,"TimeCreated_attributes":{"SystemTime":"2020-04-25T22:19:25.225729Z"},"Execution_attributes":{"ProcessID":2796,"ThreadID":3572},"Correlation":null,"Keywords":"0x8000000000000000","Security_attributes":{"UserID":"S-1-5-18"},"EventRecordID":27445,"Channel":"Microsoft-Windows-Sysmon/Operational","Computer":"MSEDGEWIN10"}},"Event_attributes":{"xmlns":"http://schemas.microsoft.com/win/2004/08/events/event"}}},"name":"HackTool - CrackMapExec Process Patterns","timestamp":"2020-04-25T22:19:25.225729+00:00","authors":["Florian Roth (Nextron Systems)"],"level":"high","source":"sigma","status":"experimental","falsepositives":["Unknown"],"id":"f26307d8-14cd-47e3-a26b-4b4769f24af6","logsource":{"category":"process_creation","product":"windows"},"references":["https://mpgn.gitbook.io/crackmapexec/smb-protocol/obtaining-credentials/dump-lsass"],"tags":["attack.credential-access","attack.t1003.001"]},{"group":"Sigma","kind":"individual","document":{"kind":"evtx","path":"data/EVTX-ATTACK-SAMPLES/Privilege Escalation/privesc_unquoted_svc_sysmon_1_11.evtx","data":{"Event":{"EventData":{"Image":"C:\\Windows\\System32\\svchost.exe","RuleName":"","Description":"Host Process for Windows Services","OriginalFileName":"svchost.exe","TerminalSessionId":0,"ParentCommandLine":"C:\\Windows\\system32\\services.exe","Product":"Microsoft® Windows® Operating System","Company":"Microsoft Corporation","ParentProcessId":584,"LogonGuid":"747F3D96-B764-5EA4-0000-0020E5030000","Hashes":"SHA1=A1385CE20AD79F55DF235EFFD9780C31442AA234,MD5=8A0A29438052FAED8A2532DA50455756,SHA256=7FD065BAC18C5278777AE44908101CDFED72D26FA741367F0AD4D02020787AB6,IMPHASH=247B9220E5D9B720A82B2C8B5069AD69","ParentProcessGuid":"747F3D96-B764-5EA4-0000-00106F550000","ProcessId":636,"CurrentDirectory":"C:\\Windows\\system32\\","ProcessGuid":"747F3D96-B764-5EA4-0000-0010EAC90000","CommandLine":"C:\\Windows\\system32\\svchost.exe -k LocalServiceNoNetwork -p","FileVersion":"10.0.17763.1 (WinBuild.160101.0800)","User":"NT AUTHORITY\\LOCAL SERVICE","LogonId":"0x3e5","IntegrityLevel":"System","ParentImage":"C:\\Windows\\System32\\services.exe","UtcTime":"2020-04-25 22:19:16.855"},"System":{"EventID":1,"Level":4,"Provider_attributes":{"Name":"Microsoft-Windows-Sysmon","Guid":"5770385F-C22A-43E0-BF4C-06F5698FFBD9"},"Version":5,"Task":1,"Opcode":0,"TimeCreated_attributes":{"SystemTime":"2020-04-25T22:19:25.418816Z"},"Execution_attributes":{"ProcessID":2796,"ThreadID":3572},"Correlation":null,"Keywords":"0x8000000000000000","Security_attributes":{"UserID":"S-1-5-18"},"EventRecordID":27457,"Channel":"Microsoft-Windows-Sysmon/Operational","Computer":"MSEDGEWIN10"}},"Event_attributes":{"xmlns":"http://schemas.microsoft.com/win/2004/08/events/event"}}},"name":"HackTool - CrackMapExec Process Patterns","timestamp":"2020-04-25T22:19:25.418816+00:00","authors":["Florian Roth (Nextron Systems)"],"level":"high","source":"sigma","status":"experimental","falsepositives":["Unknown"],"id":"f26307d8-14cd-47e3-a26b-4b4769f24af6","logsource":{"category":"process_creation","product":"windows"},"references":["https://mpgn.gitbook.io/crackmapexec/smb-protocol/obtaining-credentials/dump-lsass"],"tags":["attack.credential-access","attack.t1003.001"]},{"group":"Sigma","kind":"individual","document":{"kind":"evtx","path":"data/EVTX-ATTACK-SAMPLES/Privilege Escalation/privesc_unquoted_svc_sysmon_1_11.evtx","data":{"Event":{"EventData":{"Image":"C:\\Windows\\System32\\svchost.exe","RuleName":"","Description":"Host Process for Windows Services","OriginalFileName":"svchost.exe","TerminalSessionId":0,"ParentCommandLine":"C:\\Windows\\system32\\services.exe","Product":"Microsoft® Windows® Operating System","Company":"Microsoft Corporation","ParentProcessId":584,"LogonGuid":"747F3D96-B764-5EA4-0000-0020E7030000","Hashes":"SHA1=A1385CE20AD79F55DF235EFFD9780C31442AA234,MD5=8A0A29438052FAED8A2532DA50455756,SHA256=7FD065BAC18C5278777AE44908101CDFED72D26FA741367F0AD4D02020787AB6,IMPHASH=247B9220E5D9B720A82B2C8B5069AD69","ParentProcessGuid":"747F3D96-B764-5EA4-0000-00106F550000","ProcessId":1104,"CurrentDirectory":"C:\\Windows\\system32\\","ProcessGuid":"747F3D96-B764-5EA4-0000-0010A5D20000","CommandLine":"C:\\Windows\\system32\\svchost.exe -k netsvcs -p -s Schedule","FileVersion":"10.0.17763.1 (WinBuild.160101.0800)","User":"NT AUTHORITY\\SYSTEM","LogonId":"0x3e7","IntegrityLevel":"System","ParentImage":"C:\\Windows\\System32\\services.exe","UtcTime":"2020-04-25 22:19:16.929"},"System":{"EventID":1,"Level":4,"Provider_attributes":{"Name":"Microsoft-Windows-Sysmon","Guid":"5770385F-C22A-43E0-BF4C-06F5698FFBD9"},"Version":5,"Task":1,"Opcode":0,"TimeCreated_attributes":{"SystemTime":"2020-04-25T22:19:25.432119Z"},"Execution_attributes":{"ProcessID":2796,"ThreadID":3572},"Correlation":null,"Keywords":"0x8000000000000000","Security_attributes":{"UserID":"S-1-5-18"},"EventRecordID":27469,"Channel":"Microsoft-Windows-Sysmon/Operational","Computer":"MSEDGEWIN10"}},"Event_attributes":{"xmlns":"http://schemas.microsoft.com/win/2004/08/events/event"}}},"name":"HackTool - CrackMapExec Process Patterns","timestamp":"2020-04-25T22:19:25.432119+00:00","authors":["Florian Roth (Nextron Systems)"],"level":"high","source":"sigma","status":"experimental","falsepositives":["Unknown"],"id":"f26307d8-14cd-47e3-a26b-4b4769f24af6","logsource":{"category":"process_creation","product":"windows"},"references":["https://mpgn.gitbook.io/crackmapexec/smb-protocol/obtaining-credentials/dump-lsass"],"tags":["attack.credential-access","attack.t1003.001"]},{"group":"Sigma","kind":"individual","document":{"kind":"evtx","path":"data/EVTX-ATTACK-SAMPLES/Privilege Escalation/privesc_unquoted_svc_sysmon_1_11.evtx","data":{"Event":{"EventData":{"Image":"C:\\Windows\\System32\\svchost.exe","RuleName":"","Description":"Host Process for Windows Services","OriginalFileName":"svchost.exe","TerminalSessionId":0,"ParentCommandLine":"C:\\Windows\\system32\\services.exe","Product":"Microsoft® Windows® Operating System","Company":"Microsoft Corporation","ParentProcessId":584,"LogonGuid":"747F3D96-B764-5EA4-0000-0020E7030000","Hashes":"SHA1=A1385CE20AD79F55DF235EFFD9780C31442AA234,MD5=8A0A29438052FAED8A2532DA50455756,SHA256=7FD065BAC18C5278777AE44908101CDFED72D26FA741367F0AD4D02020787AB6,IMPHASH=247B9220E5D9B720A82B2C8B5069AD69","ParentProcessGuid":"747F3D96-B764-5EA4-0000-00106F550000","ProcessId":1156,"CurrentDirectory":"C:\\Windows\\system32\\","ProcessGuid":"747F3D96-B765-5EA4-0000-001032D70000","CommandLine":"C:\\Windows\\system32\\svchost.exe -k netsvcs -p -s ProfSvc","FileVersion":"10.0.17763.1 (WinBuild.160101.0800)","User":"NT AUTHORITY\\SYSTEM","LogonId":"0x3e7","IntegrityLevel":"System","ParentImage":"C:\\Windows\\System32\\services.exe","UtcTime":"2020-04-25 22:19:17.008"},"System":{"EventID":1,"Level":4,"Provider_attributes":{"Name":"Microsoft-Windows-Sysmon","Guid":"5770385F-C22A-43E0-BF4C-06F5698FFBD9"},"Version":5,"Task":1,"Opcode":0,"TimeCreated_attributes":{"SystemTime":"2020-04-25T22:19:25.482737Z"},"Execution_attributes":{"ProcessID":2796,"ThreadID":3572},"Correlation":null,"Keywords":"0x8000000000000000","Security_attributes":{"UserID":"S-1-5-18"},"EventRecordID":27470,"Channel":"Microsoft-Windows-Sysmon/Operational","Computer":"MSEDGEWIN10"}},"Event_attributes":{"xmlns":"http://schemas.microsoft.com/win/2004/08/events/event"}}},"name":"HackTool - CrackMapExec Process Patterns","timestamp":"2020-04-25T22:19:25.482737+00:00","authors":["Florian Roth (Nextron Systems)"],"level":"high","source":"sigma","status":"experimental","falsepositives":["Unknown"],"id":"f26307d8-14cd-47e3-a26b-4b4769f24af6","logsource":{"category":"process_creation","product":"windows"},"references":["https://mpgn.gitbook.io/crackmapexec/smb-protocol/obtaining-credentials/dump-lsass"],"tags":["attack.credential-access","attack.t1003.001"]},{"group":"Sigma","kind":"individual","document":{"kind":"evtx","path":"data/EVTX-ATTACK-SAMPLES/Privilege Escalation/privesc_unquoted_svc_sysmon_1_11.evtx","data":{"Event":{"EventData":{"Image":"C:\\Windows\\System32\\svchost.exe","RuleName":"","Description":"Host Process for Windows Services","OriginalFileName":"svchost.exe","TerminalSessionId":0,"ParentCommandLine":"C:\\Windows\\system32\\services.exe","Product":"Microsoft® Windows® Operating System","Company":"Microsoft Corporation","ParentProcessId":584,"LogonGuid":"747F3D96-B764-5EA4-0000-0020E5030000","Hashes":"SHA1=A1385CE20AD79F55DF235EFFD9780C31442AA234,MD5=8A0A29438052FAED8A2532DA50455756,SHA256=7FD065BAC18C5278777AE44908101CDFED72D26FA741367F0AD4D02020787AB6,IMPHASH=247B9220E5D9B720A82B2C8B5069AD69","ParentProcessGuid":"747F3D96-B764-5EA4-0000-00106F550000","ProcessId":1212,"CurrentDirectory":"C:\\Windows\\system32\\","ProcessGuid":"747F3D96-B765-5EA4-0000-001089DD0000","CommandLine":"C:\\Windows\\System32\\svchost.exe -k LocalServiceNetworkRestricted -p -s EventLog","FileVersion":"10.0.17763.1 (WinBuild.160101.0800)","User":"NT AUTHORITY\\LOCAL SERVICE","LogonId":"0x3e5","IntegrityLevel":"System","ParentImage":"C:\\Windows\\System32\\services.exe","UtcTime":"2020-04-25 22:19:17.053"},"System":{"EventID":1,"Level":4,"Provider_attributes":{"Name":"Microsoft-Windows-Sysmon","Guid":"5770385F-C22A-43E0-BF4C-06F5698FFBD9"},"Version":5,"Task":1,"Opcode":0,"TimeCreated_attributes":{"SystemTime":"2020-04-25T22:19:25.485345Z"},"Execution_attributes":{"ProcessID":2796,"ThreadID":3572},"Correlation":null,"Keywords":"0x8000000000000000","Security_attributes":{"UserID":"S-1-5-18"},"EventRecordID":27474,"Channel":"Microsoft-Windows-Sysmon/Operational","Computer":"MSEDGEWIN10"}},"Event_attributes":{"xmlns":"http://schemas.microsoft.com/win/2004/08/events/event"}}},"name":"HackTool - CrackMapExec Process Patterns","timestamp":"2020-04-25T22:19:25.485345+00:00","authors":["Florian Roth (Nextron Systems)"],"level":"high","source":"sigma","status":"experimental","falsepositives":["Unknown"],"id":"f26307d8-14cd-47e3-a26b-4b4769f24af6","logsource":{"category":"process_creation","product":"windows"},"references":["https://mpgn.gitbook.io/crackmapexec/smb-protocol/obtaining-credentials/dump-lsass"],"tags":["attack.credential-access","attack.t1003.001"]},