{"group":"Sigma","kind":"individual","document":{"kind":"evtx","path":"data/EVTX-ATTACK-SAMPLES/Privilege Escalation/privesc_unquoted_svc_sysmon_1_11.evtx","data":{"Event":{"EventData":{"Image":"C:\\Windows\\System32\\svchost.exe","RuleName":"","Description":"Host Process for Windows Services","OriginalFileName":"svchost.exe","TerminalSessionId":0,"ParentCommandLine":"C:\\Windows\\system32\\services.exe","Product":"Microsoft® Windows® Operating System","Company":"Microsoft Corporation","ParentProcessId":584,"LogonGuid":"747F3D96-B764-5EA4-0000-0020E4030000","Hashes":"SHA1=A1385CE20AD79F55DF235EFFD9780C31442AA234,MD5=8A0A29438052FAED8A2532DA50455756,SHA256=7FD065BAC18C5278777AE44908101CDFED72D26FA741367F0AD4D02020787AB6,IMPHASH=247B9220E5D9B720A82B2C8B5069AD69","ParentProcessGuid":"747F3D96-B764-5EA4-0000-00106F550000","ProcessId":2408,"CurrentDirectory":"C:\\Windows\\system32\\","ProcessGuid":"747F3D96-B766-5EA4-0000-0010C4680100","CommandLine":"C:\\Windows\\System32\\svchost.exe -k NetworkService -p -s LanmanWorkstation","FileVersion":"10.0.17763.1 (WinBuild.160101.0800)","User":"NT AUTHORITY\\NETWORK SERVICE","LogonId":"0x3e4","IntegrityLevel":"System","ParentImage":"C:\\Windows\\System32\\services.exe","UtcTime":"2020-04-25 22:19:18.022"},"System":{"EventID":1,"Level":4,"Provider_attributes":{"Name":"Microsoft-Windows-Sysmon","Guid":"5770385F-C22A-43E0-BF4C-06F5698FFBD9"},"Version":5,"Task":1,"Opcode":0,"TimeCreated_attributes":{"SystemTime":"2020-04-25T22:19:27.764785Z"},"Execution_attributes":{"ProcessID":2796,"ThreadID":3572},"Correlation":null,"Keywords":"0x8000000000000000","Security_attributes":{"UserID":"S-1-5-18"},"EventRecordID":27589,"Channel":"Microsoft-Windows-Sysmon/Operational","Computer":"MSEDGEWIN10"}},"Event_attributes":{"xmlns":"http://schemas.microsoft.com/win/2004/08/events/event"}}},"name":"HackTool - CrackMapExec Process Patterns","timestamp":"2020-04-25T22:19:27.764785+00:00","authors":["Florian Roth (Nextron Systems)"],"level":"high","source":"sigma","status":"experimental","falsepositives":["Unknown"],"id":"f26307d8-14cd-47e3-a26b-4b4769f24af6","logsource":{"category":"process_creation","product":"windows"},"references":["https://mpgn.gitbook.io/crackmapexec/smb-protocol/obtaining-credentials/dump-lsass"],"tags":["attack.credential-access","attack.t1003.001"]},{"group":"Sigma","kind":"individual","document":{"kind":"evtx","path":"data/EVTX-ATTACK-SAMPLES/Privilege Escalation/privesc_unquoted_svc_sysmon_1_11.evtx","data":{"Event":{"EventData":{"Image":"C:\\Windows\\System32\\svchost.exe","RuleName":"","Description":"Host Process for Windows Services","OriginalFileName":"svchost.exe","TerminalSessionId":0,"ParentCommandLine":"C:\\Windows\\system32\\services.exe","Product":"Microsoft® Windows® Operating System","Company":"Microsoft Corporation","ParentProcessId":584,"LogonGuid":"747F3D96-B764-5EA4-0000-0020E7030000","Hashes":"SHA1=A1385CE20AD79F55DF235EFFD9780C31442AA234,MD5=8A0A29438052FAED8A2532DA50455756,SHA256=7FD065BAC18C5278777AE44908101CDFED72D26FA741367F0AD4D02020787AB6,IMPHASH=247B9220E5D9B720A82B2C8B5069AD69","ParentProcessGuid":"747F3D96-B764-5EA4-0000-00106F550000","ProcessId":2476,"CurrentDirectory":"C:\\Windows\\system32\\","ProcessGuid":"747F3D96-B766-5EA4-0000-0010366F0100","CommandLine":"C:\\Windows\\System32\\svchost.exe -k NetSvcs -p -s iphlpsvc","FileVersion":"10.0.17763.1 (WinBuild.160101.0800)","User":"NT AUTHORITY\\SYSTEM","LogonId":"0x3e7","IntegrityLevel":"System","ParentImage":"C:\\Windows\\System32\\services.exe","UtcTime":"2020-04-25 22:19:18.062"},"System":{"EventID":1,"Level":4,"Provider_attributes":{"Name":"Microsoft-Windows-Sysmon","Guid":"5770385F-C22A-43E0-BF4C-06F5698FFBD9"},"Version":5,"Task":1,"Opcode":0,"TimeCreated_attributes":{"SystemTime":"2020-04-25T22:19:27.836618Z"},"Execution_attributes":{"ProcessID":2796,"ThreadID":3572},"Correlation":null,"Keywords":"0x8000000000000000","Security_attributes":{"UserID":"S-1-5-18"},"EventRecordID":27597,"Channel":"Microsoft-Windows-Sysmon/Operational","Computer":"MSEDGEWIN10"}},"Event_attributes":{"xmlns":"http://schemas.microsoft.com/win/2004/08/events/event"}}},"name":"HackTool - CrackMapExec Process Patterns","timestamp":"2020-04-25T22:19:27.836618+00:00","authors":["Florian Roth (Nextron Systems)"],"level":"high","source":"sigma","status":"experimental","falsepositives":["Unknown"],"id":"f26307d8-14cd-47e3-a26b-4b4769f24af6","logsource":{"category":"process_creation","product":"windows"},"references":["https://mpgn.gitbook.io/crackmapexec/smb-protocol/obtaining-credentials/dump-lsass"],"tags":["attack.credential-access","attack.t1003.001"]},{"group":"Sigma","kind":"individual","document":{"kind":"evtx","path":"data/EVTX-ATTACK-SAMPLES/Privilege Escalation/privesc_unquoted_svc_sysmon_1_11.evtx","data":{"Event":{"EventData":{"Image":"C:\\Windows\\System32\\svchost.exe","RuleName":"","Description":"Host Process for Windows Services","OriginalFileName":"svchost.exe","TerminalSessionId":0,"ParentCommandLine":"C:\\Windows\\system32\\services.exe","Product":"Microsoft® Windows® Operating System","Company":"Microsoft Corporation","ParentProcessId":584,"LogonGuid":"747F3D96-B764-5EA4-0000-0020E4030000","Hashes":"SHA1=A1385CE20AD79F55DF235EFFD9780C31442AA234,MD5=8A0A29438052FAED8A2532DA50455756,SHA256=7FD065BAC18C5278777AE44908101CDFED72D26FA741367F0AD4D02020787AB6,IMPHASH=247B9220E5D9B720A82B2C8B5069AD69","ParentProcessGuid":"747F3D96-B764-5EA4-0000-00106F550000","ProcessId":2488,"CurrentDirectory":"C:\\Windows\\system32\\","ProcessGuid":"747F3D96-B766-5EA4-0000-001019700100","CommandLine":"C:\\Windows\\system32\\svchost.exe -k NetworkServiceNetworkRestricted -p -s PolicyAgent","FileVersion":"10.0.17763.1 (WinBuild.160101.0800)","User":"NT AUTHORITY\\NETWORK SERVICE","LogonId":"0x3e4","IntegrityLevel":"System","ParentImage":"C:\\Windows\\System32\\services.exe","UtcTime":"2020-04-25 22:19:18.067"},"System":{"EventID":1,"Level":4,"Provider_attributes":{"Name":"Microsoft-Windows-Sysmon","Guid":"5770385F-C22A-43E0-BF4C-06F5698FFBD9"},"Version":5,"Task":1,"Opcode":0,"TimeCreated_attributes":{"SystemTime":"2020-04-25T22:19:27.838641Z"},"Execution_attributes":{"ProcessID":2796,"ThreadID":3572},"Correlation":null,"Keywords":"0x8000000000000000","Security_attributes":{"UserID":"S-1-5-18"},"EventRecordID":27605,"Channel":"Microsoft-Windows-Sysmon/Operational","Computer":"MSEDGEWIN10"}},"Event_attributes":{"xmlns":"http://schemas.microsoft.com/win/2004/08/events/event"}}},"name":"HackTool - CrackMapExec Process Patterns","timestamp":"2020-04-25T22:19:27.838641+00:00","authors":["Florian Roth (Nextron Systems)"],"level":"high","source":"sigma","status":"experimental","falsepositives":["Unknown"],"id":"f26307d8-14cd-47e3-a26b-4b4769f24af6","logsource":{"category":"process_creation","product":"windows"},"references":["https://mpgn.gitbook.io/crackmapexec/smb-protocol/obtaining-credentials/dump-lsass"],"tags":["attack.credential-access","attack.t1003.001"]},{"group":"Sigma","kind":"individual","document":{"kind":"evtx","path":"data/EVTX-ATTACK-SAMPLES/Privilege Escalation/privesc_unquoted_svc_sysmon_1_11.evtx","data":{"Event":{"EventData":{"Image":"C:\\Windows\\System32\\svchost.exe","RuleName":"","Description":"Host Process for Windows Services","OriginalFileName":"svchost.exe","TerminalSessionId":0,"ParentCommandLine":"C:\\Windows\\system32\\services.exe","Product":"Microsoft® Windows® Operating System","Company":"Microsoft Corporation","ParentProcessId":584,"LogonGuid":"747F3D96-B764-5EA4-0000-0020E7030000","Hashes":"SHA1=A1385CE20AD79F55DF235EFFD9780C31442AA234,MD5=8A0A29438052FAED8A2532DA50455756,SHA256=7FD065BAC18C5278777AE44908101CDFED72D26FA741367F0AD4D02020787AB6,IMPHASH=247B9220E5D9B720A82B2C8B5069AD69","ParentProcessGuid":"747F3D96-B764-5EA4-0000-00106F550000","ProcessId":2496,"CurrentDirectory":"C:\\Windows\\system32\\","ProcessGuid":"747F3D96-B766-5EA4-0000-001046700100","CommandLine":"C:\\Windows\\system32\\svchost.exe -k netsvcs -p -s IKEEXT","FileVersion":"10.0.17763.1 (WinBuild.160101.0800)","User":"NT AUTHORITY\\SYSTEM","LogonId":"0x3e7","IntegrityLevel":"System","ParentImage":"C:\\Windows\\System32\\services.exe","UtcTime":"2020-04-25 22:19:18.068"},"System":{"EventID":1,"Level":4,"Provider_attributes":{"Name":"Microsoft-Windows-Sysmon","Guid":"5770385F-C22A-43E0-BF4C-06F5698FFBD9"},"Version":5,"Task":1,"Opcode":0,"TimeCreated_attributes":{"SystemTime":"2020-04-25T22:19:27.855101Z"},"Execution_attributes":{"ProcessID":2796,"ThreadID":3572},"Correlation":null,"Keywords":"0x8000000000000000","Security_attributes":{"UserID":"S-1-5-18"},"EventRecordID":27606,"Channel":"Microsoft-Windows-Sysmon/Operational","Computer":"MSEDGEWIN10"}},"Event_attributes":{"xmlns":"http://schemas.microsoft.com/win/2004/08/events/event"}}},"name":"HackTool - CrackMapExec Process Patterns","timestamp":"2020-04-25T22:19:27.855101+00:00","authors":["Florian Roth (Nextron Systems)"],"level":"high","source":"sigma","status":"experimental","falsepositives":["Unknown"],"id":"f26307d8-14cd-47e3-a26b-4b4769f24af6","logsource":{"category":"process_creation","product":"windows"},"references":["https://mpgn.gitbook.io/crackmapexec/smb-protocol/obtaining-credentials/dump-lsass"],"tags":["attack.credential-access","attack.t1003.001"]},{"group":"Sigma","kind":"individual","document":{"kind":"evtx","path":"data/EVTX-ATTACK-SAMPLES/Privilege Escalation/privesc_unquoted_svc_sysmon_1_11.evtx","data":{"Event":{"EventData":{"Image":"C:\\Windows\\System32\\svchost.exe","RuleName":"","Description":"Host Process for Windows Services","OriginalFileName":"svchost.exe","TerminalSessionId":0,"ParentCommandLine":"C:\\Windows\\system32\\services.exe","Product":"Microsoft® Windows® Operating System","Company":"Microsoft Corporation","ParentProcessId":584,"LogonGuid":"747F3D96-B764-5EA4-0000-0020E4030000","Hashes":"SHA1=A1385CE20AD79F55DF235EFFD9780C31442AA234,MD5=8A0A29438052FAED8A2532DA50455756,SHA256=7FD065BAC18C5278777AE44908101CDFED72D26FA741367F0AD4D02020787AB6,IMPHASH=247B9220E5D9B720A82B2C8B5069AD69","ParentProcessGuid":"747F3D96-B764-5EA4-0000-00106F550000","ProcessId":2632,"CurrentDirectory":"C:\\Windows\\system32\\","ProcessGuid":"747F3D96-B766-5EA4-0000-0010A4790100","CommandLine":"C:\\Windows\\system32\\svchost.exe -k NetworkService -p -s CryptSvc","FileVersion":"10.0.17763.1 (WinBuild.160101.0800)","User":"NT AUTHORITY\\NETWORK SERVICE","LogonId":"0x3e4","IntegrityLevel":"System","ParentImage":"C:\\Windows\\System32\\services.exe","UtcTime":"2020-04-25 22:19:18.165"},"System":{"EventID":1,"Level":4,"Provider_attributes":{"Name":"Microsoft-Windows-Sysmon","Guid":"5770385F-C22A-43E0-BF4C-06F5698FFBD9"},"Version":5,"Task":1,"Opcode":0,"TimeCreated_attributes":{"SystemTime":"2020-04-25T22:19:27.970533Z"},"Execution_attributes":{"ProcessID":2796,"ThreadID":3572},"Correlation":null,"Keywords":"0x8000000000000000","Security_attributes":{"UserID":"S-1-5-18"},"EventRecordID":27618,"Channel":"Microsoft-Windows-Sysmon/Operational","Computer":"MSEDGEWIN10"}},"Event_attributes":{"xmlns":"http://schemas.microsoft.com/win/2004/08/events/event"}}},"name":"HackTool - CrackMapExec Process Patterns","timestamp":"2020-04-25T22:19:27.970533+00:00","authors":["Florian Roth (Nextron Systems)"],"level":"high","source":"sigma","status":"experimental","falsepositives":["Unknown"],"id":"f26307d8-14cd-47e3-a26b-4b4769f24af6","logsource":{"category":"process_creation","product":"windows"},"references":["https://mpgn.gitbook.io/crackmapexec/smb-protocol/obtaining-credentials/dump-lsass"],"tags":["attack.credential-access","attack.t1003.001"]},{"group":"Sigma","kind":"individual","document":{"kind":"evtx","path":"data/EVTX-ATTACK-SAMPLES/Privilege Escalation/privesc_unquoted_svc_sysmon_1_11.evtx","data":{"Event":{"EventData":{"Image":"C:\\Windows\\System32\\svchost.exe","RuleName":"","Description":"Host Process for Windows Services","OriginalFileName":"svchost.exe","TerminalSessionId":0,"ParentCommandLine":"C:\\Windows\\system32\\services.exe","Product":"Microsoft® Windows® Operating System","Company":"Microsoft Corporation","ParentProcessId":584,"LogonGuid":"747F3D96-B764-5EA4-0000-0020E7030000","Hashes":"SHA1=A1385CE20AD79F55DF235EFFD9780C31442AA234,MD5=8A0A29438052FAED8A2532DA50455756,SHA256=7FD065BAC18C5278777AE44908101CDFED72D26FA741367F0AD4D02020787AB6,IMPHASH=247B9220E5D9B720A82B2C8B5069AD69","ParentProcessGuid":"747F3D96-B764-5EA4-0000-00106F550000","ProcessId":2640,"CurrentDirectory":"C:\\Windows\\system32\\","ProcessGuid":"747F3D96-B766-5EA4-0000-0010067A0100","CommandLine":"C:\\Windows\\System32\\svchost.exe -k utcsvc -p","FileVersion":"10.0.17763.1 (WinBuild.160101.0800)","User":"NT AUTHORITY\\SYSTEM","LogonId":"0x3e7","IntegrityLevel":"System","ParentImage":"C:\\Windows\\System32\\services.exe","UtcTime":"2020-04-25 22:19:18.166"},"System":{"EventID":1,"Level":4,"Provider_attributes":{"Name":"Microsoft-Windows-Sysmon","Guid":"5770385F-C22A-43E0-BF4C-06F5698FFBD9"},"Version":5,"Task":1,"Opcode":0,"TimeCreated_attributes":{"SystemTime":"2020-04-25T22:19:28.014998Z"},"Execution_attributes":{"ProcessID":2796,"ThreadID":3572},"Correlation":null,"Keywords":"0x8000000000000000","Security_attributes":{"UserID":"S-1-5-18"},"EventRecordID":27619,"Channel":"Microsoft-Windows-Sysmon/Operational","Computer":"MSEDGEWIN10"}},"Event_attributes":{"xmlns":"http://schemas.microsoft.com/win/2004/08/events/event"}}},"name":"HackTool - CrackMapExec Process Patterns","timestamp":"2020-04-25T22:19:28.014998+00:00","authors":["Florian Roth (Nextron Systems)"],"level":"high","source":"sigma","status":"experimental","falsepositives":["Unknown"],"id":"f26307d8-14cd-47e3-a26b-4b4769f24af6","logsource":{"category":"process_creation","product":"windows"},"references":["https://mpgn.gitbook.io/crackmapexec/smb-protocol/obtaining-credentials/dump-lsass"],"tags":["attack.credential-access","attack.t1003.001"]},{"group":"Sigma","kind":"individual","document":{"kind":"evtx","path":"data/EVTX-ATTACK-SAMPLES/Privilege Escalation/privesc_unquoted_svc_sysmon_1_11.evtx","data":{"Event":{"EventData":{"Image":"C:\\Windows\\System32\\svchost.exe","RuleName":"","Description":"Host Process for Windows Services","OriginalFileName":"svchost.exe","TerminalSessionId":0,"ParentCommandLine":"C:\\Windows\\system32\\services.exe","Product":"Microsoft® Windows® Operating System","Company":"Microsoft Corporation","ParentProcessId":584,"LogonGuid":"747F3D96-B764-5EA4-0000-0020E5030000","Hashes":"SHA1=A1385CE20AD79F55DF235EFFD9780C31442AA234,MD5=8A0A29438052FAED8A2532DA50455756,SHA256=7FD065BAC18C5278777AE44908101CDFED72D26FA741367F0AD4D02020787AB6,IMPHASH=247B9220E5D9B720A82B2C8B5069AD69","ParentProcessGuid":"747F3D96-B764-5EA4-0000-00106F550000","ProcessId":2704,"CurrentDirectory":"C:\\Windows\\system32\\","ProcessGuid":"747F3D96-B766-5EA4-0000-0010DE7E0100","CommandLine":"C:\\Windows\\System32\\svchost.exe -k LocalServiceNoNetwork -p -s DPS","FileVersion":"10.0.17763.1 (WinBuild.160101.0800)","User":"NT AUTHORITY\\LOCAL SERVICE","LogonId":"0x3e5","IntegrityLevel":"System","ParentImage":"C:\\Windows\\System32\\services.exe","UtcTime":"2020-04-25 22:19:18.221"},"System":{"EventID":1,"Level":4,"Provider_attributes":{"Name":"Microsoft-Windows-Sysmon","Guid":"5770385F-C22A-43E0-BF4C-06F5698FFBD9"},"Version":5,"Task":1,"Opcode":0,"TimeCreated_attributes":{"SystemTime":"2020-04-25T22:19:28.063356Z"},"Execution_attributes":{"ProcessID":2796,"ThreadID":3572},"Correlation":null,"Keywords":"0x8000000000000000","Security_attributes":{"UserID":"S-1-5-18"},"EventRecordID":27623,"Channel":"Microsoft-Windows-Sysmon/Operational","Computer":"MSEDGEWIN10"}},"Event_attributes":{"xmlns":"http://schemas.microsoft.com/win/2004/08/events/event"}}},"name":"HackTool - CrackMapExec Process Patterns","timestamp":"2020-04-25T22:19:28.063356+00:00","authors":["Florian Roth (Nextron Systems)"],"level":"high","source":"sigma","status":"experimental","falsepositives":["Unknown"],"id":"f26307d8-14cd-47e3-a26b-4b4769f24af6","logsource":{"category":"process_creation","product":"windows"},"references":["https://mpgn.gitbook.io/crackmapexec/smb-protocol/obtaining-credentials/dump-lsass"],"tags":["attack.credential-access","attack.t1003.001"]},{"group":"Sigma","kind":"individual","document":{"kind":"evtx","path":"data/EVTX-ATTACK-SAMPLES/Privilege Escalation/privesc_unquoted_svc_sysmon_1_11.evtx","data":{"Event":{"EventData":{"Image":"C:\\Windows\\System32\\svchost.exe","RuleName":"","Description":"Host Process for Windows Services","OriginalFileName":"svchost.exe","TerminalSessionId":0,"ParentCommandLine":"C:\\Windows\\system32\\services.exe","Product":"Microsoft® Windows® Operating System","Company":"Microsoft Corporation","ParentProcessId":584,"LogonGuid":"747F3D96-B764-5EA4-0000-0020E7030000","Hashes":"SHA1=A1385CE20AD79F55DF235EFFD9780C31442AA234,MD5=8A0A29438052FAED8A2532DA50455756,SHA256=7FD065BAC18C5278777AE44908101CDFED72D26FA741367F0AD4D02020787AB6,IMPHASH=247B9220E5D9B720A82B2C8B5069AD69","ParentProcessGuid":"747F3D96-B764-5EA4-0000-00106F550000","ProcessId":2736,"CurrentDirectory":"C:\\Windows\\system32\\","ProcessGuid":"747F3D96-B766-5EA4-0000-0010A7800100","CommandLine":"C:\\Windows\\system32\\svchost.exe -k netsvcs -p -s LanmanServer","FileVersion":"10.0.17763.1 (WinBuild.160101.0800)","User":"NT AUTHORITY\\SYSTEM","LogonId":"0x3e7","IntegrityLevel":"System","ParentImage":"C:\\Windows\\System32\\services.exe","UtcTime":"2020-04-25 22:19:18.238"},"System":{"EventID":1,"Level":4,"Provider_attributes":{"Name":"Microsoft-Windows-Sysmon","Guid":"5770385F-C22A-43E0-BF4C-06F5698FFBD9"},"Version":5,"Task":1,"Opcode":0,"TimeCreated_attributes":{"SystemTime":"2020-04-25T22:19:28.065530Z"},"Execution_attributes":{"ProcessID":2796,"ThreadID":3572},"Correlation":null,"Keywords":"0x8000000000000000","Security_attributes":{"UserID":"S-1-5-18"},"EventRecordID":27628,"Channel":"Microsoft-Windows-Sysmon/Operational","Computer":"MSEDGEWIN10"}},"Event_attributes":{"xmlns":"http://schemas.microsoft.com/win/2004/08/events/event"}}},"name":"HackTool - CrackMapExec Process Patterns","timestamp":"2020-04-25T22:19:28.065530+00:00","authors":["Florian Roth (Nextron Systems)"],"level":"high","source":"sigma","status":"experimental","falsepositives":["Unknown"],"id":"f26307d8-14cd-47e3-a26b-4b4769f24af6","logsource":{"category":"process_creation","product":"windows"},"references":["https://mpgn.gitbook.io/crackmapexec/smb-protocol/obtaining-credentials/dump-lsass"],"tags":["attack.credential-access","attack.t1003.001"]},{"group":"Sigma","kind":"individual","document":{"kind":"evtx","path":"data/EVTX-ATTACK-SAMPLES/Privilege Escalation/privesc_unquoted_svc_sysmon_1_11.evtx","data":{"Event":{"EventData":{"Image":"C:\\Windows\\System32\\svchost.exe","RuleName":"","Description":"Host Process for Windows Services","OriginalFileName":"svchost.exe","TerminalSessionId":0,"ParentCommandLine":"C:\\Windows\\system32\\services.exe","Product":"Microsoft® Windows® Operating System","Company":"Microsoft Corporation","ParentProcessId":584,"LogonGuid":"747F3D96-B764-5EA4-0000-0020E5030000","Hashes":"SHA1=A1385CE20AD79F55DF235EFFD9780C31442AA234,MD5=8A0A29438052FAED8A2532DA50455756,SHA256=7FD065BAC18C5278777AE44908101CDFED72D26FA741367F0AD4D02020787AB6,IMPHASH=247B9220E5D9B720A82B2C8B5069AD69","ParentProcessGuid":"747F3D96-B764-5EA4-0000-00106F550000","ProcessId":2772,"CurrentDirectory":"C:\\Windows\\system32\\","ProcessGuid":"747F3D96-B766-5EA4-0000-001074830100","CommandLine":"C:\\Windows\\system32\\svchost.exe -k LocalService -p -s SstpSvc","FileVersion":"10.0.17763.1 (WinBuild.160101.0800)","User":"NT AUTHORITY\\LOCAL SERVICE","LogonId":"0x3e5","IntegrityLevel":"System","ParentImage":"C:\\Windows\\System32\\services.exe","UtcTime":"2020-04-25 22:19:18.271"},"System":{"EventID":1,"Level":4,"Provider_attributes":{"Name":"Microsoft-Windows-Sysmon","Guid":"5770385F-C22A-43E0-BF4C-06F5698FFBD9"},"Version":5,"Task":1,"Opcode":0,"TimeCreated_attributes":{"SystemTime":"2020-04-25T22:19:28.068155Z"},"Execution_attributes":{"ProcessID":2796,"ThreadID":3572},"Correlation":null,"Keywords":"0x8000000000000000","Security_attributes":{"UserID":"S-1-5-18"},"EventRecordID":27632,"Channel":"Microsoft-Windows-Sysmon/Operational","Computer":"MSEDGEWIN10"}},"Event_attributes":{"xmlns":"http://schemas.microsoft.com/win/2004/08/events/event"}}},"name":"HackTool - CrackMapExec Process Patterns","timestamp":"2020-04-25T22:19:28.068155+00:00","authors":["Florian Roth (Nextron Systems)"],"level":"high","source":"sigma","status":"experimental","falsepositives":["Unknown"],"id":"f26307d8-14cd-47e3-a26b-4b4769f24af6","logsource":{"category":"process_creation","product":"windows"},"references":["https://mpgn.gitbook.io/crackmapexec/smb-protocol/obtaining-credentials/dump-lsass"],"tags":["attack.credential-access","attack.t1003.001"]},{"group":"Sigma","kind":"individual","document":{"kind":"evtx","path":"data/EVTX-ATTACK-SAMPLES/Privilege Escalation/privesc_unquoted_svc_sysmon_1_11.evtx","data":{"Event":{"EventData":{"Image":"C:\\Windows\\System32\\wlms\\wlms.exe","RuleName":"","Description":"Windows License Monitoring Service","OriginalFileName":"wlms.exe","TerminalSessionId":0,"ParentCommandLine":"C:\\Windows\\system32\\services.exe","Product":"Microsoft® Windows® Operating System","Company":"Microsoft Corporation","ParentProcessId":584,"LogonGuid":"747F3D96-B764-5EA4-0000-0020E7030000","Hashes":"SHA1=42D56EA9DF9576E2193499EE25C27244EAC4ED6B,MD5=4E72A0A91ED9A811FA75A6D8EEC24DE3,SHA256=487A3B61FEFDDC758B2455DF2C8E666D3FCC4E75D8C0A6B56D0AD2732F9F3C48,IMPHASH=C4858787B32BE55BB0085C7B777727C2","ParentProcessGuid":"747F3D96-B764-5EA4-0000-00106F550000","ProcessId":2848,"CurrentDirectory":"C:\\Windows\\system32\\","ProcessGuid":"747F3D96-B766-5EA4-0000-0010D4880100","CommandLine":"C:\\Windows\\system32\\wlms\\wlms.exe","FileVersion":"10.0.17763.1 (WinBuild.160101.0800)","User":"NT AUTHORITY\\SYSTEM","LogonId":"0x3e7","IntegrityLevel":"System","ParentImage":"C:\\Windows\\System32\\services.exe","UtcTime":"2020-04-25 22:19:18.316"},"System":{"EventID":1,"Level":4,"Provider_attributes":{"Name":"Microsoft-Windows-Sysmon","Guid":"5770385F-C22A-43E0-BF4C-06F5698FFBD9"},"Version":5,"Task":1,"Opcode":0,"TimeCreated_attributes":{"SystemTime":"2020-04-25T22:19:28.079324Z"},"Execution_attributes":{"ProcessID":2796,"ThreadID":3572},"Correlation":null,"Keywords":"0x8000000000000000","Security_attributes":{"UserID":"S-1-5-18"},"EventRecordID":27635,"Channel":"Microsoft-Windows-Sysmon/Operational","Computer":"MSEDGEWIN10"}},"Event_attributes":{"xmlns":"http://schemas.microsoft.com/win/2004/08/events/event"}}},"name":"HackTool - CrackMapExec Process Patterns","timestamp":"2020-04-25T22:19:28.079324+00:00","authors":["Florian Roth (Nextron Systems)"],"level":"high","source":"sigma","status":"experimental","falsepositives":["Unknown"],"id":"f26307d8-14cd-47e3-a26b-4b4769f24af6","logsource":{"category":"process_creation","product":"windows"},"references":["https://mpgn.gitbook.io/crackmapexec/smb-protocol/obtaining-credentials/dump-lsass"],"tags":["attack.credential-access","attack.t1003.001"]},{"group":"Sigma","kind":"individual","document":{"kind":"evtx","path":"data/EVTX-ATTACK-SAMPLES/Privilege Escalation/privesc_unquoted_svc_sysmon_1_11.evtx","data":{"Event":{"EventData":{"Image":"C:\\program.exe","RuleName":"PrivEsc - Potential Unquoted Service Exploit","Description":"Windows Command Processor","OriginalFileName":"Cmd.Exe","TerminalSessionId":0,"ParentCommandLine":"C:\\Windows\\system32\\services.exe","Product":"Microsoft® Windows® Operating System","Company":"Microsoft Corporation","ParentProcessId":584,"LogonGuid":"747F3D96-B764-5EA4-0000-0020E7030000","Hashes":"SHA1=8C5437CD76A89EC983E3B364E219944DA3DAB464,MD5=975B45B669930B0CC773EAF2B414206F,SHA256=3656F37A1C6951EC4496FABB8EE957D3A6E3C276D5A3785476B482C9C0D32EA2,IMPHASH=272245E2988E1E430500B852C4FB5E18","ParentProcessGuid":"747F3D96-B764-5EA4-0000-00106F550000","ProcessId":2856,"CurrentDirectory":"C:\\Windows\\system32\\","ProcessGuid":"747F3D96-B766-5EA4-0000-0010E7880100","CommandLine":"c:\\Program Files\\vulnsvc\\mmm.exe","FileVersion":"10.0.17763.592 (WinBuild.160101.0800)","User":"NT AUTHORITY\\SYSTEM","LogonId":"0x3e7","IntegrityLevel":"System","ParentImage":"C:\\Windows\\System32\\services.exe","UtcTime":"2020-04-25 22:19:18.317"},"System":{"EventID":1,"Level":4,"Provider_attributes":{"Name":"Microsoft-Windows-Sysmon","Guid":"5770385F-C22A-43E0-BF4C-06F5698FFBD9"},"Version":5,"Task":1,"Opcode":0,"TimeCreated_attributes":{"SystemTime":"2020-04-25T22:19:28.080717Z"},"Execution_attributes":{"ProcessID":2796,"ThreadID":3572},"Correlation":null,"Keywords":"0x8000000000000000","Security_attributes":{"UserID":"S-1-5-18"},"EventRecordID":27636,"Channel":"Microsoft-Windows-Sysmon/Operational","Computer":"MSEDGEWIN10"}},"Event_attributes":{"xmlns":"http://schemas.microsoft.com/win/2004/08/events/event"}}},"name":"HackTool - CrackMapExec Process Patterns","timestamp":"2020-04-25T22:19:28.080717+00:00","authors":["Florian Roth (Nextron Systems)"],"level":"high","source":"sigma","status":"experimental","falsepositives":["Unknown"],"id":"f26307d8-14cd-47e3-a26b-4b4769f24af6","logsource":{"category":"process_creation","product":"windows"},"references":["https://mpgn.gitbook.io/crackmapexec/smb-protocol/obtaining-credentials/dump-lsass"],"tags":["attack.credential-access","attack.t1003.001"]},{"group":"Sigma","kind":"individual","document":{"kind":"evtx","path":"data/EVTX-ATTACK-SAMPLES/Privilege Escalation/privesc_unquoted_svc_sysmon_1_11.evtx","data":{"Event":{"EventData":{"Image":"C:\\Windows\\System32\\svchost.exe","RuleName":"","Description":"Host Process for Windows Services","OriginalFileName":"svchost.exe","TerminalSessionId":0,"ParentCommandLine":"C:\\Windows\\system32\\services.exe","Product":"Microsoft® Windows® Operating System","Company":"Microsoft Corporation","ParentProcessId":584,"LogonGuid":"747F3D96-B764-5EA4-0000-0020E7030000","Hashes":"SHA1=A1385CE20AD79F55DF235EFFD9780C31442AA234,MD5=8A0A29438052FAED8A2532DA50455756,SHA256=7FD065BAC18C5278777AE44908101CDFED72D26FA741367F0AD4D02020787AB6,IMPHASH=247B9220E5D9B720A82B2C8B5069AD69","ParentProcessGuid":"747F3D96-B764-5EA4-0000-00106F550000","ProcessId":2876,"CurrentDirectory":"C:\\Windows\\system32\\","ProcessGuid":"747F3D96-B766-5EA4-0000-0010038A0100","CommandLine":"C:\\Windows\\system32\\svchost.exe -k netsvcs -p -s WpnService","FileVersion":"10.0.17763.1 (WinBuild.160101.0800)","User":"NT AUTHORITY\\SYSTEM","LogonId":"0x3e7","IntegrityLevel":"System","ParentImage":"C:\\Windows\\System32\\services.exe","UtcTime":"2020-04-25 22:19:18.329"},"System":{"EventID":1,"Level":4,"Provider_attributes":{"Name":"Microsoft-Windows-Sysmon","Guid":"5770385F-C22A-43E0-BF4C-06F5698FFBD9"},"Version":5,"Task":1,"Opcode":0,"TimeCreated_attributes":{"SystemTime":"2020-04-25T22:19:28.086837Z"},"Execution_attributes":{"ProcessID":2796,"ThreadID":3572},"Correlation":null,"Keywords":"0x8000000000000000","Security_attributes":{"UserID":"S-1-5-18"},"EventRecordID":27641,"Channel":"Microsoft-Windows-Sysmon/Operational","Computer":"MSEDGEWIN10"}},"Event_attributes":{"xmlns":"http://schemas.microsoft.com/win/2004/08/events/event"}}},"name":"HackTool - CrackMapExec Process Patterns","timestamp":"2020-04-25T22:19:28.086837+00:00","authors":["Florian Roth (Nextron Systems)"],"level":"high","source":"sigma","status":"experimental","falsepositives":["Unknown"],"id":"f26307d8-14cd-47e3-a26b-4b4769f24af6","logsource":{"category":"process_creation","product":"windows"},"references":["https://mpgn.gitbook.io/crackmapexec/smb-protocol/obtaining-credentials/dump-lsass"],"tags":["attack.credential-access","attack.t1003.001"]},{"group":"Sigma","kind":"individual","document":{"kind":"evtx","path":"data/EVTX-ATTACK-SAMPLES/Privilege Escalation/privesc_unquoted_svc_sysmon_1_11.evtx","data":{"Event":{"EventData":{"Image":"C:\\Windows\\System32\\svchost.exe","RuleName":"","Description":"Host Process for Windows Services","OriginalFileName":"svchost.exe","TerminalSessionId":0,"ParentCommandLine":"C:\\Windows\\system32\\services.exe","Product":"Microsoft® Windows® Operating System","Company":"Microsoft Corporation","ParentProcessId":584,"LogonGuid":"747F3D96-B764-5EA4-0000-0020E7030000","Hashes":"SHA1=A1385CE20AD79F55DF235EFFD9780C31442AA234,MD5=8A0A29438052FAED8A2532DA50455756,SHA256=7FD065BAC18C5278777AE44908101CDFED72D26FA741367F0AD4D02020787AB6,IMPHASH=247B9220E5D9B720A82B2C8B5069AD69","ParentProcessGuid":"747F3D96-B764-5EA4-0000-00106F550000","ProcessId":2900,"CurrentDirectory":"C:\\Windows\\system32\\","ProcessGuid":"747F3D96-B766-5EA4-0000-00104A8D0100","CommandLine":"C:\\Windows\\System32\\svchost.exe -k LocalSystemNetworkRestricted -p -s TrkWks","FileVersion":"10.0.17763.1 (WinBuild.160101.0800)","User":"NT AUTHORITY\\SYSTEM","LogonId":"0x3e7","IntegrityLevel":"System","ParentImage":"C:\\Windows\\System32\\services.exe","UtcTime":"2020-04-25 22:19:18.357"},"System":{"EventID":1,"Level":4,"Provider_attributes":{"Name":"Microsoft-Windows-Sysmon","Guid":"5770385F-C22A-43E0-BF4C-06F5698FFBD9"},"Version":5,"Task":1,"Opcode":0,"TimeCreated_attributes":{"SystemTime":"2020-04-25T22:19:28.096049Z"},"Execution_attributes":{"ProcessID":2796,"ThreadID":3572},"Correlation":null,"Keywords":"0x8000000000000000","Security_attributes":{"UserID":"S-1-5-18"},"EventRecordID":27644,"Channel":"Microsoft-Windows-Sysmon/Operational","Computer":"MSEDGEWIN10"}},"Event_attributes":{"xmlns":"http://schemas.microsoft.com/win/2004/08/events/event"}}},"name":"HackTool - CrackMapExec Process Patterns","timestamp":"2020-04-25T22:19:28.096049+00:00","authors":["Florian Roth (Nextron Systems)"],"level":"high","source":"sigma","status":"experimental","falsepositives":["Unknown"],"id":"f26307d8-14cd-47e3-a26b-4b4769f24af6","logsource":{"category":"process_creation","product":"windows"},"references":["https://mpgn.gitbook.io/crackmapexec/smb-protocol/obtaining-credentials/dump-lsass"],"tags":["attack.credential-access","attack.t1003.001"]},{"group":"Sigma","kind":"individual","document":{"kind":"evtx","path":"data/EVTX-ATTACK-SAMPLES/Privilege Escalation/privesc_unquoted_svc_sysmon_1_11.evtx","data":{"Event":{"EventData":{"Image":"C:\\Windows\\System32\\svchost.exe","RuleName":"","Description":"Host Process for Windows Services","OriginalFileName":"svchost.exe","TerminalSessionId":0,"ParentCommandLine":"C:\\Windows\\system32\\services.exe","Product":"Microsoft® Windows® Operating System","Company":"Microsoft Corporation","ParentProcessId":584,"LogonGuid":"747F3D96-B764-5EA4-0000-0020E5030000","Hashes":"SHA1=A1385CE20AD79F55DF235EFFD9780C31442AA234,MD5=8A0A29438052FAED8A2532DA50455756,SHA256=7FD065BAC18C5278777AE44908101CDFED72D26FA741367F0AD4D02020787AB6,IMPHASH=247B9220E5D9B720A82B2C8B5069AD69","ParentProcessGuid":"747F3D96-B764-5EA4-0000-00106F550000","ProcessId":3044,"CurrentDirectory":"C:\\Windows\\system32\\","ProcessGuid":"747F3D96-B766-5EA4-0000-0010BAA10100","CommandLine":"C:\\Windows\\System32\\svchost.exe -k LocalService -p -s WdiServiceHost","FileVersion":"10.0.17763.1 (WinBuild.160101.0800)","User":"NT AUTHORITY\\LOCAL SERVICE","LogonId":"0x3e5","IntegrityLevel":"System","ParentImage":"C:\\Windows\\System32\\services.exe","UtcTime":"2020-04-25 22:19:18.525"},"System":{"EventID":1,"Level":4,"Provider_attributes":{"Name":"Microsoft-Windows-Sysmon","Guid":"5770385F-C22A-43E0-BF4C-06F5698FFBD9"},"Version":5,"Task":1,"Opcode":0,"TimeCreated_attributes":{"SystemTime":"2020-04-25T22:19:28.465652Z"},"Execution_attributes":{"ProcessID":2796,"ThreadID":3572},"Correlation":null,"Keywords":"0x8000000000000000","Security_attributes":{"UserID":"S-1-5-18"},"EventRecordID":27650,"Channel":"Microsoft-Windows-Sysmon/Operational","Computer":"MSEDGEWIN10"}},"Event_attributes":{"xmlns":"http://schemas.microsoft.com/win/2004/08/events/event"}}},"name":"HackTool - CrackMapExec Process Patterns","timestamp":"2020-04-25T22:19:28.465652+00:00","authors":["Florian Roth (Nextron Systems)"],"level":"high","source":"sigma","status":"experimental","falsepositives":["Unknown"],"id":"f26307d8-14cd-47e3-a26b-4b4769f24af6","logsource":{"category":"process_creation","product":"windows"},"references":["https://mpgn.gitbook.io/crackmapexec/smb-protocol/obtaining-credentials/dump-lsass"],"tags":["attack.credential-access","attack.t1003.001"]},{"group":"Sigma","kind":"individual","document":{"kind":"evtx","path":"data/EVTX-ATTACK-SAMPLES/Privilege Escalation/privesc_unquoted_svc_sysmon_1_11.evtx","data":{"Event":{"EventData":{"Image":"C:\\Windows\\System32\\svchost.exe","RuleName":"","Description":"Host Process for Windows Services","OriginalFileName":"svchost.exe","TerminalSessionId":0,"ParentCommandLine":"C:\\Windows\\system32\\services.exe","Product":"Microsoft® Windows® Operating System","Company":"Microsoft Corporation","ParentProcessId":584,"LogonGuid":"747F3D96-B764-5EA4-0000-0020E5030000","Hashes":"SHA1=A1385CE20AD79F55DF235EFFD9780C31442AA234,MD5=8A0A29438052FAED8A2532DA50455756,SHA256=7FD065BAC18C5278777AE44908101CDFED72D26FA741367F0AD4D02020787AB6,IMPHASH=247B9220E5D9B720A82B2C8B5069AD69","ParentProcessGuid":"747F3D96-B764-5EA4-0000-00106F550000","ProcessId":4264,"CurrentDirectory":"C:\\Windows\\system32\\","ProcessGuid":"747F3D96-B768-5EA4-0000-00106FAE0200","CommandLine":"C:\\Windows\\system32\\svchost.exe -k LocalService -p -s CDPSvc","FileVersion":"10.0.17763.1 (WinBuild.160101.0800)","User":"NT AUTHORITY\\LOCAL SERVICE","LogonId":"0x3e5","IntegrityLevel":"System","ParentImage":"C:\\Windows\\System32\\services.exe","UtcTime":"2020-04-25 22:19:20.786"},"System":{"EventID":1,"Level":4,"Provider_attributes":{"Name":"Microsoft-Windows-Sysmon","Guid":"5770385F-C22A-43E0-BF4C-06F5698FFBD9"},"Version":5,"Task":1,"Opcode":0,"TimeCreated_attributes":{"SystemTime":"2020-04-25T22:19:32.358995Z"},"Execution_attributes":{"ProcessID":2796,"ThreadID":3572},"Correlation":null,"Keywords":"0x8000000000000000","Security_attributes":{"UserID":"S-1-5-18"},"EventRecordID":27747,"Channel":"Microsoft-Windows-Sysmon/Operational","Computer":"MSEDGEWIN10"}},"Event_attributes":{"xmlns":"http://schemas.microsoft.com/win/2004/08/events/event"}}},"name":"HackTool - CrackMapExec Process Patterns","timestamp":"2020-04-25T22:19:32.358995+00:00","authors":["Florian Roth (Nextron Systems)"],"level":"high","source":"sigma","status":"experimental","falsepositives":["Unknown"],"id":"f26307d8-14cd-47e3-a26b-4b4769f24af6","logsource":{"category":"process_creation","product":"windows"},"references":["https://mpgn.gitbook.io/crackmapexec/smb-protocol/obtaining-credentials/dump-lsass"],"tags":["attack.credential-access","attack.t1003.001"]},{"group":"Sigma","kind":"individual","document":{"kind":"evtx","path":"data/EVTX-ATTACK-SAMPLES/Privilege Escalation/privesc_unquoted_svc_sysmon_1_11.evtx","data":{"Event":{"EventData":{"Image":"C:\\Windows\\System32\\svchost.exe","RuleName":"","Description":"Host Process for Windows Services","OriginalFileName":"svchost.exe","TerminalSessionId":0,"ParentCommandLine":"C:\\Windows\\system32\\services.exe","Product":"Microsoft® Windows® Operating System","Company":"Microsoft Corporation","ParentProcessId":584,"LogonGuid":"747F3D96-B764-5EA4-0000-0020E7030000","Hashes":"SHA1=A1385CE20AD79F55DF235EFFD9780C31442AA234,MD5=8A0A29438052FAED8A2532DA50455756,SHA256=7FD065BAC18C5278777AE44908101CDFED72D26FA741367F0AD4D02020787AB6,IMPHASH=247B9220E5D9B720A82B2C8B5069AD69","ParentProcessGuid":"747F3D96-B764-5EA4-0000-00106F550000","ProcessId":6964,"CurrentDirectory":"C:\\Windows\\system32\\","ProcessGuid":"747F3D96-B776-5EA4-0000-0010A74D0B00","CommandLine":"C:\\Windows\\system32\\svchost.exe -k netsvcs -p -s Appinfo","FileVersion":"10.0.17763.1 (WinBuild.160101.0800)","User":"NT AUTHORITY\\SYSTEM","LogonId":"0x3e7","IntegrityLevel":"System","ParentImage":"C:\\Windows\\System32\\services.exe","UtcTime":"2020-04-25 22:19:34.549"},"System":{"EventID":1,"Level":4,"Provider_attributes":{"Name":"Microsoft-Windows-Sysmon","Guid":"5770385F-C22A-43E0-BF4C-06F5698FFBD9"},"Version":5,"Task":1,"Opcode":0,"TimeCreated_attributes":{"SystemTime":"2020-04-25T22:19:40.692924Z"},"Execution_attributes":{"ProcessID":2796,"ThreadID":3572},"Correlation":null,"Keywords":"0x8000000000000000","Security_attributes":{"UserID":"S-1-5-18"},"EventRecordID":27840,"Channel":"Microsoft-Windows-Sysmon/Operational","Computer":"MSEDGEWIN10"}},"Event_attributes":{"xmlns":"http://schemas.microsoft.com/win/2004/08/events/event"}}},"name":"HackTool - CrackMapExec Process Patterns","timestamp":"2020-04-25T22:19:40.692924+00:00","authors":["Florian Roth (Nextron Systems)"],"level":"high","source":"sigma","status":"experimental","falsepositives":["Unknown"],"id":"f26307d8-14cd-47e3-a26b-4b4769f24af6","logsource":{"category":"process_creation","product":"windows"},"references":["https://mpgn.gitbook.io/crackmapexec/smb-protocol/obtaining-credentials/dump-lsass"],"tags":["attack.credential-access","attack.t1003.001"]},{"group":"Sigma","kind":"individual","document":{"kind":"evtx","path":"data/EVTX-ATTACK-SAMPLES/Privilege Escalation/privesc_unquoted_svc_sysmon_1_11.evtx","data":{"Event":{"EventData":{"Image":"C:\\Windows\\System32\\consent.exe","RuleName":"","Description":"Consent UI for administrative applications","OriginalFileName":"consent.exe","TerminalSessionId":1,"ParentCommandLine":"C:\\Windows\\system32\\svchost.exe -k netsvcs -p -s Appinfo","Product":"Microsoft® Windows® Operating System","Company":"Microsoft Corporation","ParentProcessId":6964,"LogonGuid":"747F3D96-B764-5EA4-0000-0020E7030000","Hashes":"SHA1=9329B2362078DE27242DD4534F588AF3264BF0BF,MD5=27992D7EBE51AEC655A088DE88BAD5C9,SHA256=8F112431143A22BAAAFB448EEFD63BF90E7691C890AC69A296574FD07BA03EC6,IMPHASH=522D83761201075834F05037F5307949","ParentProcessGuid":"747F3D96-B776-5EA4-0000-0010A74D0B00","ProcessId":6648,"CurrentDirectory":"C:\\Windows\\system32\\","ProcessGuid":"747F3D96-B79B-5EA4-0000-001075DA0F00","CommandLine":"consent.exe 6964 318 0000021FF2606500","FileVersion":"10.0.17763.404 (WinBuild.160101.0800)","User":"NT AUTHORITY\\SYSTEM","LogonId":"0x3e7","IntegrityLevel":"System","ParentImage":"C:\\Windows\\System32\\svchost.exe","UtcTime":"2020-04-25 22:20:11.317"},"System":{"EventID":1,"Level":4,"Provider_attributes":{"Name":"Microsoft-Windows-Sysmon","Guid":"5770385F-C22A-43E0-BF4C-06F5698FFBD9"},"Version":5,"Task":1,"Opcode":0,"TimeCreated_attributes":{"SystemTime":"2020-04-25T22:20:11.402474Z"},"Execution_attributes":{"ProcessID":2796,"ThreadID":3572},"Correlation":null,"Keywords":"0x8000000000000000","Security_attributes":{"UserID":"S-1-5-18"},"EventRecordID":27958,"Channel":"Microsoft-Windows-Sysmon/Operational","Computer":"MSEDGEWIN10"}},"Event_attributes":{"xmlns":"http://schemas.microsoft.com/win/2004/08/events/event"}}},"name":"HackTool - CrackMapExec Process Patterns","timestamp":"2020-04-25T22:20:11.402474+00:00","authors":["Florian Roth (Nextron Systems)"],"level":"high","source":"sigma","status":"experimental","falsepositives":["Unknown"],"id":"f26307d8-14cd-47e3-a26b-4b4769f24af6","logsource":{"category":"process_creation","product":"windows"},"references":["https://mpgn.gitbook.io/crackmapexec/smb-protocol/obtaining-credentials/dump-lsass"],"tags":["attack.credential-access","attack.t1003.001"]},{"group":"Sigma","kind":"individual","document":{"kind":"evtx","path":"data/EVTX-ATTACK-SAMPLES/Privilege Escalation/privesc_unquoted_svc_sysmon_1_11.evtx","data":{"Event":{"EventData":{"Image":"C:\\Windows\\System32\\SecurityHealthService.exe","RuleName":"","Description":"Windows Security Health Service","OriginalFileName":"SecurityHealthService.exe","TerminalSessionId":0,"ParentCommandLine":"C:\\Windows\\system32\\services.exe","Product":"Microsoft® Windows® Operating System","Company":"Microsoft Corporation","ParentProcessId":584,"LogonGuid":"747F3D96-B764-5EA4-0000-0020E7030000","Hashes":"SHA1=99FD6286539D36B93D1255473D75E14E14C7A9AE,MD5=3ECF427D2F76A86676DFB4A67EDDEF64,SHA256=6AD58BB7707259E0EB1599400A603134550B344CD86AB73B04D9DEF937D6A1C6,IMPHASH=F5BD79DC95E0303BDD85756328F16293","ParentProcessGuid":"747F3D96-B764-5EA4-0000-00106F550000","ProcessId":7088,"CurrentDirectory":"C:\\Windows\\system32\\","ProcessGuid":"747F3D96-B7A0-5EA4-0000-001027D81000","CommandLine":"C:\\Windows\\system32\\SecurityHealthService.exe","FileVersion":"4.18.1807.16384 (WinBuild.160101.0800)","User":"NT AUTHORITY\\SYSTEM","LogonId":"0x3e7","IntegrityLevel":"System","ParentImage":"C:\\Windows\\System32\\services.exe","UtcTime":"2020-04-25 22:20:16.141"},"System":{"EventID":1,"Level":4,"Provider_attributes":{"Name":"Microsoft-Windows-Sysmon","Guid":"5770385F-C22A-43E0-BF4C-06F5698FFBD9"},"Version":5,"Task":1,"Opcode":0,"TimeCreated_attributes":{"SystemTime":"2020-04-25T22:20:16.165482Z"},"Execution_attributes":{"ProcessID":2796,"ThreadID":3572},"Correlation":null,"Keywords":"0x8000000000000000","Security_attributes":{"UserID":"S-1-5-18"},"EventRecordID":27991,"Channel":"Microsoft-Windows-Sysmon/Operational","Computer":"MSEDGEWIN10"}},"Event_attributes":{"xmlns":"http://schemas.microsoft.com/win/2004/08/events/event"}}},"name":"HackTool - CrackMapExec Process Patterns","timestamp":"2020-04-25T22:20:16.165482+00:00","authors":["Florian Roth (Nextron Systems)"],"level":"high","source":"sigma","status":"experimental","falsepositives":["Unknown"],"id":"f26307d8-14cd-47e3-a26b-4b4769f24af6","logsource":{"category":"process_creation","product":"windows"},"references":["https://mpgn.gitbook.io/crackmapexec/smb-protocol/obtaining-credentials/dump-lsass"],"tags":["attack.credential-access","attack.t1003.001"]},{"group":"Sigma","kind":"individual","document":{"kind":"evtx","path":"data/EVTX-ATTACK-SAMPLES/Privilege Escalation/privesc_unquoted_svc_sysmon_1_11.evtx","data":{"Event":{"EventData":{"Image":"C:\\Windows\\System32\\consent.exe","RuleName":"","Description":"Consent UI for administrative applications","OriginalFileName":"consent.exe","TerminalSessionId":1,"ParentCommandLine":"C:\\Windows\\system32\\svchost.exe -k netsvcs -p -s Appinfo","Product":"Microsoft® Windows® Operating System","Company":"Microsoft Corporation","ParentProcessId":6964,"LogonGuid":"747F3D96-B764-5EA4-0000-0020E7030000","Hashes":"SHA1=9329B2362078DE27242DD4534F588AF3264BF0BF,MD5=27992D7EBE51AEC655A088DE88BAD5C9,SHA256=8F112431143A22BAAAFB448EEFD63BF90E7691C890AC69A296574FD07BA03EC6,IMPHASH=522D83761201075834F05037F5307949","ParentProcessGuid":"747F3D96-B776-5EA4-0000-0010A74D0B00","ProcessId":7036,"CurrentDirectory":"C:\\Windows\\system32\\","ProcessGuid":"747F3D96-B7A5-5EA4-0000-0010EAB91300","CommandLine":"consent.exe 6964 258 0000021FF266EC20","FileVersion":"10.0.17763.404 (WinBuild.160101.0800)","User":"NT AUTHORITY\\SYSTEM","LogonId":"0x3e7","IntegrityLevel":"System","ParentImage":"C:\\Windows\\System32\\svchost.exe","UtcTime":"2020-04-25 22:20:21.230"},"System":{"EventID":1,"Level":4,"Provider_attributes":{"Name":"Microsoft-Windows-Sysmon","Guid":"5770385F-C22A-43E0-BF4C-06F5698FFBD9"},"Version":5,"Task":1,"Opcode":0,"TimeCreated_attributes":{"SystemTime":"2020-04-25T22:20:21.263232Z"},"Execution_attributes":{"ProcessID":2796,"ThreadID":3572},"Correlation":null,"Keywords":"0x8000000000000000","Security_attributes":{"UserID":"S-1-5-18"},"EventRecordID":28050,"Channel":"Microsoft-Windows-Sysmon/Operational","Computer":"MSEDGEWIN10"}},"Event_attributes":{"xmlns":"http://schemas.microsoft.com/win/2004/08/events/event"}}},"name":"HackTool - CrackMapExec Process Patterns","timestamp":"2020-04-25T22:20:21.263232+00:00","authors":["Florian Roth (Nextron Systems)"],"level":"high","source":"sigma","status":"experimental","falsepositives":["Unknown"],"id":"f26307d8-14cd-47e3-a26b-4b4769f24af6","logsource":{"category":"process_creation","product":"windows"},"references":["https://mpgn.gitbook.io/crackmapexec/smb-protocol/obtaining-credentials/dump-lsass"],"tags":["attack.credential-access","attack.t1003.001"]},{"group":"Sigma","kind":"individual","document":{"kind":"evtx","path":"data/EVTX-ATTACK-SAMPLES/Privilege Escalation/privesc_unquoted_svc_sysmon_1_11.evtx","data":{"Event":{"EventData":{"Image":"C:\\Windows\\System32\\svchost.exe","RuleName":"","Description":"Host Process for Windows Services","OriginalFileName":"svchost.exe","TerminalSessionId":0,"ParentCommandLine":"C:\\Windows\\system32\\services.exe","Product":"Microsoft® Windows® Operating System","Company":"Microsoft Corporation","ParentProcessId":584,"LogonGuid":"747F3D96-B764-5EA4-0000-0020E5030000","Hashes":"SHA1=A1385CE20AD79F55DF235EFFD9780C31442AA234,MD5=8A0A29438052FAED8A2532DA50455756,SHA256=7FD065BAC18C5278777AE44908101CDFED72D26FA741367F0AD4D02020787AB6,IMPHASH=247B9220E5D9B720A82B2C8B5069AD69","ParentProcessGuid":"747F3D96-B764-5EA4-0000-00106F550000","ProcessId":2792,"CurrentDirectory":"C:\\Windows\\system32\\","ProcessGuid":"747F3D96-B7D4-5EA4-0000-0010E09B1700","CommandLine":"C:\\Windows\\system32\\svchost.exe -k LocalServiceAndNoImpersonation -p -s SSDPSRV","FileVersion":"10.0.17763.1 (WinBuild.160101.0800)","User":"NT AUTHORITY\\LOCAL SERVICE","LogonId":"0x3e5","IntegrityLevel":"System","ParentImage":"C:\\Windows\\System32\\services.exe","UtcTime":"2020-04-25 22:21:08.560"},"System":{"EventID":1,"Level":4,"Provider_attributes":{"Name":"Microsoft-Windows-Sysmon","Guid":"5770385F-C22A-43E0-BF4C-06F5698FFBD9"},"Version":5,"Task":1,"Opcode":0,"TimeCreated_attributes":{"SystemTime":"2020-04-25T22:21:08.564350Z"},"Execution_attributes":{"ProcessID":2796,"ThreadID":3572},"Correlation":null,"Keywords":"0x8000000000000000","Security_attributes":{"UserID":"S-1-5-18"},"EventRecordID":28134,"Channel":"Microsoft-Windows-Sysmon/Operational","Computer":"MSEDGEWIN10"}},"Event_attributes":{"xmlns":"http://schemas.microsoft.com/win/2004/08/events/event"}}},"name":"HackTool - CrackMapExec Process Patterns","timestamp":"2020-04-25T22:21:08.564350+00:00","authors":["Florian Roth (Nextron Systems)"],"level":"high","source":"sigma","status":"experimental","falsepositives":["Unknown"],"id":"f26307d8-14cd-47e3-a26b-4b4769f24af6","logsource":{"category":"process_creation","product":"windows"},"references":["https://mpgn.gitbook.io/crackmapexec/smb-protocol/obtaining-credentials/dump-lsass"],"tags":["attack.credential-access","attack.t1003.001"]},{"group":"Sigma","kind":"individual","document":{"kind":"evtx","path":"data/EVTX-ATTACK-SAMPLES/Privilege Escalation/privesc_unquoted_svc_sysmon_1_11.evtx","data":{"Event":{"EventData":{"Image":"C:\\Windows\\System32\\svchost.exe","RuleName":"","Description":"Host Process for Windows Services","OriginalFileName":"svchost.exe","TerminalSessionId":0,"ParentCommandLine":"C:\\Windows\\system32\\services.exe","Product":"Microsoft® Windows® Operating System","Company":"Microsoft Corporation","ParentProcessId":584,"LogonGuid":"747F3D96-B764-5EA4-0000-0020E4030000","Hashes":"SHA1=A1385CE20AD79F55DF235EFFD9780C31442AA234,MD5=8A0A29438052FAED8A2532DA50455756,SHA256=7FD065BAC18C5278777AE44908101CDFED72D26FA741367F0AD4D02020787AB6,IMPHASH=247B9220E5D9B720A82B2C8B5069AD69","ParentProcessGuid":"747F3D96-B764-5EA4-0000-00106F550000","ProcessId":6548,"CurrentDirectory":"C:\\Windows\\system32\\","ProcessGuid":"747F3D96-B7DE-5EA4-0000-0010FA4E1800","CommandLine":"C:\\Windows\\System32\\svchost.exe -k NetworkService -p","FileVersion":"10.0.17763.1 (WinBuild.160101.0800)","User":"NT AUTHORITY\\NETWORK SERVICE","LogonId":"0x3e4","IntegrityLevel":"System","ParentImage":"C:\\Windows\\System32\\services.exe","UtcTime":"2020-04-25 22:21:18.407"},"System":{"EventID":1,"Level":4,"Provider_attributes":{"Name":"Microsoft-Windows-Sysmon","Guid":"5770385F-C22A-43E0-BF4C-06F5698FFBD9"},"Version":5,"Task":1,"Opcode":0,"TimeCreated_attributes":{"SystemTime":"2020-04-25T22:21:18.412316Z"},"Execution_attributes":{"ProcessID":2796,"ThreadID":3572},"Correlation":null,"Keywords":"0x8000000000000000","Security_attributes":{"UserID":"S-1-5-18"},"EventRecordID":28154,"Channel":"Microsoft-Windows-Sysmon/Operational","Computer":"MSEDGEWIN10"}},"Event_attributes":{"xmlns":"http://schemas.microsoft.com/win/2004/08/events/event"}}},"name":"HackTool - CrackMapExec Process Patterns","timestamp":"2020-04-25T22:21:18.412316+00:00","authors":["Florian Roth (Nextron Systems)"],"level":"high","source":"sigma","status":"experimental","falsepositives":["Unknown"],"id":"f26307d8-14cd-47e3-a26b-4b4769f24af6","logsource":{"category":"process_creation","product":"windows"},"references":["https://mpgn.gitbook.io/crackmapexec/smb-protocol/obtaining-credentials/dump-lsass"],"tags":["attack.credential-access","attack.t1003.001"]},