{"group":"Sigma","kind":"individual","document":{"kind":"evtx","path":"data/EVTX-ATTACK-SAMPLES/Privilege Escalation/privesc_unquoted_svc_sysmon_1_11.evtx","data":{"Event":{"EventData":{"Image":"C:\\Windows\\System32\\svchost.exe","RuleName":"","Description":"Host Process for Windows Services","OriginalFileName":"svchost.exe","TerminalSessionId":0,"ParentCommandLine":"C:\\Windows\\system32\\services.exe","Product":"Microsoft® Windows® Operating System","Company":"Microsoft Corporation","ParentProcessId":584,"LogonGuid":"747F3D96-B764-5EA4-0000-0020E7030000","Hashes":"SHA1=A1385CE20AD79F55DF235EFFD9780C31442AA234,MD5=8A0A29438052FAED8A2532DA50455756,SHA256=7FD065BAC18C5278777AE44908101CDFED72D26FA741367F0AD4D02020787AB6,IMPHASH=247B9220E5D9B720A82B2C8B5069AD69","ParentProcessGuid":"747F3D96-B764-5EA4-0000-00106F550000","ProcessId":1240,"CurrentDirectory":"C:\\Windows\\system32\\","ProcessGuid":"747F3D96-B765-5EA4-0000-0010DCDF0000","CommandLine":"C:\\Windows\\system32\\svchost.exe -k netsvcs -p -s UserManager","FileVersion":"10.0.17763.1 (WinBuild.160101.0800)","User":"NT AUTHORITY\\SYSTEM","LogonId":"0x3e7","IntegrityLevel":"System","ParentImage":"C:\\Windows\\System32\\services.exe","UtcTime":"2020-04-25 22:19:17.064"},"System":{"EventID":1,"Level":4,"Provider_attributes":{"Name":"Microsoft-Windows-Sysmon","Guid":"5770385F-C22A-43E0-BF4C-06F5698FFBD9"},"Version":5,"Task":1,"Opcode":0,"TimeCreated_attributes":{"SystemTime":"2020-04-25T22:19:25.487154Z"},"Execution_attributes":{"ProcessID":2796,"ThreadID":3572},"Correlation":null,"Keywords":"0x8000000000000000","Security_attributes":{"UserID":"S-1-5-18"},"EventRecordID":27475,"Channel":"Microsoft-Windows-Sysmon/Operational","Computer":"MSEDGEWIN10"}},"Event_attributes":{"xmlns":"http://schemas.microsoft.com/win/2004/08/events/event"}}},"name":"HackTool - CrackMapExec Process Patterns","timestamp":"2020-04-25T22:19:25.487154+00:00","authors":["Florian Roth (Nextron Systems)"],"level":"high","source":"sigma","status":"experimental","falsepositives":["Unknown"],"id":"f26307d8-14cd-47e3-a26b-4b4769f24af6","logsource":{"category":"process_creation","product":"windows"},"references":["https://mpgn.gitbook.io/crackmapexec/smb-protocol/obtaining-credentials/dump-lsass"],"tags":["attack.credential-access","attack.t1003.001"]},{"group":"Sigma","kind":"individual","document":{"kind":"evtx","path":"data/EVTX-ATTACK-SAMPLES/Privilege Escalation/privesc_unquoted_svc_sysmon_1_11.evtx","data":{"Event":{"EventData":{"Image":"C:\\Windows\\System32\\svchost.exe","RuleName":"","Description":"Host Process for Windows Services","OriginalFileName":"svchost.exe","TerminalSessionId":0,"ParentCommandLine":"C:\\Windows\\system32\\services.exe","Product":"Microsoft® Windows® Operating System","Company":"Microsoft Corporation","ParentProcessId":584,"LogonGuid":"747F3D96-B764-5EA4-0000-0020E5030000","Hashes":"SHA1=A1385CE20AD79F55DF235EFFD9780C31442AA234,MD5=8A0A29438052FAED8A2532DA50455756,SHA256=7FD065BAC18C5278777AE44908101CDFED72D26FA741367F0AD4D02020787AB6,IMPHASH=247B9220E5D9B720A82B2C8B5069AD69","ParentProcessGuid":"747F3D96-B764-5EA4-0000-00106F550000","ProcessId":1308,"CurrentDirectory":"C:\\Windows\\system32\\","ProcessGuid":"747F3D96-B765-5EA4-0000-00109FE80000","CommandLine":"C:\\Windows\\system32\\svchost.exe -k LocalService -p -s nsi","FileVersion":"10.0.17763.1 (WinBuild.160101.0800)","User":"NT AUTHORITY\\LOCAL SERVICE","LogonId":"0x3e5","IntegrityLevel":"System","ParentImage":"C:\\Windows\\System32\\services.exe","UtcTime":"2020-04-25 22:19:17.115"},"System":{"EventID":1,"Level":4,"Provider_attributes":{"Name":"Microsoft-Windows-Sysmon","Guid":"5770385F-C22A-43E0-BF4C-06F5698FFBD9"},"Version":5,"Task":1,"Opcode":0,"TimeCreated_attributes":{"SystemTime":"2020-04-25T22:19:25.600572Z"},"Execution_attributes":{"ProcessID":2796,"ThreadID":3572},"Correlation":null,"Keywords":"0x8000000000000000","Security_attributes":{"UserID":"S-1-5-18"},"EventRecordID":27479,"Channel":"Microsoft-Windows-Sysmon/Operational","Computer":"MSEDGEWIN10"}},"Event_attributes":{"xmlns":"http://schemas.microsoft.com/win/2004/08/events/event"}}},"name":"HackTool - CrackMapExec Process Patterns","timestamp":"2020-04-25T22:19:25.600572+00:00","authors":["Florian Roth (Nextron Systems)"],"level":"high","source":"sigma","status":"experimental","falsepositives":["Unknown"],"id":"f26307d8-14cd-47e3-a26b-4b4769f24af6","logsource":{"category":"process_creation","product":"windows"},"references":["https://mpgn.gitbook.io/crackmapexec/smb-protocol/obtaining-credentials/dump-lsass"],"tags":["attack.credential-access","attack.t1003.001"]},{"group":"Sigma","kind":"individual","document":{"kind":"evtx","path":"data/EVTX-ATTACK-SAMPLES/Privilege Escalation/privesc_unquoted_svc_sysmon_1_11.evtx","data":{"Event":{"EventData":{"Image":"C:\\Windows\\System32\\svchost.exe","RuleName":"","Description":"Host Process for Windows Services","OriginalFileName":"svchost.exe","TerminalSessionId":0,"ParentCommandLine":"C:\\Windows\\system32\\services.exe","Product":"Microsoft® Windows® Operating System","Company":"Microsoft Corporation","ParentProcessId":584,"LogonGuid":"747F3D96-B764-5EA4-0000-0020E5030000","Hashes":"SHA1=A1385CE20AD79F55DF235EFFD9780C31442AA234,MD5=8A0A29438052FAED8A2532DA50455756,SHA256=7FD065BAC18C5278777AE44908101CDFED72D26FA741367F0AD4D02020787AB6,IMPHASH=247B9220E5D9B720A82B2C8B5069AD69","ParentProcessGuid":"747F3D96-B764-5EA4-0000-00106F550000","ProcessId":1360,"CurrentDirectory":"C:\\Windows\\system32\\","ProcessGuid":"747F3D96-B765-5EA4-0000-00104FEE0000","CommandLine":"C:\\Windows\\system32\\svchost.exe -k LocalServiceNetworkRestricted -p -s Dhcp","FileVersion":"10.0.17763.1 (WinBuild.160101.0800)","User":"NT AUTHORITY\\LOCAL SERVICE","LogonId":"0x3e5","IntegrityLevel":"System","ParentImage":"C:\\Windows\\System32\\services.exe","UtcTime":"2020-04-25 22:19:17.161"},"System":{"EventID":1,"Level":4,"Provider_attributes":{"Name":"Microsoft-Windows-Sysmon","Guid":"5770385F-C22A-43E0-BF4C-06F5698FFBD9"},"Version":5,"Task":1,"Opcode":0,"TimeCreated_attributes":{"SystemTime":"2020-04-25T22:19:25.603617Z"},"Execution_attributes":{"ProcessID":2796,"ThreadID":3572},"Correlation":null,"Keywords":"0x8000000000000000","Security_attributes":{"UserID":"S-1-5-18"},"EventRecordID":27483,"Channel":"Microsoft-Windows-Sysmon/Operational","Computer":"MSEDGEWIN10"}},"Event_attributes":{"xmlns":"http://schemas.microsoft.com/win/2004/08/events/event"}}},"name":"HackTool - CrackMapExec Process Patterns","timestamp":"2020-04-25T22:19:25.603617+00:00","authors":["Florian Roth (Nextron Systems)"],"level":"high","source":"sigma","status":"experimental","falsepositives":["Unknown"],"id":"f26307d8-14cd-47e3-a26b-4b4769f24af6","logsource":{"category":"process_creation","product":"windows"},"references":["https://mpgn.gitbook.io/crackmapexec/smb-protocol/obtaining-credentials/dump-lsass"],"tags":["attack.credential-access","attack.t1003.001"]},{"group":"Sigma","kind":"individual","document":{"kind":"evtx","path":"data/EVTX-ATTACK-SAMPLES/Privilege Escalation/privesc_unquoted_svc_sysmon_1_11.evtx","data":{"Event":{"EventData":{"Image":"C:\\Windows\\System32\\upfc.exe","RuleName":"","Description":"Updateability From SCM","OriginalFileName":"upfc.exe","TerminalSessionId":0,"ParentCommandLine":"C:\\Windows\\system32\\services.exe","Product":"Microsoft® Windows® Operating System","Company":"Microsoft Corporation","ParentProcessId":584,"LogonGuid":"747F3D96-B764-5EA4-0000-0020E7030000","Hashes":"SHA1=D35A6D77ACF8E9AC80E345BDE15032AE632A976D,MD5=AC3DA8AAC02C94DC65ECDF9548E6372D,SHA256=AE4B0E81C601521DA974D53E44295C98331CED7C9CC2F260434E6BC0C475DDA3,IMPHASH=B3371ED99D25FEFF460973E2D1E5A076","ParentProcessGuid":"747F3D96-B764-5EA4-0000-00106F550000","ProcessId":1380,"CurrentDirectory":"C:\\Windows\\system32\\","ProcessGuid":"747F3D96-B765-5EA4-0000-00107DF10000","CommandLine":"C:\\Windows\\System32\\Upfc.exe /launchtype boot /cv pVnjz5d3jkOKEwXZiJ9/ng.0","FileVersion":"10.0.17763.1 (WinBuild.160101.0800)","User":"NT AUTHORITY\\SYSTEM","LogonId":"0x3e7","IntegrityLevel":"System","ParentImage":"C:\\Windows\\System32\\services.exe","UtcTime":"2020-04-25 22:19:17.190"},"System":{"EventID":1,"Level":4,"Provider_attributes":{"Name":"Microsoft-Windows-Sysmon","Guid":"5770385F-C22A-43E0-BF4C-06F5698FFBD9"},"Version":5,"Task":1,"Opcode":0,"TimeCreated_attributes":{"SystemTime":"2020-04-25T22:19:26.158042Z"},"Execution_attributes":{"ProcessID":2796,"ThreadID":3572},"Correlation":null,"Keywords":"0x8000000000000000","Security_attributes":{"UserID":"S-1-5-18"},"EventRecordID":27488,"Channel":"Microsoft-Windows-Sysmon/Operational","Computer":"MSEDGEWIN10"}},"Event_attributes":{"xmlns":"http://schemas.microsoft.com/win/2004/08/events/event"}}},"name":"HackTool - CrackMapExec Process Patterns","timestamp":"2020-04-25T22:19:26.158042+00:00","authors":["Florian Roth (Nextron Systems)"],"level":"high","source":"sigma","status":"experimental","falsepositives":["Unknown"],"id":"f26307d8-14cd-47e3-a26b-4b4769f24af6","logsource":{"category":"process_creation","product":"windows"},"references":["https://mpgn.gitbook.io/crackmapexec/smb-protocol/obtaining-credentials/dump-lsass"],"tags":["attack.credential-access","attack.t1003.001"]},{"group":"Sigma","kind":"individual","document":{"kind":"evtx","path":"data/EVTX-ATTACK-SAMPLES/Privilege Escalation/privesc_unquoted_svc_sysmon_1_11.evtx","data":{"Event":{"EventData":{"Image":"C:\\Windows\\System32\\svchost.exe","RuleName":"","Description":"Host Process for Windows Services","OriginalFileName":"svchost.exe","TerminalSessionId":0,"ParentCommandLine":"C:\\Windows\\system32\\services.exe","Product":"Microsoft® Windows® Operating System","Company":"Microsoft Corporation","ParentProcessId":584,"LogonGuid":"747F3D96-B764-5EA4-0000-0020E4030000","Hashes":"SHA1=A1385CE20AD79F55DF235EFFD9780C31442AA234,MD5=8A0A29438052FAED8A2532DA50455756,SHA256=7FD065BAC18C5278777AE44908101CDFED72D26FA741367F0AD4D02020787AB6,IMPHASH=247B9220E5D9B720A82B2C8B5069AD69","ParentProcessGuid":"747F3D96-B764-5EA4-0000-00106F550000","ProcessId":1500,"CurrentDirectory":"C:\\Windows\\system32\\","ProcessGuid":"747F3D96-B765-5EA4-0000-0010EDFC0000","CommandLine":"C:\\Windows\\System32\\svchost.exe -k NetworkService -p -s NlaSvc","FileVersion":"10.0.17763.1 (WinBuild.160101.0800)","User":"NT AUTHORITY\\NETWORK SERVICE","LogonId":"0x3e4","IntegrityLevel":"System","ParentImage":"C:\\Windows\\System32\\services.exe","UtcTime":"2020-04-25 22:19:17.316"},"System":{"EventID":1,"Level":4,"Provider_attributes":{"Name":"Microsoft-Windows-Sysmon","Guid":"5770385F-C22A-43E0-BF4C-06F5698FFBD9"},"Version":5,"Task":1,"Opcode":0,"TimeCreated_attributes":{"SystemTime":"2020-04-25T22:19:26.303168Z"},"Execution_attributes":{"ProcessID":2796,"ThreadID":3572},"Correlation":null,"Keywords":"0x8000000000000000","Security_attributes":{"UserID":"S-1-5-18"},"EventRecordID":27492,"Channel":"Microsoft-Windows-Sysmon/Operational","Computer":"MSEDGEWIN10"}},"Event_attributes":{"xmlns":"http://schemas.microsoft.com/win/2004/08/events/event"}}},"name":"HackTool - CrackMapExec Process Patterns","timestamp":"2020-04-25T22:19:26.303168+00:00","authors":["Florian Roth (Nextron Systems)"],"level":"high","source":"sigma","status":"experimental","falsepositives":["Unknown"],"id":"f26307d8-14cd-47e3-a26b-4b4769f24af6","logsource":{"category":"process_creation","product":"windows"},"references":["https://mpgn.gitbook.io/crackmapexec/smb-protocol/obtaining-credentials/dump-lsass"],"tags":["attack.credential-access","attack.t1003.001"]},{"group":"Sigma","kind":"individual","document":{"kind":"evtx","path":"data/EVTX-ATTACK-SAMPLES/Privilege Escalation/privesc_unquoted_svc_sysmon_1_11.evtx","data":{"Event":{"EventData":{"Image":"C:\\Windows\\System32\\svchost.exe","RuleName":"","Description":"Host Process for Windows Services","OriginalFileName":"svchost.exe","TerminalSessionId":0,"ParentCommandLine":"C:\\Windows\\system32\\services.exe","Product":"Microsoft® Windows® Operating System","Company":"Microsoft Corporation","ParentProcessId":584,"LogonGuid":"747F3D96-B764-5EA4-0000-0020E4030000","Hashes":"SHA1=A1385CE20AD79F55DF235EFFD9780C31442AA234,MD5=8A0A29438052FAED8A2532DA50455756,SHA256=7FD065BAC18C5278777AE44908101CDFED72D26FA741367F0AD4D02020787AB6,IMPHASH=247B9220E5D9B720A82B2C8B5069AD69","ParentProcessGuid":"747F3D96-B764-5EA4-0000-00106F550000","ProcessId":1536,"CurrentDirectory":"C:\\Windows\\system32\\","ProcessGuid":"747F3D96-B765-5EA4-0000-001055010100","CommandLine":"C:\\Windows\\system32\\svchost.exe -k NetworkService -p -s Dnscache","FileVersion":"10.0.17763.1 (WinBuild.160101.0800)","User":"NT AUTHORITY\\NETWORK SERVICE","LogonId":"0x3e4","IntegrityLevel":"System","ParentImage":"C:\\Windows\\System32\\services.exe","UtcTime":"2020-04-25 22:19:17.344"},"System":{"EventID":1,"Level":4,"Provider_attributes":{"Name":"Microsoft-Windows-Sysmon","Guid":"5770385F-C22A-43E0-BF4C-06F5698FFBD9"},"Version":5,"Task":1,"Opcode":0,"TimeCreated_attributes":{"SystemTime":"2020-04-25T22:19:26.507599Z"},"Execution_attributes":{"ProcessID":2796,"ThreadID":3572},"Correlation":null,"Keywords":"0x8000000000000000","Security_attributes":{"UserID":"S-1-5-18"},"EventRecordID":27496,"Channel":"Microsoft-Windows-Sysmon/Operational","Computer":"MSEDGEWIN10"}},"Event_attributes":{"xmlns":"http://schemas.microsoft.com/win/2004/08/events/event"}}},"name":"HackTool - CrackMapExec Process Patterns","timestamp":"2020-04-25T22:19:26.507599+00:00","authors":["Florian Roth (Nextron Systems)"],"level":"high","source":"sigma","status":"experimental","falsepositives":["Unknown"],"id":"f26307d8-14cd-47e3-a26b-4b4769f24af6","logsource":{"category":"process_creation","product":"windows"},"references":["https://mpgn.gitbook.io/crackmapexec/smb-protocol/obtaining-credentials/dump-lsass"],"tags":["attack.credential-access","attack.t1003.001"]},{"group":"Sigma","kind":"individual","document":{"kind":"evtx","path":"data/EVTX-ATTACK-SAMPLES/Privilege Escalation/privesc_unquoted_svc_sysmon_1_11.evtx","data":{"Event":{"EventData":{"Image":"C:\\Windows\\System32\\svchost.exe","RuleName":"","Description":"Host Process for Windows Services","OriginalFileName":"svchost.exe","TerminalSessionId":0,"ParentCommandLine":"C:\\Windows\\system32\\services.exe","Product":"Microsoft® Windows® Operating System","Company":"Microsoft Corporation","ParentProcessId":584,"LogonGuid":"747F3D96-B764-5EA4-0000-0020E5030000","Hashes":"SHA1=A1385CE20AD79F55DF235EFFD9780C31442AA234,MD5=8A0A29438052FAED8A2532DA50455756,SHA256=7FD065BAC18C5278777AE44908101CDFED72D26FA741367F0AD4D02020787AB6,IMPHASH=247B9220E5D9B720A82B2C8B5069AD69","ParentProcessGuid":"747F3D96-B764-5EA4-0000-00106F550000","ProcessId":1616,"CurrentDirectory":"C:\\Windows\\system32\\","ProcessGuid":"747F3D96-B765-5EA4-0000-0010550A0100","CommandLine":"C:\\Windows\\system32\\svchost.exe -k LocalService -p -s EventSystem","FileVersion":"10.0.17763.1 (WinBuild.160101.0800)","User":"NT AUTHORITY\\LOCAL SERVICE","LogonId":"0x3e5","IntegrityLevel":"System","ParentImage":"C:\\Windows\\System32\\services.exe","UtcTime":"2020-04-25 22:19:17.398"},"System":{"EventID":1,"Level":4,"Provider_attributes":{"Name":"Microsoft-Windows-Sysmon","Guid":"5770385F-C22A-43E0-BF4C-06F5698FFBD9"},"Version":5,"Task":1,"Opcode":0,"TimeCreated_attributes":{"SystemTime":"2020-04-25T22:19:26.536826Z"},"Execution_attributes":{"ProcessID":2796,"ThreadID":3572},"Correlation":null,"Keywords":"0x8000000000000000","Security_attributes":{"UserID":"S-1-5-18"},"EventRecordID":27500,"Channel":"Microsoft-Windows-Sysmon/Operational","Computer":"MSEDGEWIN10"}},"Event_attributes":{"xmlns":"http://schemas.microsoft.com/win/2004/08/events/event"}}},"name":"HackTool - CrackMapExec Process Patterns","timestamp":"2020-04-25T22:19:26.536826+00:00","authors":["Florian Roth (Nextron Systems)"],"level":"high","source":"sigma","status":"experimental","falsepositives":["Unknown"],"id":"f26307d8-14cd-47e3-a26b-4b4769f24af6","logsource":{"category":"process_creation","product":"windows"},"references":["https://mpgn.gitbook.io/crackmapexec/smb-protocol/obtaining-credentials/dump-lsass"],"tags":["attack.credential-access","attack.t1003.001"]},{"group":"Sigma","kind":"individual","document":{"kind":"evtx","path":"data/EVTX-ATTACK-SAMPLES/Privilege Escalation/privesc_unquoted_svc_sysmon_1_11.evtx","data":{"Event":{"EventData":{"Image":"C:\\Windows\\System32\\svchost.exe","RuleName":"","Description":"Host Process for Windows Services","OriginalFileName":"svchost.exe","TerminalSessionId":0,"ParentCommandLine":"C:\\Windows\\system32\\services.exe","Product":"Microsoft® Windows® Operating System","Company":"Microsoft Corporation","ParentProcessId":584,"LogonGuid":"747F3D96-B764-5EA4-0000-0020E7030000","Hashes":"SHA1=A1385CE20AD79F55DF235EFFD9780C31442AA234,MD5=8A0A29438052FAED8A2532DA50455756,SHA256=7FD065BAC18C5278777AE44908101CDFED72D26FA741367F0AD4D02020787AB6,IMPHASH=247B9220E5D9B720A82B2C8B5069AD69","ParentProcessGuid":"747F3D96-B764-5EA4-0000-00106F550000","ProcessId":1624,"CurrentDirectory":"C:\\Windows\\system32\\","ProcessGuid":"747F3D96-B765-5EA4-0000-00108B0A0100","CommandLine":"C:\\Windows\\system32\\svchost.exe -k LocalSystemNetworkRestricted -p -s SysMain","FileVersion":"10.0.17763.1 (WinBuild.160101.0800)","User":"NT AUTHORITY\\SYSTEM","LogonId":"0x3e7","IntegrityLevel":"System","ParentImage":"C:\\Windows\\System32\\services.exe","UtcTime":"2020-04-25 22:19:17.399"},"System":{"EventID":1,"Level":4,"Provider_attributes":{"Name":"Microsoft-Windows-Sysmon","Guid":"5770385F-C22A-43E0-BF4C-06F5698FFBD9"},"Version":5,"Task":1,"Opcode":0,"TimeCreated_attributes":{"SystemTime":"2020-04-25T22:19:26.540338Z"},"Execution_attributes":{"ProcessID":2796,"ThreadID":3572},"Correlation":null,"Keywords":"0x8000000000000000","Security_attributes":{"UserID":"S-1-5-18"},"EventRecordID":27501,"Channel":"Microsoft-Windows-Sysmon/Operational","Computer":"MSEDGEWIN10"}},"Event_attributes":{"xmlns":"http://schemas.microsoft.com/win/2004/08/events/event"}}},"name":"HackTool - CrackMapExec Process Patterns","timestamp":"2020-04-25T22:19:26.540338+00:00","authors":["Florian Roth (Nextron Systems)"],"level":"high","source":"sigma","status":"experimental","falsepositives":["Unknown"],"id":"f26307d8-14cd-47e3-a26b-4b4769f24af6","logsource":{"category":"process_creation","product":"windows"},"references":["https://mpgn.gitbook.io/crackmapexec/smb-protocol/obtaining-credentials/dump-lsass"],"tags":["attack.credential-access","attack.t1003.001"]},{"group":"Sigma","kind":"individual","document":{"kind":"evtx","path":"data/EVTX-ATTACK-SAMPLES/Privilege Escalation/privesc_unquoted_svc_sysmon_1_11.evtx","data":{"Event":{"EventData":{"Image":"C:\\Windows\\System32\\svchost.exe","RuleName":"","Description":"Host Process for Windows Services","OriginalFileName":"svchost.exe","TerminalSessionId":0,"ParentCommandLine":"C:\\Windows\\system32\\services.exe","Product":"Microsoft® Windows® Operating System","Company":"Microsoft Corporation","ParentProcessId":584,"LogonGuid":"747F3D96-B764-5EA4-0000-0020E7030000","Hashes":"SHA1=A1385CE20AD79F55DF235EFFD9780C31442AA234,MD5=8A0A29438052FAED8A2532DA50455756,SHA256=7FD065BAC18C5278777AE44908101CDFED72D26FA741367F0AD4D02020787AB6,IMPHASH=247B9220E5D9B720A82B2C8B5069AD69","ParentProcessGuid":"747F3D96-B764-5EA4-0000-00106F550000","ProcessId":1640,"CurrentDirectory":"C:\\Windows\\system32\\","ProcessGuid":"747F3D96-B765-5EA4-0000-0010EA0A0100","CommandLine":"C:\\Windows\\System32\\svchost.exe -k netsvcs -p -s Themes","FileVersion":"10.0.17763.1 (WinBuild.160101.0800)","User":"NT AUTHORITY\\SYSTEM","LogonId":"0x3e7","IntegrityLevel":"System","ParentImage":"C:\\Windows\\System32\\services.exe","UtcTime":"2020-04-25 22:19:17.402"},"System":{"EventID":1,"Level":4,"Provider_attributes":{"Name":"Microsoft-Windows-Sysmon","Guid":"5770385F-C22A-43E0-BF4C-06F5698FFBD9"},"Version":5,"Task":1,"Opcode":0,"TimeCreated_attributes":{"SystemTime":"2020-04-25T22:19:26.542109Z"},"Execution_attributes":{"ProcessID":2796,"ThreadID":3572},"Correlation":null,"Keywords":"0x8000000000000000","Security_attributes":{"UserID":"S-1-5-18"},"EventRecordID":27502,"Channel":"Microsoft-Windows-Sysmon/Operational","Computer":"MSEDGEWIN10"}},"Event_attributes":{"xmlns":"http://schemas.microsoft.com/win/2004/08/events/event"}}},"name":"HackTool - CrackMapExec Process Patterns","timestamp":"2020-04-25T22:19:26.542109+00:00","authors":["Florian Roth (Nextron Systems)"],"level":"high","source":"sigma","status":"experimental","falsepositives":["Unknown"],"id":"f26307d8-14cd-47e3-a26b-4b4769f24af6","logsource":{"category":"process_creation","product":"windows"},"references":["https://mpgn.gitbook.io/crackmapexec/smb-protocol/obtaining-credentials/dump-lsass"],"tags":["attack.credential-access","attack.t1003.001"]},{"group":"Sigma","kind":"individual","document":{"kind":"evtx","path":"data/EVTX-ATTACK-SAMPLES/Privilege Escalation/privesc_unquoted_svc_sysmon_1_11.evtx","data":{"Event":{"EventData":{"Image":"C:\\Windows\\System32\\svchost.exe","RuleName":"","Description":"Host Process for Windows Services","OriginalFileName":"svchost.exe","TerminalSessionId":0,"ParentCommandLine":"C:\\Windows\\system32\\services.exe","Product":"Microsoft® Windows® Operating System","Company":"Microsoft Corporation","ParentProcessId":584,"LogonGuid":"747F3D96-B764-5EA4-0000-0020E5030000","Hashes":"SHA1=A1385CE20AD79F55DF235EFFD9780C31442AA234,MD5=8A0A29438052FAED8A2532DA50455756,SHA256=7FD065BAC18C5278777AE44908101CDFED72D26FA741367F0AD4D02020787AB6,IMPHASH=247B9220E5D9B720A82B2C8B5069AD69","ParentProcessGuid":"747F3D96-B764-5EA4-0000-00106F550000","ProcessId":1676,"CurrentDirectory":"C:\\Windows\\system32\\","ProcessGuid":"747F3D96-B765-5EA4-0000-00102B0F0100","CommandLine":"C:\\Windows\\System32\\svchost.exe -k LocalService -p -s netprofm","FileVersion":"10.0.17763.1 (WinBuild.160101.0800)","User":"NT AUTHORITY\\LOCAL SERVICE","LogonId":"0x3e5","IntegrityLevel":"System","ParentImage":"C:\\Windows\\System32\\services.exe","UtcTime":"2020-04-25 22:19:17.430"},"System":{"EventID":1,"Level":4,"Provider_attributes":{"Name":"Microsoft-Windows-Sysmon","Guid":"5770385F-C22A-43E0-BF4C-06F5698FFBD9"},"Version":5,"Task":1,"Opcode":0,"TimeCreated_attributes":{"SystemTime":"2020-04-25T22:19:26.558091Z"},"Execution_attributes":{"ProcessID":2796,"ThreadID":3572},"Correlation":null,"Keywords":"0x8000000000000000","Security_attributes":{"UserID":"S-1-5-18"},"EventRecordID":27506,"Channel":"Microsoft-Windows-Sysmon/Operational","Computer":"MSEDGEWIN10"}},"Event_attributes":{"xmlns":"http://schemas.microsoft.com/win/2004/08/events/event"}}},"name":"HackTool - CrackMapExec Process Patterns","timestamp":"2020-04-25T22:19:26.558091+00:00","authors":["Florian Roth (Nextron Systems)"],"level":"high","source":"sigma","status":"experimental","falsepositives":["Unknown"],"id":"f26307d8-14cd-47e3-a26b-4b4769f24af6","logsource":{"category":"process_creation","product":"windows"},"references":["https://mpgn.gitbook.io/crackmapexec/smb-protocol/obtaining-credentials/dump-lsass"],"tags":["attack.credential-access","attack.t1003.001"]},{"group":"Sigma","kind":"individual","document":{"kind":"evtx","path":"data/EVTX-ATTACK-SAMPLES/Privilege Escalation/privesc_unquoted_svc_sysmon_1_11.evtx","data":{"Event":{"EventData":{"Image":"C:\\Windows\\System32\\svchost.exe","RuleName":"","Description":"Host Process for Windows Services","OriginalFileName":"svchost.exe","TerminalSessionId":0,"ParentCommandLine":"C:\\Windows\\system32\\services.exe","Product":"Microsoft® Windows® Operating System","Company":"Microsoft Corporation","ParentProcessId":584,"LogonGuid":"747F3D96-B764-5EA4-0000-0020E7030000","Hashes":"SHA1=A1385CE20AD79F55DF235EFFD9780C31442AA234,MD5=8A0A29438052FAED8A2532DA50455756,SHA256=7FD065BAC18C5278777AE44908101CDFED72D26FA741367F0AD4D02020787AB6,IMPHASH=247B9220E5D9B720A82B2C8B5069AD69","ParentProcessGuid":"747F3D96-B764-5EA4-0000-00106F550000","ProcessId":1780,"CurrentDirectory":"C:\\Windows\\system32\\","ProcessGuid":"747F3D96-B765-5EA4-0000-001028190100","CommandLine":"C:\\Windows\\system32\\svchost.exe -k netsvcs -p -s SENS","FileVersion":"10.0.17763.1 (WinBuild.160101.0800)","User":"NT AUTHORITY\\SYSTEM","LogonId":"0x3e7","IntegrityLevel":"System","ParentImage":"C:\\Windows\\System32\\services.exe","UtcTime":"2020-04-25 22:19:17.476"},"System":{"EventID":1,"Level":4,"Provider_attributes":{"Name":"Microsoft-Windows-Sysmon","Guid":"5770385F-C22A-43E0-BF4C-06F5698FFBD9"},"Version":5,"Task":1,"Opcode":0,"TimeCreated_attributes":{"SystemTime":"2020-04-25T22:19:26.632683Z"},"Execution_attributes":{"ProcessID":2796,"ThreadID":3572},"Correlation":null,"Keywords":"0x8000000000000000","Security_attributes":{"UserID":"S-1-5-18"},"EventRecordID":27524,"Channel":"Microsoft-Windows-Sysmon/Operational","Computer":"MSEDGEWIN10"}},"Event_attributes":{"xmlns":"http://schemas.microsoft.com/win/2004/08/events/event"}}},"name":"HackTool - CrackMapExec Process Patterns","timestamp":"2020-04-25T22:19:26.632683+00:00","authors":["Florian Roth (Nextron Systems)"],"level":"high","source":"sigma","status":"experimental","falsepositives":["Unknown"],"id":"f26307d8-14cd-47e3-a26b-4b4769f24af6","logsource":{"category":"process_creation","product":"windows"},"references":["https://mpgn.gitbook.io/crackmapexec/smb-protocol/obtaining-credentials/dump-lsass"],"tags":["attack.credential-access","attack.t1003.001"]},{"group":"Sigma","kind":"individual","document":{"kind":"evtx","path":"data/EVTX-ATTACK-SAMPLES/Privilege Escalation/privesc_unquoted_svc_sysmon_1_11.evtx","data":{"Event":{"EventData":{"Image":"C:\\Windows\\System32\\dxgiadaptercache.exe","RuleName":"","Description":"DXGI Adapter Cache","OriginalFileName":"DXGIAdapterCache.exe","TerminalSessionId":0,"ParentCommandLine":"C:\\Windows\\system32\\svchost.exe -k netsvcs -p -s Schedule","Product":"Microsoft® Windows® Operating System","Company":"Microsoft Corporation","ParentProcessId":1104,"LogonGuid":"747F3D96-B764-5EA4-0000-0020E7030000","Hashes":"SHA1=898AD000DF8317837B5CF97FA32509739346EDDB,MD5=CEA17E28EFF3B2EED6B49B5DDCC7327F,SHA256=BA598EFD9D9C4449DEAC83F78CEC893AA127F31767902D6DD69A157B65450240,IMPHASH=88A45A1AD2822D23AF808E0A0C8194B7","ParentProcessGuid":"747F3D96-B764-5EA4-0000-0010A5D20000","ProcessId":1876,"CurrentDirectory":"C:\\Windows\\system32\\","ProcessGuid":"747F3D96-B765-5EA4-0000-0010831F0100","CommandLine":"C:\\Windows\\system32\\dxgiadaptercache.exe","FileVersion":"10.0.17763.1 (WinBuild.160101.0800)","User":"NT AUTHORITY\\SYSTEM","LogonId":"0x3e7","IntegrityLevel":"System","ParentImage":"C:\\Windows\\System32\\svchost.exe","UtcTime":"2020-04-25 22:19:17.513"},"System":{"EventID":1,"Level":4,"Provider_attributes":{"Name":"Microsoft-Windows-Sysmon","Guid":"5770385F-C22A-43E0-BF4C-06F5698FFBD9"},"Version":5,"Task":1,"Opcode":0,"TimeCreated_attributes":{"SystemTime":"2020-04-25T22:19:26.635281Z"},"Execution_attributes":{"ProcessID":2796,"ThreadID":3572},"Correlation":null,"Keywords":"0x8000000000000000","Security_attributes":{"UserID":"S-1-5-18"},"EventRecordID":27528,"Channel":"Microsoft-Windows-Sysmon/Operational","Computer":"MSEDGEWIN10"}},"Event_attributes":{"xmlns":"http://schemas.microsoft.com/win/2004/08/events/event"}}},"name":"HackTool - CrackMapExec Process Patterns","timestamp":"2020-04-25T22:19:26.635281+00:00","authors":["Florian Roth (Nextron Systems)"],"level":"high","source":"sigma","status":"experimental","falsepositives":["Unknown"],"id":"f26307d8-14cd-47e3-a26b-4b4769f24af6","logsource":{"category":"process_creation","product":"windows"},"references":["https://mpgn.gitbook.io/crackmapexec/smb-protocol/obtaining-credentials/dump-lsass"],"tags":["attack.credential-access","attack.t1003.001"]},{"group":"Sigma","kind":"individual","document":{"kind":"evtx","path":"data/EVTX-ATTACK-SAMPLES/Privilege Escalation/privesc_unquoted_svc_sysmon_1_11.evtx","data":{"Event":{"EventData":{"Image":"C:\\Windows\\System32\\svchost.exe","RuleName":"","Description":"Host Process for Windows Services","OriginalFileName":"svchost.exe","TerminalSessionId":0,"ParentCommandLine":"C:\\Windows\\system32\\services.exe","Product":"Microsoft® Windows® Operating System","Company":"Microsoft Corporation","ParentProcessId":584,"LogonGuid":"747F3D96-B764-5EA4-0000-0020E5030000","Hashes":"SHA1=A1385CE20AD79F55DF235EFFD9780C31442AA234,MD5=8A0A29438052FAED8A2532DA50455756,SHA256=7FD065BAC18C5278777AE44908101CDFED72D26FA741367F0AD4D02020787AB6,IMPHASH=247B9220E5D9B720A82B2C8B5069AD69","ParentProcessGuid":"747F3D96-B764-5EA4-0000-00106F550000","ProcessId":1912,"CurrentDirectory":"C:\\Windows\\system32\\","ProcessGuid":"747F3D96-B765-5EA4-0000-00109B240100","CommandLine":"C:\\Windows\\system32\\svchost.exe -k LocalService -p -s FontCache","FileVersion":"10.0.17763.1 (WinBuild.160101.0800)","User":"NT AUTHORITY\\LOCAL SERVICE","LogonId":"0x3e5","IntegrityLevel":"System","ParentImage":"C:\\Windows\\System32\\services.exe","UtcTime":"2020-04-25 22:19:17.543"},"System":{"EventID":1,"Level":4,"Provider_attributes":{"Name":"Microsoft-Windows-Sysmon","Guid":"5770385F-C22A-43E0-BF4C-06F5698FFBD9"},"Version":5,"Task":1,"Opcode":0,"TimeCreated_attributes":{"SystemTime":"2020-04-25T22:19:26.642035Z"},"Execution_attributes":{"ProcessID":2796,"ThreadID":3572},"Correlation":null,"Keywords":"0x8000000000000000","Security_attributes":{"UserID":"S-1-5-18"},"EventRecordID":27535,"Channel":"Microsoft-Windows-Sysmon/Operational","Computer":"MSEDGEWIN10"}},"Event_attributes":{"xmlns":"http://schemas.microsoft.com/win/2004/08/events/event"}}},"name":"HackTool - CrackMapExec Process Patterns","timestamp":"2020-04-25T22:19:26.642035+00:00","authors":["Florian Roth (Nextron Systems)"],"level":"high","source":"sigma","status":"experimental","falsepositives":["Unknown"],"id":"f26307d8-14cd-47e3-a26b-4b4769f24af6","logsource":{"category":"process_creation","product":"windows"},"references":["https://mpgn.gitbook.io/crackmapexec/smb-protocol/obtaining-credentials/dump-lsass"],"tags":["attack.credential-access","attack.t1003.001"]},{"group":"Sigma","kind":"individual","document":{"kind":"evtx","path":"data/EVTX-ATTACK-SAMPLES/Privilege Escalation/privesc_unquoted_svc_sysmon_1_11.evtx","data":{"Event":{"EventData":{"Image":"C:\\Windows\\System32\\svchost.exe","RuleName":"","Description":"Host Process for Windows Services","OriginalFileName":"svchost.exe","TerminalSessionId":0,"ParentCommandLine":"C:\\Windows\\system32\\services.exe","Product":"Microsoft® Windows® Operating System","Company":"Microsoft Corporation","ParentProcessId":584,"LogonGuid":"747F3D96-B764-5EA4-0000-0020E7030000","Hashes":"SHA1=A1385CE20AD79F55DF235EFFD9780C31442AA234,MD5=8A0A29438052FAED8A2532DA50455756,SHA256=7FD065BAC18C5278777AE44908101CDFED72D26FA741367F0AD4D02020787AB6,IMPHASH=247B9220E5D9B720A82B2C8B5069AD69","ParentProcessGuid":"747F3D96-B764-5EA4-0000-00106F550000","ProcessId":1920,"CurrentDirectory":"C:\\Windows\\system32\\","ProcessGuid":"747F3D96-B765-5EA4-0000-001031250100","CommandLine":"C:\\Windows\\System32\\svchost.exe -k LocalSystemNetworkRestricted -p -s AudioEndpointBuilder","FileVersion":"10.0.17763.1 (WinBuild.160101.0800)","User":"NT AUTHORITY\\SYSTEM","LogonId":"0x3e7","IntegrityLevel":"System","ParentImage":"C:\\Windows\\System32\\services.exe","UtcTime":"2020-04-25 22:19:17.546"},"System":{"EventID":1,"Level":4,"Provider_attributes":{"Name":"Microsoft-Windows-Sysmon","Guid":"5770385F-C22A-43E0-BF4C-06F5698FFBD9"},"Version":5,"Task":1,"Opcode":0,"TimeCreated_attributes":{"SystemTime":"2020-04-25T22:19:26.643837Z"},"Execution_attributes":{"ProcessID":2796,"ThreadID":3572},"Correlation":null,"Keywords":"0x8000000000000000","Security_attributes":{"UserID":"S-1-5-18"},"EventRecordID":27537,"Channel":"Microsoft-Windows-Sysmon/Operational","Computer":"MSEDGEWIN10"}},"Event_attributes":{"xmlns":"http://schemas.microsoft.com/win/2004/08/events/event"}}},"name":"HackTool - CrackMapExec Process Patterns","timestamp":"2020-04-25T22:19:26.643837+00:00","authors":["Florian Roth (Nextron Systems)"],"level":"high","source":"sigma","status":"experimental","falsepositives":["Unknown"],"id":"f26307d8-14cd-47e3-a26b-4b4769f24af6","logsource":{"category":"process_creation","product":"windows"},"references":["https://mpgn.gitbook.io/crackmapexec/smb-protocol/obtaining-credentials/dump-lsass"],"tags":["attack.credential-access","attack.t1003.001"]},{"group":"Sigma","kind":"individual","document":{"kind":"evtx","path":"data/EVTX-ATTACK-SAMPLES/Privilege Escalation/privesc_unquoted_svc_sysmon_1_11.evtx","data":{"Event":{"EventData":{"Image":"C:\\Windows\\System32\\svchost.exe","RuleName":"","Description":"Host Process for Windows Services","OriginalFileName":"svchost.exe","TerminalSessionId":0,"ParentCommandLine":"C:\\Windows\\system32\\services.exe","Product":"Microsoft® Windows® Operating System","Company":"Microsoft Corporation","ParentProcessId":584,"LogonGuid":"747F3D96-B764-5EA4-0000-0020E5030000","Hashes":"SHA1=A1385CE20AD79F55DF235EFFD9780C31442AA234,MD5=8A0A29438052FAED8A2532DA50455756,SHA256=7FD065BAC18C5278777AE44908101CDFED72D26FA741367F0AD4D02020787AB6,IMPHASH=247B9220E5D9B720A82B2C8B5069AD69","ParentProcessGuid":"747F3D96-B764-5EA4-0000-00106F550000","ProcessId":1936,"CurrentDirectory":"C:\\Windows\\system32\\","ProcessGuid":"747F3D96-B765-5EA4-0000-0010BE260100","CommandLine":"C:\\Windows\\system32\\svchost.exe -k LocalServiceNetworkRestricted -p -s WinHttpAutoProxySvc","FileVersion":"10.0.17763.1 (WinBuild.160101.0800)","User":"NT AUTHORITY\\LOCAL SERVICE","LogonId":"0x3e5","IntegrityLevel":"System","ParentImage":"C:\\Windows\\System32\\services.exe","UtcTime":"2020-04-25 22:19:17.554"},"System":{"EventID":1,"Level":4,"Provider_attributes":{"Name":"Microsoft-Windows-Sysmon","Guid":"5770385F-C22A-43E0-BF4C-06F5698FFBD9"},"Version":5,"Task":1,"Opcode":0,"TimeCreated_attributes":{"SystemTime":"2020-04-25T22:19:26.645870Z"},"Execution_attributes":{"ProcessID":2796,"ThreadID":3572},"Correlation":null,"Keywords":"0x8000000000000000","Security_attributes":{"UserID":"S-1-5-18"},"EventRecordID":27541,"Channel":"Microsoft-Windows-Sysmon/Operational","Computer":"MSEDGEWIN10"}},"Event_attributes":{"xmlns":"http://schemas.microsoft.com/win/2004/08/events/event"}}},"name":"HackTool - CrackMapExec Process Patterns","timestamp":"2020-04-25T22:19:26.645870+00:00","authors":["Florian Roth (Nextron Systems)"],"level":"high","source":"sigma","status":"experimental","falsepositives":["Unknown"],"id":"f26307d8-14cd-47e3-a26b-4b4769f24af6","logsource":{"category":"process_creation","product":"windows"},"references":["https://mpgn.gitbook.io/crackmapexec/smb-protocol/obtaining-credentials/dump-lsass"],"tags":["attack.credential-access","attack.t1003.001"]},{"group":"Sigma","kind":"individual","document":{"kind":"evtx","path":"data/EVTX-ATTACK-SAMPLES/Privilege Escalation/privesc_unquoted_svc_sysmon_1_11.evtx","data":{"Event":{"EventData":{"Image":"C:\\Windows\\System32\\svchost.exe","RuleName":"","Description":"Host Process for Windows Services","OriginalFileName":"svchost.exe","TerminalSessionId":0,"ParentCommandLine":"C:\\Windows\\system32\\services.exe","Product":"Microsoft® Windows® Operating System","Company":"Microsoft Corporation","ParentProcessId":584,"LogonGuid":"747F3D96-B764-5EA4-0000-0020E5030000","Hashes":"SHA1=A1385CE20AD79F55DF235EFFD9780C31442AA234,MD5=8A0A29438052FAED8A2532DA50455756,SHA256=7FD065BAC18C5278777AE44908101CDFED72D26FA741367F0AD4D02020787AB6,IMPHASH=247B9220E5D9B720A82B2C8B5069AD69","ParentProcessGuid":"747F3D96-B764-5EA4-0000-00106F550000","ProcessId":1996,"CurrentDirectory":"C:\\Windows\\system32\\","ProcessGuid":"747F3D96-B765-5EA4-0000-0010572D0100","CommandLine":"C:\\Windows\\System32\\svchost.exe -k LocalServiceNetworkRestricted -p","FileVersion":"10.0.17763.1 (WinBuild.160101.0800)","User":"NT AUTHORITY\\LOCAL SERVICE","LogonId":"0x3e5","IntegrityLevel":"System","ParentImage":"C:\\Windows\\System32\\services.exe","UtcTime":"2020-04-25 22:19:17.585"},"System":{"EventID":1,"Level":4,"Provider_attributes":{"Name":"Microsoft-Windows-Sysmon","Guid":"5770385F-C22A-43E0-BF4C-06F5698FFBD9"},"Version":5,"Task":1,"Opcode":0,"TimeCreated_attributes":{"SystemTime":"2020-04-25T22:19:26.652690Z"},"Execution_attributes":{"ProcessID":2796,"ThreadID":3572},"Correlation":null,"Keywords":"0x8000000000000000","Security_attributes":{"UserID":"S-1-5-18"},"EventRecordID":27545,"Channel":"Microsoft-Windows-Sysmon/Operational","Computer":"MSEDGEWIN10"}},"Event_attributes":{"xmlns":"http://schemas.microsoft.com/win/2004/08/events/event"}}},"name":"HackTool - CrackMapExec Process Patterns","timestamp":"2020-04-25T22:19:26.652690+00:00","authors":["Florian Roth (Nextron Systems)"],"level":"high","source":"sigma","status":"experimental","falsepositives":["Unknown"],"id":"f26307d8-14cd-47e3-a26b-4b4769f24af6","logsource":{"category":"process_creation","product":"windows"},"references":["https://mpgn.gitbook.io/crackmapexec/smb-protocol/obtaining-credentials/dump-lsass"],"tags":["attack.credential-access","attack.t1003.001"]},{"group":"Sigma","kind":"individual","document":{"kind":"evtx","path":"data/EVTX-ATTACK-SAMPLES/Privilege Escalation/privesc_unquoted_svc_sysmon_1_11.evtx","data":{"Event":{"EventData":{"Image":"C:\\Windows\\System32\\svchost.exe","RuleName":"","Description":"Host Process for Windows Services","OriginalFileName":"svchost.exe","TerminalSessionId":0,"ParentCommandLine":"C:\\Windows\\system32\\services.exe","Product":"Microsoft® Windows® Operating System","Company":"Microsoft Corporation","ParentProcessId":584,"LogonGuid":"747F3D96-B764-5EA4-0000-0020E5030000","Hashes":"SHA1=A1385CE20AD79F55DF235EFFD9780C31442AA234,MD5=8A0A29438052FAED8A2532DA50455756,SHA256=7FD065BAC18C5278777AE44908101CDFED72D26FA741367F0AD4D02020787AB6,IMPHASH=247B9220E5D9B720A82B2C8B5069AD69","ParentProcessGuid":"747F3D96-B764-5EA4-0000-00106F550000","ProcessId":1440,"CurrentDirectory":"C:\\Windows\\system32\\","ProcessGuid":"747F3D96-B765-5EA4-0000-00107A380100","CommandLine":"C:\\Windows\\system32\\svchost.exe -k LocalServiceNetworkRestricted -p","FileVersion":"10.0.17763.1 (WinBuild.160101.0800)","User":"NT AUTHORITY\\LOCAL SERVICE","LogonId":"0x3e5","IntegrityLevel":"System","ParentImage":"C:\\Windows\\System32\\services.exe","UtcTime":"2020-04-25 22:19:17.650"},"System":{"EventID":1,"Level":4,"Provider_attributes":{"Name":"Microsoft-Windows-Sysmon","Guid":"5770385F-C22A-43E0-BF4C-06F5698FFBD9"},"Version":5,"Task":1,"Opcode":0,"TimeCreated_attributes":{"SystemTime":"2020-04-25T22:19:27.196616Z"},"Execution_attributes":{"ProcessID":2796,"ThreadID":3572},"Correlation":null,"Keywords":"0x8000000000000000","Security_attributes":{"UserID":"S-1-5-18"},"EventRecordID":27553,"Channel":"Microsoft-Windows-Sysmon/Operational","Computer":"MSEDGEWIN10"}},"Event_attributes":{"xmlns":"http://schemas.microsoft.com/win/2004/08/events/event"}}},"name":"HackTool - CrackMapExec Process Patterns","timestamp":"2020-04-25T22:19:27.196616+00:00","authors":["Florian Roth (Nextron Systems)"],"level":"high","source":"sigma","status":"experimental","falsepositives":["Unknown"],"id":"f26307d8-14cd-47e3-a26b-4b4769f24af6","logsource":{"category":"process_creation","product":"windows"},"references":["https://mpgn.gitbook.io/crackmapexec/smb-protocol/obtaining-credentials/dump-lsass"],"tags":["attack.credential-access","attack.t1003.001"]},{"group":"Sigma","kind":"individual","document":{"kind":"evtx","path":"data/EVTX-ATTACK-SAMPLES/Privilege Escalation/privesc_unquoted_svc_sysmon_1_11.evtx","data":{"Event":{"EventData":{"Image":"C:\\Windows\\System32\\svchost.exe","RuleName":"","Description":"Host Process for Windows Services","OriginalFileName":"svchost.exe","TerminalSessionId":0,"ParentCommandLine":"C:\\Windows\\system32\\services.exe","Product":"Microsoft® Windows® Operating System","Company":"Microsoft Corporation","ParentProcessId":584,"LogonGuid":"747F3D96-B764-5EA4-0000-0020E5030000","Hashes":"SHA1=A1385CE20AD79F55DF235EFFD9780C31442AA234,MD5=8A0A29438052FAED8A2532DA50455756,SHA256=7FD065BAC18C5278777AE44908101CDFED72D26FA741367F0AD4D02020787AB6,IMPHASH=247B9220E5D9B720A82B2C8B5069AD69","ParentProcessGuid":"747F3D96-B764-5EA4-0000-00106F550000","ProcessId":1552,"CurrentDirectory":"C:\\Windows\\system32\\","ProcessGuid":"747F3D96-B765-5EA4-0000-00100B390100","CommandLine":"C:\\Windows\\System32\\svchost.exe -k LocalServiceNetworkRestricted -p","FileVersion":"10.0.17763.1 (WinBuild.160101.0800)","User":"NT AUTHORITY\\LOCAL SERVICE","LogonId":"0x3e5","IntegrityLevel":"System","ParentImage":"C:\\Windows\\System32\\services.exe","UtcTime":"2020-04-25 22:19:17.652"},"System":{"EventID":1,"Level":4,"Provider_attributes":{"Name":"Microsoft-Windows-Sysmon","Guid":"5770385F-C22A-43E0-BF4C-06F5698FFBD9"},"Version":5,"Task":1,"Opcode":0,"TimeCreated_attributes":{"SystemTime":"2020-04-25T22:19:27.198584Z"},"Execution_attributes":{"ProcessID":2796,"ThreadID":3572},"Correlation":null,"Keywords":"0x8000000000000000","Security_attributes":{"UserID":"S-1-5-18"},"EventRecordID":27554,"Channel":"Microsoft-Windows-Sysmon/Operational","Computer":"MSEDGEWIN10"}},"Event_attributes":{"xmlns":"http://schemas.microsoft.com/win/2004/08/events/event"}}},"name":"HackTool - CrackMapExec Process Patterns","timestamp":"2020-04-25T22:19:27.198584+00:00","authors":["Florian Roth (Nextron Systems)"],"level":"high","source":"sigma","status":"experimental","falsepositives":["Unknown"],"id":"f26307d8-14cd-47e3-a26b-4b4769f24af6","logsource":{"category":"process_creation","product":"windows"},"references":["https://mpgn.gitbook.io/crackmapexec/smb-protocol/obtaining-credentials/dump-lsass"],"tags":["attack.credential-access","attack.t1003.001"]},{"group":"Sigma","kind":"individual","document":{"kind":"evtx","path":"data/EVTX-ATTACK-SAMPLES/Privilege Escalation/privesc_unquoted_svc_sysmon_1_11.evtx","data":{"Event":{"EventData":{"Image":"C:\\Windows\\System32\\svchost.exe","RuleName":"","Description":"Host Process for Windows Services","OriginalFileName":"svchost.exe","TerminalSessionId":0,"ParentCommandLine":"C:\\Windows\\system32\\services.exe","Product":"Microsoft® Windows® Operating System","Company":"Microsoft Corporation","ParentProcessId":584,"LogonGuid":"747F3D96-B764-5EA4-0000-0020E5030000","Hashes":"SHA1=A1385CE20AD79F55DF235EFFD9780C31442AA234,MD5=8A0A29438052FAED8A2532DA50455756,SHA256=7FD065BAC18C5278777AE44908101CDFED72D26FA741367F0AD4D02020787AB6,IMPHASH=247B9220E5D9B720A82B2C8B5069AD69","ParentProcessGuid":"747F3D96-B764-5EA4-0000-00106F550000","ProcessId":2076,"CurrentDirectory":"C:\\Windows\\system32\\","ProcessGuid":"747F3D96-B765-5EA4-0000-0010AA430100","CommandLine":"C:\\Windows\\system32\\svchost.exe -k LocalServiceNoNetworkFirewall -p","FileVersion":"10.0.17763.1 (WinBuild.160101.0800)","User":"NT AUTHORITY\\LOCAL SERVICE","LogonId":"0x3e5","IntegrityLevel":"System","ParentImage":"C:\\Windows\\System32\\services.exe","UtcTime":"2020-04-25 22:19:17.709"},"System":{"EventID":1,"Level":4,"Provider_attributes":{"Name":"Microsoft-Windows-Sysmon","Guid":"5770385F-C22A-43E0-BF4C-06F5698FFBD9"},"Version":5,"Task":1,"Opcode":0,"TimeCreated_attributes":{"SystemTime":"2020-04-25T22:19:27.473253Z"},"Execution_attributes":{"ProcessID":2796,"ThreadID":3572},"Correlation":null,"Keywords":"0x8000000000000000","Security_attributes":{"UserID":"S-1-5-18"},"EventRecordID":27565,"Channel":"Microsoft-Windows-Sysmon/Operational","Computer":"MSEDGEWIN10"}},"Event_attributes":{"xmlns":"http://schemas.microsoft.com/win/2004/08/events/event"}}},"name":"HackTool - CrackMapExec Process Patterns","timestamp":"2020-04-25T22:19:27.473253+00:00","authors":["Florian Roth (Nextron Systems)"],"level":"high","source":"sigma","status":"experimental","falsepositives":["Unknown"],"id":"f26307d8-14cd-47e3-a26b-4b4769f24af6","logsource":{"category":"process_creation","product":"windows"},"references":["https://mpgn.gitbook.io/crackmapexec/smb-protocol/obtaining-credentials/dump-lsass"],"tags":["attack.credential-access","attack.t1003.001"]},{"group":"Sigma","kind":"individual","document":{"kind":"evtx","path":"data/EVTX-ATTACK-SAMPLES/Privilege Escalation/privesc_unquoted_svc_sysmon_1_11.evtx","data":{"Event":{"EventData":{"Image":"C:\\Windows\\System32\\svchost.exe","RuleName":"","Description":"Host Process for Windows Services","OriginalFileName":"svchost.exe","TerminalSessionId":0,"ParentCommandLine":"C:\\Windows\\system32\\services.exe","Product":"Microsoft® Windows® Operating System","Company":"Microsoft Corporation","ParentProcessId":584,"LogonGuid":"747F3D96-B764-5EA4-0000-0020E7030000","Hashes":"SHA1=A1385CE20AD79F55DF235EFFD9780C31442AA234,MD5=8A0A29438052FAED8A2532DA50455756,SHA256=7FD065BAC18C5278777AE44908101CDFED72D26FA741367F0AD4D02020787AB6,IMPHASH=247B9220E5D9B720A82B2C8B5069AD69","ParentProcessGuid":"747F3D96-B764-5EA4-0000-00106F550000","ProcessId":2204,"CurrentDirectory":"C:\\Windows\\system32\\","ProcessGuid":"747F3D96-B765-5EA4-0000-0010344D0100","CommandLine":"C:\\Windows\\System32\\svchost.exe -k netsvcs -p -s ShellHWDetection","FileVersion":"10.0.17763.1 (WinBuild.160101.0800)","User":"NT AUTHORITY\\SYSTEM","LogonId":"0x3e7","IntegrityLevel":"System","ParentImage":"C:\\Windows\\System32\\services.exe","UtcTime":"2020-04-25 22:19:17.775"},"System":{"EventID":1,"Level":4,"Provider_attributes":{"Name":"Microsoft-Windows-Sysmon","Guid":"5770385F-C22A-43E0-BF4C-06F5698FFBD9"},"Version":5,"Task":1,"Opcode":0,"TimeCreated_attributes":{"SystemTime":"2020-04-25T22:19:27.484186Z"},"Execution_attributes":{"ProcessID":2796,"ThreadID":3572},"Correlation":null,"Keywords":"0x8000000000000000","Security_attributes":{"UserID":"S-1-5-18"},"EventRecordID":27575,"Channel":"Microsoft-Windows-Sysmon/Operational","Computer":"MSEDGEWIN10"}},"Event_attributes":{"xmlns":"http://schemas.microsoft.com/win/2004/08/events/event"}}},"name":"HackTool - CrackMapExec Process Patterns","timestamp":"2020-04-25T22:19:27.484186+00:00","authors":["Florian Roth (Nextron Systems)"],"level":"high","source":"sigma","status":"experimental","falsepositives":["Unknown"],"id":"f26307d8-14cd-47e3-a26b-4b4769f24af6","logsource":{"category":"process_creation","product":"windows"},"references":["https://mpgn.gitbook.io/crackmapexec/smb-protocol/obtaining-credentials/dump-lsass"],"tags":["attack.credential-access","attack.t1003.001"]},{"group":"Sigma","kind":"individual","document":{"kind":"evtx","path":"data/EVTX-ATTACK-SAMPLES/Privilege Escalation/privesc_unquoted_svc_sysmon_1_11.evtx","data":{"Event":{"EventData":{"Image":"C:\\Windows\\System32\\svchost.exe","RuleName":"","Description":"Host Process for Windows Services","OriginalFileName":"svchost.exe","TerminalSessionId":0,"ParentCommandLine":"C:\\Windows\\system32\\services.exe","Product":"Microsoft® Windows® Operating System","Company":"Microsoft Corporation","ParentProcessId":584,"LogonGuid":"747F3D96-B764-5EA4-0000-0020E7030000","Hashes":"SHA1=A1385CE20AD79F55DF235EFFD9780C31442AA234,MD5=8A0A29438052FAED8A2532DA50455756,SHA256=7FD065BAC18C5278777AE44908101CDFED72D26FA741367F0AD4D02020787AB6,IMPHASH=247B9220E5D9B720A82B2C8B5069AD69","ParentProcessGuid":"747F3D96-B764-5EA4-0000-00106F550000","ProcessId":2364,"CurrentDirectory":"C:\\Windows\\system32\\","ProcessGuid":"747F3D96-B765-5EA4-0000-001016620100","CommandLine":"C:\\Windows\\system32\\svchost.exe -k netsvcs -p -s Winmgmt","FileVersion":"10.0.17763.1 (WinBuild.160101.0800)","User":"NT AUTHORITY\\SYSTEM","LogonId":"0x3e7","IntegrityLevel":"System","ParentImage":"C:\\Windows\\System32\\services.exe","UtcTime":"2020-04-25 22:19:17.936"},"System":{"EventID":1,"Level":4,"Provider_attributes":{"Name":"Microsoft-Windows-Sysmon","Guid":"5770385F-C22A-43E0-BF4C-06F5698FFBD9"},"Version":5,"Task":1,"Opcode":0,"TimeCreated_attributes":{"SystemTime":"2020-04-25T22:19:27.583529Z"},"Execution_attributes":{"ProcessID":2796,"ThreadID":3572},"Correlation":null,"Keywords":"0x8000000000000000","Security_attributes":{"UserID":"S-1-5-18"},"EventRecordID":27585,"Channel":"Microsoft-Windows-Sysmon/Operational","Computer":"MSEDGEWIN10"}},"Event_attributes":{"xmlns":"http://schemas.microsoft.com/win/2004/08/events/event"}}},"name":"HackTool - CrackMapExec Process Patterns","timestamp":"2020-04-25T22:19:27.583529+00:00","authors":["Florian Roth (Nextron Systems)"],"level":"high","source":"sigma","status":"experimental","falsepositives":["Unknown"],"id":"f26307d8-14cd-47e3-a26b-4b4769f24af6","logsource":{"category":"process_creation","product":"windows"},"references":["https://mpgn.gitbook.io/crackmapexec/smb-protocol/obtaining-credentials/dump-lsass"],"tags":["attack.credential-access","attack.t1003.001"]},